[2024-12-06T05:04:01.454+0000] {local_task_job_runner.py:123} INFO - ::group::Pre task execution logs
[2024-12-06T05:04:01.686+0000] {taskinstance.py:2613} INFO - Dependencies all met for dep_context=non-requeueable deps ti=<TaskInstance: dag_with_postgres_operator_v02.create_curr_table manual__2024-12-06T04:56:43.927065+00:00 [queued]>
[2024-12-06T05:04:01.704+0000] {taskinstance.py:2613} INFO - Dependencies all met for dep_context=requeueable deps ti=<TaskInstance: dag_with_postgres_operator_v02.create_curr_table manual__2024-12-06T04:56:43.927065+00:00 [queued]>
[2024-12-06T05:04:01.705+0000] {taskinstance.py:2866} INFO - Starting attempt 1 of 6
[2024-12-06T05:04:01.731+0000] {taskinstance.py:2889} INFO - Executing <Task(PostgresOperator): create_curr_table> on 2024-12-06 04:56:43.927065+00:00
[2024-12-06T05:04:01.743+0000] {warnings.py:112} WARNING - /home/***/.local/lib/python3.12/site-packages/***/task/task_runner/standard_task_runner.py:70: DeprecationWarning: This process (pid=2655) is multi-threaded, use of fork() may lead to deadlocks in the child.
  pid = os.fork()

[2024-12-06T05:04:01.746+0000] {standard_task_runner.py:72} INFO - Started process 2659 to run task
[2024-12-06T05:04:01.747+0000] {standard_task_runner.py:104} INFO - Running: ['***', 'tasks', 'run', 'dag_with_postgres_operator_v02', 'create_curr_table', 'manual__2024-12-06T04:56:43.927065+00:00', '--job-id', '602', '--raw', '--subdir', 'DAGS_FOLDER/dag.py', '--cfg-path', '/tmp/tmpdglod6yo']
[2024-12-06T05:04:01.749+0000] {standard_task_runner.py:105} INFO - Job 602: Subtask create_curr_table
[2024-12-06T05:04:01.829+0000] {task_command.py:467} INFO - Running <TaskInstance: dag_with_postgres_operator_v02.create_curr_table manual__2024-12-06T04:56:43.927065+00:00 [running]> on host 9ed27289a118
[2024-12-06T05:04:01.953+0000] {taskinstance.py:3132} INFO - Exporting env vars: AIRFLOW_CTX_DAG_OWNER='coder2j' AIRFLOW_CTX_DAG_ID='dag_with_postgres_operator_v02' AIRFLOW_CTX_TASK_ID='create_curr_table' AIRFLOW_CTX_EXECUTION_DATE='2024-12-06T04:56:43.927065+00:00' AIRFLOW_CTX_TRY_NUMBER='1' AIRFLOW_CTX_DAG_RUN_ID='manual__2024-12-06T04:56:43.927065+00:00'
[2024-12-06T05:04:01.955+0000] {logging_mixin.py:190} INFO - Task instance is in running state
[2024-12-06T05:04:01.956+0000] {logging_mixin.py:190} INFO -  Previous state of the Task instance: queued
[2024-12-06T05:04:01.956+0000] {logging_mixin.py:190} INFO - Current task name:create_curr_table state:running start_date:2024-12-06 05:04:01.687067+00:00
[2024-12-06T05:04:01.957+0000] {logging_mixin.py:190} INFO - Dag name:dag_with_postgres_operator_v02 and current dag run status:running
[2024-12-06T05:04:01.958+0000] {taskinstance.py:731} INFO - ::endgroup::
[2024-12-06T05:04:01.958+0000] {sql.py:278} INFO - Executing: 
            CREATE TABLE IF NOT EXISTS Curr (
                ShortTerm DECIMAL PRIMARY KEY,
                Receivables DECIMAL NOT NULL,
                Inventory DECIMAL NOT NULL,
                HedgingAssetsCurrently DECIMAL NOT NULL,
                OtherCurrentAssets DECIMAL NOT NULL,
                Company VARCHAR(255) NOT NULL
            );
        
[2024-12-06T05:04:01.970+0000] {base.py:84} INFO - Retrieving connection 'postgres_localhost'
[2024-12-06T05:04:01.984+0000] {base.py:84} INFO - Retrieving connection 'postgres_localhost'
[2024-12-06T05:04:01.989+0000] {sql.py:544} INFO - Running statement: 
            CREATE TABLE IF NOT EXISTS Curr (
                ShortTerm DECIMAL PRIMARY KEY,
                Receivables DECIMAL NOT NULL,
                Inventory DECIMAL NOT NULL,
                HedgingAssetsCurrently DECIMAL NOT NULL,
                OtherCurrentAssets DECIMAL NOT NULL,
                Company VARCHAR(255) NOT NULL
            );
        , parameters: None
[2024-12-06T05:04:02.002+0000] {taskinstance.py:340} INFO - ::group::Post task execution logs
[2024-12-06T05:04:02.003+0000] {taskinstance.py:352} INFO - Marking task as SUCCESS. dag_id=dag_with_postgres_operator_v02, task_id=create_curr_table, run_id=manual__2024-12-06T04:56:43.927065+00:00, execution_date=20241206T045643, start_date=20241206T050401, end_date=20241206T050402
[2024-12-06T05:04:02.014+0000] {logging_mixin.py:190} INFO - Task instance in success state
[2024-12-06T05:04:02.015+0000] {logging_mixin.py:190} INFO -  Previous state of the Task instance: running
[2024-12-06T05:04:02.015+0000] {logging_mixin.py:190} INFO - Dag name:dag_with_postgres_operator_v02 queued_at:2024-12-06 04:56:44.175593+00:00
[2024-12-06T05:04:02.016+0000] {logging_mixin.py:190} INFO - Task hostname:9ed27289a118 operator:PostgresOperator
[2024-12-06T05:04:02.043+0000] {local_task_job_runner.py:266} INFO - Task exited with return code 0
[2024-12-06T05:04:02.090+0000] {taskinstance.py:3895} INFO - 1 downstream tasks scheduled from follow-on schedule check
[2024-12-06T05:04:02.095+0000] {local_task_job_runner.py:245} INFO - ::endgroup::
