[2025-01-08T02:19:18.385+0000] {local_task_job_runner.py:123} INFO - ::group::Pre task execution logs
[2025-01-08T02:19:18.535+0000] {taskinstance.py:2613} INFO - Dependencies all met for dep_context=non-requeueable deps ti=<TaskInstance: dag_with_postgres_operator_v02.create_prices_table manual__2025-01-08T02:19:12.605178+00:00 [queued]>
[2025-01-08T02:19:18.594+0000] {taskinstance.py:2613} INFO - Dependencies all met for dep_context=requeueable deps ti=<TaskInstance: dag_with_postgres_operator_v02.create_prices_table manual__2025-01-08T02:19:12.605178+00:00 [queued]>
[2025-01-08T02:19:18.596+0000] {taskinstance.py:2866} INFO - Starting attempt 1 of 6
[2025-01-08T02:19:18.670+0000] {taskinstance.py:2889} INFO - Executing <Task(PostgresOperator): create_prices_table> on 2025-01-08 02:19:12.605178+00:00
[2025-01-08T02:19:18.774+0000] {standard_task_runner.py:104} INFO - Running: ['***', 'tasks', 'run', 'dag_with_postgres_operator_v02', 'create_prices_table', 'manual__2025-01-08T02:19:12.605178+00:00', '--job-id', '737', '--raw', '--subdir', 'DAGS_FOLDER/dag.py', '--cfg-path', '/tmp/tmp7r3apa9l']
[2025-01-08T02:19:18.812+0000] {standard_task_runner.py:105} INFO - Job 737: Subtask create_prices_table
[2025-01-08T02:19:18.896+0000] {logging_mixin.py:190} WARNING - /home/***/.local/lib/python3.12/site-packages/***/task/task_runner/standard_task_runner.py:70 DeprecationWarning: This process (pid=16153) is multi-threaded, use of fork() may lead to deadlocks in the child.
[2025-01-08T02:19:19.928+0000] {standard_task_runner.py:72} INFO - Started process 16164 to run task
[2025-01-08T02:19:23.887+0000] {task_command.py:467} INFO - Running <TaskInstance: dag_with_postgres_operator_v02.create_prices_table manual__2025-01-08T02:19:12.605178+00:00 [running]> on host ec6dd3d48f26
[2025-01-08T02:19:26.266+0000] {taskinstance.py:3132} INFO - Exporting env vars: AIRFLOW_CTX_DAG_OWNER='coder2j' AIRFLOW_CTX_DAG_ID='dag_with_postgres_operator_v02' AIRFLOW_CTX_TASK_ID='create_prices_table' AIRFLOW_CTX_EXECUTION_DATE='2025-01-08T02:19:12.605178+00:00' AIRFLOW_CTX_TRY_NUMBER='1' AIRFLOW_CTX_DAG_RUN_ID='manual__2025-01-08T02:19:12.605178+00:00'
[2025-01-08T02:19:26.732+0000] {logging_mixin.py:190} INFO - Task instance is in running state
[2025-01-08T02:19:26.774+0000] {logging_mixin.py:190} INFO -  Previous state of the Task instance: queued
[2025-01-08T02:19:26.788+0000] {logging_mixin.py:190} INFO - Current task name:create_prices_table state:running start_date:2025-01-08 02:19:18.541287+00:00
[2025-01-08T02:19:26.827+0000] {logging_mixin.py:190} INFO - Dag name:dag_with_postgres_operator_v02 and current dag run status:running
[2025-01-08T02:19:26.832+0000] {taskinstance.py:731} INFO - ::endgroup::
[2025-01-08T02:19:26.844+0000] {sql.py:278} INFO - Executing: 
            CREATE TABLE IF NOT EXISTS Pricees (
                Price SERIAL PRIMARY KEY,
                Year SERIAL NOT NULL,
                Company VARCHAR(255) NOT NULL
            );
        
[2025-01-08T02:19:27.986+0000] {base.py:84} INFO - Retrieving connection 'postgres_localhost'
[2025-01-08T02:19:28.444+0000] {base.py:84} INFO - Retrieving connection 'postgres_localhost'
[2025-01-08T02:19:28.585+0000] {sql.py:544} INFO - Running statement: 
            CREATE TABLE IF NOT EXISTS Pricees (
                Price SERIAL PRIMARY KEY,
                Year SERIAL NOT NULL,
                Company VARCHAR(255) NOT NULL
            );
        , parameters: None
[2025-01-08T02:19:29.286+0000] {taskinstance.py:340} INFO - ::group::Post task execution logs
[2025-01-08T02:19:29.297+0000] {taskinstance.py:352} INFO - Marking task as SUCCESS. dag_id=dag_with_postgres_operator_v02, task_id=create_prices_table, run_id=manual__2025-01-08T02:19:12.605178+00:00, execution_date=20250108T021912, start_date=20250108T021918, end_date=20250108T021929
[2025-01-08T02:19:29.522+0000] {logging_mixin.py:190} INFO - Task instance in success state
[2025-01-08T02:19:29.537+0000] {logging_mixin.py:190} INFO -  Previous state of the Task instance: running
[2025-01-08T02:19:29.541+0000] {logging_mixin.py:190} INFO - Dag name:dag_with_postgres_operator_v02 queued_at:2025-01-08 02:19:12.637288+00:00
[2025-01-08T02:19:29.543+0000] {logging_mixin.py:190} INFO - Task hostname:ec6dd3d48f26 operator:PostgresOperator
[2025-01-08T02:19:29.612+0000] {local_task_job_runner.py:266} INFO - Task exited with return code 0
[2025-01-08T02:19:29.965+0000] {standard_task_runner.py:217} INFO - Process not found (most likely exited), stop collecting metrics
[2025-01-08T02:19:30.230+0000] {taskinstance.py:3895} INFO - 0 downstream tasks scheduled from follow-on schedule check
[2025-01-08T02:19:30.578+0000] {local_task_job_runner.py:245} INFO - ::endgroup::
