[2024-12-06T05:08:56.294+0000] {local_task_job_runner.py:123} INFO - ::group::Pre task execution logs
[2024-12-06T05:08:56.601+0000] {taskinstance.py:2613} INFO - Dependencies all met for dep_context=non-requeueable deps ti=<TaskInstance: dag_with_postgres_operator_v02.insert_into_noncurr_table manual__2024-12-06T04:56:43.927065+00:00 [queued]>
[2024-12-06T05:08:56.622+0000] {taskinstance.py:2613} INFO - Dependencies all met for dep_context=requeueable deps ti=<TaskInstance: dag_with_postgres_operator_v02.insert_into_noncurr_table manual__2024-12-06T04:56:43.927065+00:00 [queued]>
[2024-12-06T05:08:56.626+0000] {taskinstance.py:2866} INFO - Starting attempt 3 of 6
[2024-12-06T05:08:56.655+0000] {taskinstance.py:2889} INFO - Executing <Task(PostgresOperator): insert_into_noncurr_table> on 2024-12-06 04:56:43.927065+00:00
[2024-12-06T05:08:56.672+0000] {warnings.py:112} WARNING - /home/***/.local/lib/python3.12/site-packages/***/task/task_runner/standard_task_runner.py:70: DeprecationWarning: This process (pid=2761) is multi-threaded, use of fork() may lead to deadlocks in the child.
  pid = os.fork()

[2024-12-06T05:08:56.675+0000] {standard_task_runner.py:72} INFO - Started process 2775 to run task
[2024-12-06T05:08:56.675+0000] {standard_task_runner.py:104} INFO - Running: ['***', 'tasks', 'run', 'dag_with_postgres_operator_v02', 'insert_into_noncurr_table', 'manual__2024-12-06T04:56:43.927065+00:00', '--job-id', '615', '--raw', '--subdir', 'DAGS_FOLDER/dag.py', '--cfg-path', '/tmp/tmpbic0_c1t']
[2024-12-06T05:08:56.681+0000] {standard_task_runner.py:105} INFO - Job 615: Subtask insert_into_noncurr_table
[2024-12-06T05:08:56.790+0000] {task_command.py:467} INFO - Running <TaskInstance: dag_with_postgres_operator_v02.insert_into_noncurr_table manual__2024-12-06T04:56:43.927065+00:00 [running]> on host 9ed27289a118
[2024-12-06T05:08:56.940+0000] {taskinstance.py:3132} INFO - Exporting env vars: AIRFLOW_CTX_DAG_OWNER='coder2j' AIRFLOW_CTX_DAG_ID='dag_with_postgres_operator_v02' AIRFLOW_CTX_TASK_ID='insert_into_noncurr_table' AIRFLOW_CTX_EXECUTION_DATE='2024-12-06T04:56:43.927065+00:00' AIRFLOW_CTX_TRY_NUMBER='3' AIRFLOW_CTX_DAG_RUN_ID='manual__2024-12-06T04:56:43.927065+00:00'
[2024-12-06T05:08:56.943+0000] {logging_mixin.py:190} INFO - Task instance is in running state
[2024-12-06T05:08:56.944+0000] {logging_mixin.py:190} INFO -  Previous state of the Task instance: queued
[2024-12-06T05:08:56.945+0000] {logging_mixin.py:190} INFO - Current task name:insert_into_noncurr_table state:running start_date:2024-12-06 05:08:56.602784+00:00
[2024-12-06T05:08:56.949+0000] {logging_mixin.py:190} INFO - Dag name:dag_with_postgres_operator_v02 and current dag run status:running
[2024-12-06T05:08:56.950+0000] {taskinstance.py:731} INFO - ::endgroup::
[2024-12-06T05:08:56.951+0000] {sql.py:278} INFO - Executing: 
            INSERT INTO NonCurr (PPE, Intangibles, Investments, OtherNonCurrentAssets, Company)
            VALUES
                (43.9, 41.7, 4.1, 10.3, 'Microsoft');
        
[2024-12-06T05:08:56.966+0000] {base.py:84} INFO - Retrieving connection 'postgres_localhost'
[2024-12-06T05:08:56.990+0000] {base.py:84} INFO - Retrieving connection 'postgres_localhost'
[2024-12-06T05:08:57.000+0000] {sql.py:544} INFO - Running statement: 
            INSERT INTO NonCurr (PPE, Intangibles, Investments, OtherNonCurrentAssets, Company)
            VALUES
                (43.9, 41.7, 4.1, 10.3, 'Microsoft');
        , parameters: None
[2024-12-06T05:08:57.005+0000] {sql.py:553} INFO - Rows affected: 1
[2024-12-06T05:08:57.028+0000] {taskinstance.py:340} INFO - ::group::Post task execution logs
[2024-12-06T05:08:57.028+0000] {taskinstance.py:352} INFO - Marking task as SUCCESS. dag_id=dag_with_postgres_operator_v02, task_id=insert_into_noncurr_table, run_id=manual__2024-12-06T04:56:43.927065+00:00, execution_date=20241206T045643, start_date=20241206T050856, end_date=20241206T050857
[2024-12-06T05:08:57.057+0000] {logging_mixin.py:190} INFO - Task instance in success state
[2024-12-06T05:08:57.058+0000] {logging_mixin.py:190} INFO -  Previous state of the Task instance: running
[2024-12-06T05:08:57.060+0000] {logging_mixin.py:190} INFO - Dag name:dag_with_postgres_operator_v02 queued_at:2024-12-06 04:56:44.175593+00:00
[2024-12-06T05:08:57.064+0000] {logging_mixin.py:190} INFO - Task hostname:9ed27289a118 operator:PostgresOperator
[2024-12-06T05:08:57.105+0000] {local_task_job_runner.py:266} INFO - Task exited with return code 0
[2024-12-06T05:08:57.145+0000] {taskinstance.py:3895} INFO - 0 downstream tasks scheduled from follow-on schedule check
[2024-12-06T05:08:57.148+0000] {local_task_job_runner.py:245} INFO - ::endgroup::
