[2024-12-06T05:03:13.582+0000] {local_task_job_runner.py:123} INFO - ::group::Pre task execution logs
[2024-12-06T05:03:24.419+0000] {taskinstance.py:2613} INFO - Dependencies all met for dep_context=non-requeueable deps ti=<TaskInstance: dag_with_postgres_operator_v02.create_prices_table manual__2024-12-06T05:02:30.153018+00:00 [queued]>
[2024-12-06T05:03:24.660+0000] {taskinstance.py:2613} INFO - Dependencies all met for dep_context=requeueable deps ti=<TaskInstance: dag_with_postgres_operator_v02.create_prices_table manual__2024-12-06T05:02:30.153018+00:00 [queued]>
[2024-12-06T05:03:24.719+0000] {taskinstance.py:2866} INFO - Starting attempt 1 of 6
[2024-12-06T05:03:24.907+0000] {taskinstance.py:2889} INFO - Executing <Task(PostgresOperator): create_prices_table> on 2024-12-06 05:02:30.153018+00:00
[2024-12-06T05:03:25.170+0000] {warnings.py:112} WARNING - /home/***/.local/lib/python3.12/site-packages/***/task/task_runner/standard_task_runner.py:70: DeprecationWarning: This process (pid=2549) is multi-threaded, use of fork() may lead to deadlocks in the child.
  pid = os.fork()

[2024-12-06T05:03:25.228+0000] {standard_task_runner.py:72} INFO - Started process 2602 to run task
[2024-12-06T05:03:25.254+0000] {standard_task_runner.py:104} INFO - Running: ['***', 'tasks', 'run', 'dag_with_postgres_operator_v02', 'create_prices_table', 'manual__2024-12-06T05:02:30.153018+00:00', '--job-id', '584', '--raw', '--subdir', 'DAGS_FOLDER/dag.py', '--cfg-path', '/tmp/tmppd0vci2l']
[2024-12-06T05:03:25.322+0000] {standard_task_runner.py:105} INFO - Job 584: Subtask create_prices_table
[2024-12-06T05:03:26.531+0000] {task_command.py:467} INFO - Running <TaskInstance: dag_with_postgres_operator_v02.create_prices_table manual__2024-12-06T05:02:30.153018+00:00 [running]> on host 9ed27289a118
[2024-12-06T05:03:27.673+0000] {taskinstance.py:3132} INFO - Exporting env vars: AIRFLOW_CTX_DAG_OWNER='coder2j' AIRFLOW_CTX_DAG_ID='dag_with_postgres_operator_v02' AIRFLOW_CTX_TASK_ID='create_prices_table' AIRFLOW_CTX_EXECUTION_DATE='2024-12-06T05:02:30.153018+00:00' AIRFLOW_CTX_TRY_NUMBER='1' AIRFLOW_CTX_DAG_RUN_ID='manual__2024-12-06T05:02:30.153018+00:00'
[2024-12-06T05:03:27.678+0000] {logging_mixin.py:190} INFO - Task instance is in running state
[2024-12-06T05:03:27.685+0000] {logging_mixin.py:190} INFO -  Previous state of the Task instance: queued
[2024-12-06T05:03:27.688+0000] {logging_mixin.py:190} INFO - Current task name:create_prices_table state:running start_date:2024-12-06 05:03:24.421793+00:00
[2024-12-06T05:03:27.689+0000] {logging_mixin.py:190} INFO - Dag name:dag_with_postgres_operator_v02 and current dag run status:running
[2024-12-06T05:03:27.689+0000] {taskinstance.py:731} INFO - ::endgroup::
[2024-12-06T05:03:27.691+0000] {sql.py:278} INFO - Executing: 
            CREATE TABLE IF NOT EXISTS Pricees (
                Price SERIAL PRIMARY KEY,
                Year SERIAL NOT NULL,
                Company VARCHAR(255) NOT NULL
            );
        
[2024-12-06T05:03:27.774+0000] {base.py:84} INFO - Retrieving connection 'postgres_localhost'
[2024-12-06T05:03:27.819+0000] {base.py:84} INFO - Retrieving connection 'postgres_localhost'
[2024-12-06T05:03:27.843+0000] {sql.py:544} INFO - Running statement: 
            CREATE TABLE IF NOT EXISTS Pricees (
                Price SERIAL PRIMARY KEY,
                Year SERIAL NOT NULL,
                Company VARCHAR(255) NOT NULL
            );
        , parameters: None
[2024-12-06T05:03:28.055+0000] {taskinstance.py:340} INFO - ::group::Post task execution logs
[2024-12-06T05:03:28.071+0000] {taskinstance.py:352} INFO - Marking task as SUCCESS. dag_id=dag_with_postgres_operator_v02, task_id=create_prices_table, run_id=manual__2024-12-06T05:02:30.153018+00:00, execution_date=20241206T050230, start_date=20241206T050324, end_date=20241206T050328
[2024-12-06T05:03:28.115+0000] {logging_mixin.py:190} INFO - Task instance in success state
[2024-12-06T05:03:28.118+0000] {logging_mixin.py:190} INFO -  Previous state of the Task instance: running
[2024-12-06T05:03:28.119+0000] {logging_mixin.py:190} INFO - Dag name:dag_with_postgres_operator_v02 queued_at:2024-12-06 05:02:30.432509+00:00
[2024-12-06T05:03:28.124+0000] {logging_mixin.py:190} INFO - Task hostname:9ed27289a118 operator:PostgresOperator
[2024-12-06T05:03:28.208+0000] {local_task_job_runner.py:266} INFO - Task exited with return code 0
[2024-12-06T05:03:28.313+0000] {taskinstance.py:3895} INFO - 1 downstream tasks scheduled from follow-on schedule check
[2024-12-06T05:03:28.331+0000] {local_task_job_runner.py:245} INFO - ::endgroup::
