[2025-01-08T02:19:28.372+0000] {local_task_job_runner.py:123} INFO - ::group::Pre task execution logs
[2025-01-08T02:19:28.674+0000] {taskinstance.py:2613} INFO - Dependencies all met for dep_context=non-requeueable deps ti=<TaskInstance: dag_with_postgres_operator_v02.insert_into_noncurr_table manual__2025-01-08T02:19:12.605178+00:00 [queued]>
[2025-01-08T02:19:28.767+0000] {taskinstance.py:2613} INFO - Dependencies all met for dep_context=requeueable deps ti=<TaskInstance: dag_with_postgres_operator_v02.insert_into_noncurr_table manual__2025-01-08T02:19:12.605178+00:00 [queued]>
[2025-01-08T02:19:28.777+0000] {taskinstance.py:2866} INFO - Starting attempt 1 of 6
[2025-01-08T02:19:28.895+0000] {taskinstance.py:2889} INFO - Executing <Task(PostgresOperator): insert_into_noncurr_table> on 2025-01-08 02:19:12.605178+00:00
[2025-01-08T02:19:29.429+0000] {standard_task_runner.py:104} INFO - Running: ['***', 'tasks', 'run', 'dag_with_postgres_operator_v02', 'insert_into_noncurr_table', 'manual__2025-01-08T02:19:12.605178+00:00', '--job-id', '742', '--raw', '--subdir', 'DAGS_FOLDER/dag.py', '--cfg-path', '/tmp/tmpnjwpsggf']
[2025-01-08T02:19:29.447+0000] {standard_task_runner.py:105} INFO - Job 742: Subtask insert_into_noncurr_table
[2025-01-08T02:19:29.563+0000] {logging_mixin.py:190} WARNING - /home/***/.local/lib/python3.12/site-packages/***/task/task_runner/standard_task_runner.py:70 DeprecationWarning: This process (pid=16158) is multi-threaded, use of fork() may lead to deadlocks in the child.
[2025-01-08T02:19:29.572+0000] {standard_task_runner.py:72} INFO - Started process 16175 to run task
[2025-01-08T02:19:30.581+0000] {task_command.py:467} INFO - Running <TaskInstance: dag_with_postgres_operator_v02.insert_into_noncurr_table manual__2025-01-08T02:19:12.605178+00:00 [running]> on host ec6dd3d48f26
[2025-01-08T02:19:31.145+0000] {taskinstance.py:3132} INFO - Exporting env vars: AIRFLOW_CTX_DAG_OWNER='coder2j' AIRFLOW_CTX_DAG_ID='dag_with_postgres_operator_v02' AIRFLOW_CTX_TASK_ID='insert_into_noncurr_table' AIRFLOW_CTX_EXECUTION_DATE='2025-01-08T02:19:12.605178+00:00' AIRFLOW_CTX_TRY_NUMBER='1' AIRFLOW_CTX_DAG_RUN_ID='manual__2025-01-08T02:19:12.605178+00:00'
[2025-01-08T02:19:31.156+0000] {logging_mixin.py:190} INFO - Task instance is in running state
[2025-01-08T02:19:31.171+0000] {logging_mixin.py:190} INFO -  Previous state of the Task instance: queued
[2025-01-08T02:19:31.181+0000] {logging_mixin.py:190} INFO - Current task name:insert_into_noncurr_table state:running start_date:2025-01-08 02:19:28.675566+00:00
[2025-01-08T02:19:31.184+0000] {logging_mixin.py:190} INFO - Dag name:dag_with_postgres_operator_v02 and current dag run status:running
[2025-01-08T02:19:31.185+0000] {taskinstance.py:731} INFO - ::endgroup::
[2025-01-08T02:19:31.186+0000] {sql.py:278} INFO - Executing: 
            INSERT INTO NonCurr (PPE, Intangibles, Investments, OtherNonCurrentAssets, Company)
            VALUES
                
                (40.7, 44.4, 5.9, 9.0, 'Pepsico'),
                (38.5, 46.2, 6.3, 10.1, 'BlackRock');
        
[2025-01-08T02:19:31.219+0000] {base.py:84} INFO - Retrieving connection 'postgres_localhost'
[2025-01-08T02:19:31.257+0000] {base.py:84} INFO - Retrieving connection 'postgres_localhost'
[2025-01-08T02:19:31.269+0000] {sql.py:544} INFO - Running statement: 
            INSERT INTO NonCurr (PPE, Intangibles, Investments, OtherNonCurrentAssets, Company)
            VALUES
                
                (40.7, 44.4, 5.9, 9.0, 'Pepsico'),
                (38.5, 46.2, 6.3, 10.1, 'BlackRock');
        , parameters: None
[2025-01-08T02:19:31.285+0000] {sql.py:553} INFO - Rows affected: 2
[2025-01-08T02:19:31.358+0000] {taskinstance.py:340} INFO - ::group::Post task execution logs
[2025-01-08T02:19:31.362+0000] {taskinstance.py:352} INFO - Marking task as SUCCESS. dag_id=dag_with_postgres_operator_v02, task_id=insert_into_noncurr_table, run_id=manual__2025-01-08T02:19:12.605178+00:00, execution_date=20250108T021912, start_date=20250108T021928, end_date=20250108T021931
[2025-01-08T02:19:31.417+0000] {logging_mixin.py:190} INFO - Task instance in success state
[2025-01-08T02:19:31.418+0000] {logging_mixin.py:190} INFO -  Previous state of the Task instance: running
[2025-01-08T02:19:31.419+0000] {logging_mixin.py:190} INFO - Dag name:dag_with_postgres_operator_v02 queued_at:2025-01-08 02:19:12.637288+00:00
[2025-01-08T02:19:31.420+0000] {logging_mixin.py:190} INFO - Task hostname:ec6dd3d48f26 operator:PostgresOperator
[2025-01-08T02:19:31.461+0000] {local_task_job_runner.py:266} INFO - Task exited with return code 0
[2025-01-08T02:19:31.504+0000] {local_task_job_runner.py:245} INFO - ::endgroup::
