[2025-01-08T01:57:39.099+0000] {local_task_job_runner.py:123} INFO - ::group::Pre task execution logs
[2025-01-08T01:57:39.120+0000] {taskinstance.py:2613} INFO - Dependencies all met for dep_context=non-requeueable deps ti=<TaskInstance: dag_with_postgres_operator_v02.create_stacked_table manual__2025-01-08T01:57:22.741560+00:00 [queued]>
[2025-01-08T01:57:39.133+0000] {taskinstance.py:2613} INFO - Dependencies all met for dep_context=requeueable deps ti=<TaskInstance: dag_with_postgres_operator_v02.create_stacked_table manual__2025-01-08T01:57:22.741560+00:00 [queued]>
[2025-01-08T01:57:39.134+0000] {taskinstance.py:2866} INFO - Starting attempt 1 of 6
[2025-01-08T01:57:39.153+0000] {taskinstance.py:2889} INFO - Executing <Task(PostgresOperator): create_stacked_table> on 2025-01-08 01:57:22.741560+00:00
[2025-01-08T01:57:39.167+0000] {logging_mixin.py:190} WARNING - /home/***/.local/lib/python3.12/site-packages/***/task/task_runner/standard_task_runner.py:70 DeprecationWarning: This process (pid=3552) is multi-threaded, use of fork() may lead to deadlocks in the child.
[2025-01-08T01:57:39.167+0000] {standard_task_runner.py:104} INFO - Running: ['***', 'tasks', 'run', 'dag_with_postgres_operator_v02', 'create_stacked_table', 'manual__2025-01-08T01:57:22.741560+00:00', '--job-id', '708', '--raw', '--subdir', 'DAGS_FOLDER/dag.py', '--cfg-path', '/tmp/tmpxypsiybl']
[2025-01-08T01:57:39.168+0000] {standard_task_runner.py:72} INFO - Started process 3584 to run task
[2025-01-08T01:57:39.169+0000] {standard_task_runner.py:105} INFO - Job 708: Subtask create_stacked_table
[2025-01-08T01:57:39.235+0000] {task_command.py:467} INFO - Running <TaskInstance: dag_with_postgres_operator_v02.create_stacked_table manual__2025-01-08T01:57:22.741560+00:00 [running]> on host ec6dd3d48f26
[2025-01-08T01:57:39.358+0000] {taskinstance.py:3132} INFO - Exporting env vars: AIRFLOW_CTX_DAG_OWNER='coder2j' AIRFLOW_CTX_DAG_ID='dag_with_postgres_operator_v02' AIRFLOW_CTX_TASK_ID='create_stacked_table' AIRFLOW_CTX_EXECUTION_DATE='2025-01-08T01:57:22.741560+00:00' AIRFLOW_CTX_TRY_NUMBER='1' AIRFLOW_CTX_DAG_RUN_ID='manual__2025-01-08T01:57:22.741560+00:00'
[2025-01-08T01:57:39.360+0000] {logging_mixin.py:190} INFO - Task instance is in running state
[2025-01-08T01:57:39.361+0000] {logging_mixin.py:190} INFO -  Previous state of the Task instance: queued
[2025-01-08T01:57:39.361+0000] {logging_mixin.py:190} INFO - Current task name:create_stacked_table state:running start_date:2025-01-08 01:57:39.121264+00:00
[2025-01-08T01:57:39.362+0000] {logging_mixin.py:190} INFO - Dag name:dag_with_postgres_operator_v02 and current dag run status:running
[2025-01-08T01:57:39.362+0000] {taskinstance.py:731} INFO - ::endgroup::
[2025-01-08T01:57:39.363+0000] {sql.py:278} INFO - Executing: 
            CREATE TABLE IF NOT EXISTS Stacked (
                CostofRevenue BIGSERIAL PRIMARY KEY,
                Year VARCHAR(4) NOT NULL,
                OperatingExpense BIGSERIAL NOT NULL,
                ResearchandDevelopment BIGSERIAL NOT NULL,
                SGA BIGSERIAL NOT NULL,
                Company VARCHAR(255) NOT NULL
            );
        
[2025-01-08T01:57:39.377+0000] {base.py:84} INFO - Retrieving connection 'postgres_localhost'
[2025-01-08T01:57:39.389+0000] {base.py:84} INFO - Retrieving connection 'postgres_localhost'
[2025-01-08T01:57:39.394+0000] {sql.py:544} INFO - Running statement: 
            CREATE TABLE IF NOT EXISTS Stacked (
                CostofRevenue BIGSERIAL PRIMARY KEY,
                Year VARCHAR(4) NOT NULL,
                OperatingExpense BIGSERIAL NOT NULL,
                ResearchandDevelopment BIGSERIAL NOT NULL,
                SGA BIGSERIAL NOT NULL,
                Company VARCHAR(255) NOT NULL
            );
        , parameters: None
[2025-01-08T01:57:39.407+0000] {taskinstance.py:340} INFO - ::group::Post task execution logs
[2025-01-08T01:57:39.407+0000] {taskinstance.py:352} INFO - Marking task as SUCCESS. dag_id=dag_with_postgres_operator_v02, task_id=create_stacked_table, run_id=manual__2025-01-08T01:57:22.741560+00:00, execution_date=20250108T015722, start_date=20250108T015739, end_date=20250108T015739
[2025-01-08T01:57:39.420+0000] {logging_mixin.py:190} INFO - Task instance in success state
[2025-01-08T01:57:39.421+0000] {logging_mixin.py:190} INFO -  Previous state of the Task instance: running
[2025-01-08T01:57:39.421+0000] {logging_mixin.py:190} INFO - Dag name:dag_with_postgres_operator_v02 queued_at:2025-01-08 01:57:22.791217+00:00
[2025-01-08T01:57:39.422+0000] {logging_mixin.py:190} INFO - Task hostname:ec6dd3d48f26 operator:PostgresOperator
[2025-01-08T01:57:39.465+0000] {local_task_job_runner.py:266} INFO - Task exited with return code 0
[2025-01-08T01:57:39.504+0000] {taskinstance.py:3895} INFO - 1 downstream tasks scheduled from follow-on schedule check
[2025-01-08T01:57:39.506+0000] {local_task_job_runner.py:245} INFO - ::endgroup::
