[2024-12-06T05:03:57.228+0000] {local_task_job_runner.py:123} INFO - ::group::Pre task execution logs
[2024-12-06T05:03:57.511+0000] {taskinstance.py:2613} INFO - Dependencies all met for dep_context=non-requeueable deps ti=<TaskInstance: dag_with_postgres_operator_v02.create_key_table manual__2024-12-06T04:56:43.927065+00:00 [queued]>
[2024-12-06T05:03:57.528+0000] {taskinstance.py:2613} INFO - Dependencies all met for dep_context=requeueable deps ti=<TaskInstance: dag_with_postgres_operator_v02.create_key_table manual__2024-12-06T04:56:43.927065+00:00 [queued]>
[2024-12-06T05:03:57.549+0000] {taskinstance.py:2866} INFO - Starting attempt 1 of 6
[2024-12-06T05:03:57.611+0000] {taskinstance.py:2889} INFO - Executing <Task(PostgresOperator): create_key_table> on 2024-12-06 04:56:43.927065+00:00
[2024-12-06T05:03:57.623+0000] {warnings.py:112} WARNING - /home/***/.local/lib/python3.12/site-packages/***/task/task_runner/standard_task_runner.py:70: DeprecationWarning: This process (pid=2640) is multi-threaded, use of fork() may lead to deadlocks in the child.
  pid = os.fork()

[2024-12-06T05:03:57.626+0000] {standard_task_runner.py:72} INFO - Started process 2653 to run task
[2024-12-06T05:03:57.625+0000] {standard_task_runner.py:104} INFO - Running: ['***', 'tasks', 'run', 'dag_with_postgres_operator_v02', 'create_key_table', 'manual__2024-12-06T04:56:43.927065+00:00', '--job-id', '600', '--raw', '--subdir', 'DAGS_FOLDER/dag.py', '--cfg-path', '/tmp/tmp6k9lghsj']
[2024-12-06T05:03:57.627+0000] {standard_task_runner.py:105} INFO - Job 600: Subtask create_key_table
[2024-12-06T05:03:57.743+0000] {task_command.py:467} INFO - Running <TaskInstance: dag_with_postgres_operator_v02.create_key_table manual__2024-12-06T04:56:43.927065+00:00 [running]> on host 9ed27289a118
[2024-12-06T05:03:57.970+0000] {taskinstance.py:3132} INFO - Exporting env vars: AIRFLOW_CTX_DAG_OWNER='coder2j' AIRFLOW_CTX_DAG_ID='dag_with_postgres_operator_v02' AIRFLOW_CTX_TASK_ID='create_key_table' AIRFLOW_CTX_EXECUTION_DATE='2024-12-06T04:56:43.927065+00:00' AIRFLOW_CTX_TRY_NUMBER='1' AIRFLOW_CTX_DAG_RUN_ID='manual__2024-12-06T04:56:43.927065+00:00'
[2024-12-06T05:03:57.973+0000] {logging_mixin.py:190} INFO - Task instance is in running state
[2024-12-06T05:03:57.974+0000] {logging_mixin.py:190} INFO -  Previous state of the Task instance: queued
[2024-12-06T05:03:57.984+0000] {logging_mixin.py:190} INFO - Current task name:create_key_table state:running start_date:2024-12-06 05:03:57.513122+00:00
[2024-12-06T05:03:57.985+0000] {logging_mixin.py:190} INFO - Dag name:dag_with_postgres_operator_v02 and current dag run status:running
[2024-12-06T05:03:57.986+0000] {taskinstance.py:731} INFO - ::endgroup::
[2024-12-06T05:03:57.987+0000] {sql.py:278} INFO - Executing: 
            CREATE TABLE IF NOT EXISTS Keyy (
                CurrentPrice DECIMAL PRIMARY KEY,
                DividendRate DECIMAL NOT NULL,
                BidAskSpread DECIMAL NOT NULL,
                FiftyTwoWeekHigh DECIMAL NOT NULL,
                FiftyTwoWeekLow DECIMAL NOT NULL,
                MarketCap DECIMAL NOT NULL,
                ROE DECIMAL NOT NULL,
                PegRatio DECIMAL NOT NULL,
                Company VARCHAR(255) NOT NULL
            );
        
[2024-12-06T05:03:58.000+0000] {base.py:84} INFO - Retrieving connection 'postgres_localhost'
[2024-12-06T05:03:58.022+0000] {base.py:84} INFO - Retrieving connection 'postgres_localhost'
[2024-12-06T05:03:58.033+0000] {sql.py:544} INFO - Running statement: 
            CREATE TABLE IF NOT EXISTS Keyy (
                CurrentPrice DECIMAL PRIMARY KEY,
                DividendRate DECIMAL NOT NULL,
                BidAskSpread DECIMAL NOT NULL,
                FiftyTwoWeekHigh DECIMAL NOT NULL,
                FiftyTwoWeekLow DECIMAL NOT NULL,
                MarketCap DECIMAL NOT NULL,
                ROE DECIMAL NOT NULL,
                PegRatio DECIMAL NOT NULL,
                Company VARCHAR(255) NOT NULL
            );
        , parameters: None
[2024-12-06T05:03:58.060+0000] {taskinstance.py:340} INFO - ::group::Post task execution logs
[2024-12-06T05:03:58.064+0000] {taskinstance.py:352} INFO - Marking task as SUCCESS. dag_id=dag_with_postgres_operator_v02, task_id=create_key_table, run_id=manual__2024-12-06T04:56:43.927065+00:00, execution_date=20241206T045643, start_date=20241206T050357, end_date=20241206T050358
[2024-12-06T05:03:58.110+0000] {logging_mixin.py:190} INFO - Task instance in success state
[2024-12-06T05:03:58.112+0000] {logging_mixin.py:190} INFO -  Previous state of the Task instance: running
[2024-12-06T05:03:58.113+0000] {logging_mixin.py:190} INFO - Dag name:dag_with_postgres_operator_v02 queued_at:2024-12-06 04:56:44.175593+00:00
[2024-12-06T05:03:58.114+0000] {logging_mixin.py:190} INFO - Task hostname:9ed27289a118 operator:PostgresOperator
[2024-12-06T05:03:58.164+0000] {local_task_job_runner.py:266} INFO - Task exited with return code 0
[2024-12-06T05:03:58.226+0000] {taskinstance.py:3895} INFO - 1 downstream tasks scheduled from follow-on schedule check
[2024-12-06T05:03:58.275+0000] {local_task_job_runner.py:245} INFO - ::endgroup::
