[2025-01-28T22:42:55.568+0000] {processor.py:186} INFO - Started process (PID=65846) to work on /home/airflow/.local/lib/python3.12/site-packages/airflow/example_dags/example_task_group.py
[2025-01-28T22:42:55.569+0000] {processor.py:914} INFO - Processing file /home/airflow/.local/lib/python3.12/site-packages/airflow/example_dags/example_task_group.py for tasks to queue
[2025-01-28T22:42:55.574+0000] {logging_mixin.py:190} INFO - [2025-01-28T22:42:55.573+0000] {dagbag.py:588} INFO - Filling up the DagBag from /home/airflow/.local/lib/python3.12/site-packages/airflow/example_dags/example_task_group.py
[2025-01-28T22:42:55.604+0000] {processor.py:925} INFO - DAG(s) 'example_task_group' retrieved from /home/airflow/.local/lib/python3.12/site-packages/airflow/example_dags/example_task_group.py
[2025-01-28T22:42:55.646+0000] {logging_mixin.py:190} INFO - [2025-01-28T22:42:55.646+0000] {dag.py:3239} INFO - Sync 1 DAGs
[2025-01-28T22:42:55.696+0000] {logging_mixin.py:190} INFO - [2025-01-28T22:42:55.696+0000] {dag.py:4180} INFO - Setting next_dagrun for example_task_group to None, run_after=None
[2025-01-28T22:42:55.723+0000] {processor.py:208} INFO - Processing /home/airflow/.local/lib/python3.12/site-packages/airflow/example_dags/example_task_group.py took 0.172 seconds
[2025-01-28T22:43:26.556+0000] {processor.py:186} INFO - Started process (PID=66144) to work on /home/airflow/.local/lib/python3.12/site-packages/airflow/example_dags/example_task_group.py
[2025-01-28T22:43:26.558+0000] {processor.py:914} INFO - Processing file /home/airflow/.local/lib/python3.12/site-packages/airflow/example_dags/example_task_group.py for tasks to queue
[2025-01-28T22:43:26.560+0000] {logging_mixin.py:190} INFO - [2025-01-28T22:43:26.560+0000] {dagbag.py:588} INFO - Filling up the DagBag from /home/airflow/.local/lib/python3.12/site-packages/airflow/example_dags/example_task_group.py
[2025-01-28T22:43:26.568+0000] {processor.py:925} INFO - DAG(s) 'example_task_group' retrieved from /home/airflow/.local/lib/python3.12/site-packages/airflow/example_dags/example_task_group.py
[2025-01-28T22:43:26.586+0000] {logging_mixin.py:190} INFO - [2025-01-28T22:43:26.586+0000] {dag.py:3239} INFO - Sync 1 DAGs
[2025-01-28T22:43:26.601+0000] {logging_mixin.py:190} INFO - [2025-01-28T22:43:26.601+0000] {dag.py:4180} INFO - Setting next_dagrun for example_task_group to None, run_after=None
[2025-01-28T22:43:26.623+0000] {processor.py:208} INFO - Processing /home/airflow/.local/lib/python3.12/site-packages/airflow/example_dags/example_task_group.py took 0.072 seconds
[2025-01-28T22:43:56.738+0000] {processor.py:186} INFO - Started process (PID=66440) to work on /home/airflow/.local/lib/python3.12/site-packages/airflow/example_dags/example_task_group.py
[2025-01-28T22:43:56.740+0000] {processor.py:914} INFO - Processing file /home/airflow/.local/lib/python3.12/site-packages/airflow/example_dags/example_task_group.py for tasks to queue
[2025-01-28T22:43:56.742+0000] {logging_mixin.py:190} INFO - [2025-01-28T22:43:56.742+0000] {dagbag.py:588} INFO - Filling up the DagBag from /home/airflow/.local/lib/python3.12/site-packages/airflow/example_dags/example_task_group.py
[2025-01-28T22:43:56.750+0000] {processor.py:925} INFO - DAG(s) 'example_task_group' retrieved from /home/airflow/.local/lib/python3.12/site-packages/airflow/example_dags/example_task_group.py
[2025-01-28T22:43:56.775+0000] {logging_mixin.py:190} INFO - [2025-01-28T22:43:56.775+0000] {dag.py:3239} INFO - Sync 1 DAGs
[2025-01-28T22:43:56.793+0000] {logging_mixin.py:190} INFO - [2025-01-28T22:43:56.792+0000] {dag.py:4180} INFO - Setting next_dagrun for example_task_group to None, run_after=None
[2025-01-28T22:43:56.816+0000] {processor.py:208} INFO - Processing /home/airflow/.local/lib/python3.12/site-packages/airflow/example_dags/example_task_group.py took 0.083 seconds
[2025-01-28T22:44:27.562+0000] {processor.py:186} INFO - Started process (PID=66736) to work on /home/airflow/.local/lib/python3.12/site-packages/airflow/example_dags/example_task_group.py
[2025-01-28T22:44:27.563+0000] {processor.py:914} INFO - Processing file /home/airflow/.local/lib/python3.12/site-packages/airflow/example_dags/example_task_group.py for tasks to queue
[2025-01-28T22:44:27.566+0000] {logging_mixin.py:190} INFO - [2025-01-28T22:44:27.565+0000] {dagbag.py:588} INFO - Filling up the DagBag from /home/airflow/.local/lib/python3.12/site-packages/airflow/example_dags/example_task_group.py
[2025-01-28T22:44:27.585+0000] {processor.py:925} INFO - DAG(s) 'example_task_group' retrieved from /home/airflow/.local/lib/python3.12/site-packages/airflow/example_dags/example_task_group.py
[2025-01-28T22:44:27.649+0000] {logging_mixin.py:190} INFO - [2025-01-28T22:44:27.648+0000] {dag.py:3239} INFO - Sync 1 DAGs
[2025-01-28T22:44:27.676+0000] {logging_mixin.py:190} INFO - [2025-01-28T22:44:27.676+0000] {dag.py:4180} INFO - Setting next_dagrun for example_task_group to None, run_after=None
[2025-01-28T22:44:27.696+0000] {processor.py:208} INFO - Processing /home/airflow/.local/lib/python3.12/site-packages/airflow/example_dags/example_task_group.py took 0.143 seconds
[2025-01-28T22:44:58.569+0000] {processor.py:186} INFO - Started process (PID=67032) to work on /home/airflow/.local/lib/python3.12/site-packages/airflow/example_dags/example_task_group.py
[2025-01-28T22:44:58.570+0000] {processor.py:914} INFO - Processing file /home/airflow/.local/lib/python3.12/site-packages/airflow/example_dags/example_task_group.py for tasks to queue
[2025-01-28T22:44:58.573+0000] {logging_mixin.py:190} INFO - [2025-01-28T22:44:58.573+0000] {dagbag.py:588} INFO - Filling up the DagBag from /home/airflow/.local/lib/python3.12/site-packages/airflow/example_dags/example_task_group.py
[2025-01-28T22:44:58.584+0000] {processor.py:925} INFO - DAG(s) 'example_task_group' retrieved from /home/airflow/.local/lib/python3.12/site-packages/airflow/example_dags/example_task_group.py
[2025-01-28T22:44:58.611+0000] {logging_mixin.py:190} INFO - [2025-01-28T22:44:58.611+0000] {dag.py:3239} INFO - Sync 1 DAGs
[2025-01-28T22:44:58.625+0000] {logging_mixin.py:190} INFO - [2025-01-28T22:44:58.624+0000] {dag.py:4180} INFO - Setting next_dagrun for example_task_group to None, run_after=None
[2025-01-28T22:44:58.641+0000] {processor.py:208} INFO - Processing /home/airflow/.local/lib/python3.12/site-packages/airflow/example_dags/example_task_group.py took 0.080 seconds
[2025-01-28T22:45:29.614+0000] {processor.py:186} INFO - Started process (PID=67328) to work on /home/airflow/.local/lib/python3.12/site-packages/airflow/example_dags/example_task_group.py
[2025-01-28T22:45:29.616+0000] {processor.py:914} INFO - Processing file /home/airflow/.local/lib/python3.12/site-packages/airflow/example_dags/example_task_group.py for tasks to queue
[2025-01-28T22:45:29.619+0000] {logging_mixin.py:190} INFO - [2025-01-28T22:45:29.618+0000] {dagbag.py:588} INFO - Filling up the DagBag from /home/airflow/.local/lib/python3.12/site-packages/airflow/example_dags/example_task_group.py
[2025-01-28T22:45:29.627+0000] {processor.py:925} INFO - DAG(s) 'example_task_group' retrieved from /home/airflow/.local/lib/python3.12/site-packages/airflow/example_dags/example_task_group.py
[2025-01-28T22:45:29.649+0000] {logging_mixin.py:190} INFO - [2025-01-28T22:45:29.648+0000] {dag.py:3239} INFO - Sync 1 DAGs
[2025-01-28T22:45:29.664+0000] {logging_mixin.py:190} INFO - [2025-01-28T22:45:29.663+0000] {dag.py:4180} INFO - Setting next_dagrun for example_task_group to None, run_after=None
[2025-01-28T22:45:29.683+0000] {processor.py:208} INFO - Processing /home/airflow/.local/lib/python3.12/site-packages/airflow/example_dags/example_task_group.py took 0.081 seconds
[2025-01-28T22:45:59.796+0000] {processor.py:186} INFO - Started process (PID=67624) to work on /home/airflow/.local/lib/python3.12/site-packages/airflow/example_dags/example_task_group.py
[2025-01-28T22:45:59.797+0000] {processor.py:914} INFO - Processing file /home/airflow/.local/lib/python3.12/site-packages/airflow/example_dags/example_task_group.py for tasks to queue
[2025-01-28T22:45:59.800+0000] {logging_mixin.py:190} INFO - [2025-01-28T22:45:59.800+0000] {dagbag.py:588} INFO - Filling up the DagBag from /home/airflow/.local/lib/python3.12/site-packages/airflow/example_dags/example_task_group.py
[2025-01-28T22:45:59.808+0000] {processor.py:925} INFO - DAG(s) 'example_task_group' retrieved from /home/airflow/.local/lib/python3.12/site-packages/airflow/example_dags/example_task_group.py
[2025-01-28T22:45:59.827+0000] {logging_mixin.py:190} INFO - [2025-01-28T22:45:59.827+0000] {dag.py:3239} INFO - Sync 1 DAGs
[2025-01-28T22:45:59.841+0000] {logging_mixin.py:190} INFO - [2025-01-28T22:45:59.841+0000] {dag.py:4180} INFO - Setting next_dagrun for example_task_group to None, run_after=None
[2025-01-28T22:45:59.858+0000] {processor.py:208} INFO - Processing /home/airflow/.local/lib/python3.12/site-packages/airflow/example_dags/example_task_group.py took 0.068 seconds
[2025-01-28T22:46:30.116+0000] {processor.py:186} INFO - Started process (PID=67918) to work on /home/airflow/.local/lib/python3.12/site-packages/airflow/example_dags/example_task_group.py
[2025-01-28T22:46:30.117+0000] {processor.py:914} INFO - Processing file /home/airflow/.local/lib/python3.12/site-packages/airflow/example_dags/example_task_group.py for tasks to queue
[2025-01-28T22:46:30.120+0000] {logging_mixin.py:190} INFO - [2025-01-28T22:46:30.120+0000] {dagbag.py:588} INFO - Filling up the DagBag from /home/airflow/.local/lib/python3.12/site-packages/airflow/example_dags/example_task_group.py
[2025-01-28T22:46:30.130+0000] {processor.py:925} INFO - DAG(s) 'example_task_group' retrieved from /home/airflow/.local/lib/python3.12/site-packages/airflow/example_dags/example_task_group.py
[2025-01-28T22:46:30.150+0000] {logging_mixin.py:190} INFO - [2025-01-28T22:46:30.150+0000] {dag.py:3239} INFO - Sync 1 DAGs
[2025-01-28T22:46:30.163+0000] {logging_mixin.py:190} INFO - [2025-01-28T22:46:30.163+0000] {dag.py:4180} INFO - Setting next_dagrun for example_task_group to None, run_after=None
[2025-01-28T22:46:30.180+0000] {processor.py:208} INFO - Processing /home/airflow/.local/lib/python3.12/site-packages/airflow/example_dags/example_task_group.py took 0.073 seconds
[2025-01-28T22:47:00.957+0000] {processor.py:186} INFO - Started process (PID=68214) to work on /home/airflow/.local/lib/python3.12/site-packages/airflow/example_dags/example_task_group.py
[2025-01-28T22:47:00.958+0000] {processor.py:914} INFO - Processing file /home/airflow/.local/lib/python3.12/site-packages/airflow/example_dags/example_task_group.py for tasks to queue
[2025-01-28T22:47:00.961+0000] {logging_mixin.py:190} INFO - [2025-01-28T22:47:00.960+0000] {dagbag.py:588} INFO - Filling up the DagBag from /home/airflow/.local/lib/python3.12/site-packages/airflow/example_dags/example_task_group.py
[2025-01-28T22:47:00.969+0000] {processor.py:925} INFO - DAG(s) 'example_task_group' retrieved from /home/airflow/.local/lib/python3.12/site-packages/airflow/example_dags/example_task_group.py
[2025-01-28T22:47:00.992+0000] {logging_mixin.py:190} INFO - [2025-01-28T22:47:00.992+0000] {dag.py:3239} INFO - Sync 1 DAGs
[2025-01-28T22:47:01.010+0000] {logging_mixin.py:190} INFO - [2025-01-28T22:47:01.010+0000] {dag.py:4180} INFO - Setting next_dagrun for example_task_group to None, run_after=None
[2025-01-28T22:47:01.031+0000] {processor.py:208} INFO - Processing /home/airflow/.local/lib/python3.12/site-packages/airflow/example_dags/example_task_group.py took 0.078 seconds
[2025-01-28T22:47:31.645+0000] {processor.py:186} INFO - Started process (PID=68510) to work on /home/airflow/.local/lib/python3.12/site-packages/airflow/example_dags/example_task_group.py
[2025-01-28T22:47:31.646+0000] {processor.py:914} INFO - Processing file /home/airflow/.local/lib/python3.12/site-packages/airflow/example_dags/example_task_group.py for tasks to queue
[2025-01-28T22:47:31.649+0000] {logging_mixin.py:190} INFO - [2025-01-28T22:47:31.648+0000] {dagbag.py:588} INFO - Filling up the DagBag from /home/airflow/.local/lib/python3.12/site-packages/airflow/example_dags/example_task_group.py
[2025-01-28T22:47:31.658+0000] {processor.py:925} INFO - DAG(s) 'example_task_group' retrieved from /home/airflow/.local/lib/python3.12/site-packages/airflow/example_dags/example_task_group.py
[2025-01-28T22:47:31.682+0000] {logging_mixin.py:190} INFO - [2025-01-28T22:47:31.682+0000] {dag.py:3239} INFO - Sync 1 DAGs
[2025-01-28T22:47:31.700+0000] {logging_mixin.py:190} INFO - [2025-01-28T22:47:31.699+0000] {dag.py:4180} INFO - Setting next_dagrun for example_task_group to None, run_after=None
[2025-01-28T22:47:31.721+0000] {processor.py:208} INFO - Processing /home/airflow/.local/lib/python3.12/site-packages/airflow/example_dags/example_task_group.py took 0.084 seconds
[2025-01-28T22:48:02.026+0000] {processor.py:186} INFO - Started process (PID=68806) to work on /home/airflow/.local/lib/python3.12/site-packages/airflow/example_dags/example_task_group.py
[2025-01-28T22:48:02.028+0000] {processor.py:914} INFO - Processing file /home/airflow/.local/lib/python3.12/site-packages/airflow/example_dags/example_task_group.py for tasks to queue
[2025-01-28T22:48:02.030+0000] {logging_mixin.py:190} INFO - [2025-01-28T22:48:02.029+0000] {dagbag.py:588} INFO - Filling up the DagBag from /home/airflow/.local/lib/python3.12/site-packages/airflow/example_dags/example_task_group.py
[2025-01-28T22:48:02.037+0000] {processor.py:925} INFO - DAG(s) 'example_task_group' retrieved from /home/airflow/.local/lib/python3.12/site-packages/airflow/example_dags/example_task_group.py
[2025-01-28T22:48:02.060+0000] {logging_mixin.py:190} INFO - [2025-01-28T22:48:02.060+0000] {dag.py:3239} INFO - Sync 1 DAGs
[2025-01-28T22:48:02.074+0000] {logging_mixin.py:190} INFO - [2025-01-28T22:48:02.074+0000] {dag.py:4180} INFO - Setting next_dagrun for example_task_group to None, run_after=None
[2025-01-28T22:48:02.092+0000] {processor.py:208} INFO - Processing /home/airflow/.local/lib/python3.12/site-packages/airflow/example_dags/example_task_group.py took 0.071 seconds
[2025-01-28T22:48:32.262+0000] {processor.py:186} INFO - Started process (PID=69097) to work on /home/airflow/.local/lib/python3.12/site-packages/airflow/example_dags/example_task_group.py
[2025-01-28T22:48:32.263+0000] {processor.py:914} INFO - Processing file /home/airflow/.local/lib/python3.12/site-packages/airflow/example_dags/example_task_group.py for tasks to queue
[2025-01-28T22:48:32.266+0000] {logging_mixin.py:190} INFO - [2025-01-28T22:48:32.266+0000] {dagbag.py:588} INFO - Filling up the DagBag from /home/airflow/.local/lib/python3.12/site-packages/airflow/example_dags/example_task_group.py
[2025-01-28T22:48:32.277+0000] {processor.py:925} INFO - DAG(s) 'example_task_group' retrieved from /home/airflow/.local/lib/python3.12/site-packages/airflow/example_dags/example_task_group.py
[2025-01-28T22:48:32.299+0000] {logging_mixin.py:190} INFO - [2025-01-28T22:48:32.299+0000] {dag.py:3239} INFO - Sync 1 DAGs
[2025-01-28T22:48:32.314+0000] {logging_mixin.py:190} INFO - [2025-01-28T22:48:32.314+0000] {dag.py:4180} INFO - Setting next_dagrun for example_task_group to None, run_after=None
[2025-01-28T22:48:32.333+0000] {processor.py:208} INFO - Processing /home/airflow/.local/lib/python3.12/site-packages/airflow/example_dags/example_task_group.py took 0.083 seconds
[2025-01-28T22:49:03.151+0000] {processor.py:186} INFO - Started process (PID=69393) to work on /home/airflow/.local/lib/python3.12/site-packages/airflow/example_dags/example_task_group.py
[2025-01-28T22:49:03.152+0000] {processor.py:914} INFO - Processing file /home/airflow/.local/lib/python3.12/site-packages/airflow/example_dags/example_task_group.py for tasks to queue
[2025-01-28T22:49:03.156+0000] {logging_mixin.py:190} INFO - [2025-01-28T22:49:03.155+0000] {dagbag.py:588} INFO - Filling up the DagBag from /home/airflow/.local/lib/python3.12/site-packages/airflow/example_dags/example_task_group.py
[2025-01-28T22:49:03.166+0000] {processor.py:925} INFO - DAG(s) 'example_task_group' retrieved from /home/airflow/.local/lib/python3.12/site-packages/airflow/example_dags/example_task_group.py
[2025-01-28T22:49:03.189+0000] {logging_mixin.py:190} INFO - [2025-01-28T22:49:03.189+0000] {dag.py:3239} INFO - Sync 1 DAGs
[2025-01-28T22:49:03.210+0000] {logging_mixin.py:190} INFO - [2025-01-28T22:49:03.209+0000] {dag.py:4180} INFO - Setting next_dagrun for example_task_group to None, run_after=None
[2025-01-28T22:49:03.236+0000] {processor.py:208} INFO - Processing /home/airflow/.local/lib/python3.12/site-packages/airflow/example_dags/example_task_group.py took 0.091 seconds
[2025-01-28T22:49:33.679+0000] {processor.py:186} INFO - Started process (PID=69690) to work on /home/airflow/.local/lib/python3.12/site-packages/airflow/example_dags/example_task_group.py
[2025-01-28T22:49:33.681+0000] {processor.py:914} INFO - Processing file /home/airflow/.local/lib/python3.12/site-packages/airflow/example_dags/example_task_group.py for tasks to queue
[2025-01-28T22:49:33.684+0000] {logging_mixin.py:190} INFO - [2025-01-28T22:49:33.684+0000] {dagbag.py:588} INFO - Filling up the DagBag from /home/airflow/.local/lib/python3.12/site-packages/airflow/example_dags/example_task_group.py
[2025-01-28T22:49:33.700+0000] {processor.py:925} INFO - DAG(s) 'example_task_group' retrieved from /home/airflow/.local/lib/python3.12/site-packages/airflow/example_dags/example_task_group.py
[2025-01-28T22:49:33.748+0000] {logging_mixin.py:190} INFO - [2025-01-28T22:49:33.748+0000] {dag.py:3239} INFO - Sync 1 DAGs
[2025-01-28T22:49:33.772+0000] {logging_mixin.py:190} INFO - [2025-01-28T22:49:33.771+0000] {dag.py:4180} INFO - Setting next_dagrun for example_task_group to None, run_after=None
[2025-01-28T22:49:33.798+0000] {processor.py:208} INFO - Processing /home/airflow/.local/lib/python3.12/site-packages/airflow/example_dags/example_task_group.py took 0.127 seconds
[2025-01-28T22:50:03.880+0000] {processor.py:186} INFO - Started process (PID=69984) to work on /home/airflow/.local/lib/python3.12/site-packages/airflow/example_dags/example_task_group.py
[2025-01-28T22:50:03.881+0000] {processor.py:914} INFO - Processing file /home/airflow/.local/lib/python3.12/site-packages/airflow/example_dags/example_task_group.py for tasks to queue
[2025-01-28T22:50:03.883+0000] {logging_mixin.py:190} INFO - [2025-01-28T22:50:03.883+0000] {dagbag.py:588} INFO - Filling up the DagBag from /home/airflow/.local/lib/python3.12/site-packages/airflow/example_dags/example_task_group.py
[2025-01-28T22:50:03.890+0000] {processor.py:925} INFO - DAG(s) 'example_task_group' retrieved from /home/airflow/.local/lib/python3.12/site-packages/airflow/example_dags/example_task_group.py
[2025-01-28T22:50:03.911+0000] {logging_mixin.py:190} INFO - [2025-01-28T22:50:03.910+0000] {dag.py:3239} INFO - Sync 1 DAGs
[2025-01-28T22:50:03.926+0000] {logging_mixin.py:190} INFO - [2025-01-28T22:50:03.925+0000] {dag.py:4180} INFO - Setting next_dagrun for example_task_group to None, run_after=None
[2025-01-28T22:50:03.946+0000] {processor.py:208} INFO - Processing /home/airflow/.local/lib/python3.12/site-packages/airflow/example_dags/example_task_group.py took 0.071 seconds
[2025-01-28T22:50:34.387+0000] {processor.py:186} INFO - Started process (PID=70280) to work on /home/airflow/.local/lib/python3.12/site-packages/airflow/example_dags/example_task_group.py
[2025-01-28T22:50:34.388+0000] {processor.py:914} INFO - Processing file /home/airflow/.local/lib/python3.12/site-packages/airflow/example_dags/example_task_group.py for tasks to queue
[2025-01-28T22:50:34.391+0000] {logging_mixin.py:190} INFO - [2025-01-28T22:50:34.390+0000] {dagbag.py:588} INFO - Filling up the DagBag from /home/airflow/.local/lib/python3.12/site-packages/airflow/example_dags/example_task_group.py
[2025-01-28T22:50:34.400+0000] {processor.py:925} INFO - DAG(s) 'example_task_group' retrieved from /home/airflow/.local/lib/python3.12/site-packages/airflow/example_dags/example_task_group.py
[2025-01-28T22:50:34.424+0000] {logging_mixin.py:190} INFO - [2025-01-28T22:50:34.424+0000] {dag.py:3239} INFO - Sync 1 DAGs
[2025-01-28T22:50:34.449+0000] {logging_mixin.py:190} INFO - [2025-01-28T22:50:34.449+0000] {dag.py:4180} INFO - Setting next_dagrun for example_task_group to None, run_after=None
[2025-01-28T22:50:34.497+0000] {processor.py:208} INFO - Processing /home/airflow/.local/lib/python3.12/site-packages/airflow/example_dags/example_task_group.py took 0.117 seconds
[2025-01-28T22:51:06.057+0000] {processor.py:186} INFO - Started process (PID=70574) to work on /home/airflow/.local/lib/python3.12/site-packages/airflow/example_dags/example_task_group.py
[2025-01-28T22:51:06.059+0000] {processor.py:914} INFO - Processing file /home/airflow/.local/lib/python3.12/site-packages/airflow/example_dags/example_task_group.py for tasks to queue
[2025-01-28T22:51:06.062+0000] {logging_mixin.py:190} INFO - [2025-01-28T22:51:06.062+0000] {dagbag.py:588} INFO - Filling up the DagBag from /home/airflow/.local/lib/python3.12/site-packages/airflow/example_dags/example_task_group.py
[2025-01-28T22:51:06.073+0000] {processor.py:925} INFO - DAG(s) 'example_task_group' retrieved from /home/airflow/.local/lib/python3.12/site-packages/airflow/example_dags/example_task_group.py
[2025-01-28T22:51:06.097+0000] {logging_mixin.py:190} INFO - [2025-01-28T22:51:06.096+0000] {dag.py:3239} INFO - Sync 1 DAGs
[2025-01-28T22:51:06.112+0000] {logging_mixin.py:190} INFO - [2025-01-28T22:51:06.112+0000] {dag.py:4180} INFO - Setting next_dagrun for example_task_group to None, run_after=None
[2025-01-28T22:51:06.133+0000] {processor.py:208} INFO - Processing /home/airflow/.local/lib/python3.12/site-packages/airflow/example_dags/example_task_group.py took 0.085 seconds
[2025-01-28T22:51:36.627+0000] {processor.py:186} INFO - Started process (PID=70870) to work on /home/airflow/.local/lib/python3.12/site-packages/airflow/example_dags/example_task_group.py
[2025-01-28T22:51:36.628+0000] {processor.py:914} INFO - Processing file /home/airflow/.local/lib/python3.12/site-packages/airflow/example_dags/example_task_group.py for tasks to queue
[2025-01-28T22:51:36.631+0000] {logging_mixin.py:190} INFO - [2025-01-28T22:51:36.631+0000] {dagbag.py:588} INFO - Filling up the DagBag from /home/airflow/.local/lib/python3.12/site-packages/airflow/example_dags/example_task_group.py
[2025-01-28T22:51:36.640+0000] {processor.py:925} INFO - DAG(s) 'example_task_group' retrieved from /home/airflow/.local/lib/python3.12/site-packages/airflow/example_dags/example_task_group.py
[2025-01-28T22:51:36.661+0000] {logging_mixin.py:190} INFO - [2025-01-28T22:51:36.661+0000] {dag.py:3239} INFO - Sync 1 DAGs
[2025-01-28T22:51:36.679+0000] {logging_mixin.py:190} INFO - [2025-01-28T22:51:36.678+0000] {dag.py:4180} INFO - Setting next_dagrun for example_task_group to None, run_after=None
[2025-01-28T22:51:36.756+0000] {processor.py:208} INFO - Processing /home/airflow/.local/lib/python3.12/site-packages/airflow/example_dags/example_task_group.py took 0.135 seconds
[2025-01-28T22:52:13.340+0000] {processor.py:186} INFO - Started process (PID=71169) to work on /home/airflow/.local/lib/python3.12/site-packages/airflow/example_dags/example_task_group.py
[2025-01-28T22:52:13.342+0000] {processor.py:914} INFO - Processing file /home/airflow/.local/lib/python3.12/site-packages/airflow/example_dags/example_task_group.py for tasks to queue
[2025-01-28T22:52:13.356+0000] {logging_mixin.py:190} INFO - [2025-01-28T22:52:13.355+0000] {dagbag.py:588} INFO - Filling up the DagBag from /home/airflow/.local/lib/python3.12/site-packages/airflow/example_dags/example_task_group.py
[2025-01-28T22:52:13.404+0000] {processor.py:925} INFO - DAG(s) 'example_task_group' retrieved from /home/airflow/.local/lib/python3.12/site-packages/airflow/example_dags/example_task_group.py
[2025-01-28T22:52:13.490+0000] {logging_mixin.py:190} INFO - [2025-01-28T22:52:13.490+0000] {dag.py:3239} INFO - Sync 1 DAGs
[2025-01-28T22:52:13.553+0000] {logging_mixin.py:190} INFO - [2025-01-28T22:52:13.552+0000] {dag.py:4180} INFO - Setting next_dagrun for example_task_group to None, run_after=None
[2025-01-28T22:52:13.662+0000] {processor.py:208} INFO - Processing /home/airflow/.local/lib/python3.12/site-packages/airflow/example_dags/example_task_group.py took 0.342 seconds
[2025-01-28T22:52:44.018+0000] {processor.py:186} INFO - Started process (PID=71465) to work on /home/airflow/.local/lib/python3.12/site-packages/airflow/example_dags/example_task_group.py
[2025-01-28T22:52:44.019+0000] {processor.py:914} INFO - Processing file /home/airflow/.local/lib/python3.12/site-packages/airflow/example_dags/example_task_group.py for tasks to queue
[2025-01-28T22:52:44.021+0000] {logging_mixin.py:190} INFO - [2025-01-28T22:52:44.021+0000] {dagbag.py:588} INFO - Filling up the DagBag from /home/airflow/.local/lib/python3.12/site-packages/airflow/example_dags/example_task_group.py
[2025-01-28T22:52:44.031+0000] {processor.py:925} INFO - DAG(s) 'example_task_group' retrieved from /home/airflow/.local/lib/python3.12/site-packages/airflow/example_dags/example_task_group.py
[2025-01-28T22:52:44.053+0000] {logging_mixin.py:190} INFO - [2025-01-28T22:52:44.053+0000] {dag.py:3239} INFO - Sync 1 DAGs
[2025-01-28T22:52:44.072+0000] {logging_mixin.py:190} INFO - [2025-01-28T22:52:44.071+0000] {dag.py:4180} INFO - Setting next_dagrun for example_task_group to None, run_after=None
[2025-01-28T22:52:44.097+0000] {processor.py:208} INFO - Processing /home/airflow/.local/lib/python3.12/site-packages/airflow/example_dags/example_task_group.py took 0.085 seconds
