[2025-01-28T22:42:54.313+0000] {processor.py:186} INFO - Started process (PID=65786) to work on /home/airflow/.local/lib/python3.12/site-packages/airflow/example_dags/example_branch_operator.py
[2025-01-28T22:42:54.314+0000] {processor.py:914} INFO - Processing file /home/airflow/.local/lib/python3.12/site-packages/airflow/example_dags/example_branch_operator.py for tasks to queue
[2025-01-28T22:42:54.317+0000] {logging_mixin.py:190} INFO - [2025-01-28T22:42:54.317+0000] {dagbag.py:588} INFO - Filling up the DagBag from /home/airflow/.local/lib/python3.12/site-packages/airflow/example_dags/example_branch_operator.py
[2025-01-28T22:42:54.344+0000] {processor.py:925} INFO - DAG(s) 'example_branch_operator' retrieved from /home/airflow/.local/lib/python3.12/site-packages/airflow/example_dags/example_branch_operator.py
[2025-01-28T22:42:54.378+0000] {logging_mixin.py:190} INFO - [2025-01-28T22:42:54.378+0000] {dag.py:3239} INFO - Sync 1 DAGs
[2025-01-28T22:42:54.415+0000] {logging_mixin.py:190} INFO - [2025-01-28T22:42:54.415+0000] {dag.py:4180} INFO - Setting next_dagrun for example_branch_operator to 2025-01-27 00:00:00+00:00, run_after=2025-01-28 00:00:00+00:00
[2025-01-28T22:42:54.439+0000] {processor.py:208} INFO - Processing /home/airflow/.local/lib/python3.12/site-packages/airflow/example_dags/example_branch_operator.py took 0.135 seconds
[2025-01-28T22:43:24.660+0000] {processor.py:186} INFO - Started process (PID=66081) to work on /home/airflow/.local/lib/python3.12/site-packages/airflow/example_dags/example_branch_operator.py
[2025-01-28T22:43:24.662+0000] {processor.py:914} INFO - Processing file /home/airflow/.local/lib/python3.12/site-packages/airflow/example_dags/example_branch_operator.py for tasks to queue
[2025-01-28T22:43:24.664+0000] {logging_mixin.py:190} INFO - [2025-01-28T22:43:24.663+0000] {dagbag.py:588} INFO - Filling up the DagBag from /home/airflow/.local/lib/python3.12/site-packages/airflow/example_dags/example_branch_operator.py
[2025-01-28T22:43:24.682+0000] {processor.py:925} INFO - DAG(s) 'example_branch_operator' retrieved from /home/airflow/.local/lib/python3.12/site-packages/airflow/example_dags/example_branch_operator.py
[2025-01-28T22:43:24.707+0000] {logging_mixin.py:190} INFO - [2025-01-28T22:43:24.707+0000] {dag.py:3239} INFO - Sync 1 DAGs
[2025-01-28T22:43:24.735+0000] {logging_mixin.py:190} INFO - [2025-01-28T22:43:24.735+0000] {dag.py:4180} INFO - Setting next_dagrun for example_branch_operator to 2025-01-27 00:00:00+00:00, run_after=2025-01-28 00:00:00+00:00
[2025-01-28T22:43:24.755+0000] {processor.py:208} INFO - Processing /home/airflow/.local/lib/python3.12/site-packages/airflow/example_dags/example_branch_operator.py took 0.100 seconds
[2025-01-28T22:43:54.948+0000] {processor.py:186} INFO - Started process (PID=66385) to work on /home/airflow/.local/lib/python3.12/site-packages/airflow/example_dags/example_branch_operator.py
[2025-01-28T22:43:54.949+0000] {processor.py:914} INFO - Processing file /home/airflow/.local/lib/python3.12/site-packages/airflow/example_dags/example_branch_operator.py for tasks to queue
[2025-01-28T22:43:54.951+0000] {logging_mixin.py:190} INFO - [2025-01-28T22:43:54.951+0000] {dagbag.py:588} INFO - Filling up the DagBag from /home/airflow/.local/lib/python3.12/site-packages/airflow/example_dags/example_branch_operator.py
[2025-01-28T22:43:54.967+0000] {processor.py:925} INFO - DAG(s) 'example_branch_operator' retrieved from /home/airflow/.local/lib/python3.12/site-packages/airflow/example_dags/example_branch_operator.py
[2025-01-28T22:43:54.990+0000] {logging_mixin.py:190} INFO - [2025-01-28T22:43:54.989+0000] {dag.py:3239} INFO - Sync 1 DAGs
[2025-01-28T22:43:55.009+0000] {logging_mixin.py:190} INFO - [2025-01-28T22:43:55.009+0000] {dag.py:4180} INFO - Setting next_dagrun for example_branch_operator to 2025-01-27 00:00:00+00:00, run_after=2025-01-28 00:00:00+00:00
[2025-01-28T22:43:55.024+0000] {processor.py:208} INFO - Processing /home/airflow/.local/lib/python3.12/site-packages/airflow/example_dags/example_branch_operator.py took 0.081 seconds
[2025-01-28T22:44:25.665+0000] {processor.py:186} INFO - Started process (PID=66679) to work on /home/airflow/.local/lib/python3.12/site-packages/airflow/example_dags/example_branch_operator.py
[2025-01-28T22:44:25.666+0000] {processor.py:914} INFO - Processing file /home/airflow/.local/lib/python3.12/site-packages/airflow/example_dags/example_branch_operator.py for tasks to queue
[2025-01-28T22:44:25.668+0000] {logging_mixin.py:190} INFO - [2025-01-28T22:44:25.667+0000] {dagbag.py:588} INFO - Filling up the DagBag from /home/airflow/.local/lib/python3.12/site-packages/airflow/example_dags/example_branch_operator.py
[2025-01-28T22:44:25.684+0000] {processor.py:925} INFO - DAG(s) 'example_branch_operator' retrieved from /home/airflow/.local/lib/python3.12/site-packages/airflow/example_dags/example_branch_operator.py
[2025-01-28T22:44:25.712+0000] {logging_mixin.py:190} INFO - [2025-01-28T22:44:25.711+0000] {dag.py:3239} INFO - Sync 1 DAGs
[2025-01-28T22:44:25.731+0000] {logging_mixin.py:190} INFO - [2025-01-28T22:44:25.731+0000] {dag.py:4180} INFO - Setting next_dagrun for example_branch_operator to 2025-01-27 00:00:00+00:00, run_after=2025-01-28 00:00:00+00:00
[2025-01-28T22:44:25.750+0000] {processor.py:208} INFO - Processing /home/airflow/.local/lib/python3.12/site-packages/airflow/example_dags/example_branch_operator.py took 0.090 seconds
[2025-01-28T22:44:56.361+0000] {processor.py:186} INFO - Started process (PID=66975) to work on /home/airflow/.local/lib/python3.12/site-packages/airflow/example_dags/example_branch_operator.py
[2025-01-28T22:44:56.362+0000] {processor.py:914} INFO - Processing file /home/airflow/.local/lib/python3.12/site-packages/airflow/example_dags/example_branch_operator.py for tasks to queue
[2025-01-28T22:44:56.365+0000] {logging_mixin.py:190} INFO - [2025-01-28T22:44:56.365+0000] {dagbag.py:588} INFO - Filling up the DagBag from /home/airflow/.local/lib/python3.12/site-packages/airflow/example_dags/example_branch_operator.py
[2025-01-28T22:44:56.381+0000] {processor.py:925} INFO - DAG(s) 'example_branch_operator' retrieved from /home/airflow/.local/lib/python3.12/site-packages/airflow/example_dags/example_branch_operator.py
[2025-01-28T22:44:56.410+0000] {logging_mixin.py:190} INFO - [2025-01-28T22:44:56.410+0000] {dag.py:3239} INFO - Sync 1 DAGs
[2025-01-28T22:44:56.431+0000] {logging_mixin.py:190} INFO - [2025-01-28T22:44:56.431+0000] {dag.py:4180} INFO - Setting next_dagrun for example_branch_operator to 2025-01-27 00:00:00+00:00, run_after=2025-01-28 00:00:00+00:00
[2025-01-28T22:44:56.453+0000] {processor.py:208} INFO - Processing /home/airflow/.local/lib/python3.12/site-packages/airflow/example_dags/example_branch_operator.py took 0.098 seconds
[2025-01-28T22:45:27.633+0000] {processor.py:186} INFO - Started process (PID=67271) to work on /home/airflow/.local/lib/python3.12/site-packages/airflow/example_dags/example_branch_operator.py
[2025-01-28T22:45:27.634+0000] {processor.py:914} INFO - Processing file /home/airflow/.local/lib/python3.12/site-packages/airflow/example_dags/example_branch_operator.py for tasks to queue
[2025-01-28T22:45:27.636+0000] {logging_mixin.py:190} INFO - [2025-01-28T22:45:27.636+0000] {dagbag.py:588} INFO - Filling up the DagBag from /home/airflow/.local/lib/python3.12/site-packages/airflow/example_dags/example_branch_operator.py
[2025-01-28T22:45:27.650+0000] {processor.py:925} INFO - DAG(s) 'example_branch_operator' retrieved from /home/airflow/.local/lib/python3.12/site-packages/airflow/example_dags/example_branch_operator.py
[2025-01-28T22:45:27.673+0000] {logging_mixin.py:190} INFO - [2025-01-28T22:45:27.672+0000] {dag.py:3239} INFO - Sync 1 DAGs
[2025-01-28T22:45:27.693+0000] {logging_mixin.py:190} INFO - [2025-01-28T22:45:27.692+0000] {dag.py:4180} INFO - Setting next_dagrun for example_branch_operator to 2025-01-27 00:00:00+00:00, run_after=2025-01-28 00:00:00+00:00
[2025-01-28T22:45:27.709+0000] {processor.py:208} INFO - Processing /home/airflow/.local/lib/python3.12/site-packages/airflow/example_dags/example_branch_operator.py took 0.083 seconds
[2025-01-28T22:45:57.813+0000] {processor.py:186} INFO - Started process (PID=67567) to work on /home/airflow/.local/lib/python3.12/site-packages/airflow/example_dags/example_branch_operator.py
[2025-01-28T22:45:57.814+0000] {processor.py:914} INFO - Processing file /home/airflow/.local/lib/python3.12/site-packages/airflow/example_dags/example_branch_operator.py for tasks to queue
[2025-01-28T22:45:57.816+0000] {logging_mixin.py:190} INFO - [2025-01-28T22:45:57.816+0000] {dagbag.py:588} INFO - Filling up the DagBag from /home/airflow/.local/lib/python3.12/site-packages/airflow/example_dags/example_branch_operator.py
[2025-01-28T22:45:57.839+0000] {processor.py:925} INFO - DAG(s) 'example_branch_operator' retrieved from /home/airflow/.local/lib/python3.12/site-packages/airflow/example_dags/example_branch_operator.py
[2025-01-28T22:45:57.866+0000] {logging_mixin.py:190} INFO - [2025-01-28T22:45:57.866+0000] {dag.py:3239} INFO - Sync 1 DAGs
[2025-01-28T22:45:57.887+0000] {logging_mixin.py:190} INFO - [2025-01-28T22:45:57.887+0000] {dag.py:4180} INFO - Setting next_dagrun for example_branch_operator to 2025-01-27 00:00:00+00:00, run_after=2025-01-28 00:00:00+00:00
[2025-01-28T22:45:57.907+0000] {processor.py:208} INFO - Processing /home/airflow/.local/lib/python3.12/site-packages/airflow/example_dags/example_branch_operator.py took 0.099 seconds
[2025-01-28T22:46:28.010+0000] {processor.py:186} INFO - Started process (PID=67858) to work on /home/airflow/.local/lib/python3.12/site-packages/airflow/example_dags/example_branch_operator.py
[2025-01-28T22:46:28.012+0000] {processor.py:914} INFO - Processing file /home/airflow/.local/lib/python3.12/site-packages/airflow/example_dags/example_branch_operator.py for tasks to queue
[2025-01-28T22:46:28.014+0000] {logging_mixin.py:190} INFO - [2025-01-28T22:46:28.014+0000] {dagbag.py:588} INFO - Filling up the DagBag from /home/airflow/.local/lib/python3.12/site-packages/airflow/example_dags/example_branch_operator.py
[2025-01-28T22:46:28.030+0000] {processor.py:925} INFO - DAG(s) 'example_branch_operator' retrieved from /home/airflow/.local/lib/python3.12/site-packages/airflow/example_dags/example_branch_operator.py
[2025-01-28T22:46:28.057+0000] {logging_mixin.py:190} INFO - [2025-01-28T22:46:28.056+0000] {dag.py:3239} INFO - Sync 1 DAGs
[2025-01-28T22:46:28.079+0000] {logging_mixin.py:190} INFO - [2025-01-28T22:46:28.079+0000] {dag.py:4180} INFO - Setting next_dagrun for example_branch_operator to 2025-01-27 00:00:00+00:00, run_after=2025-01-28 00:00:00+00:00
[2025-01-28T22:46:28.096+0000] {processor.py:208} INFO - Processing /home/airflow/.local/lib/python3.12/site-packages/airflow/example_dags/example_branch_operator.py took 0.091 seconds
[2025-01-28T22:46:58.844+0000] {processor.py:186} INFO - Started process (PID=68154) to work on /home/airflow/.local/lib/python3.12/site-packages/airflow/example_dags/example_branch_operator.py
[2025-01-28T22:46:58.845+0000] {processor.py:914} INFO - Processing file /home/airflow/.local/lib/python3.12/site-packages/airflow/example_dags/example_branch_operator.py for tasks to queue
[2025-01-28T22:46:58.847+0000] {logging_mixin.py:190} INFO - [2025-01-28T22:46:58.847+0000] {dagbag.py:588} INFO - Filling up the DagBag from /home/airflow/.local/lib/python3.12/site-packages/airflow/example_dags/example_branch_operator.py
[2025-01-28T22:46:58.862+0000] {processor.py:925} INFO - DAG(s) 'example_branch_operator' retrieved from /home/airflow/.local/lib/python3.12/site-packages/airflow/example_dags/example_branch_operator.py
[2025-01-28T22:46:58.888+0000] {logging_mixin.py:190} INFO - [2025-01-28T22:46:58.888+0000] {dag.py:3239} INFO - Sync 1 DAGs
[2025-01-28T22:46:58.920+0000] {logging_mixin.py:190} INFO - [2025-01-28T22:46:58.919+0000] {dag.py:4180} INFO - Setting next_dagrun for example_branch_operator to 2025-01-27 00:00:00+00:00, run_after=2025-01-28 00:00:00+00:00
[2025-01-28T22:46:58.948+0000] {processor.py:208} INFO - Processing /home/airflow/.local/lib/python3.12/site-packages/airflow/example_dags/example_branch_operator.py took 0.109 seconds
[2025-01-28T22:47:29.097+0000] {processor.py:186} INFO - Started process (PID=68445) to work on /home/airflow/.local/lib/python3.12/site-packages/airflow/example_dags/example_branch_operator.py
[2025-01-28T22:47:29.098+0000] {processor.py:914} INFO - Processing file /home/airflow/.local/lib/python3.12/site-packages/airflow/example_dags/example_branch_operator.py for tasks to queue
[2025-01-28T22:47:29.100+0000] {logging_mixin.py:190} INFO - [2025-01-28T22:47:29.100+0000] {dagbag.py:588} INFO - Filling up the DagBag from /home/airflow/.local/lib/python3.12/site-packages/airflow/example_dags/example_branch_operator.py
[2025-01-28T22:47:29.118+0000] {processor.py:925} INFO - DAG(s) 'example_branch_operator' retrieved from /home/airflow/.local/lib/python3.12/site-packages/airflow/example_dags/example_branch_operator.py
[2025-01-28T22:47:29.145+0000] {logging_mixin.py:190} INFO - [2025-01-28T22:47:29.144+0000] {dag.py:3239} INFO - Sync 1 DAGs
[2025-01-28T22:47:29.165+0000] {logging_mixin.py:190} INFO - [2025-01-28T22:47:29.165+0000] {dag.py:4180} INFO - Setting next_dagrun for example_branch_operator to 2025-01-27 00:00:00+00:00, run_after=2025-01-28 00:00:00+00:00
[2025-01-28T22:47:29.180+0000] {processor.py:208} INFO - Processing /home/airflow/.local/lib/python3.12/site-packages/airflow/example_dags/example_branch_operator.py took 0.090 seconds
[2025-01-28T22:47:59.417+0000] {processor.py:186} INFO - Started process (PID=68741) to work on /home/airflow/.local/lib/python3.12/site-packages/airflow/example_dags/example_branch_operator.py
[2025-01-28T22:47:59.418+0000] {processor.py:914} INFO - Processing file /home/airflow/.local/lib/python3.12/site-packages/airflow/example_dags/example_branch_operator.py for tasks to queue
[2025-01-28T22:47:59.420+0000] {logging_mixin.py:190} INFO - [2025-01-28T22:47:59.420+0000] {dagbag.py:588} INFO - Filling up the DagBag from /home/airflow/.local/lib/python3.12/site-packages/airflow/example_dags/example_branch_operator.py
[2025-01-28T22:47:59.434+0000] {processor.py:925} INFO - DAG(s) 'example_branch_operator' retrieved from /home/airflow/.local/lib/python3.12/site-packages/airflow/example_dags/example_branch_operator.py
[2025-01-28T22:47:59.458+0000] {logging_mixin.py:190} INFO - [2025-01-28T22:47:59.458+0000] {dag.py:3239} INFO - Sync 1 DAGs
[2025-01-28T22:47:59.481+0000] {logging_mixin.py:190} INFO - [2025-01-28T22:47:59.481+0000] {dag.py:4180} INFO - Setting next_dagrun for example_branch_operator to 2025-01-27 00:00:00+00:00, run_after=2025-01-28 00:00:00+00:00
[2025-01-28T22:47:59.498+0000] {processor.py:208} INFO - Processing /home/airflow/.local/lib/python3.12/site-packages/airflow/example_dags/example_branch_operator.py took 0.087 seconds
[2025-01-28T22:48:30.234+0000] {processor.py:186} INFO - Started process (PID=69037) to work on /home/airflow/.local/lib/python3.12/site-packages/airflow/example_dags/example_branch_operator.py
[2025-01-28T22:48:30.235+0000] {processor.py:914} INFO - Processing file /home/airflow/.local/lib/python3.12/site-packages/airflow/example_dags/example_branch_operator.py for tasks to queue
[2025-01-28T22:48:30.238+0000] {logging_mixin.py:190} INFO - [2025-01-28T22:48:30.237+0000] {dagbag.py:588} INFO - Filling up the DagBag from /home/airflow/.local/lib/python3.12/site-packages/airflow/example_dags/example_branch_operator.py
[2025-01-28T22:48:30.257+0000] {processor.py:925} INFO - DAG(s) 'example_branch_operator' retrieved from /home/airflow/.local/lib/python3.12/site-packages/airflow/example_dags/example_branch_operator.py
[2025-01-28T22:48:30.284+0000] {logging_mixin.py:190} INFO - [2025-01-28T22:48:30.283+0000] {dag.py:3239} INFO - Sync 1 DAGs
[2025-01-28T22:48:30.306+0000] {logging_mixin.py:190} INFO - [2025-01-28T22:48:30.306+0000] {dag.py:4180} INFO - Setting next_dagrun for example_branch_operator to 2025-01-27 00:00:00+00:00, run_after=2025-01-28 00:00:00+00:00
[2025-01-28T22:48:30.323+0000] {processor.py:208} INFO - Processing /home/airflow/.local/lib/python3.12/site-packages/airflow/example_dags/example_branch_operator.py took 0.096 seconds
[2025-01-28T22:49:00.598+0000] {processor.py:186} INFO - Started process (PID=69333) to work on /home/airflow/.local/lib/python3.12/site-packages/airflow/example_dags/example_branch_operator.py
[2025-01-28T22:49:00.600+0000] {processor.py:914} INFO - Processing file /home/airflow/.local/lib/python3.12/site-packages/airflow/example_dags/example_branch_operator.py for tasks to queue
[2025-01-28T22:49:00.602+0000] {logging_mixin.py:190} INFO - [2025-01-28T22:49:00.602+0000] {dagbag.py:588} INFO - Filling up the DagBag from /home/airflow/.local/lib/python3.12/site-packages/airflow/example_dags/example_branch_operator.py
[2025-01-28T22:49:00.623+0000] {processor.py:925} INFO - DAG(s) 'example_branch_operator' retrieved from /home/airflow/.local/lib/python3.12/site-packages/airflow/example_dags/example_branch_operator.py
[2025-01-28T22:49:00.650+0000] {logging_mixin.py:190} INFO - [2025-01-28T22:49:00.650+0000] {dag.py:3239} INFO - Sync 1 DAGs
[2025-01-28T22:49:00.680+0000] {logging_mixin.py:190} INFO - [2025-01-28T22:49:00.680+0000] {dag.py:4180} INFO - Setting next_dagrun for example_branch_operator to 2025-01-27 00:00:00+00:00, run_after=2025-01-28 00:00:00+00:00
[2025-01-28T22:49:00.699+0000] {processor.py:208} INFO - Processing /home/airflow/.local/lib/python3.12/site-packages/airflow/example_dags/example_branch_operator.py took 0.106 seconds
[2025-01-28T22:49:31.396+0000] {processor.py:186} INFO - Started process (PID=69630) to work on /home/airflow/.local/lib/python3.12/site-packages/airflow/example_dags/example_branch_operator.py
[2025-01-28T22:49:31.397+0000] {processor.py:914} INFO - Processing file /home/airflow/.local/lib/python3.12/site-packages/airflow/example_dags/example_branch_operator.py for tasks to queue
[2025-01-28T22:49:31.400+0000] {logging_mixin.py:190} INFO - [2025-01-28T22:49:31.400+0000] {dagbag.py:588} INFO - Filling up the DagBag from /home/airflow/.local/lib/python3.12/site-packages/airflow/example_dags/example_branch_operator.py
[2025-01-28T22:49:31.425+0000] {processor.py:925} INFO - DAG(s) 'example_branch_operator' retrieved from /home/airflow/.local/lib/python3.12/site-packages/airflow/example_dags/example_branch_operator.py
[2025-01-28T22:49:31.454+0000] {logging_mixin.py:190} INFO - [2025-01-28T22:49:31.453+0000] {dag.py:3239} INFO - Sync 1 DAGs
[2025-01-28T22:49:31.483+0000] {logging_mixin.py:190} INFO - [2025-01-28T22:49:31.483+0000] {dag.py:4180} INFO - Setting next_dagrun for example_branch_operator to 2025-01-27 00:00:00+00:00, run_after=2025-01-28 00:00:00+00:00
[2025-01-28T22:49:31.514+0000] {processor.py:208} INFO - Processing /home/airflow/.local/lib/python3.12/site-packages/airflow/example_dags/example_branch_operator.py took 0.123 seconds
[2025-01-28T22:50:01.890+0000] {processor.py:186} INFO - Started process (PID=69927) to work on /home/airflow/.local/lib/python3.12/site-packages/airflow/example_dags/example_branch_operator.py
[2025-01-28T22:50:01.891+0000] {processor.py:914} INFO - Processing file /home/airflow/.local/lib/python3.12/site-packages/airflow/example_dags/example_branch_operator.py for tasks to queue
[2025-01-28T22:50:01.894+0000] {logging_mixin.py:190} INFO - [2025-01-28T22:50:01.894+0000] {dagbag.py:588} INFO - Filling up the DagBag from /home/airflow/.local/lib/python3.12/site-packages/airflow/example_dags/example_branch_operator.py
[2025-01-28T22:50:01.912+0000] {processor.py:925} INFO - DAG(s) 'example_branch_operator' retrieved from /home/airflow/.local/lib/python3.12/site-packages/airflow/example_dags/example_branch_operator.py
[2025-01-28T22:50:01.938+0000] {logging_mixin.py:190} INFO - [2025-01-28T22:50:01.937+0000] {dag.py:3239} INFO - Sync 1 DAGs
[2025-01-28T22:50:01.962+0000] {logging_mixin.py:190} INFO - [2025-01-28T22:50:01.962+0000] {dag.py:4180} INFO - Setting next_dagrun for example_branch_operator to 2025-01-27 00:00:00+00:00, run_after=2025-01-28 00:00:00+00:00
[2025-01-28T22:50:01.980+0000] {processor.py:208} INFO - Processing /home/airflow/.local/lib/python3.12/site-packages/airflow/example_dags/example_branch_operator.py took 0.095 seconds
[2025-01-28T22:50:32.600+0000] {processor.py:186} INFO - Started process (PID=70223) to work on /home/airflow/.local/lib/python3.12/site-packages/airflow/example_dags/example_branch_operator.py
[2025-01-28T22:50:32.601+0000] {processor.py:914} INFO - Processing file /home/airflow/.local/lib/python3.12/site-packages/airflow/example_dags/example_branch_operator.py for tasks to queue
[2025-01-28T22:50:32.603+0000] {logging_mixin.py:190} INFO - [2025-01-28T22:50:32.603+0000] {dagbag.py:588} INFO - Filling up the DagBag from /home/airflow/.local/lib/python3.12/site-packages/airflow/example_dags/example_branch_operator.py
[2025-01-28T22:50:32.622+0000] {processor.py:925} INFO - DAG(s) 'example_branch_operator' retrieved from /home/airflow/.local/lib/python3.12/site-packages/airflow/example_dags/example_branch_operator.py
[2025-01-28T22:50:32.655+0000] {logging_mixin.py:190} INFO - [2025-01-28T22:50:32.655+0000] {dag.py:3239} INFO - Sync 1 DAGs
[2025-01-28T22:50:32.685+0000] {logging_mixin.py:190} INFO - [2025-01-28T22:50:32.684+0000] {dag.py:4180} INFO - Setting next_dagrun for example_branch_operator to 2025-01-27 00:00:00+00:00, run_after=2025-01-28 00:00:00+00:00
[2025-01-28T22:50:32.706+0000] {processor.py:208} INFO - Processing /home/airflow/.local/lib/python3.12/site-packages/airflow/example_dags/example_branch_operator.py took 0.111 seconds
[2025-01-28T22:51:03.442+0000] {processor.py:186} INFO - Started process (PID=70519) to work on /home/airflow/.local/lib/python3.12/site-packages/airflow/example_dags/example_branch_operator.py
[2025-01-28T22:51:03.443+0000] {processor.py:914} INFO - Processing file /home/airflow/.local/lib/python3.12/site-packages/airflow/example_dags/example_branch_operator.py for tasks to queue
[2025-01-28T22:51:03.446+0000] {logging_mixin.py:190} INFO - [2025-01-28T22:51:03.446+0000] {dagbag.py:588} INFO - Filling up the DagBag from /home/airflow/.local/lib/python3.12/site-packages/airflow/example_dags/example_branch_operator.py
[2025-01-28T22:51:03.471+0000] {processor.py:925} INFO - DAG(s) 'example_branch_operator' retrieved from /home/airflow/.local/lib/python3.12/site-packages/airflow/example_dags/example_branch_operator.py
[2025-01-28T22:51:03.512+0000] {logging_mixin.py:190} INFO - [2025-01-28T22:51:03.511+0000] {dag.py:3239} INFO - Sync 1 DAGs
[2025-01-28T22:51:03.711+0000] {logging_mixin.py:190} INFO - [2025-01-28T22:51:03.710+0000] {dag.py:4180} INFO - Setting next_dagrun for example_branch_operator to 2025-01-27 00:00:00+00:00, run_after=2025-01-28 00:00:00+00:00
[2025-01-28T22:51:03.731+0000] {processor.py:208} INFO - Processing /home/airflow/.local/lib/python3.12/site-packages/airflow/example_dags/example_branch_operator.py took 0.297 seconds
[2025-01-28T22:51:34.598+0000] {processor.py:186} INFO - Started process (PID=70815) to work on /home/airflow/.local/lib/python3.12/site-packages/airflow/example_dags/example_branch_operator.py
[2025-01-28T22:51:34.598+0000] {processor.py:914} INFO - Processing file /home/airflow/.local/lib/python3.12/site-packages/airflow/example_dags/example_branch_operator.py for tasks to queue
[2025-01-28T22:51:34.601+0000] {logging_mixin.py:190} INFO - [2025-01-28T22:51:34.601+0000] {dagbag.py:588} INFO - Filling up the DagBag from /home/airflow/.local/lib/python3.12/site-packages/airflow/example_dags/example_branch_operator.py
[2025-01-28T22:51:34.619+0000] {processor.py:925} INFO - DAG(s) 'example_branch_operator' retrieved from /home/airflow/.local/lib/python3.12/site-packages/airflow/example_dags/example_branch_operator.py
[2025-01-28T22:51:34.653+0000] {logging_mixin.py:190} INFO - [2025-01-28T22:51:34.652+0000] {dag.py:3239} INFO - Sync 1 DAGs
[2025-01-28T22:51:34.678+0000] {logging_mixin.py:190} INFO - [2025-01-28T22:51:34.678+0000] {dag.py:4180} INFO - Setting next_dagrun for example_branch_operator to 2025-01-27 00:00:00+00:00, run_after=2025-01-28 00:00:00+00:00
[2025-01-28T22:51:34.857+0000] {processor.py:208} INFO - Processing /home/airflow/.local/lib/python3.12/site-packages/airflow/example_dags/example_branch_operator.py took 0.265 seconds
[2025-01-28T22:52:06.358+0000] {processor.py:186} INFO - Started process (PID=71112) to work on /home/airflow/.local/lib/python3.12/site-packages/airflow/example_dags/example_branch_operator.py
[2025-01-28T22:52:06.452+0000] {processor.py:914} INFO - Processing file /home/airflow/.local/lib/python3.12/site-packages/airflow/example_dags/example_branch_operator.py for tasks to queue
[2025-01-28T22:52:06.508+0000] {logging_mixin.py:190} INFO - [2025-01-28T22:52:06.508+0000] {dagbag.py:588} INFO - Filling up the DagBag from /home/airflow/.local/lib/python3.12/site-packages/airflow/example_dags/example_branch_operator.py
[2025-01-28T22:52:06.630+0000] {processor.py:925} INFO - DAG(s) 'example_branch_operator' retrieved from /home/airflow/.local/lib/python3.12/site-packages/airflow/example_dags/example_branch_operator.py
[2025-01-28T22:52:06.848+0000] {logging_mixin.py:190} INFO - [2025-01-28T22:52:06.847+0000] {dag.py:3239} INFO - Sync 1 DAGs
[2025-01-28T22:52:07.024+0000] {logging_mixin.py:190} INFO - [2025-01-28T22:52:07.024+0000] {dag.py:4180} INFO - Setting next_dagrun for example_branch_operator to 2025-01-27 00:00:00+00:00, run_after=2025-01-28 00:00:00+00:00
[2025-01-28T22:52:08.709+0000] {processor.py:208} INFO - Processing /home/airflow/.local/lib/python3.12/site-packages/airflow/example_dags/example_branch_operator.py took 2.371 seconds
[2025-01-28T22:52:39.078+0000] {processor.py:186} INFO - Started process (PID=71410) to work on /home/airflow/.local/lib/python3.12/site-packages/airflow/example_dags/example_branch_operator.py
[2025-01-28T22:52:39.088+0000] {processor.py:914} INFO - Processing file /home/airflow/.local/lib/python3.12/site-packages/airflow/example_dags/example_branch_operator.py for tasks to queue
[2025-01-28T22:52:39.093+0000] {logging_mixin.py:190} INFO - [2025-01-28T22:52:39.093+0000] {dagbag.py:588} INFO - Filling up the DagBag from /home/airflow/.local/lib/python3.12/site-packages/airflow/example_dags/example_branch_operator.py
[2025-01-28T22:52:39.147+0000] {processor.py:925} INFO - DAG(s) 'example_branch_operator' retrieved from /home/airflow/.local/lib/python3.12/site-packages/airflow/example_dags/example_branch_operator.py
[2025-01-28T22:52:39.231+0000] {logging_mixin.py:190} INFO - [2025-01-28T22:52:39.230+0000] {dag.py:3239} INFO - Sync 1 DAGs
[2025-01-28T22:52:39.295+0000] {logging_mixin.py:190} INFO - [2025-01-28T22:52:39.295+0000] {dag.py:4180} INFO - Setting next_dagrun for example_branch_operator to 2025-01-27 00:00:00+00:00, run_after=2025-01-28 00:00:00+00:00
[2025-01-28T22:52:39.354+0000] {processor.py:208} INFO - Processing /home/airflow/.local/lib/python3.12/site-packages/airflow/example_dags/example_branch_operator.py took 0.285 seconds
[2025-01-28T22:53:13.850+0000] {processor.py:186} INFO - Started process (PID=71704) to work on /home/airflow/.local/lib/python3.12/site-packages/airflow/example_dags/example_branch_operator.py
[2025-01-28T22:53:13.856+0000] {processor.py:914} INFO - Processing file /home/airflow/.local/lib/python3.12/site-packages/airflow/example_dags/example_branch_operator.py for tasks to queue
[2025-01-28T22:53:13.861+0000] {logging_mixin.py:190} INFO - [2025-01-28T22:53:13.860+0000] {dagbag.py:588} INFO - Filling up the DagBag from /home/airflow/.local/lib/python3.12/site-packages/airflow/example_dags/example_branch_operator.py
[2025-01-28T22:53:13.929+0000] {processor.py:925} INFO - DAG(s) 'example_branch_operator' retrieved from /home/airflow/.local/lib/python3.12/site-packages/airflow/example_dags/example_branch_operator.py
[2025-01-28T22:53:14.448+0000] {logging_mixin.py:190} INFO - [2025-01-28T22:53:14.448+0000] {dag.py:3239} INFO - Sync 1 DAGs
[2025-01-28T22:53:14.553+0000] {logging_mixin.py:190} INFO - [2025-01-28T22:53:14.553+0000] {dag.py:4180} INFO - Setting next_dagrun for example_branch_operator to 2025-01-27 00:00:00+00:00, run_after=2025-01-28 00:00:00+00:00
[2025-01-28T22:53:14.634+0000] {processor.py:208} INFO - Processing /home/airflow/.local/lib/python3.12/site-packages/airflow/example_dags/example_branch_operator.py took 0.803 seconds
