[2025-01-28T22:42:49.392+0000] {processor.py:186} INFO - Started process (PID=65681) to work on /home/airflow/.local/lib/python3.12/site-packages/airflow/example_dags/example_xcom.py
[2025-01-28T22:42:49.394+0000] {processor.py:914} INFO - Processing file /home/airflow/.local/lib/python3.12/site-packages/airflow/example_dags/example_xcom.py for tasks to queue
[2025-01-28T22:42:49.406+0000] {logging_mixin.py:190} INFO - [2025-01-28T22:42:49.406+0000] {dagbag.py:588} INFO - Filling up the DagBag from /home/airflow/.local/lib/python3.12/site-packages/airflow/example_dags/example_xcom.py
[2025-01-28T22:42:49.434+0000] {processor.py:925} INFO - DAG(s) 'example_xcom' retrieved from /home/airflow/.local/lib/python3.12/site-packages/airflow/example_dags/example_xcom.py
[2025-01-28T22:42:49.471+0000] {logging_mixin.py:190} INFO - [2025-01-28T22:42:49.471+0000] {dag.py:3239} INFO - Sync 1 DAGs
[2025-01-28T22:42:49.534+0000] {logging_mixin.py:190} INFO - [2025-01-28T22:42:49.533+0000] {dag.py:4180} INFO - Setting next_dagrun for example_xcom to 2021-01-01 00:00:00+00:00, run_after=2021-01-01 00:00:00+00:00
[2025-01-28T22:42:49.589+0000] {processor.py:208} INFO - Processing /home/airflow/.local/lib/python3.12/site-packages/airflow/example_dags/example_xcom.py took 0.206 seconds
[2025-01-28T22:43:20.081+0000] {processor.py:186} INFO - Started process (PID=65976) to work on /home/airflow/.local/lib/python3.12/site-packages/airflow/example_dags/example_xcom.py
[2025-01-28T22:43:20.082+0000] {processor.py:914} INFO - Processing file /home/airflow/.local/lib/python3.12/site-packages/airflow/example_dags/example_xcom.py for tasks to queue
[2025-01-28T22:43:20.085+0000] {logging_mixin.py:190} INFO - [2025-01-28T22:43:20.084+0000] {dagbag.py:588} INFO - Filling up the DagBag from /home/airflow/.local/lib/python3.12/site-packages/airflow/example_dags/example_xcom.py
[2025-01-28T22:43:20.097+0000] {processor.py:925} INFO - DAG(s) 'example_xcom' retrieved from /home/airflow/.local/lib/python3.12/site-packages/airflow/example_dags/example_xcom.py
[2025-01-28T22:43:20.120+0000] {logging_mixin.py:190} INFO - [2025-01-28T22:43:20.119+0000] {dag.py:3239} INFO - Sync 1 DAGs
[2025-01-28T22:43:20.143+0000] {logging_mixin.py:190} INFO - [2025-01-28T22:43:20.143+0000] {dag.py:4180} INFO - Setting next_dagrun for example_xcom to 2021-01-01 00:00:00+00:00, run_after=2021-01-01 00:00:00+00:00
[2025-01-28T22:43:20.161+0000] {processor.py:208} INFO - Processing /home/airflow/.local/lib/python3.12/site-packages/airflow/example_dags/example_xcom.py took 0.087 seconds
[2025-01-28T22:43:50.995+0000] {processor.py:186} INFO - Started process (PID=66272) to work on /home/airflow/.local/lib/python3.12/site-packages/airflow/example_dags/example_xcom.py
[2025-01-28T22:43:50.996+0000] {processor.py:914} INFO - Processing file /home/airflow/.local/lib/python3.12/site-packages/airflow/example_dags/example_xcom.py for tasks to queue
[2025-01-28T22:43:50.997+0000] {logging_mixin.py:190} INFO - [2025-01-28T22:43:50.997+0000] {dagbag.py:588} INFO - Filling up the DagBag from /home/airflow/.local/lib/python3.12/site-packages/airflow/example_dags/example_xcom.py
[2025-01-28T22:43:51.005+0000] {processor.py:925} INFO - DAG(s) 'example_xcom' retrieved from /home/airflow/.local/lib/python3.12/site-packages/airflow/example_dags/example_xcom.py
[2025-01-28T22:43:51.023+0000] {logging_mixin.py:190} INFO - [2025-01-28T22:43:51.023+0000] {dag.py:3239} INFO - Sync 1 DAGs
[2025-01-28T22:43:51.041+0000] {logging_mixin.py:190} INFO - [2025-01-28T22:43:51.040+0000] {dag.py:4180} INFO - Setting next_dagrun for example_xcom to 2021-01-01 00:00:00+00:00, run_after=2021-01-01 00:00:00+00:00
[2025-01-28T22:43:51.058+0000] {processor.py:208} INFO - Processing /home/airflow/.local/lib/python3.12/site-packages/airflow/example_dags/example_xcom.py took 0.068 seconds
[2025-01-28T22:44:21.130+0000] {processor.py:186} INFO - Started process (PID=66568) to work on /home/airflow/.local/lib/python3.12/site-packages/airflow/example_dags/example_xcom.py
[2025-01-28T22:44:21.132+0000] {processor.py:914} INFO - Processing file /home/airflow/.local/lib/python3.12/site-packages/airflow/example_dags/example_xcom.py for tasks to queue
[2025-01-28T22:44:21.134+0000] {logging_mixin.py:190} INFO - [2025-01-28T22:44:21.134+0000] {dagbag.py:588} INFO - Filling up the DagBag from /home/airflow/.local/lib/python3.12/site-packages/airflow/example_dags/example_xcom.py
[2025-01-28T22:44:21.143+0000] {processor.py:925} INFO - DAG(s) 'example_xcom' retrieved from /home/airflow/.local/lib/python3.12/site-packages/airflow/example_dags/example_xcom.py
[2025-01-28T22:44:21.165+0000] {logging_mixin.py:190} INFO - [2025-01-28T22:44:21.165+0000] {dag.py:3239} INFO - Sync 1 DAGs
[2025-01-28T22:44:21.189+0000] {logging_mixin.py:190} INFO - [2025-01-28T22:44:21.189+0000] {dag.py:4180} INFO - Setting next_dagrun for example_xcom to 2021-01-01 00:00:00+00:00, run_after=2021-01-01 00:00:00+00:00
[2025-01-28T22:44:21.214+0000] {processor.py:208} INFO - Processing /home/airflow/.local/lib/python3.12/site-packages/airflow/example_dags/example_xcom.py took 0.090 seconds
[2025-01-28T22:44:51.603+0000] {processor.py:186} INFO - Started process (PID=66864) to work on /home/airflow/.local/lib/python3.12/site-packages/airflow/example_dags/example_xcom.py
[2025-01-28T22:44:51.605+0000] {processor.py:914} INFO - Processing file /home/airflow/.local/lib/python3.12/site-packages/airflow/example_dags/example_xcom.py for tasks to queue
[2025-01-28T22:44:51.608+0000] {logging_mixin.py:190} INFO - [2025-01-28T22:44:51.607+0000] {dagbag.py:588} INFO - Filling up the DagBag from /home/airflow/.local/lib/python3.12/site-packages/airflow/example_dags/example_xcom.py
[2025-01-28T22:44:51.618+0000] {processor.py:925} INFO - DAG(s) 'example_xcom' retrieved from /home/airflow/.local/lib/python3.12/site-packages/airflow/example_dags/example_xcom.py
[2025-01-28T22:44:51.639+0000] {logging_mixin.py:190} INFO - [2025-01-28T22:44:51.639+0000] {dag.py:3239} INFO - Sync 1 DAGs
[2025-01-28T22:44:51.658+0000] {logging_mixin.py:190} INFO - [2025-01-28T22:44:51.658+0000] {dag.py:4180} INFO - Setting next_dagrun for example_xcom to 2021-01-01 00:00:00+00:00, run_after=2021-01-01 00:00:00+00:00
[2025-01-28T22:44:51.679+0000] {processor.py:208} INFO - Processing /home/airflow/.local/lib/python3.12/site-packages/airflow/example_dags/example_xcom.py took 0.082 seconds
[2025-01-28T22:45:22.313+0000] {processor.py:186} INFO - Started process (PID=67160) to work on /home/airflow/.local/lib/python3.12/site-packages/airflow/example_dags/example_xcom.py
[2025-01-28T22:45:22.314+0000] {processor.py:914} INFO - Processing file /home/airflow/.local/lib/python3.12/site-packages/airflow/example_dags/example_xcom.py for tasks to queue
[2025-01-28T22:45:22.316+0000] {logging_mixin.py:190} INFO - [2025-01-28T22:45:22.315+0000] {dagbag.py:588} INFO - Filling up the DagBag from /home/airflow/.local/lib/python3.12/site-packages/airflow/example_dags/example_xcom.py
[2025-01-28T22:45:22.323+0000] {processor.py:925} INFO - DAG(s) 'example_xcom' retrieved from /home/airflow/.local/lib/python3.12/site-packages/airflow/example_dags/example_xcom.py
[2025-01-28T22:45:22.340+0000] {logging_mixin.py:190} INFO - [2025-01-28T22:45:22.340+0000] {dag.py:3239} INFO - Sync 1 DAGs
[2025-01-28T22:45:22.361+0000] {logging_mixin.py:190} INFO - [2025-01-28T22:45:22.360+0000] {dag.py:4180} INFO - Setting next_dagrun for example_xcom to 2021-01-01 00:00:00+00:00, run_after=2021-01-01 00:00:00+00:00
[2025-01-28T22:45:22.382+0000] {processor.py:208} INFO - Processing /home/airflow/.local/lib/python3.12/site-packages/airflow/example_dags/example_xcom.py took 0.074 seconds
[2025-01-28T22:45:52.824+0000] {processor.py:186} INFO - Started process (PID=67456) to work on /home/airflow/.local/lib/python3.12/site-packages/airflow/example_dags/example_xcom.py
[2025-01-28T22:45:52.825+0000] {processor.py:914} INFO - Processing file /home/airflow/.local/lib/python3.12/site-packages/airflow/example_dags/example_xcom.py for tasks to queue
[2025-01-28T22:45:52.827+0000] {logging_mixin.py:190} INFO - [2025-01-28T22:45:52.826+0000] {dagbag.py:588} INFO - Filling up the DagBag from /home/airflow/.local/lib/python3.12/site-packages/airflow/example_dags/example_xcom.py
[2025-01-28T22:45:52.835+0000] {processor.py:925} INFO - DAG(s) 'example_xcom' retrieved from /home/airflow/.local/lib/python3.12/site-packages/airflow/example_dags/example_xcom.py
[2025-01-28T22:45:52.854+0000] {logging_mixin.py:190} INFO - [2025-01-28T22:45:52.854+0000] {dag.py:3239} INFO - Sync 1 DAGs
[2025-01-28T22:45:52.873+0000] {logging_mixin.py:190} INFO - [2025-01-28T22:45:52.872+0000] {dag.py:4180} INFO - Setting next_dagrun for example_xcom to 2021-01-01 00:00:00+00:00, run_after=2021-01-01 00:00:00+00:00
[2025-01-28T22:45:52.889+0000] {processor.py:208} INFO - Processing /home/airflow/.local/lib/python3.12/site-packages/airflow/example_dags/example_xcom.py took 0.071 seconds
[2025-01-28T22:46:22.981+0000] {processor.py:186} INFO - Started process (PID=67752) to work on /home/airflow/.local/lib/python3.12/site-packages/airflow/example_dags/example_xcom.py
[2025-01-28T22:46:22.982+0000] {processor.py:914} INFO - Processing file /home/airflow/.local/lib/python3.12/site-packages/airflow/example_dags/example_xcom.py for tasks to queue
[2025-01-28T22:46:22.984+0000] {logging_mixin.py:190} INFO - [2025-01-28T22:46:22.984+0000] {dagbag.py:588} INFO - Filling up the DagBag from /home/airflow/.local/lib/python3.12/site-packages/airflow/example_dags/example_xcom.py
[2025-01-28T22:46:22.992+0000] {processor.py:925} INFO - DAG(s) 'example_xcom' retrieved from /home/airflow/.local/lib/python3.12/site-packages/airflow/example_dags/example_xcom.py
[2025-01-28T22:46:23.012+0000] {logging_mixin.py:190} INFO - [2025-01-28T22:46:23.012+0000] {dag.py:3239} INFO - Sync 1 DAGs
[2025-01-28T22:46:23.032+0000] {logging_mixin.py:190} INFO - [2025-01-28T22:46:23.032+0000] {dag.py:4180} INFO - Setting next_dagrun for example_xcom to 2021-01-01 00:00:00+00:00, run_after=2021-01-01 00:00:00+00:00
[2025-01-28T22:46:23.052+0000] {processor.py:208} INFO - Processing /home/airflow/.local/lib/python3.12/site-packages/airflow/example_dags/example_xcom.py took 0.077 seconds
[2025-01-28T22:46:53.236+0000] {processor.py:186} INFO - Started process (PID=68048) to work on /home/airflow/.local/lib/python3.12/site-packages/airflow/example_dags/example_xcom.py
[2025-01-28T22:46:53.237+0000] {processor.py:914} INFO - Processing file /home/airflow/.local/lib/python3.12/site-packages/airflow/example_dags/example_xcom.py for tasks to queue
[2025-01-28T22:46:53.240+0000] {logging_mixin.py:190} INFO - [2025-01-28T22:46:53.239+0000] {dagbag.py:588} INFO - Filling up the DagBag from /home/airflow/.local/lib/python3.12/site-packages/airflow/example_dags/example_xcom.py
[2025-01-28T22:46:53.256+0000] {processor.py:925} INFO - DAG(s) 'example_xcom' retrieved from /home/airflow/.local/lib/python3.12/site-packages/airflow/example_dags/example_xcom.py
[2025-01-28T22:46:53.281+0000] {logging_mixin.py:190} INFO - [2025-01-28T22:46:53.281+0000] {dag.py:3239} INFO - Sync 1 DAGs
[2025-01-28T22:46:53.307+0000] {logging_mixin.py:190} INFO - [2025-01-28T22:46:53.307+0000] {dag.py:4180} INFO - Setting next_dagrun for example_xcom to 2021-01-01 00:00:00+00:00, run_after=2021-01-01 00:00:00+00:00
[2025-01-28T22:46:53.330+0000] {processor.py:208} INFO - Processing /home/airflow/.local/lib/python3.12/site-packages/airflow/example_dags/example_xcom.py took 0.098 seconds
[2025-01-28T22:47:23.729+0000] {processor.py:186} INFO - Started process (PID=68344) to work on /home/airflow/.local/lib/python3.12/site-packages/airflow/example_dags/example_xcom.py
[2025-01-28T22:47:23.730+0000] {processor.py:914} INFO - Processing file /home/airflow/.local/lib/python3.12/site-packages/airflow/example_dags/example_xcom.py for tasks to queue
[2025-01-28T22:47:23.732+0000] {logging_mixin.py:190} INFO - [2025-01-28T22:47:23.732+0000] {dagbag.py:588} INFO - Filling up the DagBag from /home/airflow/.local/lib/python3.12/site-packages/airflow/example_dags/example_xcom.py
[2025-01-28T22:47:23.740+0000] {processor.py:925} INFO - DAG(s) 'example_xcom' retrieved from /home/airflow/.local/lib/python3.12/site-packages/airflow/example_dags/example_xcom.py
[2025-01-28T22:47:23.758+0000] {logging_mixin.py:190} INFO - [2025-01-28T22:47:23.757+0000] {dag.py:3239} INFO - Sync 1 DAGs
[2025-01-28T22:47:23.777+0000] {logging_mixin.py:190} INFO - [2025-01-28T22:47:23.777+0000] {dag.py:4180} INFO - Setting next_dagrun for example_xcom to 2021-01-01 00:00:00+00:00, run_after=2021-01-01 00:00:00+00:00
[2025-01-28T22:47:23.801+0000] {processor.py:208} INFO - Processing /home/airflow/.local/lib/python3.12/site-packages/airflow/example_dags/example_xcom.py took 0.076 seconds
[2025-01-28T22:47:54.300+0000] {processor.py:186} INFO - Started process (PID=68640) to work on /home/airflow/.local/lib/python3.12/site-packages/airflow/example_dags/example_xcom.py
[2025-01-28T22:47:54.301+0000] {processor.py:914} INFO - Processing file /home/airflow/.local/lib/python3.12/site-packages/airflow/example_dags/example_xcom.py for tasks to queue
[2025-01-28T22:47:54.304+0000] {logging_mixin.py:190} INFO - [2025-01-28T22:47:54.303+0000] {dagbag.py:588} INFO - Filling up the DagBag from /home/airflow/.local/lib/python3.12/site-packages/airflow/example_dags/example_xcom.py
[2025-01-28T22:47:54.312+0000] {processor.py:925} INFO - DAG(s) 'example_xcom' retrieved from /home/airflow/.local/lib/python3.12/site-packages/airflow/example_dags/example_xcom.py
[2025-01-28T22:47:54.334+0000] {logging_mixin.py:190} INFO - [2025-01-28T22:47:54.334+0000] {dag.py:3239} INFO - Sync 1 DAGs
[2025-01-28T22:47:54.362+0000] {logging_mixin.py:190} INFO - [2025-01-28T22:47:54.362+0000] {dag.py:4180} INFO - Setting next_dagrun for example_xcom to 2021-01-01 00:00:00+00:00, run_after=2021-01-01 00:00:00+00:00
[2025-01-28T22:47:54.381+0000] {processor.py:208} INFO - Processing /home/airflow/.local/lib/python3.12/site-packages/airflow/example_dags/example_xcom.py took 0.086 seconds
[2025-01-28T22:48:24.768+0000] {processor.py:186} INFO - Started process (PID=68938) to work on /home/airflow/.local/lib/python3.12/site-packages/airflow/example_dags/example_xcom.py
[2025-01-28T22:48:24.769+0000] {processor.py:914} INFO - Processing file /home/airflow/.local/lib/python3.12/site-packages/airflow/example_dags/example_xcom.py for tasks to queue
[2025-01-28T22:48:24.773+0000] {logging_mixin.py:190} INFO - [2025-01-28T22:48:24.773+0000] {dagbag.py:588} INFO - Filling up the DagBag from /home/airflow/.local/lib/python3.12/site-packages/airflow/example_dags/example_xcom.py
[2025-01-28T22:48:24.782+0000] {processor.py:925} INFO - DAG(s) 'example_xcom' retrieved from /home/airflow/.local/lib/python3.12/site-packages/airflow/example_dags/example_xcom.py
[2025-01-28T22:48:24.802+0000] {logging_mixin.py:190} INFO - [2025-01-28T22:48:24.801+0000] {dag.py:3239} INFO - Sync 1 DAGs
[2025-01-28T22:48:24.828+0000] {logging_mixin.py:190} INFO - [2025-01-28T22:48:24.827+0000] {dag.py:4180} INFO - Setting next_dagrun for example_xcom to 2021-01-01 00:00:00+00:00, run_after=2021-01-01 00:00:00+00:00
[2025-01-28T22:48:24.845+0000] {processor.py:208} INFO - Processing /home/airflow/.local/lib/python3.12/site-packages/airflow/example_dags/example_xcom.py took 0.084 seconds
[2025-01-28T22:48:55.469+0000] {processor.py:186} INFO - Started process (PID=69238) to work on /home/airflow/.local/lib/python3.12/site-packages/airflow/example_dags/example_xcom.py
[2025-01-28T22:48:55.470+0000] {processor.py:914} INFO - Processing file /home/airflow/.local/lib/python3.12/site-packages/airflow/example_dags/example_xcom.py for tasks to queue
[2025-01-28T22:48:55.472+0000] {logging_mixin.py:190} INFO - [2025-01-28T22:48:55.472+0000] {dagbag.py:588} INFO - Filling up the DagBag from /home/airflow/.local/lib/python3.12/site-packages/airflow/example_dags/example_xcom.py
[2025-01-28T22:48:55.484+0000] {processor.py:925} INFO - DAG(s) 'example_xcom' retrieved from /home/airflow/.local/lib/python3.12/site-packages/airflow/example_dags/example_xcom.py
[2025-01-28T22:48:55.504+0000] {logging_mixin.py:190} INFO - [2025-01-28T22:48:55.503+0000] {dag.py:3239} INFO - Sync 1 DAGs
[2025-01-28T22:48:55.535+0000] {logging_mixin.py:190} INFO - [2025-01-28T22:48:55.535+0000] {dag.py:4180} INFO - Setting next_dagrun for example_xcom to 2021-01-01 00:00:00+00:00, run_after=2021-01-01 00:00:00+00:00
[2025-01-28T22:48:55.562+0000] {processor.py:208} INFO - Processing /home/airflow/.local/lib/python3.12/site-packages/airflow/example_dags/example_xcom.py took 0.102 seconds
[2025-01-28T22:49:26.134+0000] {processor.py:186} INFO - Started process (PID=69535) to work on /home/airflow/.local/lib/python3.12/site-packages/airflow/example_dags/example_xcom.py
[2025-01-28T22:49:26.135+0000] {processor.py:914} INFO - Processing file /home/airflow/.local/lib/python3.12/site-packages/airflow/example_dags/example_xcom.py for tasks to queue
[2025-01-28T22:49:26.138+0000] {logging_mixin.py:190} INFO - [2025-01-28T22:49:26.137+0000] {dagbag.py:588} INFO - Filling up the DagBag from /home/airflow/.local/lib/python3.12/site-packages/airflow/example_dags/example_xcom.py
[2025-01-28T22:49:26.160+0000] {processor.py:925} INFO - DAG(s) 'example_xcom' retrieved from /home/airflow/.local/lib/python3.12/site-packages/airflow/example_dags/example_xcom.py
[2025-01-28T22:49:26.250+0000] {logging_mixin.py:190} INFO - [2025-01-28T22:49:26.249+0000] {dag.py:3239} INFO - Sync 1 DAGs
[2025-01-28T22:49:26.281+0000] {logging_mixin.py:190} INFO - [2025-01-28T22:49:26.281+0000] {dag.py:4180} INFO - Setting next_dagrun for example_xcom to 2021-01-01 00:00:00+00:00, run_after=2021-01-01 00:00:00+00:00
[2025-01-28T22:49:26.305+0000] {processor.py:208} INFO - Processing /home/airflow/.local/lib/python3.12/site-packages/airflow/example_dags/example_xcom.py took 0.177 seconds
[2025-01-28T22:49:56.813+0000] {processor.py:186} INFO - Started process (PID=69832) to work on /home/airflow/.local/lib/python3.12/site-packages/airflow/example_dags/example_xcom.py
[2025-01-28T22:49:56.815+0000] {processor.py:914} INFO - Processing file /home/airflow/.local/lib/python3.12/site-packages/airflow/example_dags/example_xcom.py for tasks to queue
[2025-01-28T22:49:56.817+0000] {logging_mixin.py:190} INFO - [2025-01-28T22:49:56.817+0000] {dagbag.py:588} INFO - Filling up the DagBag from /home/airflow/.local/lib/python3.12/site-packages/airflow/example_dags/example_xcom.py
[2025-01-28T22:49:56.827+0000] {processor.py:925} INFO - DAG(s) 'example_xcom' retrieved from /home/airflow/.local/lib/python3.12/site-packages/airflow/example_dags/example_xcom.py
[2025-01-28T22:49:56.847+0000] {logging_mixin.py:190} INFO - [2025-01-28T22:49:56.847+0000] {dag.py:3239} INFO - Sync 1 DAGs
[2025-01-28T22:49:56.874+0000] {logging_mixin.py:190} INFO - [2025-01-28T22:49:56.873+0000] {dag.py:4180} INFO - Setting next_dagrun for example_xcom to 2021-01-01 00:00:00+00:00, run_after=2021-01-01 00:00:00+00:00
[2025-01-28T22:49:56.891+0000] {processor.py:208} INFO - Processing /home/airflow/.local/lib/python3.12/site-packages/airflow/example_dags/example_xcom.py took 0.085 seconds
[2025-01-28T22:50:27.469+0000] {processor.py:186} INFO - Started process (PID=70127) to work on /home/airflow/.local/lib/python3.12/site-packages/airflow/example_dags/example_xcom.py
[2025-01-28T22:50:27.471+0000] {processor.py:914} INFO - Processing file /home/airflow/.local/lib/python3.12/site-packages/airflow/example_dags/example_xcom.py for tasks to queue
[2025-01-28T22:50:27.474+0000] {logging_mixin.py:190} INFO - [2025-01-28T22:50:27.474+0000] {dagbag.py:588} INFO - Filling up the DagBag from /home/airflow/.local/lib/python3.12/site-packages/airflow/example_dags/example_xcom.py
[2025-01-28T22:50:27.484+0000] {processor.py:925} INFO - DAG(s) 'example_xcom' retrieved from /home/airflow/.local/lib/python3.12/site-packages/airflow/example_dags/example_xcom.py
[2025-01-28T22:50:27.511+0000] {logging_mixin.py:190} INFO - [2025-01-28T22:50:27.511+0000] {dag.py:3239} INFO - Sync 1 DAGs
[2025-01-28T22:50:27.540+0000] {logging_mixin.py:190} INFO - [2025-01-28T22:50:27.539+0000] {dag.py:4180} INFO - Setting next_dagrun for example_xcom to 2021-01-01 00:00:00+00:00, run_after=2021-01-01 00:00:00+00:00
[2025-01-28T22:50:27.559+0000] {processor.py:208} INFO - Processing /home/airflow/.local/lib/python3.12/site-packages/airflow/example_dags/example_xcom.py took 0.096 seconds
[2025-01-28T22:50:57.954+0000] {processor.py:186} INFO - Started process (PID=70424) to work on /home/airflow/.local/lib/python3.12/site-packages/airflow/example_dags/example_xcom.py
[2025-01-28T22:50:57.955+0000] {processor.py:914} INFO - Processing file /home/airflow/.local/lib/python3.12/site-packages/airflow/example_dags/example_xcom.py for tasks to queue
[2025-01-28T22:50:57.958+0000] {logging_mixin.py:190} INFO - [2025-01-28T22:50:57.957+0000] {dagbag.py:588} INFO - Filling up the DagBag from /home/airflow/.local/lib/python3.12/site-packages/airflow/example_dags/example_xcom.py
[2025-01-28T22:50:57.968+0000] {processor.py:925} INFO - DAG(s) 'example_xcom' retrieved from /home/airflow/.local/lib/python3.12/site-packages/airflow/example_dags/example_xcom.py
[2025-01-28T22:50:57.991+0000] {logging_mixin.py:190} INFO - [2025-01-28T22:50:57.991+0000] {dag.py:3239} INFO - Sync 1 DAGs
[2025-01-28T22:50:58.022+0000] {logging_mixin.py:190} INFO - [2025-01-28T22:50:58.022+0000] {dag.py:4180} INFO - Setting next_dagrun for example_xcom to 2021-01-01 00:00:00+00:00, run_after=2021-01-01 00:00:00+00:00
[2025-01-28T22:50:58.040+0000] {processor.py:208} INFO - Processing /home/airflow/.local/lib/python3.12/site-packages/airflow/example_dags/example_xcom.py took 0.092 seconds
[2025-01-28T22:51:28.230+0000] {processor.py:186} INFO - Started process (PID=70720) to work on /home/airflow/.local/lib/python3.12/site-packages/airflow/example_dags/example_xcom.py
[2025-01-28T22:51:28.231+0000] {processor.py:914} INFO - Processing file /home/airflow/.local/lib/python3.12/site-packages/airflow/example_dags/example_xcom.py for tasks to queue
[2025-01-28T22:51:28.233+0000] {logging_mixin.py:190} INFO - [2025-01-28T22:51:28.233+0000] {dagbag.py:588} INFO - Filling up the DagBag from /home/airflow/.local/lib/python3.12/site-packages/airflow/example_dags/example_xcom.py
[2025-01-28T22:51:28.243+0000] {processor.py:925} INFO - DAG(s) 'example_xcom' retrieved from /home/airflow/.local/lib/python3.12/site-packages/airflow/example_dags/example_xcom.py
[2025-01-28T22:51:28.266+0000] {logging_mixin.py:190} INFO - [2025-01-28T22:51:28.265+0000] {dag.py:3239} INFO - Sync 1 DAGs
[2025-01-28T22:51:28.288+0000] {logging_mixin.py:190} INFO - [2025-01-28T22:51:28.288+0000] {dag.py:4180} INFO - Setting next_dagrun for example_xcom to 2021-01-01 00:00:00+00:00, run_after=2021-01-01 00:00:00+00:00
[2025-01-28T22:51:28.312+0000] {processor.py:208} INFO - Processing /home/airflow/.local/lib/python3.12/site-packages/airflow/example_dags/example_xcom.py took 0.088 seconds
[2025-01-28T22:51:59.328+0000] {processor.py:186} INFO - Started process (PID=71017) to work on /home/airflow/.local/lib/python3.12/site-packages/airflow/example_dags/example_xcom.py
[2025-01-28T22:51:59.329+0000] {processor.py:914} INFO - Processing file /home/airflow/.local/lib/python3.12/site-packages/airflow/example_dags/example_xcom.py for tasks to queue
[2025-01-28T22:51:59.333+0000] {logging_mixin.py:190} INFO - [2025-01-28T22:51:59.332+0000] {dagbag.py:588} INFO - Filling up the DagBag from /home/airflow/.local/lib/python3.12/site-packages/airflow/example_dags/example_xcom.py
[2025-01-28T22:51:59.349+0000] {processor.py:925} INFO - DAG(s) 'example_xcom' retrieved from /home/airflow/.local/lib/python3.12/site-packages/airflow/example_dags/example_xcom.py
[2025-01-28T22:51:59.379+0000] {logging_mixin.py:190} INFO - [2025-01-28T22:51:59.378+0000] {dag.py:3239} INFO - Sync 1 DAGs
[2025-01-28T22:51:59.419+0000] {logging_mixin.py:190} INFO - [2025-01-28T22:51:59.418+0000] {dag.py:4180} INFO - Setting next_dagrun for example_xcom to 2021-01-01 00:00:00+00:00, run_after=2021-01-01 00:00:00+00:00
[2025-01-28T22:51:59.446+0000] {processor.py:208} INFO - Processing /home/airflow/.local/lib/python3.12/site-packages/airflow/example_dags/example_xcom.py took 0.127 seconds
[2025-01-28T22:52:32.772+0000] {processor.py:186} INFO - Started process (PID=71315) to work on /home/airflow/.local/lib/python3.12/site-packages/airflow/example_dags/example_xcom.py
[2025-01-28T22:52:32.774+0000] {processor.py:914} INFO - Processing file /home/airflow/.local/lib/python3.12/site-packages/airflow/example_dags/example_xcom.py for tasks to queue
[2025-01-28T22:52:32.781+0000] {logging_mixin.py:190} INFO - [2025-01-28T22:52:32.781+0000] {dagbag.py:588} INFO - Filling up the DagBag from /home/airflow/.local/lib/python3.12/site-packages/airflow/example_dags/example_xcom.py
[2025-01-28T22:52:32.816+0000] {processor.py:925} INFO - DAG(s) 'example_xcom' retrieved from /home/airflow/.local/lib/python3.12/site-packages/airflow/example_dags/example_xcom.py
[2025-01-28T22:52:32.925+0000] {logging_mixin.py:190} INFO - [2025-01-28T22:52:32.924+0000] {dag.py:3239} INFO - Sync 1 DAGs
[2025-01-28T22:52:33.005+0000] {logging_mixin.py:190} INFO - [2025-01-28T22:52:33.004+0000] {dag.py:4180} INFO - Setting next_dagrun for example_xcom to 2021-01-01 00:00:00+00:00, run_after=2021-01-01 00:00:00+00:00
[2025-01-28T22:52:33.085+0000] {processor.py:208} INFO - Processing /home/airflow/.local/lib/python3.12/site-packages/airflow/example_dags/example_xcom.py took 0.331 seconds
[2025-01-28T22:53:03.355+0000] {processor.py:186} INFO - Started process (PID=71609) to work on /home/airflow/.local/lib/python3.12/site-packages/airflow/example_dags/example_xcom.py
[2025-01-28T22:53:03.357+0000] {processor.py:914} INFO - Processing file /home/airflow/.local/lib/python3.12/site-packages/airflow/example_dags/example_xcom.py for tasks to queue
[2025-01-28T22:53:03.400+0000] {logging_mixin.py:190} INFO - [2025-01-28T22:53:03.399+0000] {dagbag.py:588} INFO - Filling up the DagBag from /home/airflow/.local/lib/python3.12/site-packages/airflow/example_dags/example_xcom.py
[2025-01-28T22:53:03.502+0000] {processor.py:925} INFO - DAG(s) 'example_xcom' retrieved from /home/airflow/.local/lib/python3.12/site-packages/airflow/example_dags/example_xcom.py
[2025-01-28T22:53:03.602+0000] {logging_mixin.py:190} INFO - [2025-01-28T22:53:03.602+0000] {dag.py:3239} INFO - Sync 1 DAGs
[2025-01-28T22:53:04.128+0000] {logging_mixin.py:190} INFO - [2025-01-28T22:53:04.119+0000] {dag.py:4180} INFO - Setting next_dagrun for example_xcom to 2021-01-01 00:00:00+00:00, run_after=2021-01-01 00:00:00+00:00
[2025-01-28T22:53:04.319+0000] {processor.py:208} INFO - Processing /home/airflow/.local/lib/python3.12/site-packages/airflow/example_dags/example_xcom.py took 0.978 seconds
