[2025-01-28T22:42:53.450+0000] {processor.py:186} INFO - Started process (PID=65741) to work on /home/airflow/.local/lib/python3.12/site-packages/airflow/example_dags/example_trigger_controller_dag.py
[2025-01-28T22:42:53.452+0000] {processor.py:914} INFO - Processing file /home/airflow/.local/lib/python3.12/site-packages/airflow/example_dags/example_trigger_controller_dag.py for tasks to queue
[2025-01-28T22:42:53.456+0000] {logging_mixin.py:190} INFO - [2025-01-28T22:42:53.456+0000] {dagbag.py:588} INFO - Filling up the DagBag from /home/airflow/.local/lib/python3.12/site-packages/airflow/example_dags/example_trigger_controller_dag.py
[2025-01-28T22:42:53.475+0000] {processor.py:925} INFO - DAG(s) 'example_trigger_controller_dag' retrieved from /home/airflow/.local/lib/python3.12/site-packages/airflow/example_dags/example_trigger_controller_dag.py
[2025-01-28T22:42:53.517+0000] {logging_mixin.py:190} INFO - [2025-01-28T22:42:53.517+0000] {dag.py:3239} INFO - Sync 1 DAGs
[2025-01-28T22:42:53.583+0000] {logging_mixin.py:190} INFO - [2025-01-28T22:42:53.582+0000] {dag.py:4180} INFO - Setting next_dagrun for example_trigger_controller_dag to 2021-01-01 00:00:00+00:00, run_after=2021-01-01 00:00:00+00:00
[2025-01-28T22:42:53.618+0000] {processor.py:208} INFO - Processing /home/airflow/.local/lib/python3.12/site-packages/airflow/example_dags/example_trigger_controller_dag.py took 0.179 seconds
[2025-01-28T22:43:23.935+0000] {processor.py:186} INFO - Started process (PID=66036) to work on /home/airflow/.local/lib/python3.12/site-packages/airflow/example_dags/example_trigger_controller_dag.py
[2025-01-28T22:43:23.936+0000] {processor.py:914} INFO - Processing file /home/airflow/.local/lib/python3.12/site-packages/airflow/example_dags/example_trigger_controller_dag.py for tasks to queue
[2025-01-28T22:43:23.940+0000] {logging_mixin.py:190} INFO - [2025-01-28T22:43:23.939+0000] {dagbag.py:588} INFO - Filling up the DagBag from /home/airflow/.local/lib/python3.12/site-packages/airflow/example_dags/example_trigger_controller_dag.py
[2025-01-28T22:43:23.952+0000] {processor.py:925} INFO - DAG(s) 'example_trigger_controller_dag' retrieved from /home/airflow/.local/lib/python3.12/site-packages/airflow/example_dags/example_trigger_controller_dag.py
[2025-01-28T22:43:23.975+0000] {logging_mixin.py:190} INFO - [2025-01-28T22:43:23.974+0000] {dag.py:3239} INFO - Sync 1 DAGs
[2025-01-28T22:43:24.024+0000] {logging_mixin.py:190} INFO - [2025-01-28T22:43:24.024+0000] {dag.py:4180} INFO - Setting next_dagrun for example_trigger_controller_dag to 2021-01-01 00:00:00+00:00, run_after=2021-01-01 00:00:00+00:00
[2025-01-28T22:43:24.059+0000] {processor.py:208} INFO - Processing /home/airflow/.local/lib/python3.12/site-packages/airflow/example_dags/example_trigger_controller_dag.py took 0.131 seconds
[2025-01-28T22:43:54.213+0000] {processor.py:186} INFO - Started process (PID=66332) to work on /home/airflow/.local/lib/python3.12/site-packages/airflow/example_dags/example_trigger_controller_dag.py
[2025-01-28T22:43:54.214+0000] {processor.py:914} INFO - Processing file /home/airflow/.local/lib/python3.12/site-packages/airflow/example_dags/example_trigger_controller_dag.py for tasks to queue
[2025-01-28T22:43:54.217+0000] {logging_mixin.py:190} INFO - [2025-01-28T22:43:54.217+0000] {dagbag.py:588} INFO - Filling up the DagBag from /home/airflow/.local/lib/python3.12/site-packages/airflow/example_dags/example_trigger_controller_dag.py
[2025-01-28T22:43:54.225+0000] {processor.py:925} INFO - DAG(s) 'example_trigger_controller_dag' retrieved from /home/airflow/.local/lib/python3.12/site-packages/airflow/example_dags/example_trigger_controller_dag.py
[2025-01-28T22:43:54.246+0000] {logging_mixin.py:190} INFO - [2025-01-28T22:43:54.245+0000] {dag.py:3239} INFO - Sync 1 DAGs
[2025-01-28T22:43:54.268+0000] {logging_mixin.py:190} INFO - [2025-01-28T22:43:54.268+0000] {dag.py:4180} INFO - Setting next_dagrun for example_trigger_controller_dag to 2021-01-01 00:00:00+00:00, run_after=2021-01-01 00:00:00+00:00
[2025-01-28T22:43:54.288+0000] {processor.py:208} INFO - Processing /home/airflow/.local/lib/python3.12/site-packages/airflow/example_dags/example_trigger_controller_dag.py took 0.081 seconds
[2025-01-28T22:44:24.919+0000] {processor.py:186} INFO - Started process (PID=66628) to work on /home/airflow/.local/lib/python3.12/site-packages/airflow/example_dags/example_trigger_controller_dag.py
[2025-01-28T22:44:24.920+0000] {processor.py:914} INFO - Processing file /home/airflow/.local/lib/python3.12/site-packages/airflow/example_dags/example_trigger_controller_dag.py for tasks to queue
[2025-01-28T22:44:24.923+0000] {logging_mixin.py:190} INFO - [2025-01-28T22:44:24.922+0000] {dagbag.py:588} INFO - Filling up the DagBag from /home/airflow/.local/lib/python3.12/site-packages/airflow/example_dags/example_trigger_controller_dag.py
[2025-01-28T22:44:24.931+0000] {processor.py:925} INFO - DAG(s) 'example_trigger_controller_dag' retrieved from /home/airflow/.local/lib/python3.12/site-packages/airflow/example_dags/example_trigger_controller_dag.py
[2025-01-28T22:44:24.954+0000] {logging_mixin.py:190} INFO - [2025-01-28T22:44:24.954+0000] {dag.py:3239} INFO - Sync 1 DAGs
[2025-01-28T22:44:24.977+0000] {logging_mixin.py:190} INFO - [2025-01-28T22:44:24.976+0000] {dag.py:4180} INFO - Setting next_dagrun for example_trigger_controller_dag to 2021-01-01 00:00:00+00:00, run_after=2021-01-01 00:00:00+00:00
[2025-01-28T22:44:25.000+0000] {processor.py:208} INFO - Processing /home/airflow/.local/lib/python3.12/site-packages/airflow/example_dags/example_trigger_controller_dag.py took 0.094 seconds
[2025-01-28T22:44:55.766+0000] {processor.py:186} INFO - Started process (PID=66940) to work on /home/airflow/.local/lib/python3.12/site-packages/airflow/example_dags/example_trigger_controller_dag.py
[2025-01-28T22:44:55.767+0000] {processor.py:914} INFO - Processing file /home/airflow/.local/lib/python3.12/site-packages/airflow/example_dags/example_trigger_controller_dag.py for tasks to queue
[2025-01-28T22:44:55.769+0000] {logging_mixin.py:190} INFO - [2025-01-28T22:44:55.769+0000] {dagbag.py:588} INFO - Filling up the DagBag from /home/airflow/.local/lib/python3.12/site-packages/airflow/example_dags/example_trigger_controller_dag.py
[2025-01-28T22:44:55.775+0000] {processor.py:925} INFO - DAG(s) 'example_trigger_controller_dag' retrieved from /home/airflow/.local/lib/python3.12/site-packages/airflow/example_dags/example_trigger_controller_dag.py
[2025-01-28T22:44:55.795+0000] {logging_mixin.py:190} INFO - [2025-01-28T22:44:55.795+0000] {dag.py:3239} INFO - Sync 1 DAGs
[2025-01-28T22:44:55.815+0000] {logging_mixin.py:190} INFO - [2025-01-28T22:44:55.815+0000] {dag.py:4180} INFO - Setting next_dagrun for example_trigger_controller_dag to 2021-01-01 00:00:00+00:00, run_after=2021-01-01 00:00:00+00:00
[2025-01-28T22:44:55.833+0000] {processor.py:208} INFO - Processing /home/airflow/.local/lib/python3.12/site-packages/airflow/example_dags/example_trigger_controller_dag.py took 0.074 seconds
[2025-01-28T22:45:26.702+0000] {processor.py:186} INFO - Started process (PID=67246) to work on /home/airflow/.local/lib/python3.12/site-packages/airflow/example_dags/example_trigger_controller_dag.py
[2025-01-28T22:45:26.704+0000] {processor.py:914} INFO - Processing file /home/airflow/.local/lib/python3.12/site-packages/airflow/example_dags/example_trigger_controller_dag.py for tasks to queue
[2025-01-28T22:45:26.707+0000] {logging_mixin.py:190} INFO - [2025-01-28T22:45:26.706+0000] {dagbag.py:588} INFO - Filling up the DagBag from /home/airflow/.local/lib/python3.12/site-packages/airflow/example_dags/example_trigger_controller_dag.py
[2025-01-28T22:45:26.714+0000] {processor.py:925} INFO - DAG(s) 'example_trigger_controller_dag' retrieved from /home/airflow/.local/lib/python3.12/site-packages/airflow/example_dags/example_trigger_controller_dag.py
[2025-01-28T22:45:26.732+0000] {logging_mixin.py:190} INFO - [2025-01-28T22:45:26.731+0000] {dag.py:3239} INFO - Sync 1 DAGs
[2025-01-28T22:45:26.757+0000] {logging_mixin.py:190} INFO - [2025-01-28T22:45:26.757+0000] {dag.py:4180} INFO - Setting next_dagrun for example_trigger_controller_dag to 2021-01-01 00:00:00+00:00, run_after=2021-01-01 00:00:00+00:00
[2025-01-28T22:45:26.783+0000] {processor.py:208} INFO - Processing /home/airflow/.local/lib/python3.12/site-packages/airflow/example_dags/example_trigger_controller_dag.py took 0.087 seconds
[2025-01-28T22:45:56.954+0000] {processor.py:186} INFO - Started process (PID=67537) to work on /home/airflow/.local/lib/python3.12/site-packages/airflow/example_dags/example_trigger_controller_dag.py
[2025-01-28T22:45:56.955+0000] {processor.py:914} INFO - Processing file /home/airflow/.local/lib/python3.12/site-packages/airflow/example_dags/example_trigger_controller_dag.py for tasks to queue
[2025-01-28T22:45:56.958+0000] {logging_mixin.py:190} INFO - [2025-01-28T22:45:56.958+0000] {dagbag.py:588} INFO - Filling up the DagBag from /home/airflow/.local/lib/python3.12/site-packages/airflow/example_dags/example_trigger_controller_dag.py
[2025-01-28T22:45:56.966+0000] {processor.py:925} INFO - DAG(s) 'example_trigger_controller_dag' retrieved from /home/airflow/.local/lib/python3.12/site-packages/airflow/example_dags/example_trigger_controller_dag.py
[2025-01-28T22:45:56.990+0000] {logging_mixin.py:190} INFO - [2025-01-28T22:45:56.990+0000] {dag.py:3239} INFO - Sync 1 DAGs
[2025-01-28T22:45:57.020+0000] {logging_mixin.py:190} INFO - [2025-01-28T22:45:57.019+0000] {dag.py:4180} INFO - Setting next_dagrun for example_trigger_controller_dag to 2021-01-01 00:00:00+00:00, run_after=2021-01-01 00:00:00+00:00
[2025-01-28T22:45:57.052+0000] {processor.py:208} INFO - Processing /home/airflow/.local/lib/python3.12/site-packages/airflow/example_dags/example_trigger_controller_dag.py took 0.104 seconds
[2025-01-28T22:46:27.218+0000] {processor.py:186} INFO - Started process (PID=67833) to work on /home/airflow/.local/lib/python3.12/site-packages/airflow/example_dags/example_trigger_controller_dag.py
[2025-01-28T22:46:27.219+0000] {processor.py:914} INFO - Processing file /home/airflow/.local/lib/python3.12/site-packages/airflow/example_dags/example_trigger_controller_dag.py for tasks to queue
[2025-01-28T22:46:27.222+0000] {logging_mixin.py:190} INFO - [2025-01-28T22:46:27.222+0000] {dagbag.py:588} INFO - Filling up the DagBag from /home/airflow/.local/lib/python3.12/site-packages/airflow/example_dags/example_trigger_controller_dag.py
[2025-01-28T22:46:27.230+0000] {processor.py:925} INFO - DAG(s) 'example_trigger_controller_dag' retrieved from /home/airflow/.local/lib/python3.12/site-packages/airflow/example_dags/example_trigger_controller_dag.py
[2025-01-28T22:46:27.250+0000] {logging_mixin.py:190} INFO - [2025-01-28T22:46:27.250+0000] {dag.py:3239} INFO - Sync 1 DAGs
[2025-01-28T22:46:27.273+0000] {logging_mixin.py:190} INFO - [2025-01-28T22:46:27.273+0000] {dag.py:4180} INFO - Setting next_dagrun for example_trigger_controller_dag to 2021-01-01 00:00:00+00:00, run_after=2021-01-01 00:00:00+00:00
[2025-01-28T22:46:27.292+0000] {processor.py:208} INFO - Processing /home/airflow/.local/lib/python3.12/site-packages/airflow/example_dags/example_trigger_controller_dag.py took 0.079 seconds
[2025-01-28T22:46:57.357+0000] {processor.py:186} INFO - Started process (PID=68126) to work on /home/airflow/.local/lib/python3.12/site-packages/airflow/example_dags/example_trigger_controller_dag.py
[2025-01-28T22:46:57.358+0000] {processor.py:914} INFO - Processing file /home/airflow/.local/lib/python3.12/site-packages/airflow/example_dags/example_trigger_controller_dag.py for tasks to queue
[2025-01-28T22:46:57.360+0000] {logging_mixin.py:190} INFO - [2025-01-28T22:46:57.360+0000] {dagbag.py:588} INFO - Filling up the DagBag from /home/airflow/.local/lib/python3.12/site-packages/airflow/example_dags/example_trigger_controller_dag.py
[2025-01-28T22:46:57.366+0000] {processor.py:925} INFO - DAG(s) 'example_trigger_controller_dag' retrieved from /home/airflow/.local/lib/python3.12/site-packages/airflow/example_dags/example_trigger_controller_dag.py
[2025-01-28T22:46:57.386+0000] {logging_mixin.py:190} INFO - [2025-01-28T22:46:57.386+0000] {dag.py:3239} INFO - Sync 1 DAGs
[2025-01-28T22:46:57.409+0000] {logging_mixin.py:190} INFO - [2025-01-28T22:46:57.409+0000] {dag.py:4180} INFO - Setting next_dagrun for example_trigger_controller_dag to 2021-01-01 00:00:00+00:00, run_after=2021-01-01 00:00:00+00:00
[2025-01-28T22:46:57.427+0000] {processor.py:208} INFO - Processing /home/airflow/.local/lib/python3.12/site-packages/airflow/example_dags/example_trigger_controller_dag.py took 0.077 seconds
[2025-01-28T22:47:27.816+0000] {processor.py:186} INFO - Started process (PID=68422) to work on /home/airflow/.local/lib/python3.12/site-packages/airflow/example_dags/example_trigger_controller_dag.py
[2025-01-28T22:47:27.817+0000] {processor.py:914} INFO - Processing file /home/airflow/.local/lib/python3.12/site-packages/airflow/example_dags/example_trigger_controller_dag.py for tasks to queue
[2025-01-28T22:47:27.819+0000] {logging_mixin.py:190} INFO - [2025-01-28T22:47:27.819+0000] {dagbag.py:588} INFO - Filling up the DagBag from /home/airflow/.local/lib/python3.12/site-packages/airflow/example_dags/example_trigger_controller_dag.py
[2025-01-28T22:47:27.826+0000] {processor.py:925} INFO - DAG(s) 'example_trigger_controller_dag' retrieved from /home/airflow/.local/lib/python3.12/site-packages/airflow/example_dags/example_trigger_controller_dag.py
[2025-01-28T22:47:27.841+0000] {logging_mixin.py:190} INFO - [2025-01-28T22:47:27.841+0000] {dag.py:3239} INFO - Sync 1 DAGs
[2025-01-28T22:47:27.864+0000] {logging_mixin.py:190} INFO - [2025-01-28T22:47:27.863+0000] {dag.py:4180} INFO - Setting next_dagrun for example_trigger_controller_dag to 2021-01-01 00:00:00+00:00, run_after=2021-01-01 00:00:00+00:00
[2025-01-28T22:47:27.883+0000] {processor.py:208} INFO - Processing /home/airflow/.local/lib/python3.12/site-packages/airflow/example_dags/example_trigger_controller_dag.py took 0.072 seconds
[2025-01-28T22:47:58.180+0000] {processor.py:186} INFO - Started process (PID=68716) to work on /home/airflow/.local/lib/python3.12/site-packages/airflow/example_dags/example_trigger_controller_dag.py
[2025-01-28T22:47:58.181+0000] {processor.py:914} INFO - Processing file /home/airflow/.local/lib/python3.12/site-packages/airflow/example_dags/example_trigger_controller_dag.py for tasks to queue
[2025-01-28T22:47:58.183+0000] {logging_mixin.py:190} INFO - [2025-01-28T22:47:58.183+0000] {dagbag.py:588} INFO - Filling up the DagBag from /home/airflow/.local/lib/python3.12/site-packages/airflow/example_dags/example_trigger_controller_dag.py
[2025-01-28T22:47:58.189+0000] {processor.py:925} INFO - DAG(s) 'example_trigger_controller_dag' retrieved from /home/airflow/.local/lib/python3.12/site-packages/airflow/example_dags/example_trigger_controller_dag.py
[2025-01-28T22:47:58.204+0000] {logging_mixin.py:190} INFO - [2025-01-28T22:47:58.204+0000] {dag.py:3239} INFO - Sync 1 DAGs
[2025-01-28T22:47:58.224+0000] {logging_mixin.py:190} INFO - [2025-01-28T22:47:58.224+0000] {dag.py:4180} INFO - Setting next_dagrun for example_trigger_controller_dag to 2021-01-01 00:00:00+00:00, run_after=2021-01-01 00:00:00+00:00
[2025-01-28T22:47:58.243+0000] {processor.py:208} INFO - Processing /home/airflow/.local/lib/python3.12/site-packages/airflow/example_dags/example_trigger_controller_dag.py took 0.068 seconds
[2025-01-28T22:48:28.921+0000] {processor.py:186} INFO - Started process (PID=69012) to work on /home/airflow/.local/lib/python3.12/site-packages/airflow/example_dags/example_trigger_controller_dag.py
[2025-01-28T22:48:28.922+0000] {processor.py:914} INFO - Processing file /home/airflow/.local/lib/python3.12/site-packages/airflow/example_dags/example_trigger_controller_dag.py for tasks to queue
[2025-01-28T22:48:28.925+0000] {logging_mixin.py:190} INFO - [2025-01-28T22:48:28.924+0000] {dagbag.py:588} INFO - Filling up the DagBag from /home/airflow/.local/lib/python3.12/site-packages/airflow/example_dags/example_trigger_controller_dag.py
[2025-01-28T22:48:28.932+0000] {processor.py:925} INFO - DAG(s) 'example_trigger_controller_dag' retrieved from /home/airflow/.local/lib/python3.12/site-packages/airflow/example_dags/example_trigger_controller_dag.py
[2025-01-28T22:48:28.957+0000] {logging_mixin.py:190} INFO - [2025-01-28T22:48:28.956+0000] {dag.py:3239} INFO - Sync 1 DAGs
[2025-01-28T22:48:28.985+0000] {logging_mixin.py:190} INFO - [2025-01-28T22:48:28.985+0000] {dag.py:4180} INFO - Setting next_dagrun for example_trigger_controller_dag to 2021-01-01 00:00:00+00:00, run_after=2021-01-01 00:00:00+00:00
[2025-01-28T22:48:29.010+0000] {processor.py:208} INFO - Processing /home/airflow/.local/lib/python3.12/site-packages/airflow/example_dags/example_trigger_controller_dag.py took 0.095 seconds
[2025-01-28T22:48:59.334+0000] {processor.py:186} INFO - Started process (PID=69308) to work on /home/airflow/.local/lib/python3.12/site-packages/airflow/example_dags/example_trigger_controller_dag.py
[2025-01-28T22:48:59.336+0000] {processor.py:914} INFO - Processing file /home/airflow/.local/lib/python3.12/site-packages/airflow/example_dags/example_trigger_controller_dag.py for tasks to queue
[2025-01-28T22:48:59.338+0000] {logging_mixin.py:190} INFO - [2025-01-28T22:48:59.338+0000] {dagbag.py:588} INFO - Filling up the DagBag from /home/airflow/.local/lib/python3.12/site-packages/airflow/example_dags/example_trigger_controller_dag.py
[2025-01-28T22:48:59.347+0000] {processor.py:925} INFO - DAG(s) 'example_trigger_controller_dag' retrieved from /home/airflow/.local/lib/python3.12/site-packages/airflow/example_dags/example_trigger_controller_dag.py
[2025-01-28T22:48:59.367+0000] {logging_mixin.py:190} INFO - [2025-01-28T22:48:59.367+0000] {dag.py:3239} INFO - Sync 1 DAGs
[2025-01-28T22:48:59.395+0000] {logging_mixin.py:190} INFO - [2025-01-28T22:48:59.395+0000] {dag.py:4180} INFO - Setting next_dagrun for example_trigger_controller_dag to 2021-01-01 00:00:00+00:00, run_after=2021-01-01 00:00:00+00:00
[2025-01-28T22:48:59.414+0000] {processor.py:208} INFO - Processing /home/airflow/.local/lib/python3.12/site-packages/airflow/example_dags/example_trigger_controller_dag.py took 0.085 seconds
[2025-01-28T22:49:30.132+0000] {processor.py:186} INFO - Started process (PID=69605) to work on /home/airflow/.local/lib/python3.12/site-packages/airflow/example_dags/example_trigger_controller_dag.py
[2025-01-28T22:49:30.134+0000] {processor.py:914} INFO - Processing file /home/airflow/.local/lib/python3.12/site-packages/airflow/example_dags/example_trigger_controller_dag.py for tasks to queue
[2025-01-28T22:49:30.137+0000] {logging_mixin.py:190} INFO - [2025-01-28T22:49:30.137+0000] {dagbag.py:588} INFO - Filling up the DagBag from /home/airflow/.local/lib/python3.12/site-packages/airflow/example_dags/example_trigger_controller_dag.py
[2025-01-28T22:49:30.144+0000] {processor.py:925} INFO - DAG(s) 'example_trigger_controller_dag' retrieved from /home/airflow/.local/lib/python3.12/site-packages/airflow/example_dags/example_trigger_controller_dag.py
[2025-01-28T22:49:30.164+0000] {logging_mixin.py:190} INFO - [2025-01-28T22:49:30.164+0000] {dag.py:3239} INFO - Sync 1 DAGs
[2025-01-28T22:49:30.189+0000] {logging_mixin.py:190} INFO - [2025-01-28T22:49:30.189+0000] {dag.py:4180} INFO - Setting next_dagrun for example_trigger_controller_dag to 2021-01-01 00:00:00+00:00, run_after=2021-01-01 00:00:00+00:00
[2025-01-28T22:49:30.205+0000] {processor.py:208} INFO - Processing /home/airflow/.local/lib/python3.12/site-packages/airflow/example_dags/example_trigger_controller_dag.py took 0.079 seconds
[2025-01-28T22:50:00.638+0000] {processor.py:186} INFO - Started process (PID=69902) to work on /home/airflow/.local/lib/python3.12/site-packages/airflow/example_dags/example_trigger_controller_dag.py
[2025-01-28T22:50:00.639+0000] {processor.py:914} INFO - Processing file /home/airflow/.local/lib/python3.12/site-packages/airflow/example_dags/example_trigger_controller_dag.py for tasks to queue
[2025-01-28T22:50:00.642+0000] {logging_mixin.py:190} INFO - [2025-01-28T22:50:00.641+0000] {dagbag.py:588} INFO - Filling up the DagBag from /home/airflow/.local/lib/python3.12/site-packages/airflow/example_dags/example_trigger_controller_dag.py
[2025-01-28T22:50:00.649+0000] {processor.py:925} INFO - DAG(s) 'example_trigger_controller_dag' retrieved from /home/airflow/.local/lib/python3.12/site-packages/airflow/example_dags/example_trigger_controller_dag.py
[2025-01-28T22:50:00.666+0000] {logging_mixin.py:190} INFO - [2025-01-28T22:50:00.666+0000] {dag.py:3239} INFO - Sync 1 DAGs
[2025-01-28T22:50:00.686+0000] {logging_mixin.py:190} INFO - [2025-01-28T22:50:00.686+0000] {dag.py:4180} INFO - Setting next_dagrun for example_trigger_controller_dag to 2021-01-01 00:00:00+00:00, run_after=2021-01-01 00:00:00+00:00
[2025-01-28T22:50:00.705+0000] {processor.py:208} INFO - Processing /home/airflow/.local/lib/python3.12/site-packages/airflow/example_dags/example_trigger_controller_dag.py took 0.072 seconds
[2025-01-28T22:50:31.314+0000] {processor.py:186} INFO - Started process (PID=70198) to work on /home/airflow/.local/lib/python3.12/site-packages/airflow/example_dags/example_trigger_controller_dag.py
[2025-01-28T22:50:31.316+0000] {processor.py:914} INFO - Processing file /home/airflow/.local/lib/python3.12/site-packages/airflow/example_dags/example_trigger_controller_dag.py for tasks to queue
[2025-01-28T22:50:31.320+0000] {logging_mixin.py:190} INFO - [2025-01-28T22:50:31.320+0000] {dagbag.py:588} INFO - Filling up the DagBag from /home/airflow/.local/lib/python3.12/site-packages/airflow/example_dags/example_trigger_controller_dag.py
[2025-01-28T22:50:31.328+0000] {processor.py:925} INFO - DAG(s) 'example_trigger_controller_dag' retrieved from /home/airflow/.local/lib/python3.12/site-packages/airflow/example_dags/example_trigger_controller_dag.py
[2025-01-28T22:50:31.348+0000] {logging_mixin.py:190} INFO - [2025-01-28T22:50:31.348+0000] {dag.py:3239} INFO - Sync 1 DAGs
[2025-01-28T22:50:31.375+0000] {logging_mixin.py:190} INFO - [2025-01-28T22:50:31.374+0000] {dag.py:4180} INFO - Setting next_dagrun for example_trigger_controller_dag to 2021-01-01 00:00:00+00:00, run_after=2021-01-01 00:00:00+00:00
[2025-01-28T22:50:31.397+0000] {processor.py:208} INFO - Processing /home/airflow/.local/lib/python3.12/site-packages/airflow/example_dags/example_trigger_controller_dag.py took 0.089 seconds
[2025-01-28T22:51:02.120+0000] {processor.py:186} INFO - Started process (PID=70494) to work on /home/airflow/.local/lib/python3.12/site-packages/airflow/example_dags/example_trigger_controller_dag.py
[2025-01-28T22:51:02.122+0000] {processor.py:914} INFO - Processing file /home/airflow/.local/lib/python3.12/site-packages/airflow/example_dags/example_trigger_controller_dag.py for tasks to queue
[2025-01-28T22:51:02.124+0000] {logging_mixin.py:190} INFO - [2025-01-28T22:51:02.124+0000] {dagbag.py:588} INFO - Filling up the DagBag from /home/airflow/.local/lib/python3.12/site-packages/airflow/example_dags/example_trigger_controller_dag.py
[2025-01-28T22:51:02.134+0000] {processor.py:925} INFO - DAG(s) 'example_trigger_controller_dag' retrieved from /home/airflow/.local/lib/python3.12/site-packages/airflow/example_dags/example_trigger_controller_dag.py
[2025-01-28T22:51:02.160+0000] {logging_mixin.py:190} INFO - [2025-01-28T22:51:02.159+0000] {dag.py:3239} INFO - Sync 1 DAGs
[2025-01-28T22:51:02.191+0000] {logging_mixin.py:190} INFO - [2025-01-28T22:51:02.191+0000] {dag.py:4180} INFO - Setting next_dagrun for example_trigger_controller_dag to 2021-01-01 00:00:00+00:00, run_after=2021-01-01 00:00:00+00:00
[2025-01-28T22:51:02.219+0000] {processor.py:208} INFO - Processing /home/airflow/.local/lib/python3.12/site-packages/airflow/example_dags/example_trigger_controller_dag.py took 0.106 seconds
[2025-01-28T22:51:32.332+0000] {processor.py:186} INFO - Started process (PID=70792) to work on /home/airflow/.local/lib/python3.12/site-packages/airflow/example_dags/example_trigger_controller_dag.py
[2025-01-28T22:51:32.333+0000] {processor.py:914} INFO - Processing file /home/airflow/.local/lib/python3.12/site-packages/airflow/example_dags/example_trigger_controller_dag.py for tasks to queue
[2025-01-28T22:51:32.336+0000] {logging_mixin.py:190} INFO - [2025-01-28T22:51:32.335+0000] {dagbag.py:588} INFO - Filling up the DagBag from /home/airflow/.local/lib/python3.12/site-packages/airflow/example_dags/example_trigger_controller_dag.py
[2025-01-28T22:51:32.343+0000] {processor.py:925} INFO - DAG(s) 'example_trigger_controller_dag' retrieved from /home/airflow/.local/lib/python3.12/site-packages/airflow/example_dags/example_trigger_controller_dag.py
[2025-01-28T22:51:32.363+0000] {logging_mixin.py:190} INFO - [2025-01-28T22:51:32.363+0000] {dag.py:3239} INFO - Sync 1 DAGs
[2025-01-28T22:51:32.389+0000] {logging_mixin.py:190} INFO - [2025-01-28T22:51:32.389+0000] {dag.py:4180} INFO - Setting next_dagrun for example_trigger_controller_dag to 2021-01-01 00:00:00+00:00, run_after=2021-01-01 00:00:00+00:00
[2025-01-28T22:51:32.410+0000] {processor.py:208} INFO - Processing /home/airflow/.local/lib/python3.12/site-packages/airflow/example_dags/example_trigger_controller_dag.py took 0.084 seconds
[2025-01-28T22:52:03.855+0000] {processor.py:186} INFO - Started process (PID=71087) to work on /home/airflow/.local/lib/python3.12/site-packages/airflow/example_dags/example_trigger_controller_dag.py
[2025-01-28T22:52:03.859+0000] {processor.py:914} INFO - Processing file /home/airflow/.local/lib/python3.12/site-packages/airflow/example_dags/example_trigger_controller_dag.py for tasks to queue
[2025-01-28T22:52:03.865+0000] {logging_mixin.py:190} INFO - [2025-01-28T22:52:03.865+0000] {dagbag.py:588} INFO - Filling up the DagBag from /home/airflow/.local/lib/python3.12/site-packages/airflow/example_dags/example_trigger_controller_dag.py
[2025-01-28T22:52:03.895+0000] {processor.py:925} INFO - DAG(s) 'example_trigger_controller_dag' retrieved from /home/airflow/.local/lib/python3.12/site-packages/airflow/example_dags/example_trigger_controller_dag.py
[2025-01-28T22:52:04.024+0000] {logging_mixin.py:190} INFO - [2025-01-28T22:52:04.013+0000] {dag.py:3239} INFO - Sync 1 DAGs
[2025-01-28T22:52:04.107+0000] {logging_mixin.py:190} INFO - [2025-01-28T22:52:04.106+0000] {dag.py:4180} INFO - Setting next_dagrun for example_trigger_controller_dag to 2021-01-01 00:00:00+00:00, run_after=2021-01-01 00:00:00+00:00
[2025-01-28T22:52:04.192+0000] {processor.py:208} INFO - Processing /home/airflow/.local/lib/python3.12/site-packages/airflow/example_dags/example_trigger_controller_dag.py took 0.352 seconds
[2025-01-28T22:52:36.080+0000] {processor.py:186} INFO - Started process (PID=71383) to work on /home/airflow/.local/lib/python3.12/site-packages/airflow/example_dags/example_trigger_controller_dag.py
[2025-01-28T22:52:36.082+0000] {processor.py:914} INFO - Processing file /home/airflow/.local/lib/python3.12/site-packages/airflow/example_dags/example_trigger_controller_dag.py for tasks to queue
[2025-01-28T22:52:36.099+0000] {logging_mixin.py:190} INFO - [2025-01-28T22:52:36.099+0000] {dagbag.py:588} INFO - Filling up the DagBag from /home/airflow/.local/lib/python3.12/site-packages/airflow/example_dags/example_trigger_controller_dag.py
[2025-01-28T22:52:36.127+0000] {processor.py:925} INFO - DAG(s) 'example_trigger_controller_dag' retrieved from /home/airflow/.local/lib/python3.12/site-packages/airflow/example_dags/example_trigger_controller_dag.py
[2025-01-28T22:52:36.241+0000] {logging_mixin.py:190} INFO - [2025-01-28T22:52:36.240+0000] {dag.py:3239} INFO - Sync 1 DAGs
[2025-01-28T22:52:36.313+0000] {logging_mixin.py:190} INFO - [2025-01-28T22:52:36.313+0000] {dag.py:4180} INFO - Setting next_dagrun for example_trigger_controller_dag to 2021-01-01 00:00:00+00:00, run_after=2021-01-01 00:00:00+00:00
[2025-01-28T22:52:36.402+0000] {processor.py:208} INFO - Processing /home/airflow/.local/lib/python3.12/site-packages/airflow/example_dags/example_trigger_controller_dag.py took 0.336 seconds
[2025-01-28T22:53:12.111+0000] {processor.py:186} INFO - Started process (PID=71679) to work on /home/airflow/.local/lib/python3.12/site-packages/airflow/example_dags/example_trigger_controller_dag.py
[2025-01-28T22:53:12.112+0000] {processor.py:914} INFO - Processing file /home/airflow/.local/lib/python3.12/site-packages/airflow/example_dags/example_trigger_controller_dag.py for tasks to queue
[2025-01-28T22:53:12.127+0000] {logging_mixin.py:190} INFO - [2025-01-28T22:53:12.116+0000] {dagbag.py:588} INFO - Filling up the DagBag from /home/airflow/.local/lib/python3.12/site-packages/airflow/example_dags/example_trigger_controller_dag.py
[2025-01-28T22:53:12.139+0000] {processor.py:925} INFO - DAG(s) 'example_trigger_controller_dag' retrieved from /home/airflow/.local/lib/python3.12/site-packages/airflow/example_dags/example_trigger_controller_dag.py
[2025-01-28T22:53:12.190+0000] {logging_mixin.py:190} INFO - [2025-01-28T22:53:12.190+0000] {dag.py:3239} INFO - Sync 1 DAGs
[2025-01-28T22:53:12.543+0000] {logging_mixin.py:190} INFO - [2025-01-28T22:53:12.540+0000] {dag.py:4180} INFO - Setting next_dagrun for example_trigger_controller_dag to 2021-01-01 00:00:00+00:00, run_after=2021-01-01 00:00:00+00:00
[2025-01-28T22:53:12.586+0000] {processor.py:208} INFO - Processing /home/airflow/.local/lib/python3.12/site-packages/airflow/example_dags/example_trigger_controller_dag.py took 0.495 seconds
