[2025-01-28T22:42:52.817+0000] {processor.py:186} INFO - Started process (PID=65716) to work on /home/airflow/.local/lib/python3.12/site-packages/airflow/example_dags/example_skip_dag.py
[2025-01-28T22:42:52.818+0000] {processor.py:914} INFO - Processing file /home/airflow/.local/lib/python3.12/site-packages/airflow/example_dags/example_skip_dag.py for tasks to queue
[2025-01-28T22:42:52.822+0000] {logging_mixin.py:190} INFO - [2025-01-28T22:42:52.822+0000] {dagbag.py:588} INFO - Filling up the DagBag from /home/airflow/.local/lib/python3.12/site-packages/airflow/example_dags/example_skip_dag.py
[2025-01-28T22:42:52.837+0000] {processor.py:925} INFO - DAG(s) 'example_skip_dag' retrieved from /home/airflow/.local/lib/python3.12/site-packages/airflow/example_dags/example_skip_dag.py
[2025-01-28T22:42:52.884+0000] {logging_mixin.py:190} INFO - [2025-01-28T22:42:52.884+0000] {dag.py:3239} INFO - Sync 1 DAGs
[2025-01-28T22:42:52.933+0000] {logging_mixin.py:190} INFO - [2025-01-28T22:42:52.933+0000] {dag.py:4180} INFO - Setting next_dagrun for example_skip_dag to 2025-01-27 00:00:00+00:00, run_after=2025-01-28 00:00:00+00:00
[2025-01-28T22:42:52.982+0000] {processor.py:208} INFO - Processing /home/airflow/.local/lib/python3.12/site-packages/airflow/example_dags/example_skip_dag.py took 0.174 seconds
[2025-01-28T22:43:23.384+0000] {processor.py:186} INFO - Started process (PID=66011) to work on /home/airflow/.local/lib/python3.12/site-packages/airflow/example_dags/example_skip_dag.py
[2025-01-28T22:43:23.385+0000] {processor.py:914} INFO - Processing file /home/airflow/.local/lib/python3.12/site-packages/airflow/example_dags/example_skip_dag.py for tasks to queue
[2025-01-28T22:43:23.388+0000] {logging_mixin.py:190} INFO - [2025-01-28T22:43:23.388+0000] {dagbag.py:588} INFO - Filling up the DagBag from /home/airflow/.local/lib/python3.12/site-packages/airflow/example_dags/example_skip_dag.py
[2025-01-28T22:43:23.397+0000] {processor.py:925} INFO - DAG(s) 'example_skip_dag' retrieved from /home/airflow/.local/lib/python3.12/site-packages/airflow/example_dags/example_skip_dag.py
[2025-01-28T22:43:23.420+0000] {logging_mixin.py:190} INFO - [2025-01-28T22:43:23.419+0000] {dag.py:3239} INFO - Sync 1 DAGs
[2025-01-28T22:43:23.446+0000] {logging_mixin.py:190} INFO - [2025-01-28T22:43:23.446+0000] {dag.py:4180} INFO - Setting next_dagrun for example_skip_dag to 2025-01-27 00:00:00+00:00, run_after=2025-01-28 00:00:00+00:00
[2025-01-28T22:43:23.466+0000] {processor.py:208} INFO - Processing /home/airflow/.local/lib/python3.12/site-packages/airflow/example_dags/example_skip_dag.py took 0.088 seconds
[2025-01-28T22:43:53.523+0000] {processor.py:186} INFO - Started process (PID=66302) to work on /home/airflow/.local/lib/python3.12/site-packages/airflow/example_dags/example_skip_dag.py
[2025-01-28T22:43:53.524+0000] {processor.py:914} INFO - Processing file /home/airflow/.local/lib/python3.12/site-packages/airflow/example_dags/example_skip_dag.py for tasks to queue
[2025-01-28T22:43:53.525+0000] {logging_mixin.py:190} INFO - [2025-01-28T22:43:53.525+0000] {dagbag.py:588} INFO - Filling up the DagBag from /home/airflow/.local/lib/python3.12/site-packages/airflow/example_dags/example_skip_dag.py
[2025-01-28T22:43:53.531+0000] {processor.py:925} INFO - DAG(s) 'example_skip_dag' retrieved from /home/airflow/.local/lib/python3.12/site-packages/airflow/example_dags/example_skip_dag.py
[2025-01-28T22:43:53.549+0000] {logging_mixin.py:190} INFO - [2025-01-28T22:43:53.549+0000] {dag.py:3239} INFO - Sync 1 DAGs
[2025-01-28T22:43:53.569+0000] {logging_mixin.py:190} INFO - [2025-01-28T22:43:53.569+0000] {dag.py:4180} INFO - Setting next_dagrun for example_skip_dag to 2025-01-27 00:00:00+00:00, run_after=2025-01-28 00:00:00+00:00
[2025-01-28T22:43:53.587+0000] {processor.py:208} INFO - Processing /home/airflow/.local/lib/python3.12/site-packages/airflow/example_dags/example_skip_dag.py took 0.070 seconds
[2025-01-28T22:44:23.710+0000] {processor.py:186} INFO - Started process (PID=66595) to work on /home/airflow/.local/lib/python3.12/site-packages/airflow/example_dags/example_skip_dag.py
[2025-01-28T22:44:23.711+0000] {processor.py:914} INFO - Processing file /home/airflow/.local/lib/python3.12/site-packages/airflow/example_dags/example_skip_dag.py for tasks to queue
[2025-01-28T22:44:23.713+0000] {logging_mixin.py:190} INFO - [2025-01-28T22:44:23.713+0000] {dagbag.py:588} INFO - Filling up the DagBag from /home/airflow/.local/lib/python3.12/site-packages/airflow/example_dags/example_skip_dag.py
[2025-01-28T22:44:23.720+0000] {processor.py:925} INFO - DAG(s) 'example_skip_dag' retrieved from /home/airflow/.local/lib/python3.12/site-packages/airflow/example_dags/example_skip_dag.py
[2025-01-28T22:44:23.739+0000] {logging_mixin.py:190} INFO - [2025-01-28T22:44:23.739+0000] {dag.py:3239} INFO - Sync 1 DAGs
[2025-01-28T22:44:23.759+0000] {logging_mixin.py:190} INFO - [2025-01-28T22:44:23.759+0000] {dag.py:4180} INFO - Setting next_dagrun for example_skip_dag to 2025-01-27 00:00:00+00:00, run_after=2025-01-28 00:00:00+00:00
[2025-01-28T22:44:23.779+0000] {processor.py:208} INFO - Processing /home/airflow/.local/lib/python3.12/site-packages/airflow/example_dags/example_skip_dag.py took 0.074 seconds
[2025-01-28T22:44:53.989+0000] {processor.py:186} INFO - Started process (PID=66891) to work on /home/airflow/.local/lib/python3.12/site-packages/airflow/example_dags/example_skip_dag.py
[2025-01-28T22:44:53.990+0000] {processor.py:914} INFO - Processing file /home/airflow/.local/lib/python3.12/site-packages/airflow/example_dags/example_skip_dag.py for tasks to queue
[2025-01-28T22:44:53.992+0000] {logging_mixin.py:190} INFO - [2025-01-28T22:44:53.992+0000] {dagbag.py:588} INFO - Filling up the DagBag from /home/airflow/.local/lib/python3.12/site-packages/airflow/example_dags/example_skip_dag.py
[2025-01-28T22:44:54.000+0000] {processor.py:925} INFO - DAG(s) 'example_skip_dag' retrieved from /home/airflow/.local/lib/python3.12/site-packages/airflow/example_dags/example_skip_dag.py
[2025-01-28T22:44:54.019+0000] {logging_mixin.py:190} INFO - [2025-01-28T22:44:54.019+0000] {dag.py:3239} INFO - Sync 1 DAGs
[2025-01-28T22:44:54.038+0000] {logging_mixin.py:190} INFO - [2025-01-28T22:44:54.038+0000] {dag.py:4180} INFO - Setting next_dagrun for example_skip_dag to 2025-01-27 00:00:00+00:00, run_after=2025-01-28 00:00:00+00:00
[2025-01-28T22:44:54.057+0000] {processor.py:208} INFO - Processing /home/airflow/.local/lib/python3.12/site-packages/airflow/example_dags/example_skip_dag.py took 0.073 seconds
[2025-01-28T22:45:24.596+0000] {processor.py:186} INFO - Started process (PID=67185) to work on /home/airflow/.local/lib/python3.12/site-packages/airflow/example_dags/example_skip_dag.py
[2025-01-28T22:45:24.597+0000] {processor.py:914} INFO - Processing file /home/airflow/.local/lib/python3.12/site-packages/airflow/example_dags/example_skip_dag.py for tasks to queue
[2025-01-28T22:45:24.600+0000] {logging_mixin.py:190} INFO - [2025-01-28T22:45:24.600+0000] {dagbag.py:588} INFO - Filling up the DagBag from /home/airflow/.local/lib/python3.12/site-packages/airflow/example_dags/example_skip_dag.py
[2025-01-28T22:45:24.608+0000] {processor.py:925} INFO - DAG(s) 'example_skip_dag' retrieved from /home/airflow/.local/lib/python3.12/site-packages/airflow/example_dags/example_skip_dag.py
[2025-01-28T22:45:24.634+0000] {logging_mixin.py:190} INFO - [2025-01-28T22:45:24.634+0000] {dag.py:3239} INFO - Sync 1 DAGs
[2025-01-28T22:45:24.662+0000] {logging_mixin.py:190} INFO - [2025-01-28T22:45:24.662+0000] {dag.py:4180} INFO - Setting next_dagrun for example_skip_dag to 2025-01-27 00:00:00+00:00, run_after=2025-01-28 00:00:00+00:00
[2025-01-28T22:45:24.683+0000] {processor.py:208} INFO - Processing /home/airflow/.local/lib/python3.12/site-packages/airflow/example_dags/example_skip_dag.py took 0.094 seconds
[2025-01-28T22:45:55.238+0000] {processor.py:186} INFO - Started process (PID=67489) to work on /home/airflow/.local/lib/python3.12/site-packages/airflow/example_dags/example_skip_dag.py
[2025-01-28T22:45:55.239+0000] {processor.py:914} INFO - Processing file /home/airflow/.local/lib/python3.12/site-packages/airflow/example_dags/example_skip_dag.py for tasks to queue
[2025-01-28T22:45:55.241+0000] {logging_mixin.py:190} INFO - [2025-01-28T22:45:55.241+0000] {dagbag.py:588} INFO - Filling up the DagBag from /home/airflow/.local/lib/python3.12/site-packages/airflow/example_dags/example_skip_dag.py
[2025-01-28T22:45:55.249+0000] {processor.py:925} INFO - DAG(s) 'example_skip_dag' retrieved from /home/airflow/.local/lib/python3.12/site-packages/airflow/example_dags/example_skip_dag.py
[2025-01-28T22:45:55.271+0000] {logging_mixin.py:190} INFO - [2025-01-28T22:45:55.271+0000] {dag.py:3239} INFO - Sync 1 DAGs
[2025-01-28T22:45:55.297+0000] {logging_mixin.py:190} INFO - [2025-01-28T22:45:55.297+0000] {dag.py:4180} INFO - Setting next_dagrun for example_skip_dag to 2025-01-27 00:00:00+00:00, run_after=2025-01-28 00:00:00+00:00
[2025-01-28T22:45:55.319+0000] {processor.py:208} INFO - Processing /home/airflow/.local/lib/python3.12/site-packages/airflow/example_dags/example_skip_dag.py took 0.087 seconds
[2025-01-28T22:46:26.274+0000] {processor.py:186} INFO - Started process (PID=67785) to work on /home/airflow/.local/lib/python3.12/site-packages/airflow/example_dags/example_skip_dag.py
[2025-01-28T22:46:26.275+0000] {processor.py:914} INFO - Processing file /home/airflow/.local/lib/python3.12/site-packages/airflow/example_dags/example_skip_dag.py for tasks to queue
[2025-01-28T22:46:26.277+0000] {logging_mixin.py:190} INFO - [2025-01-28T22:46:26.277+0000] {dagbag.py:588} INFO - Filling up the DagBag from /home/airflow/.local/lib/python3.12/site-packages/airflow/example_dags/example_skip_dag.py
[2025-01-28T22:46:26.284+0000] {processor.py:925} INFO - DAG(s) 'example_skip_dag' retrieved from /home/airflow/.local/lib/python3.12/site-packages/airflow/example_dags/example_skip_dag.py
[2025-01-28T22:46:26.304+0000] {logging_mixin.py:190} INFO - [2025-01-28T22:46:26.304+0000] {dag.py:3239} INFO - Sync 1 DAGs
[2025-01-28T22:46:26.322+0000] {logging_mixin.py:190} INFO - [2025-01-28T22:46:26.322+0000] {dag.py:4180} INFO - Setting next_dagrun for example_skip_dag to 2025-01-27 00:00:00+00:00, run_after=2025-01-28 00:00:00+00:00
[2025-01-28T22:46:26.342+0000] {processor.py:208} INFO - Processing /home/airflow/.local/lib/python3.12/site-packages/airflow/example_dags/example_skip_dag.py took 0.073 seconds
[2025-01-28T22:46:56.629+0000] {processor.py:186} INFO - Started process (PID=68084) to work on /home/airflow/.local/lib/python3.12/site-packages/airflow/example_dags/example_skip_dag.py
[2025-01-28T22:46:56.630+0000] {processor.py:914} INFO - Processing file /home/airflow/.local/lib/python3.12/site-packages/airflow/example_dags/example_skip_dag.py for tasks to queue
[2025-01-28T22:46:56.633+0000] {logging_mixin.py:190} INFO - [2025-01-28T22:46:56.632+0000] {dagbag.py:588} INFO - Filling up the DagBag from /home/airflow/.local/lib/python3.12/site-packages/airflow/example_dags/example_skip_dag.py
[2025-01-28T22:46:56.640+0000] {processor.py:925} INFO - DAG(s) 'example_skip_dag' retrieved from /home/airflow/.local/lib/python3.12/site-packages/airflow/example_dags/example_skip_dag.py
[2025-01-28T22:46:56.661+0000] {logging_mixin.py:190} INFO - [2025-01-28T22:46:56.661+0000] {dag.py:3239} INFO - Sync 1 DAGs
[2025-01-28T22:46:56.685+0000] {logging_mixin.py:190} INFO - [2025-01-28T22:46:56.685+0000] {dag.py:4180} INFO - Setting next_dagrun for example_skip_dag to 2025-01-27 00:00:00+00:00, run_after=2025-01-28 00:00:00+00:00
[2025-01-28T22:46:56.708+0000] {processor.py:208} INFO - Processing /home/airflow/.local/lib/python3.12/site-packages/airflow/example_dags/example_skip_dag.py took 0.084 seconds
[2025-01-28T22:47:27.029+0000] {processor.py:186} INFO - Started process (PID=68380) to work on /home/airflow/.local/lib/python3.12/site-packages/airflow/example_dags/example_skip_dag.py
[2025-01-28T22:47:27.030+0000] {processor.py:914} INFO - Processing file /home/airflow/.local/lib/python3.12/site-packages/airflow/example_dags/example_skip_dag.py for tasks to queue
[2025-01-28T22:47:27.033+0000] {logging_mixin.py:190} INFO - [2025-01-28T22:47:27.032+0000] {dagbag.py:588} INFO - Filling up the DagBag from /home/airflow/.local/lib/python3.12/site-packages/airflow/example_dags/example_skip_dag.py
[2025-01-28T22:47:27.042+0000] {processor.py:925} INFO - DAG(s) 'example_skip_dag' retrieved from /home/airflow/.local/lib/python3.12/site-packages/airflow/example_dags/example_skip_dag.py
[2025-01-28T22:47:27.074+0000] {logging_mixin.py:190} INFO - [2025-01-28T22:47:27.074+0000] {dag.py:3239} INFO - Sync 1 DAGs
[2025-01-28T22:47:27.108+0000] {logging_mixin.py:190} INFO - [2025-01-28T22:47:27.107+0000] {dag.py:4180} INFO - Setting next_dagrun for example_skip_dag to 2025-01-27 00:00:00+00:00, run_after=2025-01-28 00:00:00+00:00
[2025-01-28T22:47:27.133+0000] {processor.py:208} INFO - Processing /home/airflow/.local/lib/python3.12/site-packages/airflow/example_dags/example_skip_dag.py took 0.110 seconds
[2025-01-28T22:47:57.836+0000] {processor.py:186} INFO - Started process (PID=68688) to work on /home/airflow/.local/lib/python3.12/site-packages/airflow/example_dags/example_skip_dag.py
[2025-01-28T22:47:57.837+0000] {processor.py:914} INFO - Processing file /home/airflow/.local/lib/python3.12/site-packages/airflow/example_dags/example_skip_dag.py for tasks to queue
[2025-01-28T22:47:57.840+0000] {logging_mixin.py:190} INFO - [2025-01-28T22:47:57.839+0000] {dagbag.py:588} INFO - Filling up the DagBag from /home/airflow/.local/lib/python3.12/site-packages/airflow/example_dags/example_skip_dag.py
[2025-01-28T22:47:57.849+0000] {processor.py:925} INFO - DAG(s) 'example_skip_dag' retrieved from /home/airflow/.local/lib/python3.12/site-packages/airflow/example_dags/example_skip_dag.py
[2025-01-28T22:47:57.874+0000] {logging_mixin.py:190} INFO - [2025-01-28T22:47:57.874+0000] {dag.py:3239} INFO - Sync 1 DAGs
[2025-01-28T22:47:57.896+0000] {logging_mixin.py:190} INFO - [2025-01-28T22:47:57.896+0000] {dag.py:4180} INFO - Setting next_dagrun for example_skip_dag to 2025-01-27 00:00:00+00:00, run_after=2025-01-28 00:00:00+00:00
[2025-01-28T22:47:57.914+0000] {processor.py:208} INFO - Processing /home/airflow/.local/lib/python3.12/site-packages/airflow/example_dags/example_skip_dag.py took 0.084 seconds
[2025-01-28T22:48:28.366+0000] {processor.py:186} INFO - Started process (PID=68987) to work on /home/airflow/.local/lib/python3.12/site-packages/airflow/example_dags/example_skip_dag.py
[2025-01-28T22:48:28.378+0000] {processor.py:914} INFO - Processing file /home/airflow/.local/lib/python3.12/site-packages/airflow/example_dags/example_skip_dag.py for tasks to queue
[2025-01-28T22:48:28.394+0000] {logging_mixin.py:190} INFO - [2025-01-28T22:48:28.394+0000] {dagbag.py:588} INFO - Filling up the DagBag from /home/airflow/.local/lib/python3.12/site-packages/airflow/example_dags/example_skip_dag.py
[2025-01-28T22:48:28.416+0000] {processor.py:925} INFO - DAG(s) 'example_skip_dag' retrieved from /home/airflow/.local/lib/python3.12/site-packages/airflow/example_dags/example_skip_dag.py
[2025-01-28T22:48:28.458+0000] {logging_mixin.py:190} INFO - [2025-01-28T22:48:28.457+0000] {dag.py:3239} INFO - Sync 1 DAGs
[2025-01-28T22:48:28.512+0000] {logging_mixin.py:190} INFO - [2025-01-28T22:48:28.512+0000] {dag.py:4180} INFO - Setting next_dagrun for example_skip_dag to 2025-01-27 00:00:00+00:00, run_after=2025-01-28 00:00:00+00:00
[2025-01-28T22:48:28.548+0000] {processor.py:208} INFO - Processing /home/airflow/.local/lib/python3.12/site-packages/airflow/example_dags/example_skip_dag.py took 0.194 seconds
[2025-01-28T22:48:59.050+0000] {processor.py:186} INFO - Started process (PID=69283) to work on /home/airflow/.local/lib/python3.12/site-packages/airflow/example_dags/example_skip_dag.py
[2025-01-28T22:48:59.052+0000] {processor.py:914} INFO - Processing file /home/airflow/.local/lib/python3.12/site-packages/airflow/example_dags/example_skip_dag.py for tasks to queue
[2025-01-28T22:48:59.054+0000] {logging_mixin.py:190} INFO - [2025-01-28T22:48:59.054+0000] {dagbag.py:588} INFO - Filling up the DagBag from /home/airflow/.local/lib/python3.12/site-packages/airflow/example_dags/example_skip_dag.py
[2025-01-28T22:48:59.064+0000] {processor.py:925} INFO - DAG(s) 'example_skip_dag' retrieved from /home/airflow/.local/lib/python3.12/site-packages/airflow/example_dags/example_skip_dag.py
[2025-01-28T22:48:59.088+0000] {logging_mixin.py:190} INFO - [2025-01-28T22:48:59.088+0000] {dag.py:3239} INFO - Sync 1 DAGs
[2025-01-28T22:48:59.108+0000] {logging_mixin.py:190} INFO - [2025-01-28T22:48:59.107+0000] {dag.py:4180} INFO - Setting next_dagrun for example_skip_dag to 2025-01-27 00:00:00+00:00, run_after=2025-01-28 00:00:00+00:00
[2025-01-28T22:48:59.123+0000] {processor.py:208} INFO - Processing /home/airflow/.local/lib/python3.12/site-packages/airflow/example_dags/example_skip_dag.py took 0.078 seconds
[2025-01-28T22:49:29.780+0000] {processor.py:186} INFO - Started process (PID=69580) to work on /home/airflow/.local/lib/python3.12/site-packages/airflow/example_dags/example_skip_dag.py
[2025-01-28T22:49:29.781+0000] {processor.py:914} INFO - Processing file /home/airflow/.local/lib/python3.12/site-packages/airflow/example_dags/example_skip_dag.py for tasks to queue
[2025-01-28T22:49:29.784+0000] {logging_mixin.py:190} INFO - [2025-01-28T22:49:29.784+0000] {dagbag.py:588} INFO - Filling up the DagBag from /home/airflow/.local/lib/python3.12/site-packages/airflow/example_dags/example_skip_dag.py
[2025-01-28T22:49:29.791+0000] {processor.py:925} INFO - DAG(s) 'example_skip_dag' retrieved from /home/airflow/.local/lib/python3.12/site-packages/airflow/example_dags/example_skip_dag.py
[2025-01-28T22:49:29.815+0000] {logging_mixin.py:190} INFO - [2025-01-28T22:49:29.815+0000] {dag.py:3239} INFO - Sync 1 DAGs
[2025-01-28T22:49:29.834+0000] {logging_mixin.py:190} INFO - [2025-01-28T22:49:29.834+0000] {dag.py:4180} INFO - Setting next_dagrun for example_skip_dag to 2025-01-27 00:00:00+00:00, run_after=2025-01-28 00:00:00+00:00
[2025-01-28T22:49:29.851+0000] {processor.py:208} INFO - Processing /home/airflow/.local/lib/python3.12/site-packages/airflow/example_dags/example_skip_dag.py took 0.077 seconds
[2025-01-28T22:50:00.334+0000] {processor.py:186} INFO - Started process (PID=69877) to work on /home/airflow/.local/lib/python3.12/site-packages/airflow/example_dags/example_skip_dag.py
[2025-01-28T22:50:00.334+0000] {processor.py:914} INFO - Processing file /home/airflow/.local/lib/python3.12/site-packages/airflow/example_dags/example_skip_dag.py for tasks to queue
[2025-01-28T22:50:00.336+0000] {logging_mixin.py:190} INFO - [2025-01-28T22:50:00.336+0000] {dagbag.py:588} INFO - Filling up the DagBag from /home/airflow/.local/lib/python3.12/site-packages/airflow/example_dags/example_skip_dag.py
[2025-01-28T22:50:00.344+0000] {processor.py:925} INFO - DAG(s) 'example_skip_dag' retrieved from /home/airflow/.local/lib/python3.12/site-packages/airflow/example_dags/example_skip_dag.py
[2025-01-28T22:50:00.363+0000] {logging_mixin.py:190} INFO - [2025-01-28T22:50:00.362+0000] {dag.py:3239} INFO - Sync 1 DAGs
[2025-01-28T22:50:00.385+0000] {logging_mixin.py:190} INFO - [2025-01-28T22:50:00.385+0000] {dag.py:4180} INFO - Setting next_dagrun for example_skip_dag to 2025-01-27 00:00:00+00:00, run_after=2025-01-28 00:00:00+00:00
[2025-01-28T22:50:00.405+0000] {processor.py:208} INFO - Processing /home/airflow/.local/lib/python3.12/site-packages/airflow/example_dags/example_skip_dag.py took 0.078 seconds
[2025-01-28T22:50:31.029+0000] {processor.py:186} INFO - Started process (PID=70173) to work on /home/airflow/.local/lib/python3.12/site-packages/airflow/example_dags/example_skip_dag.py
[2025-01-28T22:50:31.031+0000] {processor.py:914} INFO - Processing file /home/airflow/.local/lib/python3.12/site-packages/airflow/example_dags/example_skip_dag.py for tasks to queue
[2025-01-28T22:50:31.033+0000] {logging_mixin.py:190} INFO - [2025-01-28T22:50:31.033+0000] {dagbag.py:588} INFO - Filling up the DagBag from /home/airflow/.local/lib/python3.12/site-packages/airflow/example_dags/example_skip_dag.py
[2025-01-28T22:50:31.041+0000] {processor.py:925} INFO - DAG(s) 'example_skip_dag' retrieved from /home/airflow/.local/lib/python3.12/site-packages/airflow/example_dags/example_skip_dag.py
[2025-01-28T22:50:31.061+0000] {logging_mixin.py:190} INFO - [2025-01-28T22:50:31.061+0000] {dag.py:3239} INFO - Sync 1 DAGs
[2025-01-28T22:50:31.083+0000] {logging_mixin.py:190} INFO - [2025-01-28T22:50:31.083+0000] {dag.py:4180} INFO - Setting next_dagrun for example_skip_dag to 2025-01-27 00:00:00+00:00, run_after=2025-01-28 00:00:00+00:00
[2025-01-28T22:50:31.104+0000] {processor.py:208} INFO - Processing /home/airflow/.local/lib/python3.12/site-packages/airflow/example_dags/example_skip_dag.py took 0.080 seconds
[2025-01-28T22:51:01.687+0000] {processor.py:186} INFO - Started process (PID=70469) to work on /home/airflow/.local/lib/python3.12/site-packages/airflow/example_dags/example_skip_dag.py
[2025-01-28T22:51:01.689+0000] {processor.py:914} INFO - Processing file /home/airflow/.local/lib/python3.12/site-packages/airflow/example_dags/example_skip_dag.py for tasks to queue
[2025-01-28T22:51:01.695+0000] {logging_mixin.py:190} INFO - [2025-01-28T22:51:01.694+0000] {dagbag.py:588} INFO - Filling up the DagBag from /home/airflow/.local/lib/python3.12/site-packages/airflow/example_dags/example_skip_dag.py
[2025-01-28T22:51:01.710+0000] {processor.py:925} INFO - DAG(s) 'example_skip_dag' retrieved from /home/airflow/.local/lib/python3.12/site-packages/airflow/example_dags/example_skip_dag.py
[2025-01-28T22:51:01.741+0000] {logging_mixin.py:190} INFO - [2025-01-28T22:51:01.741+0000] {dag.py:3239} INFO - Sync 1 DAGs
[2025-01-28T22:51:01.774+0000] {logging_mixin.py:190} INFO - [2025-01-28T22:51:01.774+0000] {dag.py:4180} INFO - Setting next_dagrun for example_skip_dag to 2025-01-27 00:00:00+00:00, run_after=2025-01-28 00:00:00+00:00
[2025-01-28T22:51:01.799+0000] {processor.py:208} INFO - Processing /home/airflow/.local/lib/python3.12/site-packages/airflow/example_dags/example_skip_dag.py took 0.123 seconds
[2025-01-28T22:51:31.860+0000] {processor.py:186} INFO - Started process (PID=70765) to work on /home/airflow/.local/lib/python3.12/site-packages/airflow/example_dags/example_skip_dag.py
[2025-01-28T22:51:31.861+0000] {processor.py:914} INFO - Processing file /home/airflow/.local/lib/python3.12/site-packages/airflow/example_dags/example_skip_dag.py for tasks to queue
[2025-01-28T22:51:31.864+0000] {logging_mixin.py:190} INFO - [2025-01-28T22:51:31.864+0000] {dagbag.py:588} INFO - Filling up the DagBag from /home/airflow/.local/lib/python3.12/site-packages/airflow/example_dags/example_skip_dag.py
[2025-01-28T22:51:31.873+0000] {processor.py:925} INFO - DAG(s) 'example_skip_dag' retrieved from /home/airflow/.local/lib/python3.12/site-packages/airflow/example_dags/example_skip_dag.py
[2025-01-28T22:51:31.895+0000] {logging_mixin.py:190} INFO - [2025-01-28T22:51:31.895+0000] {dag.py:3239} INFO - Sync 1 DAGs
[2025-01-28T22:51:31.920+0000] {logging_mixin.py:190} INFO - [2025-01-28T22:51:31.919+0000] {dag.py:4180} INFO - Setting next_dagrun for example_skip_dag to 2025-01-27 00:00:00+00:00, run_after=2025-01-28 00:00:00+00:00
[2025-01-28T22:51:31.938+0000] {processor.py:208} INFO - Processing /home/airflow/.local/lib/python3.12/site-packages/airflow/example_dags/example_skip_dag.py took 0.086 seconds
[2025-01-28T22:52:02.901+0000] {processor.py:186} INFO - Started process (PID=71062) to work on /home/airflow/.local/lib/python3.12/site-packages/airflow/example_dags/example_skip_dag.py
[2025-01-28T22:52:02.914+0000] {processor.py:914} INFO - Processing file /home/airflow/.local/lib/python3.12/site-packages/airflow/example_dags/example_skip_dag.py for tasks to queue
[2025-01-28T22:52:02.919+0000] {logging_mixin.py:190} INFO - [2025-01-28T22:52:02.918+0000] {dagbag.py:588} INFO - Filling up the DagBag from /home/airflow/.local/lib/python3.12/site-packages/airflow/example_dags/example_skip_dag.py
[2025-01-28T22:52:02.943+0000] {processor.py:925} INFO - DAG(s) 'example_skip_dag' retrieved from /home/airflow/.local/lib/python3.12/site-packages/airflow/example_dags/example_skip_dag.py
[2025-01-28T22:52:02.989+0000] {logging_mixin.py:190} INFO - [2025-01-28T22:52:02.989+0000] {dag.py:3239} INFO - Sync 1 DAGs
[2025-01-28T22:52:03.057+0000] {logging_mixin.py:190} INFO - [2025-01-28T22:52:03.057+0000] {dag.py:4180} INFO - Setting next_dagrun for example_skip_dag to 2025-01-27 00:00:00+00:00, run_after=2025-01-28 00:00:00+00:00
[2025-01-28T22:52:03.108+0000] {processor.py:208} INFO - Processing /home/airflow/.local/lib/python3.12/site-packages/airflow/example_dags/example_skip_dag.py took 0.217 seconds
[2025-01-28T22:52:34.724+0000] {processor.py:186} INFO - Started process (PID=71358) to work on /home/airflow/.local/lib/python3.12/site-packages/airflow/example_dags/example_skip_dag.py
[2025-01-28T22:52:34.727+0000] {processor.py:914} INFO - Processing file /home/airflow/.local/lib/python3.12/site-packages/airflow/example_dags/example_skip_dag.py for tasks to queue
[2025-01-28T22:52:34.746+0000] {logging_mixin.py:190} INFO - [2025-01-28T22:52:34.746+0000] {dagbag.py:588} INFO - Filling up the DagBag from /home/airflow/.local/lib/python3.12/site-packages/airflow/example_dags/example_skip_dag.py
[2025-01-28T22:52:34.788+0000] {processor.py:925} INFO - DAG(s) 'example_skip_dag' retrieved from /home/airflow/.local/lib/python3.12/site-packages/airflow/example_dags/example_skip_dag.py
[2025-01-28T22:52:34.899+0000] {logging_mixin.py:190} INFO - [2025-01-28T22:52:34.898+0000] {dag.py:3239} INFO - Sync 1 DAGs
[2025-01-28T22:52:35.027+0000] {logging_mixin.py:190} INFO - [2025-01-28T22:52:35.027+0000] {dag.py:4180} INFO - Setting next_dagrun for example_skip_dag to 2025-01-27 00:00:00+00:00, run_after=2025-01-28 00:00:00+00:00
[2025-01-28T22:52:35.142+0000] {processor.py:208} INFO - Processing /home/airflow/.local/lib/python3.12/site-packages/airflow/example_dags/example_skip_dag.py took 0.438 seconds
[2025-01-28T22:53:10.044+0000] {processor.py:186} INFO - Started process (PID=71654) to work on /home/airflow/.local/lib/python3.12/site-packages/airflow/example_dags/example_skip_dag.py
[2025-01-28T22:53:10.063+0000] {processor.py:914} INFO - Processing file /home/airflow/.local/lib/python3.12/site-packages/airflow/example_dags/example_skip_dag.py for tasks to queue
[2025-01-28T22:53:10.106+0000] {logging_mixin.py:190} INFO - [2025-01-28T22:53:10.105+0000] {dagbag.py:588} INFO - Filling up the DagBag from /home/airflow/.local/lib/python3.12/site-packages/airflow/example_dags/example_skip_dag.py
[2025-01-28T22:53:10.139+0000] {processor.py:925} INFO - DAG(s) 'example_skip_dag' retrieved from /home/airflow/.local/lib/python3.12/site-packages/airflow/example_dags/example_skip_dag.py
[2025-01-28T22:53:10.213+0000] {logging_mixin.py:190} INFO - [2025-01-28T22:53:10.213+0000] {dag.py:3239} INFO - Sync 1 DAGs
[2025-01-28T22:53:11.023+0000] {logging_mixin.py:190} INFO - [2025-01-28T22:53:11.023+0000] {dag.py:4180} INFO - Setting next_dagrun for example_skip_dag to 2025-01-27 00:00:00+00:00, run_after=2025-01-28 00:00:00+00:00
[2025-01-28T22:53:11.084+0000] {processor.py:208} INFO - Processing /home/airflow/.local/lib/python3.12/site-packages/airflow/example_dags/example_skip_dag.py took 1.059 seconds
