[2025-01-28T22:42:53.216+0000] {processor.py:186} INFO - Started process (PID=65728) to work on /home/airflow/.local/lib/python3.12/site-packages/airflow/example_dags/example_xcomargs.py
[2025-01-28T22:42:53.217+0000] {processor.py:914} INFO - Processing file /home/airflow/.local/lib/python3.12/site-packages/airflow/example_dags/example_xcomargs.py for tasks to queue
[2025-01-28T22:42:53.220+0000] {logging_mixin.py:190} INFO - [2025-01-28T22:42:53.220+0000] {dagbag.py:588} INFO - Filling up the DagBag from /home/airflow/.local/lib/python3.12/site-packages/airflow/example_dags/example_xcomargs.py
[2025-01-28T22:42:53.234+0000] {processor.py:925} INFO - DAG(s) 'example_xcom_args_with_operators', 'example_xcom_args' retrieved from /home/airflow/.local/lib/python3.12/site-packages/airflow/example_dags/example_xcomargs.py
[2025-01-28T22:42:53.268+0000] {logging_mixin.py:190} INFO - [2025-01-28T22:42:53.268+0000] {dag.py:3239} INFO - Sync 2 DAGs
[2025-01-28T22:42:53.291+0000] {logging_mixin.py:190} INFO - [2025-01-28T22:42:53.290+0000] {dag.py:4180} INFO - Setting next_dagrun for example_xcom_args to None, run_after=None
[2025-01-28T22:42:53.299+0000] {logging_mixin.py:190} INFO - [2025-01-28T22:42:53.299+0000] {dag.py:4180} INFO - Setting next_dagrun for example_xcom_args_with_operators to None, run_after=None
[2025-01-28T22:42:53.321+0000] {processor.py:208} INFO - Processing /home/airflow/.local/lib/python3.12/site-packages/airflow/example_dags/example_xcomargs.py took 0.113 seconds
[2025-01-28T22:43:23.658+0000] {processor.py:186} INFO - Started process (PID=66021) to work on /home/airflow/.local/lib/python3.12/site-packages/airflow/example_dags/example_xcomargs.py
[2025-01-28T22:43:23.659+0000] {processor.py:914} INFO - Processing file /home/airflow/.local/lib/python3.12/site-packages/airflow/example_dags/example_xcomargs.py for tasks to queue
[2025-01-28T22:43:23.662+0000] {logging_mixin.py:190} INFO - [2025-01-28T22:43:23.662+0000] {dagbag.py:588} INFO - Filling up the DagBag from /home/airflow/.local/lib/python3.12/site-packages/airflow/example_dags/example_xcomargs.py
[2025-01-28T22:43:23.678+0000] {processor.py:925} INFO - DAG(s) 'example_xcom_args', 'example_xcom_args_with_operators' retrieved from /home/airflow/.local/lib/python3.12/site-packages/airflow/example_dags/example_xcomargs.py
[2025-01-28T22:43:23.703+0000] {logging_mixin.py:190} INFO - [2025-01-28T22:43:23.703+0000] {dag.py:3239} INFO - Sync 2 DAGs
[2025-01-28T22:43:23.719+0000] {logging_mixin.py:190} INFO - [2025-01-28T22:43:23.718+0000] {dag.py:4180} INFO - Setting next_dagrun for example_xcom_args to None, run_after=None
[2025-01-28T22:43:23.725+0000] {logging_mixin.py:190} INFO - [2025-01-28T22:43:23.724+0000] {dag.py:4180} INFO - Setting next_dagrun for example_xcom_args_with_operators to None, run_after=None
[2025-01-28T22:43:23.749+0000] {processor.py:208} INFO - Processing /home/airflow/.local/lib/python3.12/site-packages/airflow/example_dags/example_xcomargs.py took 0.096 seconds
[2025-01-28T22:43:53.890+0000] {processor.py:186} INFO - Started process (PID=66317) to work on /home/airflow/.local/lib/python3.12/site-packages/airflow/example_dags/example_xcomargs.py
[2025-01-28T22:43:53.891+0000] {processor.py:914} INFO - Processing file /home/airflow/.local/lib/python3.12/site-packages/airflow/example_dags/example_xcomargs.py for tasks to queue
[2025-01-28T22:43:53.894+0000] {logging_mixin.py:190} INFO - [2025-01-28T22:43:53.893+0000] {dagbag.py:588} INFO - Filling up the DagBag from /home/airflow/.local/lib/python3.12/site-packages/airflow/example_dags/example_xcomargs.py
[2025-01-28T22:43:53.903+0000] {processor.py:925} INFO - DAG(s) 'example_xcom_args', 'example_xcom_args_with_operators' retrieved from /home/airflow/.local/lib/python3.12/site-packages/airflow/example_dags/example_xcomargs.py
[2025-01-28T22:43:53.928+0000] {logging_mixin.py:190} INFO - [2025-01-28T22:43:53.928+0000] {dag.py:3239} INFO - Sync 2 DAGs
[2025-01-28T22:43:53.941+0000] {logging_mixin.py:190} INFO - [2025-01-28T22:43:53.940+0000] {dag.py:4180} INFO - Setting next_dagrun for example_xcom_args to None, run_after=None
[2025-01-28T22:43:53.944+0000] {logging_mixin.py:190} INFO - [2025-01-28T22:43:53.944+0000] {dag.py:4180} INFO - Setting next_dagrun for example_xcom_args_with_operators to None, run_after=None
[2025-01-28T22:43:53.964+0000] {processor.py:208} INFO - Processing /home/airflow/.local/lib/python3.12/site-packages/airflow/example_dags/example_xcomargs.py took 0.081 seconds
[2025-01-28T22:44:24.558+0000] {processor.py:186} INFO - Started process (PID=66613) to work on /home/airflow/.local/lib/python3.12/site-packages/airflow/example_dags/example_xcomargs.py
[2025-01-28T22:44:24.559+0000] {processor.py:914} INFO - Processing file /home/airflow/.local/lib/python3.12/site-packages/airflow/example_dags/example_xcomargs.py for tasks to queue
[2025-01-28T22:44:24.561+0000] {logging_mixin.py:190} INFO - [2025-01-28T22:44:24.561+0000] {dagbag.py:588} INFO - Filling up the DagBag from /home/airflow/.local/lib/python3.12/site-packages/airflow/example_dags/example_xcomargs.py
[2025-01-28T22:44:24.570+0000] {processor.py:925} INFO - DAG(s) 'example_xcom_args', 'example_xcom_args_with_operators' retrieved from /home/airflow/.local/lib/python3.12/site-packages/airflow/example_dags/example_xcomargs.py
[2025-01-28T22:44:24.592+0000] {logging_mixin.py:190} INFO - [2025-01-28T22:44:24.591+0000] {dag.py:3239} INFO - Sync 2 DAGs
[2025-01-28T22:44:24.604+0000] {logging_mixin.py:190} INFO - [2025-01-28T22:44:24.604+0000] {dag.py:4180} INFO - Setting next_dagrun for example_xcom_args to None, run_after=None
[2025-01-28T22:44:24.608+0000] {logging_mixin.py:190} INFO - [2025-01-28T22:44:24.608+0000] {dag.py:4180} INFO - Setting next_dagrun for example_xcom_args_with_operators to None, run_after=None
[2025-01-28T22:44:24.626+0000] {processor.py:208} INFO - Processing /home/airflow/.local/lib/python3.12/site-packages/airflow/example_dags/example_xcomargs.py took 0.073 seconds
[2025-01-28T22:44:55.106+0000] {processor.py:186} INFO - Started process (PID=66910) to work on /home/airflow/.local/lib/python3.12/site-packages/airflow/example_dags/example_xcomargs.py
[2025-01-28T22:44:55.108+0000] {processor.py:914} INFO - Processing file /home/airflow/.local/lib/python3.12/site-packages/airflow/example_dags/example_xcomargs.py for tasks to queue
[2025-01-28T22:44:55.110+0000] {logging_mixin.py:190} INFO - [2025-01-28T22:44:55.110+0000] {dagbag.py:588} INFO - Filling up the DagBag from /home/airflow/.local/lib/python3.12/site-packages/airflow/example_dags/example_xcomargs.py
[2025-01-28T22:44:55.121+0000] {processor.py:925} INFO - DAG(s) 'example_xcom_args', 'example_xcom_args_with_operators' retrieved from /home/airflow/.local/lib/python3.12/site-packages/airflow/example_dags/example_xcomargs.py
[2025-01-28T22:44:55.142+0000] {logging_mixin.py:190} INFO - [2025-01-28T22:44:55.141+0000] {dag.py:3239} INFO - Sync 2 DAGs
[2025-01-28T22:44:55.153+0000] {logging_mixin.py:190} INFO - [2025-01-28T22:44:55.153+0000] {dag.py:4180} INFO - Setting next_dagrun for example_xcom_args to None, run_after=None
[2025-01-28T22:44:55.157+0000] {logging_mixin.py:190} INFO - [2025-01-28T22:44:55.157+0000] {dag.py:4180} INFO - Setting next_dagrun for example_xcom_args_with_operators to None, run_after=None
[2025-01-28T22:44:55.174+0000] {processor.py:208} INFO - Processing /home/airflow/.local/lib/python3.12/site-packages/airflow/example_dags/example_xcomargs.py took 0.073 seconds
[2025-01-28T22:45:25.981+0000] {processor.py:186} INFO - Started process (PID=67211) to work on /home/airflow/.local/lib/python3.12/site-packages/airflow/example_dags/example_xcomargs.py
[2025-01-28T22:45:25.982+0000] {processor.py:914} INFO - Processing file /home/airflow/.local/lib/python3.12/site-packages/airflow/example_dags/example_xcomargs.py for tasks to queue
[2025-01-28T22:45:25.984+0000] {logging_mixin.py:190} INFO - [2025-01-28T22:45:25.984+0000] {dagbag.py:588} INFO - Filling up the DagBag from /home/airflow/.local/lib/python3.12/site-packages/airflow/example_dags/example_xcomargs.py
[2025-01-28T22:45:25.993+0000] {processor.py:925} INFO - DAG(s) 'example_xcom_args_with_operators', 'example_xcom_args' retrieved from /home/airflow/.local/lib/python3.12/site-packages/airflow/example_dags/example_xcomargs.py
[2025-01-28T22:45:26.013+0000] {logging_mixin.py:190} INFO - [2025-01-28T22:45:26.013+0000] {dag.py:3239} INFO - Sync 2 DAGs
[2025-01-28T22:45:26.025+0000] {logging_mixin.py:190} INFO - [2025-01-28T22:45:26.025+0000] {dag.py:4180} INFO - Setting next_dagrun for example_xcom_args to None, run_after=None
[2025-01-28T22:45:26.028+0000] {logging_mixin.py:190} INFO - [2025-01-28T22:45:26.028+0000] {dag.py:4180} INFO - Setting next_dagrun for example_xcom_args_with_operators to None, run_after=None
[2025-01-28T22:45:26.045+0000] {processor.py:208} INFO - Processing /home/airflow/.local/lib/python3.12/site-packages/airflow/example_dags/example_xcomargs.py took 0.069 seconds
[2025-01-28T22:45:56.354+0000] {processor.py:186} INFO - Started process (PID=67503) to work on /home/airflow/.local/lib/python3.12/site-packages/airflow/example_dags/example_xcomargs.py
[2025-01-28T22:45:56.355+0000] {processor.py:914} INFO - Processing file /home/airflow/.local/lib/python3.12/site-packages/airflow/example_dags/example_xcomargs.py for tasks to queue
[2025-01-28T22:45:56.358+0000] {logging_mixin.py:190} INFO - [2025-01-28T22:45:56.357+0000] {dagbag.py:588} INFO - Filling up the DagBag from /home/airflow/.local/lib/python3.12/site-packages/airflow/example_dags/example_xcomargs.py
[2025-01-28T22:45:56.368+0000] {processor.py:925} INFO - DAG(s) 'example_xcom_args_with_operators', 'example_xcom_args' retrieved from /home/airflow/.local/lib/python3.12/site-packages/airflow/example_dags/example_xcomargs.py
[2025-01-28T22:45:56.389+0000] {logging_mixin.py:190} INFO - [2025-01-28T22:45:56.389+0000] {dag.py:3239} INFO - Sync 2 DAGs
[2025-01-28T22:45:56.404+0000] {logging_mixin.py:190} INFO - [2025-01-28T22:45:56.404+0000] {dag.py:4180} INFO - Setting next_dagrun for example_xcom_args to None, run_after=None
[2025-01-28T22:45:56.408+0000] {logging_mixin.py:190} INFO - [2025-01-28T22:45:56.408+0000] {dag.py:4180} INFO - Setting next_dagrun for example_xcom_args_with_operators to None, run_after=None
[2025-01-28T22:45:56.429+0000] {processor.py:208} INFO - Processing /home/airflow/.local/lib/python3.12/site-packages/airflow/example_dags/example_xcomargs.py took 0.080 seconds
[2025-01-28T22:46:26.495+0000] {processor.py:186} INFO - Started process (PID=67800) to work on /home/airflow/.local/lib/python3.12/site-packages/airflow/example_dags/example_xcomargs.py
[2025-01-28T22:46:26.496+0000] {processor.py:914} INFO - Processing file /home/airflow/.local/lib/python3.12/site-packages/airflow/example_dags/example_xcomargs.py for tasks to queue
[2025-01-28T22:46:26.498+0000] {logging_mixin.py:190} INFO - [2025-01-28T22:46:26.498+0000] {dagbag.py:588} INFO - Filling up the DagBag from /home/airflow/.local/lib/python3.12/site-packages/airflow/example_dags/example_xcomargs.py
[2025-01-28T22:46:26.508+0000] {processor.py:925} INFO - DAG(s) 'example_xcom_args_with_operators', 'example_xcom_args' retrieved from /home/airflow/.local/lib/python3.12/site-packages/airflow/example_dags/example_xcomargs.py
[2025-01-28T22:46:26.532+0000] {logging_mixin.py:190} INFO - [2025-01-28T22:46:26.531+0000] {dag.py:3239} INFO - Sync 2 DAGs
[2025-01-28T22:46:26.546+0000] {logging_mixin.py:190} INFO - [2025-01-28T22:46:26.546+0000] {dag.py:4180} INFO - Setting next_dagrun for example_xcom_args to None, run_after=None
[2025-01-28T22:46:26.550+0000] {logging_mixin.py:190} INFO - [2025-01-28T22:46:26.550+0000] {dag.py:4180} INFO - Setting next_dagrun for example_xcom_args_with_operators to None, run_after=None
[2025-01-28T22:46:26.568+0000] {processor.py:208} INFO - Processing /home/airflow/.local/lib/python3.12/site-packages/airflow/example_dags/example_xcomargs.py took 0.079 seconds
[2025-01-28T22:46:56.847+0000] {processor.py:186} INFO - Started process (PID=68096) to work on /home/airflow/.local/lib/python3.12/site-packages/airflow/example_dags/example_xcomargs.py
[2025-01-28T22:46:56.848+0000] {processor.py:914} INFO - Processing file /home/airflow/.local/lib/python3.12/site-packages/airflow/example_dags/example_xcomargs.py for tasks to queue
[2025-01-28T22:46:56.850+0000] {logging_mixin.py:190} INFO - [2025-01-28T22:46:56.850+0000] {dagbag.py:588} INFO - Filling up the DagBag from /home/airflow/.local/lib/python3.12/site-packages/airflow/example_dags/example_xcomargs.py
[2025-01-28T22:46:56.859+0000] {processor.py:925} INFO - DAG(s) 'example_xcom_args_with_operators', 'example_xcom_args' retrieved from /home/airflow/.local/lib/python3.12/site-packages/airflow/example_dags/example_xcomargs.py
[2025-01-28T22:46:56.881+0000] {logging_mixin.py:190} INFO - [2025-01-28T22:46:56.881+0000] {dag.py:3239} INFO - Sync 2 DAGs
[2025-01-28T22:46:56.895+0000] {logging_mixin.py:190} INFO - [2025-01-28T22:46:56.895+0000] {dag.py:4180} INFO - Setting next_dagrun for example_xcom_args to None, run_after=None
[2025-01-28T22:46:56.899+0000] {logging_mixin.py:190} INFO - [2025-01-28T22:46:56.898+0000] {dag.py:4180} INFO - Setting next_dagrun for example_xcom_args_with_operators to None, run_after=None
[2025-01-28T22:46:56.917+0000] {processor.py:208} INFO - Processing /home/airflow/.local/lib/python3.12/site-packages/airflow/example_dags/example_xcomargs.py took 0.075 seconds
[2025-01-28T22:47:27.285+0000] {processor.py:186} INFO - Started process (PID=68392) to work on /home/airflow/.local/lib/python3.12/site-packages/airflow/example_dags/example_xcomargs.py
[2025-01-28T22:47:27.286+0000] {processor.py:914} INFO - Processing file /home/airflow/.local/lib/python3.12/site-packages/airflow/example_dags/example_xcomargs.py for tasks to queue
[2025-01-28T22:47:27.288+0000] {logging_mixin.py:190} INFO - [2025-01-28T22:47:27.288+0000] {dagbag.py:588} INFO - Filling up the DagBag from /home/airflow/.local/lib/python3.12/site-packages/airflow/example_dags/example_xcomargs.py
[2025-01-28T22:47:27.297+0000] {processor.py:925} INFO - DAG(s) 'example_xcom_args', 'example_xcom_args_with_operators' retrieved from /home/airflow/.local/lib/python3.12/site-packages/airflow/example_dags/example_xcomargs.py
[2025-01-28T22:47:27.318+0000] {logging_mixin.py:190} INFO - [2025-01-28T22:47:27.317+0000] {dag.py:3239} INFO - Sync 2 DAGs
[2025-01-28T22:47:27.329+0000] {logging_mixin.py:190} INFO - [2025-01-28T22:47:27.329+0000] {dag.py:4180} INFO - Setting next_dagrun for example_xcom_args to None, run_after=None
[2025-01-28T22:47:27.333+0000] {logging_mixin.py:190} INFO - [2025-01-28T22:47:27.333+0000] {dag.py:4180} INFO - Setting next_dagrun for example_xcom_args_with_operators to None, run_after=None
[2025-01-28T22:47:27.352+0000] {processor.py:208} INFO - Processing /home/airflow/.local/lib/python3.12/site-packages/airflow/example_dags/example_xcomargs.py took 0.073 seconds
[2025-01-28T22:47:57.943+0000] {processor.py:186} INFO - Started process (PID=68698) to work on /home/airflow/.local/lib/python3.12/site-packages/airflow/example_dags/example_xcomargs.py
[2025-01-28T22:47:57.944+0000] {processor.py:914} INFO - Processing file /home/airflow/.local/lib/python3.12/site-packages/airflow/example_dags/example_xcomargs.py for tasks to queue
[2025-01-28T22:47:57.946+0000] {logging_mixin.py:190} INFO - [2025-01-28T22:47:57.945+0000] {dagbag.py:588} INFO - Filling up the DagBag from /home/airflow/.local/lib/python3.12/site-packages/airflow/example_dags/example_xcomargs.py
[2025-01-28T22:47:57.955+0000] {processor.py:925} INFO - DAG(s) 'example_xcom_args_with_operators', 'example_xcom_args' retrieved from /home/airflow/.local/lib/python3.12/site-packages/airflow/example_dags/example_xcomargs.py
[2025-01-28T22:47:57.976+0000] {logging_mixin.py:190} INFO - [2025-01-28T22:47:57.976+0000] {dag.py:3239} INFO - Sync 2 DAGs
[2025-01-28T22:47:57.988+0000] {logging_mixin.py:190} INFO - [2025-01-28T22:47:57.988+0000] {dag.py:4180} INFO - Setting next_dagrun for example_xcom_args to None, run_after=None
[2025-01-28T22:47:57.992+0000] {logging_mixin.py:190} INFO - [2025-01-28T22:47:57.991+0000] {dag.py:4180} INFO - Setting next_dagrun for example_xcom_args_with_operators to None, run_after=None
[2025-01-28T22:47:58.007+0000] {processor.py:208} INFO - Processing /home/airflow/.local/lib/python3.12/site-packages/airflow/example_dags/example_xcomargs.py took 0.069 seconds
[2025-01-28T22:48:28.719+0000] {processor.py:186} INFO - Started process (PID=68997) to work on /home/airflow/.local/lib/python3.12/site-packages/airflow/example_dags/example_xcomargs.py
[2025-01-28T22:48:28.720+0000] {processor.py:914} INFO - Processing file /home/airflow/.local/lib/python3.12/site-packages/airflow/example_dags/example_xcomargs.py for tasks to queue
[2025-01-28T22:48:28.723+0000] {logging_mixin.py:190} INFO - [2025-01-28T22:48:28.723+0000] {dagbag.py:588} INFO - Filling up the DagBag from /home/airflow/.local/lib/python3.12/site-packages/airflow/example_dags/example_xcomargs.py
[2025-01-28T22:48:28.736+0000] {processor.py:925} INFO - DAG(s) 'example_xcom_args_with_operators', 'example_xcom_args' retrieved from /home/airflow/.local/lib/python3.12/site-packages/airflow/example_dags/example_xcomargs.py
[2025-01-28T22:48:28.766+0000] {logging_mixin.py:190} INFO - [2025-01-28T22:48:28.766+0000] {dag.py:3239} INFO - Sync 2 DAGs
[2025-01-28T22:48:28.786+0000] {logging_mixin.py:190} INFO - [2025-01-28T22:48:28.785+0000] {dag.py:4180} INFO - Setting next_dagrun for example_xcom_args to None, run_after=None
[2025-01-28T22:48:28.790+0000] {logging_mixin.py:190} INFO - [2025-01-28T22:48:28.790+0000] {dag.py:4180} INFO - Setting next_dagrun for example_xcom_args_with_operators to None, run_after=None
[2025-01-28T22:48:28.808+0000] {processor.py:208} INFO - Processing /home/airflow/.local/lib/python3.12/site-packages/airflow/example_dags/example_xcomargs.py took 0.098 seconds
[2025-01-28T22:48:59.164+0000] {processor.py:186} INFO - Started process (PID=69293) to work on /home/airflow/.local/lib/python3.12/site-packages/airflow/example_dags/example_xcomargs.py
[2025-01-28T22:48:59.165+0000] {processor.py:914} INFO - Processing file /home/airflow/.local/lib/python3.12/site-packages/airflow/example_dags/example_xcomargs.py for tasks to queue
[2025-01-28T22:48:59.168+0000] {logging_mixin.py:190} INFO - [2025-01-28T22:48:59.168+0000] {dagbag.py:588} INFO - Filling up the DagBag from /home/airflow/.local/lib/python3.12/site-packages/airflow/example_dags/example_xcomargs.py
[2025-01-28T22:48:59.178+0000] {processor.py:925} INFO - DAG(s) 'example_xcom_args_with_operators', 'example_xcom_args' retrieved from /home/airflow/.local/lib/python3.12/site-packages/airflow/example_dags/example_xcomargs.py
[2025-01-28T22:48:59.199+0000] {logging_mixin.py:190} INFO - [2025-01-28T22:48:59.199+0000] {dag.py:3239} INFO - Sync 2 DAGs
[2025-01-28T22:48:59.217+0000] {logging_mixin.py:190} INFO - [2025-01-28T22:48:59.216+0000] {dag.py:4180} INFO - Setting next_dagrun for example_xcom_args to None, run_after=None
[2025-01-28T22:48:59.222+0000] {logging_mixin.py:190} INFO - [2025-01-28T22:48:59.221+0000] {dag.py:4180} INFO - Setting next_dagrun for example_xcom_args_with_operators to None, run_after=None
[2025-01-28T22:48:59.241+0000] {processor.py:208} INFO - Processing /home/airflow/.local/lib/python3.12/site-packages/airflow/example_dags/example_xcomargs.py took 0.082 seconds
[2025-01-28T22:49:29.924+0000] {processor.py:186} INFO - Started process (PID=69590) to work on /home/airflow/.local/lib/python3.12/site-packages/airflow/example_dags/example_xcomargs.py
[2025-01-28T22:49:29.925+0000] {processor.py:914} INFO - Processing file /home/airflow/.local/lib/python3.12/site-packages/airflow/example_dags/example_xcomargs.py for tasks to queue
[2025-01-28T22:49:29.928+0000] {logging_mixin.py:190} INFO - [2025-01-28T22:49:29.927+0000] {dagbag.py:588} INFO - Filling up the DagBag from /home/airflow/.local/lib/python3.12/site-packages/airflow/example_dags/example_xcomargs.py
[2025-01-28T22:49:29.941+0000] {processor.py:925} INFO - DAG(s) 'example_xcom_args_with_operators', 'example_xcom_args' retrieved from /home/airflow/.local/lib/python3.12/site-packages/airflow/example_dags/example_xcomargs.py
[2025-01-28T22:49:29.965+0000] {logging_mixin.py:190} INFO - [2025-01-28T22:49:29.964+0000] {dag.py:3239} INFO - Sync 2 DAGs
[2025-01-28T22:49:29.982+0000] {logging_mixin.py:190} INFO - [2025-01-28T22:49:29.982+0000] {dag.py:4180} INFO - Setting next_dagrun for example_xcom_args to None, run_after=None
[2025-01-28T22:49:29.986+0000] {logging_mixin.py:190} INFO - [2025-01-28T22:49:29.986+0000] {dag.py:4180} INFO - Setting next_dagrun for example_xcom_args_with_operators to None, run_after=None
[2025-01-28T22:49:30.002+0000] {processor.py:208} INFO - Processing /home/airflow/.local/lib/python3.12/site-packages/airflow/example_dags/example_xcomargs.py took 0.087 seconds
[2025-01-28T22:50:00.475+0000] {processor.py:186} INFO - Started process (PID=69887) to work on /home/airflow/.local/lib/python3.12/site-packages/airflow/example_dags/example_xcomargs.py
[2025-01-28T22:50:00.476+0000] {processor.py:914} INFO - Processing file /home/airflow/.local/lib/python3.12/site-packages/airflow/example_dags/example_xcomargs.py for tasks to queue
[2025-01-28T22:50:00.479+0000] {logging_mixin.py:190} INFO - [2025-01-28T22:50:00.478+0000] {dagbag.py:588} INFO - Filling up the DagBag from /home/airflow/.local/lib/python3.12/site-packages/airflow/example_dags/example_xcomargs.py
[2025-01-28T22:50:00.488+0000] {processor.py:925} INFO - DAG(s) 'example_xcom_args', 'example_xcom_args_with_operators' retrieved from /home/airflow/.local/lib/python3.12/site-packages/airflow/example_dags/example_xcomargs.py
[2025-01-28T22:50:00.509+0000] {logging_mixin.py:190} INFO - [2025-01-28T22:50:00.509+0000] {dag.py:3239} INFO - Sync 2 DAGs
[2025-01-28T22:50:00.525+0000] {logging_mixin.py:190} INFO - [2025-01-28T22:50:00.525+0000] {dag.py:4180} INFO - Setting next_dagrun for example_xcom_args to None, run_after=None
[2025-01-28T22:50:00.529+0000] {logging_mixin.py:190} INFO - [2025-01-28T22:50:00.529+0000] {dag.py:4180} INFO - Setting next_dagrun for example_xcom_args_with_operators to None, run_after=None
[2025-01-28T22:50:00.545+0000] {processor.py:208} INFO - Processing /home/airflow/.local/lib/python3.12/site-packages/airflow/example_dags/example_xcomargs.py took 0.074 seconds
[2025-01-28T22:50:31.151+0000] {processor.py:186} INFO - Started process (PID=70183) to work on /home/airflow/.local/lib/python3.12/site-packages/airflow/example_dags/example_xcomargs.py
[2025-01-28T22:50:31.152+0000] {processor.py:914} INFO - Processing file /home/airflow/.local/lib/python3.12/site-packages/airflow/example_dags/example_xcomargs.py for tasks to queue
[2025-01-28T22:50:31.155+0000] {logging_mixin.py:190} INFO - [2025-01-28T22:50:31.154+0000] {dagbag.py:588} INFO - Filling up the DagBag from /home/airflow/.local/lib/python3.12/site-packages/airflow/example_dags/example_xcomargs.py
[2025-01-28T22:50:31.165+0000] {processor.py:925} INFO - DAG(s) 'example_xcom_args_with_operators', 'example_xcom_args' retrieved from /home/airflow/.local/lib/python3.12/site-packages/airflow/example_dags/example_xcomargs.py
[2025-01-28T22:50:31.188+0000] {logging_mixin.py:190} INFO - [2025-01-28T22:50:31.188+0000] {dag.py:3239} INFO - Sync 2 DAGs
[2025-01-28T22:50:31.205+0000] {logging_mixin.py:190} INFO - [2025-01-28T22:50:31.205+0000] {dag.py:4180} INFO - Setting next_dagrun for example_xcom_args to None, run_after=None
[2025-01-28T22:50:31.209+0000] {logging_mixin.py:190} INFO - [2025-01-28T22:50:31.209+0000] {dag.py:4180} INFO - Setting next_dagrun for example_xcom_args_with_operators to None, run_after=None
[2025-01-28T22:50:31.229+0000] {processor.py:208} INFO - Processing /home/airflow/.local/lib/python3.12/site-packages/airflow/example_dags/example_xcomargs.py took 0.086 seconds
[2025-01-28T22:51:01.851+0000] {processor.py:186} INFO - Started process (PID=70479) to work on /home/airflow/.local/lib/python3.12/site-packages/airflow/example_dags/example_xcomargs.py
[2025-01-28T22:51:01.853+0000] {processor.py:914} INFO - Processing file /home/airflow/.local/lib/python3.12/site-packages/airflow/example_dags/example_xcomargs.py for tasks to queue
[2025-01-28T22:51:01.856+0000] {logging_mixin.py:190} INFO - [2025-01-28T22:51:01.856+0000] {dagbag.py:588} INFO - Filling up the DagBag from /home/airflow/.local/lib/python3.12/site-packages/airflow/example_dags/example_xcomargs.py
[2025-01-28T22:51:01.879+0000] {processor.py:925} INFO - DAG(s) 'example_xcom_args', 'example_xcom_args_with_operators' retrieved from /home/airflow/.local/lib/python3.12/site-packages/airflow/example_dags/example_xcomargs.py
[2025-01-28T22:51:01.928+0000] {logging_mixin.py:190} INFO - [2025-01-28T22:51:01.928+0000] {dag.py:3239} INFO - Sync 2 DAGs
[2025-01-28T22:51:01.959+0000] {logging_mixin.py:190} INFO - [2025-01-28T22:51:01.959+0000] {dag.py:4180} INFO - Setting next_dagrun for example_xcom_args to None, run_after=None
[2025-01-28T22:51:01.973+0000] {logging_mixin.py:190} INFO - [2025-01-28T22:51:01.972+0000] {dag.py:4180} INFO - Setting next_dagrun for example_xcom_args_with_operators to None, run_after=None
[2025-01-28T22:51:02.009+0000] {processor.py:208} INFO - Processing /home/airflow/.local/lib/python3.12/site-packages/airflow/example_dags/example_xcomargs.py took 0.167 seconds
[2025-01-28T22:51:32.087+0000] {processor.py:186} INFO - Started process (PID=70777) to work on /home/airflow/.local/lib/python3.12/site-packages/airflow/example_dags/example_xcomargs.py
[2025-01-28T22:51:32.088+0000] {processor.py:914} INFO - Processing file /home/airflow/.local/lib/python3.12/site-packages/airflow/example_dags/example_xcomargs.py for tasks to queue
[2025-01-28T22:51:32.091+0000] {logging_mixin.py:190} INFO - [2025-01-28T22:51:32.090+0000] {dagbag.py:588} INFO - Filling up the DagBag from /home/airflow/.local/lib/python3.12/site-packages/airflow/example_dags/example_xcomargs.py
[2025-01-28T22:51:32.102+0000] {processor.py:925} INFO - DAG(s) 'example_xcom_args_with_operators', 'example_xcom_args' retrieved from /home/airflow/.local/lib/python3.12/site-packages/airflow/example_dags/example_xcomargs.py
[2025-01-28T22:51:32.126+0000] {logging_mixin.py:190} INFO - [2025-01-28T22:51:32.126+0000] {dag.py:3239} INFO - Sync 2 DAGs
[2025-01-28T22:51:32.143+0000] {logging_mixin.py:190} INFO - [2025-01-28T22:51:32.143+0000] {dag.py:4180} INFO - Setting next_dagrun for example_xcom_args to None, run_after=None
[2025-01-28T22:51:32.147+0000] {logging_mixin.py:190} INFO - [2025-01-28T22:51:32.147+0000] {dag.py:4180} INFO - Setting next_dagrun for example_xcom_args_with_operators to None, run_after=None
[2025-01-28T22:51:32.166+0000] {processor.py:208} INFO - Processing /home/airflow/.local/lib/python3.12/site-packages/airflow/example_dags/example_xcomargs.py took 0.085 seconds
[2025-01-28T22:52:03.193+0000] {processor.py:186} INFO - Started process (PID=71072) to work on /home/airflow/.local/lib/python3.12/site-packages/airflow/example_dags/example_xcomargs.py
[2025-01-28T22:52:03.202+0000] {processor.py:914} INFO - Processing file /home/airflow/.local/lib/python3.12/site-packages/airflow/example_dags/example_xcomargs.py for tasks to queue
[2025-01-28T22:52:03.207+0000] {logging_mixin.py:190} INFO - [2025-01-28T22:52:03.206+0000] {dagbag.py:588} INFO - Filling up the DagBag from /home/airflow/.local/lib/python3.12/site-packages/airflow/example_dags/example_xcomargs.py
[2025-01-28T22:52:03.244+0000] {processor.py:925} INFO - DAG(s) 'example_xcom_args', 'example_xcom_args_with_operators' retrieved from /home/airflow/.local/lib/python3.12/site-packages/airflow/example_dags/example_xcomargs.py
[2025-01-28T22:52:03.330+0000] {logging_mixin.py:190} INFO - [2025-01-28T22:52:03.329+0000] {dag.py:3239} INFO - Sync 2 DAGs
[2025-01-28T22:52:03.394+0000] {logging_mixin.py:190} INFO - [2025-01-28T22:52:03.394+0000] {dag.py:4180} INFO - Setting next_dagrun for example_xcom_args to None, run_after=None
[2025-01-28T22:52:03.425+0000] {logging_mixin.py:190} INFO - [2025-01-28T22:52:03.425+0000] {dag.py:4180} INFO - Setting next_dagrun for example_xcom_args_with_operators to None, run_after=None
[2025-01-28T22:52:03.499+0000] {processor.py:208} INFO - Processing /home/airflow/.local/lib/python3.12/site-packages/airflow/example_dags/example_xcomargs.py took 0.323 seconds
[2025-01-28T22:52:35.282+0000] {processor.py:186} INFO - Started process (PID=71368) to work on /home/airflow/.local/lib/python3.12/site-packages/airflow/example_dags/example_xcomargs.py
[2025-01-28T22:52:35.288+0000] {processor.py:914} INFO - Processing file /home/airflow/.local/lib/python3.12/site-packages/airflow/example_dags/example_xcomargs.py for tasks to queue
[2025-01-28T22:52:35.299+0000] {logging_mixin.py:190} INFO - [2025-01-28T22:52:35.298+0000] {dagbag.py:588} INFO - Filling up the DagBag from /home/airflow/.local/lib/python3.12/site-packages/airflow/example_dags/example_xcomargs.py
[2025-01-28T22:52:35.348+0000] {processor.py:925} INFO - DAG(s) 'example_xcom_args', 'example_xcom_args_with_operators' retrieved from /home/airflow/.local/lib/python3.12/site-packages/airflow/example_dags/example_xcomargs.py
[2025-01-28T22:52:35.424+0000] {logging_mixin.py:190} INFO - [2025-01-28T22:52:35.424+0000] {dag.py:3239} INFO - Sync 2 DAGs
[2025-01-28T22:52:35.480+0000] {logging_mixin.py:190} INFO - [2025-01-28T22:52:35.479+0000] {dag.py:4180} INFO - Setting next_dagrun for example_xcom_args to None, run_after=None
[2025-01-28T22:52:35.497+0000] {logging_mixin.py:190} INFO - [2025-01-28T22:52:35.497+0000] {dag.py:4180} INFO - Setting next_dagrun for example_xcom_args_with_operators to None, run_after=None
[2025-01-28T22:52:35.564+0000] {processor.py:208} INFO - Processing /home/airflow/.local/lib/python3.12/site-packages/airflow/example_dags/example_xcomargs.py took 0.298 seconds
[2025-01-28T22:53:11.131+0000] {processor.py:186} INFO - Started process (PID=71666) to work on /home/airflow/.local/lib/python3.12/site-packages/airflow/example_dags/example_xcomargs.py
[2025-01-28T22:53:11.141+0000] {processor.py:914} INFO - Processing file /home/airflow/.local/lib/python3.12/site-packages/airflow/example_dags/example_xcomargs.py for tasks to queue
[2025-01-28T22:53:11.145+0000] {logging_mixin.py:190} INFO - [2025-01-28T22:53:11.144+0000] {dagbag.py:588} INFO - Filling up the DagBag from /home/airflow/.local/lib/python3.12/site-packages/airflow/example_dags/example_xcomargs.py
[2025-01-28T22:53:11.176+0000] {processor.py:925} INFO - DAG(s) 'example_xcom_args', 'example_xcom_args_with_operators' retrieved from /home/airflow/.local/lib/python3.12/site-packages/airflow/example_dags/example_xcomargs.py
[2025-01-28T22:53:11.241+0000] {logging_mixin.py:190} INFO - [2025-01-28T22:53:11.240+0000] {dag.py:3239} INFO - Sync 2 DAGs
[2025-01-28T22:53:11.814+0000] {logging_mixin.py:190} INFO - [2025-01-28T22:53:11.814+0000] {dag.py:4180} INFO - Setting next_dagrun for example_xcom_args to None, run_after=None
[2025-01-28T22:53:11.822+0000] {logging_mixin.py:190} INFO - [2025-01-28T22:53:11.822+0000] {dag.py:4180} INFO - Setting next_dagrun for example_xcom_args_with_operators to None, run_after=None
[2025-01-28T22:53:11.881+0000] {processor.py:208} INFO - Processing /home/airflow/.local/lib/python3.12/site-packages/airflow/example_dags/example_xcomargs.py took 0.765 seconds
