[2025-01-28T22:42:49.593+0000] {processor.py:186} INFO - Started process (PID=65686) to work on /home/airflow/.local/lib/python3.12/site-packages/airflow/example_dags/example_sla_dag.py
[2025-01-28T22:42:49.617+0000] {processor.py:914} INFO - Processing file /home/airflow/.local/lib/python3.12/site-packages/airflow/example_dags/example_sla_dag.py for tasks to queue
[2025-01-28T22:42:49.622+0000] {logging_mixin.py:190} INFO - [2025-01-28T22:42:49.621+0000] {dagbag.py:588} INFO - Filling up the DagBag from /home/airflow/.local/lib/python3.12/site-packages/airflow/example_dags/example_sla_dag.py
[2025-01-28T22:42:49.649+0000] {processor.py:925} INFO - DAG(s) 'example_sla_dag' retrieved from /home/airflow/.local/lib/python3.12/site-packages/airflow/example_dags/example_sla_dag.py
[2025-01-28T22:42:49.706+0000] {logging_mixin.py:190} INFO - [2025-01-28T22:42:49.697+0000] {dag.py:3239} INFO - Sync 1 DAGs
[2025-01-28T22:42:49.769+0000] {logging_mixin.py:190} INFO - [2025-01-28T22:42:49.769+0000] {dag.py:4180} INFO - Setting next_dagrun for example_sla_dag to 2025-01-28 22:40:00+00:00, run_after=2025-01-28 22:42:00+00:00
[2025-01-28T22:42:49.824+0000] {processor.py:208} INFO - Processing /home/airflow/.local/lib/python3.12/site-packages/airflow/example_dags/example_sla_dag.py took 0.240 seconds
[2025-01-28T22:43:20.142+0000] {processor.py:186} INFO - Started process (PID=65981) to work on /home/airflow/.local/lib/python3.12/site-packages/airflow/example_dags/example_sla_dag.py
[2025-01-28T22:43:20.143+0000] {processor.py:914} INFO - Processing file /home/airflow/.local/lib/python3.12/site-packages/airflow/example_dags/example_sla_dag.py for tasks to queue
[2025-01-28T22:43:20.146+0000] {logging_mixin.py:190} INFO - [2025-01-28T22:43:20.146+0000] {dagbag.py:588} INFO - Filling up the DagBag from /home/airflow/.local/lib/python3.12/site-packages/airflow/example_dags/example_sla_dag.py
[2025-01-28T22:43:20.158+0000] {processor.py:925} INFO - DAG(s) 'example_sla_dag' retrieved from /home/airflow/.local/lib/python3.12/site-packages/airflow/example_dags/example_sla_dag.py
[2025-01-28T22:43:20.175+0000] {logging_mixin.py:190} INFO - [2025-01-28T22:43:20.175+0000] {dag.py:3239} INFO - Sync 1 DAGs
[2025-01-28T22:43:20.196+0000] {logging_mixin.py:190} INFO - [2025-01-28T22:43:20.196+0000] {dag.py:4180} INFO - Setting next_dagrun for example_sla_dag to 2025-01-28 22:40:00+00:00, run_after=2025-01-28 22:42:00+00:00
[2025-01-28T22:43:20.211+0000] {processor.py:208} INFO - Processing /home/airflow/.local/lib/python3.12/site-packages/airflow/example_dags/example_sla_dag.py took 0.076 seconds
[2025-01-28T22:43:51.099+0000] {processor.py:186} INFO - Started process (PID=66279) to work on /home/airflow/.local/lib/python3.12/site-packages/airflow/example_dags/example_sla_dag.py
[2025-01-28T22:43:51.101+0000] {processor.py:914} INFO - Processing file /home/airflow/.local/lib/python3.12/site-packages/airflow/example_dags/example_sla_dag.py for tasks to queue
[2025-01-28T22:43:51.103+0000] {logging_mixin.py:190} INFO - [2025-01-28T22:43:51.103+0000] {dagbag.py:588} INFO - Filling up the DagBag from /home/airflow/.local/lib/python3.12/site-packages/airflow/example_dags/example_sla_dag.py
[2025-01-28T22:43:51.114+0000] {processor.py:925} INFO - DAG(s) 'example_sla_dag' retrieved from /home/airflow/.local/lib/python3.12/site-packages/airflow/example_dags/example_sla_dag.py
[2025-01-28T22:43:51.134+0000] {logging_mixin.py:190} INFO - [2025-01-28T22:43:51.133+0000] {dag.py:3239} INFO - Sync 1 DAGs
[2025-01-28T22:43:51.157+0000] {logging_mixin.py:190} INFO - [2025-01-28T22:43:51.157+0000] {dag.py:4180} INFO - Setting next_dagrun for example_sla_dag to 2025-01-28 22:40:00+00:00, run_after=2025-01-28 22:42:00+00:00
[2025-01-28T22:43:51.175+0000] {processor.py:208} INFO - Processing /home/airflow/.local/lib/python3.12/site-packages/airflow/example_dags/example_sla_dag.py took 0.083 seconds
[2025-01-28T22:44:21.260+0000] {processor.py:186} INFO - Started process (PID=66575) to work on /home/airflow/.local/lib/python3.12/site-packages/airflow/example_dags/example_sla_dag.py
[2025-01-28T22:44:21.261+0000] {processor.py:914} INFO - Processing file /home/airflow/.local/lib/python3.12/site-packages/airflow/example_dags/example_sla_dag.py for tasks to queue
[2025-01-28T22:44:21.263+0000] {logging_mixin.py:190} INFO - [2025-01-28T22:44:21.263+0000] {dagbag.py:588} INFO - Filling up the DagBag from /home/airflow/.local/lib/python3.12/site-packages/airflow/example_dags/example_sla_dag.py
[2025-01-28T22:44:21.275+0000] {processor.py:925} INFO - DAG(s) 'example_sla_dag' retrieved from /home/airflow/.local/lib/python3.12/site-packages/airflow/example_dags/example_sla_dag.py
[2025-01-28T22:44:21.294+0000] {logging_mixin.py:190} INFO - [2025-01-28T22:44:21.294+0000] {dag.py:3239} INFO - Sync 1 DAGs
[2025-01-28T22:44:21.322+0000] {logging_mixin.py:190} INFO - [2025-01-28T22:44:21.321+0000] {dag.py:4180} INFO - Setting next_dagrun for example_sla_dag to 2025-01-28 22:42:00+00:00, run_after=2025-01-28 22:44:00+00:00
[2025-01-28T22:44:21.338+0000] {processor.py:208} INFO - Processing /home/airflow/.local/lib/python3.12/site-packages/airflow/example_dags/example_sla_dag.py took 0.084 seconds
[2025-01-28T22:44:51.721+0000] {processor.py:186} INFO - Started process (PID=66871) to work on /home/airflow/.local/lib/python3.12/site-packages/airflow/example_dags/example_sla_dag.py
[2025-01-28T22:44:51.722+0000] {processor.py:914} INFO - Processing file /home/airflow/.local/lib/python3.12/site-packages/airflow/example_dags/example_sla_dag.py for tasks to queue
[2025-01-28T22:44:51.725+0000] {logging_mixin.py:190} INFO - [2025-01-28T22:44:51.725+0000] {dagbag.py:588} INFO - Filling up the DagBag from /home/airflow/.local/lib/python3.12/site-packages/airflow/example_dags/example_sla_dag.py
[2025-01-28T22:44:51.736+0000] {processor.py:925} INFO - DAG(s) 'example_sla_dag' retrieved from /home/airflow/.local/lib/python3.12/site-packages/airflow/example_dags/example_sla_dag.py
[2025-01-28T22:44:51.753+0000] {logging_mixin.py:190} INFO - [2025-01-28T22:44:51.752+0000] {dag.py:3239} INFO - Sync 1 DAGs
[2025-01-28T22:44:51.773+0000] {logging_mixin.py:190} INFO - [2025-01-28T22:44:51.773+0000] {dag.py:4180} INFO - Setting next_dagrun for example_sla_dag to 2025-01-28 22:42:00+00:00, run_after=2025-01-28 22:44:00+00:00
[2025-01-28T22:44:51.787+0000] {processor.py:208} INFO - Processing /home/airflow/.local/lib/python3.12/site-packages/airflow/example_dags/example_sla_dag.py took 0.072 seconds
[2025-01-28T22:45:22.432+0000] {processor.py:186} INFO - Started process (PID=67166) to work on /home/airflow/.local/lib/python3.12/site-packages/airflow/example_dags/example_sla_dag.py
[2025-01-28T22:45:22.434+0000] {processor.py:914} INFO - Processing file /home/airflow/.local/lib/python3.12/site-packages/airflow/example_dags/example_sla_dag.py for tasks to queue
[2025-01-28T22:45:22.437+0000] {logging_mixin.py:190} INFO - [2025-01-28T22:45:22.437+0000] {dagbag.py:588} INFO - Filling up the DagBag from /home/airflow/.local/lib/python3.12/site-packages/airflow/example_dags/example_sla_dag.py
[2025-01-28T22:45:22.449+0000] {processor.py:925} INFO - DAG(s) 'example_sla_dag' retrieved from /home/airflow/.local/lib/python3.12/site-packages/airflow/example_dags/example_sla_dag.py
[2025-01-28T22:45:22.469+0000] {logging_mixin.py:190} INFO - [2025-01-28T22:45:22.468+0000] {dag.py:3239} INFO - Sync 1 DAGs
[2025-01-28T22:45:22.509+0000] {logging_mixin.py:190} INFO - [2025-01-28T22:45:22.509+0000] {dag.py:4180} INFO - Setting next_dagrun for example_sla_dag to 2025-01-28 22:42:00+00:00, run_after=2025-01-28 22:44:00+00:00
[2025-01-28T22:45:22.566+0000] {processor.py:208} INFO - Processing /home/airflow/.local/lib/python3.12/site-packages/airflow/example_dags/example_sla_dag.py took 0.140 seconds
[2025-01-28T22:45:52.930+0000] {processor.py:186} INFO - Started process (PID=67463) to work on /home/airflow/.local/lib/python3.12/site-packages/airflow/example_dags/example_sla_dag.py
[2025-01-28T22:45:52.931+0000] {processor.py:914} INFO - Processing file /home/airflow/.local/lib/python3.12/site-packages/airflow/example_dags/example_sla_dag.py for tasks to queue
[2025-01-28T22:45:52.933+0000] {logging_mixin.py:190} INFO - [2025-01-28T22:45:52.933+0000] {dagbag.py:588} INFO - Filling up the DagBag from /home/airflow/.local/lib/python3.12/site-packages/airflow/example_dags/example_sla_dag.py
[2025-01-28T22:45:52.941+0000] {processor.py:925} INFO - DAG(s) 'example_sla_dag' retrieved from /home/airflow/.local/lib/python3.12/site-packages/airflow/example_dags/example_sla_dag.py
[2025-01-28T22:45:52.957+0000] {logging_mixin.py:190} INFO - [2025-01-28T22:45:52.957+0000] {dag.py:3239} INFO - Sync 1 DAGs
[2025-01-28T22:45:52.977+0000] {logging_mixin.py:190} INFO - [2025-01-28T22:45:52.977+0000] {dag.py:4180} INFO - Setting next_dagrun for example_sla_dag to 2025-01-28 22:42:00+00:00, run_after=2025-01-28 22:44:00+00:00
[2025-01-28T22:45:52.998+0000] {processor.py:208} INFO - Processing /home/airflow/.local/lib/python3.12/site-packages/airflow/example_dags/example_sla_dag.py took 0.072 seconds
[2025-01-28T22:46:23.103+0000] {processor.py:186} INFO - Started process (PID=67759) to work on /home/airflow/.local/lib/python3.12/site-packages/airflow/example_dags/example_sla_dag.py
[2025-01-28T22:46:23.104+0000] {processor.py:914} INFO - Processing file /home/airflow/.local/lib/python3.12/site-packages/airflow/example_dags/example_sla_dag.py for tasks to queue
[2025-01-28T22:46:23.106+0000] {logging_mixin.py:190} INFO - [2025-01-28T22:46:23.105+0000] {dagbag.py:588} INFO - Filling up the DagBag from /home/airflow/.local/lib/python3.12/site-packages/airflow/example_dags/example_sla_dag.py
[2025-01-28T22:46:23.115+0000] {processor.py:925} INFO - DAG(s) 'example_sla_dag' retrieved from /home/airflow/.local/lib/python3.12/site-packages/airflow/example_dags/example_sla_dag.py
[2025-01-28T22:46:23.132+0000] {logging_mixin.py:190} INFO - [2025-01-28T22:46:23.132+0000] {dag.py:3239} INFO - Sync 1 DAGs
[2025-01-28T22:46:23.157+0000] {logging_mixin.py:190} INFO - [2025-01-28T22:46:23.157+0000] {dag.py:4180} INFO - Setting next_dagrun for example_sla_dag to 2025-01-28 22:44:00+00:00, run_after=2025-01-28 22:46:00+00:00
[2025-01-28T22:46:23.181+0000] {processor.py:208} INFO - Processing /home/airflow/.local/lib/python3.12/site-packages/airflow/example_dags/example_sla_dag.py took 0.085 seconds
[2025-01-28T22:46:53.434+0000] {processor.py:186} INFO - Started process (PID=68055) to work on /home/airflow/.local/lib/python3.12/site-packages/airflow/example_dags/example_sla_dag.py
[2025-01-28T22:46:53.435+0000] {processor.py:914} INFO - Processing file /home/airflow/.local/lib/python3.12/site-packages/airflow/example_dags/example_sla_dag.py for tasks to queue
[2025-01-28T22:46:53.437+0000] {logging_mixin.py:190} INFO - [2025-01-28T22:46:53.437+0000] {dagbag.py:588} INFO - Filling up the DagBag from /home/airflow/.local/lib/python3.12/site-packages/airflow/example_dags/example_sla_dag.py
[2025-01-28T22:46:53.446+0000] {processor.py:925} INFO - DAG(s) 'example_sla_dag' retrieved from /home/airflow/.local/lib/python3.12/site-packages/airflow/example_dags/example_sla_dag.py
[2025-01-28T22:46:53.468+0000] {logging_mixin.py:190} INFO - [2025-01-28T22:46:53.467+0000] {dag.py:3239} INFO - Sync 1 DAGs
[2025-01-28T22:46:53.489+0000] {logging_mixin.py:190} INFO - [2025-01-28T22:46:53.489+0000] {dag.py:4180} INFO - Setting next_dagrun for example_sla_dag to 2025-01-28 22:44:00+00:00, run_after=2025-01-28 22:46:00+00:00
[2025-01-28T22:46:53.508+0000] {processor.py:208} INFO - Processing /home/airflow/.local/lib/python3.12/site-packages/airflow/example_dags/example_sla_dag.py took 0.081 seconds
[2025-01-28T22:47:23.845+0000] {processor.py:186} INFO - Started process (PID=68351) to work on /home/airflow/.local/lib/python3.12/site-packages/airflow/example_dags/example_sla_dag.py
[2025-01-28T22:47:23.846+0000] {processor.py:914} INFO - Processing file /home/airflow/.local/lib/python3.12/site-packages/airflow/example_dags/example_sla_dag.py for tasks to queue
[2025-01-28T22:47:23.849+0000] {logging_mixin.py:190} INFO - [2025-01-28T22:47:23.848+0000] {dagbag.py:588} INFO - Filling up the DagBag from /home/airflow/.local/lib/python3.12/site-packages/airflow/example_dags/example_sla_dag.py
[2025-01-28T22:47:23.858+0000] {processor.py:925} INFO - DAG(s) 'example_sla_dag' retrieved from /home/airflow/.local/lib/python3.12/site-packages/airflow/example_dags/example_sla_dag.py
[2025-01-28T22:47:23.876+0000] {logging_mixin.py:190} INFO - [2025-01-28T22:47:23.876+0000] {dag.py:3239} INFO - Sync 1 DAGs
[2025-01-28T22:47:23.898+0000] {logging_mixin.py:190} INFO - [2025-01-28T22:47:23.898+0000] {dag.py:4180} INFO - Setting next_dagrun for example_sla_dag to 2025-01-28 22:44:00+00:00, run_after=2025-01-28 22:46:00+00:00
[2025-01-28T22:47:23.921+0000] {processor.py:208} INFO - Processing /home/airflow/.local/lib/python3.12/site-packages/airflow/example_dags/example_sla_dag.py took 0.081 seconds
[2025-01-28T22:47:54.342+0000] {processor.py:186} INFO - Started process (PID=68645) to work on /home/airflow/.local/lib/python3.12/site-packages/airflow/example_dags/example_sla_dag.py
[2025-01-28T22:47:54.344+0000] {processor.py:914} INFO - Processing file /home/airflow/.local/lib/python3.12/site-packages/airflow/example_dags/example_sla_dag.py for tasks to queue
[2025-01-28T22:47:54.346+0000] {logging_mixin.py:190} INFO - [2025-01-28T22:47:54.345+0000] {dagbag.py:588} INFO - Filling up the DagBag from /home/airflow/.local/lib/python3.12/site-packages/airflow/example_dags/example_sla_dag.py
[2025-01-28T22:47:54.357+0000] {processor.py:925} INFO - DAG(s) 'example_sla_dag' retrieved from /home/airflow/.local/lib/python3.12/site-packages/airflow/example_dags/example_sla_dag.py
[2025-01-28T22:47:54.377+0000] {logging_mixin.py:190} INFO - [2025-01-28T22:47:54.377+0000] {dag.py:3239} INFO - Sync 1 DAGs
[2025-01-28T22:47:54.403+0000] {logging_mixin.py:190} INFO - [2025-01-28T22:47:54.402+0000] {dag.py:4180} INFO - Setting next_dagrun for example_sla_dag to 2025-01-28 22:44:00+00:00, run_after=2025-01-28 22:46:00+00:00
[2025-01-28T22:47:54.418+0000] {processor.py:208} INFO - Processing /home/airflow/.local/lib/python3.12/site-packages/airflow/example_dags/example_sla_dag.py took 0.081 seconds
[2025-01-28T22:48:24.769+0000] {processor.py:186} INFO - Started process (PID=68941) to work on /home/airflow/.local/lib/python3.12/site-packages/airflow/example_dags/example_sla_dag.py
[2025-01-28T22:48:24.770+0000] {processor.py:914} INFO - Processing file /home/airflow/.local/lib/python3.12/site-packages/airflow/example_dags/example_sla_dag.py for tasks to queue
[2025-01-28T22:48:24.773+0000] {logging_mixin.py:190} INFO - [2025-01-28T22:48:24.773+0000] {dagbag.py:588} INFO - Filling up the DagBag from /home/airflow/.local/lib/python3.12/site-packages/airflow/example_dags/example_sla_dag.py
[2025-01-28T22:48:24.784+0000] {processor.py:925} INFO - DAG(s) 'example_sla_dag' retrieved from /home/airflow/.local/lib/python3.12/site-packages/airflow/example_dags/example_sla_dag.py
[2025-01-28T22:48:24.806+0000] {logging_mixin.py:190} INFO - [2025-01-28T22:48:24.805+0000] {dag.py:3239} INFO - Sync 1 DAGs
[2025-01-28T22:48:24.830+0000] {logging_mixin.py:190} INFO - [2025-01-28T22:48:24.830+0000] {dag.py:4180} INFO - Setting next_dagrun for example_sla_dag to 2025-01-28 22:46:00+00:00, run_after=2025-01-28 22:48:00+00:00
[2025-01-28T22:48:24.846+0000] {processor.py:208} INFO - Processing /home/airflow/.local/lib/python3.12/site-packages/airflow/example_dags/example_sla_dag.py took 0.083 seconds
[2025-01-28T22:48:55.605+0000] {processor.py:186} INFO - Started process (PID=69245) to work on /home/airflow/.local/lib/python3.12/site-packages/airflow/example_dags/example_sla_dag.py
[2025-01-28T22:48:55.606+0000] {processor.py:914} INFO - Processing file /home/airflow/.local/lib/python3.12/site-packages/airflow/example_dags/example_sla_dag.py for tasks to queue
[2025-01-28T22:48:55.609+0000] {logging_mixin.py:190} INFO - [2025-01-28T22:48:55.608+0000] {dagbag.py:588} INFO - Filling up the DagBag from /home/airflow/.local/lib/python3.12/site-packages/airflow/example_dags/example_sla_dag.py
[2025-01-28T22:48:55.617+0000] {processor.py:925} INFO - DAG(s) 'example_sla_dag' retrieved from /home/airflow/.local/lib/python3.12/site-packages/airflow/example_dags/example_sla_dag.py
[2025-01-28T22:48:55.633+0000] {logging_mixin.py:190} INFO - [2025-01-28T22:48:55.632+0000] {dag.py:3239} INFO - Sync 1 DAGs
[2025-01-28T22:48:55.657+0000] {logging_mixin.py:190} INFO - [2025-01-28T22:48:55.656+0000] {dag.py:4180} INFO - Setting next_dagrun for example_sla_dag to 2025-01-28 22:46:00+00:00, run_after=2025-01-28 22:48:00+00:00
[2025-01-28T22:48:55.677+0000] {processor.py:208} INFO - Processing /home/airflow/.local/lib/python3.12/site-packages/airflow/example_dags/example_sla_dag.py took 0.077 seconds
[2025-01-28T22:49:26.347+0000] {processor.py:186} INFO - Started process (PID=69540) to work on /home/airflow/.local/lib/python3.12/site-packages/airflow/example_dags/example_sla_dag.py
[2025-01-28T22:49:26.348+0000] {processor.py:914} INFO - Processing file /home/airflow/.local/lib/python3.12/site-packages/airflow/example_dags/example_sla_dag.py for tasks to queue
[2025-01-28T22:49:26.351+0000] {logging_mixin.py:190} INFO - [2025-01-28T22:49:26.351+0000] {dagbag.py:588} INFO - Filling up the DagBag from /home/airflow/.local/lib/python3.12/site-packages/airflow/example_dags/example_sla_dag.py
[2025-01-28T22:49:26.361+0000] {processor.py:925} INFO - DAG(s) 'example_sla_dag' retrieved from /home/airflow/.local/lib/python3.12/site-packages/airflow/example_dags/example_sla_dag.py
[2025-01-28T22:49:26.380+0000] {logging_mixin.py:190} INFO - [2025-01-28T22:49:26.380+0000] {dag.py:3239} INFO - Sync 1 DAGs
[2025-01-28T22:49:26.410+0000] {logging_mixin.py:190} INFO - [2025-01-28T22:49:26.410+0000] {dag.py:4180} INFO - Setting next_dagrun for example_sla_dag to 2025-01-28 22:46:00+00:00, run_after=2025-01-28 22:48:00+00:00
[2025-01-28T22:49:26.428+0000] {processor.py:208} INFO - Processing /home/airflow/.local/lib/python3.12/site-packages/airflow/example_dags/example_sla_dag.py took 0.086 seconds
[2025-01-28T22:49:56.927+0000] {processor.py:186} INFO - Started process (PID=69839) to work on /home/airflow/.local/lib/python3.12/site-packages/airflow/example_dags/example_sla_dag.py
[2025-01-28T22:49:56.928+0000] {processor.py:914} INFO - Processing file /home/airflow/.local/lib/python3.12/site-packages/airflow/example_dags/example_sla_dag.py for tasks to queue
[2025-01-28T22:49:56.930+0000] {logging_mixin.py:190} INFO - [2025-01-28T22:49:56.930+0000] {dagbag.py:588} INFO - Filling up the DagBag from /home/airflow/.local/lib/python3.12/site-packages/airflow/example_dags/example_sla_dag.py
[2025-01-28T22:49:56.938+0000] {processor.py:925} INFO - DAG(s) 'example_sla_dag' retrieved from /home/airflow/.local/lib/python3.12/site-packages/airflow/example_dags/example_sla_dag.py
[2025-01-28T22:49:56.954+0000] {logging_mixin.py:190} INFO - [2025-01-28T22:49:56.953+0000] {dag.py:3239} INFO - Sync 1 DAGs
[2025-01-28T22:49:56.976+0000] {logging_mixin.py:190} INFO - [2025-01-28T22:49:56.975+0000] {dag.py:4180} INFO - Setting next_dagrun for example_sla_dag to 2025-01-28 22:46:00+00:00, run_after=2025-01-28 22:48:00+00:00
[2025-01-28T22:49:56.990+0000] {processor.py:208} INFO - Processing /home/airflow/.local/lib/python3.12/site-packages/airflow/example_dags/example_sla_dag.py took 0.068 seconds
[2025-01-28T22:50:27.596+0000] {processor.py:186} INFO - Started process (PID=70135) to work on /home/airflow/.local/lib/python3.12/site-packages/airflow/example_dags/example_sla_dag.py
[2025-01-28T22:50:27.598+0000] {processor.py:914} INFO - Processing file /home/airflow/.local/lib/python3.12/site-packages/airflow/example_dags/example_sla_dag.py for tasks to queue
[2025-01-28T22:50:27.600+0000] {logging_mixin.py:190} INFO - [2025-01-28T22:50:27.599+0000] {dagbag.py:588} INFO - Filling up the DagBag from /home/airflow/.local/lib/python3.12/site-packages/airflow/example_dags/example_sla_dag.py
[2025-01-28T22:50:27.608+0000] {processor.py:925} INFO - DAG(s) 'example_sla_dag' retrieved from /home/airflow/.local/lib/python3.12/site-packages/airflow/example_dags/example_sla_dag.py
[2025-01-28T22:50:27.623+0000] {logging_mixin.py:190} INFO - [2025-01-28T22:50:27.623+0000] {dag.py:3239} INFO - Sync 1 DAGs
[2025-01-28T22:50:27.643+0000] {logging_mixin.py:190} INFO - [2025-01-28T22:50:27.643+0000] {dag.py:4180} INFO - Setting next_dagrun for example_sla_dag to 2025-01-28 22:48:00+00:00, run_after=2025-01-28 22:50:00+00:00
[2025-01-28T22:50:27.660+0000] {processor.py:208} INFO - Processing /home/airflow/.local/lib/python3.12/site-packages/airflow/example_dags/example_sla_dag.py took 0.068 seconds
[2025-01-28T22:50:58.000+0000] {processor.py:186} INFO - Started process (PID=70429) to work on /home/airflow/.local/lib/python3.12/site-packages/airflow/example_dags/example_sla_dag.py
[2025-01-28T22:50:58.002+0000] {processor.py:914} INFO - Processing file /home/airflow/.local/lib/python3.12/site-packages/airflow/example_dags/example_sla_dag.py for tasks to queue
[2025-01-28T22:50:58.004+0000] {logging_mixin.py:190} INFO - [2025-01-28T22:50:58.004+0000] {dagbag.py:588} INFO - Filling up the DagBag from /home/airflow/.local/lib/python3.12/site-packages/airflow/example_dags/example_sla_dag.py
[2025-01-28T22:50:58.016+0000] {processor.py:925} INFO - DAG(s) 'example_sla_dag' retrieved from /home/airflow/.local/lib/python3.12/site-packages/airflow/example_dags/example_sla_dag.py
[2025-01-28T22:50:58.035+0000] {logging_mixin.py:190} INFO - [2025-01-28T22:50:58.035+0000] {dag.py:3239} INFO - Sync 1 DAGs
[2025-01-28T22:50:58.062+0000] {logging_mixin.py:190} INFO - [2025-01-28T22:50:58.062+0000] {dag.py:4180} INFO - Setting next_dagrun for example_sla_dag to 2025-01-28 22:48:00+00:00, run_after=2025-01-28 22:50:00+00:00
[2025-01-28T22:50:58.081+0000] {processor.py:208} INFO - Processing /home/airflow/.local/lib/python3.12/site-packages/airflow/example_dags/example_sla_dag.py took 0.088 seconds
[2025-01-28T22:51:28.351+0000] {processor.py:186} INFO - Started process (PID=70726) to work on /home/airflow/.local/lib/python3.12/site-packages/airflow/example_dags/example_sla_dag.py
[2025-01-28T22:51:28.353+0000] {processor.py:914} INFO - Processing file /home/airflow/.local/lib/python3.12/site-packages/airflow/example_dags/example_sla_dag.py for tasks to queue
[2025-01-28T22:51:28.355+0000] {logging_mixin.py:190} INFO - [2025-01-28T22:51:28.355+0000] {dagbag.py:588} INFO - Filling up the DagBag from /home/airflow/.local/lib/python3.12/site-packages/airflow/example_dags/example_sla_dag.py
[2025-01-28T22:51:28.366+0000] {processor.py:925} INFO - DAG(s) 'example_sla_dag' retrieved from /home/airflow/.local/lib/python3.12/site-packages/airflow/example_dags/example_sla_dag.py
[2025-01-28T22:51:28.384+0000] {logging_mixin.py:190} INFO - [2025-01-28T22:51:28.384+0000] {dag.py:3239} INFO - Sync 1 DAGs
[2025-01-28T22:51:28.410+0000] {logging_mixin.py:190} INFO - [2025-01-28T22:51:28.410+0000] {dag.py:4180} INFO - Setting next_dagrun for example_sla_dag to 2025-01-28 22:48:00+00:00, run_after=2025-01-28 22:50:00+00:00
[2025-01-28T22:51:28.430+0000] {processor.py:208} INFO - Processing /home/airflow/.local/lib/python3.12/site-packages/airflow/example_dags/example_sla_dag.py took 0.085 seconds
[2025-01-28T22:51:59.504+0000] {processor.py:186} INFO - Started process (PID=71024) to work on /home/airflow/.local/lib/python3.12/site-packages/airflow/example_dags/example_sla_dag.py
[2025-01-28T22:51:59.506+0000] {processor.py:914} INFO - Processing file /home/airflow/.local/lib/python3.12/site-packages/airflow/example_dags/example_sla_dag.py for tasks to queue
[2025-01-28T22:51:59.509+0000] {logging_mixin.py:190} INFO - [2025-01-28T22:51:59.508+0000] {dagbag.py:588} INFO - Filling up the DagBag from /home/airflow/.local/lib/python3.12/site-packages/airflow/example_dags/example_sla_dag.py
[2025-01-28T22:51:59.525+0000] {processor.py:925} INFO - DAG(s) 'example_sla_dag' retrieved from /home/airflow/.local/lib/python3.12/site-packages/airflow/example_dags/example_sla_dag.py
[2025-01-28T22:51:59.549+0000] {logging_mixin.py:190} INFO - [2025-01-28T22:51:59.548+0000] {dag.py:3239} INFO - Sync 1 DAGs
[2025-01-28T22:51:59.577+0000] {logging_mixin.py:190} INFO - [2025-01-28T22:51:59.577+0000] {dag.py:4180} INFO - Setting next_dagrun for example_sla_dag to 2025-01-28 22:48:00+00:00, run_after=2025-01-28 22:50:00+00:00
[2025-01-28T22:51:59.601+0000] {processor.py:208} INFO - Processing /home/airflow/.local/lib/python3.12/site-packages/airflow/example_dags/example_sla_dag.py took 0.105 seconds
[2025-01-28T22:52:32.764+0000] {processor.py:186} INFO - Started process (PID=71318) to work on /home/airflow/.local/lib/python3.12/site-packages/airflow/example_dags/example_sla_dag.py
[2025-01-28T22:52:32.776+0000] {processor.py:914} INFO - Processing file /home/airflow/.local/lib/python3.12/site-packages/airflow/example_dags/example_sla_dag.py for tasks to queue
[2025-01-28T22:52:32.784+0000] {logging_mixin.py:190} INFO - [2025-01-28T22:52:32.783+0000] {dagbag.py:588} INFO - Filling up the DagBag from /home/airflow/.local/lib/python3.12/site-packages/airflow/example_dags/example_sla_dag.py
[2025-01-28T22:52:32.818+0000] {processor.py:925} INFO - DAG(s) 'example_sla_dag' retrieved from /home/airflow/.local/lib/python3.12/site-packages/airflow/example_dags/example_sla_dag.py
[2025-01-28T22:52:32.935+0000] {logging_mixin.py:190} INFO - [2025-01-28T22:52:32.924+0000] {dag.py:3239} INFO - Sync 1 DAGs
[2025-01-28T22:52:33.019+0000] {logging_mixin.py:190} INFO - [2025-01-28T22:52:33.018+0000] {dag.py:4180} INFO - Setting next_dagrun for example_sla_dag to 2025-01-28 22:50:00+00:00, run_after=2025-01-28 22:52:00+00:00
[2025-01-28T22:52:33.060+0000] {processor.py:208} INFO - Processing /home/airflow/.local/lib/python3.12/site-packages/airflow/example_dags/example_sla_dag.py took 0.305 seconds
[2025-01-28T22:53:03.477+0000] {processor.py:186} INFO - Started process (PID=71614) to work on /home/airflow/.local/lib/python3.12/site-packages/airflow/example_dags/example_sla_dag.py
[2025-01-28T22:53:03.556+0000] {processor.py:914} INFO - Processing file /home/airflow/.local/lib/python3.12/site-packages/airflow/example_dags/example_sla_dag.py for tasks to queue
[2025-01-28T22:53:03.590+0000] {logging_mixin.py:190} INFO - [2025-01-28T22:53:03.588+0000] {dagbag.py:588} INFO - Filling up the DagBag from /home/airflow/.local/lib/python3.12/site-packages/airflow/example_dags/example_sla_dag.py
[2025-01-28T22:53:03.648+0000] {processor.py:925} INFO - DAG(s) 'example_sla_dag' retrieved from /home/airflow/.local/lib/python3.12/site-packages/airflow/example_dags/example_sla_dag.py
[2025-01-28T22:53:03.793+0000] {logging_mixin.py:190} INFO - [2025-01-28T22:53:03.793+0000] {dag.py:3239} INFO - Sync 1 DAGs
[2025-01-28T22:53:04.357+0000] {logging_mixin.py:190} INFO - [2025-01-28T22:53:04.347+0000] {dag.py:4180} INFO - Setting next_dagrun for example_sla_dag to 2025-01-28 22:50:00+00:00, run_after=2025-01-28 22:52:00+00:00
[2025-01-28T22:53:04.484+0000] {processor.py:208} INFO - Processing /home/airflow/.local/lib/python3.12/site-packages/airflow/example_dags/example_sla_dag.py took 1.027 seconds
