[2025-01-28T22:42:48.062+0000] {processor.py:186} INFO - Started process (PID=65653) to work on /home/airflow/.local/lib/python3.12/site-packages/airflow/example_dags/example_params_trigger_ui.py
[2025-01-28T22:42:48.072+0000] {processor.py:914} INFO - Processing file /home/airflow/.local/lib/python3.12/site-packages/airflow/example_dags/example_params_trigger_ui.py for tasks to queue
[2025-01-28T22:42:48.085+0000] {logging_mixin.py:190} INFO - [2025-01-28T22:42:48.084+0000] {dagbag.py:588} INFO - Filling up the DagBag from /home/airflow/.local/lib/python3.12/site-packages/airflow/example_dags/example_params_trigger_ui.py
[2025-01-28T22:42:48.137+0000] {processor.py:925} INFO - DAG(s) 'example_params_trigger_ui' retrieved from /home/airflow/.local/lib/python3.12/site-packages/airflow/example_dags/example_params_trigger_ui.py
[2025-01-28T22:42:48.363+0000] {logging_mixin.py:190} INFO - [2025-01-28T22:42:48.352+0000] {dag.py:3239} INFO - Sync 1 DAGs
[2025-01-28T22:42:48.425+0000] {logging_mixin.py:190} INFO - [2025-01-28T22:42:48.424+0000] {dag.py:4180} INFO - Setting next_dagrun for example_params_trigger_ui to None, run_after=None
[2025-01-28T22:42:48.489+0000] {processor.py:208} INFO - Processing /home/airflow/.local/lib/python3.12/site-packages/airflow/example_dags/example_params_trigger_ui.py took 0.435 seconds
[2025-01-28T22:43:18.621+0000] {processor.py:186} INFO - Started process (PID=65938) to work on /home/airflow/.local/lib/python3.12/site-packages/airflow/example_dags/example_params_trigger_ui.py
[2025-01-28T22:43:18.622+0000] {processor.py:914} INFO - Processing file /home/airflow/.local/lib/python3.12/site-packages/airflow/example_dags/example_params_trigger_ui.py for tasks to queue
[2025-01-28T22:43:18.624+0000] {logging_mixin.py:190} INFO - [2025-01-28T22:43:18.624+0000] {dagbag.py:588} INFO - Filling up the DagBag from /home/airflow/.local/lib/python3.12/site-packages/airflow/example_dags/example_params_trigger_ui.py
[2025-01-28T22:43:18.634+0000] {processor.py:925} INFO - DAG(s) 'example_params_trigger_ui' retrieved from /home/airflow/.local/lib/python3.12/site-packages/airflow/example_dags/example_params_trigger_ui.py
[2025-01-28T22:43:18.672+0000] {logging_mixin.py:190} INFO - [2025-01-28T22:43:18.671+0000] {dag.py:3239} INFO - Sync 1 DAGs
[2025-01-28T22:43:18.684+0000] {logging_mixin.py:190} INFO - [2025-01-28T22:43:18.684+0000] {dag.py:4180} INFO - Setting next_dagrun for example_params_trigger_ui to None, run_after=None
[2025-01-28T22:43:18.703+0000] {processor.py:208} INFO - Processing /home/airflow/.local/lib/python3.12/site-packages/airflow/example_dags/example_params_trigger_ui.py took 0.088 seconds
[2025-01-28T22:43:49.517+0000] {processor.py:186} INFO - Started process (PID=66234) to work on /home/airflow/.local/lib/python3.12/site-packages/airflow/example_dags/example_params_trigger_ui.py
[2025-01-28T22:43:49.519+0000] {processor.py:914} INFO - Processing file /home/airflow/.local/lib/python3.12/site-packages/airflow/example_dags/example_params_trigger_ui.py for tasks to queue
[2025-01-28T22:43:49.522+0000] {logging_mixin.py:190} INFO - [2025-01-28T22:43:49.521+0000] {dagbag.py:588} INFO - Filling up the DagBag from /home/airflow/.local/lib/python3.12/site-packages/airflow/example_dags/example_params_trigger_ui.py
[2025-01-28T22:43:49.536+0000] {processor.py:925} INFO - DAG(s) 'example_params_trigger_ui' retrieved from /home/airflow/.local/lib/python3.12/site-packages/airflow/example_dags/example_params_trigger_ui.py
[2025-01-28T22:43:49.579+0000] {logging_mixin.py:190} INFO - [2025-01-28T22:43:49.578+0000] {dag.py:3239} INFO - Sync 1 DAGs
[2025-01-28T22:43:49.594+0000] {logging_mixin.py:190} INFO - [2025-01-28T22:43:49.594+0000] {dag.py:4180} INFO - Setting next_dagrun for example_params_trigger_ui to None, run_after=None
[2025-01-28T22:43:49.612+0000] {processor.py:208} INFO - Processing /home/airflow/.local/lib/python3.12/site-packages/airflow/example_dags/example_params_trigger_ui.py took 0.105 seconds
[2025-01-28T22:44:19.669+0000] {processor.py:186} INFO - Started process (PID=66530) to work on /home/airflow/.local/lib/python3.12/site-packages/airflow/example_dags/example_params_trigger_ui.py
[2025-01-28T22:44:19.672+0000] {processor.py:914} INFO - Processing file /home/airflow/.local/lib/python3.12/site-packages/airflow/example_dags/example_params_trigger_ui.py for tasks to queue
[2025-01-28T22:44:19.675+0000] {logging_mixin.py:190} INFO - [2025-01-28T22:44:19.674+0000] {dagbag.py:588} INFO - Filling up the DagBag from /home/airflow/.local/lib/python3.12/site-packages/airflow/example_dags/example_params_trigger_ui.py
[2025-01-28T22:44:19.684+0000] {processor.py:925} INFO - DAG(s) 'example_params_trigger_ui' retrieved from /home/airflow/.local/lib/python3.12/site-packages/airflow/example_dags/example_params_trigger_ui.py
[2025-01-28T22:44:19.720+0000] {logging_mixin.py:190} INFO - [2025-01-28T22:44:19.720+0000] {dag.py:3239} INFO - Sync 1 DAGs
[2025-01-28T22:44:19.731+0000] {logging_mixin.py:190} INFO - [2025-01-28T22:44:19.731+0000] {dag.py:4180} INFO - Setting next_dagrun for example_params_trigger_ui to None, run_after=None
[2025-01-28T22:44:19.749+0000] {processor.py:208} INFO - Processing /home/airflow/.local/lib/python3.12/site-packages/airflow/example_dags/example_params_trigger_ui.py took 0.087 seconds
[2025-01-28T22:44:50.145+0000] {processor.py:186} INFO - Started process (PID=66826) to work on /home/airflow/.local/lib/python3.12/site-packages/airflow/example_dags/example_params_trigger_ui.py
[2025-01-28T22:44:50.146+0000] {processor.py:914} INFO - Processing file /home/airflow/.local/lib/python3.12/site-packages/airflow/example_dags/example_params_trigger_ui.py for tasks to queue
[2025-01-28T22:44:50.148+0000] {logging_mixin.py:190} INFO - [2025-01-28T22:44:50.148+0000] {dagbag.py:588} INFO - Filling up the DagBag from /home/airflow/.local/lib/python3.12/site-packages/airflow/example_dags/example_params_trigger_ui.py
[2025-01-28T22:44:50.160+0000] {processor.py:925} INFO - DAG(s) 'example_params_trigger_ui' retrieved from /home/airflow/.local/lib/python3.12/site-packages/airflow/example_dags/example_params_trigger_ui.py
[2025-01-28T22:44:50.194+0000] {logging_mixin.py:190} INFO - [2025-01-28T22:44:50.194+0000] {dag.py:3239} INFO - Sync 1 DAGs
[2025-01-28T22:44:50.207+0000] {logging_mixin.py:190} INFO - [2025-01-28T22:44:50.207+0000] {dag.py:4180} INFO - Setting next_dagrun for example_params_trigger_ui to None, run_after=None
[2025-01-28T22:44:50.225+0000] {processor.py:208} INFO - Processing /home/airflow/.local/lib/python3.12/site-packages/airflow/example_dags/example_params_trigger_ui.py took 0.086 seconds
[2025-01-28T22:45:20.849+0000] {processor.py:186} INFO - Started process (PID=67122) to work on /home/airflow/.local/lib/python3.12/site-packages/airflow/example_dags/example_params_trigger_ui.py
[2025-01-28T22:45:20.850+0000] {processor.py:914} INFO - Processing file /home/airflow/.local/lib/python3.12/site-packages/airflow/example_dags/example_params_trigger_ui.py for tasks to queue
[2025-01-28T22:45:20.852+0000] {logging_mixin.py:190} INFO - [2025-01-28T22:45:20.852+0000] {dagbag.py:588} INFO - Filling up the DagBag from /home/airflow/.local/lib/python3.12/site-packages/airflow/example_dags/example_params_trigger_ui.py
[2025-01-28T22:45:20.863+0000] {processor.py:925} INFO - DAG(s) 'example_params_trigger_ui' retrieved from /home/airflow/.local/lib/python3.12/site-packages/airflow/example_dags/example_params_trigger_ui.py
[2025-01-28T22:45:20.907+0000] {logging_mixin.py:190} INFO - [2025-01-28T22:45:20.907+0000] {dag.py:3239} INFO - Sync 1 DAGs
[2025-01-28T22:45:20.921+0000] {logging_mixin.py:190} INFO - [2025-01-28T22:45:20.921+0000] {dag.py:4180} INFO - Setting next_dagrun for example_params_trigger_ui to None, run_after=None
[2025-01-28T22:45:20.938+0000] {processor.py:208} INFO - Processing /home/airflow/.local/lib/python3.12/site-packages/airflow/example_dags/example_params_trigger_ui.py took 0.096 seconds
[2025-01-28T22:45:51.368+0000] {processor.py:186} INFO - Started process (PID=67418) to work on /home/airflow/.local/lib/python3.12/site-packages/airflow/example_dags/example_params_trigger_ui.py
[2025-01-28T22:45:51.370+0000] {processor.py:914} INFO - Processing file /home/airflow/.local/lib/python3.12/site-packages/airflow/example_dags/example_params_trigger_ui.py for tasks to queue
[2025-01-28T22:45:51.376+0000] {logging_mixin.py:190} INFO - [2025-01-28T22:45:51.375+0000] {dagbag.py:588} INFO - Filling up the DagBag from /home/airflow/.local/lib/python3.12/site-packages/airflow/example_dags/example_params_trigger_ui.py
[2025-01-28T22:45:51.392+0000] {processor.py:925} INFO - DAG(s) 'example_params_trigger_ui' retrieved from /home/airflow/.local/lib/python3.12/site-packages/airflow/example_dags/example_params_trigger_ui.py
[2025-01-28T22:45:51.452+0000] {logging_mixin.py:190} INFO - [2025-01-28T22:45:51.452+0000] {dag.py:3239} INFO - Sync 1 DAGs
[2025-01-28T22:45:51.466+0000] {logging_mixin.py:190} INFO - [2025-01-28T22:45:51.466+0000] {dag.py:4180} INFO - Setting next_dagrun for example_params_trigger_ui to None, run_after=None
[2025-01-28T22:45:51.487+0000] {processor.py:208} INFO - Processing /home/airflow/.local/lib/python3.12/site-packages/airflow/example_dags/example_params_trigger_ui.py took 0.128 seconds
[2025-01-28T22:46:21.618+0000] {processor.py:186} INFO - Started process (PID=67719) to work on /home/airflow/.local/lib/python3.12/site-packages/airflow/example_dags/example_params_trigger_ui.py
[2025-01-28T22:46:21.619+0000] {processor.py:914} INFO - Processing file /home/airflow/.local/lib/python3.12/site-packages/airflow/example_dags/example_params_trigger_ui.py for tasks to queue
[2025-01-28T22:46:21.621+0000] {logging_mixin.py:190} INFO - [2025-01-28T22:46:21.621+0000] {dagbag.py:588} INFO - Filling up the DagBag from /home/airflow/.local/lib/python3.12/site-packages/airflow/example_dags/example_params_trigger_ui.py
[2025-01-28T22:46:21.630+0000] {processor.py:925} INFO - DAG(s) 'example_params_trigger_ui' retrieved from /home/airflow/.local/lib/python3.12/site-packages/airflow/example_dags/example_params_trigger_ui.py
[2025-01-28T22:46:21.677+0000] {logging_mixin.py:190} INFO - [2025-01-28T22:46:21.677+0000] {dag.py:3239} INFO - Sync 1 DAGs
[2025-01-28T22:46:21.697+0000] {logging_mixin.py:190} INFO - [2025-01-28T22:46:21.696+0000] {dag.py:4180} INFO - Setting next_dagrun for example_params_trigger_ui to None, run_after=None
[2025-01-28T22:46:21.717+0000] {processor.py:208} INFO - Processing /home/airflow/.local/lib/python3.12/site-packages/airflow/example_dags/example_params_trigger_ui.py took 0.105 seconds
[2025-01-28T22:46:51.863+0000] {processor.py:186} INFO - Started process (PID=68020) to work on /home/airflow/.local/lib/python3.12/site-packages/airflow/example_dags/example_params_trigger_ui.py
[2025-01-28T22:46:51.864+0000] {processor.py:914} INFO - Processing file /home/airflow/.local/lib/python3.12/site-packages/airflow/example_dags/example_params_trigger_ui.py for tasks to queue
[2025-01-28T22:46:51.866+0000] {logging_mixin.py:190} INFO - [2025-01-28T22:46:51.866+0000] {dagbag.py:588} INFO - Filling up the DagBag from /home/airflow/.local/lib/python3.12/site-packages/airflow/example_dags/example_params_trigger_ui.py
[2025-01-28T22:46:51.875+0000] {processor.py:925} INFO - DAG(s) 'example_params_trigger_ui' retrieved from /home/airflow/.local/lib/python3.12/site-packages/airflow/example_dags/example_params_trigger_ui.py
[2025-01-28T22:46:51.911+0000] {logging_mixin.py:190} INFO - [2025-01-28T22:46:51.910+0000] {dag.py:3239} INFO - Sync 1 DAGs
[2025-01-28T22:46:51.923+0000] {logging_mixin.py:190} INFO - [2025-01-28T22:46:51.923+0000] {dag.py:4180} INFO - Setting next_dagrun for example_params_trigger_ui to None, run_after=None
[2025-01-28T22:46:51.945+0000] {processor.py:208} INFO - Processing /home/airflow/.local/lib/python3.12/site-packages/airflow/example_dags/example_params_trigger_ui.py took 0.088 seconds
[2025-01-28T22:47:22.282+0000] {processor.py:186} INFO - Started process (PID=68306) to work on /home/airflow/.local/lib/python3.12/site-packages/airflow/example_dags/example_params_trigger_ui.py
[2025-01-28T22:47:22.283+0000] {processor.py:914} INFO - Processing file /home/airflow/.local/lib/python3.12/site-packages/airflow/example_dags/example_params_trigger_ui.py for tasks to queue
[2025-01-28T22:47:22.285+0000] {logging_mixin.py:190} INFO - [2025-01-28T22:47:22.285+0000] {dagbag.py:588} INFO - Filling up the DagBag from /home/airflow/.local/lib/python3.12/site-packages/airflow/example_dags/example_params_trigger_ui.py
[2025-01-28T22:47:22.294+0000] {processor.py:925} INFO - DAG(s) 'example_params_trigger_ui' retrieved from /home/airflow/.local/lib/python3.12/site-packages/airflow/example_dags/example_params_trigger_ui.py
[2025-01-28T22:47:22.335+0000] {logging_mixin.py:190} INFO - [2025-01-28T22:47:22.335+0000] {dag.py:3239} INFO - Sync 1 DAGs
[2025-01-28T22:47:22.348+0000] {logging_mixin.py:190} INFO - [2025-01-28T22:47:22.348+0000] {dag.py:4180} INFO - Setting next_dagrun for example_params_trigger_ui to None, run_after=None
[2025-01-28T22:47:22.367+0000] {processor.py:208} INFO - Processing /home/airflow/.local/lib/python3.12/site-packages/airflow/example_dags/example_params_trigger_ui.py took 0.090 seconds
[2025-01-28T22:47:52.877+0000] {processor.py:186} INFO - Started process (PID=68602) to work on /home/airflow/.local/lib/python3.12/site-packages/airflow/example_dags/example_params_trigger_ui.py
[2025-01-28T22:47:52.878+0000] {processor.py:914} INFO - Processing file /home/airflow/.local/lib/python3.12/site-packages/airflow/example_dags/example_params_trigger_ui.py for tasks to queue
[2025-01-28T22:47:52.881+0000] {logging_mixin.py:190} INFO - [2025-01-28T22:47:52.881+0000] {dagbag.py:588} INFO - Filling up the DagBag from /home/airflow/.local/lib/python3.12/site-packages/airflow/example_dags/example_params_trigger_ui.py
[2025-01-28T22:47:52.892+0000] {processor.py:925} INFO - DAG(s) 'example_params_trigger_ui' retrieved from /home/airflow/.local/lib/python3.12/site-packages/airflow/example_dags/example_params_trigger_ui.py
[2025-01-28T22:47:52.930+0000] {logging_mixin.py:190} INFO - [2025-01-28T22:47:52.930+0000] {dag.py:3239} INFO - Sync 1 DAGs
[2025-01-28T22:47:52.942+0000] {logging_mixin.py:190} INFO - [2025-01-28T22:47:52.942+0000] {dag.py:4180} INFO - Setting next_dagrun for example_params_trigger_ui to None, run_after=None
[2025-01-28T22:47:52.960+0000] {processor.py:208} INFO - Processing /home/airflow/.local/lib/python3.12/site-packages/airflow/example_dags/example_params_trigger_ui.py took 0.089 seconds
[2025-01-28T22:48:23.271+0000] {processor.py:186} INFO - Started process (PID=68898) to work on /home/airflow/.local/lib/python3.12/site-packages/airflow/example_dags/example_params_trigger_ui.py
[2025-01-28T22:48:23.273+0000] {processor.py:914} INFO - Processing file /home/airflow/.local/lib/python3.12/site-packages/airflow/example_dags/example_params_trigger_ui.py for tasks to queue
[2025-01-28T22:48:23.275+0000] {logging_mixin.py:190} INFO - [2025-01-28T22:48:23.274+0000] {dagbag.py:588} INFO - Filling up the DagBag from /home/airflow/.local/lib/python3.12/site-packages/airflow/example_dags/example_params_trigger_ui.py
[2025-01-28T22:48:23.287+0000] {processor.py:925} INFO - DAG(s) 'example_params_trigger_ui' retrieved from /home/airflow/.local/lib/python3.12/site-packages/airflow/example_dags/example_params_trigger_ui.py
[2025-01-28T22:48:23.321+0000] {logging_mixin.py:190} INFO - [2025-01-28T22:48:23.321+0000] {dag.py:3239} INFO - Sync 1 DAGs
[2025-01-28T22:48:23.335+0000] {logging_mixin.py:190} INFO - [2025-01-28T22:48:23.335+0000] {dag.py:4180} INFO - Setting next_dagrun for example_params_trigger_ui to None, run_after=None
[2025-01-28T22:48:23.352+0000] {processor.py:208} INFO - Processing /home/airflow/.local/lib/python3.12/site-packages/airflow/example_dags/example_params_trigger_ui.py took 0.087 seconds
[2025-01-28T22:48:54.067+0000] {processor.py:186} INFO - Started process (PID=69194) to work on /home/airflow/.local/lib/python3.12/site-packages/airflow/example_dags/example_params_trigger_ui.py
[2025-01-28T22:48:54.068+0000] {processor.py:914} INFO - Processing file /home/airflow/.local/lib/python3.12/site-packages/airflow/example_dags/example_params_trigger_ui.py for tasks to queue
[2025-01-28T22:48:54.071+0000] {logging_mixin.py:190} INFO - [2025-01-28T22:48:54.071+0000] {dagbag.py:588} INFO - Filling up the DagBag from /home/airflow/.local/lib/python3.12/site-packages/airflow/example_dags/example_params_trigger_ui.py
[2025-01-28T22:48:54.082+0000] {processor.py:925} INFO - DAG(s) 'example_params_trigger_ui' retrieved from /home/airflow/.local/lib/python3.12/site-packages/airflow/example_dags/example_params_trigger_ui.py
[2025-01-28T22:48:54.119+0000] {logging_mixin.py:190} INFO - [2025-01-28T22:48:54.119+0000] {dag.py:3239} INFO - Sync 1 DAGs
[2025-01-28T22:48:54.133+0000] {logging_mixin.py:190} INFO - [2025-01-28T22:48:54.133+0000] {dag.py:4180} INFO - Setting next_dagrun for example_params_trigger_ui to None, run_after=None
[2025-01-28T22:48:54.154+0000] {processor.py:208} INFO - Processing /home/airflow/.local/lib/python3.12/site-packages/airflow/example_dags/example_params_trigger_ui.py took 0.093 seconds
[2025-01-28T22:49:24.744+0000] {processor.py:186} INFO - Started process (PID=69490) to work on /home/airflow/.local/lib/python3.12/site-packages/airflow/example_dags/example_params_trigger_ui.py
[2025-01-28T22:49:24.745+0000] {processor.py:914} INFO - Processing file /home/airflow/.local/lib/python3.12/site-packages/airflow/example_dags/example_params_trigger_ui.py for tasks to queue
[2025-01-28T22:49:24.748+0000] {logging_mixin.py:190} INFO - [2025-01-28T22:49:24.747+0000] {dagbag.py:588} INFO - Filling up the DagBag from /home/airflow/.local/lib/python3.12/site-packages/airflow/example_dags/example_params_trigger_ui.py
[2025-01-28T22:49:24.758+0000] {processor.py:925} INFO - DAG(s) 'example_params_trigger_ui' retrieved from /home/airflow/.local/lib/python3.12/site-packages/airflow/example_dags/example_params_trigger_ui.py
[2025-01-28T22:49:24.798+0000] {logging_mixin.py:190} INFO - [2025-01-28T22:49:24.798+0000] {dag.py:3239} INFO - Sync 1 DAGs
[2025-01-28T22:49:24.813+0000] {logging_mixin.py:190} INFO - [2025-01-28T22:49:24.813+0000] {dag.py:4180} INFO - Setting next_dagrun for example_params_trigger_ui to None, run_after=None
[2025-01-28T22:49:24.833+0000] {processor.py:208} INFO - Processing /home/airflow/.local/lib/python3.12/site-packages/airflow/example_dags/example_params_trigger_ui.py took 0.094 seconds
[2025-01-28T22:49:55.436+0000] {processor.py:186} INFO - Started process (PID=69794) to work on /home/airflow/.local/lib/python3.12/site-packages/airflow/example_dags/example_params_trigger_ui.py
[2025-01-28T22:49:55.437+0000] {processor.py:914} INFO - Processing file /home/airflow/.local/lib/python3.12/site-packages/airflow/example_dags/example_params_trigger_ui.py for tasks to queue
[2025-01-28T22:49:55.439+0000] {logging_mixin.py:190} INFO - [2025-01-28T22:49:55.439+0000] {dagbag.py:588} INFO - Filling up the DagBag from /home/airflow/.local/lib/python3.12/site-packages/airflow/example_dags/example_params_trigger_ui.py
[2025-01-28T22:49:55.449+0000] {processor.py:925} INFO - DAG(s) 'example_params_trigger_ui' retrieved from /home/airflow/.local/lib/python3.12/site-packages/airflow/example_dags/example_params_trigger_ui.py
[2025-01-28T22:49:55.486+0000] {logging_mixin.py:190} INFO - [2025-01-28T22:49:55.486+0000] {dag.py:3239} INFO - Sync 1 DAGs
[2025-01-28T22:49:55.502+0000] {logging_mixin.py:190} INFO - [2025-01-28T22:49:55.501+0000] {dag.py:4180} INFO - Setting next_dagrun for example_params_trigger_ui to None, run_after=None
[2025-01-28T22:49:55.521+0000] {processor.py:208} INFO - Processing /home/airflow/.local/lib/python3.12/site-packages/airflow/example_dags/example_params_trigger_ui.py took 0.090 seconds
[2025-01-28T22:50:26.090+0000] {processor.py:186} INFO - Started process (PID=70090) to work on /home/airflow/.local/lib/python3.12/site-packages/airflow/example_dags/example_params_trigger_ui.py
[2025-01-28T22:50:26.091+0000] {processor.py:914} INFO - Processing file /home/airflow/.local/lib/python3.12/site-packages/airflow/example_dags/example_params_trigger_ui.py for tasks to queue
[2025-01-28T22:50:26.093+0000] {logging_mixin.py:190} INFO - [2025-01-28T22:50:26.093+0000] {dagbag.py:588} INFO - Filling up the DagBag from /home/airflow/.local/lib/python3.12/site-packages/airflow/example_dags/example_params_trigger_ui.py
[2025-01-28T22:50:26.103+0000] {processor.py:925} INFO - DAG(s) 'example_params_trigger_ui' retrieved from /home/airflow/.local/lib/python3.12/site-packages/airflow/example_dags/example_params_trigger_ui.py
[2025-01-28T22:50:26.147+0000] {logging_mixin.py:190} INFO - [2025-01-28T22:50:26.147+0000] {dag.py:3239} INFO - Sync 1 DAGs
[2025-01-28T22:50:26.159+0000] {logging_mixin.py:190} INFO - [2025-01-28T22:50:26.159+0000] {dag.py:4180} INFO - Setting next_dagrun for example_params_trigger_ui to None, run_after=None
[2025-01-28T22:50:26.178+0000] {processor.py:208} INFO - Processing /home/airflow/.local/lib/python3.12/site-packages/airflow/example_dags/example_params_trigger_ui.py took 0.093 seconds
[2025-01-28T22:50:56.487+0000] {processor.py:186} INFO - Started process (PID=70386) to work on /home/airflow/.local/lib/python3.12/site-packages/airflow/example_dags/example_params_trigger_ui.py
[2025-01-28T22:50:56.488+0000] {processor.py:914} INFO - Processing file /home/airflow/.local/lib/python3.12/site-packages/airflow/example_dags/example_params_trigger_ui.py for tasks to queue
[2025-01-28T22:50:56.491+0000] {logging_mixin.py:190} INFO - [2025-01-28T22:50:56.491+0000] {dagbag.py:588} INFO - Filling up the DagBag from /home/airflow/.local/lib/python3.12/site-packages/airflow/example_dags/example_params_trigger_ui.py
[2025-01-28T22:50:56.505+0000] {processor.py:925} INFO - DAG(s) 'example_params_trigger_ui' retrieved from /home/airflow/.local/lib/python3.12/site-packages/airflow/example_dags/example_params_trigger_ui.py
[2025-01-28T22:50:56.548+0000] {logging_mixin.py:190} INFO - [2025-01-28T22:50:56.548+0000] {dag.py:3239} INFO - Sync 1 DAGs
[2025-01-28T22:50:56.563+0000] {logging_mixin.py:190} INFO - [2025-01-28T22:50:56.563+0000] {dag.py:4180} INFO - Setting next_dagrun for example_params_trigger_ui to None, run_after=None
[2025-01-28T22:50:56.584+0000] {processor.py:208} INFO - Processing /home/airflow/.local/lib/python3.12/site-packages/airflow/example_dags/example_params_trigger_ui.py took 0.104 seconds
[2025-01-28T22:51:26.729+0000] {processor.py:186} INFO - Started process (PID=70682) to work on /home/airflow/.local/lib/python3.12/site-packages/airflow/example_dags/example_params_trigger_ui.py
[2025-01-28T22:51:26.730+0000] {processor.py:914} INFO - Processing file /home/airflow/.local/lib/python3.12/site-packages/airflow/example_dags/example_params_trigger_ui.py for tasks to queue
[2025-01-28T22:51:26.733+0000] {logging_mixin.py:190} INFO - [2025-01-28T22:51:26.732+0000] {dagbag.py:588} INFO - Filling up the DagBag from /home/airflow/.local/lib/python3.12/site-packages/airflow/example_dags/example_params_trigger_ui.py
[2025-01-28T22:51:26.746+0000] {processor.py:925} INFO - DAG(s) 'example_params_trigger_ui' retrieved from /home/airflow/.local/lib/python3.12/site-packages/airflow/example_dags/example_params_trigger_ui.py
[2025-01-28T22:51:26.799+0000] {logging_mixin.py:190} INFO - [2025-01-28T22:51:26.799+0000] {dag.py:3239} INFO - Sync 1 DAGs
[2025-01-28T22:51:26.813+0000] {logging_mixin.py:190} INFO - [2025-01-28T22:51:26.812+0000] {dag.py:4180} INFO - Setting next_dagrun for example_params_trigger_ui to None, run_after=None
[2025-01-28T22:51:26.835+0000] {processor.py:208} INFO - Processing /home/airflow/.local/lib/python3.12/site-packages/airflow/example_dags/example_params_trigger_ui.py took 0.112 seconds
[2025-01-28T22:51:57.403+0000] {processor.py:186} INFO - Started process (PID=70979) to work on /home/airflow/.local/lib/python3.12/site-packages/airflow/example_dags/example_params_trigger_ui.py
[2025-01-28T22:51:57.405+0000] {processor.py:914} INFO - Processing file /home/airflow/.local/lib/python3.12/site-packages/airflow/example_dags/example_params_trigger_ui.py for tasks to queue
[2025-01-28T22:51:57.410+0000] {logging_mixin.py:190} INFO - [2025-01-28T22:51:57.409+0000] {dagbag.py:588} INFO - Filling up the DagBag from /home/airflow/.local/lib/python3.12/site-packages/airflow/example_dags/example_params_trigger_ui.py
[2025-01-28T22:51:57.443+0000] {processor.py:925} INFO - DAG(s) 'example_params_trigger_ui' retrieved from /home/airflow/.local/lib/python3.12/site-packages/airflow/example_dags/example_params_trigger_ui.py
[2025-01-28T22:51:57.543+0000] {logging_mixin.py:190} INFO - [2025-01-28T22:51:57.543+0000] {dag.py:3239} INFO - Sync 1 DAGs
[2025-01-28T22:51:57.576+0000] {logging_mixin.py:190} INFO - [2025-01-28T22:51:57.576+0000] {dag.py:4180} INFO - Setting next_dagrun for example_params_trigger_ui to None, run_after=None
[2025-01-28T22:51:57.609+0000] {processor.py:208} INFO - Processing /home/airflow/.local/lib/python3.12/site-packages/airflow/example_dags/example_params_trigger_ui.py took 0.217 seconds
[2025-01-28T22:52:28.339+0000] {processor.py:186} INFO - Started process (PID=71275) to work on /home/airflow/.local/lib/python3.12/site-packages/airflow/example_dags/example_params_trigger_ui.py
[2025-01-28T22:52:28.345+0000] {processor.py:914} INFO - Processing file /home/airflow/.local/lib/python3.12/site-packages/airflow/example_dags/example_params_trigger_ui.py for tasks to queue
[2025-01-28T22:52:28.353+0000] {logging_mixin.py:190} INFO - [2025-01-28T22:52:28.353+0000] {dagbag.py:588} INFO - Filling up the DagBag from /home/airflow/.local/lib/python3.12/site-packages/airflow/example_dags/example_params_trigger_ui.py
[2025-01-28T22:52:28.392+0000] {processor.py:925} INFO - DAG(s) 'example_params_trigger_ui' retrieved from /home/airflow/.local/lib/python3.12/site-packages/airflow/example_dags/example_params_trigger_ui.py
[2025-01-28T22:52:28.557+0000] {logging_mixin.py:190} INFO - [2025-01-28T22:52:28.556+0000] {dag.py:3239} INFO - Sync 1 DAGs
[2025-01-28T22:52:28.601+0000] {logging_mixin.py:190} INFO - [2025-01-28T22:52:28.600+0000] {dag.py:4180} INFO - Setting next_dagrun for example_params_trigger_ui to None, run_after=None
[2025-01-28T22:52:28.683+0000] {processor.py:208} INFO - Processing /home/airflow/.local/lib/python3.12/site-packages/airflow/example_dags/example_params_trigger_ui.py took 0.362 seconds
[2025-01-28T22:52:58.900+0000] {processor.py:186} INFO - Started process (PID=71571) to work on /home/airflow/.local/lib/python3.12/site-packages/airflow/example_dags/example_params_trigger_ui.py
[2025-01-28T22:52:58.902+0000] {processor.py:914} INFO - Processing file /home/airflow/.local/lib/python3.12/site-packages/airflow/example_dags/example_params_trigger_ui.py for tasks to queue
[2025-01-28T22:52:58.905+0000] {logging_mixin.py:190} INFO - [2025-01-28T22:52:58.905+0000] {dagbag.py:588} INFO - Filling up the DagBag from /home/airflow/.local/lib/python3.12/site-packages/airflow/example_dags/example_params_trigger_ui.py
[2025-01-28T22:52:58.924+0000] {processor.py:925} INFO - DAG(s) 'example_params_trigger_ui' retrieved from /home/airflow/.local/lib/python3.12/site-packages/airflow/example_dags/example_params_trigger_ui.py
[2025-01-28T22:52:58.985+0000] {logging_mixin.py:190} INFO - [2025-01-28T22:52:58.985+0000] {dag.py:3239} INFO - Sync 1 DAGs
[2025-01-28T22:52:59.253+0000] {logging_mixin.py:190} INFO - [2025-01-28T22:52:59.253+0000] {dag.py:4180} INFO - Setting next_dagrun for example_params_trigger_ui to None, run_after=None
[2025-01-28T22:52:59.276+0000] {processor.py:208} INFO - Processing /home/airflow/.local/lib/python3.12/site-packages/airflow/example_dags/example_params_trigger_ui.py took 0.384 seconds
