[2025-01-28T22:42:54.207+0000] {processor.py:186} INFO - Started process (PID=65781) to work on /home/airflow/.local/lib/python3.12/site-packages/airflow/example_dags/example_complex.py
[2025-01-28T22:42:54.208+0000] {processor.py:914} INFO - Processing file /home/airflow/.local/lib/python3.12/site-packages/airflow/example_dags/example_complex.py for tasks to queue
[2025-01-28T22:42:54.211+0000] {logging_mixin.py:190} INFO - [2025-01-28T22:42:54.210+0000] {dagbag.py:588} INFO - Filling up the DagBag from /home/airflow/.local/lib/python3.12/site-packages/airflow/example_dags/example_complex.py
[2025-01-28T22:42:54.222+0000] {processor.py:925} INFO - DAG(s) 'example_complex' retrieved from /home/airflow/.local/lib/python3.12/site-packages/airflow/example_dags/example_complex.py
[2025-01-28T22:42:54.255+0000] {logging_mixin.py:190} INFO - [2025-01-28T22:42:54.255+0000] {dag.py:3239} INFO - Sync 1 DAGs
[2025-01-28T22:42:54.272+0000] {logging_mixin.py:190} INFO - [2025-01-28T22:42:54.272+0000] {dag.py:4180} INFO - Setting next_dagrun for example_complex to None, run_after=None
[2025-01-28T22:42:54.295+0000] {processor.py:208} INFO - Processing /home/airflow/.local/lib/python3.12/site-packages/airflow/example_dags/example_complex.py took 0.093 seconds
[2025-01-28T22:43:24.538+0000] {processor.py:186} INFO - Started process (PID=66076) to work on /home/airflow/.local/lib/python3.12/site-packages/airflow/example_dags/example_complex.py
[2025-01-28T22:43:24.539+0000] {processor.py:914} INFO - Processing file /home/airflow/.local/lib/python3.12/site-packages/airflow/example_dags/example_complex.py for tasks to queue
[2025-01-28T22:43:24.542+0000] {logging_mixin.py:190} INFO - [2025-01-28T22:43:24.541+0000] {dagbag.py:588} INFO - Filling up the DagBag from /home/airflow/.local/lib/python3.12/site-packages/airflow/example_dags/example_complex.py
[2025-01-28T22:43:24.557+0000] {processor.py:925} INFO - DAG(s) 'example_complex' retrieved from /home/airflow/.local/lib/python3.12/site-packages/airflow/example_dags/example_complex.py
[2025-01-28T22:43:24.588+0000] {logging_mixin.py:190} INFO - [2025-01-28T22:43:24.587+0000] {dag.py:3239} INFO - Sync 1 DAGs
[2025-01-28T22:43:24.601+0000] {logging_mixin.py:190} INFO - [2025-01-28T22:43:24.601+0000] {dag.py:4180} INFO - Setting next_dagrun for example_complex to None, run_after=None
[2025-01-28T22:43:24.622+0000] {processor.py:208} INFO - Processing /home/airflow/.local/lib/python3.12/site-packages/airflow/example_dags/example_complex.py took 0.089 seconds
[2025-01-28T22:43:54.824+0000] {processor.py:186} INFO - Started process (PID=66372) to work on /home/airflow/.local/lib/python3.12/site-packages/airflow/example_dags/example_complex.py
[2025-01-28T22:43:54.825+0000] {processor.py:914} INFO - Processing file /home/airflow/.local/lib/python3.12/site-packages/airflow/example_dags/example_complex.py for tasks to queue
[2025-01-28T22:43:54.827+0000] {logging_mixin.py:190} INFO - [2025-01-28T22:43:54.827+0000] {dagbag.py:588} INFO - Filling up the DagBag from /home/airflow/.local/lib/python3.12/site-packages/airflow/example_dags/example_complex.py
[2025-01-28T22:43:54.838+0000] {processor.py:925} INFO - DAG(s) 'example_complex' retrieved from /home/airflow/.local/lib/python3.12/site-packages/airflow/example_dags/example_complex.py
[2025-01-28T22:43:54.870+0000] {logging_mixin.py:190} INFO - [2025-01-28T22:43:54.869+0000] {dag.py:3239} INFO - Sync 1 DAGs
[2025-01-28T22:43:54.892+0000] {logging_mixin.py:190} INFO - [2025-01-28T22:43:54.892+0000] {dag.py:4180} INFO - Setting next_dagrun for example_complex to None, run_after=None
[2025-01-28T22:43:54.912+0000] {processor.py:208} INFO - Processing /home/airflow/.local/lib/python3.12/site-packages/airflow/example_dags/example_complex.py took 0.093 seconds
[2025-01-28T22:44:25.589+0000] {processor.py:186} INFO - Started process (PID=66674) to work on /home/airflow/.local/lib/python3.12/site-packages/airflow/example_dags/example_complex.py
[2025-01-28T22:44:25.590+0000] {processor.py:914} INFO - Processing file /home/airflow/.local/lib/python3.12/site-packages/airflow/example_dags/example_complex.py for tasks to queue
[2025-01-28T22:44:25.592+0000] {logging_mixin.py:190} INFO - [2025-01-28T22:44:25.592+0000] {dagbag.py:588} INFO - Filling up the DagBag from /home/airflow/.local/lib/python3.12/site-packages/airflow/example_dags/example_complex.py
[2025-01-28T22:44:25.603+0000] {processor.py:925} INFO - DAG(s) 'example_complex' retrieved from /home/airflow/.local/lib/python3.12/site-packages/airflow/example_dags/example_complex.py
[2025-01-28T22:44:25.632+0000] {logging_mixin.py:190} INFO - [2025-01-28T22:44:25.631+0000] {dag.py:3239} INFO - Sync 1 DAGs
[2025-01-28T22:44:25.645+0000] {logging_mixin.py:190} INFO - [2025-01-28T22:44:25.645+0000] {dag.py:4180} INFO - Setting next_dagrun for example_complex to None, run_after=None
[2025-01-28T22:44:25.664+0000] {processor.py:208} INFO - Processing /home/airflow/.local/lib/python3.12/site-packages/airflow/example_dags/example_complex.py took 0.080 seconds
[2025-01-28T22:44:56.341+0000] {processor.py:186} INFO - Started process (PID=66971) to work on /home/airflow/.local/lib/python3.12/site-packages/airflow/example_dags/example_complex.py
[2025-01-28T22:44:56.342+0000] {processor.py:914} INFO - Processing file /home/airflow/.local/lib/python3.12/site-packages/airflow/example_dags/example_complex.py for tasks to queue
[2025-01-28T22:44:56.345+0000] {logging_mixin.py:190} INFO - [2025-01-28T22:44:56.344+0000] {dagbag.py:588} INFO - Filling up the DagBag from /home/airflow/.local/lib/python3.12/site-packages/airflow/example_dags/example_complex.py
[2025-01-28T22:44:56.357+0000] {processor.py:925} INFO - DAG(s) 'example_complex' retrieved from /home/airflow/.local/lib/python3.12/site-packages/airflow/example_dags/example_complex.py
[2025-01-28T22:44:56.391+0000] {logging_mixin.py:190} INFO - [2025-01-28T22:44:56.391+0000] {dag.py:3239} INFO - Sync 1 DAGs
[2025-01-28T22:44:56.405+0000] {logging_mixin.py:190} INFO - [2025-01-28T22:44:56.404+0000] {dag.py:4180} INFO - Setting next_dagrun for example_complex to None, run_after=None
[2025-01-28T22:44:56.425+0000] {processor.py:208} INFO - Processing /home/airflow/.local/lib/python3.12/site-packages/airflow/example_dags/example_complex.py took 0.091 seconds
[2025-01-28T22:45:27.524+0000] {processor.py:186} INFO - Started process (PID=67266) to work on /home/airflow/.local/lib/python3.12/site-packages/airflow/example_dags/example_complex.py
[2025-01-28T22:45:27.525+0000] {processor.py:914} INFO - Processing file /home/airflow/.local/lib/python3.12/site-packages/airflow/example_dags/example_complex.py for tasks to queue
[2025-01-28T22:45:27.528+0000] {logging_mixin.py:190} INFO - [2025-01-28T22:45:27.528+0000] {dagbag.py:588} INFO - Filling up the DagBag from /home/airflow/.local/lib/python3.12/site-packages/airflow/example_dags/example_complex.py
[2025-01-28T22:45:27.543+0000] {processor.py:925} INFO - DAG(s) 'example_complex' retrieved from /home/airflow/.local/lib/python3.12/site-packages/airflow/example_dags/example_complex.py
[2025-01-28T22:45:27.582+0000] {logging_mixin.py:190} INFO - [2025-01-28T22:45:27.582+0000] {dag.py:3239} INFO - Sync 1 DAGs
[2025-01-28T22:45:27.600+0000] {logging_mixin.py:190} INFO - [2025-01-28T22:45:27.600+0000] {dag.py:4180} INFO - Setting next_dagrun for example_complex to None, run_after=None
[2025-01-28T22:45:27.620+0000] {processor.py:208} INFO - Processing /home/airflow/.local/lib/python3.12/site-packages/airflow/example_dags/example_complex.py took 0.104 seconds
[2025-01-28T22:45:57.695+0000] {processor.py:186} INFO - Started process (PID=67562) to work on /home/airflow/.local/lib/python3.12/site-packages/airflow/example_dags/example_complex.py
[2025-01-28T22:45:57.697+0000] {processor.py:914} INFO - Processing file /home/airflow/.local/lib/python3.12/site-packages/airflow/example_dags/example_complex.py for tasks to queue
[2025-01-28T22:45:57.700+0000] {logging_mixin.py:190} INFO - [2025-01-28T22:45:57.700+0000] {dagbag.py:588} INFO - Filling up the DagBag from /home/airflow/.local/lib/python3.12/site-packages/airflow/example_dags/example_complex.py
[2025-01-28T22:45:57.714+0000] {processor.py:925} INFO - DAG(s) 'example_complex' retrieved from /home/airflow/.local/lib/python3.12/site-packages/airflow/example_dags/example_complex.py
[2025-01-28T22:45:57.743+0000] {logging_mixin.py:190} INFO - [2025-01-28T22:45:57.743+0000] {dag.py:3239} INFO - Sync 1 DAGs
[2025-01-28T22:45:57.757+0000] {logging_mixin.py:190} INFO - [2025-01-28T22:45:57.757+0000] {dag.py:4180} INFO - Setting next_dagrun for example_complex to None, run_after=None
[2025-01-28T22:45:57.776+0000] {processor.py:208} INFO - Processing /home/airflow/.local/lib/python3.12/site-packages/airflow/example_dags/example_complex.py took 0.086 seconds
[2025-01-28T22:46:27.982+0000] {processor.py:186} INFO - Started process (PID=67853) to work on /home/airflow/.local/lib/python3.12/site-packages/airflow/example_dags/example_complex.py
[2025-01-28T22:46:27.983+0000] {processor.py:914} INFO - Processing file /home/airflow/.local/lib/python3.12/site-packages/airflow/example_dags/example_complex.py for tasks to queue
[2025-01-28T22:46:27.986+0000] {logging_mixin.py:190} INFO - [2025-01-28T22:46:27.985+0000] {dagbag.py:588} INFO - Filling up the DagBag from /home/airflow/.local/lib/python3.12/site-packages/airflow/example_dags/example_complex.py
[2025-01-28T22:46:27.997+0000] {processor.py:925} INFO - DAG(s) 'example_complex' retrieved from /home/airflow/.local/lib/python3.12/site-packages/airflow/example_dags/example_complex.py
[2025-01-28T22:46:28.025+0000] {logging_mixin.py:190} INFO - [2025-01-28T22:46:28.025+0000] {dag.py:3239} INFO - Sync 1 DAGs
[2025-01-28T22:46:28.038+0000] {logging_mixin.py:190} INFO - [2025-01-28T22:46:28.037+0000] {dag.py:4180} INFO - Setting next_dagrun for example_complex to None, run_after=None
[2025-01-28T22:46:28.059+0000] {processor.py:208} INFO - Processing /home/airflow/.local/lib/python3.12/site-packages/airflow/example_dags/example_complex.py took 0.085 seconds
[2025-01-28T22:46:58.729+0000] {processor.py:186} INFO - Started process (PID=68149) to work on /home/airflow/.local/lib/python3.12/site-packages/airflow/example_dags/example_complex.py
[2025-01-28T22:46:58.730+0000] {processor.py:914} INFO - Processing file /home/airflow/.local/lib/python3.12/site-packages/airflow/example_dags/example_complex.py for tasks to queue
[2025-01-28T22:46:58.733+0000] {logging_mixin.py:190} INFO - [2025-01-28T22:46:58.733+0000] {dagbag.py:588} INFO - Filling up the DagBag from /home/airflow/.local/lib/python3.12/site-packages/airflow/example_dags/example_complex.py
[2025-01-28T22:46:58.748+0000] {processor.py:925} INFO - DAG(s) 'example_complex' retrieved from /home/airflow/.local/lib/python3.12/site-packages/airflow/example_dags/example_complex.py
[2025-01-28T22:46:58.777+0000] {logging_mixin.py:190} INFO - [2025-01-28T22:46:58.777+0000] {dag.py:3239} INFO - Sync 1 DAGs
[2025-01-28T22:46:58.791+0000] {logging_mixin.py:190} INFO - [2025-01-28T22:46:58.791+0000] {dag.py:4180} INFO - Setting next_dagrun for example_complex to None, run_after=None
[2025-01-28T22:46:58.810+0000] {processor.py:208} INFO - Processing /home/airflow/.local/lib/python3.12/site-packages/airflow/example_dags/example_complex.py took 0.087 seconds
[2025-01-28T22:47:29.076+0000] {processor.py:186} INFO - Started process (PID=68442) to work on /home/airflow/.local/lib/python3.12/site-packages/airflow/example_dags/example_complex.py
[2025-01-28T22:47:29.077+0000] {processor.py:914} INFO - Processing file /home/airflow/.local/lib/python3.12/site-packages/airflow/example_dags/example_complex.py for tasks to queue
[2025-01-28T22:47:29.079+0000] {logging_mixin.py:190} INFO - [2025-01-28T22:47:29.078+0000] {dagbag.py:588} INFO - Filling up the DagBag from /home/airflow/.local/lib/python3.12/site-packages/airflow/example_dags/example_complex.py
[2025-01-28T22:47:29.090+0000] {processor.py:925} INFO - DAG(s) 'example_complex' retrieved from /home/airflow/.local/lib/python3.12/site-packages/airflow/example_dags/example_complex.py
[2025-01-28T22:47:29.117+0000] {logging_mixin.py:190} INFO - [2025-01-28T22:47:29.117+0000] {dag.py:3239} INFO - Sync 1 DAGs
[2025-01-28T22:47:29.133+0000] {logging_mixin.py:190} INFO - [2025-01-28T22:47:29.132+0000] {dag.py:4180} INFO - Setting next_dagrun for example_complex to None, run_after=None
[2025-01-28T22:47:29.151+0000] {processor.py:208} INFO - Processing /home/airflow/.local/lib/python3.12/site-packages/airflow/example_dags/example_complex.py took 0.080 seconds
[2025-01-28T22:47:59.397+0000] {processor.py:186} INFO - Started process (PID=68736) to work on /home/airflow/.local/lib/python3.12/site-packages/airflow/example_dags/example_complex.py
[2025-01-28T22:47:59.397+0000] {processor.py:914} INFO - Processing file /home/airflow/.local/lib/python3.12/site-packages/airflow/example_dags/example_complex.py for tasks to queue
[2025-01-28T22:47:59.399+0000] {logging_mixin.py:190} INFO - [2025-01-28T22:47:59.399+0000] {dagbag.py:588} INFO - Filling up the DagBag from /home/airflow/.local/lib/python3.12/site-packages/airflow/example_dags/example_complex.py
[2025-01-28T22:47:59.409+0000] {processor.py:925} INFO - DAG(s) 'example_complex' retrieved from /home/airflow/.local/lib/python3.12/site-packages/airflow/example_dags/example_complex.py
[2025-01-28T22:47:59.434+0000] {logging_mixin.py:190} INFO - [2025-01-28T22:47:59.434+0000] {dag.py:3239} INFO - Sync 1 DAGs
[2025-01-28T22:47:59.445+0000] {logging_mixin.py:190} INFO - [2025-01-28T22:47:59.445+0000] {dag.py:4180} INFO - Setting next_dagrun for example_complex to None, run_after=None
[2025-01-28T22:47:59.464+0000] {processor.py:208} INFO - Processing /home/airflow/.local/lib/python3.12/site-packages/airflow/example_dags/example_complex.py took 0.073 seconds
[2025-01-28T22:48:30.199+0000] {processor.py:186} INFO - Started process (PID=69032) to work on /home/airflow/.local/lib/python3.12/site-packages/airflow/example_dags/example_complex.py
[2025-01-28T22:48:30.202+0000] {processor.py:914} INFO - Processing file /home/airflow/.local/lib/python3.12/site-packages/airflow/example_dags/example_complex.py for tasks to queue
[2025-01-28T22:48:30.205+0000] {logging_mixin.py:190} INFO - [2025-01-28T22:48:30.204+0000] {dagbag.py:588} INFO - Filling up the DagBag from /home/airflow/.local/lib/python3.12/site-packages/airflow/example_dags/example_complex.py
[2025-01-28T22:48:30.218+0000] {processor.py:925} INFO - DAG(s) 'example_complex' retrieved from /home/airflow/.local/lib/python3.12/site-packages/airflow/example_dags/example_complex.py
[2025-01-28T22:48:30.251+0000] {logging_mixin.py:190} INFO - [2025-01-28T22:48:30.251+0000] {dag.py:3239} INFO - Sync 1 DAGs
[2025-01-28T22:48:30.266+0000] {logging_mixin.py:190} INFO - [2025-01-28T22:48:30.266+0000] {dag.py:4180} INFO - Setting next_dagrun for example_complex to None, run_after=None
[2025-01-28T22:48:30.284+0000] {processor.py:208} INFO - Processing /home/airflow/.local/lib/python3.12/site-packages/airflow/example_dags/example_complex.py took 0.091 seconds
[2025-01-28T22:49:00.574+0000] {processor.py:186} INFO - Started process (PID=69328) to work on /home/airflow/.local/lib/python3.12/site-packages/airflow/example_dags/example_complex.py
[2025-01-28T22:49:00.575+0000] {processor.py:914} INFO - Processing file /home/airflow/.local/lib/python3.12/site-packages/airflow/example_dags/example_complex.py for tasks to queue
[2025-01-28T22:49:00.578+0000] {logging_mixin.py:190} INFO - [2025-01-28T22:49:00.577+0000] {dagbag.py:588} INFO - Filling up the DagBag from /home/airflow/.local/lib/python3.12/site-packages/airflow/example_dags/example_complex.py
[2025-01-28T22:49:00.590+0000] {processor.py:925} INFO - DAG(s) 'example_complex' retrieved from /home/airflow/.local/lib/python3.12/site-packages/airflow/example_dags/example_complex.py
[2025-01-28T22:49:00.617+0000] {logging_mixin.py:190} INFO - [2025-01-28T22:49:00.617+0000] {dag.py:3239} INFO - Sync 1 DAGs
[2025-01-28T22:49:00.632+0000] {logging_mixin.py:190} INFO - [2025-01-28T22:49:00.632+0000] {dag.py:4180} INFO - Setting next_dagrun for example_complex to None, run_after=None
[2025-01-28T22:49:00.649+0000] {processor.py:208} INFO - Processing /home/airflow/.local/lib/python3.12/site-packages/airflow/example_dags/example_complex.py took 0.082 seconds
[2025-01-28T22:49:31.373+0000] {processor.py:186} INFO - Started process (PID=69625) to work on /home/airflow/.local/lib/python3.12/site-packages/airflow/example_dags/example_complex.py
[2025-01-28T22:49:31.374+0000] {processor.py:914} INFO - Processing file /home/airflow/.local/lib/python3.12/site-packages/airflow/example_dags/example_complex.py for tasks to queue
[2025-01-28T22:49:31.376+0000] {logging_mixin.py:190} INFO - [2025-01-28T22:49:31.376+0000] {dagbag.py:588} INFO - Filling up the DagBag from /home/airflow/.local/lib/python3.12/site-packages/airflow/example_dags/example_complex.py
[2025-01-28T22:49:31.394+0000] {processor.py:925} INFO - DAG(s) 'example_complex' retrieved from /home/airflow/.local/lib/python3.12/site-packages/airflow/example_dags/example_complex.py
[2025-01-28T22:49:31.430+0000] {logging_mixin.py:190} INFO - [2025-01-28T22:49:31.430+0000] {dag.py:3239} INFO - Sync 1 DAGs
[2025-01-28T22:49:31.445+0000] {logging_mixin.py:190} INFO - [2025-01-28T22:49:31.444+0000] {dag.py:4180} INFO - Setting next_dagrun for example_complex to None, run_after=None
[2025-01-28T22:49:31.465+0000] {processor.py:208} INFO - Processing /home/airflow/.local/lib/python3.12/site-packages/airflow/example_dags/example_complex.py took 0.098 seconds
[2025-01-28T22:50:01.868+0000] {processor.py:186} INFO - Started process (PID=69922) to work on /home/airflow/.local/lib/python3.12/site-packages/airflow/example_dags/example_complex.py
[2025-01-28T22:50:01.869+0000] {processor.py:914} INFO - Processing file /home/airflow/.local/lib/python3.12/site-packages/airflow/example_dags/example_complex.py for tasks to queue
[2025-01-28T22:50:01.871+0000] {logging_mixin.py:190} INFO - [2025-01-28T22:50:01.871+0000] {dagbag.py:588} INFO - Filling up the DagBag from /home/airflow/.local/lib/python3.12/site-packages/airflow/example_dags/example_complex.py
[2025-01-28T22:50:01.880+0000] {processor.py:925} INFO - DAG(s) 'example_complex' retrieved from /home/airflow/.local/lib/python3.12/site-packages/airflow/example_dags/example_complex.py
[2025-01-28T22:50:01.911+0000] {logging_mixin.py:190} INFO - [2025-01-28T22:50:01.910+0000] {dag.py:3239} INFO - Sync 1 DAGs
[2025-01-28T22:50:01.925+0000] {logging_mixin.py:190} INFO - [2025-01-28T22:50:01.925+0000] {dag.py:4180} INFO - Setting next_dagrun for example_complex to None, run_after=None
[2025-01-28T22:50:01.942+0000] {processor.py:208} INFO - Processing /home/airflow/.local/lib/python3.12/site-packages/airflow/example_dags/example_complex.py took 0.080 seconds
[2025-01-28T22:50:32.567+0000] {processor.py:186} INFO - Started process (PID=70218) to work on /home/airflow/.local/lib/python3.12/site-packages/airflow/example_dags/example_complex.py
[2025-01-28T22:50:32.570+0000] {processor.py:914} INFO - Processing file /home/airflow/.local/lib/python3.12/site-packages/airflow/example_dags/example_complex.py for tasks to queue
[2025-01-28T22:50:32.572+0000] {logging_mixin.py:190} INFO - [2025-01-28T22:50:32.572+0000] {dagbag.py:588} INFO - Filling up the DagBag from /home/airflow/.local/lib/python3.12/site-packages/airflow/example_dags/example_complex.py
[2025-01-28T22:50:32.584+0000] {processor.py:925} INFO - DAG(s) 'example_complex' retrieved from /home/airflow/.local/lib/python3.12/site-packages/airflow/example_dags/example_complex.py
[2025-01-28T22:50:32.613+0000] {logging_mixin.py:190} INFO - [2025-01-28T22:50:32.613+0000] {dag.py:3239} INFO - Sync 1 DAGs
[2025-01-28T22:50:32.627+0000] {logging_mixin.py:190} INFO - [2025-01-28T22:50:32.627+0000] {dag.py:4180} INFO - Setting next_dagrun for example_complex to None, run_after=None
[2025-01-28T22:50:32.646+0000] {processor.py:208} INFO - Processing /home/airflow/.local/lib/python3.12/site-packages/airflow/example_dags/example_complex.py took 0.085 seconds
[2025-01-28T22:51:03.417+0000] {processor.py:186} INFO - Started process (PID=70516) to work on /home/airflow/.local/lib/python3.12/site-packages/airflow/example_dags/example_complex.py
[2025-01-28T22:51:03.418+0000] {processor.py:914} INFO - Processing file /home/airflow/.local/lib/python3.12/site-packages/airflow/example_dags/example_complex.py for tasks to queue
[2025-01-28T22:51:03.421+0000] {logging_mixin.py:190} INFO - [2025-01-28T22:51:03.421+0000] {dagbag.py:588} INFO - Filling up the DagBag from /home/airflow/.local/lib/python3.12/site-packages/airflow/example_dags/example_complex.py
[2025-01-28T22:51:03.437+0000] {processor.py:925} INFO - DAG(s) 'example_complex' retrieved from /home/airflow/.local/lib/python3.12/site-packages/airflow/example_dags/example_complex.py
[2025-01-28T22:51:03.481+0000] {logging_mixin.py:190} INFO - [2025-01-28T22:51:03.480+0000] {dag.py:3239} INFO - Sync 1 DAGs
[2025-01-28T22:51:03.503+0000] {logging_mixin.py:190} INFO - [2025-01-28T22:51:03.502+0000] {dag.py:4180} INFO - Setting next_dagrun for example_complex to None, run_after=None
[2025-01-28T22:51:03.701+0000] {processor.py:208} INFO - Processing /home/airflow/.local/lib/python3.12/site-packages/airflow/example_dags/example_complex.py took 0.293 seconds
[2025-01-28T22:51:34.594+0000] {processor.py:186} INFO - Started process (PID=70812) to work on /home/airflow/.local/lib/python3.12/site-packages/airflow/example_dags/example_complex.py
[2025-01-28T22:51:34.595+0000] {processor.py:914} INFO - Processing file /home/airflow/.local/lib/python3.12/site-packages/airflow/example_dags/example_complex.py for tasks to queue
[2025-01-28T22:51:34.598+0000] {logging_mixin.py:190} INFO - [2025-01-28T22:51:34.598+0000] {dagbag.py:588} INFO - Filling up the DagBag from /home/airflow/.local/lib/python3.12/site-packages/airflow/example_dags/example_complex.py
[2025-01-28T22:51:34.610+0000] {processor.py:925} INFO - DAG(s) 'example_complex' retrieved from /home/airflow/.local/lib/python3.12/site-packages/airflow/example_dags/example_complex.py
[2025-01-28T22:51:34.648+0000] {logging_mixin.py:190} INFO - [2025-01-28T22:51:34.647+0000] {dag.py:3239} INFO - Sync 1 DAGs
[2025-01-28T22:51:34.664+0000] {logging_mixin.py:190} INFO - [2025-01-28T22:51:34.664+0000] {dag.py:4180} INFO - Setting next_dagrun for example_complex to None, run_after=None
[2025-01-28T22:51:34.701+0000] {processor.py:208} INFO - Processing /home/airflow/.local/lib/python3.12/site-packages/airflow/example_dags/example_complex.py took 0.113 seconds
[2025-01-28T22:52:06.354+0000] {processor.py:186} INFO - Started process (PID=71109) to work on /home/airflow/.local/lib/python3.12/site-packages/airflow/example_dags/example_complex.py
[2025-01-28T22:52:06.435+0000] {processor.py:914} INFO - Processing file /home/airflow/.local/lib/python3.12/site-packages/airflow/example_dags/example_complex.py for tasks to queue
[2025-01-28T22:52:06.495+0000] {logging_mixin.py:190} INFO - [2025-01-28T22:52:06.495+0000] {dagbag.py:588} INFO - Filling up the DagBag from /home/airflow/.local/lib/python3.12/site-packages/airflow/example_dags/example_complex.py
[2025-01-28T22:52:06.728+0000] {processor.py:925} INFO - DAG(s) 'example_complex' retrieved from /home/airflow/.local/lib/python3.12/site-packages/airflow/example_dags/example_complex.py
[2025-01-28T22:52:06.958+0000] {logging_mixin.py:190} INFO - [2025-01-28T22:52:06.957+0000] {dag.py:3239} INFO - Sync 1 DAGs
[2025-01-28T22:52:07.732+0000] {logging_mixin.py:190} INFO - [2025-01-28T22:52:07.732+0000] {dag.py:4180} INFO - Setting next_dagrun for example_complex to None, run_after=None
[2025-01-28T22:52:08.407+0000] {processor.py:208} INFO - Processing /home/airflow/.local/lib/python3.12/site-packages/airflow/example_dags/example_complex.py took 2.073 seconds
[2025-01-28T22:52:38.719+0000] {processor.py:186} INFO - Started process (PID=71405) to work on /home/airflow/.local/lib/python3.12/site-packages/airflow/example_dags/example_complex.py
[2025-01-28T22:52:38.725+0000] {processor.py:914} INFO - Processing file /home/airflow/.local/lib/python3.12/site-packages/airflow/example_dags/example_complex.py for tasks to queue
[2025-01-28T22:52:38.738+0000] {logging_mixin.py:190} INFO - [2025-01-28T22:52:38.737+0000] {dagbag.py:588} INFO - Filling up the DagBag from /home/airflow/.local/lib/python3.12/site-packages/airflow/example_dags/example_complex.py
[2025-01-28T22:52:38.770+0000] {processor.py:925} INFO - DAG(s) 'example_complex' retrieved from /home/airflow/.local/lib/python3.12/site-packages/airflow/example_dags/example_complex.py
[2025-01-28T22:52:38.847+0000] {logging_mixin.py:190} INFO - [2025-01-28T22:52:38.846+0000] {dag.py:3239} INFO - Sync 1 DAGs
[2025-01-28T22:52:38.878+0000] {logging_mixin.py:190} INFO - [2025-01-28T22:52:38.878+0000] {dag.py:4180} INFO - Setting next_dagrun for example_complex to None, run_after=None
[2025-01-28T22:52:38.929+0000] {processor.py:208} INFO - Processing /home/airflow/.local/lib/python3.12/site-packages/airflow/example_dags/example_complex.py took 0.219 seconds
[2025-01-28T22:53:13.101+0000] {processor.py:186} INFO - Started process (PID=71699) to work on /home/airflow/.local/lib/python3.12/site-packages/airflow/example_dags/example_complex.py
[2025-01-28T22:53:13.102+0000] {processor.py:914} INFO - Processing file /home/airflow/.local/lib/python3.12/site-packages/airflow/example_dags/example_complex.py for tasks to queue
[2025-01-28T22:53:13.111+0000] {logging_mixin.py:190} INFO - [2025-01-28T22:53:13.110+0000] {dagbag.py:588} INFO - Filling up the DagBag from /home/airflow/.local/lib/python3.12/site-packages/airflow/example_dags/example_complex.py
[2025-01-28T22:53:13.138+0000] {processor.py:925} INFO - DAG(s) 'example_complex' retrieved from /home/airflow/.local/lib/python3.12/site-packages/airflow/example_dags/example_complex.py
[2025-01-28T22:53:13.826+0000] {logging_mixin.py:190} INFO - [2025-01-28T22:53:13.826+0000] {dag.py:3239} INFO - Sync 1 DAGs
[2025-01-28T22:53:13.865+0000] {logging_mixin.py:190} INFO - [2025-01-28T22:53:13.864+0000] {dag.py:4180} INFO - Setting next_dagrun for example_complex to None, run_after=None
[2025-01-28T22:53:13.926+0000] {processor.py:208} INFO - Processing /home/airflow/.local/lib/python3.12/site-packages/airflow/example_dags/example_complex.py took 0.836 seconds
