[2025-01-28T22:42:54.344+0000] {processor.py:186} INFO - Started process (PID=65791) to work on /home/airflow/.local/lib/python3.12/site-packages/airflow/example_dags/example_time_delta_sensor_async.py
[2025-01-28T22:42:54.345+0000] {processor.py:914} INFO - Processing file /home/airflow/.local/lib/python3.12/site-packages/airflow/example_dags/example_time_delta_sensor_async.py for tasks to queue
[2025-01-28T22:42:54.348+0000] {logging_mixin.py:190} INFO - [2025-01-28T22:42:54.347+0000] {dagbag.py:588} INFO - Filling up the DagBag from /home/airflow/.local/lib/python3.12/site-packages/airflow/example_dags/example_time_delta_sensor_async.py
[2025-01-28T22:42:54.355+0000] {processor.py:925} INFO - DAG(s) 'example_time_delta_sensor_async' retrieved from /home/airflow/.local/lib/python3.12/site-packages/airflow/example_dags/example_time_delta_sensor_async.py
[2025-01-28T22:42:54.378+0000] {logging_mixin.py:190} INFO - [2025-01-28T22:42:54.378+0000] {dag.py:3239} INFO - Sync 1 DAGs
[2025-01-28T22:42:54.402+0000] {logging_mixin.py:190} INFO - [2025-01-28T22:42:54.402+0000] {dag.py:4180} INFO - Setting next_dagrun for example_time_delta_sensor_async to None, run_after=None
[2025-01-28T22:42:54.428+0000] {processor.py:208} INFO - Processing /home/airflow/.local/lib/python3.12/site-packages/airflow/example_dags/example_time_delta_sensor_async.py took 0.092 seconds
[2025-01-28T22:43:24.686+0000] {processor.py:186} INFO - Started process (PID=66086) to work on /home/airflow/.local/lib/python3.12/site-packages/airflow/example_dags/example_time_delta_sensor_async.py
[2025-01-28T22:43:24.687+0000] {processor.py:914} INFO - Processing file /home/airflow/.local/lib/python3.12/site-packages/airflow/example_dags/example_time_delta_sensor_async.py for tasks to queue
[2025-01-28T22:43:24.689+0000] {logging_mixin.py:190} INFO - [2025-01-28T22:43:24.689+0000] {dagbag.py:588} INFO - Filling up the DagBag from /home/airflow/.local/lib/python3.12/site-packages/airflow/example_dags/example_time_delta_sensor_async.py
[2025-01-28T22:43:24.696+0000] {processor.py:925} INFO - DAG(s) 'example_time_delta_sensor_async' retrieved from /home/airflow/.local/lib/python3.12/site-packages/airflow/example_dags/example_time_delta_sensor_async.py
[2025-01-28T22:43:24.715+0000] {logging_mixin.py:190} INFO - [2025-01-28T22:43:24.714+0000] {dag.py:3239} INFO - Sync 1 DAGs
[2025-01-28T22:43:24.731+0000] {logging_mixin.py:190} INFO - [2025-01-28T22:43:24.731+0000] {dag.py:4180} INFO - Setting next_dagrun for example_time_delta_sensor_async to None, run_after=None
[2025-01-28T22:43:24.752+0000] {processor.py:208} INFO - Processing /home/airflow/.local/lib/python3.12/site-packages/airflow/example_dags/example_time_delta_sensor_async.py took 0.072 seconds
[2025-01-28T22:43:54.963+0000] {processor.py:186} INFO - Started process (PID=66388) to work on /home/airflow/.local/lib/python3.12/site-packages/airflow/example_dags/example_time_delta_sensor_async.py
[2025-01-28T22:43:54.964+0000] {processor.py:914} INFO - Processing file /home/airflow/.local/lib/python3.12/site-packages/airflow/example_dags/example_time_delta_sensor_async.py for tasks to queue
[2025-01-28T22:43:54.966+0000] {logging_mixin.py:190} INFO - [2025-01-28T22:43:54.966+0000] {dagbag.py:588} INFO - Filling up the DagBag from /home/airflow/.local/lib/python3.12/site-packages/airflow/example_dags/example_time_delta_sensor_async.py
[2025-01-28T22:43:54.972+0000] {processor.py:925} INFO - DAG(s) 'example_time_delta_sensor_async' retrieved from /home/airflow/.local/lib/python3.12/site-packages/airflow/example_dags/example_time_delta_sensor_async.py
[2025-01-28T22:43:54.989+0000] {logging_mixin.py:190} INFO - [2025-01-28T22:43:54.988+0000] {dag.py:3239} INFO - Sync 1 DAGs
[2025-01-28T22:43:55.001+0000] {logging_mixin.py:190} INFO - [2025-01-28T22:43:55.000+0000] {dag.py:4180} INFO - Setting next_dagrun for example_time_delta_sensor_async to None, run_after=None
[2025-01-28T22:43:55.017+0000] {processor.py:208} INFO - Processing /home/airflow/.local/lib/python3.12/site-packages/airflow/example_dags/example_time_delta_sensor_async.py took 0.059 seconds
[2025-01-28T22:44:25.702+0000] {processor.py:186} INFO - Started process (PID=66684) to work on /home/airflow/.local/lib/python3.12/site-packages/airflow/example_dags/example_time_delta_sensor_async.py
[2025-01-28T22:44:25.703+0000] {processor.py:914} INFO - Processing file /home/airflow/.local/lib/python3.12/site-packages/airflow/example_dags/example_time_delta_sensor_async.py for tasks to queue
[2025-01-28T22:44:25.705+0000] {logging_mixin.py:190} INFO - [2025-01-28T22:44:25.705+0000] {dagbag.py:588} INFO - Filling up the DagBag from /home/airflow/.local/lib/python3.12/site-packages/airflow/example_dags/example_time_delta_sensor_async.py
[2025-01-28T22:44:25.711+0000] {processor.py:925} INFO - DAG(s) 'example_time_delta_sensor_async' retrieved from /home/airflow/.local/lib/python3.12/site-packages/airflow/example_dags/example_time_delta_sensor_async.py
[2025-01-28T22:44:25.727+0000] {logging_mixin.py:190} INFO - [2025-01-28T22:44:25.727+0000] {dag.py:3239} INFO - Sync 1 DAGs
[2025-01-28T22:44:25.738+0000] {logging_mixin.py:190} INFO - [2025-01-28T22:44:25.738+0000] {dag.py:4180} INFO - Setting next_dagrun for example_time_delta_sensor_async to None, run_after=None
[2025-01-28T22:44:25.754+0000] {processor.py:208} INFO - Processing /home/airflow/.local/lib/python3.12/site-packages/airflow/example_dags/example_time_delta_sensor_async.py took 0.058 seconds
[2025-01-28T22:44:56.468+0000] {processor.py:186} INFO - Started process (PID=66980) to work on /home/airflow/.local/lib/python3.12/site-packages/airflow/example_dags/example_time_delta_sensor_async.py
[2025-01-28T22:44:56.469+0000] {processor.py:914} INFO - Processing file /home/airflow/.local/lib/python3.12/site-packages/airflow/example_dags/example_time_delta_sensor_async.py for tasks to queue
[2025-01-28T22:44:56.471+0000] {logging_mixin.py:190} INFO - [2025-01-28T22:44:56.471+0000] {dagbag.py:588} INFO - Filling up the DagBag from /home/airflow/.local/lib/python3.12/site-packages/airflow/example_dags/example_time_delta_sensor_async.py
[2025-01-28T22:44:56.476+0000] {processor.py:925} INFO - DAG(s) 'example_time_delta_sensor_async' retrieved from /home/airflow/.local/lib/python3.12/site-packages/airflow/example_dags/example_time_delta_sensor_async.py
[2025-01-28T22:44:56.494+0000] {logging_mixin.py:190} INFO - [2025-01-28T22:44:56.494+0000] {dag.py:3239} INFO - Sync 1 DAGs
[2025-01-28T22:44:56.510+0000] {logging_mixin.py:190} INFO - [2025-01-28T22:44:56.509+0000] {dag.py:4180} INFO - Setting next_dagrun for example_time_delta_sensor_async to None, run_after=None
[2025-01-28T22:44:56.534+0000] {processor.py:208} INFO - Processing /home/airflow/.local/lib/python3.12/site-packages/airflow/example_dags/example_time_delta_sensor_async.py took 0.074 seconds
[2025-01-28T22:45:27.653+0000] {processor.py:186} INFO - Started process (PID=67276) to work on /home/airflow/.local/lib/python3.12/site-packages/airflow/example_dags/example_time_delta_sensor_async.py
[2025-01-28T22:45:27.654+0000] {processor.py:914} INFO - Processing file /home/airflow/.local/lib/python3.12/site-packages/airflow/example_dags/example_time_delta_sensor_async.py for tasks to queue
[2025-01-28T22:45:27.656+0000] {logging_mixin.py:190} INFO - [2025-01-28T22:45:27.656+0000] {dagbag.py:588} INFO - Filling up the DagBag from /home/airflow/.local/lib/python3.12/site-packages/airflow/example_dags/example_time_delta_sensor_async.py
[2025-01-28T22:45:27.662+0000] {processor.py:925} INFO - DAG(s) 'example_time_delta_sensor_async' retrieved from /home/airflow/.local/lib/python3.12/site-packages/airflow/example_dags/example_time_delta_sensor_async.py
[2025-01-28T22:45:27.678+0000] {logging_mixin.py:190} INFO - [2025-01-28T22:45:27.678+0000] {dag.py:3239} INFO - Sync 1 DAGs
[2025-01-28T22:45:27.690+0000] {logging_mixin.py:190} INFO - [2025-01-28T22:45:27.690+0000] {dag.py:4180} INFO - Setting next_dagrun for example_time_delta_sensor_async to None, run_after=None
[2025-01-28T22:45:27.707+0000] {processor.py:208} INFO - Processing /home/airflow/.local/lib/python3.12/site-packages/airflow/example_dags/example_time_delta_sensor_async.py took 0.059 seconds
[2025-01-28T22:45:57.947+0000] {processor.py:186} INFO - Started process (PID=67572) to work on /home/airflow/.local/lib/python3.12/site-packages/airflow/example_dags/example_time_delta_sensor_async.py
[2025-01-28T22:45:57.948+0000] {processor.py:914} INFO - Processing file /home/airflow/.local/lib/python3.12/site-packages/airflow/example_dags/example_time_delta_sensor_async.py for tasks to queue
[2025-01-28T22:45:57.951+0000] {logging_mixin.py:190} INFO - [2025-01-28T22:45:57.950+0000] {dagbag.py:588} INFO - Filling up the DagBag from /home/airflow/.local/lib/python3.12/site-packages/airflow/example_dags/example_time_delta_sensor_async.py
[2025-01-28T22:45:57.958+0000] {processor.py:925} INFO - DAG(s) 'example_time_delta_sensor_async' retrieved from /home/airflow/.local/lib/python3.12/site-packages/airflow/example_dags/example_time_delta_sensor_async.py
[2025-01-28T22:45:57.978+0000] {logging_mixin.py:190} INFO - [2025-01-28T22:45:57.978+0000] {dag.py:3239} INFO - Sync 1 DAGs
[2025-01-28T22:45:57.992+0000] {logging_mixin.py:190} INFO - [2025-01-28T22:45:57.992+0000] {dag.py:4180} INFO - Setting next_dagrun for example_time_delta_sensor_async to None, run_after=None
[2025-01-28T22:45:58.015+0000] {processor.py:208} INFO - Processing /home/airflow/.local/lib/python3.12/site-packages/airflow/example_dags/example_time_delta_sensor_async.py took 0.073 seconds
[2025-01-28T22:46:28.098+0000] {processor.py:186} INFO - Started process (PID=67863) to work on /home/airflow/.local/lib/python3.12/site-packages/airflow/example_dags/example_time_delta_sensor_async.py
[2025-01-28T22:46:28.099+0000] {processor.py:914} INFO - Processing file /home/airflow/.local/lib/python3.12/site-packages/airflow/example_dags/example_time_delta_sensor_async.py for tasks to queue
[2025-01-28T22:46:28.101+0000] {logging_mixin.py:190} INFO - [2025-01-28T22:46:28.101+0000] {dagbag.py:588} INFO - Filling up the DagBag from /home/airflow/.local/lib/python3.12/site-packages/airflow/example_dags/example_time_delta_sensor_async.py
[2025-01-28T22:46:28.108+0000] {processor.py:925} INFO - DAG(s) 'example_time_delta_sensor_async' retrieved from /home/airflow/.local/lib/python3.12/site-packages/airflow/example_dags/example_time_delta_sensor_async.py
[2025-01-28T22:46:28.125+0000] {logging_mixin.py:190} INFO - [2025-01-28T22:46:28.125+0000] {dag.py:3239} INFO - Sync 1 DAGs
[2025-01-28T22:46:28.138+0000] {logging_mixin.py:190} INFO - [2025-01-28T22:46:28.137+0000] {dag.py:4180} INFO - Setting next_dagrun for example_time_delta_sensor_async to None, run_after=None
[2025-01-28T22:46:28.156+0000] {processor.py:208} INFO - Processing /home/airflow/.local/lib/python3.12/site-packages/airflow/example_dags/example_time_delta_sensor_async.py took 0.064 seconds
[2025-01-28T22:46:58.994+0000] {processor.py:186} INFO - Started process (PID=68159) to work on /home/airflow/.local/lib/python3.12/site-packages/airflow/example_dags/example_time_delta_sensor_async.py
[2025-01-28T22:46:58.995+0000] {processor.py:914} INFO - Processing file /home/airflow/.local/lib/python3.12/site-packages/airflow/example_dags/example_time_delta_sensor_async.py for tasks to queue
[2025-01-28T22:46:58.998+0000] {logging_mixin.py:190} INFO - [2025-01-28T22:46:58.998+0000] {dagbag.py:588} INFO - Filling up the DagBag from /home/airflow/.local/lib/python3.12/site-packages/airflow/example_dags/example_time_delta_sensor_async.py
[2025-01-28T22:46:59.007+0000] {processor.py:925} INFO - DAG(s) 'example_time_delta_sensor_async' retrieved from /home/airflow/.local/lib/python3.12/site-packages/airflow/example_dags/example_time_delta_sensor_async.py
[2025-01-28T22:46:59.027+0000] {logging_mixin.py:190} INFO - [2025-01-28T22:46:59.027+0000] {dag.py:3239} INFO - Sync 1 DAGs
[2025-01-28T22:46:59.046+0000] {logging_mixin.py:190} INFO - [2025-01-28T22:46:59.045+0000] {dag.py:4180} INFO - Setting next_dagrun for example_time_delta_sensor_async to None, run_after=None
[2025-01-28T22:46:59.119+0000] {processor.py:208} INFO - Processing /home/airflow/.local/lib/python3.12/site-packages/airflow/example_dags/example_time_delta_sensor_async.py took 0.131 seconds
[2025-01-28T22:47:29.182+0000] {processor.py:186} INFO - Started process (PID=68450) to work on /home/airflow/.local/lib/python3.12/site-packages/airflow/example_dags/example_time_delta_sensor_async.py
[2025-01-28T22:47:29.183+0000] {processor.py:914} INFO - Processing file /home/airflow/.local/lib/python3.12/site-packages/airflow/example_dags/example_time_delta_sensor_async.py for tasks to queue
[2025-01-28T22:47:29.185+0000] {logging_mixin.py:190} INFO - [2025-01-28T22:47:29.185+0000] {dagbag.py:588} INFO - Filling up the DagBag from /home/airflow/.local/lib/python3.12/site-packages/airflow/example_dags/example_time_delta_sensor_async.py
[2025-01-28T22:47:29.191+0000] {processor.py:925} INFO - DAG(s) 'example_time_delta_sensor_async' retrieved from /home/airflow/.local/lib/python3.12/site-packages/airflow/example_dags/example_time_delta_sensor_async.py
[2025-01-28T22:47:29.206+0000] {logging_mixin.py:190} INFO - [2025-01-28T22:47:29.206+0000] {dag.py:3239} INFO - Sync 1 DAGs
[2025-01-28T22:47:29.220+0000] {logging_mixin.py:190} INFO - [2025-01-28T22:47:29.220+0000] {dag.py:4180} INFO - Setting next_dagrun for example_time_delta_sensor_async to None, run_after=None
[2025-01-28T22:47:29.244+0000] {processor.py:208} INFO - Processing /home/airflow/.local/lib/python3.12/site-packages/airflow/example_dags/example_time_delta_sensor_async.py took 0.068 seconds
[2025-01-28T22:47:59.500+0000] {processor.py:186} INFO - Started process (PID=68746) to work on /home/airflow/.local/lib/python3.12/site-packages/airflow/example_dags/example_time_delta_sensor_async.py
[2025-01-28T22:47:59.501+0000] {processor.py:914} INFO - Processing file /home/airflow/.local/lib/python3.12/site-packages/airflow/example_dags/example_time_delta_sensor_async.py for tasks to queue
[2025-01-28T22:47:59.503+0000] {logging_mixin.py:190} INFO - [2025-01-28T22:47:59.503+0000] {dagbag.py:588} INFO - Filling up the DagBag from /home/airflow/.local/lib/python3.12/site-packages/airflow/example_dags/example_time_delta_sensor_async.py
[2025-01-28T22:47:59.509+0000] {processor.py:925} INFO - DAG(s) 'example_time_delta_sensor_async' retrieved from /home/airflow/.local/lib/python3.12/site-packages/airflow/example_dags/example_time_delta_sensor_async.py
[2025-01-28T22:47:59.526+0000] {logging_mixin.py:190} INFO - [2025-01-28T22:47:59.525+0000] {dag.py:3239} INFO - Sync 1 DAGs
[2025-01-28T22:47:59.541+0000] {logging_mixin.py:190} INFO - [2025-01-28T22:47:59.540+0000] {dag.py:4180} INFO - Setting next_dagrun for example_time_delta_sensor_async to None, run_after=None
[2025-01-28T22:47:59.557+0000] {processor.py:208} INFO - Processing /home/airflow/.local/lib/python3.12/site-packages/airflow/example_dags/example_time_delta_sensor_async.py took 0.061 seconds
[2025-01-28T22:48:30.318+0000] {processor.py:186} INFO - Started process (PID=69042) to work on /home/airflow/.local/lib/python3.12/site-packages/airflow/example_dags/example_time_delta_sensor_async.py
[2025-01-28T22:48:30.318+0000] {processor.py:914} INFO - Processing file /home/airflow/.local/lib/python3.12/site-packages/airflow/example_dags/example_time_delta_sensor_async.py for tasks to queue
[2025-01-28T22:48:30.321+0000] {logging_mixin.py:190} INFO - [2025-01-28T22:48:30.320+0000] {dagbag.py:588} INFO - Filling up the DagBag from /home/airflow/.local/lib/python3.12/site-packages/airflow/example_dags/example_time_delta_sensor_async.py
[2025-01-28T22:48:30.327+0000] {processor.py:925} INFO - DAG(s) 'example_time_delta_sensor_async' retrieved from /home/airflow/.local/lib/python3.12/site-packages/airflow/example_dags/example_time_delta_sensor_async.py
[2025-01-28T22:48:30.346+0000] {logging_mixin.py:190} INFO - [2025-01-28T22:48:30.346+0000] {dag.py:3239} INFO - Sync 1 DAGs
[2025-01-28T22:48:30.360+0000] {logging_mixin.py:190} INFO - [2025-01-28T22:48:30.360+0000] {dag.py:4180} INFO - Setting next_dagrun for example_time_delta_sensor_async to None, run_after=None
[2025-01-28T22:48:30.376+0000] {processor.py:208} INFO - Processing /home/airflow/.local/lib/python3.12/site-packages/airflow/example_dags/example_time_delta_sensor_async.py took 0.064 seconds
[2025-01-28T22:49:00.689+0000] {processor.py:186} INFO - Started process (PID=69338) to work on /home/airflow/.local/lib/python3.12/site-packages/airflow/example_dags/example_time_delta_sensor_async.py
[2025-01-28T22:49:00.690+0000] {processor.py:914} INFO - Processing file /home/airflow/.local/lib/python3.12/site-packages/airflow/example_dags/example_time_delta_sensor_async.py for tasks to queue
[2025-01-28T22:49:00.692+0000] {logging_mixin.py:190} INFO - [2025-01-28T22:49:00.692+0000] {dagbag.py:588} INFO - Filling up the DagBag from /home/airflow/.local/lib/python3.12/site-packages/airflow/example_dags/example_time_delta_sensor_async.py
[2025-01-28T22:49:00.698+0000] {processor.py:925} INFO - DAG(s) 'example_time_delta_sensor_async' retrieved from /home/airflow/.local/lib/python3.12/site-packages/airflow/example_dags/example_time_delta_sensor_async.py
[2025-01-28T22:49:00.718+0000] {logging_mixin.py:190} INFO - [2025-01-28T22:49:00.718+0000] {dag.py:3239} INFO - Sync 1 DAGs
[2025-01-28T22:49:00.734+0000] {logging_mixin.py:190} INFO - [2025-01-28T22:49:00.734+0000] {dag.py:4180} INFO - Setting next_dagrun for example_time_delta_sensor_async to None, run_after=None
[2025-01-28T22:49:00.752+0000] {processor.py:208} INFO - Processing /home/airflow/.local/lib/python3.12/site-packages/airflow/example_dags/example_time_delta_sensor_async.py took 0.068 seconds
[2025-01-28T22:49:31.512+0000] {processor.py:186} INFO - Started process (PID=69635) to work on /home/airflow/.local/lib/python3.12/site-packages/airflow/example_dags/example_time_delta_sensor_async.py
[2025-01-28T22:49:31.514+0000] {processor.py:914} INFO - Processing file /home/airflow/.local/lib/python3.12/site-packages/airflow/example_dags/example_time_delta_sensor_async.py for tasks to queue
[2025-01-28T22:49:31.516+0000] {logging_mixin.py:190} INFO - [2025-01-28T22:49:31.516+0000] {dagbag.py:588} INFO - Filling up the DagBag from /home/airflow/.local/lib/python3.12/site-packages/airflow/example_dags/example_time_delta_sensor_async.py
[2025-01-28T22:49:31.524+0000] {processor.py:925} INFO - DAG(s) 'example_time_delta_sensor_async' retrieved from /home/airflow/.local/lib/python3.12/site-packages/airflow/example_dags/example_time_delta_sensor_async.py
[2025-01-28T22:49:31.556+0000] {logging_mixin.py:190} INFO - [2025-01-28T22:49:31.555+0000] {dag.py:3239} INFO - Sync 1 DAGs
[2025-01-28T22:49:31.575+0000] {logging_mixin.py:190} INFO - [2025-01-28T22:49:31.574+0000] {dag.py:4180} INFO - Setting next_dagrun for example_time_delta_sensor_async to None, run_after=None
[2025-01-28T22:49:31.596+0000] {processor.py:208} INFO - Processing /home/airflow/.local/lib/python3.12/site-packages/airflow/example_dags/example_time_delta_sensor_async.py took 0.091 seconds
[2025-01-28T22:50:01.978+0000] {processor.py:186} INFO - Started process (PID=69932) to work on /home/airflow/.local/lib/python3.12/site-packages/airflow/example_dags/example_time_delta_sensor_async.py
[2025-01-28T22:50:01.979+0000] {processor.py:914} INFO - Processing file /home/airflow/.local/lib/python3.12/site-packages/airflow/example_dags/example_time_delta_sensor_async.py for tasks to queue
[2025-01-28T22:50:01.981+0000] {logging_mixin.py:190} INFO - [2025-01-28T22:50:01.981+0000] {dagbag.py:588} INFO - Filling up the DagBag from /home/airflow/.local/lib/python3.12/site-packages/airflow/example_dags/example_time_delta_sensor_async.py
[2025-01-28T22:50:01.995+0000] {processor.py:925} INFO - DAG(s) 'example_time_delta_sensor_async' retrieved from /home/airflow/.local/lib/python3.12/site-packages/airflow/example_dags/example_time_delta_sensor_async.py
[2025-01-28T22:50:02.023+0000] {logging_mixin.py:190} INFO - [2025-01-28T22:50:02.023+0000] {dag.py:3239} INFO - Sync 1 DAGs
[2025-01-28T22:50:02.046+0000] {logging_mixin.py:190} INFO - [2025-01-28T22:50:02.046+0000] {dag.py:4180} INFO - Setting next_dagrun for example_time_delta_sensor_async to None, run_after=None
[2025-01-28T22:50:02.063+0000] {processor.py:208} INFO - Processing /home/airflow/.local/lib/python3.12/site-packages/airflow/example_dags/example_time_delta_sensor_async.py took 0.090 seconds
[2025-01-28T22:50:32.693+0000] {processor.py:186} INFO - Started process (PID=70228) to work on /home/airflow/.local/lib/python3.12/site-packages/airflow/example_dags/example_time_delta_sensor_async.py
[2025-01-28T22:50:32.695+0000] {processor.py:914} INFO - Processing file /home/airflow/.local/lib/python3.12/site-packages/airflow/example_dags/example_time_delta_sensor_async.py for tasks to queue
[2025-01-28T22:50:32.698+0000] {logging_mixin.py:190} INFO - [2025-01-28T22:50:32.697+0000] {dagbag.py:588} INFO - Filling up the DagBag from /home/airflow/.local/lib/python3.12/site-packages/airflow/example_dags/example_time_delta_sensor_async.py
[2025-01-28T22:50:32.705+0000] {processor.py:925} INFO - DAG(s) 'example_time_delta_sensor_async' retrieved from /home/airflow/.local/lib/python3.12/site-packages/airflow/example_dags/example_time_delta_sensor_async.py
[2025-01-28T22:50:32.728+0000] {logging_mixin.py:190} INFO - [2025-01-28T22:50:32.728+0000] {dag.py:3239} INFO - Sync 1 DAGs
[2025-01-28T22:50:32.745+0000] {logging_mixin.py:190} INFO - [2025-01-28T22:50:32.744+0000] {dag.py:4180} INFO - Setting next_dagrun for example_time_delta_sensor_async to None, run_after=None
[2025-01-28T22:50:32.765+0000] {processor.py:208} INFO - Processing /home/airflow/.local/lib/python3.12/site-packages/airflow/example_dags/example_time_delta_sensor_async.py took 0.078 seconds
[2025-01-28T22:51:03.743+0000] {processor.py:186} INFO - Started process (PID=70524) to work on /home/airflow/.local/lib/python3.12/site-packages/airflow/example_dags/example_time_delta_sensor_async.py
[2025-01-28T22:51:03.744+0000] {processor.py:914} INFO - Processing file /home/airflow/.local/lib/python3.12/site-packages/airflow/example_dags/example_time_delta_sensor_async.py for tasks to queue
[2025-01-28T22:51:03.747+0000] {logging_mixin.py:190} INFO - [2025-01-28T22:51:03.746+0000] {dagbag.py:588} INFO - Filling up the DagBag from /home/airflow/.local/lib/python3.12/site-packages/airflow/example_dags/example_time_delta_sensor_async.py
[2025-01-28T22:51:03.753+0000] {processor.py:925} INFO - DAG(s) 'example_time_delta_sensor_async' retrieved from /home/airflow/.local/lib/python3.12/site-packages/airflow/example_dags/example_time_delta_sensor_async.py
[2025-01-28T22:51:03.773+0000] {logging_mixin.py:190} INFO - [2025-01-28T22:51:03.773+0000] {dag.py:3239} INFO - Sync 1 DAGs
[2025-01-28T22:51:03.788+0000] {logging_mixin.py:190} INFO - [2025-01-28T22:51:03.788+0000] {dag.py:4180} INFO - Setting next_dagrun for example_time_delta_sensor_async to None, run_after=None
[2025-01-28T22:51:03.810+0000] {processor.py:208} INFO - Processing /home/airflow/.local/lib/python3.12/site-packages/airflow/example_dags/example_time_delta_sensor_async.py took 0.075 seconds
[2025-01-28T22:51:34.737+0000] {processor.py:186} INFO - Started process (PID=70820) to work on /home/airflow/.local/lib/python3.12/site-packages/airflow/example_dags/example_time_delta_sensor_async.py
[2025-01-28T22:51:34.738+0000] {processor.py:914} INFO - Processing file /home/airflow/.local/lib/python3.12/site-packages/airflow/example_dags/example_time_delta_sensor_async.py for tasks to queue
[2025-01-28T22:51:34.741+0000] {logging_mixin.py:190} INFO - [2025-01-28T22:51:34.741+0000] {dagbag.py:588} INFO - Filling up the DagBag from /home/airflow/.local/lib/python3.12/site-packages/airflow/example_dags/example_time_delta_sensor_async.py
[2025-01-28T22:51:34.748+0000] {processor.py:925} INFO - DAG(s) 'example_time_delta_sensor_async' retrieved from /home/airflow/.local/lib/python3.12/site-packages/airflow/example_dags/example_time_delta_sensor_async.py
[2025-01-28T22:51:34.769+0000] {logging_mixin.py:190} INFO - [2025-01-28T22:51:34.769+0000] {dag.py:3239} INFO - Sync 1 DAGs
[2025-01-28T22:51:34.789+0000] {logging_mixin.py:190} INFO - [2025-01-28T22:51:34.788+0000] {dag.py:4180} INFO - Setting next_dagrun for example_time_delta_sensor_async to None, run_after=None
[2025-01-28T22:51:34.810+0000] {processor.py:208} INFO - Processing /home/airflow/.local/lib/python3.12/site-packages/airflow/example_dags/example_time_delta_sensor_async.py took 0.079 seconds
[2025-01-28T22:52:08.834+0000] {processor.py:186} INFO - Started process (PID=71117) to work on /home/airflow/.local/lib/python3.12/site-packages/airflow/example_dags/example_time_delta_sensor_async.py
[2025-01-28T22:52:08.837+0000] {processor.py:914} INFO - Processing file /home/airflow/.local/lib/python3.12/site-packages/airflow/example_dags/example_time_delta_sensor_async.py for tasks to queue
[2025-01-28T22:52:08.850+0000] {logging_mixin.py:190} INFO - [2025-01-28T22:52:08.849+0000] {dagbag.py:588} INFO - Filling up the DagBag from /home/airflow/.local/lib/python3.12/site-packages/airflow/example_dags/example_time_delta_sensor_async.py
[2025-01-28T22:52:08.872+0000] {processor.py:925} INFO - DAG(s) 'example_time_delta_sensor_async' retrieved from /home/airflow/.local/lib/python3.12/site-packages/airflow/example_dags/example_time_delta_sensor_async.py
[2025-01-28T22:52:09.023+0000] {logging_mixin.py:190} INFO - [2025-01-28T22:52:09.022+0000] {dag.py:3239} INFO - Sync 1 DAGs
[2025-01-28T22:52:09.088+0000] {logging_mixin.py:190} INFO - [2025-01-28T22:52:09.088+0000] {dag.py:4180} INFO - Setting next_dagrun for example_time_delta_sensor_async to None, run_after=None
[2025-01-28T22:52:09.233+0000] {processor.py:208} INFO - Processing /home/airflow/.local/lib/python3.12/site-packages/airflow/example_dags/example_time_delta_sensor_async.py took 0.417 seconds
[2025-01-28T22:52:39.444+0000] {processor.py:186} INFO - Started process (PID=71415) to work on /home/airflow/.local/lib/python3.12/site-packages/airflow/example_dags/example_time_delta_sensor_async.py
[2025-01-28T22:52:39.446+0000] {processor.py:914} INFO - Processing file /home/airflow/.local/lib/python3.12/site-packages/airflow/example_dags/example_time_delta_sensor_async.py for tasks to queue
[2025-01-28T22:52:39.450+0000] {logging_mixin.py:190} INFO - [2025-01-28T22:52:39.450+0000] {dagbag.py:588} INFO - Filling up the DagBag from /home/airflow/.local/lib/python3.12/site-packages/airflow/example_dags/example_time_delta_sensor_async.py
[2025-01-28T22:52:39.461+0000] {processor.py:925} INFO - DAG(s) 'example_time_delta_sensor_async' retrieved from /home/airflow/.local/lib/python3.12/site-packages/airflow/example_dags/example_time_delta_sensor_async.py
[2025-01-28T22:52:39.501+0000] {logging_mixin.py:190} INFO - [2025-01-28T22:52:39.501+0000] {dag.py:3239} INFO - Sync 1 DAGs
[2025-01-28T22:52:39.538+0000] {logging_mixin.py:190} INFO - [2025-01-28T22:52:39.538+0000] {dag.py:4180} INFO - Setting next_dagrun for example_time_delta_sensor_async to None, run_after=None
[2025-01-28T22:52:39.580+0000] {processor.py:208} INFO - Processing /home/airflow/.local/lib/python3.12/site-packages/airflow/example_dags/example_time_delta_sensor_async.py took 0.145 seconds
[2025-01-28T22:53:14.310+0000] {processor.py:186} INFO - Started process (PID=71709) to work on /home/airflow/.local/lib/python3.12/site-packages/airflow/example_dags/example_time_delta_sensor_async.py
[2025-01-28T22:53:14.312+0000] {processor.py:914} INFO - Processing file /home/airflow/.local/lib/python3.12/site-packages/airflow/example_dags/example_time_delta_sensor_async.py for tasks to queue
[2025-01-28T22:53:14.317+0000] {logging_mixin.py:190} INFO - [2025-01-28T22:53:14.316+0000] {dagbag.py:588} INFO - Filling up the DagBag from /home/airflow/.local/lib/python3.12/site-packages/airflow/example_dags/example_time_delta_sensor_async.py
[2025-01-28T22:53:14.333+0000] {processor.py:925} INFO - DAG(s) 'example_time_delta_sensor_async' retrieved from /home/airflow/.local/lib/python3.12/site-packages/airflow/example_dags/example_time_delta_sensor_async.py
[2025-01-28T22:53:14.386+0000] {logging_mixin.py:190} INFO - [2025-01-28T22:53:14.385+0000] {dag.py:3239} INFO - Sync 1 DAGs
[2025-01-28T22:53:14.917+0000] {logging_mixin.py:190} INFO - [2025-01-28T22:53:14.917+0000] {dag.py:4180} INFO - Setting next_dagrun for example_time_delta_sensor_async to None, run_after=None
[2025-01-28T22:53:15.007+0000] {processor.py:208} INFO - Processing /home/airflow/.local/lib/python3.12/site-packages/airflow/example_dags/example_time_delta_sensor_async.py took 0.717 seconds
