[2025-01-28T22:42:52.533+0000] {processor.py:186} INFO - Started process (PID=65708) to work on /home/airflow/.local/lib/python3.12/site-packages/airflow/example_dags/example_python_decorator.py
[2025-01-28T22:42:52.535+0000] {processor.py:914} INFO - Processing file /home/airflow/.local/lib/python3.12/site-packages/airflow/example_dags/example_python_decorator.py for tasks to queue
[2025-01-28T22:42:52.542+0000] {logging_mixin.py:190} INFO - [2025-01-28T22:42:52.541+0000] {dagbag.py:588} INFO - Filling up the DagBag from /home/airflow/.local/lib/python3.12/site-packages/airflow/example_dags/example_python_decorator.py
[2025-01-28T22:42:52.582+0000] {processor.py:925} INFO - DAG(s) 'example_python_decorator' retrieved from /home/airflow/.local/lib/python3.12/site-packages/airflow/example_dags/example_python_decorator.py
[2025-01-28T22:42:52.643+0000] {logging_mixin.py:190} INFO - [2025-01-28T22:42:52.642+0000] {dag.py:3239} INFO - Sync 1 DAGs
[2025-01-28T22:42:52.687+0000] {logging_mixin.py:190} INFO - [2025-01-28T22:42:52.686+0000] {dag.py:4180} INFO - Setting next_dagrun for example_python_decorator to None, run_after=None
[2025-01-28T22:42:52.737+0000] {processor.py:208} INFO - Processing /home/airflow/.local/lib/python3.12/site-packages/airflow/example_dags/example_python_decorator.py took 0.214 seconds
[2025-01-28T22:43:23.072+0000] {processor.py:186} INFO - Started process (PID=66001) to work on /home/airflow/.local/lib/python3.12/site-packages/airflow/example_dags/example_python_decorator.py
[2025-01-28T22:43:23.074+0000] {processor.py:914} INFO - Processing file /home/airflow/.local/lib/python3.12/site-packages/airflow/example_dags/example_python_decorator.py for tasks to queue
[2025-01-28T22:43:23.077+0000] {logging_mixin.py:190} INFO - [2025-01-28T22:43:23.076+0000] {dagbag.py:588} INFO - Filling up the DagBag from /home/airflow/.local/lib/python3.12/site-packages/airflow/example_dags/example_python_decorator.py
[2025-01-28T22:43:23.091+0000] {processor.py:925} INFO - DAG(s) 'example_python_decorator' retrieved from /home/airflow/.local/lib/python3.12/site-packages/airflow/example_dags/example_python_decorator.py
[2025-01-28T22:43:23.117+0000] {logging_mixin.py:190} INFO - [2025-01-28T22:43:23.117+0000] {dag.py:3239} INFO - Sync 1 DAGs
[2025-01-28T22:43:23.135+0000] {logging_mixin.py:190} INFO - [2025-01-28T22:43:23.134+0000] {dag.py:4180} INFO - Setting next_dagrun for example_python_decorator to None, run_after=None
[2025-01-28T22:43:23.178+0000] {processor.py:208} INFO - Processing /home/airflow/.local/lib/python3.12/site-packages/airflow/example_dags/example_python_decorator.py took 0.114 seconds
[2025-01-28T22:43:53.272+0000] {processor.py:186} INFO - Started process (PID=66292) to work on /home/airflow/.local/lib/python3.12/site-packages/airflow/example_dags/example_python_decorator.py
[2025-01-28T22:43:53.273+0000] {processor.py:914} INFO - Processing file /home/airflow/.local/lib/python3.12/site-packages/airflow/example_dags/example_python_decorator.py for tasks to queue
[2025-01-28T22:43:53.275+0000] {logging_mixin.py:190} INFO - [2025-01-28T22:43:53.275+0000] {dagbag.py:588} INFO - Filling up the DagBag from /home/airflow/.local/lib/python3.12/site-packages/airflow/example_dags/example_python_decorator.py
[2025-01-28T22:43:53.288+0000] {processor.py:925} INFO - DAG(s) 'example_python_decorator' retrieved from /home/airflow/.local/lib/python3.12/site-packages/airflow/example_dags/example_python_decorator.py
[2025-01-28T22:43:53.311+0000] {logging_mixin.py:190} INFO - [2025-01-28T22:43:53.311+0000] {dag.py:3239} INFO - Sync 1 DAGs
[2025-01-28T22:43:53.329+0000] {logging_mixin.py:190} INFO - [2025-01-28T22:43:53.329+0000] {dag.py:4180} INFO - Setting next_dagrun for example_python_decorator to None, run_after=None
[2025-01-28T22:43:53.356+0000] {processor.py:208} INFO - Processing /home/airflow/.local/lib/python3.12/site-packages/airflow/example_dags/example_python_decorator.py took 0.090 seconds
[2025-01-28T22:44:23.473+0000] {processor.py:186} INFO - Started process (PID=66585) to work on /home/airflow/.local/lib/python3.12/site-packages/airflow/example_dags/example_python_decorator.py
[2025-01-28T22:44:23.474+0000] {processor.py:914} INFO - Processing file /home/airflow/.local/lib/python3.12/site-packages/airflow/example_dags/example_python_decorator.py for tasks to queue
[2025-01-28T22:44:23.476+0000] {logging_mixin.py:190} INFO - [2025-01-28T22:44:23.476+0000] {dagbag.py:588} INFO - Filling up the DagBag from /home/airflow/.local/lib/python3.12/site-packages/airflow/example_dags/example_python_decorator.py
[2025-01-28T22:44:23.488+0000] {processor.py:925} INFO - DAG(s) 'example_python_decorator' retrieved from /home/airflow/.local/lib/python3.12/site-packages/airflow/example_dags/example_python_decorator.py
[2025-01-28T22:44:23.509+0000] {logging_mixin.py:190} INFO - [2025-01-28T22:44:23.508+0000] {dag.py:3239} INFO - Sync 1 DAGs
[2025-01-28T22:44:23.522+0000] {logging_mixin.py:190} INFO - [2025-01-28T22:44:23.521+0000] {dag.py:4180} INFO - Setting next_dagrun for example_python_decorator to None, run_after=None
[2025-01-28T22:44:23.541+0000] {processor.py:208} INFO - Processing /home/airflow/.local/lib/python3.12/site-packages/airflow/example_dags/example_python_decorator.py took 0.073 seconds
[2025-01-28T22:44:53.762+0000] {processor.py:186} INFO - Started process (PID=66879) to work on /home/airflow/.local/lib/python3.12/site-packages/airflow/example_dags/example_python_decorator.py
[2025-01-28T22:44:53.763+0000] {processor.py:914} INFO - Processing file /home/airflow/.local/lib/python3.12/site-packages/airflow/example_dags/example_python_decorator.py for tasks to queue
[2025-01-28T22:44:53.765+0000] {logging_mixin.py:190} INFO - [2025-01-28T22:44:53.765+0000] {dagbag.py:588} INFO - Filling up the DagBag from /home/airflow/.local/lib/python3.12/site-packages/airflow/example_dags/example_python_decorator.py
[2025-01-28T22:44:53.776+0000] {processor.py:925} INFO - DAG(s) 'example_python_decorator' retrieved from /home/airflow/.local/lib/python3.12/site-packages/airflow/example_dags/example_python_decorator.py
[2025-01-28T22:44:53.795+0000] {logging_mixin.py:190} INFO - [2025-01-28T22:44:53.795+0000] {dag.py:3239} INFO - Sync 1 DAGs
[2025-01-28T22:44:53.807+0000] {logging_mixin.py:190} INFO - [2025-01-28T22:44:53.807+0000] {dag.py:4180} INFO - Setting next_dagrun for example_python_decorator to None, run_after=None
[2025-01-28T22:44:53.827+0000] {processor.py:208} INFO - Processing /home/airflow/.local/lib/python3.12/site-packages/airflow/example_dags/example_python_decorator.py took 0.069 seconds
[2025-01-28T22:45:24.476+0000] {processor.py:186} INFO - Started process (PID=67175) to work on /home/airflow/.local/lib/python3.12/site-packages/airflow/example_dags/example_python_decorator.py
[2025-01-28T22:45:24.476+0000] {processor.py:914} INFO - Processing file /home/airflow/.local/lib/python3.12/site-packages/airflow/example_dags/example_python_decorator.py for tasks to queue
[2025-01-28T22:45:24.478+0000] {logging_mixin.py:190} INFO - [2025-01-28T22:45:24.478+0000] {dagbag.py:588} INFO - Filling up the DagBag from /home/airflow/.local/lib/python3.12/site-packages/airflow/example_dags/example_python_decorator.py
[2025-01-28T22:45:24.492+0000] {processor.py:925} INFO - DAG(s) 'example_python_decorator' retrieved from /home/airflow/.local/lib/python3.12/site-packages/airflow/example_dags/example_python_decorator.py
[2025-01-28T22:45:24.516+0000] {logging_mixin.py:190} INFO - [2025-01-28T22:45:24.516+0000] {dag.py:3239} INFO - Sync 1 DAGs
[2025-01-28T22:45:24.530+0000] {logging_mixin.py:190} INFO - [2025-01-28T22:45:24.530+0000] {dag.py:4180} INFO - Setting next_dagrun for example_python_decorator to None, run_after=None
[2025-01-28T22:45:24.548+0000] {processor.py:208} INFO - Processing /home/airflow/.local/lib/python3.12/site-packages/airflow/example_dags/example_python_decorator.py took 0.078 seconds
[2025-01-28T22:45:54.989+0000] {processor.py:186} INFO - Started process (PID=67471) to work on /home/airflow/.local/lib/python3.12/site-packages/airflow/example_dags/example_python_decorator.py
[2025-01-28T22:45:54.989+0000] {processor.py:914} INFO - Processing file /home/airflow/.local/lib/python3.12/site-packages/airflow/example_dags/example_python_decorator.py for tasks to queue
[2025-01-28T22:45:54.991+0000] {logging_mixin.py:190} INFO - [2025-01-28T22:45:54.991+0000] {dagbag.py:588} INFO - Filling up the DagBag from /home/airflow/.local/lib/python3.12/site-packages/airflow/example_dags/example_python_decorator.py
[2025-01-28T22:45:55.006+0000] {processor.py:925} INFO - DAG(s) 'example_python_decorator' retrieved from /home/airflow/.local/lib/python3.12/site-packages/airflow/example_dags/example_python_decorator.py
[2025-01-28T22:45:55.034+0000] {logging_mixin.py:190} INFO - [2025-01-28T22:45:55.033+0000] {dag.py:3239} INFO - Sync 1 DAGs
[2025-01-28T22:45:55.051+0000] {logging_mixin.py:190} INFO - [2025-01-28T22:45:55.050+0000] {dag.py:4180} INFO - Setting next_dagrun for example_python_decorator to None, run_after=None
[2025-01-28T22:45:55.075+0000] {processor.py:208} INFO - Processing /home/airflow/.local/lib/python3.12/site-packages/airflow/example_dags/example_python_decorator.py took 0.093 seconds
[2025-01-28T22:46:25.133+0000] {processor.py:186} INFO - Started process (PID=67773) to work on /home/airflow/.local/lib/python3.12/site-packages/airflow/example_dags/example_python_decorator.py
[2025-01-28T22:46:25.134+0000] {processor.py:914} INFO - Processing file /home/airflow/.local/lib/python3.12/site-packages/airflow/example_dags/example_python_decorator.py for tasks to queue
[2025-01-28T22:46:25.136+0000] {logging_mixin.py:190} INFO - [2025-01-28T22:46:25.135+0000] {dagbag.py:588} INFO - Filling up the DagBag from /home/airflow/.local/lib/python3.12/site-packages/airflow/example_dags/example_python_decorator.py
[2025-01-28T22:46:25.147+0000] {processor.py:925} INFO - DAG(s) 'example_python_decorator' retrieved from /home/airflow/.local/lib/python3.12/site-packages/airflow/example_dags/example_python_decorator.py
[2025-01-28T22:46:25.168+0000] {logging_mixin.py:190} INFO - [2025-01-28T22:46:25.167+0000] {dag.py:3239} INFO - Sync 1 DAGs
[2025-01-28T22:46:25.181+0000] {logging_mixin.py:190} INFO - [2025-01-28T22:46:25.181+0000] {dag.py:4180} INFO - Setting next_dagrun for example_python_decorator to None, run_after=None
[2025-01-28T22:46:25.196+0000] {processor.py:208} INFO - Processing /home/airflow/.local/lib/python3.12/site-packages/airflow/example_dags/example_python_decorator.py took 0.068 seconds
[2025-01-28T22:46:55.483+0000] {processor.py:186} INFO - Started process (PID=68069) to work on /home/airflow/.local/lib/python3.12/site-packages/airflow/example_dags/example_python_decorator.py
[2025-01-28T22:46:55.484+0000] {processor.py:914} INFO - Processing file /home/airflow/.local/lib/python3.12/site-packages/airflow/example_dags/example_python_decorator.py for tasks to queue
[2025-01-28T22:46:55.486+0000] {logging_mixin.py:190} INFO - [2025-01-28T22:46:55.486+0000] {dagbag.py:588} INFO - Filling up the DagBag from /home/airflow/.local/lib/python3.12/site-packages/airflow/example_dags/example_python_decorator.py
[2025-01-28T22:46:55.498+0000] {processor.py:925} INFO - DAG(s) 'example_python_decorator' retrieved from /home/airflow/.local/lib/python3.12/site-packages/airflow/example_dags/example_python_decorator.py
[2025-01-28T22:46:55.519+0000] {logging_mixin.py:190} INFO - [2025-01-28T22:46:55.519+0000] {dag.py:3239} INFO - Sync 1 DAGs
[2025-01-28T22:46:55.532+0000] {logging_mixin.py:190} INFO - [2025-01-28T22:46:55.531+0000] {dag.py:4180} INFO - Setting next_dagrun for example_python_decorator to None, run_after=None
[2025-01-28T22:46:55.551+0000] {processor.py:208} INFO - Processing /home/airflow/.local/lib/python3.12/site-packages/airflow/example_dags/example_python_decorator.py took 0.073 seconds
[2025-01-28T22:47:25.880+0000] {processor.py:186} INFO - Started process (PID=68365) to work on /home/airflow/.local/lib/python3.12/site-packages/airflow/example_dags/example_python_decorator.py
[2025-01-28T22:47:25.881+0000] {processor.py:914} INFO - Processing file /home/airflow/.local/lib/python3.12/site-packages/airflow/example_dags/example_python_decorator.py for tasks to queue
[2025-01-28T22:47:25.883+0000] {logging_mixin.py:190} INFO - [2025-01-28T22:47:25.883+0000] {dagbag.py:588} INFO - Filling up the DagBag from /home/airflow/.local/lib/python3.12/site-packages/airflow/example_dags/example_python_decorator.py
[2025-01-28T22:47:25.896+0000] {processor.py:925} INFO - DAG(s) 'example_python_decorator' retrieved from /home/airflow/.local/lib/python3.12/site-packages/airflow/example_dags/example_python_decorator.py
[2025-01-28T22:47:25.921+0000] {logging_mixin.py:190} INFO - [2025-01-28T22:47:25.920+0000] {dag.py:3239} INFO - Sync 1 DAGs
[2025-01-28T22:47:25.934+0000] {logging_mixin.py:190} INFO - [2025-01-28T22:47:25.934+0000] {dag.py:4180} INFO - Setting next_dagrun for example_python_decorator to None, run_after=None
[2025-01-28T22:47:25.959+0000] {processor.py:208} INFO - Processing /home/airflow/.local/lib/python3.12/site-packages/airflow/example_dags/example_python_decorator.py took 0.083 seconds
[2025-01-28T22:47:56.466+0000] {processor.py:186} INFO - Started process (PID=68661) to work on /home/airflow/.local/lib/python3.12/site-packages/airflow/example_dags/example_python_decorator.py
[2025-01-28T22:47:56.467+0000] {processor.py:914} INFO - Processing file /home/airflow/.local/lib/python3.12/site-packages/airflow/example_dags/example_python_decorator.py for tasks to queue
[2025-01-28T22:47:56.469+0000] {logging_mixin.py:190} INFO - [2025-01-28T22:47:56.469+0000] {dagbag.py:588} INFO - Filling up the DagBag from /home/airflow/.local/lib/python3.12/site-packages/airflow/example_dags/example_python_decorator.py
[2025-01-28T22:47:56.481+0000] {processor.py:925} INFO - DAG(s) 'example_python_decorator' retrieved from /home/airflow/.local/lib/python3.12/site-packages/airflow/example_dags/example_python_decorator.py
[2025-01-28T22:47:56.502+0000] {logging_mixin.py:190} INFO - [2025-01-28T22:47:56.502+0000] {dag.py:3239} INFO - Sync 1 DAGs
[2025-01-28T22:47:56.515+0000] {logging_mixin.py:190} INFO - [2025-01-28T22:47:56.515+0000] {dag.py:4180} INFO - Setting next_dagrun for example_python_decorator to None, run_after=None
[2025-01-28T22:47:56.535+0000] {processor.py:208} INFO - Processing /home/airflow/.local/lib/python3.12/site-packages/airflow/example_dags/example_python_decorator.py took 0.073 seconds
[2025-01-28T22:48:26.802+0000] {processor.py:186} INFO - Started process (PID=68957) to work on /home/airflow/.local/lib/python3.12/site-packages/airflow/example_dags/example_python_decorator.py
[2025-01-28T22:48:26.804+0000] {processor.py:914} INFO - Processing file /home/airflow/.local/lib/python3.12/site-packages/airflow/example_dags/example_python_decorator.py for tasks to queue
[2025-01-28T22:48:26.806+0000] {logging_mixin.py:190} INFO - [2025-01-28T22:48:26.806+0000] {dagbag.py:588} INFO - Filling up the DagBag from /home/airflow/.local/lib/python3.12/site-packages/airflow/example_dags/example_python_decorator.py
[2025-01-28T22:48:26.826+0000] {processor.py:925} INFO - DAG(s) 'example_python_decorator' retrieved from /home/airflow/.local/lib/python3.12/site-packages/airflow/example_dags/example_python_decorator.py
[2025-01-28T22:48:26.850+0000] {logging_mixin.py:190} INFO - [2025-01-28T22:48:26.850+0000] {dag.py:3239} INFO - Sync 1 DAGs
[2025-01-28T22:48:26.863+0000] {logging_mixin.py:190} INFO - [2025-01-28T22:48:26.863+0000] {dag.py:4180} INFO - Setting next_dagrun for example_python_decorator to None, run_after=None
[2025-01-28T22:48:26.880+0000] {processor.py:208} INFO - Processing /home/airflow/.local/lib/python3.12/site-packages/airflow/example_dags/example_python_decorator.py took 0.084 seconds
[2025-01-28T22:48:57.652+0000] {processor.py:186} INFO - Started process (PID=69253) to work on /home/airflow/.local/lib/python3.12/site-packages/airflow/example_dags/example_python_decorator.py
[2025-01-28T22:48:57.653+0000] {processor.py:914} INFO - Processing file /home/airflow/.local/lib/python3.12/site-packages/airflow/example_dags/example_python_decorator.py for tasks to queue
[2025-01-28T22:48:57.656+0000] {logging_mixin.py:190} INFO - [2025-01-28T22:48:57.656+0000] {dagbag.py:588} INFO - Filling up the DagBag from /home/airflow/.local/lib/python3.12/site-packages/airflow/example_dags/example_python_decorator.py
[2025-01-28T22:48:57.679+0000] {processor.py:925} INFO - DAG(s) 'example_python_decorator' retrieved from /home/airflow/.local/lib/python3.12/site-packages/airflow/example_dags/example_python_decorator.py
[2025-01-28T22:48:57.707+0000] {logging_mixin.py:190} INFO - [2025-01-28T22:48:57.707+0000] {dag.py:3239} INFO - Sync 1 DAGs
[2025-01-28T22:48:57.727+0000] {logging_mixin.py:190} INFO - [2025-01-28T22:48:57.727+0000] {dag.py:4180} INFO - Setting next_dagrun for example_python_decorator to None, run_after=None
[2025-01-28T22:48:57.751+0000] {processor.py:208} INFO - Processing /home/airflow/.local/lib/python3.12/site-packages/airflow/example_dags/example_python_decorator.py took 0.109 seconds
[2025-01-28T22:49:28.408+0000] {processor.py:186} INFO - Started process (PID=69550) to work on /home/airflow/.local/lib/python3.12/site-packages/airflow/example_dags/example_python_decorator.py
[2025-01-28T22:49:28.409+0000] {processor.py:914} INFO - Processing file /home/airflow/.local/lib/python3.12/site-packages/airflow/example_dags/example_python_decorator.py for tasks to queue
[2025-01-28T22:49:28.412+0000] {logging_mixin.py:190} INFO - [2025-01-28T22:49:28.411+0000] {dagbag.py:588} INFO - Filling up the DagBag from /home/airflow/.local/lib/python3.12/site-packages/airflow/example_dags/example_python_decorator.py
[2025-01-28T22:49:28.427+0000] {processor.py:925} INFO - DAG(s) 'example_python_decorator' retrieved from /home/airflow/.local/lib/python3.12/site-packages/airflow/example_dags/example_python_decorator.py
[2025-01-28T22:49:28.455+0000] {logging_mixin.py:190} INFO - [2025-01-28T22:49:28.454+0000] {dag.py:3239} INFO - Sync 1 DAGs
[2025-01-28T22:49:28.470+0000] {logging_mixin.py:190} INFO - [2025-01-28T22:49:28.470+0000] {dag.py:4180} INFO - Setting next_dagrun for example_python_decorator to None, run_after=None
[2025-01-28T22:49:28.490+0000] {processor.py:208} INFO - Processing /home/airflow/.local/lib/python3.12/site-packages/airflow/example_dags/example_python_decorator.py took 0.088 seconds
[2025-01-28T22:49:58.965+0000] {processor.py:186} INFO - Started process (PID=69847) to work on /home/airflow/.local/lib/python3.12/site-packages/airflow/example_dags/example_python_decorator.py
[2025-01-28T22:49:58.966+0000] {processor.py:914} INFO - Processing file /home/airflow/.local/lib/python3.12/site-packages/airflow/example_dags/example_python_decorator.py for tasks to queue
[2025-01-28T22:49:58.968+0000] {logging_mixin.py:190} INFO - [2025-01-28T22:49:58.967+0000] {dagbag.py:588} INFO - Filling up the DagBag from /home/airflow/.local/lib/python3.12/site-packages/airflow/example_dags/example_python_decorator.py
[2025-01-28T22:49:58.980+0000] {processor.py:925} INFO - DAG(s) 'example_python_decorator' retrieved from /home/airflow/.local/lib/python3.12/site-packages/airflow/example_dags/example_python_decorator.py
[2025-01-28T22:49:59.000+0000] {logging_mixin.py:190} INFO - [2025-01-28T22:49:58.999+0000] {dag.py:3239} INFO - Sync 1 DAGs
[2025-01-28T22:49:59.013+0000] {logging_mixin.py:190} INFO - [2025-01-28T22:49:59.012+0000] {dag.py:4180} INFO - Setting next_dagrun for example_python_decorator to None, run_after=None
[2025-01-28T22:49:59.031+0000] {processor.py:208} INFO - Processing /home/airflow/.local/lib/python3.12/site-packages/airflow/example_dags/example_python_decorator.py took 0.071 seconds
[2025-01-28T22:50:29.644+0000] {processor.py:186} INFO - Started process (PID=70143) to work on /home/airflow/.local/lib/python3.12/site-packages/airflow/example_dags/example_python_decorator.py
[2025-01-28T22:50:29.645+0000] {processor.py:914} INFO - Processing file /home/airflow/.local/lib/python3.12/site-packages/airflow/example_dags/example_python_decorator.py for tasks to queue
[2025-01-28T22:50:29.647+0000] {logging_mixin.py:190} INFO - [2025-01-28T22:50:29.647+0000] {dagbag.py:588} INFO - Filling up the DagBag from /home/airflow/.local/lib/python3.12/site-packages/airflow/example_dags/example_python_decorator.py
[2025-01-28T22:50:29.660+0000] {processor.py:925} INFO - DAG(s) 'example_python_decorator' retrieved from /home/airflow/.local/lib/python3.12/site-packages/airflow/example_dags/example_python_decorator.py
[2025-01-28T22:50:29.678+0000] {logging_mixin.py:190} INFO - [2025-01-28T22:50:29.678+0000] {dag.py:3239} INFO - Sync 1 DAGs
[2025-01-28T22:50:29.693+0000] {logging_mixin.py:190} INFO - [2025-01-28T22:50:29.692+0000] {dag.py:4180} INFO - Setting next_dagrun for example_python_decorator to None, run_after=None
[2025-01-28T22:50:29.709+0000] {processor.py:208} INFO - Processing /home/airflow/.local/lib/python3.12/site-packages/airflow/example_dags/example_python_decorator.py took 0.070 seconds
[2025-01-28T22:51:00.119+0000] {processor.py:186} INFO - Started process (PID=70439) to work on /home/airflow/.local/lib/python3.12/site-packages/airflow/example_dags/example_python_decorator.py
[2025-01-28T22:51:00.120+0000] {processor.py:914} INFO - Processing file /home/airflow/.local/lib/python3.12/site-packages/airflow/example_dags/example_python_decorator.py for tasks to queue
[2025-01-28T22:51:00.127+0000] {logging_mixin.py:190} INFO - [2025-01-28T22:51:00.126+0000] {dagbag.py:588} INFO - Filling up the DagBag from /home/airflow/.local/lib/python3.12/site-packages/airflow/example_dags/example_python_decorator.py
[2025-01-28T22:51:00.157+0000] {processor.py:925} INFO - DAG(s) 'example_python_decorator' retrieved from /home/airflow/.local/lib/python3.12/site-packages/airflow/example_dags/example_python_decorator.py
[2025-01-28T22:51:00.186+0000] {logging_mixin.py:190} INFO - [2025-01-28T22:51:00.186+0000] {dag.py:3239} INFO - Sync 1 DAGs
[2025-01-28T22:51:00.202+0000] {logging_mixin.py:190} INFO - [2025-01-28T22:51:00.202+0000] {dag.py:4180} INFO - Setting next_dagrun for example_python_decorator to None, run_after=None
[2025-01-28T22:51:00.225+0000] {processor.py:208} INFO - Processing /home/airflow/.local/lib/python3.12/site-packages/airflow/example_dags/example_python_decorator.py took 0.117 seconds
[2025-01-28T22:51:30.407+0000] {processor.py:186} INFO - Started process (PID=70735) to work on /home/airflow/.local/lib/python3.12/site-packages/airflow/example_dags/example_python_decorator.py
[2025-01-28T22:51:30.409+0000] {processor.py:914} INFO - Processing file /home/airflow/.local/lib/python3.12/site-packages/airflow/example_dags/example_python_decorator.py for tasks to queue
[2025-01-28T22:51:30.412+0000] {logging_mixin.py:190} INFO - [2025-01-28T22:51:30.412+0000] {dagbag.py:588} INFO - Filling up the DagBag from /home/airflow/.local/lib/python3.12/site-packages/airflow/example_dags/example_python_decorator.py
[2025-01-28T22:51:30.432+0000] {processor.py:925} INFO - DAG(s) 'example_python_decorator' retrieved from /home/airflow/.local/lib/python3.12/site-packages/airflow/example_dags/example_python_decorator.py
[2025-01-28T22:51:30.455+0000] {logging_mixin.py:190} INFO - [2025-01-28T22:51:30.455+0000] {dag.py:3239} INFO - Sync 1 DAGs
[2025-01-28T22:51:30.472+0000] {logging_mixin.py:190} INFO - [2025-01-28T22:51:30.471+0000] {dag.py:4180} INFO - Setting next_dagrun for example_python_decorator to None, run_after=None
[2025-01-28T22:51:30.492+0000] {processor.py:208} INFO - Processing /home/airflow/.local/lib/python3.12/site-packages/airflow/example_dags/example_python_decorator.py took 0.091 seconds
[2025-01-28T22:52:00.684+0000] {processor.py:186} INFO - Started process (PID=71032) to work on /home/airflow/.local/lib/python3.12/site-packages/airflow/example_dags/example_python_decorator.py
[2025-01-28T22:52:00.686+0000] {processor.py:914} INFO - Processing file /home/airflow/.local/lib/python3.12/site-packages/airflow/example_dags/example_python_decorator.py for tasks to queue
[2025-01-28T22:52:00.691+0000] {logging_mixin.py:190} INFO - [2025-01-28T22:52:00.690+0000] {dagbag.py:588} INFO - Filling up the DagBag from /home/airflow/.local/lib/python3.12/site-packages/airflow/example_dags/example_python_decorator.py
[2025-01-28T22:52:00.726+0000] {processor.py:925} INFO - DAG(s) 'example_python_decorator' retrieved from /home/airflow/.local/lib/python3.12/site-packages/airflow/example_dags/example_python_decorator.py
[2025-01-28T22:52:00.782+0000] {logging_mixin.py:190} INFO - [2025-01-28T22:52:00.781+0000] {dag.py:3239} INFO - Sync 1 DAGs
[2025-01-28T22:52:00.813+0000] {logging_mixin.py:190} INFO - [2025-01-28T22:52:00.813+0000] {dag.py:4180} INFO - Setting next_dagrun for example_python_decorator to None, run_after=None
[2025-01-28T22:52:00.899+0000] {processor.py:208} INFO - Processing /home/airflow/.local/lib/python3.12/site-packages/airflow/example_dags/example_python_decorator.py took 0.224 seconds
[2025-01-28T22:52:34.085+0000] {processor.py:186} INFO - Started process (PID=71338) to work on /home/airflow/.local/lib/python3.12/site-packages/airflow/example_dags/example_python_decorator.py
[2025-01-28T22:52:34.088+0000] {processor.py:914} INFO - Processing file /home/airflow/.local/lib/python3.12/site-packages/airflow/example_dags/example_python_decorator.py for tasks to queue
[2025-01-28T22:52:34.092+0000] {logging_mixin.py:190} INFO - [2025-01-28T22:52:34.091+0000] {dagbag.py:588} INFO - Filling up the DagBag from /home/airflow/.local/lib/python3.12/site-packages/airflow/example_dags/example_python_decorator.py
[2025-01-28T22:52:34.144+0000] {processor.py:925} INFO - DAG(s) 'example_python_decorator' retrieved from /home/airflow/.local/lib/python3.12/site-packages/airflow/example_dags/example_python_decorator.py
[2025-01-28T22:52:34.221+0000] {logging_mixin.py:190} INFO - [2025-01-28T22:52:34.220+0000] {dag.py:3239} INFO - Sync 1 DAGs
[2025-01-28T22:52:34.267+0000] {logging_mixin.py:190} INFO - [2025-01-28T22:52:34.267+0000] {dag.py:4180} INFO - Setting next_dagrun for example_python_decorator to None, run_after=None
[2025-01-28T22:52:34.315+0000] {processor.py:208} INFO - Processing /home/airflow/.local/lib/python3.12/site-packages/airflow/example_dags/example_python_decorator.py took 0.248 seconds
[2025-01-28T22:53:08.661+0000] {processor.py:186} INFO - Started process (PID=71644) to work on /home/airflow/.local/lib/python3.12/site-packages/airflow/example_dags/example_python_decorator.py
[2025-01-28T22:53:08.668+0000] {processor.py:914} INFO - Processing file /home/airflow/.local/lib/python3.12/site-packages/airflow/example_dags/example_python_decorator.py for tasks to queue
[2025-01-28T22:53:08.717+0000] {logging_mixin.py:190} INFO - [2025-01-28T22:53:08.717+0000] {dagbag.py:588} INFO - Filling up the DagBag from /home/airflow/.local/lib/python3.12/site-packages/airflow/example_dags/example_python_decorator.py
[2025-01-28T22:53:08.817+0000] {processor.py:925} INFO - DAG(s) 'example_python_decorator' retrieved from /home/airflow/.local/lib/python3.12/site-packages/airflow/example_dags/example_python_decorator.py
[2025-01-28T22:53:09.003+0000] {logging_mixin.py:190} INFO - [2025-01-28T22:53:09.003+0000] {dag.py:3239} INFO - Sync 1 DAGs
[2025-01-28T22:53:09.789+0000] {logging_mixin.py:190} INFO - [2025-01-28T22:53:09.789+0000] {dag.py:4180} INFO - Setting next_dagrun for example_python_decorator to None, run_after=None
[2025-01-28T22:53:09.842+0000] {processor.py:208} INFO - Processing /home/airflow/.local/lib/python3.12/site-packages/airflow/example_dags/example_python_decorator.py took 1.202 seconds
