[2025-01-28T22:42:53.675+0000] {processor.py:186} INFO - Started process (PID=65751) to work on /home/airflow/.local/lib/python3.12/site-packages/airflow/example_dags/example_params_ui_tutorial.py
[2025-01-28T22:42:53.678+0000] {processor.py:914} INFO - Processing file /home/airflow/.local/lib/python3.12/site-packages/airflow/example_dags/example_params_ui_tutorial.py for tasks to queue
[2025-01-28T22:42:53.681+0000] {logging_mixin.py:190} INFO - [2025-01-28T22:42:53.680+0000] {dagbag.py:588} INFO - Filling up the DagBag from /home/airflow/.local/lib/python3.12/site-packages/airflow/example_dags/example_params_ui_tutorial.py
[2025-01-28T22:42:53.692+0000] {processor.py:925} INFO - DAG(s) 'example_params_ui_tutorial' retrieved from /home/airflow/.local/lib/python3.12/site-packages/airflow/example_dags/example_params_ui_tutorial.py
[2025-01-28T22:42:53.767+0000] {logging_mixin.py:190} INFO - [2025-01-28T22:42:53.766+0000] {dag.py:3239} INFO - Sync 1 DAGs
[2025-01-28T22:42:53.809+0000] {logging_mixin.py:190} INFO - [2025-01-28T22:42:53.808+0000] {dag.py:4180} INFO - Setting next_dagrun for example_params_ui_tutorial to None, run_after=None
[2025-01-28T22:42:53.839+0000] {processor.py:208} INFO - Processing /home/airflow/.local/lib/python3.12/site-packages/airflow/example_dags/example_params_ui_tutorial.py took 0.173 seconds
[2025-01-28T22:43:24.122+0000] {processor.py:186} INFO - Started process (PID=66046) to work on /home/airflow/.local/lib/python3.12/site-packages/airflow/example_dags/example_params_ui_tutorial.py
[2025-01-28T22:43:24.124+0000] {processor.py:914} INFO - Processing file /home/airflow/.local/lib/python3.12/site-packages/airflow/example_dags/example_params_ui_tutorial.py for tasks to queue
[2025-01-28T22:43:24.128+0000] {logging_mixin.py:190} INFO - [2025-01-28T22:43:24.127+0000] {dagbag.py:588} INFO - Filling up the DagBag from /home/airflow/.local/lib/python3.12/site-packages/airflow/example_dags/example_params_ui_tutorial.py
[2025-01-28T22:43:24.158+0000] {processor.py:925} INFO - DAG(s) 'example_params_ui_tutorial' retrieved from /home/airflow/.local/lib/python3.12/site-packages/airflow/example_dags/example_params_ui_tutorial.py
[2025-01-28T22:43:24.218+0000] {logging_mixin.py:190} INFO - [2025-01-28T22:43:24.218+0000] {dag.py:3239} INFO - Sync 1 DAGs
[2025-01-28T22:43:24.232+0000] {logging_mixin.py:190} INFO - [2025-01-28T22:43:24.232+0000] {dag.py:4180} INFO - Setting next_dagrun for example_params_ui_tutorial to None, run_after=None
[2025-01-28T22:43:24.255+0000] {processor.py:208} INFO - Processing /home/airflow/.local/lib/python3.12/site-packages/airflow/example_dags/example_params_ui_tutorial.py took 0.145 seconds
[2025-01-28T22:43:54.402+0000] {processor.py:186} INFO - Started process (PID=66342) to work on /home/airflow/.local/lib/python3.12/site-packages/airflow/example_dags/example_params_ui_tutorial.py
[2025-01-28T22:43:54.403+0000] {processor.py:914} INFO - Processing file /home/airflow/.local/lib/python3.12/site-packages/airflow/example_dags/example_params_ui_tutorial.py for tasks to queue
[2025-01-28T22:43:54.405+0000] {logging_mixin.py:190} INFO - [2025-01-28T22:43:54.405+0000] {dagbag.py:588} INFO - Filling up the DagBag from /home/airflow/.local/lib/python3.12/site-packages/airflow/example_dags/example_params_ui_tutorial.py
[2025-01-28T22:43:54.418+0000] {processor.py:925} INFO - DAG(s) 'example_params_ui_tutorial' retrieved from /home/airflow/.local/lib/python3.12/site-packages/airflow/example_dags/example_params_ui_tutorial.py
[2025-01-28T22:43:54.467+0000] {logging_mixin.py:190} INFO - [2025-01-28T22:43:54.467+0000] {dag.py:3239} INFO - Sync 1 DAGs
[2025-01-28T22:43:54.483+0000] {logging_mixin.py:190} INFO - [2025-01-28T22:43:54.482+0000] {dag.py:4180} INFO - Setting next_dagrun for example_params_ui_tutorial to None, run_after=None
[2025-01-28T22:43:54.505+0000] {processor.py:208} INFO - Processing /home/airflow/.local/lib/python3.12/site-packages/airflow/example_dags/example_params_ui_tutorial.py took 0.108 seconds
[2025-01-28T22:44:25.446+0000] {processor.py:186} INFO - Started process (PID=66664) to work on /home/airflow/.local/lib/python3.12/site-packages/airflow/example_dags/example_params_ui_tutorial.py
[2025-01-28T22:44:25.447+0000] {processor.py:914} INFO - Processing file /home/airflow/.local/lib/python3.12/site-packages/airflow/example_dags/example_params_ui_tutorial.py for tasks to queue
[2025-01-28T22:44:25.449+0000] {logging_mixin.py:190} INFO - [2025-01-28T22:44:25.449+0000] {dagbag.py:588} INFO - Filling up the DagBag from /home/airflow/.local/lib/python3.12/site-packages/airflow/example_dags/example_params_ui_tutorial.py
[2025-01-28T22:44:25.458+0000] {processor.py:925} INFO - DAG(s) 'example_params_ui_tutorial' retrieved from /home/airflow/.local/lib/python3.12/site-packages/airflow/example_dags/example_params_ui_tutorial.py
[2025-01-28T22:44:25.497+0000] {logging_mixin.py:190} INFO - [2025-01-28T22:44:25.497+0000] {dag.py:3239} INFO - Sync 1 DAGs
[2025-01-28T22:44:25.512+0000] {logging_mixin.py:190} INFO - [2025-01-28T22:44:25.512+0000] {dag.py:4180} INFO - Setting next_dagrun for example_params_ui_tutorial to None, run_after=None
[2025-01-28T22:44:25.535+0000] {processor.py:208} INFO - Processing /home/airflow/.local/lib/python3.12/site-packages/airflow/example_dags/example_params_ui_tutorial.py took 0.094 seconds
[2025-01-28T22:44:56.215+0000] {processor.py:186} INFO - Started process (PID=66960) to work on /home/airflow/.local/lib/python3.12/site-packages/airflow/example_dags/example_params_ui_tutorial.py
[2025-01-28T22:44:56.215+0000] {processor.py:914} INFO - Processing file /home/airflow/.local/lib/python3.12/site-packages/airflow/example_dags/example_params_ui_tutorial.py for tasks to queue
[2025-01-28T22:44:56.217+0000] {logging_mixin.py:190} INFO - [2025-01-28T22:44:56.217+0000] {dagbag.py:588} INFO - Filling up the DagBag from /home/airflow/.local/lib/python3.12/site-packages/airflow/example_dags/example_params_ui_tutorial.py
[2025-01-28T22:44:56.225+0000] {processor.py:925} INFO - DAG(s) 'example_params_ui_tutorial' retrieved from /home/airflow/.local/lib/python3.12/site-packages/airflow/example_dags/example_params_ui_tutorial.py
[2025-01-28T22:44:56.266+0000] {logging_mixin.py:190} INFO - [2025-01-28T22:44:56.266+0000] {dag.py:3239} INFO - Sync 1 DAGs
[2025-01-28T22:44:56.280+0000] {logging_mixin.py:190} INFO - [2025-01-28T22:44:56.279+0000] {dag.py:4180} INFO - Setting next_dagrun for example_params_ui_tutorial to None, run_after=None
[2025-01-28T22:44:56.300+0000] {processor.py:208} INFO - Processing /home/airflow/.local/lib/python3.12/site-packages/airflow/example_dags/example_params_ui_tutorial.py took 0.090 seconds
[2025-01-28T22:45:27.043+0000] {processor.py:186} INFO - Started process (PID=67256) to work on /home/airflow/.local/lib/python3.12/site-packages/airflow/example_dags/example_params_ui_tutorial.py
[2025-01-28T22:45:27.079+0000] {processor.py:914} INFO - Processing file /home/airflow/.local/lib/python3.12/site-packages/airflow/example_dags/example_params_ui_tutorial.py for tasks to queue
[2025-01-28T22:45:27.119+0000] {logging_mixin.py:190} INFO - [2025-01-28T22:45:27.119+0000] {dagbag.py:588} INFO - Filling up the DagBag from /home/airflow/.local/lib/python3.12/site-packages/airflow/example_dags/example_params_ui_tutorial.py
[2025-01-28T22:45:27.155+0000] {processor.py:925} INFO - DAG(s) 'example_params_ui_tutorial' retrieved from /home/airflow/.local/lib/python3.12/site-packages/airflow/example_dags/example_params_ui_tutorial.py
[2025-01-28T22:45:27.243+0000] {logging_mixin.py:190} INFO - [2025-01-28T22:45:27.243+0000] {dag.py:3239} INFO - Sync 1 DAGs
[2025-01-28T22:45:27.263+0000] {logging_mixin.py:190} INFO - [2025-01-28T22:45:27.263+0000] {dag.py:4180} INFO - Setting next_dagrun for example_params_ui_tutorial to None, run_after=None
[2025-01-28T22:45:27.293+0000] {processor.py:208} INFO - Processing /home/airflow/.local/lib/python3.12/site-packages/airflow/example_dags/example_params_ui_tutorial.py took 0.269 seconds
[2025-01-28T22:45:57.436+0000] {processor.py:186} INFO - Started process (PID=67549) to work on /home/airflow/.local/lib/python3.12/site-packages/airflow/example_dags/example_params_ui_tutorial.py
[2025-01-28T22:45:57.438+0000] {processor.py:914} INFO - Processing file /home/airflow/.local/lib/python3.12/site-packages/airflow/example_dags/example_params_ui_tutorial.py for tasks to queue
[2025-01-28T22:45:57.441+0000] {logging_mixin.py:190} INFO - [2025-01-28T22:45:57.440+0000] {dagbag.py:588} INFO - Filling up the DagBag from /home/airflow/.local/lib/python3.12/site-packages/airflow/example_dags/example_params_ui_tutorial.py
[2025-01-28T22:45:57.454+0000] {processor.py:925} INFO - DAG(s) 'example_params_ui_tutorial' retrieved from /home/airflow/.local/lib/python3.12/site-packages/airflow/example_dags/example_params_ui_tutorial.py
[2025-01-28T22:45:57.509+0000] {logging_mixin.py:190} INFO - [2025-01-28T22:45:57.509+0000] {dag.py:3239} INFO - Sync 1 DAGs
[2025-01-28T22:45:57.525+0000] {logging_mixin.py:190} INFO - [2025-01-28T22:45:57.525+0000] {dag.py:4180} INFO - Setting next_dagrun for example_params_ui_tutorial to None, run_after=None
[2025-01-28T22:45:57.542+0000] {processor.py:208} INFO - Processing /home/airflow/.local/lib/python3.12/site-packages/airflow/example_dags/example_params_ui_tutorial.py took 0.114 seconds
[2025-01-28T22:46:27.879+0000] {processor.py:186} INFO - Started process (PID=67845) to work on /home/airflow/.local/lib/python3.12/site-packages/airflow/example_dags/example_params_ui_tutorial.py
[2025-01-28T22:46:27.880+0000] {processor.py:914} INFO - Processing file /home/airflow/.local/lib/python3.12/site-packages/airflow/example_dags/example_params_ui_tutorial.py for tasks to queue
[2025-01-28T22:46:27.882+0000] {logging_mixin.py:190} INFO - [2025-01-28T22:46:27.882+0000] {dagbag.py:588} INFO - Filling up the DagBag from /home/airflow/.local/lib/python3.12/site-packages/airflow/example_dags/example_params_ui_tutorial.py
[2025-01-28T22:46:27.890+0000] {processor.py:925} INFO - DAG(s) 'example_params_ui_tutorial' retrieved from /home/airflow/.local/lib/python3.12/site-packages/airflow/example_dags/example_params_ui_tutorial.py
[2025-01-28T22:46:27.926+0000] {logging_mixin.py:190} INFO - [2025-01-28T22:46:27.926+0000] {dag.py:3239} INFO - Sync 1 DAGs
[2025-01-28T22:46:27.939+0000] {logging_mixin.py:190} INFO - [2025-01-28T22:46:27.939+0000] {dag.py:4180} INFO - Setting next_dagrun for example_params_ui_tutorial to None, run_after=None
[2025-01-28T22:46:27.962+0000] {processor.py:208} INFO - Processing /home/airflow/.local/lib/python3.12/site-packages/airflow/example_dags/example_params_ui_tutorial.py took 0.088 seconds
[2025-01-28T22:46:58.489+0000] {processor.py:186} INFO - Started process (PID=68139) to work on /home/airflow/.local/lib/python3.12/site-packages/airflow/example_dags/example_params_ui_tutorial.py
[2025-01-28T22:46:58.490+0000] {processor.py:914} INFO - Processing file /home/airflow/.local/lib/python3.12/site-packages/airflow/example_dags/example_params_ui_tutorial.py for tasks to queue
[2025-01-28T22:46:58.492+0000] {logging_mixin.py:190} INFO - [2025-01-28T22:46:58.492+0000] {dagbag.py:588} INFO - Filling up the DagBag from /home/airflow/.local/lib/python3.12/site-packages/airflow/example_dags/example_params_ui_tutorial.py
[2025-01-28T22:46:58.500+0000] {processor.py:925} INFO - DAG(s) 'example_params_ui_tutorial' retrieved from /home/airflow/.local/lib/python3.12/site-packages/airflow/example_dags/example_params_ui_tutorial.py
[2025-01-28T22:46:58.541+0000] {logging_mixin.py:190} INFO - [2025-01-28T22:46:58.541+0000] {dag.py:3239} INFO - Sync 1 DAGs
[2025-01-28T22:46:58.559+0000] {logging_mixin.py:190} INFO - [2025-01-28T22:46:58.559+0000] {dag.py:4180} INFO - Setting next_dagrun for example_params_ui_tutorial to None, run_after=None
[2025-01-28T22:46:58.581+0000] {processor.py:208} INFO - Processing /home/airflow/.local/lib/python3.12/site-packages/airflow/example_dags/example_params_ui_tutorial.py took 0.098 seconds
[2025-01-28T22:47:28.953+0000] {processor.py:186} INFO - Started process (PID=68432) to work on /home/airflow/.local/lib/python3.12/site-packages/airflow/example_dags/example_params_ui_tutorial.py
[2025-01-28T22:47:28.954+0000] {processor.py:914} INFO - Processing file /home/airflow/.local/lib/python3.12/site-packages/airflow/example_dags/example_params_ui_tutorial.py for tasks to queue
[2025-01-28T22:47:28.958+0000] {logging_mixin.py:190} INFO - [2025-01-28T22:47:28.958+0000] {dagbag.py:588} INFO - Filling up the DagBag from /home/airflow/.local/lib/python3.12/site-packages/airflow/example_dags/example_params_ui_tutorial.py
[2025-01-28T22:47:28.970+0000] {processor.py:925} INFO - DAG(s) 'example_params_ui_tutorial' retrieved from /home/airflow/.local/lib/python3.12/site-packages/airflow/example_dags/example_params_ui_tutorial.py
[2025-01-28T22:47:29.024+0000] {logging_mixin.py:190} INFO - [2025-01-28T22:47:29.024+0000] {dag.py:3239} INFO - Sync 1 DAGs
[2025-01-28T22:47:29.039+0000] {logging_mixin.py:190} INFO - [2025-01-28T22:47:29.038+0000] {dag.py:4180} INFO - Setting next_dagrun for example_params_ui_tutorial to None, run_after=None
[2025-01-28T22:47:29.057+0000] {processor.py:208} INFO - Processing /home/airflow/.local/lib/python3.12/site-packages/airflow/example_dags/example_params_ui_tutorial.py took 0.111 seconds
[2025-01-28T22:47:59.293+0000] {processor.py:186} INFO - Started process (PID=68728) to work on /home/airflow/.local/lib/python3.12/site-packages/airflow/example_dags/example_params_ui_tutorial.py
[2025-01-28T22:47:59.294+0000] {processor.py:914} INFO - Processing file /home/airflow/.local/lib/python3.12/site-packages/airflow/example_dags/example_params_ui_tutorial.py for tasks to queue
[2025-01-28T22:47:59.296+0000] {logging_mixin.py:190} INFO - [2025-01-28T22:47:59.296+0000] {dagbag.py:588} INFO - Filling up the DagBag from /home/airflow/.local/lib/python3.12/site-packages/airflow/example_dags/example_params_ui_tutorial.py
[2025-01-28T22:47:59.306+0000] {processor.py:925} INFO - DAG(s) 'example_params_ui_tutorial' retrieved from /home/airflow/.local/lib/python3.12/site-packages/airflow/example_dags/example_params_ui_tutorial.py
[2025-01-28T22:47:59.345+0000] {logging_mixin.py:190} INFO - [2025-01-28T22:47:59.345+0000] {dag.py:3239} INFO - Sync 1 DAGs
[2025-01-28T22:47:59.358+0000] {logging_mixin.py:190} INFO - [2025-01-28T22:47:59.358+0000] {dag.py:4180} INFO - Setting next_dagrun for example_params_ui_tutorial to None, run_after=None
[2025-01-28T22:47:59.383+0000] {processor.py:208} INFO - Processing /home/airflow/.local/lib/python3.12/site-packages/airflow/example_dags/example_params_ui_tutorial.py took 0.095 seconds
[2025-01-28T22:48:30.075+0000] {processor.py:186} INFO - Started process (PID=69024) to work on /home/airflow/.local/lib/python3.12/site-packages/airflow/example_dags/example_params_ui_tutorial.py
[2025-01-28T22:48:30.077+0000] {processor.py:914} INFO - Processing file /home/airflow/.local/lib/python3.12/site-packages/airflow/example_dags/example_params_ui_tutorial.py for tasks to queue
[2025-01-28T22:48:30.079+0000] {logging_mixin.py:190} INFO - [2025-01-28T22:48:30.079+0000] {dagbag.py:588} INFO - Filling up the DagBag from /home/airflow/.local/lib/python3.12/site-packages/airflow/example_dags/example_params_ui_tutorial.py
[2025-01-28T22:48:30.088+0000] {processor.py:925} INFO - DAG(s) 'example_params_ui_tutorial' retrieved from /home/airflow/.local/lib/python3.12/site-packages/airflow/example_dags/example_params_ui_tutorial.py
[2025-01-28T22:48:30.136+0000] {logging_mixin.py:190} INFO - [2025-01-28T22:48:30.136+0000] {dag.py:3239} INFO - Sync 1 DAGs
[2025-01-28T22:48:30.152+0000] {logging_mixin.py:190} INFO - [2025-01-28T22:48:30.152+0000] {dag.py:4180} INFO - Setting next_dagrun for example_params_ui_tutorial to None, run_after=None
[2025-01-28T22:48:30.176+0000] {processor.py:208} INFO - Processing /home/airflow/.local/lib/python3.12/site-packages/airflow/example_dags/example_params_ui_tutorial.py took 0.107 seconds
[2025-01-28T22:49:00.462+0000] {processor.py:186} INFO - Started process (PID=69320) to work on /home/airflow/.local/lib/python3.12/site-packages/airflow/example_dags/example_params_ui_tutorial.py
[2025-01-28T22:49:00.463+0000] {processor.py:914} INFO - Processing file /home/airflow/.local/lib/python3.12/site-packages/airflow/example_dags/example_params_ui_tutorial.py for tasks to queue
[2025-01-28T22:49:00.465+0000] {logging_mixin.py:190} INFO - [2025-01-28T22:49:00.465+0000] {dagbag.py:588} INFO - Filling up the DagBag from /home/airflow/.local/lib/python3.12/site-packages/airflow/example_dags/example_params_ui_tutorial.py
[2025-01-28T22:49:00.474+0000] {processor.py:925} INFO - DAG(s) 'example_params_ui_tutorial' retrieved from /home/airflow/.local/lib/python3.12/site-packages/airflow/example_dags/example_params_ui_tutorial.py
[2025-01-28T22:49:00.520+0000] {logging_mixin.py:190} INFO - [2025-01-28T22:49:00.520+0000] {dag.py:3239} INFO - Sync 1 DAGs
[2025-01-28T22:49:00.535+0000] {logging_mixin.py:190} INFO - [2025-01-28T22:49:00.535+0000] {dag.py:4180} INFO - Setting next_dagrun for example_params_ui_tutorial to None, run_after=None
[2025-01-28T22:49:00.558+0000] {processor.py:208} INFO - Processing /home/airflow/.local/lib/python3.12/site-packages/airflow/example_dags/example_params_ui_tutorial.py took 0.101 seconds
[2025-01-28T22:49:31.264+0000] {processor.py:186} INFO - Started process (PID=69617) to work on /home/airflow/.local/lib/python3.12/site-packages/airflow/example_dags/example_params_ui_tutorial.py
[2025-01-28T22:49:31.265+0000] {processor.py:914} INFO - Processing file /home/airflow/.local/lib/python3.12/site-packages/airflow/example_dags/example_params_ui_tutorial.py for tasks to queue
[2025-01-28T22:49:31.268+0000] {logging_mixin.py:190} INFO - [2025-01-28T22:49:31.268+0000] {dagbag.py:588} INFO - Filling up the DagBag from /home/airflow/.local/lib/python3.12/site-packages/airflow/example_dags/example_params_ui_tutorial.py
[2025-01-28T22:49:31.280+0000] {processor.py:925} INFO - DAG(s) 'example_params_ui_tutorial' retrieved from /home/airflow/.local/lib/python3.12/site-packages/airflow/example_dags/example_params_ui_tutorial.py
[2025-01-28T22:49:31.318+0000] {logging_mixin.py:190} INFO - [2025-01-28T22:49:31.318+0000] {dag.py:3239} INFO - Sync 1 DAGs
[2025-01-28T22:49:31.334+0000] {logging_mixin.py:190} INFO - [2025-01-28T22:49:31.333+0000] {dag.py:4180} INFO - Setting next_dagrun for example_params_ui_tutorial to None, run_after=None
[2025-01-28T22:49:31.359+0000] {processor.py:208} INFO - Processing /home/airflow/.local/lib/python3.12/site-packages/airflow/example_dags/example_params_ui_tutorial.py took 0.101 seconds
[2025-01-28T22:50:01.772+0000] {processor.py:186} INFO - Started process (PID=69914) to work on /home/airflow/.local/lib/python3.12/site-packages/airflow/example_dags/example_params_ui_tutorial.py
[2025-01-28T22:50:01.773+0000] {processor.py:914} INFO - Processing file /home/airflow/.local/lib/python3.12/site-packages/airflow/example_dags/example_params_ui_tutorial.py for tasks to queue
[2025-01-28T22:50:01.775+0000] {logging_mixin.py:190} INFO - [2025-01-28T22:50:01.775+0000] {dagbag.py:588} INFO - Filling up the DagBag from /home/airflow/.local/lib/python3.12/site-packages/airflow/example_dags/example_params_ui_tutorial.py
[2025-01-28T22:50:01.784+0000] {processor.py:925} INFO - DAG(s) 'example_params_ui_tutorial' retrieved from /home/airflow/.local/lib/python3.12/site-packages/airflow/example_dags/example_params_ui_tutorial.py
[2025-01-28T22:50:01.827+0000] {logging_mixin.py:190} INFO - [2025-01-28T22:50:01.826+0000] {dag.py:3239} INFO - Sync 1 DAGs
[2025-01-28T22:50:01.839+0000] {logging_mixin.py:190} INFO - [2025-01-28T22:50:01.839+0000] {dag.py:4180} INFO - Setting next_dagrun for example_params_ui_tutorial to None, run_after=None
[2025-01-28T22:50:01.857+0000] {processor.py:208} INFO - Processing /home/airflow/.local/lib/python3.12/site-packages/airflow/example_dags/example_params_ui_tutorial.py took 0.090 seconds
[2025-01-28T22:50:32.456+0000] {processor.py:186} INFO - Started process (PID=70210) to work on /home/airflow/.local/lib/python3.12/site-packages/airflow/example_dags/example_params_ui_tutorial.py
[2025-01-28T22:50:32.458+0000] {processor.py:914} INFO - Processing file /home/airflow/.local/lib/python3.12/site-packages/airflow/example_dags/example_params_ui_tutorial.py for tasks to queue
[2025-01-28T22:50:32.460+0000] {logging_mixin.py:190} INFO - [2025-01-28T22:50:32.460+0000] {dagbag.py:588} INFO - Filling up the DagBag from /home/airflow/.local/lib/python3.12/site-packages/airflow/example_dags/example_params_ui_tutorial.py
[2025-01-28T22:50:32.470+0000] {processor.py:925} INFO - DAG(s) 'example_params_ui_tutorial' retrieved from /home/airflow/.local/lib/python3.12/site-packages/airflow/example_dags/example_params_ui_tutorial.py
[2025-01-28T22:50:32.519+0000] {logging_mixin.py:190} INFO - [2025-01-28T22:50:32.518+0000] {dag.py:3239} INFO - Sync 1 DAGs
[2025-01-28T22:50:32.535+0000] {logging_mixin.py:190} INFO - [2025-01-28T22:50:32.535+0000] {dag.py:4180} INFO - Setting next_dagrun for example_params_ui_tutorial to None, run_after=None
[2025-01-28T22:50:32.558+0000] {processor.py:208} INFO - Processing /home/airflow/.local/lib/python3.12/site-packages/airflow/example_dags/example_params_ui_tutorial.py took 0.107 seconds
[2025-01-28T22:51:03.280+0000] {processor.py:186} INFO - Started process (PID=70506) to work on /home/airflow/.local/lib/python3.12/site-packages/airflow/example_dags/example_params_ui_tutorial.py
[2025-01-28T22:51:03.282+0000] {processor.py:914} INFO - Processing file /home/airflow/.local/lib/python3.12/site-packages/airflow/example_dags/example_params_ui_tutorial.py for tasks to queue
[2025-01-28T22:51:03.285+0000] {logging_mixin.py:190} INFO - [2025-01-28T22:51:03.285+0000] {dagbag.py:588} INFO - Filling up the DagBag from /home/airflow/.local/lib/python3.12/site-packages/airflow/example_dags/example_params_ui_tutorial.py
[2025-01-28T22:51:03.295+0000] {processor.py:925} INFO - DAG(s) 'example_params_ui_tutorial' retrieved from /home/airflow/.local/lib/python3.12/site-packages/airflow/example_dags/example_params_ui_tutorial.py
[2025-01-28T22:51:03.349+0000] {logging_mixin.py:190} INFO - [2025-01-28T22:51:03.349+0000] {dag.py:3239} INFO - Sync 1 DAGs
[2025-01-28T22:51:03.367+0000] {logging_mixin.py:190} INFO - [2025-01-28T22:51:03.367+0000] {dag.py:4180} INFO - Setting next_dagrun for example_params_ui_tutorial to None, run_after=None
[2025-01-28T22:51:03.391+0000] {processor.py:208} INFO - Processing /home/airflow/.local/lib/python3.12/site-packages/airflow/example_dags/example_params_ui_tutorial.py took 0.119 seconds
[2025-01-28T22:51:33.470+0000] {processor.py:186} INFO - Started process (PID=70802) to work on /home/airflow/.local/lib/python3.12/site-packages/airflow/example_dags/example_params_ui_tutorial.py
[2025-01-28T22:51:33.471+0000] {processor.py:914} INFO - Processing file /home/airflow/.local/lib/python3.12/site-packages/airflow/example_dags/example_params_ui_tutorial.py for tasks to queue
[2025-01-28T22:51:33.474+0000] {logging_mixin.py:190} INFO - [2025-01-28T22:51:33.473+0000] {dagbag.py:588} INFO - Filling up the DagBag from /home/airflow/.local/lib/python3.12/site-packages/airflow/example_dags/example_params_ui_tutorial.py
[2025-01-28T22:51:33.485+0000] {processor.py:925} INFO - DAG(s) 'example_params_ui_tutorial' retrieved from /home/airflow/.local/lib/python3.12/site-packages/airflow/example_dags/example_params_ui_tutorial.py
[2025-01-28T22:51:33.532+0000] {logging_mixin.py:190} INFO - [2025-01-28T22:51:33.532+0000] {dag.py:3239} INFO - Sync 1 DAGs
[2025-01-28T22:51:33.550+0000] {logging_mixin.py:190} INFO - [2025-01-28T22:51:33.549+0000] {dag.py:4180} INFO - Setting next_dagrun for example_params_ui_tutorial to None, run_after=None
[2025-01-28T22:51:33.571+0000] {processor.py:208} INFO - Processing /home/airflow/.local/lib/python3.12/site-packages/airflow/example_dags/example_params_ui_tutorial.py took 0.108 seconds
[2025-01-28T22:52:04.483+0000] {processor.py:186} INFO - Started process (PID=71097) to work on /home/airflow/.local/lib/python3.12/site-packages/airflow/example_dags/example_params_ui_tutorial.py
[2025-01-28T22:52:04.491+0000] {processor.py:914} INFO - Processing file /home/airflow/.local/lib/python3.12/site-packages/airflow/example_dags/example_params_ui_tutorial.py for tasks to queue
[2025-01-28T22:52:04.499+0000] {logging_mixin.py:190} INFO - [2025-01-28T22:52:04.498+0000] {dagbag.py:588} INFO - Filling up the DagBag from /home/airflow/.local/lib/python3.12/site-packages/airflow/example_dags/example_params_ui_tutorial.py
[2025-01-28T22:52:04.545+0000] {processor.py:925} INFO - DAG(s) 'example_params_ui_tutorial' retrieved from /home/airflow/.local/lib/python3.12/site-packages/airflow/example_dags/example_params_ui_tutorial.py
[2025-01-28T22:52:04.710+0000] {logging_mixin.py:190} INFO - [2025-01-28T22:52:04.709+0000] {dag.py:3239} INFO - Sync 1 DAGs
[2025-01-28T22:52:04.781+0000] {logging_mixin.py:190} INFO - [2025-01-28T22:52:04.781+0000] {dag.py:4180} INFO - Setting next_dagrun for example_params_ui_tutorial to None, run_after=None
[2025-01-28T22:52:05.000+0000] {processor.py:208} INFO - Processing /home/airflow/.local/lib/python3.12/site-packages/airflow/example_dags/example_params_ui_tutorial.py took 0.535 seconds
[2025-01-28T22:52:37.124+0000] {processor.py:186} INFO - Started process (PID=71393) to work on /home/airflow/.local/lib/python3.12/site-packages/airflow/example_dags/example_params_ui_tutorial.py
[2025-01-28T22:52:37.130+0000] {processor.py:914} INFO - Processing file /home/airflow/.local/lib/python3.12/site-packages/airflow/example_dags/example_params_ui_tutorial.py for tasks to queue
[2025-01-28T22:52:37.147+0000] {logging_mixin.py:190} INFO - [2025-01-28T22:52:37.147+0000] {dagbag.py:588} INFO - Filling up the DagBag from /home/airflow/.local/lib/python3.12/site-packages/airflow/example_dags/example_params_ui_tutorial.py
[2025-01-28T22:52:37.187+0000] {processor.py:925} INFO - DAG(s) 'example_params_ui_tutorial' retrieved from /home/airflow/.local/lib/python3.12/site-packages/airflow/example_dags/example_params_ui_tutorial.py
[2025-01-28T22:52:37.318+0000] {logging_mixin.py:190} INFO - [2025-01-28T22:52:37.317+0000] {dag.py:3239} INFO - Sync 1 DAGs
[2025-01-28T22:52:37.370+0000] {logging_mixin.py:190} INFO - [2025-01-28T22:52:37.369+0000] {dag.py:4180} INFO - Setting next_dagrun for example_params_ui_tutorial to None, run_after=None
[2025-01-28T22:52:37.437+0000] {processor.py:208} INFO - Processing /home/airflow/.local/lib/python3.12/site-packages/airflow/example_dags/example_params_ui_tutorial.py took 0.335 seconds
[2025-01-28T22:53:12.659+0000] {processor.py:186} INFO - Started process (PID=71689) to work on /home/airflow/.local/lib/python3.12/site-packages/airflow/example_dags/example_params_ui_tutorial.py
[2025-01-28T22:53:12.660+0000] {processor.py:914} INFO - Processing file /home/airflow/.local/lib/python3.12/site-packages/airflow/example_dags/example_params_ui_tutorial.py for tasks to queue
[2025-01-28T22:53:12.665+0000] {logging_mixin.py:190} INFO - [2025-01-28T22:53:12.664+0000] {dagbag.py:588} INFO - Filling up the DagBag from /home/airflow/.local/lib/python3.12/site-packages/airflow/example_dags/example_params_ui_tutorial.py
[2025-01-28T22:53:12.681+0000] {processor.py:925} INFO - DAG(s) 'example_params_ui_tutorial' retrieved from /home/airflow/.local/lib/python3.12/site-packages/airflow/example_dags/example_params_ui_tutorial.py
[2025-01-28T22:53:12.748+0000] {logging_mixin.py:190} INFO - [2025-01-28T22:53:12.748+0000] {dag.py:3239} INFO - Sync 1 DAGs
[2025-01-28T22:53:12.986+0000] {logging_mixin.py:190} INFO - [2025-01-28T22:53:12.986+0000] {dag.py:4180} INFO - Setting next_dagrun for example_params_ui_tutorial to None, run_after=None
[2025-01-28T22:53:13.025+0000] {processor.py:208} INFO - Processing /home/airflow/.local/lib/python3.12/site-packages/airflow/example_dags/example_params_ui_tutorial.py took 0.378 seconds
