[2025-01-28T22:42:55.313+0000] {processor.py:186} INFO - Started process (PID=65831) to work on /home/airflow/.local/lib/python3.12/site-packages/airflow/example_dags/example_python_operator.py
[2025-01-28T22:42:55.314+0000] {processor.py:914} INFO - Processing file /home/airflow/.local/lib/python3.12/site-packages/airflow/example_dags/example_python_operator.py for tasks to queue
[2025-01-28T22:42:55.319+0000] {logging_mixin.py:190} INFO - [2025-01-28T22:42:55.319+0000] {dagbag.py:588} INFO - Filling up the DagBag from /home/airflow/.local/lib/python3.12/site-packages/airflow/example_dags/example_python_operator.py
[2025-01-28T22:42:55.341+0000] {processor.py:925} INFO - DAG(s) 'example_python_operator' retrieved from /home/airflow/.local/lib/python3.12/site-packages/airflow/example_dags/example_python_operator.py
[2025-01-28T22:42:55.378+0000] {logging_mixin.py:190} INFO - [2025-01-28T22:42:55.378+0000] {dag.py:3239} INFO - Sync 1 DAGs
[2025-01-28T22:42:55.397+0000] {logging_mixin.py:190} INFO - [2025-01-28T22:42:55.396+0000] {dag.py:4180} INFO - Setting next_dagrun for example_python_operator to None, run_after=None
[2025-01-28T22:42:55.447+0000] {processor.py:208} INFO - Processing /home/airflow/.local/lib/python3.12/site-packages/airflow/example_dags/example_python_operator.py took 0.142 seconds
[2025-01-28T22:43:26.338+0000] {processor.py:186} INFO - Started process (PID=66129) to work on /home/airflow/.local/lib/python3.12/site-packages/airflow/example_dags/example_python_operator.py
[2025-01-28T22:43:26.339+0000] {processor.py:914} INFO - Processing file /home/airflow/.local/lib/python3.12/site-packages/airflow/example_dags/example_python_operator.py for tasks to queue
[2025-01-28T22:43:26.341+0000] {logging_mixin.py:190} INFO - [2025-01-28T22:43:26.341+0000] {dagbag.py:588} INFO - Filling up the DagBag from /home/airflow/.local/lib/python3.12/site-packages/airflow/example_dags/example_python_operator.py
[2025-01-28T22:43:26.351+0000] {processor.py:925} INFO - DAG(s) 'example_python_operator' retrieved from /home/airflow/.local/lib/python3.12/site-packages/airflow/example_dags/example_python_operator.py
[2025-01-28T22:43:26.371+0000] {logging_mixin.py:190} INFO - [2025-01-28T22:43:26.371+0000] {dag.py:3239} INFO - Sync 1 DAGs
[2025-01-28T22:43:26.384+0000] {logging_mixin.py:190} INFO - [2025-01-28T22:43:26.384+0000] {dag.py:4180} INFO - Setting next_dagrun for example_python_operator to None, run_after=None
[2025-01-28T22:43:26.404+0000] {processor.py:208} INFO - Processing /home/airflow/.local/lib/python3.12/site-packages/airflow/example_dags/example_python_operator.py took 0.072 seconds
[2025-01-28T22:43:56.518+0000] {processor.py:186} INFO - Started process (PID=66425) to work on /home/airflow/.local/lib/python3.12/site-packages/airflow/example_dags/example_python_operator.py
[2025-01-28T22:43:56.519+0000] {processor.py:914} INFO - Processing file /home/airflow/.local/lib/python3.12/site-packages/airflow/example_dags/example_python_operator.py for tasks to queue
[2025-01-28T22:43:56.521+0000] {logging_mixin.py:190} INFO - [2025-01-28T22:43:56.521+0000] {dagbag.py:588} INFO - Filling up the DagBag from /home/airflow/.local/lib/python3.12/site-packages/airflow/example_dags/example_python_operator.py
[2025-01-28T22:43:56.531+0000] {processor.py:925} INFO - DAG(s) 'example_python_operator' retrieved from /home/airflow/.local/lib/python3.12/site-packages/airflow/example_dags/example_python_operator.py
[2025-01-28T22:43:56.550+0000] {logging_mixin.py:190} INFO - [2025-01-28T22:43:56.550+0000] {dag.py:3239} INFO - Sync 1 DAGs
[2025-01-28T22:43:56.563+0000] {logging_mixin.py:190} INFO - [2025-01-28T22:43:56.563+0000] {dag.py:4180} INFO - Setting next_dagrun for example_python_operator to None, run_after=None
[2025-01-28T22:43:56.583+0000] {processor.py:208} INFO - Processing /home/airflow/.local/lib/python3.12/site-packages/airflow/example_dags/example_python_operator.py took 0.070 seconds
[2025-01-28T22:44:27.281+0000] {processor.py:186} INFO - Started process (PID=66721) to work on /home/airflow/.local/lib/python3.12/site-packages/airflow/example_dags/example_python_operator.py
[2025-01-28T22:44:27.282+0000] {processor.py:914} INFO - Processing file /home/airflow/.local/lib/python3.12/site-packages/airflow/example_dags/example_python_operator.py for tasks to queue
[2025-01-28T22:44:27.284+0000] {logging_mixin.py:190} INFO - [2025-01-28T22:44:27.284+0000] {dagbag.py:588} INFO - Filling up the DagBag from /home/airflow/.local/lib/python3.12/site-packages/airflow/example_dags/example_python_operator.py
[2025-01-28T22:44:27.294+0000] {processor.py:925} INFO - DAG(s) 'example_python_operator' retrieved from /home/airflow/.local/lib/python3.12/site-packages/airflow/example_dags/example_python_operator.py
[2025-01-28T22:44:27.312+0000] {logging_mixin.py:190} INFO - [2025-01-28T22:44:27.312+0000] {dag.py:3239} INFO - Sync 1 DAGs
[2025-01-28T22:44:27.324+0000] {logging_mixin.py:190} INFO - [2025-01-28T22:44:27.324+0000] {dag.py:4180} INFO - Setting next_dagrun for example_python_operator to None, run_after=None
[2025-01-28T22:44:27.342+0000] {processor.py:208} INFO - Processing /home/airflow/.local/lib/python3.12/site-packages/airflow/example_dags/example_python_operator.py took 0.066 seconds
[2025-01-28T22:44:58.274+0000] {processor.py:186} INFO - Started process (PID=67017) to work on /home/airflow/.local/lib/python3.12/site-packages/airflow/example_dags/example_python_operator.py
[2025-01-28T22:44:58.275+0000] {processor.py:914} INFO - Processing file /home/airflow/.local/lib/python3.12/site-packages/airflow/example_dags/example_python_operator.py for tasks to queue
[2025-01-28T22:44:58.277+0000] {logging_mixin.py:190} INFO - [2025-01-28T22:44:58.276+0000] {dagbag.py:588} INFO - Filling up the DagBag from /home/airflow/.local/lib/python3.12/site-packages/airflow/example_dags/example_python_operator.py
[2025-01-28T22:44:58.287+0000] {processor.py:925} INFO - DAG(s) 'example_python_operator' retrieved from /home/airflow/.local/lib/python3.12/site-packages/airflow/example_dags/example_python_operator.py
[2025-01-28T22:44:58.307+0000] {logging_mixin.py:190} INFO - [2025-01-28T22:44:58.307+0000] {dag.py:3239} INFO - Sync 1 DAGs
[2025-01-28T22:44:58.319+0000] {logging_mixin.py:190} INFO - [2025-01-28T22:44:58.319+0000] {dag.py:4180} INFO - Setting next_dagrun for example_python_operator to None, run_after=None
[2025-01-28T22:44:58.336+0000] {processor.py:208} INFO - Processing /home/airflow/.local/lib/python3.12/site-packages/airflow/example_dags/example_python_operator.py took 0.067 seconds
[2025-01-28T22:45:29.230+0000] {processor.py:186} INFO - Started process (PID=67313) to work on /home/airflow/.local/lib/python3.12/site-packages/airflow/example_dags/example_python_operator.py
[2025-01-28T22:45:29.231+0000] {processor.py:914} INFO - Processing file /home/airflow/.local/lib/python3.12/site-packages/airflow/example_dags/example_python_operator.py for tasks to queue
[2025-01-28T22:45:29.234+0000] {logging_mixin.py:190} INFO - [2025-01-28T22:45:29.233+0000] {dagbag.py:588} INFO - Filling up the DagBag from /home/airflow/.local/lib/python3.12/site-packages/airflow/example_dags/example_python_operator.py
[2025-01-28T22:45:29.246+0000] {processor.py:925} INFO - DAG(s) 'example_python_operator' retrieved from /home/airflow/.local/lib/python3.12/site-packages/airflow/example_dags/example_python_operator.py
[2025-01-28T22:45:29.267+0000] {logging_mixin.py:190} INFO - [2025-01-28T22:45:29.267+0000] {dag.py:3239} INFO - Sync 1 DAGs
[2025-01-28T22:45:29.284+0000] {logging_mixin.py:190} INFO - [2025-01-28T22:45:29.283+0000] {dag.py:4180} INFO - Setting next_dagrun for example_python_operator to None, run_after=None
[2025-01-28T22:45:29.339+0000] {processor.py:208} INFO - Processing /home/airflow/.local/lib/python3.12/site-packages/airflow/example_dags/example_python_operator.py took 0.115 seconds
[2025-01-28T22:45:59.572+0000] {processor.py:186} INFO - Started process (PID=67609) to work on /home/airflow/.local/lib/python3.12/site-packages/airflow/example_dags/example_python_operator.py
[2025-01-28T22:45:59.573+0000] {processor.py:914} INFO - Processing file /home/airflow/.local/lib/python3.12/site-packages/airflow/example_dags/example_python_operator.py for tasks to queue
[2025-01-28T22:45:59.576+0000] {logging_mixin.py:190} INFO - [2025-01-28T22:45:59.575+0000] {dagbag.py:588} INFO - Filling up the DagBag from /home/airflow/.local/lib/python3.12/site-packages/airflow/example_dags/example_python_operator.py
[2025-01-28T22:45:59.587+0000] {processor.py:925} INFO - DAG(s) 'example_python_operator' retrieved from /home/airflow/.local/lib/python3.12/site-packages/airflow/example_dags/example_python_operator.py
[2025-01-28T22:45:59.605+0000] {logging_mixin.py:190} INFO - [2025-01-28T22:45:59.604+0000] {dag.py:3239} INFO - Sync 1 DAGs
[2025-01-28T22:45:59.617+0000] {logging_mixin.py:190} INFO - [2025-01-28T22:45:59.616+0000] {dag.py:4180} INFO - Setting next_dagrun for example_python_operator to None, run_after=None
[2025-01-28T22:45:59.638+0000] {processor.py:208} INFO - Processing /home/airflow/.local/lib/python3.12/site-packages/airflow/example_dags/example_python_operator.py took 0.071 seconds
[2025-01-28T22:46:29.840+0000] {processor.py:186} INFO - Started process (PID=67903) to work on /home/airflow/.local/lib/python3.12/site-packages/airflow/example_dags/example_python_operator.py
[2025-01-28T22:46:29.841+0000] {processor.py:914} INFO - Processing file /home/airflow/.local/lib/python3.12/site-packages/airflow/example_dags/example_python_operator.py for tasks to queue
[2025-01-28T22:46:29.848+0000] {logging_mixin.py:190} INFO - [2025-01-28T22:46:29.847+0000] {dagbag.py:588} INFO - Filling up the DagBag from /home/airflow/.local/lib/python3.12/site-packages/airflow/example_dags/example_python_operator.py
[2025-01-28T22:46:29.865+0000] {processor.py:925} INFO - DAG(s) 'example_python_operator' retrieved from /home/airflow/.local/lib/python3.12/site-packages/airflow/example_dags/example_python_operator.py
[2025-01-28T22:46:29.899+0000] {logging_mixin.py:190} INFO - [2025-01-28T22:46:29.898+0000] {dag.py:3239} INFO - Sync 1 DAGs
[2025-01-28T22:46:29.936+0000] {logging_mixin.py:190} INFO - [2025-01-28T22:46:29.936+0000] {dag.py:4180} INFO - Setting next_dagrun for example_python_operator to None, run_after=None
[2025-01-28T22:46:29.996+0000] {processor.py:208} INFO - Processing /home/airflow/.local/lib/python3.12/site-packages/airflow/example_dags/example_python_operator.py took 0.164 seconds
[2025-01-28T22:47:00.789+0000] {processor.py:186} INFO - Started process (PID=68199) to work on /home/airflow/.local/lib/python3.12/site-packages/airflow/example_dags/example_python_operator.py
[2025-01-28T22:47:00.790+0000] {processor.py:914} INFO - Processing file /home/airflow/.local/lib/python3.12/site-packages/airflow/example_dags/example_python_operator.py for tasks to queue
[2025-01-28T22:47:00.793+0000] {logging_mixin.py:190} INFO - [2025-01-28T22:47:00.793+0000] {dagbag.py:588} INFO - Filling up the DagBag from /home/airflow/.local/lib/python3.12/site-packages/airflow/example_dags/example_python_operator.py
[2025-01-28T22:47:00.810+0000] {processor.py:925} INFO - DAG(s) 'example_python_operator' retrieved from /home/airflow/.local/lib/python3.12/site-packages/airflow/example_dags/example_python_operator.py
[2025-01-28T22:47:00.837+0000] {logging_mixin.py:190} INFO - [2025-01-28T22:47:00.836+0000] {dag.py:3239} INFO - Sync 1 DAGs
[2025-01-28T22:47:00.854+0000] {logging_mixin.py:190} INFO - [2025-01-28T22:47:00.854+0000] {dag.py:4180} INFO - Setting next_dagrun for example_python_operator to None, run_after=None
[2025-01-28T22:47:00.873+0000] {processor.py:208} INFO - Processing /home/airflow/.local/lib/python3.12/site-packages/airflow/example_dags/example_python_operator.py took 0.089 seconds
[2025-01-28T22:47:31.211+0000] {processor.py:186} INFO - Started process (PID=68495) to work on /home/airflow/.local/lib/python3.12/site-packages/airflow/example_dags/example_python_operator.py
[2025-01-28T22:47:31.212+0000] {processor.py:914} INFO - Processing file /home/airflow/.local/lib/python3.12/site-packages/airflow/example_dags/example_python_operator.py for tasks to queue
[2025-01-28T22:47:31.215+0000] {logging_mixin.py:190} INFO - [2025-01-28T22:47:31.215+0000] {dagbag.py:588} INFO - Filling up the DagBag from /home/airflow/.local/lib/python3.12/site-packages/airflow/example_dags/example_python_operator.py
[2025-01-28T22:47:31.233+0000] {processor.py:925} INFO - DAG(s) 'example_python_operator' retrieved from /home/airflow/.local/lib/python3.12/site-packages/airflow/example_dags/example_python_operator.py
[2025-01-28T22:47:31.260+0000] {logging_mixin.py:190} INFO - [2025-01-28T22:47:31.260+0000] {dag.py:3239} INFO - Sync 1 DAGs
[2025-01-28T22:47:31.288+0000] {logging_mixin.py:190} INFO - [2025-01-28T22:47:31.287+0000] {dag.py:4180} INFO - Setting next_dagrun for example_python_operator to None, run_after=None
[2025-01-28T22:47:31.325+0000] {processor.py:208} INFO - Processing /home/airflow/.local/lib/python3.12/site-packages/airflow/example_dags/example_python_operator.py took 0.119 seconds
[2025-01-28T22:48:01.670+0000] {processor.py:186} INFO - Started process (PID=68788) to work on /home/airflow/.local/lib/python3.12/site-packages/airflow/example_dags/example_python_operator.py
[2025-01-28T22:48:01.671+0000] {processor.py:914} INFO - Processing file /home/airflow/.local/lib/python3.12/site-packages/airflow/example_dags/example_python_operator.py for tasks to queue
[2025-01-28T22:48:01.673+0000] {logging_mixin.py:190} INFO - [2025-01-28T22:48:01.673+0000] {dagbag.py:588} INFO - Filling up the DagBag from /home/airflow/.local/lib/python3.12/site-packages/airflow/example_dags/example_python_operator.py
[2025-01-28T22:48:01.687+0000] {processor.py:925} INFO - DAG(s) 'example_python_operator' retrieved from /home/airflow/.local/lib/python3.12/site-packages/airflow/example_dags/example_python_operator.py
[2025-01-28T22:48:01.707+0000] {logging_mixin.py:190} INFO - [2025-01-28T22:48:01.707+0000] {dag.py:3239} INFO - Sync 1 DAGs
[2025-01-28T22:48:01.720+0000] {logging_mixin.py:190} INFO - [2025-01-28T22:48:01.720+0000] {dag.py:4180} INFO - Setting next_dagrun for example_python_operator to None, run_after=None
[2025-01-28T22:48:01.737+0000] {processor.py:208} INFO - Processing /home/airflow/.local/lib/python3.12/site-packages/airflow/example_dags/example_python_operator.py took 0.075 seconds
[2025-01-28T22:48:32.049+0000] {processor.py:186} INFO - Started process (PID=69082) to work on /home/airflow/.local/lib/python3.12/site-packages/airflow/example_dags/example_python_operator.py
[2025-01-28T22:48:32.050+0000] {processor.py:914} INFO - Processing file /home/airflow/.local/lib/python3.12/site-packages/airflow/example_dags/example_python_operator.py for tasks to queue
[2025-01-28T22:48:32.053+0000] {logging_mixin.py:190} INFO - [2025-01-28T22:48:32.052+0000] {dagbag.py:588} INFO - Filling up the DagBag from /home/airflow/.local/lib/python3.12/site-packages/airflow/example_dags/example_python_operator.py
[2025-01-28T22:48:32.064+0000] {processor.py:925} INFO - DAG(s) 'example_python_operator' retrieved from /home/airflow/.local/lib/python3.12/site-packages/airflow/example_dags/example_python_operator.py
[2025-01-28T22:48:32.088+0000] {logging_mixin.py:190} INFO - [2025-01-28T22:48:32.087+0000] {dag.py:3239} INFO - Sync 1 DAGs
[2025-01-28T22:48:32.103+0000] {logging_mixin.py:190} INFO - [2025-01-28T22:48:32.103+0000] {dag.py:4180} INFO - Setting next_dagrun for example_python_operator to None, run_after=None
[2025-01-28T22:48:32.122+0000] {processor.py:208} INFO - Processing /home/airflow/.local/lib/python3.12/site-packages/airflow/example_dags/example_python_operator.py took 0.078 seconds
[2025-01-28T22:49:02.686+0000] {processor.py:186} INFO - Started process (PID=69378) to work on /home/airflow/.local/lib/python3.12/site-packages/airflow/example_dags/example_python_operator.py
[2025-01-28T22:49:02.688+0000] {processor.py:914} INFO - Processing file /home/airflow/.local/lib/python3.12/site-packages/airflow/example_dags/example_python_operator.py for tasks to queue
[2025-01-28T22:49:02.691+0000] {logging_mixin.py:190} INFO - [2025-01-28T22:49:02.691+0000] {dagbag.py:588} INFO - Filling up the DagBag from /home/airflow/.local/lib/python3.12/site-packages/airflow/example_dags/example_python_operator.py
[2025-01-28T22:49:02.729+0000] {processor.py:925} INFO - DAG(s) 'example_python_operator' retrieved from /home/airflow/.local/lib/python3.12/site-packages/airflow/example_dags/example_python_operator.py
[2025-01-28T22:49:02.791+0000] {logging_mixin.py:190} INFO - [2025-01-28T22:49:02.790+0000] {dag.py:3239} INFO - Sync 1 DAGs
[2025-01-28T22:49:02.816+0000] {logging_mixin.py:190} INFO - [2025-01-28T22:49:02.816+0000] {dag.py:4180} INFO - Setting next_dagrun for example_python_operator to None, run_after=None
[2025-01-28T22:49:02.872+0000] {processor.py:208} INFO - Processing /home/airflow/.local/lib/python3.12/site-packages/airflow/example_dags/example_python_operator.py took 0.202 seconds
[2025-01-28T22:49:33.250+0000] {processor.py:186} INFO - Started process (PID=69672) to work on /home/airflow/.local/lib/python3.12/site-packages/airflow/example_dags/example_python_operator.py
[2025-01-28T22:49:33.251+0000] {processor.py:914} INFO - Processing file /home/airflow/.local/lib/python3.12/site-packages/airflow/example_dags/example_python_operator.py for tasks to queue
[2025-01-28T22:49:33.254+0000] {logging_mixin.py:190} INFO - [2025-01-28T22:49:33.253+0000] {dagbag.py:588} INFO - Filling up the DagBag from /home/airflow/.local/lib/python3.12/site-packages/airflow/example_dags/example_python_operator.py
[2025-01-28T22:49:33.278+0000] {processor.py:925} INFO - DAG(s) 'example_python_operator' retrieved from /home/airflow/.local/lib/python3.12/site-packages/airflow/example_dags/example_python_operator.py
[2025-01-28T22:49:33.308+0000] {logging_mixin.py:190} INFO - [2025-01-28T22:49:33.307+0000] {dag.py:3239} INFO - Sync 1 DAGs
[2025-01-28T22:49:33.325+0000] {logging_mixin.py:190} INFO - [2025-01-28T22:49:33.325+0000] {dag.py:4180} INFO - Setting next_dagrun for example_python_operator to None, run_after=None
[2025-01-28T22:49:33.355+0000] {processor.py:208} INFO - Processing /home/airflow/.local/lib/python3.12/site-packages/airflow/example_dags/example_python_operator.py took 0.112 seconds
[2025-01-28T22:50:03.633+0000] {processor.py:186} INFO - Started process (PID=69967) to work on /home/airflow/.local/lib/python3.12/site-packages/airflow/example_dags/example_python_operator.py
[2025-01-28T22:50:03.635+0000] {processor.py:914} INFO - Processing file /home/airflow/.local/lib/python3.12/site-packages/airflow/example_dags/example_python_operator.py for tasks to queue
[2025-01-28T22:50:03.637+0000] {logging_mixin.py:190} INFO - [2025-01-28T22:50:03.637+0000] {dagbag.py:588} INFO - Filling up the DagBag from /home/airflow/.local/lib/python3.12/site-packages/airflow/example_dags/example_python_operator.py
[2025-01-28T22:50:03.649+0000] {processor.py:925} INFO - DAG(s) 'example_python_operator' retrieved from /home/airflow/.local/lib/python3.12/site-packages/airflow/example_dags/example_python_operator.py
[2025-01-28T22:50:03.676+0000] {logging_mixin.py:190} INFO - [2025-01-28T22:50:03.675+0000] {dag.py:3239} INFO - Sync 1 DAGs
[2025-01-28T22:50:03.692+0000] {logging_mixin.py:190} INFO - [2025-01-28T22:50:03.691+0000] {dag.py:4180} INFO - Setting next_dagrun for example_python_operator to None, run_after=None
[2025-01-28T22:50:03.712+0000] {processor.py:208} INFO - Processing /home/airflow/.local/lib/python3.12/site-packages/airflow/example_dags/example_python_operator.py took 0.085 seconds
[2025-01-28T22:50:34.129+0000] {processor.py:186} INFO - Started process (PID=70265) to work on /home/airflow/.local/lib/python3.12/site-packages/airflow/example_dags/example_python_operator.py
[2025-01-28T22:50:34.130+0000] {processor.py:914} INFO - Processing file /home/airflow/.local/lib/python3.12/site-packages/airflow/example_dags/example_python_operator.py for tasks to queue
[2025-01-28T22:50:34.133+0000] {logging_mixin.py:190} INFO - [2025-01-28T22:50:34.132+0000] {dagbag.py:588} INFO - Filling up the DagBag from /home/airflow/.local/lib/python3.12/site-packages/airflow/example_dags/example_python_operator.py
[2025-01-28T22:50:34.144+0000] {processor.py:925} INFO - DAG(s) 'example_python_operator' retrieved from /home/airflow/.local/lib/python3.12/site-packages/airflow/example_dags/example_python_operator.py
[2025-01-28T22:50:34.170+0000] {logging_mixin.py:190} INFO - [2025-01-28T22:50:34.170+0000] {dag.py:3239} INFO - Sync 1 DAGs
[2025-01-28T22:50:34.183+0000] {logging_mixin.py:190} INFO - [2025-01-28T22:50:34.183+0000] {dag.py:4180} INFO - Setting next_dagrun for example_python_operator to None, run_after=None
[2025-01-28T22:50:34.217+0000] {processor.py:208} INFO - Processing /home/airflow/.local/lib/python3.12/site-packages/airflow/example_dags/example_python_operator.py took 0.094 seconds
[2025-01-28T22:51:05.710+0000] {processor.py:186} INFO - Started process (PID=70559) to work on /home/airflow/.local/lib/python3.12/site-packages/airflow/example_dags/example_python_operator.py
[2025-01-28T22:51:05.711+0000] {processor.py:914} INFO - Processing file /home/airflow/.local/lib/python3.12/site-packages/airflow/example_dags/example_python_operator.py for tasks to queue
[2025-01-28T22:51:05.714+0000] {logging_mixin.py:190} INFO - [2025-01-28T22:51:05.714+0000] {dagbag.py:588} INFO - Filling up the DagBag from /home/airflow/.local/lib/python3.12/site-packages/airflow/example_dags/example_python_operator.py
[2025-01-28T22:51:05.727+0000] {processor.py:925} INFO - DAG(s) 'example_python_operator' retrieved from /home/airflow/.local/lib/python3.12/site-packages/airflow/example_dags/example_python_operator.py
[2025-01-28T22:51:05.750+0000] {logging_mixin.py:190} INFO - [2025-01-28T22:51:05.750+0000] {dag.py:3239} INFO - Sync 1 DAGs
[2025-01-28T22:51:05.768+0000] {logging_mixin.py:190} INFO - [2025-01-28T22:51:05.767+0000] {dag.py:4180} INFO - Setting next_dagrun for example_python_operator to None, run_after=None
[2025-01-28T22:51:05.786+0000] {processor.py:208} INFO - Processing /home/airflow/.local/lib/python3.12/site-packages/airflow/example_dags/example_python_operator.py took 0.083 seconds
[2025-01-28T22:51:36.291+0000] {processor.py:186} INFO - Started process (PID=70850) to work on /home/airflow/.local/lib/python3.12/site-packages/airflow/example_dags/example_python_operator.py
[2025-01-28T22:51:36.292+0000] {processor.py:914} INFO - Processing file /home/airflow/.local/lib/python3.12/site-packages/airflow/example_dags/example_python_operator.py for tasks to queue
[2025-01-28T22:51:36.294+0000] {logging_mixin.py:190} INFO - [2025-01-28T22:51:36.294+0000] {dagbag.py:588} INFO - Filling up the DagBag from /home/airflow/.local/lib/python3.12/site-packages/airflow/example_dags/example_python_operator.py
[2025-01-28T22:51:36.307+0000] {processor.py:925} INFO - DAG(s) 'example_python_operator' retrieved from /home/airflow/.local/lib/python3.12/site-packages/airflow/example_dags/example_python_operator.py
[2025-01-28T22:51:36.330+0000] {logging_mixin.py:190} INFO - [2025-01-28T22:51:36.330+0000] {dag.py:3239} INFO - Sync 1 DAGs
[2025-01-28T22:51:36.344+0000] {logging_mixin.py:190} INFO - [2025-01-28T22:51:36.344+0000] {dag.py:4180} INFO - Setting next_dagrun for example_python_operator to None, run_after=None
[2025-01-28T22:51:36.365+0000] {processor.py:208} INFO - Processing /home/airflow/.local/lib/python3.12/site-packages/airflow/example_dags/example_python_operator.py took 0.080 seconds
[2025-01-28T22:52:12.186+0000] {processor.py:186} INFO - Started process (PID=71154) to work on /home/airflow/.local/lib/python3.12/site-packages/airflow/example_dags/example_python_operator.py
[2025-01-28T22:52:12.195+0000] {processor.py:914} INFO - Processing file /home/airflow/.local/lib/python3.12/site-packages/airflow/example_dags/example_python_operator.py for tasks to queue
[2025-01-28T22:52:12.231+0000] {logging_mixin.py:190} INFO - [2025-01-28T22:52:12.230+0000] {dagbag.py:588} INFO - Filling up the DagBag from /home/airflow/.local/lib/python3.12/site-packages/airflow/example_dags/example_python_operator.py
[2025-01-28T22:52:12.290+0000] {processor.py:925} INFO - DAG(s) 'example_python_operator' retrieved from /home/airflow/.local/lib/python3.12/site-packages/airflow/example_dags/example_python_operator.py
[2025-01-28T22:52:12.370+0000] {logging_mixin.py:190} INFO - [2025-01-28T22:52:12.370+0000] {dag.py:3239} INFO - Sync 1 DAGs
[2025-01-28T22:52:12.423+0000] {logging_mixin.py:190} INFO - [2025-01-28T22:52:12.422+0000] {dag.py:4180} INFO - Setting next_dagrun for example_python_operator to None, run_after=None
[2025-01-28T22:52:12.496+0000] {processor.py:208} INFO - Processing /home/airflow/.local/lib/python3.12/site-packages/airflow/example_dags/example_python_operator.py took 0.319 seconds
[2025-01-28T22:52:42.677+0000] {processor.py:186} INFO - Started process (PID=71448) to work on /home/airflow/.local/lib/python3.12/site-packages/airflow/example_dags/example_python_operator.py
[2025-01-28T22:52:42.678+0000] {processor.py:914} INFO - Processing file /home/airflow/.local/lib/python3.12/site-packages/airflow/example_dags/example_python_operator.py for tasks to queue
[2025-01-28T22:52:42.691+0000] {logging_mixin.py:190} INFO - [2025-01-28T22:52:42.691+0000] {dagbag.py:588} INFO - Filling up the DagBag from /home/airflow/.local/lib/python3.12/site-packages/airflow/example_dags/example_python_operator.py
[2025-01-28T22:52:42.731+0000] {processor.py:925} INFO - DAG(s) 'example_python_operator' retrieved from /home/airflow/.local/lib/python3.12/site-packages/airflow/example_dags/example_python_operator.py
[2025-01-28T22:52:42.785+0000] {logging_mixin.py:190} INFO - [2025-01-28T22:52:42.784+0000] {dag.py:3239} INFO - Sync 1 DAGs
[2025-01-28T22:52:42.822+0000] {logging_mixin.py:190} INFO - [2025-01-28T22:52:42.822+0000] {dag.py:4180} INFO - Setting next_dagrun for example_python_operator to None, run_after=None
[2025-01-28T22:52:42.867+0000] {processor.py:208} INFO - Processing /home/airflow/.local/lib/python3.12/site-packages/airflow/example_dags/example_python_operator.py took 0.202 seconds
