[2025-01-28T22:42:55.376+0000] {processor.py:186} INFO - Started process (PID=65836) to work on /home/airflow/.local/lib/python3.12/site-packages/airflow/example_dags/example_setup_teardown.py
[2025-01-28T22:42:55.377+0000] {processor.py:914} INFO - Processing file /home/airflow/.local/lib/python3.12/site-packages/airflow/example_dags/example_setup_teardown.py for tasks to queue
[2025-01-28T22:42:55.380+0000] {logging_mixin.py:190} INFO - [2025-01-28T22:42:55.379+0000] {dagbag.py:588} INFO - Filling up the DagBag from /home/airflow/.local/lib/python3.12/site-packages/airflow/example_dags/example_setup_teardown.py
[2025-01-28T22:42:55.397+0000] {processor.py:925} INFO - DAG(s) 'example_setup_teardown' retrieved from /home/airflow/.local/lib/python3.12/site-packages/airflow/example_dags/example_setup_teardown.py
[2025-01-28T22:42:55.422+0000] {logging_mixin.py:190} INFO - [2025-01-28T22:42:55.422+0000] {dag.py:3239} INFO - Sync 1 DAGs
[2025-01-28T22:42:55.450+0000] {logging_mixin.py:190} INFO - [2025-01-28T22:42:55.450+0000] {dag.py:4180} INFO - Setting next_dagrun for example_setup_teardown to None, run_after=None
[2025-01-28T22:42:55.492+0000] {processor.py:208} INFO - Processing /home/airflow/.local/lib/python3.12/site-packages/airflow/example_dags/example_setup_teardown.py took 0.123 seconds
[2025-01-28T22:43:26.451+0000] {processor.py:186} INFO - Started process (PID=66134) to work on /home/airflow/.local/lib/python3.12/site-packages/airflow/example_dags/example_setup_teardown.py
[2025-01-28T22:43:26.452+0000] {processor.py:914} INFO - Processing file /home/airflow/.local/lib/python3.12/site-packages/airflow/example_dags/example_setup_teardown.py for tasks to queue
[2025-01-28T22:43:26.454+0000] {logging_mixin.py:190} INFO - [2025-01-28T22:43:26.453+0000] {dagbag.py:588} INFO - Filling up the DagBag from /home/airflow/.local/lib/python3.12/site-packages/airflow/example_dags/example_setup_teardown.py
[2025-01-28T22:43:26.461+0000] {processor.py:925} INFO - DAG(s) 'example_setup_teardown' retrieved from /home/airflow/.local/lib/python3.12/site-packages/airflow/example_dags/example_setup_teardown.py
[2025-01-28T22:43:26.481+0000] {logging_mixin.py:190} INFO - [2025-01-28T22:43:26.481+0000] {dag.py:3239} INFO - Sync 1 DAGs
[2025-01-28T22:43:26.498+0000] {logging_mixin.py:190} INFO - [2025-01-28T22:43:26.497+0000] {dag.py:4180} INFO - Setting next_dagrun for example_setup_teardown to None, run_after=None
[2025-01-28T22:43:26.515+0000] {processor.py:208} INFO - Processing /home/airflow/.local/lib/python3.12/site-packages/airflow/example_dags/example_setup_teardown.py took 0.070 seconds
[2025-01-28T22:43:56.625+0000] {processor.py:186} INFO - Started process (PID=66430) to work on /home/airflow/.local/lib/python3.12/site-packages/airflow/example_dags/example_setup_teardown.py
[2025-01-28T22:43:56.627+0000] {processor.py:914} INFO - Processing file /home/airflow/.local/lib/python3.12/site-packages/airflow/example_dags/example_setup_teardown.py for tasks to queue
[2025-01-28T22:43:56.629+0000] {logging_mixin.py:190} INFO - [2025-01-28T22:43:56.628+0000] {dagbag.py:588} INFO - Filling up the DagBag from /home/airflow/.local/lib/python3.12/site-packages/airflow/example_dags/example_setup_teardown.py
[2025-01-28T22:43:56.637+0000] {processor.py:925} INFO - DAG(s) 'example_setup_teardown' retrieved from /home/airflow/.local/lib/python3.12/site-packages/airflow/example_dags/example_setup_teardown.py
[2025-01-28T22:43:56.657+0000] {logging_mixin.py:190} INFO - [2025-01-28T22:43:56.657+0000] {dag.py:3239} INFO - Sync 1 DAGs
[2025-01-28T22:43:56.671+0000] {logging_mixin.py:190} INFO - [2025-01-28T22:43:56.671+0000] {dag.py:4180} INFO - Setting next_dagrun for example_setup_teardown to None, run_after=None
[2025-01-28T22:43:56.692+0000] {processor.py:208} INFO - Processing /home/airflow/.local/lib/python3.12/site-packages/airflow/example_dags/example_setup_teardown.py took 0.072 seconds
[2025-01-28T22:44:27.290+0000] {processor.py:186} INFO - Started process (PID=66724) to work on /home/airflow/.local/lib/python3.12/site-packages/airflow/example_dags/example_setup_teardown.py
[2025-01-28T22:44:27.291+0000] {processor.py:914} INFO - Processing file /home/airflow/.local/lib/python3.12/site-packages/airflow/example_dags/example_setup_teardown.py for tasks to queue
[2025-01-28T22:44:27.293+0000] {logging_mixin.py:190} INFO - [2025-01-28T22:44:27.293+0000] {dagbag.py:588} INFO - Filling up the DagBag from /home/airflow/.local/lib/python3.12/site-packages/airflow/example_dags/example_setup_teardown.py
[2025-01-28T22:44:27.300+0000] {processor.py:925} INFO - DAG(s) 'example_setup_teardown' retrieved from /home/airflow/.local/lib/python3.12/site-packages/airflow/example_dags/example_setup_teardown.py
[2025-01-28T22:44:27.317+0000] {logging_mixin.py:190} INFO - [2025-01-28T22:44:27.317+0000] {dag.py:3239} INFO - Sync 1 DAGs
[2025-01-28T22:44:27.328+0000] {logging_mixin.py:190} INFO - [2025-01-28T22:44:27.328+0000] {dag.py:4180} INFO - Setting next_dagrun for example_setup_teardown to None, run_after=None
[2025-01-28T22:44:27.347+0000] {processor.py:208} INFO - Processing /home/airflow/.local/lib/python3.12/site-packages/airflow/example_dags/example_setup_teardown.py took 0.062 seconds
[2025-01-28T22:44:58.283+0000] {processor.py:186} INFO - Started process (PID=67020) to work on /home/airflow/.local/lib/python3.12/site-packages/airflow/example_dags/example_setup_teardown.py
[2025-01-28T22:44:58.284+0000] {processor.py:914} INFO - Processing file /home/airflow/.local/lib/python3.12/site-packages/airflow/example_dags/example_setup_teardown.py for tasks to queue
[2025-01-28T22:44:58.287+0000] {logging_mixin.py:190} INFO - [2025-01-28T22:44:58.286+0000] {dagbag.py:588} INFO - Filling up the DagBag from /home/airflow/.local/lib/python3.12/site-packages/airflow/example_dags/example_setup_teardown.py
[2025-01-28T22:44:58.295+0000] {processor.py:925} INFO - DAG(s) 'example_setup_teardown' retrieved from /home/airflow/.local/lib/python3.12/site-packages/airflow/example_dags/example_setup_teardown.py
[2025-01-28T22:44:58.312+0000] {logging_mixin.py:190} INFO - [2025-01-28T22:44:58.312+0000] {dag.py:3239} INFO - Sync 1 DAGs
[2025-01-28T22:44:58.326+0000] {logging_mixin.py:190} INFO - [2025-01-28T22:44:58.326+0000] {dag.py:4180} INFO - Setting next_dagrun for example_setup_teardown to None, run_after=None
[2025-01-28T22:44:58.343+0000] {processor.py:208} INFO - Processing /home/airflow/.local/lib/python3.12/site-packages/airflow/example_dags/example_setup_teardown.py took 0.065 seconds
[2025-01-28T22:45:29.452+0000] {processor.py:186} INFO - Started process (PID=67318) to work on /home/airflow/.local/lib/python3.12/site-packages/airflow/example_dags/example_setup_teardown.py
[2025-01-28T22:45:29.453+0000] {processor.py:914} INFO - Processing file /home/airflow/.local/lib/python3.12/site-packages/airflow/example_dags/example_setup_teardown.py for tasks to queue
[2025-01-28T22:45:29.455+0000] {logging_mixin.py:190} INFO - [2025-01-28T22:45:29.455+0000] {dagbag.py:588} INFO - Filling up the DagBag from /home/airflow/.local/lib/python3.12/site-packages/airflow/example_dags/example_setup_teardown.py
[2025-01-28T22:45:29.466+0000] {processor.py:925} INFO - DAG(s) 'example_setup_teardown' retrieved from /home/airflow/.local/lib/python3.12/site-packages/airflow/example_dags/example_setup_teardown.py
[2025-01-28T22:45:29.486+0000] {logging_mixin.py:190} INFO - [2025-01-28T22:45:29.486+0000] {dag.py:3239} INFO - Sync 1 DAGs
[2025-01-28T22:45:29.512+0000] {logging_mixin.py:190} INFO - [2025-01-28T22:45:29.511+0000] {dag.py:4180} INFO - Setting next_dagrun for example_setup_teardown to None, run_after=None
[2025-01-28T22:45:29.550+0000] {processor.py:208} INFO - Processing /home/airflow/.local/lib/python3.12/site-packages/airflow/example_dags/example_setup_teardown.py took 0.113 seconds
[2025-01-28T22:45:59.681+0000] {processor.py:186} INFO - Started process (PID=67614) to work on /home/airflow/.local/lib/python3.12/site-packages/airflow/example_dags/example_setup_teardown.py
[2025-01-28T22:45:59.682+0000] {processor.py:914} INFO - Processing file /home/airflow/.local/lib/python3.12/site-packages/airflow/example_dags/example_setup_teardown.py for tasks to queue
[2025-01-28T22:45:59.685+0000] {logging_mixin.py:190} INFO - [2025-01-28T22:45:59.684+0000] {dagbag.py:588} INFO - Filling up the DagBag from /home/airflow/.local/lib/python3.12/site-packages/airflow/example_dags/example_setup_teardown.py
[2025-01-28T22:45:59.693+0000] {processor.py:925} INFO - DAG(s) 'example_setup_teardown' retrieved from /home/airflow/.local/lib/python3.12/site-packages/airflow/example_dags/example_setup_teardown.py
[2025-01-28T22:45:59.710+0000] {logging_mixin.py:190} INFO - [2025-01-28T22:45:59.710+0000] {dag.py:3239} INFO - Sync 1 DAGs
[2025-01-28T22:45:59.724+0000] {logging_mixin.py:190} INFO - [2025-01-28T22:45:59.724+0000] {dag.py:4180} INFO - Setting next_dagrun for example_setup_teardown to None, run_after=None
[2025-01-28T22:45:59.746+0000] {processor.py:208} INFO - Processing /home/airflow/.local/lib/python3.12/site-packages/airflow/example_dags/example_setup_teardown.py took 0.071 seconds
[2025-01-28T22:46:29.935+0000] {processor.py:186} INFO - Started process (PID=67908) to work on /home/airflow/.local/lib/python3.12/site-packages/airflow/example_dags/example_setup_teardown.py
[2025-01-28T22:46:29.936+0000] {processor.py:914} INFO - Processing file /home/airflow/.local/lib/python3.12/site-packages/airflow/example_dags/example_setup_teardown.py for tasks to queue
[2025-01-28T22:46:29.939+0000] {logging_mixin.py:190} INFO - [2025-01-28T22:46:29.938+0000] {dagbag.py:588} INFO - Filling up the DagBag from /home/airflow/.local/lib/python3.12/site-packages/airflow/example_dags/example_setup_teardown.py
[2025-01-28T22:46:29.956+0000] {processor.py:925} INFO - DAG(s) 'example_setup_teardown' retrieved from /home/airflow/.local/lib/python3.12/site-packages/airflow/example_dags/example_setup_teardown.py
[2025-01-28T22:46:30.024+0000] {logging_mixin.py:190} INFO - [2025-01-28T22:46:30.024+0000] {dag.py:3239} INFO - Sync 1 DAGs
[2025-01-28T22:46:30.051+0000] {logging_mixin.py:190} INFO - [2025-01-28T22:46:30.051+0000] {dag.py:4180} INFO - Setting next_dagrun for example_setup_teardown to None, run_after=None
[2025-01-28T22:46:30.071+0000] {processor.py:208} INFO - Processing /home/airflow/.local/lib/python3.12/site-packages/airflow/example_dags/example_setup_teardown.py took 0.151 seconds
[2025-01-28T22:47:00.862+0000] {processor.py:186} INFO - Started process (PID=68204) to work on /home/airflow/.local/lib/python3.12/site-packages/airflow/example_dags/example_setup_teardown.py
[2025-01-28T22:47:00.863+0000] {processor.py:914} INFO - Processing file /home/airflow/.local/lib/python3.12/site-packages/airflow/example_dags/example_setup_teardown.py for tasks to queue
[2025-01-28T22:47:00.866+0000] {logging_mixin.py:190} INFO - [2025-01-28T22:47:00.865+0000] {dagbag.py:588} INFO - Filling up the DagBag from /home/airflow/.local/lib/python3.12/site-packages/airflow/example_dags/example_setup_teardown.py
[2025-01-28T22:47:00.876+0000] {processor.py:925} INFO - DAG(s) 'example_setup_teardown' retrieved from /home/airflow/.local/lib/python3.12/site-packages/airflow/example_dags/example_setup_teardown.py
[2025-01-28T22:47:00.895+0000] {logging_mixin.py:190} INFO - [2025-01-28T22:47:00.895+0000] {dag.py:3239} INFO - Sync 1 DAGs
[2025-01-28T22:47:00.907+0000] {logging_mixin.py:190} INFO - [2025-01-28T22:47:00.907+0000] {dag.py:4180} INFO - Setting next_dagrun for example_setup_teardown to None, run_after=None
[2025-01-28T22:47:00.924+0000] {processor.py:208} INFO - Processing /home/airflow/.local/lib/python3.12/site-packages/airflow/example_dags/example_setup_teardown.py took 0.069 seconds
[2025-01-28T22:47:31.374+0000] {processor.py:186} INFO - Started process (PID=68500) to work on /home/airflow/.local/lib/python3.12/site-packages/airflow/example_dags/example_setup_teardown.py
[2025-01-28T22:47:31.378+0000] {processor.py:914} INFO - Processing file /home/airflow/.local/lib/python3.12/site-packages/airflow/example_dags/example_setup_teardown.py for tasks to queue
[2025-01-28T22:47:31.381+0000] {logging_mixin.py:190} INFO - [2025-01-28T22:47:31.381+0000] {dagbag.py:588} INFO - Filling up the DagBag from /home/airflow/.local/lib/python3.12/site-packages/airflow/example_dags/example_setup_teardown.py
[2025-01-28T22:47:31.402+0000] {processor.py:925} INFO - DAG(s) 'example_setup_teardown' retrieved from /home/airflow/.local/lib/python3.12/site-packages/airflow/example_dags/example_setup_teardown.py
[2025-01-28T22:47:31.429+0000] {logging_mixin.py:190} INFO - [2025-01-28T22:47:31.429+0000] {dag.py:3239} INFO - Sync 1 DAGs
[2025-01-28T22:47:31.447+0000] {logging_mixin.py:190} INFO - [2025-01-28T22:47:31.447+0000] {dag.py:4180} INFO - Setting next_dagrun for example_setup_teardown to None, run_after=None
[2025-01-28T22:47:31.468+0000] {processor.py:208} INFO - Processing /home/airflow/.local/lib/python3.12/site-packages/airflow/example_dags/example_setup_teardown.py took 0.102 seconds
[2025-01-28T22:48:01.778+0000] {processor.py:186} INFO - Started process (PID=68793) to work on /home/airflow/.local/lib/python3.12/site-packages/airflow/example_dags/example_setup_teardown.py
[2025-01-28T22:48:01.779+0000] {processor.py:914} INFO - Processing file /home/airflow/.local/lib/python3.12/site-packages/airflow/example_dags/example_setup_teardown.py for tasks to queue
[2025-01-28T22:48:01.781+0000] {logging_mixin.py:190} INFO - [2025-01-28T22:48:01.780+0000] {dagbag.py:588} INFO - Filling up the DagBag from /home/airflow/.local/lib/python3.12/site-packages/airflow/example_dags/example_setup_teardown.py
[2025-01-28T22:48:01.789+0000] {processor.py:925} INFO - DAG(s) 'example_setup_teardown' retrieved from /home/airflow/.local/lib/python3.12/site-packages/airflow/example_dags/example_setup_teardown.py
[2025-01-28T22:48:01.806+0000] {logging_mixin.py:190} INFO - [2025-01-28T22:48:01.806+0000] {dag.py:3239} INFO - Sync 1 DAGs
[2025-01-28T22:48:01.819+0000] {logging_mixin.py:190} INFO - [2025-01-28T22:48:01.818+0000] {dag.py:4180} INFO - Setting next_dagrun for example_setup_teardown to None, run_after=None
[2025-01-28T22:48:01.840+0000] {processor.py:208} INFO - Processing /home/airflow/.local/lib/python3.12/site-packages/airflow/example_dags/example_setup_teardown.py took 0.068 seconds
[2025-01-28T22:48:32.102+0000] {processor.py:186} INFO - Started process (PID=69087) to work on /home/airflow/.local/lib/python3.12/site-packages/airflow/example_dags/example_setup_teardown.py
[2025-01-28T22:48:32.104+0000] {processor.py:914} INFO - Processing file /home/airflow/.local/lib/python3.12/site-packages/airflow/example_dags/example_setup_teardown.py for tasks to queue
[2025-01-28T22:48:32.106+0000] {logging_mixin.py:190} INFO - [2025-01-28T22:48:32.106+0000] {dagbag.py:588} INFO - Filling up the DagBag from /home/airflow/.local/lib/python3.12/site-packages/airflow/example_dags/example_setup_teardown.py
[2025-01-28T22:48:32.114+0000] {processor.py:925} INFO - DAG(s) 'example_setup_teardown' retrieved from /home/airflow/.local/lib/python3.12/site-packages/airflow/example_dags/example_setup_teardown.py
[2025-01-28T22:48:32.139+0000] {logging_mixin.py:190} INFO - [2025-01-28T22:48:32.138+0000] {dag.py:3239} INFO - Sync 1 DAGs
[2025-01-28T22:48:32.168+0000] {logging_mixin.py:190} INFO - [2025-01-28T22:48:32.167+0000] {dag.py:4180} INFO - Setting next_dagrun for example_setup_teardown to None, run_after=None
[2025-01-28T22:48:32.196+0000] {processor.py:208} INFO - Processing /home/airflow/.local/lib/python3.12/site-packages/airflow/example_dags/example_setup_teardown.py took 0.100 seconds
[2025-01-28T22:49:02.932+0000] {processor.py:186} INFO - Started process (PID=69383) to work on /home/airflow/.local/lib/python3.12/site-packages/airflow/example_dags/example_setup_teardown.py
[2025-01-28T22:49:02.933+0000] {processor.py:914} INFO - Processing file /home/airflow/.local/lib/python3.12/site-packages/airflow/example_dags/example_setup_teardown.py for tasks to queue
[2025-01-28T22:49:02.937+0000] {logging_mixin.py:190} INFO - [2025-01-28T22:49:02.936+0000] {dagbag.py:588} INFO - Filling up the DagBag from /home/airflow/.local/lib/python3.12/site-packages/airflow/example_dags/example_setup_teardown.py
[2025-01-28T22:49:02.951+0000] {processor.py:925} INFO - DAG(s) 'example_setup_teardown' retrieved from /home/airflow/.local/lib/python3.12/site-packages/airflow/example_dags/example_setup_teardown.py
[2025-01-28T22:49:02.978+0000] {logging_mixin.py:190} INFO - [2025-01-28T22:49:02.977+0000] {dag.py:3239} INFO - Sync 1 DAGs
[2025-01-28T22:49:02.997+0000] {logging_mixin.py:190} INFO - [2025-01-28T22:49:02.996+0000] {dag.py:4180} INFO - Setting next_dagrun for example_setup_teardown to None, run_after=None
[2025-01-28T22:49:03.019+0000] {processor.py:208} INFO - Processing /home/airflow/.local/lib/python3.12/site-packages/airflow/example_dags/example_setup_teardown.py took 0.094 seconds
[2025-01-28T22:49:33.408+0000] {processor.py:186} INFO - Started process (PID=69677) to work on /home/airflow/.local/lib/python3.12/site-packages/airflow/example_dags/example_setup_teardown.py
[2025-01-28T22:49:33.409+0000] {processor.py:914} INFO - Processing file /home/airflow/.local/lib/python3.12/site-packages/airflow/example_dags/example_setup_teardown.py for tasks to queue
[2025-01-28T22:49:33.412+0000] {logging_mixin.py:190} INFO - [2025-01-28T22:49:33.412+0000] {dagbag.py:588} INFO - Filling up the DagBag from /home/airflow/.local/lib/python3.12/site-packages/airflow/example_dags/example_setup_teardown.py
[2025-01-28T22:49:33.425+0000] {processor.py:925} INFO - DAG(s) 'example_setup_teardown' retrieved from /home/airflow/.local/lib/python3.12/site-packages/airflow/example_dags/example_setup_teardown.py
[2025-01-28T22:49:33.449+0000] {logging_mixin.py:190} INFO - [2025-01-28T22:49:33.449+0000] {dag.py:3239} INFO - Sync 1 DAGs
[2025-01-28T22:49:33.469+0000] {logging_mixin.py:190} INFO - [2025-01-28T22:49:33.469+0000] {dag.py:4180} INFO - Setting next_dagrun for example_setup_teardown to None, run_after=None
[2025-01-28T22:49:33.500+0000] {processor.py:208} INFO - Processing /home/airflow/.local/lib/python3.12/site-packages/airflow/example_dags/example_setup_teardown.py took 0.099 seconds
[2025-01-28T22:50:03.711+0000] {processor.py:186} INFO - Started process (PID=69972) to work on /home/airflow/.local/lib/python3.12/site-packages/airflow/example_dags/example_setup_teardown.py
[2025-01-28T22:50:03.712+0000] {processor.py:914} INFO - Processing file /home/airflow/.local/lib/python3.12/site-packages/airflow/example_dags/example_setup_teardown.py for tasks to queue
[2025-01-28T22:50:03.716+0000] {logging_mixin.py:190} INFO - [2025-01-28T22:50:03.716+0000] {dagbag.py:588} INFO - Filling up the DagBag from /home/airflow/.local/lib/python3.12/site-packages/airflow/example_dags/example_setup_teardown.py
[2025-01-28T22:50:03.727+0000] {processor.py:925} INFO - DAG(s) 'example_setup_teardown' retrieved from /home/airflow/.local/lib/python3.12/site-packages/airflow/example_dags/example_setup_teardown.py
[2025-01-28T22:50:03.748+0000] {logging_mixin.py:190} INFO - [2025-01-28T22:50:03.748+0000] {dag.py:3239} INFO - Sync 1 DAGs
[2025-01-28T22:50:03.766+0000] {logging_mixin.py:190} INFO - [2025-01-28T22:50:03.766+0000] {dag.py:4180} INFO - Setting next_dagrun for example_setup_teardown to None, run_after=None
[2025-01-28T22:50:03.788+0000] {processor.py:208} INFO - Processing /home/airflow/.local/lib/python3.12/site-packages/airflow/example_dags/example_setup_teardown.py took 0.084 seconds
[2025-01-28T22:50:34.270+0000] {processor.py:186} INFO - Started process (PID=70270) to work on /home/airflow/.local/lib/python3.12/site-packages/airflow/example_dags/example_setup_teardown.py
[2025-01-28T22:50:34.271+0000] {processor.py:914} INFO - Processing file /home/airflow/.local/lib/python3.12/site-packages/airflow/example_dags/example_setup_teardown.py for tasks to queue
[2025-01-28T22:50:34.274+0000] {logging_mixin.py:190} INFO - [2025-01-28T22:50:34.273+0000] {dagbag.py:588} INFO - Filling up the DagBag from /home/airflow/.local/lib/python3.12/site-packages/airflow/example_dags/example_setup_teardown.py
[2025-01-28T22:50:34.281+0000] {processor.py:925} INFO - DAG(s) 'example_setup_teardown' retrieved from /home/airflow/.local/lib/python3.12/site-packages/airflow/example_dags/example_setup_teardown.py
[2025-01-28T22:50:34.301+0000] {logging_mixin.py:190} INFO - [2025-01-28T22:50:34.301+0000] {dag.py:3239} INFO - Sync 1 DAGs
[2025-01-28T22:50:34.319+0000] {logging_mixin.py:190} INFO - [2025-01-28T22:50:34.318+0000] {dag.py:4180} INFO - Setting next_dagrun for example_setup_teardown to None, run_after=None
[2025-01-28T22:50:34.339+0000] {processor.py:208} INFO - Processing /home/airflow/.local/lib/python3.12/site-packages/airflow/example_dags/example_setup_teardown.py took 0.077 seconds
[2025-01-28T22:51:05.832+0000] {processor.py:186} INFO - Started process (PID=70564) to work on /home/airflow/.local/lib/python3.12/site-packages/airflow/example_dags/example_setup_teardown.py
[2025-01-28T22:51:05.833+0000] {processor.py:914} INFO - Processing file /home/airflow/.local/lib/python3.12/site-packages/airflow/example_dags/example_setup_teardown.py for tasks to queue
[2025-01-28T22:51:05.836+0000] {logging_mixin.py:190} INFO - [2025-01-28T22:51:05.836+0000] {dagbag.py:588} INFO - Filling up the DagBag from /home/airflow/.local/lib/python3.12/site-packages/airflow/example_dags/example_setup_teardown.py
[2025-01-28T22:51:05.848+0000] {processor.py:925} INFO - DAG(s) 'example_setup_teardown' retrieved from /home/airflow/.local/lib/python3.12/site-packages/airflow/example_dags/example_setup_teardown.py
[2025-01-28T22:51:05.874+0000] {logging_mixin.py:190} INFO - [2025-01-28T22:51:05.873+0000] {dag.py:3239} INFO - Sync 1 DAGs
[2025-01-28T22:51:05.905+0000] {logging_mixin.py:190} INFO - [2025-01-28T22:51:05.905+0000] {dag.py:4180} INFO - Setting next_dagrun for example_setup_teardown to None, run_after=None
[2025-01-28T22:51:05.947+0000] {processor.py:208} INFO - Processing /home/airflow/.local/lib/python3.12/site-packages/airflow/example_dags/example_setup_teardown.py took 0.125 seconds
[2025-01-28T22:51:36.521+0000] {processor.py:186} INFO - Started process (PID=70860) to work on /home/airflow/.local/lib/python3.12/site-packages/airflow/example_dags/example_setup_teardown.py
[2025-01-28T22:51:36.523+0000] {processor.py:914} INFO - Processing file /home/airflow/.local/lib/python3.12/site-packages/airflow/example_dags/example_setup_teardown.py for tasks to queue
[2025-01-28T22:51:36.526+0000] {logging_mixin.py:190} INFO - [2025-01-28T22:51:36.525+0000] {dagbag.py:588} INFO - Filling up the DagBag from /home/airflow/.local/lib/python3.12/site-packages/airflow/example_dags/example_setup_teardown.py
[2025-01-28T22:51:36.534+0000] {processor.py:925} INFO - DAG(s) 'example_setup_teardown' retrieved from /home/airflow/.local/lib/python3.12/site-packages/airflow/example_dags/example_setup_teardown.py
[2025-01-28T22:51:36.555+0000] {logging_mixin.py:190} INFO - [2025-01-28T22:51:36.555+0000] {dag.py:3239} INFO - Sync 1 DAGs
[2025-01-28T22:51:36.570+0000] {logging_mixin.py:190} INFO - [2025-01-28T22:51:36.570+0000] {dag.py:4180} INFO - Setting next_dagrun for example_setup_teardown to None, run_after=None
[2025-01-28T22:51:36.590+0000] {processor.py:208} INFO - Processing /home/airflow/.local/lib/python3.12/site-packages/airflow/example_dags/example_setup_teardown.py took 0.079 seconds
[2025-01-28T22:52:12.209+0000] {processor.py:186} INFO - Started process (PID=71157) to work on /home/airflow/.local/lib/python3.12/site-packages/airflow/example_dags/example_setup_teardown.py
[2025-01-28T22:52:12.230+0000] {processor.py:914} INFO - Processing file /home/airflow/.local/lib/python3.12/site-packages/airflow/example_dags/example_setup_teardown.py for tasks to queue
[2025-01-28T22:52:12.251+0000] {logging_mixin.py:190} INFO - [2025-01-28T22:52:12.251+0000] {dagbag.py:588} INFO - Filling up the DagBag from /home/airflow/.local/lib/python3.12/site-packages/airflow/example_dags/example_setup_teardown.py
[2025-01-28T22:52:12.299+0000] {processor.py:925} INFO - DAG(s) 'example_setup_teardown' retrieved from /home/airflow/.local/lib/python3.12/site-packages/airflow/example_dags/example_setup_teardown.py
[2025-01-28T22:52:12.362+0000] {logging_mixin.py:190} INFO - [2025-01-28T22:52:12.361+0000] {dag.py:3239} INFO - Sync 1 DAGs
[2025-01-28T22:52:12.414+0000] {logging_mixin.py:190} INFO - [2025-01-28T22:52:12.414+0000] {dag.py:4180} INFO - Setting next_dagrun for example_setup_teardown to None, run_after=None
[2025-01-28T22:52:12.488+0000] {processor.py:208} INFO - Processing /home/airflow/.local/lib/python3.12/site-packages/airflow/example_dags/example_setup_teardown.py took 0.298 seconds
[2025-01-28T22:52:42.850+0000] {processor.py:186} INFO - Started process (PID=71453) to work on /home/airflow/.local/lib/python3.12/site-packages/airflow/example_dags/example_setup_teardown.py
[2025-01-28T22:52:42.851+0000] {processor.py:914} INFO - Processing file /home/airflow/.local/lib/python3.12/site-packages/airflow/example_dags/example_setup_teardown.py for tasks to queue
[2025-01-28T22:52:42.856+0000] {logging_mixin.py:190} INFO - [2025-01-28T22:52:42.855+0000] {dagbag.py:588} INFO - Filling up the DagBag from /home/airflow/.local/lib/python3.12/site-packages/airflow/example_dags/example_setup_teardown.py
[2025-01-28T22:52:42.872+0000] {processor.py:925} INFO - DAG(s) 'example_setup_teardown' retrieved from /home/airflow/.local/lib/python3.12/site-packages/airflow/example_dags/example_setup_teardown.py
[2025-01-28T22:52:42.912+0000] {logging_mixin.py:190} INFO - [2025-01-28T22:52:42.912+0000] {dag.py:3239} INFO - Sync 1 DAGs
[2025-01-28T22:52:42.935+0000] {logging_mixin.py:190} INFO - [2025-01-28T22:52:42.934+0000] {dag.py:4180} INFO - Setting next_dagrun for example_setup_teardown to None, run_after=None
[2025-01-28T22:52:42.961+0000] {processor.py:208} INFO - Processing /home/airflow/.local/lib/python3.12/site-packages/airflow/example_dags/example_setup_teardown.py took 0.122 seconds
