[2025-01-28T22:42:48.765+0000] {processor.py:186} INFO - Started process (PID=65666) to work on /home/airflow/.local/lib/python3.12/site-packages/airflow/example_dags/example_latest_only.py
[2025-01-28T22:42:48.768+0000] {processor.py:914} INFO - Processing file /home/airflow/.local/lib/python3.12/site-packages/airflow/example_dags/example_latest_only.py for tasks to queue
[2025-01-28T22:42:48.775+0000] {logging_mixin.py:190} INFO - [2025-01-28T22:42:48.775+0000] {dagbag.py:588} INFO - Filling up the DagBag from /home/airflow/.local/lib/python3.12/site-packages/airflow/example_dags/example_latest_only.py
[2025-01-28T22:42:48.800+0000] {processor.py:925} INFO - DAG(s) 'latest_only' retrieved from /home/airflow/.local/lib/python3.12/site-packages/airflow/example_dags/example_latest_only.py
[2025-01-28T22:42:48.840+0000] {logging_mixin.py:190} INFO - [2025-01-28T22:42:48.840+0000] {dag.py:3239} INFO - Sync 1 DAGs
[2025-01-28T22:42:48.941+0000] {logging_mixin.py:190} INFO - [2025-01-28T22:42:48.941+0000] {dag.py:4180} INFO - Setting next_dagrun for latest_only to 2025-01-28 16:00:00+00:00, run_after=2025-01-28 20:00:00+00:00
[2025-01-28T22:42:49.005+0000] {processor.py:208} INFO - Processing /home/airflow/.local/lib/python3.12/site-packages/airflow/example_dags/example_latest_only.py took 0.256 seconds
[2025-01-28T22:43:19.772+0000] {processor.py:186} INFO - Started process (PID=65961) to work on /home/airflow/.local/lib/python3.12/site-packages/airflow/example_dags/example_latest_only.py
[2025-01-28T22:43:19.774+0000] {processor.py:914} INFO - Processing file /home/airflow/.local/lib/python3.12/site-packages/airflow/example_dags/example_latest_only.py for tasks to queue
[2025-01-28T22:43:19.776+0000] {logging_mixin.py:190} INFO - [2025-01-28T22:43:19.776+0000] {dagbag.py:588} INFO - Filling up the DagBag from /home/airflow/.local/lib/python3.12/site-packages/airflow/example_dags/example_latest_only.py
[2025-01-28T22:43:19.791+0000] {processor.py:925} INFO - DAG(s) 'latest_only' retrieved from /home/airflow/.local/lib/python3.12/site-packages/airflow/example_dags/example_latest_only.py
[2025-01-28T22:43:19.868+0000] {logging_mixin.py:190} INFO - [2025-01-28T22:43:19.868+0000] {dag.py:3239} INFO - Sync 1 DAGs
[2025-01-28T22:43:19.894+0000] {logging_mixin.py:190} INFO - [2025-01-28T22:43:19.894+0000] {dag.py:4180} INFO - Setting next_dagrun for latest_only to 2025-01-28 16:00:00+00:00, run_after=2025-01-28 20:00:00+00:00
[2025-01-28T22:43:19.920+0000] {processor.py:208} INFO - Processing /home/airflow/.local/lib/python3.12/site-packages/airflow/example_dags/example_latest_only.py took 0.157 seconds
[2025-01-28T22:43:50.796+0000] {processor.py:186} INFO - Started process (PID=66257) to work on /home/airflow/.local/lib/python3.12/site-packages/airflow/example_dags/example_latest_only.py
[2025-01-28T22:43:50.797+0000] {processor.py:914} INFO - Processing file /home/airflow/.local/lib/python3.12/site-packages/airflow/example_dags/example_latest_only.py for tasks to queue
[2025-01-28T22:43:50.798+0000] {logging_mixin.py:190} INFO - [2025-01-28T22:43:50.798+0000] {dagbag.py:588} INFO - Filling up the DagBag from /home/airflow/.local/lib/python3.12/site-packages/airflow/example_dags/example_latest_only.py
[2025-01-28T22:43:50.804+0000] {processor.py:925} INFO - DAG(s) 'latest_only' retrieved from /home/airflow/.local/lib/python3.12/site-packages/airflow/example_dags/example_latest_only.py
[2025-01-28T22:43:50.822+0000] {logging_mixin.py:190} INFO - [2025-01-28T22:43:50.822+0000] {dag.py:3239} INFO - Sync 1 DAGs
[2025-01-28T22:43:50.842+0000] {logging_mixin.py:190} INFO - [2025-01-28T22:43:50.842+0000] {dag.py:4180} INFO - Setting next_dagrun for latest_only to 2025-01-28 16:00:00+00:00, run_after=2025-01-28 20:00:00+00:00
[2025-01-28T22:43:50.859+0000] {processor.py:208} INFO - Processing /home/airflow/.local/lib/python3.12/site-packages/airflow/example_dags/example_latest_only.py took 0.068 seconds
[2025-01-28T22:44:20.924+0000] {processor.py:186} INFO - Started process (PID=66553) to work on /home/airflow/.local/lib/python3.12/site-packages/airflow/example_dags/example_latest_only.py
[2025-01-28T22:44:20.925+0000] {processor.py:914} INFO - Processing file /home/airflow/.local/lib/python3.12/site-packages/airflow/example_dags/example_latest_only.py for tasks to queue
[2025-01-28T22:44:20.927+0000] {logging_mixin.py:190} INFO - [2025-01-28T22:44:20.927+0000] {dagbag.py:588} INFO - Filling up the DagBag from /home/airflow/.local/lib/python3.12/site-packages/airflow/example_dags/example_latest_only.py
[2025-01-28T22:44:20.932+0000] {processor.py:925} INFO - DAG(s) 'latest_only' retrieved from /home/airflow/.local/lib/python3.12/site-packages/airflow/example_dags/example_latest_only.py
[2025-01-28T22:44:20.948+0000] {logging_mixin.py:190} INFO - [2025-01-28T22:44:20.948+0000] {dag.py:3239} INFO - Sync 1 DAGs
[2025-01-28T22:44:20.967+0000] {logging_mixin.py:190} INFO - [2025-01-28T22:44:20.967+0000] {dag.py:4180} INFO - Setting next_dagrun for latest_only to 2025-01-28 16:00:00+00:00, run_after=2025-01-28 20:00:00+00:00
[2025-01-28T22:44:20.984+0000] {processor.py:208} INFO - Processing /home/airflow/.local/lib/python3.12/site-packages/airflow/example_dags/example_latest_only.py took 0.066 seconds
[2025-01-28T22:44:51.365+0000] {processor.py:186} INFO - Started process (PID=66849) to work on /home/airflow/.local/lib/python3.12/site-packages/airflow/example_dags/example_latest_only.py
[2025-01-28T22:44:51.366+0000] {processor.py:914} INFO - Processing file /home/airflow/.local/lib/python3.12/site-packages/airflow/example_dags/example_latest_only.py for tasks to queue
[2025-01-28T22:44:51.368+0000] {logging_mixin.py:190} INFO - [2025-01-28T22:44:51.368+0000] {dagbag.py:588} INFO - Filling up the DagBag from /home/airflow/.local/lib/python3.12/site-packages/airflow/example_dags/example_latest_only.py
[2025-01-28T22:44:51.375+0000] {processor.py:925} INFO - DAG(s) 'latest_only' retrieved from /home/airflow/.local/lib/python3.12/site-packages/airflow/example_dags/example_latest_only.py
[2025-01-28T22:44:51.393+0000] {logging_mixin.py:190} INFO - [2025-01-28T22:44:51.393+0000] {dag.py:3239} INFO - Sync 1 DAGs
[2025-01-28T22:44:51.414+0000] {logging_mixin.py:190} INFO - [2025-01-28T22:44:51.414+0000] {dag.py:4180} INFO - Setting next_dagrun for latest_only to 2025-01-28 16:00:00+00:00, run_after=2025-01-28 20:00:00+00:00
[2025-01-28T22:44:51.429+0000] {processor.py:208} INFO - Processing /home/airflow/.local/lib/python3.12/site-packages/airflow/example_dags/example_latest_only.py took 0.070 seconds
[2025-01-28T22:45:22.099+0000] {processor.py:186} INFO - Started process (PID=67145) to work on /home/airflow/.local/lib/python3.12/site-packages/airflow/example_dags/example_latest_only.py
[2025-01-28T22:45:22.100+0000] {processor.py:914} INFO - Processing file /home/airflow/.local/lib/python3.12/site-packages/airflow/example_dags/example_latest_only.py for tasks to queue
[2025-01-28T22:45:22.102+0000] {logging_mixin.py:190} INFO - [2025-01-28T22:45:22.102+0000] {dagbag.py:588} INFO - Filling up the DagBag from /home/airflow/.local/lib/python3.12/site-packages/airflow/example_dags/example_latest_only.py
[2025-01-28T22:45:22.108+0000] {processor.py:925} INFO - DAG(s) 'latest_only' retrieved from /home/airflow/.local/lib/python3.12/site-packages/airflow/example_dags/example_latest_only.py
[2025-01-28T22:45:22.126+0000] {logging_mixin.py:190} INFO - [2025-01-28T22:45:22.126+0000] {dag.py:3239} INFO - Sync 1 DAGs
[2025-01-28T22:45:22.150+0000] {logging_mixin.py:190} INFO - [2025-01-28T22:45:22.150+0000] {dag.py:4180} INFO - Setting next_dagrun for latest_only to 2025-01-28 16:00:00+00:00, run_after=2025-01-28 20:00:00+00:00
[2025-01-28T22:45:22.169+0000] {processor.py:208} INFO - Processing /home/airflow/.local/lib/python3.12/site-packages/airflow/example_dags/example_latest_only.py took 0.075 seconds
[2025-01-28T22:45:52.624+0000] {processor.py:186} INFO - Started process (PID=67441) to work on /home/airflow/.local/lib/python3.12/site-packages/airflow/example_dags/example_latest_only.py
[2025-01-28T22:45:52.625+0000] {processor.py:914} INFO - Processing file /home/airflow/.local/lib/python3.12/site-packages/airflow/example_dags/example_latest_only.py for tasks to queue
[2025-01-28T22:45:52.627+0000] {logging_mixin.py:190} INFO - [2025-01-28T22:45:52.627+0000] {dagbag.py:588} INFO - Filling up the DagBag from /home/airflow/.local/lib/python3.12/site-packages/airflow/example_dags/example_latest_only.py
[2025-01-28T22:45:52.633+0000] {processor.py:925} INFO - DAG(s) 'latest_only' retrieved from /home/airflow/.local/lib/python3.12/site-packages/airflow/example_dags/example_latest_only.py
[2025-01-28T22:45:52.651+0000] {logging_mixin.py:190} INFO - [2025-01-28T22:45:52.650+0000] {dag.py:3239} INFO - Sync 1 DAGs
[2025-01-28T22:45:52.670+0000] {logging_mixin.py:190} INFO - [2025-01-28T22:45:52.669+0000] {dag.py:4180} INFO - Setting next_dagrun for latest_only to 2025-01-28 16:00:00+00:00, run_after=2025-01-28 20:00:00+00:00
[2025-01-28T22:45:52.687+0000] {processor.py:208} INFO - Processing /home/airflow/.local/lib/python3.12/site-packages/airflow/example_dags/example_latest_only.py took 0.067 seconds
[2025-01-28T22:46:22.767+0000] {processor.py:186} INFO - Started process (PID=67737) to work on /home/airflow/.local/lib/python3.12/site-packages/airflow/example_dags/example_latest_only.py
[2025-01-28T22:46:22.768+0000] {processor.py:914} INFO - Processing file /home/airflow/.local/lib/python3.12/site-packages/airflow/example_dags/example_latest_only.py for tasks to queue
[2025-01-28T22:46:22.770+0000] {logging_mixin.py:190} INFO - [2025-01-28T22:46:22.769+0000] {dagbag.py:588} INFO - Filling up the DagBag from /home/airflow/.local/lib/python3.12/site-packages/airflow/example_dags/example_latest_only.py
[2025-01-28T22:46:22.776+0000] {processor.py:925} INFO - DAG(s) 'latest_only' retrieved from /home/airflow/.local/lib/python3.12/site-packages/airflow/example_dags/example_latest_only.py
[2025-01-28T22:46:22.794+0000] {logging_mixin.py:190} INFO - [2025-01-28T22:46:22.794+0000] {dag.py:3239} INFO - Sync 1 DAGs
[2025-01-28T22:46:22.815+0000] {logging_mixin.py:190} INFO - [2025-01-28T22:46:22.815+0000] {dag.py:4180} INFO - Setting next_dagrun for latest_only to 2025-01-28 16:00:00+00:00, run_after=2025-01-28 20:00:00+00:00
[2025-01-28T22:46:22.834+0000] {processor.py:208} INFO - Processing /home/airflow/.local/lib/python3.12/site-packages/airflow/example_dags/example_latest_only.py took 0.074 seconds
[2025-01-28T22:46:53.020+0000] {processor.py:186} INFO - Started process (PID=68033) to work on /home/airflow/.local/lib/python3.12/site-packages/airflow/example_dags/example_latest_only.py
[2025-01-28T22:46:53.021+0000] {processor.py:914} INFO - Processing file /home/airflow/.local/lib/python3.12/site-packages/airflow/example_dags/example_latest_only.py for tasks to queue
[2025-01-28T22:46:53.023+0000] {logging_mixin.py:190} INFO - [2025-01-28T22:46:53.022+0000] {dagbag.py:588} INFO - Filling up the DagBag from /home/airflow/.local/lib/python3.12/site-packages/airflow/example_dags/example_latest_only.py
[2025-01-28T22:46:53.028+0000] {processor.py:925} INFO - DAG(s) 'latest_only' retrieved from /home/airflow/.local/lib/python3.12/site-packages/airflow/example_dags/example_latest_only.py
[2025-01-28T22:46:53.046+0000] {logging_mixin.py:190} INFO - [2025-01-28T22:46:53.046+0000] {dag.py:3239} INFO - Sync 1 DAGs
[2025-01-28T22:46:53.067+0000] {logging_mixin.py:190} INFO - [2025-01-28T22:46:53.067+0000] {dag.py:4180} INFO - Setting next_dagrun for latest_only to 2025-01-28 16:00:00+00:00, run_after=2025-01-28 20:00:00+00:00
[2025-01-28T22:46:53.087+0000] {processor.py:208} INFO - Processing /home/airflow/.local/lib/python3.12/site-packages/airflow/example_dags/example_latest_only.py took 0.072 seconds
[2025-01-28T22:47:23.515+0000] {processor.py:186} INFO - Started process (PID=68329) to work on /home/airflow/.local/lib/python3.12/site-packages/airflow/example_dags/example_latest_only.py
[2025-01-28T22:47:23.516+0000] {processor.py:914} INFO - Processing file /home/airflow/.local/lib/python3.12/site-packages/airflow/example_dags/example_latest_only.py for tasks to queue
[2025-01-28T22:47:23.518+0000] {logging_mixin.py:190} INFO - [2025-01-28T22:47:23.518+0000] {dagbag.py:588} INFO - Filling up the DagBag from /home/airflow/.local/lib/python3.12/site-packages/airflow/example_dags/example_latest_only.py
[2025-01-28T22:47:23.530+0000] {processor.py:925} INFO - DAG(s) 'latest_only' retrieved from /home/airflow/.local/lib/python3.12/site-packages/airflow/example_dags/example_latest_only.py
[2025-01-28T22:47:23.550+0000] {logging_mixin.py:190} INFO - [2025-01-28T22:47:23.549+0000] {dag.py:3239} INFO - Sync 1 DAGs
[2025-01-28T22:47:23.571+0000] {logging_mixin.py:190} INFO - [2025-01-28T22:47:23.571+0000] {dag.py:4180} INFO - Setting next_dagrun for latest_only to 2025-01-28 16:00:00+00:00, run_after=2025-01-28 20:00:00+00:00
[2025-01-28T22:47:23.589+0000] {processor.py:208} INFO - Processing /home/airflow/.local/lib/python3.12/site-packages/airflow/example_dags/example_latest_only.py took 0.079 seconds
[2025-01-28T22:47:54.103+0000] {processor.py:186} INFO - Started process (PID=68625) to work on /home/airflow/.local/lib/python3.12/site-packages/airflow/example_dags/example_latest_only.py
[2025-01-28T22:47:54.104+0000] {processor.py:914} INFO - Processing file /home/airflow/.local/lib/python3.12/site-packages/airflow/example_dags/example_latest_only.py for tasks to queue
[2025-01-28T22:47:54.107+0000] {logging_mixin.py:190} INFO - [2025-01-28T22:47:54.107+0000] {dagbag.py:588} INFO - Filling up the DagBag from /home/airflow/.local/lib/python3.12/site-packages/airflow/example_dags/example_latest_only.py
[2025-01-28T22:47:54.115+0000] {processor.py:925} INFO - DAG(s) 'latest_only' retrieved from /home/airflow/.local/lib/python3.12/site-packages/airflow/example_dags/example_latest_only.py
[2025-01-28T22:47:54.137+0000] {logging_mixin.py:190} INFO - [2025-01-28T22:47:54.137+0000] {dag.py:3239} INFO - Sync 1 DAGs
[2025-01-28T22:47:54.166+0000] {logging_mixin.py:190} INFO - [2025-01-28T22:47:54.166+0000] {dag.py:4180} INFO - Setting next_dagrun for latest_only to 2025-01-28 16:00:00+00:00, run_after=2025-01-28 20:00:00+00:00
[2025-01-28T22:47:54.184+0000] {processor.py:208} INFO - Processing /home/airflow/.local/lib/python3.12/site-packages/airflow/example_dags/example_latest_only.py took 0.088 seconds
[2025-01-28T22:48:24.417+0000] {processor.py:186} INFO - Started process (PID=68921) to work on /home/airflow/.local/lib/python3.12/site-packages/airflow/example_dags/example_latest_only.py
[2025-01-28T22:48:24.418+0000] {processor.py:914} INFO - Processing file /home/airflow/.local/lib/python3.12/site-packages/airflow/example_dags/example_latest_only.py for tasks to queue
[2025-01-28T22:48:24.420+0000] {logging_mixin.py:190} INFO - [2025-01-28T22:48:24.420+0000] {dagbag.py:588} INFO - Filling up the DagBag from /home/airflow/.local/lib/python3.12/site-packages/airflow/example_dags/example_latest_only.py
[2025-01-28T22:48:24.427+0000] {processor.py:925} INFO - DAG(s) 'latest_only' retrieved from /home/airflow/.local/lib/python3.12/site-packages/airflow/example_dags/example_latest_only.py
[2025-01-28T22:48:24.448+0000] {logging_mixin.py:190} INFO - [2025-01-28T22:48:24.448+0000] {dag.py:3239} INFO - Sync 1 DAGs
[2025-01-28T22:48:24.473+0000] {logging_mixin.py:190} INFO - [2025-01-28T22:48:24.473+0000] {dag.py:4180} INFO - Setting next_dagrun for latest_only to 2025-01-28 16:00:00+00:00, run_after=2025-01-28 20:00:00+00:00
[2025-01-28T22:48:24.491+0000] {processor.py:208} INFO - Processing /home/airflow/.local/lib/python3.12/site-packages/airflow/example_dags/example_latest_only.py took 0.079 seconds
[2025-01-28T22:48:55.226+0000] {processor.py:186} INFO - Started process (PID=69217) to work on /home/airflow/.local/lib/python3.12/site-packages/airflow/example_dags/example_latest_only.py
[2025-01-28T22:48:55.228+0000] {processor.py:914} INFO - Processing file /home/airflow/.local/lib/python3.12/site-packages/airflow/example_dags/example_latest_only.py for tasks to queue
[2025-01-28T22:48:55.230+0000] {logging_mixin.py:190} INFO - [2025-01-28T22:48:55.230+0000] {dagbag.py:588} INFO - Filling up the DagBag from /home/airflow/.local/lib/python3.12/site-packages/airflow/example_dags/example_latest_only.py
[2025-01-28T22:48:55.237+0000] {processor.py:925} INFO - DAG(s) 'latest_only' retrieved from /home/airflow/.local/lib/python3.12/site-packages/airflow/example_dags/example_latest_only.py
[2025-01-28T22:48:55.256+0000] {logging_mixin.py:190} INFO - [2025-01-28T22:48:55.256+0000] {dag.py:3239} INFO - Sync 1 DAGs
[2025-01-28T22:48:55.276+0000] {logging_mixin.py:190} INFO - [2025-01-28T22:48:55.276+0000] {dag.py:4180} INFO - Setting next_dagrun for latest_only to 2025-01-28 16:00:00+00:00, run_after=2025-01-28 20:00:00+00:00
[2025-01-28T22:48:55.301+0000] {processor.py:208} INFO - Processing /home/airflow/.local/lib/python3.12/site-packages/airflow/example_dags/example_latest_only.py took 0.081 seconds
[2025-01-28T22:49:25.898+0000] {processor.py:186} INFO - Started process (PID=69520) to work on /home/airflow/.local/lib/python3.12/site-packages/airflow/example_dags/example_latest_only.py
[2025-01-28T22:49:25.901+0000] {processor.py:914} INFO - Processing file /home/airflow/.local/lib/python3.12/site-packages/airflow/example_dags/example_latest_only.py for tasks to queue
[2025-01-28T22:49:25.903+0000] {logging_mixin.py:190} INFO - [2025-01-28T22:49:25.903+0000] {dagbag.py:588} INFO - Filling up the DagBag from /home/airflow/.local/lib/python3.12/site-packages/airflow/example_dags/example_latest_only.py
[2025-01-28T22:49:25.909+0000] {processor.py:925} INFO - DAG(s) 'latest_only' retrieved from /home/airflow/.local/lib/python3.12/site-packages/airflow/example_dags/example_latest_only.py
[2025-01-28T22:49:25.929+0000] {logging_mixin.py:190} INFO - [2025-01-28T22:49:25.928+0000] {dag.py:3239} INFO - Sync 1 DAGs
[2025-01-28T22:49:25.954+0000] {logging_mixin.py:190} INFO - [2025-01-28T22:49:25.954+0000] {dag.py:4180} INFO - Setting next_dagrun for latest_only to 2025-01-28 16:00:00+00:00, run_after=2025-01-28 20:00:00+00:00
[2025-01-28T22:49:25.973+0000] {processor.py:208} INFO - Processing /home/airflow/.local/lib/python3.12/site-packages/airflow/example_dags/example_latest_only.py took 0.080 seconds
[2025-01-28T22:49:56.593+0000] {processor.py:186} INFO - Started process (PID=69817) to work on /home/airflow/.local/lib/python3.12/site-packages/airflow/example_dags/example_latest_only.py
[2025-01-28T22:49:56.594+0000] {processor.py:914} INFO - Processing file /home/airflow/.local/lib/python3.12/site-packages/airflow/example_dags/example_latest_only.py for tasks to queue
[2025-01-28T22:49:56.596+0000] {logging_mixin.py:190} INFO - [2025-01-28T22:49:56.596+0000] {dagbag.py:588} INFO - Filling up the DagBag from /home/airflow/.local/lib/python3.12/site-packages/airflow/example_dags/example_latest_only.py
[2025-01-28T22:49:56.609+0000] {processor.py:925} INFO - DAG(s) 'latest_only' retrieved from /home/airflow/.local/lib/python3.12/site-packages/airflow/example_dags/example_latest_only.py
[2025-01-28T22:49:56.632+0000] {logging_mixin.py:190} INFO - [2025-01-28T22:49:56.632+0000] {dag.py:3239} INFO - Sync 1 DAGs
[2025-01-28T22:49:56.654+0000] {logging_mixin.py:190} INFO - [2025-01-28T22:49:56.654+0000] {dag.py:4180} INFO - Setting next_dagrun for latest_only to 2025-01-28 16:00:00+00:00, run_after=2025-01-28 20:00:00+00:00
[2025-01-28T22:49:56.674+0000] {processor.py:208} INFO - Processing /home/airflow/.local/lib/python3.12/site-packages/airflow/example_dags/example_latest_only.py took 0.087 seconds
[2025-01-28T22:50:27.236+0000] {processor.py:186} INFO - Started process (PID=70113) to work on /home/airflow/.local/lib/python3.12/site-packages/airflow/example_dags/example_latest_only.py
[2025-01-28T22:50:27.238+0000] {processor.py:914} INFO - Processing file /home/airflow/.local/lib/python3.12/site-packages/airflow/example_dags/example_latest_only.py for tasks to queue
[2025-01-28T22:50:27.240+0000] {logging_mixin.py:190} INFO - [2025-01-28T22:50:27.240+0000] {dagbag.py:588} INFO - Filling up the DagBag from /home/airflow/.local/lib/python3.12/site-packages/airflow/example_dags/example_latest_only.py
[2025-01-28T22:50:27.247+0000] {processor.py:925} INFO - DAG(s) 'latest_only' retrieved from /home/airflow/.local/lib/python3.12/site-packages/airflow/example_dags/example_latest_only.py
[2025-01-28T22:50:27.266+0000] {logging_mixin.py:190} INFO - [2025-01-28T22:50:27.265+0000] {dag.py:3239} INFO - Sync 1 DAGs
[2025-01-28T22:50:27.287+0000] {logging_mixin.py:190} INFO - [2025-01-28T22:50:27.287+0000] {dag.py:4180} INFO - Setting next_dagrun for latest_only to 2025-01-28 16:00:00+00:00, run_after=2025-01-28 20:00:00+00:00
[2025-01-28T22:50:27.307+0000] {processor.py:208} INFO - Processing /home/airflow/.local/lib/python3.12/site-packages/airflow/example_dags/example_latest_only.py took 0.077 seconds
[2025-01-28T22:50:57.730+0000] {processor.py:186} INFO - Started process (PID=70409) to work on /home/airflow/.local/lib/python3.12/site-packages/airflow/example_dags/example_latest_only.py
[2025-01-28T22:50:57.731+0000] {processor.py:914} INFO - Processing file /home/airflow/.local/lib/python3.12/site-packages/airflow/example_dags/example_latest_only.py for tasks to queue
[2025-01-28T22:50:57.734+0000] {logging_mixin.py:190} INFO - [2025-01-28T22:50:57.734+0000] {dagbag.py:588} INFO - Filling up the DagBag from /home/airflow/.local/lib/python3.12/site-packages/airflow/example_dags/example_latest_only.py
[2025-01-28T22:50:57.741+0000] {processor.py:925} INFO - DAG(s) 'latest_only' retrieved from /home/airflow/.local/lib/python3.12/site-packages/airflow/example_dags/example_latest_only.py
[2025-01-28T22:50:57.764+0000] {logging_mixin.py:190} INFO - [2025-01-28T22:50:57.763+0000] {dag.py:3239} INFO - Sync 1 DAGs
[2025-01-28T22:50:57.791+0000] {logging_mixin.py:190} INFO - [2025-01-28T22:50:57.791+0000] {dag.py:4180} INFO - Setting next_dagrun for latest_only to 2025-01-28 16:00:00+00:00, run_after=2025-01-28 20:00:00+00:00
[2025-01-28T22:50:57.813+0000] {processor.py:208} INFO - Processing /home/airflow/.local/lib/python3.12/site-packages/airflow/example_dags/example_latest_only.py took 0.088 seconds
[2025-01-28T22:51:27.987+0000] {processor.py:186} INFO - Started process (PID=70705) to work on /home/airflow/.local/lib/python3.12/site-packages/airflow/example_dags/example_latest_only.py
[2025-01-28T22:51:27.988+0000] {processor.py:914} INFO - Processing file /home/airflow/.local/lib/python3.12/site-packages/airflow/example_dags/example_latest_only.py for tasks to queue
[2025-01-28T22:51:27.991+0000] {logging_mixin.py:190} INFO - [2025-01-28T22:51:27.990+0000] {dagbag.py:588} INFO - Filling up the DagBag from /home/airflow/.local/lib/python3.12/site-packages/airflow/example_dags/example_latest_only.py
[2025-01-28T22:51:27.998+0000] {processor.py:925} INFO - DAG(s) 'latest_only' retrieved from /home/airflow/.local/lib/python3.12/site-packages/airflow/example_dags/example_latest_only.py
[2025-01-28T22:51:28.018+0000] {logging_mixin.py:190} INFO - [2025-01-28T22:51:28.017+0000] {dag.py:3239} INFO - Sync 1 DAGs
[2025-01-28T22:51:28.043+0000] {logging_mixin.py:190} INFO - [2025-01-28T22:51:28.042+0000] {dag.py:4180} INFO - Setting next_dagrun for latest_only to 2025-01-28 16:00:00+00:00, run_after=2025-01-28 20:00:00+00:00
[2025-01-28T22:51:28.070+0000] {processor.py:208} INFO - Processing /home/airflow/.local/lib/python3.12/site-packages/airflow/example_dags/example_latest_only.py took 0.088 seconds
[2025-01-28T22:51:58.943+0000] {processor.py:186} INFO - Started process (PID=71002) to work on /home/airflow/.local/lib/python3.12/site-packages/airflow/example_dags/example_latest_only.py
[2025-01-28T22:51:58.945+0000] {processor.py:914} INFO - Processing file /home/airflow/.local/lib/python3.12/site-packages/airflow/example_dags/example_latest_only.py for tasks to queue
[2025-01-28T22:51:58.952+0000] {logging_mixin.py:190} INFO - [2025-01-28T22:51:58.952+0000] {dagbag.py:588} INFO - Filling up the DagBag from /home/airflow/.local/lib/python3.12/site-packages/airflow/example_dags/example_latest_only.py
[2025-01-28T22:51:58.972+0000] {processor.py:925} INFO - DAG(s) 'latest_only' retrieved from /home/airflow/.local/lib/python3.12/site-packages/airflow/example_dags/example_latest_only.py
[2025-01-28T22:51:59.008+0000] {logging_mixin.py:190} INFO - [2025-01-28T22:51:59.008+0000] {dag.py:3239} INFO - Sync 1 DAGs
[2025-01-28T22:51:59.051+0000] {logging_mixin.py:190} INFO - [2025-01-28T22:51:59.050+0000] {dag.py:4180} INFO - Setting next_dagrun for latest_only to 2025-01-28 16:00:00+00:00, run_after=2025-01-28 20:00:00+00:00
[2025-01-28T22:51:59.090+0000] {processor.py:208} INFO - Processing /home/airflow/.local/lib/python3.12/site-packages/airflow/example_dags/example_latest_only.py took 0.155 seconds
[2025-01-28T22:52:30.999+0000] {processor.py:186} INFO - Started process (PID=71300) to work on /home/airflow/.local/lib/python3.12/site-packages/airflow/example_dags/example_latest_only.py
[2025-01-28T22:52:31.023+0000] {processor.py:914} INFO - Processing file /home/airflow/.local/lib/python3.12/site-packages/airflow/example_dags/example_latest_only.py for tasks to queue
[2025-01-28T22:52:31.042+0000] {logging_mixin.py:190} INFO - [2025-01-28T22:52:31.041+0000] {dagbag.py:588} INFO - Filling up the DagBag from /home/airflow/.local/lib/python3.12/site-packages/airflow/example_dags/example_latest_only.py
[2025-01-28T22:52:31.084+0000] {processor.py:925} INFO - DAG(s) 'latest_only' retrieved from /home/airflow/.local/lib/python3.12/site-packages/airflow/example_dags/example_latest_only.py
[2025-01-28T22:52:31.242+0000] {logging_mixin.py:190} INFO - [2025-01-28T22:52:31.241+0000] {dag.py:3239} INFO - Sync 1 DAGs
[2025-01-28T22:52:31.443+0000] {logging_mixin.py:190} INFO - [2025-01-28T22:52:31.443+0000] {dag.py:4180} INFO - Setting next_dagrun for latest_only to 2025-01-28 16:00:00+00:00, run_after=2025-01-28 20:00:00+00:00
[2025-01-28T22:52:31.519+0000] {processor.py:208} INFO - Processing /home/airflow/.local/lib/python3.12/site-packages/airflow/example_dags/example_latest_only.py took 0.529 seconds
[2025-01-28T22:53:01.768+0000] {processor.py:186} INFO - Started process (PID=71596) to work on /home/airflow/.local/lib/python3.12/site-packages/airflow/example_dags/example_latest_only.py
[2025-01-28T22:53:01.770+0000] {processor.py:914} INFO - Processing file /home/airflow/.local/lib/python3.12/site-packages/airflow/example_dags/example_latest_only.py for tasks to queue
[2025-01-28T22:53:01.774+0000] {logging_mixin.py:190} INFO - [2025-01-28T22:53:01.773+0000] {dagbag.py:588} INFO - Filling up the DagBag from /home/airflow/.local/lib/python3.12/site-packages/airflow/example_dags/example_latest_only.py
[2025-01-28T22:53:01.794+0000] {processor.py:925} INFO - DAG(s) 'latest_only' retrieved from /home/airflow/.local/lib/python3.12/site-packages/airflow/example_dags/example_latest_only.py
[2025-01-28T22:53:01.875+0000] {logging_mixin.py:190} INFO - [2025-01-28T22:53:01.875+0000] {dag.py:3239} INFO - Sync 1 DAGs
[2025-01-28T22:53:02.273+0000] {logging_mixin.py:190} INFO - [2025-01-28T22:53:02.272+0000] {dag.py:4180} INFO - Setting next_dagrun for latest_only to 2025-01-28 16:00:00+00:00, run_after=2025-01-28 20:00:00+00:00
[2025-01-28T22:53:02.326+0000] {processor.py:208} INFO - Processing /home/airflow/.local/lib/python3.12/site-packages/airflow/example_dags/example_latest_only.py took 0.568 seconds
