[2025-01-28T22:42:50.067+0000] {processor.py:186} INFO - Started process (PID=65696) to work on /home/airflow/.local/lib/python3.12/site-packages/airflow/example_dags/example_dataset_alias.py
[2025-01-28T22:42:50.069+0000] {processor.py:914} INFO - Processing file /home/airflow/.local/lib/python3.12/site-packages/airflow/example_dags/example_dataset_alias.py for tasks to queue
[2025-01-28T22:42:50.079+0000] {logging_mixin.py:190} INFO - [2025-01-28T22:42:50.078+0000] {dagbag.py:588} INFO - Filling up the DagBag from /home/airflow/.local/lib/python3.12/site-packages/airflow/example_dags/example_dataset_alias.py
[2025-01-28T22:42:52.163+0000] {processor.py:925} INFO - DAG(s) 'dataset_alias_example_alias_consumer', 'dataset_s3_bucket_producer', 'dataset_alias_example_alias_producer', 'dataset_s3_bucket_consumer' retrieved from /home/airflow/.local/lib/python3.12/site-packages/airflow/example_dags/example_dataset_alias.py
[2025-01-28T22:42:52.238+0000] {logging_mixin.py:190} INFO - [2025-01-28T22:42:52.236+0000] {dag.py:3239} INFO - Sync 4 DAGs
[2025-01-28T22:42:52.302+0000] {logging_mixin.py:190} INFO - [2025-01-28T22:42:52.301+0000] {dag.py:4180} INFO - Setting next_dagrun for dataset_alias_example_alias_consumer to None, run_after=None
[2025-01-28T22:42:52.311+0000] {logging_mixin.py:190} INFO - [2025-01-28T22:42:52.311+0000] {dag.py:4180} INFO - Setting next_dagrun for dataset_alias_example_alias_producer to None, run_after=None
[2025-01-28T22:42:52.315+0000] {logging_mixin.py:190} INFO - [2025-01-28T22:42:52.315+0000] {dag.py:4180} INFO - Setting next_dagrun for dataset_s3_bucket_consumer to None, run_after=None
[2025-01-28T22:42:52.319+0000] {logging_mixin.py:190} INFO - [2025-01-28T22:42:52.318+0000] {dag.py:4180} INFO - Setting next_dagrun for dataset_s3_bucket_producer to None, run_after=None
[2025-01-28T22:42:52.379+0000] {processor.py:208} INFO - Processing /home/airflow/.local/lib/python3.12/site-packages/airflow/example_dags/example_dataset_alias.py took 2.331 seconds
[2025-01-28T22:43:22.904+0000] {processor.py:186} INFO - Started process (PID=65993) to work on /home/airflow/.local/lib/python3.12/site-packages/airflow/example_dags/example_dataset_alias.py
[2025-01-28T22:43:22.906+0000] {processor.py:914} INFO - Processing file /home/airflow/.local/lib/python3.12/site-packages/airflow/example_dags/example_dataset_alias.py for tasks to queue
[2025-01-28T22:43:22.909+0000] {logging_mixin.py:190} INFO - [2025-01-28T22:43:22.909+0000] {dagbag.py:588} INFO - Filling up the DagBag from /home/airflow/.local/lib/python3.12/site-packages/airflow/example_dags/example_dataset_alias.py
[2025-01-28T22:43:23.608+0000] {processor.py:925} INFO - DAG(s) 'dataset_s3_bucket_producer', 'dataset_alias_example_alias_producer', 'dataset_alias_example_alias_consumer', 'dataset_s3_bucket_consumer' retrieved from /home/airflow/.local/lib/python3.12/site-packages/airflow/example_dags/example_dataset_alias.py
[2025-01-28T22:43:23.644+0000] {logging_mixin.py:190} INFO - [2025-01-28T22:43:23.643+0000] {dag.py:3239} INFO - Sync 4 DAGs
[2025-01-28T22:43:23.669+0000] {logging_mixin.py:190} INFO - [2025-01-28T22:43:23.668+0000] {dag.py:4180} INFO - Setting next_dagrun for dataset_alias_example_alias_consumer to None, run_after=None
[2025-01-28T22:43:23.672+0000] {logging_mixin.py:190} INFO - [2025-01-28T22:43:23.671+0000] {dag.py:4180} INFO - Setting next_dagrun for dataset_alias_example_alias_producer to None, run_after=None
[2025-01-28T22:43:23.673+0000] {logging_mixin.py:190} INFO - [2025-01-28T22:43:23.673+0000] {dag.py:4180} INFO - Setting next_dagrun for dataset_s3_bucket_consumer to None, run_after=None
[2025-01-28T22:43:23.676+0000] {logging_mixin.py:190} INFO - [2025-01-28T22:43:23.675+0000] {dag.py:4180} INFO - Setting next_dagrun for dataset_s3_bucket_producer to None, run_after=None
[2025-01-28T22:43:23.697+0000] {processor.py:208} INFO - Processing /home/airflow/.local/lib/python3.12/site-packages/airflow/example_dags/example_dataset_alias.py took 0.799 seconds
[2025-01-28T22:43:53.777+0000] {processor.py:186} INFO - Started process (PID=66309) to work on /home/airflow/.local/lib/python3.12/site-packages/airflow/example_dags/example_dataset_alias.py
[2025-01-28T22:43:53.778+0000] {processor.py:914} INFO - Processing file /home/airflow/.local/lib/python3.12/site-packages/airflow/example_dags/example_dataset_alias.py for tasks to queue
[2025-01-28T22:43:53.780+0000] {logging_mixin.py:190} INFO - [2025-01-28T22:43:53.780+0000] {dagbag.py:588} INFO - Filling up the DagBag from /home/airflow/.local/lib/python3.12/site-packages/airflow/example_dags/example_dataset_alias.py
[2025-01-28T22:43:54.277+0000] {processor.py:925} INFO - DAG(s) 'dataset_s3_bucket_producer', 'dataset_alias_example_alias_producer', 'dataset_alias_example_alias_consumer', 'dataset_s3_bucket_consumer' retrieved from /home/airflow/.local/lib/python3.12/site-packages/airflow/example_dags/example_dataset_alias.py
[2025-01-28T22:43:54.305+0000] {logging_mixin.py:190} INFO - [2025-01-28T22:43:54.304+0000] {dag.py:3239} INFO - Sync 4 DAGs
[2025-01-28T22:43:54.325+0000] {logging_mixin.py:190} INFO - [2025-01-28T22:43:54.325+0000] {dag.py:4180} INFO - Setting next_dagrun for dataset_alias_example_alias_consumer to None, run_after=None
[2025-01-28T22:43:54.328+0000] {logging_mixin.py:190} INFO - [2025-01-28T22:43:54.328+0000] {dag.py:4180} INFO - Setting next_dagrun for dataset_alias_example_alias_producer to None, run_after=None
[2025-01-28T22:43:54.330+0000] {logging_mixin.py:190} INFO - [2025-01-28T22:43:54.330+0000] {dag.py:4180} INFO - Setting next_dagrun for dataset_s3_bucket_consumer to None, run_after=None
[2025-01-28T22:43:54.332+0000] {logging_mixin.py:190} INFO - [2025-01-28T22:43:54.331+0000] {dag.py:4180} INFO - Setting next_dagrun for dataset_s3_bucket_producer to None, run_after=None
[2025-01-28T22:43:54.355+0000] {processor.py:208} INFO - Processing /home/airflow/.local/lib/python3.12/site-packages/airflow/example_dags/example_dataset_alias.py took 0.583 seconds
[2025-01-28T22:44:24.459+0000] {processor.py:186} INFO - Started process (PID=66605) to work on /home/airflow/.local/lib/python3.12/site-packages/airflow/example_dags/example_dataset_alias.py
[2025-01-28T22:44:24.460+0000] {processor.py:914} INFO - Processing file /home/airflow/.local/lib/python3.12/site-packages/airflow/example_dags/example_dataset_alias.py for tasks to queue
[2025-01-28T22:44:24.462+0000] {logging_mixin.py:190} INFO - [2025-01-28T22:44:24.462+0000] {dagbag.py:588} INFO - Filling up the DagBag from /home/airflow/.local/lib/python3.12/site-packages/airflow/example_dags/example_dataset_alias.py
[2025-01-28T22:44:25.059+0000] {processor.py:925} INFO - DAG(s) 'dataset_s3_bucket_consumer', 'dataset_alias_example_alias_consumer', 'dataset_s3_bucket_producer', 'dataset_alias_example_alias_producer' retrieved from /home/airflow/.local/lib/python3.12/site-packages/airflow/example_dags/example_dataset_alias.py
[2025-01-28T22:44:25.086+0000] {logging_mixin.py:190} INFO - [2025-01-28T22:44:25.085+0000] {dag.py:3239} INFO - Sync 4 DAGs
[2025-01-28T22:44:25.106+0000] {logging_mixin.py:190} INFO - [2025-01-28T22:44:25.106+0000] {dag.py:4180} INFO - Setting next_dagrun for dataset_alias_example_alias_consumer to None, run_after=None
[2025-01-28T22:44:25.108+0000] {logging_mixin.py:190} INFO - [2025-01-28T22:44:25.108+0000] {dag.py:4180} INFO - Setting next_dagrun for dataset_alias_example_alias_producer to None, run_after=None
[2025-01-28T22:44:25.111+0000] {logging_mixin.py:190} INFO - [2025-01-28T22:44:25.111+0000] {dag.py:4180} INFO - Setting next_dagrun for dataset_s3_bucket_consumer to None, run_after=None
[2025-01-28T22:44:25.114+0000] {logging_mixin.py:190} INFO - [2025-01-28T22:44:25.113+0000] {dag.py:4180} INFO - Setting next_dagrun for dataset_s3_bucket_producer to None, run_after=None
[2025-01-28T22:44:25.152+0000] {processor.py:208} INFO - Processing /home/airflow/.local/lib/python3.12/site-packages/airflow/example_dags/example_dataset_alias.py took 0.698 seconds
[2025-01-28T22:44:55.571+0000] {processor.py:186} INFO - Started process (PID=66935) to work on /home/airflow/.local/lib/python3.12/site-packages/airflow/example_dags/example_dataset_alias.py
[2025-01-28T22:44:55.574+0000] {processor.py:914} INFO - Processing file /home/airflow/.local/lib/python3.12/site-packages/airflow/example_dags/example_dataset_alias.py for tasks to queue
[2025-01-28T22:44:55.577+0000] {logging_mixin.py:190} INFO - [2025-01-28T22:44:55.576+0000] {dagbag.py:588} INFO - Filling up the DagBag from /home/airflow/.local/lib/python3.12/site-packages/airflow/example_dags/example_dataset_alias.py
[2025-01-28T22:44:56.155+0000] {processor.py:925} INFO - DAG(s) 'dataset_alias_example_alias_producer', 'dataset_s3_bucket_producer', 'dataset_s3_bucket_consumer', 'dataset_alias_example_alias_consumer' retrieved from /home/airflow/.local/lib/python3.12/site-packages/airflow/example_dags/example_dataset_alias.py
[2025-01-28T22:44:56.175+0000] {logging_mixin.py:190} INFO - [2025-01-28T22:44:56.175+0000] {dag.py:3239} INFO - Sync 4 DAGs
[2025-01-28T22:44:56.194+0000] {logging_mixin.py:190} INFO - [2025-01-28T22:44:56.194+0000] {dag.py:4180} INFO - Setting next_dagrun for dataset_alias_example_alias_consumer to None, run_after=None
[2025-01-28T22:44:56.197+0000] {logging_mixin.py:190} INFO - [2025-01-28T22:44:56.197+0000] {dag.py:4180} INFO - Setting next_dagrun for dataset_alias_example_alias_producer to None, run_after=None
[2025-01-28T22:44:56.198+0000] {logging_mixin.py:190} INFO - [2025-01-28T22:44:56.198+0000] {dag.py:4180} INFO - Setting next_dagrun for dataset_s3_bucket_consumer to None, run_after=None
[2025-01-28T22:44:56.200+0000] {logging_mixin.py:190} INFO - [2025-01-28T22:44:56.199+0000] {dag.py:4180} INFO - Setting next_dagrun for dataset_s3_bucket_producer to None, run_after=None
[2025-01-28T22:44:56.219+0000] {processor.py:208} INFO - Processing /home/airflow/.local/lib/python3.12/site-packages/airflow/example_dags/example_dataset_alias.py took 0.657 seconds
[2025-01-28T22:45:26.554+0000] {processor.py:186} INFO - Started process (PID=67241) to work on /home/airflow/.local/lib/python3.12/site-packages/airflow/example_dags/example_dataset_alias.py
[2025-01-28T22:45:26.555+0000] {processor.py:914} INFO - Processing file /home/airflow/.local/lib/python3.12/site-packages/airflow/example_dags/example_dataset_alias.py for tasks to queue
[2025-01-28T22:45:26.557+0000] {logging_mixin.py:190} INFO - [2025-01-28T22:45:26.557+0000] {dagbag.py:588} INFO - Filling up the DagBag from /home/airflow/.local/lib/python3.12/site-packages/airflow/example_dags/example_dataset_alias.py
[2025-01-28T22:45:27.491+0000] {processor.py:925} INFO - DAG(s) 'dataset_s3_bucket_consumer', 'dataset_alias_example_alias_consumer', 'dataset_alias_example_alias_producer', 'dataset_s3_bucket_producer' retrieved from /home/airflow/.local/lib/python3.12/site-packages/airflow/example_dags/example_dataset_alias.py
[2025-01-28T22:45:27.521+0000] {logging_mixin.py:190} INFO - [2025-01-28T22:45:27.521+0000] {dag.py:3239} INFO - Sync 4 DAGs
[2025-01-28T22:45:27.549+0000] {logging_mixin.py:190} INFO - [2025-01-28T22:45:27.548+0000] {dag.py:4180} INFO - Setting next_dagrun for dataset_alias_example_alias_consumer to None, run_after=None
[2025-01-28T22:45:27.553+0000] {logging_mixin.py:190} INFO - [2025-01-28T22:45:27.553+0000] {dag.py:4180} INFO - Setting next_dagrun for dataset_alias_example_alias_producer to None, run_after=None
[2025-01-28T22:45:27.555+0000] {logging_mixin.py:190} INFO - [2025-01-28T22:45:27.555+0000] {dag.py:4180} INFO - Setting next_dagrun for dataset_s3_bucket_consumer to None, run_after=None
[2025-01-28T22:45:27.557+0000] {logging_mixin.py:190} INFO - [2025-01-28T22:45:27.556+0000] {dag.py:4180} INFO - Setting next_dagrun for dataset_s3_bucket_producer to None, run_after=None
[2025-01-28T22:45:27.584+0000] {processor.py:208} INFO - Processing /home/airflow/.local/lib/python3.12/site-packages/airflow/example_dags/example_dataset_alias.py took 1.037 seconds
[2025-01-28T22:45:57.688+0000] {processor.py:186} INFO - Started process (PID=67559) to work on /home/airflow/.local/lib/python3.12/site-packages/airflow/example_dags/example_dataset_alias.py
[2025-01-28T22:45:57.689+0000] {processor.py:914} INFO - Processing file /home/airflow/.local/lib/python3.12/site-packages/airflow/example_dags/example_dataset_alias.py for tasks to queue
[2025-01-28T22:45:57.692+0000] {logging_mixin.py:190} INFO - [2025-01-28T22:45:57.692+0000] {dagbag.py:588} INFO - Filling up the DagBag from /home/airflow/.local/lib/python3.12/site-packages/airflow/example_dags/example_dataset_alias.py
[2025-01-28T22:45:58.194+0000] {processor.py:925} INFO - DAG(s) 'dataset_alias_example_alias_producer', 'dataset_s3_bucket_producer', 'dataset_alias_example_alias_consumer', 'dataset_s3_bucket_consumer' retrieved from /home/airflow/.local/lib/python3.12/site-packages/airflow/example_dags/example_dataset_alias.py
[2025-01-28T22:45:58.219+0000] {logging_mixin.py:190} INFO - [2025-01-28T22:45:58.218+0000] {dag.py:3239} INFO - Sync 4 DAGs
[2025-01-28T22:45:58.243+0000] {logging_mixin.py:190} INFO - [2025-01-28T22:45:58.243+0000] {dag.py:4180} INFO - Setting next_dagrun for dataset_alias_example_alias_consumer to None, run_after=None
[2025-01-28T22:45:58.246+0000] {logging_mixin.py:190} INFO - [2025-01-28T22:45:58.245+0000] {dag.py:4180} INFO - Setting next_dagrun for dataset_alias_example_alias_producer to None, run_after=None
[2025-01-28T22:45:58.248+0000] {logging_mixin.py:190} INFO - [2025-01-28T22:45:58.247+0000] {dag.py:4180} INFO - Setting next_dagrun for dataset_s3_bucket_consumer to None, run_after=None
[2025-01-28T22:45:58.250+0000] {logging_mixin.py:190} INFO - [2025-01-28T22:45:58.249+0000] {dag.py:4180} INFO - Setting next_dagrun for dataset_s3_bucket_producer to None, run_after=None
[2025-01-28T22:45:58.272+0000] {processor.py:208} INFO - Processing /home/airflow/.local/lib/python3.12/site-packages/airflow/example_dags/example_dataset_alias.py took 0.591 seconds
[2025-01-28T22:46:29.147+0000] {processor.py:186} INFO - Started process (PID=67870) to work on /home/airflow/.local/lib/python3.12/site-packages/airflow/example_dags/example_dataset_alias.py
[2025-01-28T22:46:29.148+0000] {processor.py:914} INFO - Processing file /home/airflow/.local/lib/python3.12/site-packages/airflow/example_dags/example_dataset_alias.py for tasks to queue
[2025-01-28T22:46:29.150+0000] {logging_mixin.py:190} INFO - [2025-01-28T22:46:29.150+0000] {dagbag.py:588} INFO - Filling up the DagBag from /home/airflow/.local/lib/python3.12/site-packages/airflow/example_dags/example_dataset_alias.py
[2025-01-28T22:46:29.639+0000] {processor.py:925} INFO - DAG(s) 'dataset_s3_bucket_consumer', 'dataset_s3_bucket_producer', 'dataset_alias_example_alias_producer', 'dataset_alias_example_alias_consumer' retrieved from /home/airflow/.local/lib/python3.12/site-packages/airflow/example_dags/example_dataset_alias.py
[2025-01-28T22:46:29.661+0000] {logging_mixin.py:190} INFO - [2025-01-28T22:46:29.660+0000] {dag.py:3239} INFO - Sync 4 DAGs
[2025-01-28T22:46:29.687+0000] {logging_mixin.py:190} INFO - [2025-01-28T22:46:29.686+0000] {dag.py:4180} INFO - Setting next_dagrun for dataset_alias_example_alias_consumer to None, run_after=None
[2025-01-28T22:46:29.691+0000] {logging_mixin.py:190} INFO - [2025-01-28T22:46:29.691+0000] {dag.py:4180} INFO - Setting next_dagrun for dataset_alias_example_alias_producer to None, run_after=None
[2025-01-28T22:46:29.694+0000] {logging_mixin.py:190} INFO - [2025-01-28T22:46:29.694+0000] {dag.py:4180} INFO - Setting next_dagrun for dataset_s3_bucket_consumer to None, run_after=None
[2025-01-28T22:46:29.697+0000] {logging_mixin.py:190} INFO - [2025-01-28T22:46:29.696+0000] {dag.py:4180} INFO - Setting next_dagrun for dataset_s3_bucket_producer to None, run_after=None
[2025-01-28T22:46:29.732+0000] {processor.py:208} INFO - Processing /home/airflow/.local/lib/python3.12/site-packages/airflow/example_dags/example_dataset_alias.py took 0.590 seconds
[2025-01-28T22:47:00.172+0000] {processor.py:186} INFO - Started process (PID=68166) to work on /home/airflow/.local/lib/python3.12/site-packages/airflow/example_dags/example_dataset_alias.py
[2025-01-28T22:47:00.173+0000] {processor.py:914} INFO - Processing file /home/airflow/.local/lib/python3.12/site-packages/airflow/example_dags/example_dataset_alias.py for tasks to queue
[2025-01-28T22:47:00.175+0000] {logging_mixin.py:190} INFO - [2025-01-28T22:47:00.175+0000] {dagbag.py:588} INFO - Filling up the DagBag from /home/airflow/.local/lib/python3.12/site-packages/airflow/example_dags/example_dataset_alias.py
[2025-01-28T22:47:00.676+0000] {processor.py:925} INFO - DAG(s) 'dataset_alias_example_alias_consumer', 'dataset_alias_example_alias_producer', 'dataset_s3_bucket_producer', 'dataset_s3_bucket_consumer' retrieved from /home/airflow/.local/lib/python3.12/site-packages/airflow/example_dags/example_dataset_alias.py
[2025-01-28T22:47:00.694+0000] {logging_mixin.py:190} INFO - [2025-01-28T22:47:00.693+0000] {dag.py:3239} INFO - Sync 4 DAGs
[2025-01-28T22:47:00.716+0000] {logging_mixin.py:190} INFO - [2025-01-28T22:47:00.716+0000] {dag.py:4180} INFO - Setting next_dagrun for dataset_alias_example_alias_consumer to None, run_after=None
[2025-01-28T22:47:00.719+0000] {logging_mixin.py:190} INFO - [2025-01-28T22:47:00.719+0000] {dag.py:4180} INFO - Setting next_dagrun for dataset_alias_example_alias_producer to None, run_after=None
[2025-01-28T22:47:00.721+0000] {logging_mixin.py:190} INFO - [2025-01-28T22:47:00.721+0000] {dag.py:4180} INFO - Setting next_dagrun for dataset_s3_bucket_consumer to None, run_after=None
[2025-01-28T22:47:00.722+0000] {logging_mixin.py:190} INFO - [2025-01-28T22:47:00.722+0000] {dag.py:4180} INFO - Setting next_dagrun for dataset_s3_bucket_producer to None, run_after=None
[2025-01-28T22:47:00.744+0000] {processor.py:208} INFO - Processing /home/airflow/.local/lib/python3.12/site-packages/airflow/example_dags/example_dataset_alias.py took 0.581 seconds
[2025-01-28T22:47:30.902+0000] {processor.py:186} INFO - Started process (PID=68482) to work on /home/airflow/.local/lib/python3.12/site-packages/airflow/example_dags/example_dataset_alias.py
[2025-01-28T22:47:30.903+0000] {processor.py:914} INFO - Processing file /home/airflow/.local/lib/python3.12/site-packages/airflow/example_dags/example_dataset_alias.py for tasks to queue
[2025-01-28T22:47:30.905+0000] {logging_mixin.py:190} INFO - [2025-01-28T22:47:30.905+0000] {dagbag.py:588} INFO - Filling up the DagBag from /home/airflow/.local/lib/python3.12/site-packages/airflow/example_dags/example_dataset_alias.py
[2025-01-28T22:47:31.655+0000] {processor.py:925} INFO - DAG(s) 'dataset_alias_example_alias_producer', 'dataset_s3_bucket_producer', 'dataset_alias_example_alias_consumer', 'dataset_s3_bucket_consumer' retrieved from /home/airflow/.local/lib/python3.12/site-packages/airflow/example_dags/example_dataset_alias.py
[2025-01-28T22:47:31.680+0000] {logging_mixin.py:190} INFO - [2025-01-28T22:47:31.679+0000] {dag.py:3239} INFO - Sync 4 DAGs
[2025-01-28T22:47:31.706+0000] {logging_mixin.py:190} INFO - [2025-01-28T22:47:31.706+0000] {dag.py:4180} INFO - Setting next_dagrun for dataset_alias_example_alias_consumer to None, run_after=None
[2025-01-28T22:47:31.711+0000] {logging_mixin.py:190} INFO - [2025-01-28T22:47:31.710+0000] {dag.py:4180} INFO - Setting next_dagrun for dataset_alias_example_alias_producer to None, run_after=None
[2025-01-28T22:47:31.712+0000] {logging_mixin.py:190} INFO - [2025-01-28T22:47:31.712+0000] {dag.py:4180} INFO - Setting next_dagrun for dataset_s3_bucket_consumer to None, run_after=None
[2025-01-28T22:47:31.714+0000] {logging_mixin.py:190} INFO - [2025-01-28T22:47:31.713+0000] {dag.py:4180} INFO - Setting next_dagrun for dataset_s3_bucket_producer to None, run_after=None
[2025-01-28T22:47:31.734+0000] {processor.py:208} INFO - Processing /home/airflow/.local/lib/python3.12/site-packages/airflow/example_dags/example_dataset_alias.py took 0.838 seconds
[2025-01-28T22:48:01.894+0000] {processor.py:186} INFO - Started process (PID=68798) to work on /home/airflow/.local/lib/python3.12/site-packages/airflow/example_dags/example_dataset_alias.py
[2025-01-28T22:48:01.897+0000] {processor.py:914} INFO - Processing file /home/airflow/.local/lib/python3.12/site-packages/airflow/example_dags/example_dataset_alias.py for tasks to queue
[2025-01-28T22:48:01.906+0000] {logging_mixin.py:190} INFO - [2025-01-28T22:48:01.906+0000] {dagbag.py:588} INFO - Filling up the DagBag from /home/airflow/.local/lib/python3.12/site-packages/airflow/example_dags/example_dataset_alias.py
[2025-01-28T22:48:02.398+0000] {processor.py:925} INFO - DAG(s) 'dataset_s3_bucket_consumer', 'dataset_alias_example_alias_producer', 'dataset_alias_example_alias_consumer', 'dataset_s3_bucket_producer' retrieved from /home/airflow/.local/lib/python3.12/site-packages/airflow/example_dags/example_dataset_alias.py
[2025-01-28T22:48:02.421+0000] {logging_mixin.py:190} INFO - [2025-01-28T22:48:02.421+0000] {dag.py:3239} INFO - Sync 4 DAGs
[2025-01-28T22:48:02.441+0000] {logging_mixin.py:190} INFO - [2025-01-28T22:48:02.440+0000] {dag.py:4180} INFO - Setting next_dagrun for dataset_alias_example_alias_consumer to None, run_after=None
[2025-01-28T22:48:02.445+0000] {logging_mixin.py:190} INFO - [2025-01-28T22:48:02.444+0000] {dag.py:4180} INFO - Setting next_dagrun for dataset_alias_example_alias_producer to None, run_after=None
[2025-01-28T22:48:02.447+0000] {logging_mixin.py:190} INFO - [2025-01-28T22:48:02.447+0000] {dag.py:4180} INFO - Setting next_dagrun for dataset_s3_bucket_consumer to None, run_after=None
[2025-01-28T22:48:02.449+0000] {logging_mixin.py:190} INFO - [2025-01-28T22:48:02.449+0000] {dag.py:4180} INFO - Setting next_dagrun for dataset_s3_bucket_producer to None, run_after=None
[2025-01-28T22:48:02.474+0000] {processor.py:208} INFO - Processing /home/airflow/.local/lib/python3.12/site-packages/airflow/example_dags/example_dataset_alias.py took 0.589 seconds
[2025-01-28T22:48:32.610+0000] {processor.py:186} INFO - Started process (PID=69119) to work on /home/airflow/.local/lib/python3.12/site-packages/airflow/example_dags/example_dataset_alias.py
[2025-01-28T22:48:32.611+0000] {processor.py:914} INFO - Processing file /home/airflow/.local/lib/python3.12/site-packages/airflow/example_dags/example_dataset_alias.py for tasks to queue
[2025-01-28T22:48:32.613+0000] {logging_mixin.py:190} INFO - [2025-01-28T22:48:32.613+0000] {dagbag.py:588} INFO - Filling up the DagBag from /home/airflow/.local/lib/python3.12/site-packages/airflow/example_dags/example_dataset_alias.py
[2025-01-28T22:48:33.269+0000] {processor.py:925} INFO - DAG(s) 'dataset_s3_bucket_consumer', 'dataset_alias_example_alias_producer', 'dataset_s3_bucket_producer', 'dataset_alias_example_alias_consumer' retrieved from /home/airflow/.local/lib/python3.12/site-packages/airflow/example_dags/example_dataset_alias.py
[2025-01-28T22:48:33.294+0000] {logging_mixin.py:190} INFO - [2025-01-28T22:48:33.293+0000] {dag.py:3239} INFO - Sync 4 DAGs
[2025-01-28T22:48:33.322+0000] {logging_mixin.py:190} INFO - [2025-01-28T22:48:33.321+0000] {dag.py:4180} INFO - Setting next_dagrun for dataset_alias_example_alias_consumer to None, run_after=None
[2025-01-28T22:48:33.326+0000] {logging_mixin.py:190} INFO - [2025-01-28T22:48:33.326+0000] {dag.py:4180} INFO - Setting next_dagrun for dataset_alias_example_alias_producer to None, run_after=None
[2025-01-28T22:48:33.328+0000] {logging_mixin.py:190} INFO - [2025-01-28T22:48:33.328+0000] {dag.py:4180} INFO - Setting next_dagrun for dataset_s3_bucket_consumer to None, run_after=None
[2025-01-28T22:48:33.331+0000] {logging_mixin.py:190} INFO - [2025-01-28T22:48:33.330+0000] {dag.py:4180} INFO - Setting next_dagrun for dataset_s3_bucket_producer to None, run_after=None
[2025-01-28T22:48:33.359+0000] {processor.py:208} INFO - Processing /home/airflow/.local/lib/python3.12/site-packages/airflow/example_dags/example_dataset_alias.py took 0.753 seconds
[2025-01-28T22:49:03.855+0000] {processor.py:186} INFO - Started process (PID=69440) to work on /home/airflow/.local/lib/python3.12/site-packages/airflow/example_dags/example_dataset_alias.py
[2025-01-28T22:49:03.857+0000] {processor.py:914} INFO - Processing file /home/airflow/.local/lib/python3.12/site-packages/airflow/example_dags/example_dataset_alias.py for tasks to queue
[2025-01-28T22:49:03.859+0000] {logging_mixin.py:190} INFO - [2025-01-28T22:49:03.859+0000] {dagbag.py:588} INFO - Filling up the DagBag from /home/airflow/.local/lib/python3.12/site-packages/airflow/example_dags/example_dataset_alias.py
[2025-01-28T22:49:04.554+0000] {processor.py:925} INFO - DAG(s) 'dataset_s3_bucket_consumer', 'dataset_s3_bucket_producer', 'dataset_alias_example_alias_producer', 'dataset_alias_example_alias_consumer' retrieved from /home/airflow/.local/lib/python3.12/site-packages/airflow/example_dags/example_dataset_alias.py
[2025-01-28T22:49:04.584+0000] {logging_mixin.py:190} INFO - [2025-01-28T22:49:04.583+0000] {dag.py:3239} INFO - Sync 4 DAGs
[2025-01-28T22:49:04.610+0000] {logging_mixin.py:190} INFO - [2025-01-28T22:49:04.610+0000] {dag.py:4180} INFO - Setting next_dagrun for dataset_alias_example_alias_consumer to None, run_after=None
[2025-01-28T22:49:04.614+0000] {logging_mixin.py:190} INFO - [2025-01-28T22:49:04.614+0000] {dag.py:4180} INFO - Setting next_dagrun for dataset_alias_example_alias_producer to None, run_after=None
[2025-01-28T22:49:04.616+0000] {logging_mixin.py:190} INFO - [2025-01-28T22:49:04.616+0000] {dag.py:4180} INFO - Setting next_dagrun for dataset_s3_bucket_consumer to None, run_after=None
[2025-01-28T22:49:04.618+0000] {logging_mixin.py:190} INFO - [2025-01-28T22:49:04.618+0000] {dag.py:4180} INFO - Setting next_dagrun for dataset_s3_bucket_producer to None, run_after=None
[2025-01-28T22:49:04.644+0000] {processor.py:208} INFO - Processing /home/airflow/.local/lib/python3.12/site-packages/airflow/example_dags/example_dataset_alias.py took 0.796 seconds
[2025-01-28T22:49:34.943+0000] {processor.py:186} INFO - Started process (PID=69750) to work on /home/airflow/.local/lib/python3.12/site-packages/airflow/example_dags/example_dataset_alias.py
[2025-01-28T22:49:34.944+0000] {processor.py:914} INFO - Processing file /home/airflow/.local/lib/python3.12/site-packages/airflow/example_dags/example_dataset_alias.py for tasks to queue
[2025-01-28T22:49:34.947+0000] {logging_mixin.py:190} INFO - [2025-01-28T22:49:34.946+0000] {dagbag.py:588} INFO - Filling up the DagBag from /home/airflow/.local/lib/python3.12/site-packages/airflow/example_dags/example_dataset_alias.py
[2025-01-28T22:49:35.471+0000] {processor.py:925} INFO - DAG(s) 'dataset_s3_bucket_producer', 'dataset_alias_example_alias_consumer', 'dataset_alias_example_alias_producer', 'dataset_s3_bucket_consumer' retrieved from /home/airflow/.local/lib/python3.12/site-packages/airflow/example_dags/example_dataset_alias.py
[2025-01-28T22:49:35.494+0000] {logging_mixin.py:190} INFO - [2025-01-28T22:49:35.494+0000] {dag.py:3239} INFO - Sync 4 DAGs
[2025-01-28T22:49:35.519+0000] {logging_mixin.py:190} INFO - [2025-01-28T22:49:35.518+0000] {dag.py:4180} INFO - Setting next_dagrun for dataset_alias_example_alias_consumer to None, run_after=None
[2025-01-28T22:49:35.523+0000] {logging_mixin.py:190} INFO - [2025-01-28T22:49:35.522+0000] {dag.py:4180} INFO - Setting next_dagrun for dataset_alias_example_alias_producer to None, run_after=None
[2025-01-28T22:49:35.525+0000] {logging_mixin.py:190} INFO - [2025-01-28T22:49:35.525+0000] {dag.py:4180} INFO - Setting next_dagrun for dataset_s3_bucket_consumer to None, run_after=None
[2025-01-28T22:49:35.527+0000] {logging_mixin.py:190} INFO - [2025-01-28T22:49:35.527+0000] {dag.py:4180} INFO - Setting next_dagrun for dataset_s3_bucket_producer to None, run_after=None
[2025-01-28T22:49:35.547+0000] {processor.py:208} INFO - Processing /home/airflow/.local/lib/python3.12/site-packages/airflow/example_dags/example_dataset_alias.py took 0.611 seconds
[2025-01-28T22:50:06.170+0000] {processor.py:186} INFO - Started process (PID=70032) to work on /home/airflow/.local/lib/python3.12/site-packages/airflow/example_dags/example_dataset_alias.py
[2025-01-28T22:50:06.171+0000] {processor.py:914} INFO - Processing file /home/airflow/.local/lib/python3.12/site-packages/airflow/example_dags/example_dataset_alias.py for tasks to queue
[2025-01-28T22:50:06.174+0000] {logging_mixin.py:190} INFO - [2025-01-28T22:50:06.174+0000] {dagbag.py:588} INFO - Filling up the DagBag from /home/airflow/.local/lib/python3.12/site-packages/airflow/example_dags/example_dataset_alias.py
[2025-01-28T22:50:06.892+0000] {processor.py:925} INFO - DAG(s) 'dataset_s3_bucket_consumer', 'dataset_alias_example_alias_producer', 'dataset_alias_example_alias_consumer', 'dataset_s3_bucket_producer' retrieved from /home/airflow/.local/lib/python3.12/site-packages/airflow/example_dags/example_dataset_alias.py
[2025-01-28T22:50:06.923+0000] {logging_mixin.py:190} INFO - [2025-01-28T22:50:06.922+0000] {dag.py:3239} INFO - Sync 4 DAGs
[2025-01-28T22:50:06.948+0000] {logging_mixin.py:190} INFO - [2025-01-28T22:50:06.948+0000] {dag.py:4180} INFO - Setting next_dagrun for dataset_alias_example_alias_consumer to None, run_after=None
[2025-01-28T22:50:06.951+0000] {logging_mixin.py:190} INFO - [2025-01-28T22:50:06.951+0000] {dag.py:4180} INFO - Setting next_dagrun for dataset_alias_example_alias_producer to None, run_after=None
[2025-01-28T22:50:06.954+0000] {logging_mixin.py:190} INFO - [2025-01-28T22:50:06.953+0000] {dag.py:4180} INFO - Setting next_dagrun for dataset_s3_bucket_consumer to None, run_after=None
[2025-01-28T22:50:06.956+0000] {logging_mixin.py:190} INFO - [2025-01-28T22:50:06.956+0000] {dag.py:4180} INFO - Setting next_dagrun for dataset_s3_bucket_producer to None, run_after=None
[2025-01-28T22:50:06.985+0000] {processor.py:208} INFO - Processing /home/airflow/.local/lib/python3.12/site-packages/airflow/example_dags/example_dataset_alias.py took 0.820 seconds
[2025-01-28T22:50:37.867+0000] {processor.py:186} INFO - Started process (PID=70338) to work on /home/airflow/.local/lib/python3.12/site-packages/airflow/example_dags/example_dataset_alias.py
[2025-01-28T22:50:37.870+0000] {processor.py:914} INFO - Processing file /home/airflow/.local/lib/python3.12/site-packages/airflow/example_dags/example_dataset_alias.py for tasks to queue
[2025-01-28T22:50:37.875+0000] {logging_mixin.py:190} INFO - [2025-01-28T22:50:37.874+0000] {dagbag.py:588} INFO - Filling up the DagBag from /home/airflow/.local/lib/python3.12/site-packages/airflow/example_dags/example_dataset_alias.py
[2025-01-28T22:50:38.840+0000] {processor.py:925} INFO - DAG(s) 'dataset_s3_bucket_producer', 'dataset_alias_example_alias_producer', 'dataset_alias_example_alias_consumer', 'dataset_s3_bucket_consumer' retrieved from /home/airflow/.local/lib/python3.12/site-packages/airflow/example_dags/example_dataset_alias.py
[2025-01-28T22:50:38.864+0000] {logging_mixin.py:190} INFO - [2025-01-28T22:50:38.863+0000] {dag.py:3239} INFO - Sync 4 DAGs
[2025-01-28T22:50:38.892+0000] {logging_mixin.py:190} INFO - [2025-01-28T22:50:38.892+0000] {dag.py:4180} INFO - Setting next_dagrun for dataset_alias_example_alias_consumer to None, run_after=None
[2025-01-28T22:50:38.896+0000] {logging_mixin.py:190} INFO - [2025-01-28T22:50:38.896+0000] {dag.py:4180} INFO - Setting next_dagrun for dataset_alias_example_alias_producer to None, run_after=None
[2025-01-28T22:50:38.899+0000] {logging_mixin.py:190} INFO - [2025-01-28T22:50:38.898+0000] {dag.py:4180} INFO - Setting next_dagrun for dataset_s3_bucket_consumer to None, run_after=None
[2025-01-28T22:50:38.900+0000] {logging_mixin.py:190} INFO - [2025-01-28T22:50:38.900+0000] {dag.py:4180} INFO - Setting next_dagrun for dataset_s3_bucket_producer to None, run_after=None
[2025-01-28T22:50:38.926+0000] {processor.py:208} INFO - Processing /home/airflow/.local/lib/python3.12/site-packages/airflow/example_dags/example_dataset_alias.py took 1.073 seconds
[2025-01-28T22:51:09.335+0000] {processor.py:186} INFO - Started process (PID=70641) to work on /home/airflow/.local/lib/python3.12/site-packages/airflow/example_dags/example_dataset_alias.py
[2025-01-28T22:51:09.336+0000] {processor.py:914} INFO - Processing file /home/airflow/.local/lib/python3.12/site-packages/airflow/example_dags/example_dataset_alias.py for tasks to queue
[2025-01-28T22:51:09.339+0000] {logging_mixin.py:190} INFO - [2025-01-28T22:51:09.338+0000] {dagbag.py:588} INFO - Filling up the DagBag from /home/airflow/.local/lib/python3.12/site-packages/airflow/example_dags/example_dataset_alias.py
[2025-01-28T22:51:09.893+0000] {processor.py:925} INFO - DAG(s) 'dataset_s3_bucket_producer', 'dataset_s3_bucket_consumer', 'dataset_alias_example_alias_producer', 'dataset_alias_example_alias_consumer' retrieved from /home/airflow/.local/lib/python3.12/site-packages/airflow/example_dags/example_dataset_alias.py
[2025-01-28T22:51:09.916+0000] {logging_mixin.py:190} INFO - [2025-01-28T22:51:09.916+0000] {dag.py:3239} INFO - Sync 4 DAGs
[2025-01-28T22:51:09.940+0000] {logging_mixin.py:190} INFO - [2025-01-28T22:51:09.939+0000] {dag.py:4180} INFO - Setting next_dagrun for dataset_alias_example_alias_consumer to None, run_after=None
[2025-01-28T22:51:09.943+0000] {logging_mixin.py:190} INFO - [2025-01-28T22:51:09.943+0000] {dag.py:4180} INFO - Setting next_dagrun for dataset_alias_example_alias_producer to None, run_after=None
[2025-01-28T22:51:09.945+0000] {logging_mixin.py:190} INFO - [2025-01-28T22:51:09.944+0000] {dag.py:4180} INFO - Setting next_dagrun for dataset_s3_bucket_consumer to None, run_after=None
[2025-01-28T22:51:09.946+0000] {logging_mixin.py:190} INFO - [2025-01-28T22:51:09.946+0000] {dag.py:4180} INFO - Setting next_dagrun for dataset_s3_bucket_producer to None, run_after=None
[2025-01-28T22:51:09.967+0000] {processor.py:208} INFO - Processing /home/airflow/.local/lib/python3.12/site-packages/airflow/example_dags/example_dataset_alias.py took 0.640 seconds
[2025-01-28T22:51:40.259+0000] {processor.py:186} INFO - Started process (PID=70935) to work on /home/airflow/.local/lib/python3.12/site-packages/airflow/example_dags/example_dataset_alias.py
[2025-01-28T22:51:40.261+0000] {processor.py:914} INFO - Processing file /home/airflow/.local/lib/python3.12/site-packages/airflow/example_dags/example_dataset_alias.py for tasks to queue
[2025-01-28T22:51:40.265+0000] {logging_mixin.py:190} INFO - [2025-01-28T22:51:40.264+0000] {dagbag.py:588} INFO - Filling up the DagBag from /home/airflow/.local/lib/python3.12/site-packages/airflow/example_dags/example_dataset_alias.py
[2025-01-28T22:51:41.078+0000] {processor.py:925} INFO - DAG(s) 'dataset_alias_example_alias_consumer', 'dataset_s3_bucket_producer', 'dataset_alias_example_alias_producer', 'dataset_s3_bucket_consumer' retrieved from /home/airflow/.local/lib/python3.12/site-packages/airflow/example_dags/example_dataset_alias.py
[2025-01-28T22:51:41.115+0000] {logging_mixin.py:190} INFO - [2025-01-28T22:51:41.114+0000] {dag.py:3239} INFO - Sync 4 DAGs
[2025-01-28T22:51:41.148+0000] {logging_mixin.py:190} INFO - [2025-01-28T22:51:41.148+0000] {dag.py:4180} INFO - Setting next_dagrun for dataset_alias_example_alias_consumer to None, run_after=None
[2025-01-28T22:51:41.153+0000] {logging_mixin.py:190} INFO - [2025-01-28T22:51:41.153+0000] {dag.py:4180} INFO - Setting next_dagrun for dataset_alias_example_alias_producer to None, run_after=None
[2025-01-28T22:51:41.157+0000] {logging_mixin.py:190} INFO - [2025-01-28T22:51:41.156+0000] {dag.py:4180} INFO - Setting next_dagrun for dataset_s3_bucket_consumer to None, run_after=None
[2025-01-28T22:51:41.159+0000] {logging_mixin.py:190} INFO - [2025-01-28T22:51:41.158+0000] {dag.py:4180} INFO - Setting next_dagrun for dataset_s3_bucket_producer to None, run_after=None
[2025-01-28T22:51:41.188+0000] {processor.py:208} INFO - Processing /home/airflow/.local/lib/python3.12/site-packages/airflow/example_dags/example_dataset_alias.py took 0.941 seconds
[2025-01-28T22:52:16.827+0000] {processor.py:186} INFO - Started process (PID=71207) to work on /home/airflow/.local/lib/python3.12/site-packages/airflow/example_dags/example_dataset_alias.py
[2025-01-28T22:52:16.829+0000] {processor.py:914} INFO - Processing file /home/airflow/.local/lib/python3.12/site-packages/airflow/example_dags/example_dataset_alias.py for tasks to queue
[2025-01-28T22:52:16.839+0000] {logging_mixin.py:190} INFO - [2025-01-28T22:52:16.838+0000] {dagbag.py:588} INFO - Filling up the DagBag from /home/airflow/.local/lib/python3.12/site-packages/airflow/example_dags/example_dataset_alias.py
[2025-01-28T22:52:17.982+0000] {processor.py:925} INFO - DAG(s) 'dataset_s3_bucket_consumer', 'dataset_alias_example_alias_consumer', 'dataset_alias_example_alias_producer', 'dataset_s3_bucket_producer' retrieved from /home/airflow/.local/lib/python3.12/site-packages/airflow/example_dags/example_dataset_alias.py
[2025-01-28T22:52:18.013+0000] {logging_mixin.py:190} INFO - [2025-01-28T22:52:18.012+0000] {dag.py:3239} INFO - Sync 4 DAGs
[2025-01-28T22:52:18.049+0000] {logging_mixin.py:190} INFO - [2025-01-28T22:52:18.048+0000] {dag.py:4180} INFO - Setting next_dagrun for dataset_alias_example_alias_consumer to None, run_after=None
[2025-01-28T22:52:18.055+0000] {logging_mixin.py:190} INFO - [2025-01-28T22:52:18.055+0000] {dag.py:4180} INFO - Setting next_dagrun for dataset_alias_example_alias_producer to None, run_after=None
[2025-01-28T22:52:18.058+0000] {logging_mixin.py:190} INFO - [2025-01-28T22:52:18.058+0000] {dag.py:4180} INFO - Setting next_dagrun for dataset_s3_bucket_consumer to None, run_after=None
[2025-01-28T22:52:18.060+0000] {logging_mixin.py:190} INFO - [2025-01-28T22:52:18.060+0000] {dag.py:4180} INFO - Setting next_dagrun for dataset_s3_bucket_producer to None, run_after=None
[2025-01-28T22:52:18.095+0000] {processor.py:208} INFO - Processing /home/airflow/.local/lib/python3.12/site-packages/airflow/example_dags/example_dataset_alias.py took 1.277 seconds
[2025-01-28T22:52:48.528+0000] {processor.py:186} INFO - Started process (PID=71503) to work on /home/airflow/.local/lib/python3.12/site-packages/airflow/example_dags/example_dataset_alias.py
[2025-01-28T22:52:48.529+0000] {processor.py:914} INFO - Processing file /home/airflow/.local/lib/python3.12/site-packages/airflow/example_dags/example_dataset_alias.py for tasks to queue
[2025-01-28T22:52:48.533+0000] {logging_mixin.py:190} INFO - [2025-01-28T22:52:48.533+0000] {dagbag.py:588} INFO - Filling up the DagBag from /home/airflow/.local/lib/python3.12/site-packages/airflow/example_dags/example_dataset_alias.py
[2025-01-28T22:52:50.821+0000] {processor.py:925} INFO - DAG(s) 'dataset_s3_bucket_consumer', 'dataset_alias_example_alias_consumer', 'dataset_s3_bucket_producer', 'dataset_alias_example_alias_producer' retrieved from /home/airflow/.local/lib/python3.12/site-packages/airflow/example_dags/example_dataset_alias.py
[2025-01-28T22:52:50.858+0000] {logging_mixin.py:190} INFO - [2025-01-28T22:52:50.857+0000] {dag.py:3239} INFO - Sync 4 DAGs
[2025-01-28T22:52:50.901+0000] {logging_mixin.py:190} INFO - [2025-01-28T22:52:50.900+0000] {dag.py:4180} INFO - Setting next_dagrun for dataset_alias_example_alias_consumer to None, run_after=None
[2025-01-28T22:52:50.906+0000] {logging_mixin.py:190} INFO - [2025-01-28T22:52:50.905+0000] {dag.py:4180} INFO - Setting next_dagrun for dataset_alias_example_alias_producer to None, run_after=None
[2025-01-28T22:52:50.908+0000] {logging_mixin.py:190} INFO - [2025-01-28T22:52:50.908+0000] {dag.py:4180} INFO - Setting next_dagrun for dataset_s3_bucket_consumer to None, run_after=None
[2025-01-28T22:52:50.910+0000] {logging_mixin.py:190} INFO - [2025-01-28T22:52:50.909+0000] {dag.py:4180} INFO - Setting next_dagrun for dataset_s3_bucket_producer to None, run_after=None
[2025-01-28T22:52:50.941+0000] {processor.py:208} INFO - Processing /home/airflow/.local/lib/python3.12/site-packages/airflow/example_dags/example_dataset_alias.py took 2.430 seconds
