[2025-01-28T22:42:47.558+0000] {processor.py:186} INFO - Started process (PID=65643) to work on /home/airflow/.local/lib/python3.12/site-packages/airflow/example_dags/example_short_circuit_decorator.py
[2025-01-28T22:42:47.570+0000] {processor.py:914} INFO - Processing file /home/airflow/.local/lib/python3.12/site-packages/airflow/example_dags/example_short_circuit_decorator.py for tasks to queue
[2025-01-28T22:42:47.576+0000] {logging_mixin.py:190} INFO - [2025-01-28T22:42:47.575+0000] {dagbag.py:588} INFO - Filling up the DagBag from /home/airflow/.local/lib/python3.12/site-packages/airflow/example_dags/example_short_circuit_decorator.py
[2025-01-28T22:42:47.598+0000] {processor.py:925} INFO - DAG(s) 'example_short_circuit_decorator' retrieved from /home/airflow/.local/lib/python3.12/site-packages/airflow/example_dags/example_short_circuit_decorator.py
[2025-01-28T22:42:47.652+0000] {logging_mixin.py:190} INFO - [2025-01-28T22:42:47.651+0000] {dag.py:3239} INFO - Sync 1 DAGs
[2025-01-28T22:42:47.694+0000] {logging_mixin.py:190} INFO - [2025-01-28T22:42:47.693+0000] {dag.py:4180} INFO - Setting next_dagrun for example_short_circuit_decorator to None, run_after=None
[2025-01-28T22:42:47.747+0000] {processor.py:208} INFO - Processing /home/airflow/.local/lib/python3.12/site-packages/airflow/example_dags/example_short_circuit_decorator.py took 0.197 seconds
[2025-01-28T22:43:18.625+0000] {processor.py:186} INFO - Started process (PID=65941) to work on /home/airflow/.local/lib/python3.12/site-packages/airflow/example_dags/example_short_circuit_decorator.py
[2025-01-28T22:43:18.626+0000] {processor.py:914} INFO - Processing file /home/airflow/.local/lib/python3.12/site-packages/airflow/example_dags/example_short_circuit_decorator.py for tasks to queue
[2025-01-28T22:43:18.629+0000] {logging_mixin.py:190} INFO - [2025-01-28T22:43:18.629+0000] {dagbag.py:588} INFO - Filling up the DagBag from /home/airflow/.local/lib/python3.12/site-packages/airflow/example_dags/example_short_circuit_decorator.py
[2025-01-28T22:43:18.637+0000] {processor.py:925} INFO - DAG(s) 'example_short_circuit_decorator' retrieved from /home/airflow/.local/lib/python3.12/site-packages/airflow/example_dags/example_short_circuit_decorator.py
[2025-01-28T22:43:18.658+0000] {logging_mixin.py:190} INFO - [2025-01-28T22:43:18.658+0000] {dag.py:3239} INFO - Sync 1 DAGs
[2025-01-28T22:43:18.670+0000] {logging_mixin.py:190} INFO - [2025-01-28T22:43:18.670+0000] {dag.py:4180} INFO - Setting next_dagrun for example_short_circuit_decorator to None, run_after=None
[2025-01-28T22:43:18.688+0000] {processor.py:208} INFO - Processing /home/airflow/.local/lib/python3.12/site-packages/airflow/example_dags/example_short_circuit_decorator.py took 0.068 seconds
[2025-01-28T22:43:49.517+0000] {processor.py:186} INFO - Started process (PID=66237) to work on /home/airflow/.local/lib/python3.12/site-packages/airflow/example_dags/example_short_circuit_decorator.py
[2025-01-28T22:43:49.519+0000] {processor.py:914} INFO - Processing file /home/airflow/.local/lib/python3.12/site-packages/airflow/example_dags/example_short_circuit_decorator.py for tasks to queue
[2025-01-28T22:43:49.521+0000] {logging_mixin.py:190} INFO - [2025-01-28T22:43:49.521+0000] {dagbag.py:588} INFO - Filling up the DagBag from /home/airflow/.local/lib/python3.12/site-packages/airflow/example_dags/example_short_circuit_decorator.py
[2025-01-28T22:43:49.535+0000] {processor.py:925} INFO - DAG(s) 'example_short_circuit_decorator' retrieved from /home/airflow/.local/lib/python3.12/site-packages/airflow/example_dags/example_short_circuit_decorator.py
[2025-01-28T22:43:49.559+0000] {logging_mixin.py:190} INFO - [2025-01-28T22:43:49.559+0000] {dag.py:3239} INFO - Sync 1 DAGs
[2025-01-28T22:43:49.575+0000] {logging_mixin.py:190} INFO - [2025-01-28T22:43:49.574+0000] {dag.py:4180} INFO - Setting next_dagrun for example_short_circuit_decorator to None, run_after=None
[2025-01-28T22:43:49.594+0000] {processor.py:208} INFO - Processing /home/airflow/.local/lib/python3.12/site-packages/airflow/example_dags/example_short_circuit_decorator.py took 0.085 seconds
[2025-01-28T22:44:19.673+0000] {processor.py:186} INFO - Started process (PID=66533) to work on /home/airflow/.local/lib/python3.12/site-packages/airflow/example_dags/example_short_circuit_decorator.py
[2025-01-28T22:44:19.674+0000] {processor.py:914} INFO - Processing file /home/airflow/.local/lib/python3.12/site-packages/airflow/example_dags/example_short_circuit_decorator.py for tasks to queue
[2025-01-28T22:44:19.676+0000] {logging_mixin.py:190} INFO - [2025-01-28T22:44:19.676+0000] {dagbag.py:588} INFO - Filling up the DagBag from /home/airflow/.local/lib/python3.12/site-packages/airflow/example_dags/example_short_circuit_decorator.py
[2025-01-28T22:44:19.684+0000] {processor.py:925} INFO - DAG(s) 'example_short_circuit_decorator' retrieved from /home/airflow/.local/lib/python3.12/site-packages/airflow/example_dags/example_short_circuit_decorator.py
[2025-01-28T22:44:19.704+0000] {logging_mixin.py:190} INFO - [2025-01-28T22:44:19.704+0000] {dag.py:3239} INFO - Sync 1 DAGs
[2025-01-28T22:44:19.716+0000] {logging_mixin.py:190} INFO - [2025-01-28T22:44:19.716+0000] {dag.py:4180} INFO - Setting next_dagrun for example_short_circuit_decorator to None, run_after=None
[2025-01-28T22:44:19.731+0000] {processor.py:208} INFO - Processing /home/airflow/.local/lib/python3.12/site-packages/airflow/example_dags/example_short_circuit_decorator.py took 0.064 seconds
[2025-01-28T22:44:50.147+0000] {processor.py:186} INFO - Started process (PID=66829) to work on /home/airflow/.local/lib/python3.12/site-packages/airflow/example_dags/example_short_circuit_decorator.py
[2025-01-28T22:44:50.148+0000] {processor.py:914} INFO - Processing file /home/airflow/.local/lib/python3.12/site-packages/airflow/example_dags/example_short_circuit_decorator.py for tasks to queue
[2025-01-28T22:44:50.150+0000] {logging_mixin.py:190} INFO - [2025-01-28T22:44:50.150+0000] {dagbag.py:588} INFO - Filling up the DagBag from /home/airflow/.local/lib/python3.12/site-packages/airflow/example_dags/example_short_circuit_decorator.py
[2025-01-28T22:44:50.158+0000] {processor.py:925} INFO - DAG(s) 'example_short_circuit_decorator' retrieved from /home/airflow/.local/lib/python3.12/site-packages/airflow/example_dags/example_short_circuit_decorator.py
[2025-01-28T22:44:50.178+0000] {logging_mixin.py:190} INFO - [2025-01-28T22:44:50.178+0000] {dag.py:3239} INFO - Sync 1 DAGs
[2025-01-28T22:44:50.190+0000] {logging_mixin.py:190} INFO - [2025-01-28T22:44:50.190+0000] {dag.py:4180} INFO - Setting next_dagrun for example_short_circuit_decorator to None, run_after=None
[2025-01-28T22:44:50.209+0000] {processor.py:208} INFO - Processing /home/airflow/.local/lib/python3.12/site-packages/airflow/example_dags/example_short_circuit_decorator.py took 0.068 seconds
[2025-01-28T22:45:20.848+0000] {processor.py:186} INFO - Started process (PID=67125) to work on /home/airflow/.local/lib/python3.12/site-packages/airflow/example_dags/example_short_circuit_decorator.py
[2025-01-28T22:45:20.850+0000] {processor.py:914} INFO - Processing file /home/airflow/.local/lib/python3.12/site-packages/airflow/example_dags/example_short_circuit_decorator.py for tasks to queue
[2025-01-28T22:45:20.852+0000] {logging_mixin.py:190} INFO - [2025-01-28T22:45:20.852+0000] {dagbag.py:588} INFO - Filling up the DagBag from /home/airflow/.local/lib/python3.12/site-packages/airflow/example_dags/example_short_circuit_decorator.py
[2025-01-28T22:45:20.861+0000] {processor.py:925} INFO - DAG(s) 'example_short_circuit_decorator' retrieved from /home/airflow/.local/lib/python3.12/site-packages/airflow/example_dags/example_short_circuit_decorator.py
[2025-01-28T22:45:20.889+0000] {logging_mixin.py:190} INFO - [2025-01-28T22:45:20.889+0000] {dag.py:3239} INFO - Sync 1 DAGs
[2025-01-28T22:45:20.904+0000] {logging_mixin.py:190} INFO - [2025-01-28T22:45:20.903+0000] {dag.py:4180} INFO - Setting next_dagrun for example_short_circuit_decorator to None, run_after=None
[2025-01-28T22:45:20.926+0000] {processor.py:208} INFO - Processing /home/airflow/.local/lib/python3.12/site-packages/airflow/example_dags/example_short_circuit_decorator.py took 0.083 seconds
[2025-01-28T22:45:51.368+0000] {processor.py:186} INFO - Started process (PID=67421) to work on /home/airflow/.local/lib/python3.12/site-packages/airflow/example_dags/example_short_circuit_decorator.py
[2025-01-28T22:45:51.369+0000] {processor.py:914} INFO - Processing file /home/airflow/.local/lib/python3.12/site-packages/airflow/example_dags/example_short_circuit_decorator.py for tasks to queue
[2025-01-28T22:45:51.373+0000] {logging_mixin.py:190} INFO - [2025-01-28T22:45:51.373+0000] {dagbag.py:588} INFO - Filling up the DagBag from /home/airflow/.local/lib/python3.12/site-packages/airflow/example_dags/example_short_circuit_decorator.py
[2025-01-28T22:45:51.388+0000] {processor.py:925} INFO - DAG(s) 'example_short_circuit_decorator' retrieved from /home/airflow/.local/lib/python3.12/site-packages/airflow/example_dags/example_short_circuit_decorator.py
[2025-01-28T22:45:51.418+0000] {logging_mixin.py:190} INFO - [2025-01-28T22:45:51.418+0000] {dag.py:3239} INFO - Sync 1 DAGs
[2025-01-28T22:45:51.444+0000] {logging_mixin.py:190} INFO - [2025-01-28T22:45:51.443+0000] {dag.py:4180} INFO - Setting next_dagrun for example_short_circuit_decorator to None, run_after=None
[2025-01-28T22:45:51.464+0000] {processor.py:208} INFO - Processing /home/airflow/.local/lib/python3.12/site-packages/airflow/example_dags/example_short_circuit_decorator.py took 0.103 seconds
[2025-01-28T22:46:21.513+0000] {processor.py:186} INFO - Started process (PID=67714) to work on /home/airflow/.local/lib/python3.12/site-packages/airflow/example_dags/example_short_circuit_decorator.py
[2025-01-28T22:46:21.514+0000] {processor.py:914} INFO - Processing file /home/airflow/.local/lib/python3.12/site-packages/airflow/example_dags/example_short_circuit_decorator.py for tasks to queue
[2025-01-28T22:46:21.516+0000] {logging_mixin.py:190} INFO - [2025-01-28T22:46:21.516+0000] {dagbag.py:588} INFO - Filling up the DagBag from /home/airflow/.local/lib/python3.12/site-packages/airflow/example_dags/example_short_circuit_decorator.py
[2025-01-28T22:46:21.524+0000] {processor.py:925} INFO - DAG(s) 'example_short_circuit_decorator' retrieved from /home/airflow/.local/lib/python3.12/site-packages/airflow/example_dags/example_short_circuit_decorator.py
[2025-01-28T22:46:21.544+0000] {logging_mixin.py:190} INFO - [2025-01-28T22:46:21.543+0000] {dag.py:3239} INFO - Sync 1 DAGs
[2025-01-28T22:46:21.556+0000] {logging_mixin.py:190} INFO - [2025-01-28T22:46:21.556+0000] {dag.py:4180} INFO - Setting next_dagrun for example_short_circuit_decorator to None, run_after=None
[2025-01-28T22:46:21.574+0000] {processor.py:208} INFO - Processing /home/airflow/.local/lib/python3.12/site-packages/airflow/example_dags/example_short_circuit_decorator.py took 0.066 seconds
[2025-01-28T22:46:51.762+0000] {processor.py:186} INFO - Started process (PID=68010) to work on /home/airflow/.local/lib/python3.12/site-packages/airflow/example_dags/example_short_circuit_decorator.py
[2025-01-28T22:46:51.763+0000] {processor.py:914} INFO - Processing file /home/airflow/.local/lib/python3.12/site-packages/airflow/example_dags/example_short_circuit_decorator.py for tasks to queue
[2025-01-28T22:46:51.766+0000] {logging_mixin.py:190} INFO - [2025-01-28T22:46:51.765+0000] {dagbag.py:588} INFO - Filling up the DagBag from /home/airflow/.local/lib/python3.12/site-packages/airflow/example_dags/example_short_circuit_decorator.py
[2025-01-28T22:46:51.774+0000] {processor.py:925} INFO - DAG(s) 'example_short_circuit_decorator' retrieved from /home/airflow/.local/lib/python3.12/site-packages/airflow/example_dags/example_short_circuit_decorator.py
[2025-01-28T22:46:51.792+0000] {logging_mixin.py:190} INFO - [2025-01-28T22:46:51.792+0000] {dag.py:3239} INFO - Sync 1 DAGs
[2025-01-28T22:46:51.803+0000] {logging_mixin.py:190} INFO - [2025-01-28T22:46:51.803+0000] {dag.py:4180} INFO - Setting next_dagrun for example_short_circuit_decorator to None, run_after=None
[2025-01-28T22:46:51.822+0000] {processor.py:208} INFO - Processing /home/airflow/.local/lib/python3.12/site-packages/airflow/example_dags/example_short_circuit_decorator.py took 0.064 seconds
[2025-01-28T22:47:22.284+0000] {processor.py:186} INFO - Started process (PID=68309) to work on /home/airflow/.local/lib/python3.12/site-packages/airflow/example_dags/example_short_circuit_decorator.py
[2025-01-28T22:47:22.285+0000] {processor.py:914} INFO - Processing file /home/airflow/.local/lib/python3.12/site-packages/airflow/example_dags/example_short_circuit_decorator.py for tasks to queue
[2025-01-28T22:47:22.286+0000] {logging_mixin.py:190} INFO - [2025-01-28T22:47:22.286+0000] {dagbag.py:588} INFO - Filling up the DagBag from /home/airflow/.local/lib/python3.12/site-packages/airflow/example_dags/example_short_circuit_decorator.py
[2025-01-28T22:47:22.294+0000] {processor.py:925} INFO - DAG(s) 'example_short_circuit_decorator' retrieved from /home/airflow/.local/lib/python3.12/site-packages/airflow/example_dags/example_short_circuit_decorator.py
[2025-01-28T22:47:22.319+0000] {logging_mixin.py:190} INFO - [2025-01-28T22:47:22.318+0000] {dag.py:3239} INFO - Sync 1 DAGs
[2025-01-28T22:47:22.331+0000] {logging_mixin.py:190} INFO - [2025-01-28T22:47:22.331+0000] {dag.py:4180} INFO - Setting next_dagrun for example_short_circuit_decorator to None, run_after=None
[2025-01-28T22:47:22.349+0000] {processor.py:208} INFO - Processing /home/airflow/.local/lib/python3.12/site-packages/airflow/example_dags/example_short_circuit_decorator.py took 0.072 seconds
[2025-01-28T22:47:52.880+0000] {processor.py:186} INFO - Started process (PID=68605) to work on /home/airflow/.local/lib/python3.12/site-packages/airflow/example_dags/example_short_circuit_decorator.py
[2025-01-28T22:47:52.882+0000] {processor.py:914} INFO - Processing file /home/airflow/.local/lib/python3.12/site-packages/airflow/example_dags/example_short_circuit_decorator.py for tasks to queue
[2025-01-28T22:47:52.884+0000] {logging_mixin.py:190} INFO - [2025-01-28T22:47:52.884+0000] {dagbag.py:588} INFO - Filling up the DagBag from /home/airflow/.local/lib/python3.12/site-packages/airflow/example_dags/example_short_circuit_decorator.py
[2025-01-28T22:47:52.892+0000] {processor.py:925} INFO - DAG(s) 'example_short_circuit_decorator' retrieved from /home/airflow/.local/lib/python3.12/site-packages/airflow/example_dags/example_short_circuit_decorator.py
[2025-01-28T22:47:52.914+0000] {logging_mixin.py:190} INFO - [2025-01-28T22:47:52.914+0000] {dag.py:3239} INFO - Sync 1 DAGs
[2025-01-28T22:47:52.926+0000] {logging_mixin.py:190} INFO - [2025-01-28T22:47:52.926+0000] {dag.py:4180} INFO - Setting next_dagrun for example_short_circuit_decorator to None, run_after=None
[2025-01-28T22:47:52.943+0000] {processor.py:208} INFO - Processing /home/airflow/.local/lib/python3.12/site-packages/airflow/example_dags/example_short_circuit_decorator.py took 0.068 seconds
[2025-01-28T22:48:23.272+0000] {processor.py:186} INFO - Started process (PID=68901) to work on /home/airflow/.local/lib/python3.12/site-packages/airflow/example_dags/example_short_circuit_decorator.py
[2025-01-28T22:48:23.273+0000] {processor.py:914} INFO - Processing file /home/airflow/.local/lib/python3.12/site-packages/airflow/example_dags/example_short_circuit_decorator.py for tasks to queue
[2025-01-28T22:48:23.275+0000] {logging_mixin.py:190} INFO - [2025-01-28T22:48:23.275+0000] {dagbag.py:588} INFO - Filling up the DagBag from /home/airflow/.local/lib/python3.12/site-packages/airflow/example_dags/example_short_circuit_decorator.py
[2025-01-28T22:48:23.287+0000] {processor.py:925} INFO - DAG(s) 'example_short_circuit_decorator' retrieved from /home/airflow/.local/lib/python3.12/site-packages/airflow/example_dags/example_short_circuit_decorator.py
[2025-01-28T22:48:23.307+0000] {logging_mixin.py:190} INFO - [2025-01-28T22:48:23.307+0000] {dag.py:3239} INFO - Sync 1 DAGs
[2025-01-28T22:48:23.319+0000] {logging_mixin.py:190} INFO - [2025-01-28T22:48:23.319+0000] {dag.py:4180} INFO - Setting next_dagrun for example_short_circuit_decorator to None, run_after=None
[2025-01-28T22:48:23.338+0000] {processor.py:208} INFO - Processing /home/airflow/.local/lib/python3.12/site-packages/airflow/example_dags/example_short_circuit_decorator.py took 0.070 seconds
[2025-01-28T22:48:54.067+0000] {processor.py:186} INFO - Started process (PID=69197) to work on /home/airflow/.local/lib/python3.12/site-packages/airflow/example_dags/example_short_circuit_decorator.py
[2025-01-28T22:48:54.068+0000] {processor.py:914} INFO - Processing file /home/airflow/.local/lib/python3.12/site-packages/airflow/example_dags/example_short_circuit_decorator.py for tasks to queue
[2025-01-28T22:48:54.071+0000] {logging_mixin.py:190} INFO - [2025-01-28T22:48:54.070+0000] {dagbag.py:588} INFO - Filling up the DagBag from /home/airflow/.local/lib/python3.12/site-packages/airflow/example_dags/example_short_circuit_decorator.py
[2025-01-28T22:48:54.080+0000] {processor.py:925} INFO - DAG(s) 'example_short_circuit_decorator' retrieved from /home/airflow/.local/lib/python3.12/site-packages/airflow/example_dags/example_short_circuit_decorator.py
[2025-01-28T22:48:54.104+0000] {logging_mixin.py:190} INFO - [2025-01-28T22:48:54.103+0000] {dag.py:3239} INFO - Sync 1 DAGs
[2025-01-28T22:48:54.118+0000] {logging_mixin.py:190} INFO - [2025-01-28T22:48:54.118+0000] {dag.py:4180} INFO - Setting next_dagrun for example_short_circuit_decorator to None, run_after=None
[2025-01-28T22:48:54.137+0000] {processor.py:208} INFO - Processing /home/airflow/.local/lib/python3.12/site-packages/airflow/example_dags/example_short_circuit_decorator.py took 0.075 seconds
[2025-01-28T22:49:24.744+0000] {processor.py:186} INFO - Started process (PID=69493) to work on /home/airflow/.local/lib/python3.12/site-packages/airflow/example_dags/example_short_circuit_decorator.py
[2025-01-28T22:49:24.745+0000] {processor.py:914} INFO - Processing file /home/airflow/.local/lib/python3.12/site-packages/airflow/example_dags/example_short_circuit_decorator.py for tasks to queue
[2025-01-28T22:49:24.748+0000] {logging_mixin.py:190} INFO - [2025-01-28T22:49:24.747+0000] {dagbag.py:588} INFO - Filling up the DagBag from /home/airflow/.local/lib/python3.12/site-packages/airflow/example_dags/example_short_circuit_decorator.py
[2025-01-28T22:49:24.756+0000] {processor.py:925} INFO - DAG(s) 'example_short_circuit_decorator' retrieved from /home/airflow/.local/lib/python3.12/site-packages/airflow/example_dags/example_short_circuit_decorator.py
[2025-01-28T22:49:24.779+0000] {logging_mixin.py:190} INFO - [2025-01-28T22:49:24.778+0000] {dag.py:3239} INFO - Sync 1 DAGs
[2025-01-28T22:49:24.793+0000] {logging_mixin.py:190} INFO - [2025-01-28T22:49:24.793+0000] {dag.py:4180} INFO - Setting next_dagrun for example_short_circuit_decorator to None, run_after=None
[2025-01-28T22:49:24.815+0000] {processor.py:208} INFO - Processing /home/airflow/.local/lib/python3.12/site-packages/airflow/example_dags/example_short_circuit_decorator.py took 0.076 seconds
[2025-01-28T22:49:55.437+0000] {processor.py:186} INFO - Started process (PID=69797) to work on /home/airflow/.local/lib/python3.12/site-packages/airflow/example_dags/example_short_circuit_decorator.py
[2025-01-28T22:49:55.437+0000] {processor.py:914} INFO - Processing file /home/airflow/.local/lib/python3.12/site-packages/airflow/example_dags/example_short_circuit_decorator.py for tasks to queue
[2025-01-28T22:49:55.440+0000] {logging_mixin.py:190} INFO - [2025-01-28T22:49:55.440+0000] {dagbag.py:588} INFO - Filling up the DagBag from /home/airflow/.local/lib/python3.12/site-packages/airflow/example_dags/example_short_circuit_decorator.py
[2025-01-28T22:49:55.448+0000] {processor.py:925} INFO - DAG(s) 'example_short_circuit_decorator' retrieved from /home/airflow/.local/lib/python3.12/site-packages/airflow/example_dags/example_short_circuit_decorator.py
[2025-01-28T22:49:55.470+0000] {logging_mixin.py:190} INFO - [2025-01-28T22:49:55.470+0000] {dag.py:3239} INFO - Sync 1 DAGs
[2025-01-28T22:49:55.484+0000] {logging_mixin.py:190} INFO - [2025-01-28T22:49:55.484+0000] {dag.py:4180} INFO - Setting next_dagrun for example_short_circuit_decorator to None, run_after=None
[2025-01-28T22:49:55.505+0000] {processor.py:208} INFO - Processing /home/airflow/.local/lib/python3.12/site-packages/airflow/example_dags/example_short_circuit_decorator.py took 0.073 seconds
[2025-01-28T22:50:26.090+0000] {processor.py:186} INFO - Started process (PID=70093) to work on /home/airflow/.local/lib/python3.12/site-packages/airflow/example_dags/example_short_circuit_decorator.py
[2025-01-28T22:50:26.091+0000] {processor.py:914} INFO - Processing file /home/airflow/.local/lib/python3.12/site-packages/airflow/example_dags/example_short_circuit_decorator.py for tasks to queue
[2025-01-28T22:50:26.093+0000] {logging_mixin.py:190} INFO - [2025-01-28T22:50:26.093+0000] {dagbag.py:588} INFO - Filling up the DagBag from /home/airflow/.local/lib/python3.12/site-packages/airflow/example_dags/example_short_circuit_decorator.py
[2025-01-28T22:50:26.102+0000] {processor.py:925} INFO - DAG(s) 'example_short_circuit_decorator' retrieved from /home/airflow/.local/lib/python3.12/site-packages/airflow/example_dags/example_short_circuit_decorator.py
[2025-01-28T22:50:26.130+0000] {logging_mixin.py:190} INFO - [2025-01-28T22:50:26.129+0000] {dag.py:3239} INFO - Sync 1 DAGs
[2025-01-28T22:50:26.144+0000] {logging_mixin.py:190} INFO - [2025-01-28T22:50:26.144+0000] {dag.py:4180} INFO - Setting next_dagrun for example_short_circuit_decorator to None, run_after=None
[2025-01-28T22:50:26.163+0000] {processor.py:208} INFO - Processing /home/airflow/.local/lib/python3.12/site-packages/airflow/example_dags/example_short_circuit_decorator.py took 0.078 seconds
[2025-01-28T22:50:56.490+0000] {processor.py:186} INFO - Started process (PID=70389) to work on /home/airflow/.local/lib/python3.12/site-packages/airflow/example_dags/example_short_circuit_decorator.py
[2025-01-28T22:50:56.491+0000] {processor.py:914} INFO - Processing file /home/airflow/.local/lib/python3.12/site-packages/airflow/example_dags/example_short_circuit_decorator.py for tasks to queue
[2025-01-28T22:50:56.494+0000] {logging_mixin.py:190} INFO - [2025-01-28T22:50:56.493+0000] {dagbag.py:588} INFO - Filling up the DagBag from /home/airflow/.local/lib/python3.12/site-packages/airflow/example_dags/example_short_circuit_decorator.py
[2025-01-28T22:50:56.505+0000] {processor.py:925} INFO - DAG(s) 'example_short_circuit_decorator' retrieved from /home/airflow/.local/lib/python3.12/site-packages/airflow/example_dags/example_short_circuit_decorator.py
[2025-01-28T22:50:56.530+0000] {logging_mixin.py:190} INFO - [2025-01-28T22:50:56.529+0000] {dag.py:3239} INFO - Sync 1 DAGs
[2025-01-28T22:50:56.544+0000] {logging_mixin.py:190} INFO - [2025-01-28T22:50:56.544+0000] {dag.py:4180} INFO - Setting next_dagrun for example_short_circuit_decorator to None, run_after=None
[2025-01-28T22:50:56.562+0000] {processor.py:208} INFO - Processing /home/airflow/.local/lib/python3.12/site-packages/airflow/example_dags/example_short_circuit_decorator.py took 0.081 seconds
[2025-01-28T22:51:26.729+0000] {processor.py:186} INFO - Started process (PID=70685) to work on /home/airflow/.local/lib/python3.12/site-packages/airflow/example_dags/example_short_circuit_decorator.py
[2025-01-28T22:51:26.730+0000] {processor.py:914} INFO - Processing file /home/airflow/.local/lib/python3.12/site-packages/airflow/example_dags/example_short_circuit_decorator.py for tasks to queue
[2025-01-28T22:51:26.733+0000] {logging_mixin.py:190} INFO - [2025-01-28T22:51:26.732+0000] {dagbag.py:588} INFO - Filling up the DagBag from /home/airflow/.local/lib/python3.12/site-packages/airflow/example_dags/example_short_circuit_decorator.py
[2025-01-28T22:51:26.746+0000] {processor.py:925} INFO - DAG(s) 'example_short_circuit_decorator' retrieved from /home/airflow/.local/lib/python3.12/site-packages/airflow/example_dags/example_short_circuit_decorator.py
[2025-01-28T22:51:26.773+0000] {logging_mixin.py:190} INFO - [2025-01-28T22:51:26.772+0000] {dag.py:3239} INFO - Sync 1 DAGs
[2025-01-28T22:51:26.787+0000] {logging_mixin.py:190} INFO - [2025-01-28T22:51:26.787+0000] {dag.py:4180} INFO - Setting next_dagrun for example_short_circuit_decorator to None, run_after=None
[2025-01-28T22:51:26.808+0000] {processor.py:208} INFO - Processing /home/airflow/.local/lib/python3.12/site-packages/airflow/example_dags/example_short_circuit_decorator.py took 0.085 seconds
[2025-01-28T22:51:57.414+0000] {processor.py:186} INFO - Started process (PID=70982) to work on /home/airflow/.local/lib/python3.12/site-packages/airflow/example_dags/example_short_circuit_decorator.py
[2025-01-28T22:51:57.416+0000] {processor.py:914} INFO - Processing file /home/airflow/.local/lib/python3.12/site-packages/airflow/example_dags/example_short_circuit_decorator.py for tasks to queue
[2025-01-28T22:51:57.421+0000] {logging_mixin.py:190} INFO - [2025-01-28T22:51:57.420+0000] {dagbag.py:588} INFO - Filling up the DagBag from /home/airflow/.local/lib/python3.12/site-packages/airflow/example_dags/example_short_circuit_decorator.py
[2025-01-28T22:51:57.450+0000] {processor.py:925} INFO - DAG(s) 'example_short_circuit_decorator' retrieved from /home/airflow/.local/lib/python3.12/site-packages/airflow/example_dags/example_short_circuit_decorator.py
[2025-01-28T22:51:57.495+0000] {logging_mixin.py:190} INFO - [2025-01-28T22:51:57.495+0000] {dag.py:3239} INFO - Sync 1 DAGs
[2025-01-28T22:51:57.525+0000] {logging_mixin.py:190} INFO - [2025-01-28T22:51:57.525+0000] {dag.py:4180} INFO - Setting next_dagrun for example_short_circuit_decorator to None, run_after=None
[2025-01-28T22:51:57.567+0000] {processor.py:208} INFO - Processing /home/airflow/.local/lib/python3.12/site-packages/airflow/example_dags/example_short_circuit_decorator.py took 0.168 seconds
[2025-01-28T22:52:28.357+0000] {processor.py:186} INFO - Started process (PID=71278) to work on /home/airflow/.local/lib/python3.12/site-packages/airflow/example_dags/example_short_circuit_decorator.py
[2025-01-28T22:52:28.369+0000] {processor.py:914} INFO - Processing file /home/airflow/.local/lib/python3.12/site-packages/airflow/example_dags/example_short_circuit_decorator.py for tasks to queue
[2025-01-28T22:52:28.378+0000] {logging_mixin.py:190} INFO - [2025-01-28T22:52:28.377+0000] {dagbag.py:588} INFO - Filling up the DagBag from /home/airflow/.local/lib/python3.12/site-packages/airflow/example_dags/example_short_circuit_decorator.py
[2025-01-28T22:52:28.403+0000] {processor.py:925} INFO - DAG(s) 'example_short_circuit_decorator' retrieved from /home/airflow/.local/lib/python3.12/site-packages/airflow/example_dags/example_short_circuit_decorator.py
[2025-01-28T22:52:28.490+0000] {logging_mixin.py:190} INFO - [2025-01-28T22:52:28.489+0000] {dag.py:3239} INFO - Sync 1 DAGs
[2025-01-28T22:52:28.532+0000] {logging_mixin.py:190} INFO - [2025-01-28T22:52:28.531+0000] {dag.py:4180} INFO - Setting next_dagrun for example_short_circuit_decorator to None, run_after=None
[2025-01-28T22:52:28.607+0000] {processor.py:208} INFO - Processing /home/airflow/.local/lib/python3.12/site-packages/airflow/example_dags/example_short_circuit_decorator.py took 0.269 seconds
[2025-01-28T22:52:58.904+0000] {processor.py:186} INFO - Started process (PID=71574) to work on /home/airflow/.local/lib/python3.12/site-packages/airflow/example_dags/example_short_circuit_decorator.py
[2025-01-28T22:52:58.905+0000] {processor.py:914} INFO - Processing file /home/airflow/.local/lib/python3.12/site-packages/airflow/example_dags/example_short_circuit_decorator.py for tasks to queue
[2025-01-28T22:52:58.910+0000] {logging_mixin.py:190} INFO - [2025-01-28T22:52:58.909+0000] {dagbag.py:588} INFO - Filling up the DagBag from /home/airflow/.local/lib/python3.12/site-packages/airflow/example_dags/example_short_circuit_decorator.py
[2025-01-28T22:52:58.927+0000] {processor.py:925} INFO - DAG(s) 'example_short_circuit_decorator' retrieved from /home/airflow/.local/lib/python3.12/site-packages/airflow/example_dags/example_short_circuit_decorator.py
[2025-01-28T22:52:58.959+0000] {logging_mixin.py:190} INFO - [2025-01-28T22:52:58.959+0000] {dag.py:3239} INFO - Sync 1 DAGs
[2025-01-28T22:52:58.982+0000] {logging_mixin.py:190} INFO - [2025-01-28T22:52:58.981+0000] {dag.py:4180} INFO - Setting next_dagrun for example_short_circuit_decorator to None, run_after=None
[2025-01-28T22:52:59.248+0000] {processor.py:208} INFO - Processing /home/airflow/.local/lib/python3.12/site-packages/airflow/example_dags/example_short_circuit_decorator.py took 0.353 seconds
