[2025-01-28T22:42:45.229+0000] {processor.py:186} INFO - Started process (PID=65628) to work on /home/airflow/.local/lib/python3.12/site-packages/airflow/example_dags/example_dynamic_task_mapping.py
[2025-01-28T22:42:45.230+0000] {processor.py:914} INFO - Processing file /home/airflow/.local/lib/python3.12/site-packages/airflow/example_dags/example_dynamic_task_mapping.py for tasks to queue
[2025-01-28T22:42:45.233+0000] {logging_mixin.py:190} INFO - [2025-01-28T22:42:45.232+0000] {dagbag.py:588} INFO - Filling up the DagBag from /home/airflow/.local/lib/python3.12/site-packages/airflow/example_dags/example_dynamic_task_mapping.py
[2025-01-28T22:42:45.243+0000] {processor.py:925} INFO - DAG(s) 'example_dynamic_task_mapping' retrieved from /home/airflow/.local/lib/python3.12/site-packages/airflow/example_dags/example_dynamic_task_mapping.py
[2025-01-28T22:42:45.273+0000] {logging_mixin.py:190} INFO - [2025-01-28T22:42:45.272+0000] {dag.py:3239} INFO - Sync 1 DAGs
[2025-01-28T22:42:45.290+0000] {logging_mixin.py:190} INFO - [2025-01-28T22:42:45.290+0000] {dag.py:4180} INFO - Setting next_dagrun for example_dynamic_task_mapping to None, run_after=None
[2025-01-28T22:42:45.311+0000] {processor.py:208} INFO - Processing /home/airflow/.local/lib/python3.12/site-packages/airflow/example_dags/example_dynamic_task_mapping.py took 0.092 seconds
[2025-01-28T22:43:15.506+0000] {processor.py:186} INFO - Started process (PID=65923) to work on /home/airflow/.local/lib/python3.12/site-packages/airflow/example_dags/example_dynamic_task_mapping.py
[2025-01-28T22:43:15.507+0000] {processor.py:914} INFO - Processing file /home/airflow/.local/lib/python3.12/site-packages/airflow/example_dags/example_dynamic_task_mapping.py for tasks to queue
[2025-01-28T22:43:15.509+0000] {logging_mixin.py:190} INFO - [2025-01-28T22:43:15.509+0000] {dagbag.py:588} INFO - Filling up the DagBag from /home/airflow/.local/lib/python3.12/site-packages/airflow/example_dags/example_dynamic_task_mapping.py
[2025-01-28T22:43:15.517+0000] {processor.py:925} INFO - DAG(s) 'example_dynamic_task_mapping' retrieved from /home/airflow/.local/lib/python3.12/site-packages/airflow/example_dags/example_dynamic_task_mapping.py
[2025-01-28T22:43:15.535+0000] {logging_mixin.py:190} INFO - [2025-01-28T22:43:15.534+0000] {dag.py:3239} INFO - Sync 1 DAGs
[2025-01-28T22:43:15.547+0000] {logging_mixin.py:190} INFO - [2025-01-28T22:43:15.547+0000] {dag.py:4180} INFO - Setting next_dagrun for example_dynamic_task_mapping to None, run_after=None
[2025-01-28T22:43:15.562+0000] {processor.py:208} INFO - Processing /home/airflow/.local/lib/python3.12/site-packages/airflow/example_dags/example_dynamic_task_mapping.py took 0.062 seconds
[2025-01-28T22:43:46.352+0000] {processor.py:186} INFO - Started process (PID=66219) to work on /home/airflow/.local/lib/python3.12/site-packages/airflow/example_dags/example_dynamic_task_mapping.py
[2025-01-28T22:43:46.354+0000] {processor.py:914} INFO - Processing file /home/airflow/.local/lib/python3.12/site-packages/airflow/example_dags/example_dynamic_task_mapping.py for tasks to queue
[2025-01-28T22:43:46.357+0000] {logging_mixin.py:190} INFO - [2025-01-28T22:43:46.357+0000] {dagbag.py:588} INFO - Filling up the DagBag from /home/airflow/.local/lib/python3.12/site-packages/airflow/example_dags/example_dynamic_task_mapping.py
[2025-01-28T22:43:46.367+0000] {processor.py:925} INFO - DAG(s) 'example_dynamic_task_mapping' retrieved from /home/airflow/.local/lib/python3.12/site-packages/airflow/example_dags/example_dynamic_task_mapping.py
[2025-01-28T22:43:46.388+0000] {logging_mixin.py:190} INFO - [2025-01-28T22:43:46.388+0000] {dag.py:3239} INFO - Sync 1 DAGs
[2025-01-28T22:43:46.402+0000] {logging_mixin.py:190} INFO - [2025-01-28T22:43:46.402+0000] {dag.py:4180} INFO - Setting next_dagrun for example_dynamic_task_mapping to None, run_after=None
[2025-01-28T22:43:46.424+0000] {processor.py:208} INFO - Processing /home/airflow/.local/lib/python3.12/site-packages/airflow/example_dags/example_dynamic_task_mapping.py took 0.079 seconds
[2025-01-28T22:44:16.491+0000] {processor.py:186} INFO - Started process (PID=66515) to work on /home/airflow/.local/lib/python3.12/site-packages/airflow/example_dags/example_dynamic_task_mapping.py
[2025-01-28T22:44:16.492+0000] {processor.py:914} INFO - Processing file /home/airflow/.local/lib/python3.12/site-packages/airflow/example_dags/example_dynamic_task_mapping.py for tasks to queue
[2025-01-28T22:44:16.497+0000] {logging_mixin.py:190} INFO - [2025-01-28T22:44:16.496+0000] {dagbag.py:588} INFO - Filling up the DagBag from /home/airflow/.local/lib/python3.12/site-packages/airflow/example_dags/example_dynamic_task_mapping.py
[2025-01-28T22:44:16.509+0000] {processor.py:925} INFO - DAG(s) 'example_dynamic_task_mapping' retrieved from /home/airflow/.local/lib/python3.12/site-packages/airflow/example_dags/example_dynamic_task_mapping.py
[2025-01-28T22:44:16.530+0000] {logging_mixin.py:190} INFO - [2025-01-28T22:44:16.530+0000] {dag.py:3239} INFO - Sync 1 DAGs
[2025-01-28T22:44:16.544+0000] {logging_mixin.py:190} INFO - [2025-01-28T22:44:16.544+0000] {dag.py:4180} INFO - Setting next_dagrun for example_dynamic_task_mapping to None, run_after=None
[2025-01-28T22:44:16.561+0000] {processor.py:208} INFO - Processing /home/airflow/.local/lib/python3.12/site-packages/airflow/example_dags/example_dynamic_task_mapping.py took 0.078 seconds
[2025-01-28T22:44:46.726+0000] {processor.py:186} INFO - Started process (PID=66811) to work on /home/airflow/.local/lib/python3.12/site-packages/airflow/example_dags/example_dynamic_task_mapping.py
[2025-01-28T22:44:46.728+0000] {processor.py:914} INFO - Processing file /home/airflow/.local/lib/python3.12/site-packages/airflow/example_dags/example_dynamic_task_mapping.py for tasks to queue
[2025-01-28T22:44:46.730+0000] {logging_mixin.py:190} INFO - [2025-01-28T22:44:46.730+0000] {dagbag.py:588} INFO - Filling up the DagBag from /home/airflow/.local/lib/python3.12/site-packages/airflow/example_dags/example_dynamic_task_mapping.py
[2025-01-28T22:44:46.737+0000] {processor.py:925} INFO - DAG(s) 'example_dynamic_task_mapping' retrieved from /home/airflow/.local/lib/python3.12/site-packages/airflow/example_dags/example_dynamic_task_mapping.py
[2025-01-28T22:44:46.755+0000] {logging_mixin.py:190} INFO - [2025-01-28T22:44:46.755+0000] {dag.py:3239} INFO - Sync 1 DAGs
[2025-01-28T22:44:46.767+0000] {logging_mixin.py:190} INFO - [2025-01-28T22:44:46.767+0000] {dag.py:4180} INFO - Setting next_dagrun for example_dynamic_task_mapping to None, run_after=None
[2025-01-28T22:44:47.071+0000] {processor.py:208} INFO - Processing /home/airflow/.local/lib/python3.12/site-packages/airflow/example_dags/example_dynamic_task_mapping.py took 0.350 seconds
[2025-01-28T22:45:17.716+0000] {processor.py:186} INFO - Started process (PID=67107) to work on /home/airflow/.local/lib/python3.12/site-packages/airflow/example_dags/example_dynamic_task_mapping.py
[2025-01-28T22:45:17.717+0000] {processor.py:914} INFO - Processing file /home/airflow/.local/lib/python3.12/site-packages/airflow/example_dags/example_dynamic_task_mapping.py for tasks to queue
[2025-01-28T22:45:17.719+0000] {logging_mixin.py:190} INFO - [2025-01-28T22:45:17.719+0000] {dagbag.py:588} INFO - Filling up the DagBag from /home/airflow/.local/lib/python3.12/site-packages/airflow/example_dags/example_dynamic_task_mapping.py
[2025-01-28T22:45:17.726+0000] {processor.py:925} INFO - DAG(s) 'example_dynamic_task_mapping' retrieved from /home/airflow/.local/lib/python3.12/site-packages/airflow/example_dags/example_dynamic_task_mapping.py
[2025-01-28T22:45:17.745+0000] {logging_mixin.py:190} INFO - [2025-01-28T22:45:17.745+0000] {dag.py:3239} INFO - Sync 1 DAGs
[2025-01-28T22:45:17.757+0000] {logging_mixin.py:190} INFO - [2025-01-28T22:45:17.756+0000] {dag.py:4180} INFO - Setting next_dagrun for example_dynamic_task_mapping to None, run_after=None
[2025-01-28T22:45:17.776+0000] {processor.py:208} INFO - Processing /home/airflow/.local/lib/python3.12/site-packages/airflow/example_dags/example_dynamic_task_mapping.py took 0.065 seconds
[2025-01-28T22:45:48.227+0000] {processor.py:186} INFO - Started process (PID=67403) to work on /home/airflow/.local/lib/python3.12/site-packages/airflow/example_dags/example_dynamic_task_mapping.py
[2025-01-28T22:45:48.228+0000] {processor.py:914} INFO - Processing file /home/airflow/.local/lib/python3.12/site-packages/airflow/example_dags/example_dynamic_task_mapping.py for tasks to queue
[2025-01-28T22:45:48.231+0000] {logging_mixin.py:190} INFO - [2025-01-28T22:45:48.230+0000] {dagbag.py:588} INFO - Filling up the DagBag from /home/airflow/.local/lib/python3.12/site-packages/airflow/example_dags/example_dynamic_task_mapping.py
[2025-01-28T22:45:48.239+0000] {processor.py:925} INFO - DAG(s) 'example_dynamic_task_mapping' retrieved from /home/airflow/.local/lib/python3.12/site-packages/airflow/example_dags/example_dynamic_task_mapping.py
[2025-01-28T22:45:48.258+0000] {logging_mixin.py:190} INFO - [2025-01-28T22:45:48.257+0000] {dag.py:3239} INFO - Sync 1 DAGs
[2025-01-28T22:45:48.271+0000] {logging_mixin.py:190} INFO - [2025-01-28T22:45:48.271+0000] {dag.py:4180} INFO - Setting next_dagrun for example_dynamic_task_mapping to None, run_after=None
[2025-01-28T22:45:48.294+0000] {processor.py:208} INFO - Processing /home/airflow/.local/lib/python3.12/site-packages/airflow/example_dags/example_dynamic_task_mapping.py took 0.072 seconds
[2025-01-28T22:46:18.355+0000] {processor.py:186} INFO - Started process (PID=67699) to work on /home/airflow/.local/lib/python3.12/site-packages/airflow/example_dags/example_dynamic_task_mapping.py
[2025-01-28T22:46:18.356+0000] {processor.py:914} INFO - Processing file /home/airflow/.local/lib/python3.12/site-packages/airflow/example_dags/example_dynamic_task_mapping.py for tasks to queue
[2025-01-28T22:46:18.359+0000] {logging_mixin.py:190} INFO - [2025-01-28T22:46:18.359+0000] {dagbag.py:588} INFO - Filling up the DagBag from /home/airflow/.local/lib/python3.12/site-packages/airflow/example_dags/example_dynamic_task_mapping.py
[2025-01-28T22:46:18.367+0000] {processor.py:925} INFO - DAG(s) 'example_dynamic_task_mapping' retrieved from /home/airflow/.local/lib/python3.12/site-packages/airflow/example_dags/example_dynamic_task_mapping.py
[2025-01-28T22:46:18.392+0000] {logging_mixin.py:190} INFO - [2025-01-28T22:46:18.391+0000] {dag.py:3239} INFO - Sync 1 DAGs
[2025-01-28T22:46:18.411+0000] {logging_mixin.py:190} INFO - [2025-01-28T22:46:18.411+0000] {dag.py:4180} INFO - Setting next_dagrun for example_dynamic_task_mapping to None, run_after=None
[2025-01-28T22:46:18.438+0000] {processor.py:208} INFO - Processing /home/airflow/.local/lib/python3.12/site-packages/airflow/example_dags/example_dynamic_task_mapping.py took 0.088 seconds
[2025-01-28T22:46:48.617+0000] {processor.py:186} INFO - Started process (PID=67995) to work on /home/airflow/.local/lib/python3.12/site-packages/airflow/example_dags/example_dynamic_task_mapping.py
[2025-01-28T22:46:48.619+0000] {processor.py:914} INFO - Processing file /home/airflow/.local/lib/python3.12/site-packages/airflow/example_dags/example_dynamic_task_mapping.py for tasks to queue
[2025-01-28T22:46:48.622+0000] {logging_mixin.py:190} INFO - [2025-01-28T22:46:48.621+0000] {dagbag.py:588} INFO - Filling up the DagBag from /home/airflow/.local/lib/python3.12/site-packages/airflow/example_dags/example_dynamic_task_mapping.py
[2025-01-28T22:46:48.629+0000] {processor.py:925} INFO - DAG(s) 'example_dynamic_task_mapping' retrieved from /home/airflow/.local/lib/python3.12/site-packages/airflow/example_dags/example_dynamic_task_mapping.py
[2025-01-28T22:46:48.646+0000] {logging_mixin.py:190} INFO - [2025-01-28T22:46:48.646+0000] {dag.py:3239} INFO - Sync 1 DAGs
[2025-01-28T22:46:48.664+0000] {logging_mixin.py:190} INFO - [2025-01-28T22:46:48.664+0000] {dag.py:4180} INFO - Setting next_dagrun for example_dynamic_task_mapping to None, run_after=None
[2025-01-28T22:46:48.685+0000] {processor.py:208} INFO - Processing /home/airflow/.local/lib/python3.12/site-packages/airflow/example_dags/example_dynamic_task_mapping.py took 0.075 seconds
[2025-01-28T22:47:19.130+0000] {processor.py:186} INFO - Started process (PID=68291) to work on /home/airflow/.local/lib/python3.12/site-packages/airflow/example_dags/example_dynamic_task_mapping.py
[2025-01-28T22:47:19.131+0000] {processor.py:914} INFO - Processing file /home/airflow/.local/lib/python3.12/site-packages/airflow/example_dags/example_dynamic_task_mapping.py for tasks to queue
[2025-01-28T22:47:19.134+0000] {logging_mixin.py:190} INFO - [2025-01-28T22:47:19.134+0000] {dagbag.py:588} INFO - Filling up the DagBag from /home/airflow/.local/lib/python3.12/site-packages/airflow/example_dags/example_dynamic_task_mapping.py
[2025-01-28T22:47:19.144+0000] {processor.py:925} INFO - DAG(s) 'example_dynamic_task_mapping' retrieved from /home/airflow/.local/lib/python3.12/site-packages/airflow/example_dags/example_dynamic_task_mapping.py
[2025-01-28T22:47:19.170+0000] {logging_mixin.py:190} INFO - [2025-01-28T22:47:19.170+0000] {dag.py:3239} INFO - Sync 1 DAGs
[2025-01-28T22:47:19.189+0000] {logging_mixin.py:190} INFO - [2025-01-28T22:47:19.189+0000] {dag.py:4180} INFO - Setting next_dagrun for example_dynamic_task_mapping to None, run_after=None
[2025-01-28T22:47:19.212+0000] {processor.py:208} INFO - Processing /home/airflow/.local/lib/python3.12/site-packages/airflow/example_dags/example_dynamic_task_mapping.py took 0.089 seconds
[2025-01-28T22:47:49.755+0000] {processor.py:186} INFO - Started process (PID=68587) to work on /home/airflow/.local/lib/python3.12/site-packages/airflow/example_dags/example_dynamic_task_mapping.py
[2025-01-28T22:47:49.756+0000] {processor.py:914} INFO - Processing file /home/airflow/.local/lib/python3.12/site-packages/airflow/example_dags/example_dynamic_task_mapping.py for tasks to queue
[2025-01-28T22:47:49.759+0000] {logging_mixin.py:190} INFO - [2025-01-28T22:47:49.758+0000] {dagbag.py:588} INFO - Filling up the DagBag from /home/airflow/.local/lib/python3.12/site-packages/airflow/example_dags/example_dynamic_task_mapping.py
[2025-01-28T22:47:49.765+0000] {processor.py:925} INFO - DAG(s) 'example_dynamic_task_mapping' retrieved from /home/airflow/.local/lib/python3.12/site-packages/airflow/example_dags/example_dynamic_task_mapping.py
[2025-01-28T22:47:49.784+0000] {logging_mixin.py:190} INFO - [2025-01-28T22:47:49.784+0000] {dag.py:3239} INFO - Sync 1 DAGs
[2025-01-28T22:47:49.796+0000] {logging_mixin.py:190} INFO - [2025-01-28T22:47:49.796+0000] {dag.py:4180} INFO - Setting next_dagrun for example_dynamic_task_mapping to None, run_after=None
[2025-01-28T22:47:49.817+0000] {processor.py:208} INFO - Processing /home/airflow/.local/lib/python3.12/site-packages/airflow/example_dags/example_dynamic_task_mapping.py took 0.067 seconds
[2025-01-28T22:48:20.206+0000] {processor.py:186} INFO - Started process (PID=68883) to work on /home/airflow/.local/lib/python3.12/site-packages/airflow/example_dags/example_dynamic_task_mapping.py
[2025-01-28T22:48:20.207+0000] {processor.py:914} INFO - Processing file /home/airflow/.local/lib/python3.12/site-packages/airflow/example_dags/example_dynamic_task_mapping.py for tasks to queue
[2025-01-28T22:48:20.210+0000] {logging_mixin.py:190} INFO - [2025-01-28T22:48:20.209+0000] {dagbag.py:588} INFO - Filling up the DagBag from /home/airflow/.local/lib/python3.12/site-packages/airflow/example_dags/example_dynamic_task_mapping.py
[2025-01-28T22:48:20.219+0000] {processor.py:925} INFO - DAG(s) 'example_dynamic_task_mapping' retrieved from /home/airflow/.local/lib/python3.12/site-packages/airflow/example_dags/example_dynamic_task_mapping.py
[2025-01-28T22:48:20.246+0000] {logging_mixin.py:190} INFO - [2025-01-28T22:48:20.245+0000] {dag.py:3239} INFO - Sync 1 DAGs
[2025-01-28T22:48:20.262+0000] {logging_mixin.py:190} INFO - [2025-01-28T22:48:20.262+0000] {dag.py:4180} INFO - Setting next_dagrun for example_dynamic_task_mapping to None, run_after=None
[2025-01-28T22:48:20.297+0000] {processor.py:208} INFO - Processing /home/airflow/.local/lib/python3.12/site-packages/airflow/example_dags/example_dynamic_task_mapping.py took 0.097 seconds
[2025-01-28T22:48:50.895+0000] {processor.py:186} INFO - Started process (PID=69179) to work on /home/airflow/.local/lib/python3.12/site-packages/airflow/example_dags/example_dynamic_task_mapping.py
[2025-01-28T22:48:50.896+0000] {processor.py:914} INFO - Processing file /home/airflow/.local/lib/python3.12/site-packages/airflow/example_dags/example_dynamic_task_mapping.py for tasks to queue
[2025-01-28T22:48:50.899+0000] {logging_mixin.py:190} INFO - [2025-01-28T22:48:50.898+0000] {dagbag.py:588} INFO - Filling up the DagBag from /home/airflow/.local/lib/python3.12/site-packages/airflow/example_dags/example_dynamic_task_mapping.py
[2025-01-28T22:48:50.911+0000] {processor.py:925} INFO - DAG(s) 'example_dynamic_task_mapping' retrieved from /home/airflow/.local/lib/python3.12/site-packages/airflow/example_dags/example_dynamic_task_mapping.py
[2025-01-28T22:48:50.937+0000] {logging_mixin.py:190} INFO - [2025-01-28T22:48:50.937+0000] {dag.py:3239} INFO - Sync 1 DAGs
[2025-01-28T22:48:50.954+0000] {logging_mixin.py:190} INFO - [2025-01-28T22:48:50.954+0000] {dag.py:4180} INFO - Setting next_dagrun for example_dynamic_task_mapping to None, run_after=None
[2025-01-28T22:48:50.979+0000] {processor.py:208} INFO - Processing /home/airflow/.local/lib/python3.12/site-packages/airflow/example_dags/example_dynamic_task_mapping.py took 0.091 seconds
[2025-01-28T22:49:21.684+0000] {processor.py:186} INFO - Started process (PID=69475) to work on /home/airflow/.local/lib/python3.12/site-packages/airflow/example_dags/example_dynamic_task_mapping.py
[2025-01-28T22:49:21.688+0000] {processor.py:914} INFO - Processing file /home/airflow/.local/lib/python3.12/site-packages/airflow/example_dags/example_dynamic_task_mapping.py for tasks to queue
[2025-01-28T22:49:21.698+0000] {logging_mixin.py:190} INFO - [2025-01-28T22:49:21.696+0000] {dagbag.py:588} INFO - Filling up the DagBag from /home/airflow/.local/lib/python3.12/site-packages/airflow/example_dags/example_dynamic_task_mapping.py
[2025-01-28T22:49:21.731+0000] {processor.py:925} INFO - DAG(s) 'example_dynamic_task_mapping' retrieved from /home/airflow/.local/lib/python3.12/site-packages/airflow/example_dags/example_dynamic_task_mapping.py
[2025-01-28T22:49:21.792+0000] {logging_mixin.py:190} INFO - [2025-01-28T22:49:21.791+0000] {dag.py:3239} INFO - Sync 1 DAGs
[2025-01-28T22:49:21.835+0000] {logging_mixin.py:190} INFO - [2025-01-28T22:49:21.834+0000] {dag.py:4180} INFO - Setting next_dagrun for example_dynamic_task_mapping to None, run_after=None
[2025-01-28T22:49:21.858+0000] {processor.py:208} INFO - Processing /home/airflow/.local/lib/python3.12/site-packages/airflow/example_dags/example_dynamic_task_mapping.py took 0.195 seconds
[2025-01-28T22:49:52.432+0000] {processor.py:186} INFO - Started process (PID=69772) to work on /home/airflow/.local/lib/python3.12/site-packages/airflow/example_dags/example_dynamic_task_mapping.py
[2025-01-28T22:49:52.433+0000] {processor.py:914} INFO - Processing file /home/airflow/.local/lib/python3.12/site-packages/airflow/example_dags/example_dynamic_task_mapping.py for tasks to queue
[2025-01-28T22:49:52.436+0000] {logging_mixin.py:190} INFO - [2025-01-28T22:49:52.436+0000] {dagbag.py:588} INFO - Filling up the DagBag from /home/airflow/.local/lib/python3.12/site-packages/airflow/example_dags/example_dynamic_task_mapping.py
[2025-01-28T22:49:52.446+0000] {processor.py:925} INFO - DAG(s) 'example_dynamic_task_mapping' retrieved from /home/airflow/.local/lib/python3.12/site-packages/airflow/example_dags/example_dynamic_task_mapping.py
[2025-01-28T22:49:52.465+0000] {logging_mixin.py:190} INFO - [2025-01-28T22:49:52.465+0000] {dag.py:3239} INFO - Sync 1 DAGs
[2025-01-28T22:49:52.478+0000] {logging_mixin.py:190} INFO - [2025-01-28T22:49:52.478+0000] {dag.py:4180} INFO - Setting next_dagrun for example_dynamic_task_mapping to None, run_after=None
[2025-01-28T22:49:52.494+0000] {processor.py:208} INFO - Processing /home/airflow/.local/lib/python3.12/site-packages/airflow/example_dags/example_dynamic_task_mapping.py took 0.069 seconds
[2025-01-28T22:50:22.935+0000] {processor.py:186} INFO - Started process (PID=70069) to work on /home/airflow/.local/lib/python3.12/site-packages/airflow/example_dags/example_dynamic_task_mapping.py
[2025-01-28T22:50:22.937+0000] {processor.py:914} INFO - Processing file /home/airflow/.local/lib/python3.12/site-packages/airflow/example_dags/example_dynamic_task_mapping.py for tasks to queue
[2025-01-28T22:50:22.940+0000] {logging_mixin.py:190} INFO - [2025-01-28T22:50:22.940+0000] {dagbag.py:588} INFO - Filling up the DagBag from /home/airflow/.local/lib/python3.12/site-packages/airflow/example_dags/example_dynamic_task_mapping.py
[2025-01-28T22:50:22.949+0000] {processor.py:925} INFO - DAG(s) 'example_dynamic_task_mapping' retrieved from /home/airflow/.local/lib/python3.12/site-packages/airflow/example_dags/example_dynamic_task_mapping.py
[2025-01-28T22:50:22.968+0000] {logging_mixin.py:190} INFO - [2025-01-28T22:50:22.968+0000] {dag.py:3239} INFO - Sync 1 DAGs
[2025-01-28T22:50:22.981+0000] {logging_mixin.py:190} INFO - [2025-01-28T22:50:22.980+0000] {dag.py:4180} INFO - Setting next_dagrun for example_dynamic_task_mapping to None, run_after=None
[2025-01-28T22:50:22.997+0000] {processor.py:208} INFO - Processing /home/airflow/.local/lib/python3.12/site-packages/airflow/example_dags/example_dynamic_task_mapping.py took 0.069 seconds
[2025-01-28T22:50:53.356+0000] {processor.py:186} INFO - Started process (PID=70365) to work on /home/airflow/.local/lib/python3.12/site-packages/airflow/example_dags/example_dynamic_task_mapping.py
[2025-01-28T22:50:53.357+0000] {processor.py:914} INFO - Processing file /home/airflow/.local/lib/python3.12/site-packages/airflow/example_dags/example_dynamic_task_mapping.py for tasks to queue
[2025-01-28T22:50:53.359+0000] {logging_mixin.py:190} INFO - [2025-01-28T22:50:53.359+0000] {dagbag.py:588} INFO - Filling up the DagBag from /home/airflow/.local/lib/python3.12/site-packages/airflow/example_dags/example_dynamic_task_mapping.py
[2025-01-28T22:50:53.369+0000] {processor.py:925} INFO - DAG(s) 'example_dynamic_task_mapping' retrieved from /home/airflow/.local/lib/python3.12/site-packages/airflow/example_dags/example_dynamic_task_mapping.py
[2025-01-28T22:50:53.388+0000] {logging_mixin.py:190} INFO - [2025-01-28T22:50:53.388+0000] {dag.py:3239} INFO - Sync 1 DAGs
[2025-01-28T22:50:53.401+0000] {logging_mixin.py:190} INFO - [2025-01-28T22:50:53.401+0000] {dag.py:4180} INFO - Setting next_dagrun for example_dynamic_task_mapping to None, run_after=None
[2025-01-28T22:50:53.417+0000] {processor.py:208} INFO - Processing /home/airflow/.local/lib/python3.12/site-packages/airflow/example_dags/example_dynamic_task_mapping.py took 0.067 seconds
[2025-01-28T22:51:23.583+0000] {processor.py:186} INFO - Started process (PID=70661) to work on /home/airflow/.local/lib/python3.12/site-packages/airflow/example_dags/example_dynamic_task_mapping.py
[2025-01-28T22:51:23.584+0000] {processor.py:914} INFO - Processing file /home/airflow/.local/lib/python3.12/site-packages/airflow/example_dags/example_dynamic_task_mapping.py for tasks to queue
[2025-01-28T22:51:23.588+0000] {logging_mixin.py:190} INFO - [2025-01-28T22:51:23.588+0000] {dagbag.py:588} INFO - Filling up the DagBag from /home/airflow/.local/lib/python3.12/site-packages/airflow/example_dags/example_dynamic_task_mapping.py
[2025-01-28T22:51:23.600+0000] {processor.py:925} INFO - DAG(s) 'example_dynamic_task_mapping' retrieved from /home/airflow/.local/lib/python3.12/site-packages/airflow/example_dags/example_dynamic_task_mapping.py
[2025-01-28T22:51:23.622+0000] {logging_mixin.py:190} INFO - [2025-01-28T22:51:23.621+0000] {dag.py:3239} INFO - Sync 1 DAGs
[2025-01-28T22:51:23.636+0000] {logging_mixin.py:190} INFO - [2025-01-28T22:51:23.636+0000] {dag.py:4180} INFO - Setting next_dagrun for example_dynamic_task_mapping to None, run_after=None
[2025-01-28T22:51:23.655+0000] {processor.py:208} INFO - Processing /home/airflow/.local/lib/python3.12/site-packages/airflow/example_dags/example_dynamic_task_mapping.py took 0.078 seconds
[2025-01-28T22:51:54.159+0000] {processor.py:186} INFO - Started process (PID=70957) to work on /home/airflow/.local/lib/python3.12/site-packages/airflow/example_dags/example_dynamic_task_mapping.py
[2025-01-28T22:51:54.160+0000] {processor.py:914} INFO - Processing file /home/airflow/.local/lib/python3.12/site-packages/airflow/example_dags/example_dynamic_task_mapping.py for tasks to queue
[2025-01-28T22:51:54.165+0000] {logging_mixin.py:190} INFO - [2025-01-28T22:51:54.164+0000] {dagbag.py:588} INFO - Filling up the DagBag from /home/airflow/.local/lib/python3.12/site-packages/airflow/example_dags/example_dynamic_task_mapping.py
[2025-01-28T22:51:54.175+0000] {processor.py:925} INFO - DAG(s) 'example_dynamic_task_mapping' retrieved from /home/airflow/.local/lib/python3.12/site-packages/airflow/example_dags/example_dynamic_task_mapping.py
[2025-01-28T22:51:54.203+0000] {logging_mixin.py:190} INFO - [2025-01-28T22:51:54.202+0000] {dag.py:3239} INFO - Sync 1 DAGs
[2025-01-28T22:51:54.219+0000] {logging_mixin.py:190} INFO - [2025-01-28T22:51:54.219+0000] {dag.py:4180} INFO - Setting next_dagrun for example_dynamic_task_mapping to None, run_after=None
[2025-01-28T22:51:54.249+0000] {processor.py:208} INFO - Processing /home/airflow/.local/lib/python3.12/site-packages/airflow/example_dags/example_dynamic_task_mapping.py took 0.092 seconds
[2025-01-28T22:52:24.626+0000] {processor.py:186} INFO - Started process (PID=71252) to work on /home/airflow/.local/lib/python3.12/site-packages/airflow/example_dags/example_dynamic_task_mapping.py
[2025-01-28T22:52:24.628+0000] {processor.py:914} INFO - Processing file /home/airflow/.local/lib/python3.12/site-packages/airflow/example_dags/example_dynamic_task_mapping.py for tasks to queue
[2025-01-28T22:52:24.642+0000] {logging_mixin.py:190} INFO - [2025-01-28T22:52:24.641+0000] {dagbag.py:588} INFO - Filling up the DagBag from /home/airflow/.local/lib/python3.12/site-packages/airflow/example_dags/example_dynamic_task_mapping.py
[2025-01-28T22:52:24.673+0000] {processor.py:925} INFO - DAG(s) 'example_dynamic_task_mapping' retrieved from /home/airflow/.local/lib/python3.12/site-packages/airflow/example_dags/example_dynamic_task_mapping.py
[2025-01-28T22:52:24.729+0000] {logging_mixin.py:190} INFO - [2025-01-28T22:52:24.729+0000] {dag.py:3239} INFO - Sync 1 DAGs
[2025-01-28T22:52:25.359+0000] {logging_mixin.py:190} INFO - [2025-01-28T22:52:25.358+0000] {dag.py:4180} INFO - Setting next_dagrun for example_dynamic_task_mapping to None, run_after=None
[2025-01-28T22:52:25.407+0000] {processor.py:208} INFO - Processing /home/airflow/.local/lib/python3.12/site-packages/airflow/example_dags/example_dynamic_task_mapping.py took 0.800 seconds
[2025-01-28T22:52:55.534+0000] {processor.py:186} INFO - Started process (PID=71545) to work on /home/airflow/.local/lib/python3.12/site-packages/airflow/example_dags/example_dynamic_task_mapping.py
[2025-01-28T22:52:55.544+0000] {processor.py:914} INFO - Processing file /home/airflow/.local/lib/python3.12/site-packages/airflow/example_dags/example_dynamic_task_mapping.py for tasks to queue
[2025-01-28T22:52:55.554+0000] {logging_mixin.py:190} INFO - [2025-01-28T22:52:55.554+0000] {dagbag.py:588} INFO - Filling up the DagBag from /home/airflow/.local/lib/python3.12/site-packages/airflow/example_dags/example_dynamic_task_mapping.py
[2025-01-28T22:52:55.578+0000] {processor.py:925} INFO - DAG(s) 'example_dynamic_task_mapping' retrieved from /home/airflow/.local/lib/python3.12/site-packages/airflow/example_dags/example_dynamic_task_mapping.py
[2025-01-28T22:52:55.619+0000] {logging_mixin.py:190} INFO - [2025-01-28T22:52:55.618+0000] {dag.py:3239} INFO - Sync 1 DAGs
[2025-01-28T22:52:55.645+0000] {logging_mixin.py:190} INFO - [2025-01-28T22:52:55.644+0000] {dag.py:4180} INFO - Setting next_dagrun for example_dynamic_task_mapping to None, run_after=None
[2025-01-28T22:52:55.679+0000] {processor.py:208} INFO - Processing /home/airflow/.local/lib/python3.12/site-packages/airflow/example_dags/example_dynamic_task_mapping.py took 0.154 seconds
