[2025-01-28T22:42:56.550+0000] {processor.py:186} INFO - Started process (PID=65911) to work on /home/airflow/.local/lib/python3.12/site-packages/airflow/example_dags/example_inlet_event_extra.py
[2025-01-28T22:42:56.559+0000] {processor.py:914} INFO - Processing file /home/airflow/.local/lib/python3.12/site-packages/airflow/example_dags/example_inlet_event_extra.py for tasks to queue
[2025-01-28T22:42:56.563+0000] {logging_mixin.py:190} INFO - [2025-01-28T22:42:56.562+0000] {dagbag.py:588} INFO - Filling up the DagBag from /home/airflow/.local/lib/python3.12/site-packages/airflow/example_dags/example_inlet_event_extra.py
[2025-01-28T22:42:57.373+0000] {processor.py:925} INFO - DAG(s) 'read_dataset_event', 'read_dataset_event_from_classic' retrieved from /home/airflow/.local/lib/python3.12/site-packages/airflow/example_dags/example_inlet_event_extra.py
[2025-01-28T22:42:57.391+0000] {logging_mixin.py:190} INFO - [2025-01-28T22:42:57.391+0000] {dag.py:3239} INFO - Sync 2 DAGs
[2025-01-28T22:42:57.414+0000] {logging_mixin.py:190} INFO - [2025-01-28T22:42:57.414+0000] {dag.py:4180} INFO - Setting next_dagrun for read_dataset_event to 2025-01-27 00:00:00+00:00, run_after=2025-01-28 00:00:00+00:00
[2025-01-28T22:42:57.421+0000] {logging_mixin.py:190} INFO - [2025-01-28T22:42:57.421+0000] {dag.py:4180} INFO - Setting next_dagrun for read_dataset_event_from_classic to 2025-01-27 00:00:00+00:00, run_after=2025-01-28 00:00:00+00:00
[2025-01-28T22:42:57.437+0000] {processor.py:208} INFO - Processing /home/airflow/.local/lib/python3.12/site-packages/airflow/example_dags/example_inlet_event_extra.py took 0.896 seconds
[2025-01-28T22:43:28.504+0000] {processor.py:186} INFO - Started process (PID=66209) to work on /home/airflow/.local/lib/python3.12/site-packages/airflow/example_dags/example_inlet_event_extra.py
[2025-01-28T22:43:28.505+0000] {processor.py:914} INFO - Processing file /home/airflow/.local/lib/python3.12/site-packages/airflow/example_dags/example_inlet_event_extra.py for tasks to queue
[2025-01-28T22:43:28.508+0000] {logging_mixin.py:190} INFO - [2025-01-28T22:43:28.507+0000] {dagbag.py:588} INFO - Filling up the DagBag from /home/airflow/.local/lib/python3.12/site-packages/airflow/example_dags/example_inlet_event_extra.py
[2025-01-28T22:43:29.090+0000] {processor.py:925} INFO - DAG(s) 'read_dataset_event', 'read_dataset_event_from_classic' retrieved from /home/airflow/.local/lib/python3.12/site-packages/airflow/example_dags/example_inlet_event_extra.py
[2025-01-28T22:43:29.110+0000] {logging_mixin.py:190} INFO - [2025-01-28T22:43:29.110+0000] {dag.py:3239} INFO - Sync 2 DAGs
[2025-01-28T22:43:29.133+0000] {logging_mixin.py:190} INFO - [2025-01-28T22:43:29.133+0000] {dag.py:4180} INFO - Setting next_dagrun for read_dataset_event to 2025-01-27 00:00:00+00:00, run_after=2025-01-28 00:00:00+00:00
[2025-01-28T22:43:29.139+0000] {logging_mixin.py:190} INFO - [2025-01-28T22:43:29.139+0000] {dag.py:4180} INFO - Setting next_dagrun for read_dataset_event_from_classic to 2025-01-27 00:00:00+00:00, run_after=2025-01-28 00:00:00+00:00
[2025-01-28T22:43:29.154+0000] {processor.py:208} INFO - Processing /home/airflow/.local/lib/python3.12/site-packages/airflow/example_dags/example_inlet_event_extra.py took 0.656 seconds
[2025-01-28T22:43:59.312+0000] {processor.py:186} INFO - Started process (PID=66505) to work on /home/airflow/.local/lib/python3.12/site-packages/airflow/example_dags/example_inlet_event_extra.py
[2025-01-28T22:43:59.313+0000] {processor.py:914} INFO - Processing file /home/airflow/.local/lib/python3.12/site-packages/airflow/example_dags/example_inlet_event_extra.py for tasks to queue
[2025-01-28T22:43:59.315+0000] {logging_mixin.py:190} INFO - [2025-01-28T22:43:59.315+0000] {dagbag.py:588} INFO - Filling up the DagBag from /home/airflow/.local/lib/python3.12/site-packages/airflow/example_dags/example_inlet_event_extra.py
[2025-01-28T22:43:59.874+0000] {processor.py:925} INFO - DAG(s) 'read_dataset_event', 'read_dataset_event_from_classic' retrieved from /home/airflow/.local/lib/python3.12/site-packages/airflow/example_dags/example_inlet_event_extra.py
[2025-01-28T22:43:59.899+0000] {logging_mixin.py:190} INFO - [2025-01-28T22:43:59.898+0000] {dag.py:3239} INFO - Sync 2 DAGs
[2025-01-28T22:43:59.931+0000] {logging_mixin.py:190} INFO - [2025-01-28T22:43:59.931+0000] {dag.py:4180} INFO - Setting next_dagrun for read_dataset_event to 2025-01-27 00:00:00+00:00, run_after=2025-01-28 00:00:00+00:00
[2025-01-28T22:43:59.939+0000] {logging_mixin.py:190} INFO - [2025-01-28T22:43:59.938+0000] {dag.py:4180} INFO - Setting next_dagrun for read_dataset_event_from_classic to 2025-01-27 00:00:00+00:00, run_after=2025-01-28 00:00:00+00:00
[2025-01-28T22:43:59.959+0000] {processor.py:208} INFO - Processing /home/airflow/.local/lib/python3.12/site-packages/airflow/example_dags/example_inlet_event_extra.py took 0.652 seconds
[2025-01-28T22:44:30.206+0000] {processor.py:186} INFO - Started process (PID=66799) to work on /home/airflow/.local/lib/python3.12/site-packages/airflow/example_dags/example_inlet_event_extra.py
[2025-01-28T22:44:30.207+0000] {processor.py:914} INFO - Processing file /home/airflow/.local/lib/python3.12/site-packages/airflow/example_dags/example_inlet_event_extra.py for tasks to queue
[2025-01-28T22:44:30.210+0000] {logging_mixin.py:190} INFO - [2025-01-28T22:44:30.209+0000] {dagbag.py:588} INFO - Filling up the DagBag from /home/airflow/.local/lib/python3.12/site-packages/airflow/example_dags/example_inlet_event_extra.py
[2025-01-28T22:44:30.721+0000] {processor.py:925} INFO - DAG(s) 'read_dataset_event', 'read_dataset_event_from_classic' retrieved from /home/airflow/.local/lib/python3.12/site-packages/airflow/example_dags/example_inlet_event_extra.py
[2025-01-28T22:44:30.743+0000] {logging_mixin.py:190} INFO - [2025-01-28T22:44:30.742+0000] {dag.py:3239} INFO - Sync 2 DAGs
[2025-01-28T22:44:30.769+0000] {logging_mixin.py:190} INFO - [2025-01-28T22:44:30.769+0000] {dag.py:4180} INFO - Setting next_dagrun for read_dataset_event to 2025-01-27 00:00:00+00:00, run_after=2025-01-28 00:00:00+00:00
[2025-01-28T22:44:30.774+0000] {logging_mixin.py:190} INFO - [2025-01-28T22:44:30.774+0000] {dag.py:4180} INFO - Setting next_dagrun for read_dataset_event_from_classic to 2025-01-27 00:00:00+00:00, run_after=2025-01-28 00:00:00+00:00
[2025-01-28T22:44:30.792+0000] {processor.py:208} INFO - Processing /home/airflow/.local/lib/python3.12/site-packages/airflow/example_dags/example_inlet_event_extra.py took 0.595 seconds
[2025-01-28T22:45:01.158+0000] {processor.py:186} INFO - Started process (PID=67095) to work on /home/airflow/.local/lib/python3.12/site-packages/airflow/example_dags/example_inlet_event_extra.py
[2025-01-28T22:45:01.159+0000] {processor.py:914} INFO - Processing file /home/airflow/.local/lib/python3.12/site-packages/airflow/example_dags/example_inlet_event_extra.py for tasks to queue
[2025-01-28T22:45:01.161+0000] {logging_mixin.py:190} INFO - [2025-01-28T22:45:01.161+0000] {dagbag.py:588} INFO - Filling up the DagBag from /home/airflow/.local/lib/python3.12/site-packages/airflow/example_dags/example_inlet_event_extra.py
[2025-01-28T22:45:01.672+0000] {processor.py:925} INFO - DAG(s) 'read_dataset_event', 'read_dataset_event_from_classic' retrieved from /home/airflow/.local/lib/python3.12/site-packages/airflow/example_dags/example_inlet_event_extra.py
[2025-01-28T22:45:01.689+0000] {logging_mixin.py:190} INFO - [2025-01-28T22:45:01.689+0000] {dag.py:3239} INFO - Sync 2 DAGs
[2025-01-28T22:45:01.713+0000] {logging_mixin.py:190} INFO - [2025-01-28T22:45:01.713+0000] {dag.py:4180} INFO - Setting next_dagrun for read_dataset_event to 2025-01-27 00:00:00+00:00, run_after=2025-01-28 00:00:00+00:00
[2025-01-28T22:45:01.717+0000] {logging_mixin.py:190} INFO - [2025-01-28T22:45:01.717+0000] {dag.py:4180} INFO - Setting next_dagrun for read_dataset_event_from_classic to 2025-01-27 00:00:00+00:00, run_after=2025-01-28 00:00:00+00:00
[2025-01-28T22:45:01.741+0000] {processor.py:208} INFO - Processing /home/airflow/.local/lib/python3.12/site-packages/airflow/example_dags/example_inlet_event_extra.py took 0.588 seconds
[2025-01-28T22:45:32.445+0000] {processor.py:186} INFO - Started process (PID=67391) to work on /home/airflow/.local/lib/python3.12/site-packages/airflow/example_dags/example_inlet_event_extra.py
[2025-01-28T22:45:32.446+0000] {processor.py:914} INFO - Processing file /home/airflow/.local/lib/python3.12/site-packages/airflow/example_dags/example_inlet_event_extra.py for tasks to queue
[2025-01-28T22:45:32.448+0000] {logging_mixin.py:190} INFO - [2025-01-28T22:45:32.448+0000] {dagbag.py:588} INFO - Filling up the DagBag from /home/airflow/.local/lib/python3.12/site-packages/airflow/example_dags/example_inlet_event_extra.py
[2025-01-28T22:45:33.176+0000] {processor.py:925} INFO - DAG(s) 'read_dataset_event_from_classic', 'read_dataset_event' retrieved from /home/airflow/.local/lib/python3.12/site-packages/airflow/example_dags/example_inlet_event_extra.py
[2025-01-28T22:45:33.207+0000] {logging_mixin.py:190} INFO - [2025-01-28T22:45:33.207+0000] {dag.py:3239} INFO - Sync 2 DAGs
[2025-01-28T22:45:33.239+0000] {logging_mixin.py:190} INFO - [2025-01-28T22:45:33.238+0000] {dag.py:4180} INFO - Setting next_dagrun for read_dataset_event to 2025-01-27 00:00:00+00:00, run_after=2025-01-28 00:00:00+00:00
[2025-01-28T22:45:33.245+0000] {logging_mixin.py:190} INFO - [2025-01-28T22:45:33.245+0000] {dag.py:4180} INFO - Setting next_dagrun for read_dataset_event_from_classic to 2025-01-27 00:00:00+00:00, run_after=2025-01-28 00:00:00+00:00
[2025-01-28T22:45:33.264+0000] {processor.py:208} INFO - Processing /home/airflow/.local/lib/python3.12/site-packages/airflow/example_dags/example_inlet_event_extra.py took 0.825 seconds
[2025-01-28T22:46:03.637+0000] {processor.py:186} INFO - Started process (PID=67687) to work on /home/airflow/.local/lib/python3.12/site-packages/airflow/example_dags/example_inlet_event_extra.py
[2025-01-28T22:46:03.638+0000] {processor.py:914} INFO - Processing file /home/airflow/.local/lib/python3.12/site-packages/airflow/example_dags/example_inlet_event_extra.py for tasks to queue
[2025-01-28T22:46:03.640+0000] {logging_mixin.py:190} INFO - [2025-01-28T22:46:03.640+0000] {dagbag.py:588} INFO - Filling up the DagBag from /home/airflow/.local/lib/python3.12/site-packages/airflow/example_dags/example_inlet_event_extra.py
[2025-01-28T22:46:04.125+0000] {processor.py:925} INFO - DAG(s) 'read_dataset_event', 'read_dataset_event_from_classic' retrieved from /home/airflow/.local/lib/python3.12/site-packages/airflow/example_dags/example_inlet_event_extra.py
[2025-01-28T22:46:04.145+0000] {logging_mixin.py:190} INFO - [2025-01-28T22:46:04.145+0000] {dag.py:3239} INFO - Sync 2 DAGs
[2025-01-28T22:46:04.165+0000] {logging_mixin.py:190} INFO - [2025-01-28T22:46:04.165+0000] {dag.py:4180} INFO - Setting next_dagrun for read_dataset_event to 2025-01-27 00:00:00+00:00, run_after=2025-01-28 00:00:00+00:00
[2025-01-28T22:46:04.170+0000] {logging_mixin.py:190} INFO - [2025-01-28T22:46:04.169+0000] {dag.py:4180} INFO - Setting next_dagrun for read_dataset_event_from_classic to 2025-01-27 00:00:00+00:00, run_after=2025-01-28 00:00:00+00:00
[2025-01-28T22:46:04.186+0000] {processor.py:208} INFO - Processing /home/airflow/.local/lib/python3.12/site-packages/airflow/example_dags/example_inlet_event_extra.py took 0.553 seconds
[2025-01-28T22:46:34.880+0000] {processor.py:186} INFO - Started process (PID=67983) to work on /home/airflow/.local/lib/python3.12/site-packages/airflow/example_dags/example_inlet_event_extra.py
[2025-01-28T22:46:34.881+0000] {processor.py:914} INFO - Processing file /home/airflow/.local/lib/python3.12/site-packages/airflow/example_dags/example_inlet_event_extra.py for tasks to queue
[2025-01-28T22:46:34.883+0000] {logging_mixin.py:190} INFO - [2025-01-28T22:46:34.883+0000] {dagbag.py:588} INFO - Filling up the DagBag from /home/airflow/.local/lib/python3.12/site-packages/airflow/example_dags/example_inlet_event_extra.py
[2025-01-28T22:46:35.356+0000] {processor.py:925} INFO - DAG(s) 'read_dataset_event', 'read_dataset_event_from_classic' retrieved from /home/airflow/.local/lib/python3.12/site-packages/airflow/example_dags/example_inlet_event_extra.py
[2025-01-28T22:46:35.374+0000] {logging_mixin.py:190} INFO - [2025-01-28T22:46:35.374+0000] {dag.py:3239} INFO - Sync 2 DAGs
[2025-01-28T22:46:35.393+0000] {logging_mixin.py:190} INFO - [2025-01-28T22:46:35.393+0000] {dag.py:4180} INFO - Setting next_dagrun for read_dataset_event to 2025-01-27 00:00:00+00:00, run_after=2025-01-28 00:00:00+00:00
[2025-01-28T22:46:35.398+0000] {logging_mixin.py:190} INFO - [2025-01-28T22:46:35.398+0000] {dag.py:4180} INFO - Setting next_dagrun for read_dataset_event_from_classic to 2025-01-27 00:00:00+00:00, run_after=2025-01-28 00:00:00+00:00
[2025-01-28T22:46:35.417+0000] {processor.py:208} INFO - Processing /home/airflow/.local/lib/python3.12/site-packages/airflow/example_dags/example_inlet_event_extra.py took 0.541 seconds
[2025-01-28T22:47:05.631+0000] {processor.py:186} INFO - Started process (PID=68279) to work on /home/airflow/.local/lib/python3.12/site-packages/airflow/example_dags/example_inlet_event_extra.py
[2025-01-28T22:47:05.632+0000] {processor.py:914} INFO - Processing file /home/airflow/.local/lib/python3.12/site-packages/airflow/example_dags/example_inlet_event_extra.py for tasks to queue
[2025-01-28T22:47:05.635+0000] {logging_mixin.py:190} INFO - [2025-01-28T22:47:05.635+0000] {dagbag.py:588} INFO - Filling up the DagBag from /home/airflow/.local/lib/python3.12/site-packages/airflow/example_dags/example_inlet_event_extra.py
[2025-01-28T22:47:06.322+0000] {processor.py:925} INFO - DAG(s) 'read_dataset_event_from_classic', 'read_dataset_event' retrieved from /home/airflow/.local/lib/python3.12/site-packages/airflow/example_dags/example_inlet_event_extra.py
[2025-01-28T22:47:06.338+0000] {logging_mixin.py:190} INFO - [2025-01-28T22:47:06.338+0000] {dag.py:3239} INFO - Sync 2 DAGs
[2025-01-28T22:47:06.357+0000] {logging_mixin.py:190} INFO - [2025-01-28T22:47:06.357+0000] {dag.py:4180} INFO - Setting next_dagrun for read_dataset_event to 2025-01-27 00:00:00+00:00, run_after=2025-01-28 00:00:00+00:00
[2025-01-28T22:47:06.361+0000] {logging_mixin.py:190} INFO - [2025-01-28T22:47:06.361+0000] {dag.py:4180} INFO - Setting next_dagrun for read_dataset_event_from_classic to 2025-01-27 00:00:00+00:00, run_after=2025-01-28 00:00:00+00:00
[2025-01-28T22:47:06.378+0000] {processor.py:208} INFO - Processing /home/airflow/.local/lib/python3.12/site-packages/airflow/example_dags/example_inlet_event_extra.py took 0.754 seconds
[2025-01-28T22:47:36.449+0000] {processor.py:186} INFO - Started process (PID=68572) to work on /home/airflow/.local/lib/python3.12/site-packages/airflow/example_dags/example_inlet_event_extra.py
[2025-01-28T22:47:36.450+0000] {processor.py:914} INFO - Processing file /home/airflow/.local/lib/python3.12/site-packages/airflow/example_dags/example_inlet_event_extra.py for tasks to queue
[2025-01-28T22:47:36.452+0000] {logging_mixin.py:190} INFO - [2025-01-28T22:47:36.452+0000] {dagbag.py:588} INFO - Filling up the DagBag from /home/airflow/.local/lib/python3.12/site-packages/airflow/example_dags/example_inlet_event_extra.py
[2025-01-28T22:47:36.892+0000] {processor.py:925} INFO - DAG(s) 'read_dataset_event_from_classic', 'read_dataset_event' retrieved from /home/airflow/.local/lib/python3.12/site-packages/airflow/example_dags/example_inlet_event_extra.py
[2025-01-28T22:47:36.912+0000] {logging_mixin.py:190} INFO - [2025-01-28T22:47:36.911+0000] {dag.py:3239} INFO - Sync 2 DAGs
[2025-01-28T22:47:36.936+0000] {logging_mixin.py:190} INFO - [2025-01-28T22:47:36.936+0000] {dag.py:4180} INFO - Setting next_dagrun for read_dataset_event to 2025-01-27 00:00:00+00:00, run_after=2025-01-28 00:00:00+00:00
[2025-01-28T22:47:36.943+0000] {logging_mixin.py:190} INFO - [2025-01-28T22:47:36.943+0000] {dag.py:4180} INFO - Setting next_dagrun for read_dataset_event_from_classic to 2025-01-27 00:00:00+00:00, run_after=2025-01-28 00:00:00+00:00
[2025-01-28T22:47:36.963+0000] {processor.py:208} INFO - Processing /home/airflow/.local/lib/python3.12/site-packages/airflow/example_dags/example_inlet_event_extra.py took 0.520 seconds
[2025-01-28T22:48:07.880+0000] {processor.py:186} INFO - Started process (PID=68871) to work on /home/airflow/.local/lib/python3.12/site-packages/airflow/example_dags/example_inlet_event_extra.py
[2025-01-28T22:48:07.882+0000] {processor.py:914} INFO - Processing file /home/airflow/.local/lib/python3.12/site-packages/airflow/example_dags/example_inlet_event_extra.py for tasks to queue
[2025-01-28T22:48:07.884+0000] {logging_mixin.py:190} INFO - [2025-01-28T22:48:07.884+0000] {dagbag.py:588} INFO - Filling up the DagBag from /home/airflow/.local/lib/python3.12/site-packages/airflow/example_dags/example_inlet_event_extra.py
[2025-01-28T22:48:08.350+0000] {processor.py:925} INFO - DAG(s) 'read_dataset_event_from_classic', 'read_dataset_event' retrieved from /home/airflow/.local/lib/python3.12/site-packages/airflow/example_dags/example_inlet_event_extra.py
[2025-01-28T22:48:08.366+0000] {logging_mixin.py:190} INFO - [2025-01-28T22:48:08.366+0000] {dag.py:3239} INFO - Sync 2 DAGs
[2025-01-28T22:48:08.386+0000] {logging_mixin.py:190} INFO - [2025-01-28T22:48:08.386+0000] {dag.py:4180} INFO - Setting next_dagrun for read_dataset_event to 2025-01-27 00:00:00+00:00, run_after=2025-01-28 00:00:00+00:00
[2025-01-28T22:48:08.391+0000] {logging_mixin.py:190} INFO - [2025-01-28T22:48:08.391+0000] {dag.py:4180} INFO - Setting next_dagrun for read_dataset_event_from_classic to 2025-01-27 00:00:00+00:00, run_after=2025-01-28 00:00:00+00:00
[2025-01-28T22:48:08.410+0000] {processor.py:208} INFO - Processing /home/airflow/.local/lib/python3.12/site-packages/airflow/example_dags/example_inlet_event_extra.py took 0.536 seconds
[2025-01-28T22:48:39.392+0000] {processor.py:186} INFO - Started process (PID=69167) to work on /home/airflow/.local/lib/python3.12/site-packages/airflow/example_dags/example_inlet_event_extra.py
[2025-01-28T22:48:39.393+0000] {processor.py:914} INFO - Processing file /home/airflow/.local/lib/python3.12/site-packages/airflow/example_dags/example_inlet_event_extra.py for tasks to queue
[2025-01-28T22:48:39.396+0000] {logging_mixin.py:190} INFO - [2025-01-28T22:48:39.396+0000] {dagbag.py:588} INFO - Filling up the DagBag from /home/airflow/.local/lib/python3.12/site-packages/airflow/example_dags/example_inlet_event_extra.py
[2025-01-28T22:48:39.909+0000] {processor.py:925} INFO - DAG(s) 'read_dataset_event_from_classic', 'read_dataset_event' retrieved from /home/airflow/.local/lib/python3.12/site-packages/airflow/example_dags/example_inlet_event_extra.py
[2025-01-28T22:48:39.926+0000] {logging_mixin.py:190} INFO - [2025-01-28T22:48:39.926+0000] {dag.py:3239} INFO - Sync 2 DAGs
[2025-01-28T22:48:39.945+0000] {logging_mixin.py:190} INFO - [2025-01-28T22:48:39.944+0000] {dag.py:4180} INFO - Setting next_dagrun for read_dataset_event to 2025-01-27 00:00:00+00:00, run_after=2025-01-28 00:00:00+00:00
[2025-01-28T22:48:39.949+0000] {logging_mixin.py:190} INFO - [2025-01-28T22:48:39.949+0000] {dag.py:4180} INFO - Setting next_dagrun for read_dataset_event_from_classic to 2025-01-27 00:00:00+00:00, run_after=2025-01-28 00:00:00+00:00
[2025-01-28T22:48:39.969+0000] {processor.py:208} INFO - Processing /home/airflow/.local/lib/python3.12/site-packages/airflow/example_dags/example_inlet_event_extra.py took 0.582 seconds
[2025-01-28T22:49:10.172+0000] {processor.py:186} INFO - Started process (PID=69463) to work on /home/airflow/.local/lib/python3.12/site-packages/airflow/example_dags/example_inlet_event_extra.py
[2025-01-28T22:49:10.174+0000] {processor.py:914} INFO - Processing file /home/airflow/.local/lib/python3.12/site-packages/airflow/example_dags/example_inlet_event_extra.py for tasks to queue
[2025-01-28T22:49:10.178+0000] {logging_mixin.py:190} INFO - [2025-01-28T22:49:10.177+0000] {dagbag.py:588} INFO - Filling up the DagBag from /home/airflow/.local/lib/python3.12/site-packages/airflow/example_dags/example_inlet_event_extra.py
[2025-01-28T22:49:10.720+0000] {processor.py:925} INFO - DAG(s) 'read_dataset_event_from_classic', 'read_dataset_event' retrieved from /home/airflow/.local/lib/python3.12/site-packages/airflow/example_dags/example_inlet_event_extra.py
[2025-01-28T22:49:10.740+0000] {logging_mixin.py:190} INFO - [2025-01-28T22:49:10.740+0000] {dag.py:3239} INFO - Sync 2 DAGs
[2025-01-28T22:49:10.766+0000] {logging_mixin.py:190} INFO - [2025-01-28T22:49:10.765+0000] {dag.py:4180} INFO - Setting next_dagrun for read_dataset_event to 2025-01-27 00:00:00+00:00, run_after=2025-01-28 00:00:00+00:00
[2025-01-28T22:49:10.772+0000] {logging_mixin.py:190} INFO - [2025-01-28T22:49:10.772+0000] {dag.py:4180} INFO - Setting next_dagrun for read_dataset_event_from_classic to 2025-01-27 00:00:00+00:00, run_after=2025-01-28 00:00:00+00:00
[2025-01-28T22:49:10.797+0000] {processor.py:208} INFO - Processing /home/airflow/.local/lib/python3.12/site-packages/airflow/example_dags/example_inlet_event_extra.py took 0.630 seconds
[2025-01-28T22:49:41.046+0000] {processor.py:186} INFO - Started process (PID=69760) to work on /home/airflow/.local/lib/python3.12/site-packages/airflow/example_dags/example_inlet_event_extra.py
[2025-01-28T22:49:41.047+0000] {processor.py:914} INFO - Processing file /home/airflow/.local/lib/python3.12/site-packages/airflow/example_dags/example_inlet_event_extra.py for tasks to queue
[2025-01-28T22:49:41.050+0000] {logging_mixin.py:190} INFO - [2025-01-28T22:49:41.050+0000] {dagbag.py:588} INFO - Filling up the DagBag from /home/airflow/.local/lib/python3.12/site-packages/airflow/example_dags/example_inlet_event_extra.py
[2025-01-28T22:49:41.607+0000] {processor.py:925} INFO - DAG(s) 'read_dataset_event', 'read_dataset_event_from_classic' retrieved from /home/airflow/.local/lib/python3.12/site-packages/airflow/example_dags/example_inlet_event_extra.py
[2025-01-28T22:49:41.631+0000] {logging_mixin.py:190} INFO - [2025-01-28T22:49:41.630+0000] {dag.py:3239} INFO - Sync 2 DAGs
[2025-01-28T22:49:41.659+0000] {logging_mixin.py:190} INFO - [2025-01-28T22:49:41.658+0000] {dag.py:4180} INFO - Setting next_dagrun for read_dataset_event to 2025-01-27 00:00:00+00:00, run_after=2025-01-28 00:00:00+00:00
[2025-01-28T22:49:41.663+0000] {logging_mixin.py:190} INFO - [2025-01-28T22:49:41.663+0000] {dag.py:4180} INFO - Setting next_dagrun for read_dataset_event_from_classic to 2025-01-27 00:00:00+00:00, run_after=2025-01-28 00:00:00+00:00
[2025-01-28T22:49:41.677+0000] {processor.py:208} INFO - Processing /home/airflow/.local/lib/python3.12/site-packages/airflow/example_dags/example_inlet_event_extra.py took 0.637 seconds
[2025-01-28T22:50:12.111+0000] {processor.py:186} INFO - Started process (PID=70057) to work on /home/airflow/.local/lib/python3.12/site-packages/airflow/example_dags/example_inlet_event_extra.py
[2025-01-28T22:50:12.112+0000] {processor.py:914} INFO - Processing file /home/airflow/.local/lib/python3.12/site-packages/airflow/example_dags/example_inlet_event_extra.py for tasks to queue
[2025-01-28T22:50:12.115+0000] {logging_mixin.py:190} INFO - [2025-01-28T22:50:12.115+0000] {dagbag.py:588} INFO - Filling up the DagBag from /home/airflow/.local/lib/python3.12/site-packages/airflow/example_dags/example_inlet_event_extra.py
[2025-01-28T22:50:12.938+0000] {processor.py:925} INFO - DAG(s) 'read_dataset_event_from_classic', 'read_dataset_event' retrieved from /home/airflow/.local/lib/python3.12/site-packages/airflow/example_dags/example_inlet_event_extra.py
[2025-01-28T22:50:12.966+0000] {logging_mixin.py:190} INFO - [2025-01-28T22:50:12.965+0000] {dag.py:3239} INFO - Sync 2 DAGs
[2025-01-28T22:50:13.002+0000] {logging_mixin.py:190} INFO - [2025-01-28T22:50:13.002+0000] {dag.py:4180} INFO - Setting next_dagrun for read_dataset_event to 2025-01-27 00:00:00+00:00, run_after=2025-01-28 00:00:00+00:00
[2025-01-28T22:50:13.013+0000] {logging_mixin.py:190} INFO - [2025-01-28T22:50:13.012+0000] {dag.py:4180} INFO - Setting next_dagrun for read_dataset_event_from_classic to 2025-01-27 00:00:00+00:00, run_after=2025-01-28 00:00:00+00:00
[2025-01-28T22:50:13.033+0000] {processor.py:208} INFO - Processing /home/airflow/.local/lib/python3.12/site-packages/airflow/example_dags/example_inlet_event_extra.py took 0.932 seconds
[2025-01-28T22:50:43.138+0000] {processor.py:186} INFO - Started process (PID=70353) to work on /home/airflow/.local/lib/python3.12/site-packages/airflow/example_dags/example_inlet_event_extra.py
[2025-01-28T22:50:43.139+0000] {processor.py:914} INFO - Processing file /home/airflow/.local/lib/python3.12/site-packages/airflow/example_dags/example_inlet_event_extra.py for tasks to queue
[2025-01-28T22:50:43.142+0000] {logging_mixin.py:190} INFO - [2025-01-28T22:50:43.142+0000] {dagbag.py:588} INFO - Filling up the DagBag from /home/airflow/.local/lib/python3.12/site-packages/airflow/example_dags/example_inlet_event_extra.py
[2025-01-28T22:50:44.077+0000] {processor.py:925} INFO - DAG(s) 'read_dataset_event', 'read_dataset_event_from_classic' retrieved from /home/airflow/.local/lib/python3.12/site-packages/airflow/example_dags/example_inlet_event_extra.py
[2025-01-28T22:50:44.108+0000] {logging_mixin.py:190} INFO - [2025-01-28T22:50:44.108+0000] {dag.py:3239} INFO - Sync 2 DAGs
[2025-01-28T22:50:44.189+0000] {logging_mixin.py:190} INFO - [2025-01-28T22:50:44.188+0000] {dag.py:4180} INFO - Setting next_dagrun for read_dataset_event to 2025-01-27 00:00:00+00:00, run_after=2025-01-28 00:00:00+00:00
[2025-01-28T22:50:44.195+0000] {logging_mixin.py:190} INFO - [2025-01-28T22:50:44.195+0000] {dag.py:4180} INFO - Setting next_dagrun for read_dataset_event_from_classic to 2025-01-27 00:00:00+00:00, run_after=2025-01-28 00:00:00+00:00
[2025-01-28T22:50:44.218+0000] {processor.py:208} INFO - Processing /home/airflow/.local/lib/python3.12/site-packages/airflow/example_dags/example_inlet_event_extra.py took 1.089 seconds
[2025-01-28T22:51:14.894+0000] {processor.py:186} INFO - Started process (PID=70649) to work on /home/airflow/.local/lib/python3.12/site-packages/airflow/example_dags/example_inlet_event_extra.py
[2025-01-28T22:51:14.895+0000] {processor.py:914} INFO - Processing file /home/airflow/.local/lib/python3.12/site-packages/airflow/example_dags/example_inlet_event_extra.py for tasks to queue
[2025-01-28T22:51:14.899+0000] {logging_mixin.py:190} INFO - [2025-01-28T22:51:14.898+0000] {dagbag.py:588} INFO - Filling up the DagBag from /home/airflow/.local/lib/python3.12/site-packages/airflow/example_dags/example_inlet_event_extra.py
[2025-01-28T22:51:15.399+0000] {processor.py:925} INFO - DAG(s) 'read_dataset_event', 'read_dataset_event_from_classic' retrieved from /home/airflow/.local/lib/python3.12/site-packages/airflow/example_dags/example_inlet_event_extra.py
[2025-01-28T22:51:15.418+0000] {logging_mixin.py:190} INFO - [2025-01-28T22:51:15.418+0000] {dag.py:3239} INFO - Sync 2 DAGs
[2025-01-28T22:51:15.441+0000] {logging_mixin.py:190} INFO - [2025-01-28T22:51:15.441+0000] {dag.py:4180} INFO - Setting next_dagrun for read_dataset_event to 2025-01-27 00:00:00+00:00, run_after=2025-01-28 00:00:00+00:00
[2025-01-28T22:51:15.446+0000] {logging_mixin.py:190} INFO - [2025-01-28T22:51:15.445+0000] {dag.py:4180} INFO - Setting next_dagrun for read_dataset_event_from_classic to 2025-01-27 00:00:00+00:00, run_after=2025-01-28 00:00:00+00:00
[2025-01-28T22:51:15.462+0000] {processor.py:208} INFO - Processing /home/airflow/.local/lib/python3.12/site-packages/airflow/example_dags/example_inlet_event_extra.py took 0.573 seconds
[2025-01-28T22:51:46.309+0000] {processor.py:186} INFO - Started process (PID=70945) to work on /home/airflow/.local/lib/python3.12/site-packages/airflow/example_dags/example_inlet_event_extra.py
[2025-01-28T22:51:46.310+0000] {processor.py:914} INFO - Processing file /home/airflow/.local/lib/python3.12/site-packages/airflow/example_dags/example_inlet_event_extra.py for tasks to queue
[2025-01-28T22:51:46.314+0000] {logging_mixin.py:190} INFO - [2025-01-28T22:51:46.313+0000] {dagbag.py:588} INFO - Filling up the DagBag from /home/airflow/.local/lib/python3.12/site-packages/airflow/example_dags/example_inlet_event_extra.py
[2025-01-28T22:51:46.936+0000] {processor.py:925} INFO - DAG(s) 'read_dataset_event', 'read_dataset_event_from_classic' retrieved from /home/airflow/.local/lib/python3.12/site-packages/airflow/example_dags/example_inlet_event_extra.py
[2025-01-28T22:51:46.961+0000] {logging_mixin.py:190} INFO - [2025-01-28T22:51:46.961+0000] {dag.py:3239} INFO - Sync 2 DAGs
[2025-01-28T22:51:46.988+0000] {logging_mixin.py:190} INFO - [2025-01-28T22:51:46.988+0000] {dag.py:4180} INFO - Setting next_dagrun for read_dataset_event to 2025-01-27 00:00:00+00:00, run_after=2025-01-28 00:00:00+00:00
[2025-01-28T22:51:46.996+0000] {logging_mixin.py:190} INFO - [2025-01-28T22:51:46.996+0000] {dag.py:4180} INFO - Setting next_dagrun for read_dataset_event_from_classic to 2025-01-27 00:00:00+00:00, run_after=2025-01-28 00:00:00+00:00
[2025-01-28T22:51:47.022+0000] {processor.py:208} INFO - Processing /home/airflow/.local/lib/python3.12/site-packages/airflow/example_dags/example_inlet_event_extra.py took 0.720 seconds
[2025-01-28T22:52:18.255+0000] {processor.py:186} INFO - Started process (PID=71242) to work on /home/airflow/.local/lib/python3.12/site-packages/airflow/example_dags/example_inlet_event_extra.py
[2025-01-28T22:52:18.257+0000] {processor.py:914} INFO - Processing file /home/airflow/.local/lib/python3.12/site-packages/airflow/example_dags/example_inlet_event_extra.py for tasks to queue
[2025-01-28T22:52:18.261+0000] {logging_mixin.py:190} INFO - [2025-01-28T22:52:18.261+0000] {dagbag.py:588} INFO - Filling up the DagBag from /home/airflow/.local/lib/python3.12/site-packages/airflow/example_dags/example_inlet_event_extra.py
[2025-01-28T22:52:19.293+0000] {processor.py:925} INFO - DAG(s) 'read_dataset_event_from_classic', 'read_dataset_event' retrieved from /home/airflow/.local/lib/python3.12/site-packages/airflow/example_dags/example_inlet_event_extra.py
[2025-01-28T22:52:19.326+0000] {logging_mixin.py:190} INFO - [2025-01-28T22:52:19.326+0000] {dag.py:3239} INFO - Sync 2 DAGs
[2025-01-28T22:52:19.383+0000] {logging_mixin.py:190} INFO - [2025-01-28T22:52:19.382+0000] {dag.py:4180} INFO - Setting next_dagrun for read_dataset_event to 2025-01-27 00:00:00+00:00, run_after=2025-01-28 00:00:00+00:00
[2025-01-28T22:52:19.394+0000] {logging_mixin.py:190} INFO - [2025-01-28T22:52:19.394+0000] {dag.py:4180} INFO - Setting next_dagrun for read_dataset_event_from_classic to 2025-01-27 00:00:00+00:00, run_after=2025-01-28 00:00:00+00:00
[2025-01-28T22:52:19.433+0000] {processor.py:208} INFO - Processing /home/airflow/.local/lib/python3.12/site-packages/airflow/example_dags/example_inlet_event_extra.py took 1.189 seconds
[2025-01-28T22:52:51.386+0000] {processor.py:186} INFO - Started process (PID=71538) to work on /home/airflow/.local/lib/python3.12/site-packages/airflow/example_dags/example_inlet_event_extra.py
[2025-01-28T22:52:51.388+0000] {processor.py:914} INFO - Processing file /home/airflow/.local/lib/python3.12/site-packages/airflow/example_dags/example_inlet_event_extra.py for tasks to queue
[2025-01-28T22:52:51.392+0000] {logging_mixin.py:190} INFO - [2025-01-28T22:52:51.391+0000] {dagbag.py:588} INFO - Filling up the DagBag from /home/airflow/.local/lib/python3.12/site-packages/airflow/example_dags/example_inlet_event_extra.py
[2025-01-28T22:52:52.123+0000] {processor.py:925} INFO - DAG(s) 'read_dataset_event', 'read_dataset_event_from_classic' retrieved from /home/airflow/.local/lib/python3.12/site-packages/airflow/example_dags/example_inlet_event_extra.py
[2025-01-28T22:52:52.248+0000] {logging_mixin.py:190} INFO - [2025-01-28T22:52:52.247+0000] {dag.py:3239} INFO - Sync 2 DAGs
[2025-01-28T22:52:52.292+0000] {logging_mixin.py:190} INFO - [2025-01-28T22:52:52.292+0000] {dag.py:4180} INFO - Setting next_dagrun for read_dataset_event to 2025-01-27 00:00:00+00:00, run_after=2025-01-28 00:00:00+00:00
[2025-01-28T22:52:52.303+0000] {logging_mixin.py:190} INFO - [2025-01-28T22:52:52.302+0000] {dag.py:4180} INFO - Setting next_dagrun for read_dataset_event_from_classic to 2025-01-27 00:00:00+00:00, run_after=2025-01-28 00:00:00+00:00
[2025-01-28T22:52:52.328+0000] {processor.py:208} INFO - Processing /home/airflow/.local/lib/python3.12/site-packages/airflow/example_dags/example_inlet_event_extra.py took 0.953 seconds
