[2025-01-28T22:42:54.490+0000] {processor.py:186} INFO - Started process (PID=65801) to work on /home/airflow/.local/lib/python3.12/site-packages/airflow/example_dags/example_subdag_operator.py
[2025-01-28T22:42:54.491+0000] {processor.py:914} INFO - Processing file /home/airflow/.local/lib/python3.12/site-packages/airflow/example_dags/example_subdag_operator.py for tasks to queue
[2025-01-28T22:42:54.494+0000] {logging_mixin.py:190} INFO - [2025-01-28T22:42:54.494+0000] {dagbag.py:588} INFO - Filling up the DagBag from /home/airflow/.local/lib/python3.12/site-packages/airflow/example_dags/example_subdag_operator.py
[2025-01-28T22:42:54.524+0000] {processor.py:925} INFO - DAG(s) 'example_subdag_operator.section-1', 'example_subdag_operator.section-2', 'example_subdag_operator' retrieved from /home/airflow/.local/lib/python3.12/site-packages/airflow/example_dags/example_subdag_operator.py
[2025-01-28T22:42:54.545+0000] {logging_mixin.py:190} INFO - [2025-01-28T22:42:54.545+0000] {dag.py:3239} INFO - Sync 3 DAGs
[2025-01-28T22:42:54.582+0000] {logging_mixin.py:190} INFO - [2025-01-28T22:42:54.582+0000] {dag.py:4180} INFO - Setting next_dagrun for example_subdag_operator to 2022-01-01 00:00:00+00:00, run_after=2022-01-01 00:00:00+00:00
[2025-01-28T22:42:54.587+0000] {logging_mixin.py:190} INFO - [2025-01-28T22:42:54.587+0000] {dag.py:4180} INFO - Setting next_dagrun for example_subdag_operator.section-1 to None, run_after=None
[2025-01-28T22:42:54.589+0000] {logging_mixin.py:190} INFO - [2025-01-28T22:42:54.589+0000] {dag.py:4180} INFO - Setting next_dagrun for example_subdag_operator.section-2 to None, run_after=None
[2025-01-28T22:42:54.597+0000] {logging_mixin.py:190} INFO - [2025-01-28T22:42:54.597+0000] {dag.py:3239} INFO - Sync 2 DAGs
[2025-01-28T22:42:54.605+0000] {logging_mixin.py:190} INFO - [2025-01-28T22:42:54.605+0000] {dag.py:4180} INFO - Setting next_dagrun for example_subdag_operator.section-1 to None, run_after=None
[2025-01-28T22:42:54.606+0000] {logging_mixin.py:190} INFO - [2025-01-28T22:42:54.606+0000] {dag.py:4180} INFO - Setting next_dagrun for example_subdag_operator.section-2 to None, run_after=None
[2025-01-28T22:42:54.619+0000] {processor.py:208} INFO - Processing /home/airflow/.local/lib/python3.12/site-packages/airflow/example_dags/example_subdag_operator.py took 0.136 seconds
[2025-01-28T22:43:24.971+0000] {processor.py:186} INFO - Started process (PID=66104) to work on /home/airflow/.local/lib/python3.12/site-packages/airflow/example_dags/example_subdag_operator.py
[2025-01-28T22:43:24.972+0000] {processor.py:914} INFO - Processing file /home/airflow/.local/lib/python3.12/site-packages/airflow/example_dags/example_subdag_operator.py for tasks to queue
[2025-01-28T22:43:24.974+0000] {logging_mixin.py:190} INFO - [2025-01-28T22:43:24.974+0000] {dagbag.py:588} INFO - Filling up the DagBag from /home/airflow/.local/lib/python3.12/site-packages/airflow/example_dags/example_subdag_operator.py
[2025-01-28T22:43:25.003+0000] {processor.py:925} INFO - DAG(s) 'example_subdag_operator.section-1', 'example_subdag_operator.section-2', 'example_subdag_operator' retrieved from /home/airflow/.local/lib/python3.12/site-packages/airflow/example_dags/example_subdag_operator.py
[2025-01-28T22:43:25.021+0000] {logging_mixin.py:190} INFO - [2025-01-28T22:43:25.021+0000] {dag.py:3239} INFO - Sync 3 DAGs
[2025-01-28T22:43:25.045+0000] {logging_mixin.py:190} INFO - [2025-01-28T22:43:25.045+0000] {dag.py:4180} INFO - Setting next_dagrun for example_subdag_operator to 2022-01-01 00:00:00+00:00, run_after=2022-01-01 00:00:00+00:00
[2025-01-28T22:43:25.048+0000] {logging_mixin.py:190} INFO - [2025-01-28T22:43:25.048+0000] {dag.py:4180} INFO - Setting next_dagrun for example_subdag_operator.section-1 to None, run_after=None
[2025-01-28T22:43:25.049+0000] {logging_mixin.py:190} INFO - [2025-01-28T22:43:25.049+0000] {dag.py:4180} INFO - Setting next_dagrun for example_subdag_operator.section-2 to None, run_after=None
[2025-01-28T22:43:25.056+0000] {logging_mixin.py:190} INFO - [2025-01-28T22:43:25.055+0000] {dag.py:3239} INFO - Sync 2 DAGs
[2025-01-28T22:43:25.060+0000] {logging_mixin.py:190} INFO - [2025-01-28T22:43:25.060+0000] {dag.py:4180} INFO - Setting next_dagrun for example_subdag_operator.section-1 to None, run_after=None
[2025-01-28T22:43:25.061+0000] {logging_mixin.py:190} INFO - [2025-01-28T22:43:25.061+0000] {dag.py:4180} INFO - Setting next_dagrun for example_subdag_operator.section-2 to None, run_after=None
[2025-01-28T22:43:25.069+0000] {processor.py:208} INFO - Processing /home/airflow/.local/lib/python3.12/site-packages/airflow/example_dags/example_subdag_operator.py took 0.104 seconds
[2025-01-28T22:43:55.251+0000] {processor.py:186} INFO - Started process (PID=66400) to work on /home/airflow/.local/lib/python3.12/site-packages/airflow/example_dags/example_subdag_operator.py
[2025-01-28T22:43:55.253+0000] {processor.py:914} INFO - Processing file /home/airflow/.local/lib/python3.12/site-packages/airflow/example_dags/example_subdag_operator.py for tasks to queue
[2025-01-28T22:43:55.256+0000] {logging_mixin.py:190} INFO - [2025-01-28T22:43:55.255+0000] {dagbag.py:588} INFO - Filling up the DagBag from /home/airflow/.local/lib/python3.12/site-packages/airflow/example_dags/example_subdag_operator.py
[2025-01-28T22:43:55.285+0000] {processor.py:925} INFO - DAG(s) 'example_subdag_operator.section-1', 'example_subdag_operator.section-2', 'example_subdag_operator' retrieved from /home/airflow/.local/lib/python3.12/site-packages/airflow/example_dags/example_subdag_operator.py
[2025-01-28T22:43:55.303+0000] {logging_mixin.py:190} INFO - [2025-01-28T22:43:55.303+0000] {dag.py:3239} INFO - Sync 3 DAGs
[2025-01-28T22:43:55.331+0000] {logging_mixin.py:190} INFO - [2025-01-28T22:43:55.331+0000] {dag.py:4180} INFO - Setting next_dagrun for example_subdag_operator to 2022-01-01 00:00:00+00:00, run_after=2022-01-01 00:00:00+00:00
[2025-01-28T22:43:55.335+0000] {logging_mixin.py:190} INFO - [2025-01-28T22:43:55.335+0000] {dag.py:4180} INFO - Setting next_dagrun for example_subdag_operator.section-1 to None, run_after=None
[2025-01-28T22:43:55.336+0000] {logging_mixin.py:190} INFO - [2025-01-28T22:43:55.336+0000] {dag.py:4180} INFO - Setting next_dagrun for example_subdag_operator.section-2 to None, run_after=None
[2025-01-28T22:43:55.344+0000] {logging_mixin.py:190} INFO - [2025-01-28T22:43:55.343+0000] {dag.py:3239} INFO - Sync 2 DAGs
[2025-01-28T22:43:55.349+0000] {logging_mixin.py:190} INFO - [2025-01-28T22:43:55.349+0000] {dag.py:4180} INFO - Setting next_dagrun for example_subdag_operator.section-1 to None, run_after=None
[2025-01-28T22:43:55.350+0000] {logging_mixin.py:190} INFO - [2025-01-28T22:43:55.350+0000] {dag.py:4180} INFO - Setting next_dagrun for example_subdag_operator.section-2 to None, run_after=None
[2025-01-28T22:43:55.361+0000] {processor.py:208} INFO - Processing /home/airflow/.local/lib/python3.12/site-packages/airflow/example_dags/example_subdag_operator.py took 0.116 seconds
[2025-01-28T22:44:25.964+0000] {processor.py:186} INFO - Started process (PID=66696) to work on /home/airflow/.local/lib/python3.12/site-packages/airflow/example_dags/example_subdag_operator.py
[2025-01-28T22:44:25.965+0000] {processor.py:914} INFO - Processing file /home/airflow/.local/lib/python3.12/site-packages/airflow/example_dags/example_subdag_operator.py for tasks to queue
[2025-01-28T22:44:25.967+0000] {logging_mixin.py:190} INFO - [2025-01-28T22:44:25.967+0000] {dagbag.py:588} INFO - Filling up the DagBag from /home/airflow/.local/lib/python3.12/site-packages/airflow/example_dags/example_subdag_operator.py
[2025-01-28T22:44:25.994+0000] {processor.py:925} INFO - DAG(s) 'example_subdag_operator.section-1', 'example_subdag_operator.section-2', 'example_subdag_operator' retrieved from /home/airflow/.local/lib/python3.12/site-packages/airflow/example_dags/example_subdag_operator.py
[2025-01-28T22:44:26.008+0000] {logging_mixin.py:190} INFO - [2025-01-28T22:44:26.008+0000] {dag.py:3239} INFO - Sync 3 DAGs
[2025-01-28T22:44:26.029+0000] {logging_mixin.py:190} INFO - [2025-01-28T22:44:26.029+0000] {dag.py:4180} INFO - Setting next_dagrun for example_subdag_operator to 2022-01-01 00:00:00+00:00, run_after=2022-01-01 00:00:00+00:00
[2025-01-28T22:44:26.032+0000] {logging_mixin.py:190} INFO - [2025-01-28T22:44:26.032+0000] {dag.py:4180} INFO - Setting next_dagrun for example_subdag_operator.section-1 to None, run_after=None
[2025-01-28T22:44:26.034+0000] {logging_mixin.py:190} INFO - [2025-01-28T22:44:26.034+0000] {dag.py:4180} INFO - Setting next_dagrun for example_subdag_operator.section-2 to None, run_after=None
[2025-01-28T22:44:26.041+0000] {logging_mixin.py:190} INFO - [2025-01-28T22:44:26.041+0000] {dag.py:3239} INFO - Sync 2 DAGs
[2025-01-28T22:44:26.047+0000] {logging_mixin.py:190} INFO - [2025-01-28T22:44:26.047+0000] {dag.py:4180} INFO - Setting next_dagrun for example_subdag_operator.section-1 to None, run_after=None
[2025-01-28T22:44:26.048+0000] {logging_mixin.py:190} INFO - [2025-01-28T22:44:26.048+0000] {dag.py:4180} INFO - Setting next_dagrun for example_subdag_operator.section-2 to None, run_after=None
[2025-01-28T22:44:26.068+0000] {processor.py:208} INFO - Processing /home/airflow/.local/lib/python3.12/site-packages/airflow/example_dags/example_subdag_operator.py took 0.109 seconds
[2025-01-28T22:44:56.585+0000] {processor.py:186} INFO - Started process (PID=66990) to work on /home/airflow/.local/lib/python3.12/site-packages/airflow/example_dags/example_subdag_operator.py
[2025-01-28T22:44:56.586+0000] {processor.py:914} INFO - Processing file /home/airflow/.local/lib/python3.12/site-packages/airflow/example_dags/example_subdag_operator.py for tasks to queue
[2025-01-28T22:44:56.589+0000] {logging_mixin.py:190} INFO - [2025-01-28T22:44:56.588+0000] {dagbag.py:588} INFO - Filling up the DagBag from /home/airflow/.local/lib/python3.12/site-packages/airflow/example_dags/example_subdag_operator.py
[2025-01-28T22:44:56.618+0000] {processor.py:925} INFO - DAG(s) 'example_subdag_operator.section-1', 'example_subdag_operator.section-2', 'example_subdag_operator' retrieved from /home/airflow/.local/lib/python3.12/site-packages/airflow/example_dags/example_subdag_operator.py
[2025-01-28T22:44:56.654+0000] {logging_mixin.py:190} INFO - [2025-01-28T22:44:56.654+0000] {dag.py:3239} INFO - Sync 3 DAGs
[2025-01-28T22:44:56.699+0000] {logging_mixin.py:190} INFO - [2025-01-28T22:44:56.698+0000] {dag.py:4180} INFO - Setting next_dagrun for example_subdag_operator to 2022-01-01 00:00:00+00:00, run_after=2022-01-01 00:00:00+00:00
[2025-01-28T22:44:56.713+0000] {logging_mixin.py:190} INFO - [2025-01-28T22:44:56.713+0000] {dag.py:4180} INFO - Setting next_dagrun for example_subdag_operator.section-1 to None, run_after=None
[2025-01-28T22:44:56.717+0000] {logging_mixin.py:190} INFO - [2025-01-28T22:44:56.716+0000] {dag.py:4180} INFO - Setting next_dagrun for example_subdag_operator.section-2 to None, run_after=None
[2025-01-28T22:44:56.744+0000] {logging_mixin.py:190} INFO - [2025-01-28T22:44:56.744+0000] {dag.py:3239} INFO - Sync 2 DAGs
[2025-01-28T22:44:56.763+0000] {logging_mixin.py:190} INFO - [2025-01-28T22:44:56.763+0000] {dag.py:4180} INFO - Setting next_dagrun for example_subdag_operator.section-1 to None, run_after=None
[2025-01-28T22:44:56.764+0000] {logging_mixin.py:190} INFO - [2025-01-28T22:44:56.764+0000] {dag.py:4180} INFO - Setting next_dagrun for example_subdag_operator.section-2 to None, run_after=None
[2025-01-28T22:44:56.794+0000] {processor.py:208} INFO - Processing /home/airflow/.local/lib/python3.12/site-packages/airflow/example_dags/example_subdag_operator.py took 0.216 seconds
[2025-01-28T22:45:27.955+0000] {processor.py:186} INFO - Started process (PID=67288) to work on /home/airflow/.local/lib/python3.12/site-packages/airflow/example_dags/example_subdag_operator.py
[2025-01-28T22:45:27.957+0000] {processor.py:914} INFO - Processing file /home/airflow/.local/lib/python3.12/site-packages/airflow/example_dags/example_subdag_operator.py for tasks to queue
[2025-01-28T22:45:27.959+0000] {logging_mixin.py:190} INFO - [2025-01-28T22:45:27.959+0000] {dagbag.py:588} INFO - Filling up the DagBag from /home/airflow/.local/lib/python3.12/site-packages/airflow/example_dags/example_subdag_operator.py
[2025-01-28T22:45:27.983+0000] {processor.py:925} INFO - DAG(s) 'example_subdag_operator.section-1', 'example_subdag_operator.section-2', 'example_subdag_operator' retrieved from /home/airflow/.local/lib/python3.12/site-packages/airflow/example_dags/example_subdag_operator.py
[2025-01-28T22:45:27.996+0000] {logging_mixin.py:190} INFO - [2025-01-28T22:45:27.996+0000] {dag.py:3239} INFO - Sync 3 DAGs
[2025-01-28T22:45:28.014+0000] {logging_mixin.py:190} INFO - [2025-01-28T22:45:28.014+0000] {dag.py:4180} INFO - Setting next_dagrun for example_subdag_operator to 2022-01-01 00:00:00+00:00, run_after=2022-01-01 00:00:00+00:00
[2025-01-28T22:45:28.017+0000] {logging_mixin.py:190} INFO - [2025-01-28T22:45:28.017+0000] {dag.py:4180} INFO - Setting next_dagrun for example_subdag_operator.section-1 to None, run_after=None
[2025-01-28T22:45:28.018+0000] {logging_mixin.py:190} INFO - [2025-01-28T22:45:28.018+0000] {dag.py:4180} INFO - Setting next_dagrun for example_subdag_operator.section-2 to None, run_after=None
[2025-01-28T22:45:28.024+0000] {logging_mixin.py:190} INFO - [2025-01-28T22:45:28.024+0000] {dag.py:3239} INFO - Sync 2 DAGs
[2025-01-28T22:45:28.029+0000] {logging_mixin.py:190} INFO - [2025-01-28T22:45:28.029+0000] {dag.py:4180} INFO - Setting next_dagrun for example_subdag_operator.section-1 to None, run_after=None
[2025-01-28T22:45:28.030+0000] {logging_mixin.py:190} INFO - [2025-01-28T22:45:28.030+0000] {dag.py:4180} INFO - Setting next_dagrun for example_subdag_operator.section-2 to None, run_after=None
[2025-01-28T22:45:28.043+0000] {processor.py:208} INFO - Processing /home/airflow/.local/lib/python3.12/site-packages/airflow/example_dags/example_subdag_operator.py took 0.093 seconds
[2025-01-28T22:45:58.245+0000] {processor.py:186} INFO - Started process (PID=67582) to work on /home/airflow/.local/lib/python3.12/site-packages/airflow/example_dags/example_subdag_operator.py
[2025-01-28T22:45:58.246+0000] {processor.py:914} INFO - Processing file /home/airflow/.local/lib/python3.12/site-packages/airflow/example_dags/example_subdag_operator.py for tasks to queue
[2025-01-28T22:45:58.248+0000] {logging_mixin.py:190} INFO - [2025-01-28T22:45:58.248+0000] {dagbag.py:588} INFO - Filling up the DagBag from /home/airflow/.local/lib/python3.12/site-packages/airflow/example_dags/example_subdag_operator.py
[2025-01-28T22:45:58.271+0000] {processor.py:925} INFO - DAG(s) 'example_subdag_operator.section-1', 'example_subdag_operator.section-2', 'example_subdag_operator' retrieved from /home/airflow/.local/lib/python3.12/site-packages/airflow/example_dags/example_subdag_operator.py
[2025-01-28T22:45:58.286+0000] {logging_mixin.py:190} INFO - [2025-01-28T22:45:58.286+0000] {dag.py:3239} INFO - Sync 3 DAGs
[2025-01-28T22:45:58.308+0000] {logging_mixin.py:190} INFO - [2025-01-28T22:45:58.308+0000] {dag.py:4180} INFO - Setting next_dagrun for example_subdag_operator to 2022-01-01 00:00:00+00:00, run_after=2022-01-01 00:00:00+00:00
[2025-01-28T22:45:58.311+0000] {logging_mixin.py:190} INFO - [2025-01-28T22:45:58.311+0000] {dag.py:4180} INFO - Setting next_dagrun for example_subdag_operator.section-1 to None, run_after=None
[2025-01-28T22:45:58.313+0000] {logging_mixin.py:190} INFO - [2025-01-28T22:45:58.313+0000] {dag.py:4180} INFO - Setting next_dagrun for example_subdag_operator.section-2 to None, run_after=None
[2025-01-28T22:45:58.319+0000] {logging_mixin.py:190} INFO - [2025-01-28T22:45:58.319+0000] {dag.py:3239} INFO - Sync 2 DAGs
[2025-01-28T22:45:58.325+0000] {logging_mixin.py:190} INFO - [2025-01-28T22:45:58.325+0000] {dag.py:4180} INFO - Setting next_dagrun for example_subdag_operator.section-1 to None, run_after=None
[2025-01-28T22:45:58.326+0000] {logging_mixin.py:190} INFO - [2025-01-28T22:45:58.326+0000] {dag.py:4180} INFO - Setting next_dagrun for example_subdag_operator.section-2 to None, run_after=None
[2025-01-28T22:45:58.340+0000] {processor.py:208} INFO - Processing /home/airflow/.local/lib/python3.12/site-packages/airflow/example_dags/example_subdag_operator.py took 0.100 seconds
[2025-01-28T22:46:29.329+0000] {processor.py:186} INFO - Started process (PID=67878) to work on /home/airflow/.local/lib/python3.12/site-packages/airflow/example_dags/example_subdag_operator.py
[2025-01-28T22:46:29.330+0000] {processor.py:914} INFO - Processing file /home/airflow/.local/lib/python3.12/site-packages/airflow/example_dags/example_subdag_operator.py for tasks to queue
[2025-01-28T22:46:29.333+0000] {logging_mixin.py:190} INFO - [2025-01-28T22:46:29.332+0000] {dagbag.py:588} INFO - Filling up the DagBag from /home/airflow/.local/lib/python3.12/site-packages/airflow/example_dags/example_subdag_operator.py
[2025-01-28T22:46:29.360+0000] {processor.py:925} INFO - DAG(s) 'example_subdag_operator.section-1', 'example_subdag_operator.section-2', 'example_subdag_operator' retrieved from /home/airflow/.local/lib/python3.12/site-packages/airflow/example_dags/example_subdag_operator.py
[2025-01-28T22:46:29.375+0000] {logging_mixin.py:190} INFO - [2025-01-28T22:46:29.375+0000] {dag.py:3239} INFO - Sync 3 DAGs
[2025-01-28T22:46:29.402+0000] {logging_mixin.py:190} INFO - [2025-01-28T22:46:29.402+0000] {dag.py:4180} INFO - Setting next_dagrun for example_subdag_operator to 2022-01-01 00:00:00+00:00, run_after=2022-01-01 00:00:00+00:00
[2025-01-28T22:46:29.406+0000] {logging_mixin.py:190} INFO - [2025-01-28T22:46:29.406+0000] {dag.py:4180} INFO - Setting next_dagrun for example_subdag_operator.section-1 to None, run_after=None
[2025-01-28T22:46:29.408+0000] {logging_mixin.py:190} INFO - [2025-01-28T22:46:29.408+0000] {dag.py:4180} INFO - Setting next_dagrun for example_subdag_operator.section-2 to None, run_after=None
[2025-01-28T22:46:29.416+0000] {logging_mixin.py:190} INFO - [2025-01-28T22:46:29.416+0000] {dag.py:3239} INFO - Sync 2 DAGs
[2025-01-28T22:46:29.421+0000] {logging_mixin.py:190} INFO - [2025-01-28T22:46:29.421+0000] {dag.py:4180} INFO - Setting next_dagrun for example_subdag_operator.section-1 to None, run_after=None
[2025-01-28T22:46:29.422+0000] {logging_mixin.py:190} INFO - [2025-01-28T22:46:29.422+0000] {dag.py:4180} INFO - Setting next_dagrun for example_subdag_operator.section-2 to None, run_after=None
[2025-01-28T22:46:29.434+0000] {processor.py:208} INFO - Processing /home/airflow/.local/lib/python3.12/site-packages/airflow/example_dags/example_subdag_operator.py took 0.111 seconds
[2025-01-28T22:47:00.282+0000] {processor.py:186} INFO - Started process (PID=68174) to work on /home/airflow/.local/lib/python3.12/site-packages/airflow/example_dags/example_subdag_operator.py
[2025-01-28T22:47:00.283+0000] {processor.py:914} INFO - Processing file /home/airflow/.local/lib/python3.12/site-packages/airflow/example_dags/example_subdag_operator.py for tasks to queue
[2025-01-28T22:47:00.285+0000] {logging_mixin.py:190} INFO - [2025-01-28T22:47:00.285+0000] {dagbag.py:588} INFO - Filling up the DagBag from /home/airflow/.local/lib/python3.12/site-packages/airflow/example_dags/example_subdag_operator.py
[2025-01-28T22:47:00.307+0000] {processor.py:925} INFO - DAG(s) 'example_subdag_operator.section-1', 'example_subdag_operator.section-2', 'example_subdag_operator' retrieved from /home/airflow/.local/lib/python3.12/site-packages/airflow/example_dags/example_subdag_operator.py
[2025-01-28T22:47:00.321+0000] {logging_mixin.py:190} INFO - [2025-01-28T22:47:00.320+0000] {dag.py:3239} INFO - Sync 3 DAGs
[2025-01-28T22:47:00.341+0000] {logging_mixin.py:190} INFO - [2025-01-28T22:47:00.340+0000] {dag.py:4180} INFO - Setting next_dagrun for example_subdag_operator to 2022-01-01 00:00:00+00:00, run_after=2022-01-01 00:00:00+00:00
[2025-01-28T22:47:00.345+0000] {logging_mixin.py:190} INFO - [2025-01-28T22:47:00.344+0000] {dag.py:4180} INFO - Setting next_dagrun for example_subdag_operator.section-1 to None, run_after=None
[2025-01-28T22:47:00.346+0000] {logging_mixin.py:190} INFO - [2025-01-28T22:47:00.346+0000] {dag.py:4180} INFO - Setting next_dagrun for example_subdag_operator.section-2 to None, run_after=None
[2025-01-28T22:47:00.353+0000] {logging_mixin.py:190} INFO - [2025-01-28T22:47:00.353+0000] {dag.py:3239} INFO - Sync 2 DAGs
[2025-01-28T22:47:00.358+0000] {logging_mixin.py:190} INFO - [2025-01-28T22:47:00.358+0000] {dag.py:4180} INFO - Setting next_dagrun for example_subdag_operator.section-1 to None, run_after=None
[2025-01-28T22:47:00.359+0000] {logging_mixin.py:190} INFO - [2025-01-28T22:47:00.359+0000] {dag.py:4180} INFO - Setting next_dagrun for example_subdag_operator.section-2 to None, run_after=None
[2025-01-28T22:47:00.369+0000] {processor.py:208} INFO - Processing /home/airflow/.local/lib/python3.12/site-packages/airflow/example_dags/example_subdag_operator.py took 0.094 seconds
[2025-01-28T22:47:30.681+0000] {processor.py:186} INFO - Started process (PID=68467) to work on /home/airflow/.local/lib/python3.12/site-packages/airflow/example_dags/example_subdag_operator.py
[2025-01-28T22:47:30.682+0000] {processor.py:914} INFO - Processing file /home/airflow/.local/lib/python3.12/site-packages/airflow/example_dags/example_subdag_operator.py for tasks to queue
[2025-01-28T22:47:30.684+0000] {logging_mixin.py:190} INFO - [2025-01-28T22:47:30.684+0000] {dagbag.py:588} INFO - Filling up the DagBag from /home/airflow/.local/lib/python3.12/site-packages/airflow/example_dags/example_subdag_operator.py
[2025-01-28T22:47:30.708+0000] {processor.py:925} INFO - DAG(s) 'example_subdag_operator.section-1', 'example_subdag_operator.section-2', 'example_subdag_operator' retrieved from /home/airflow/.local/lib/python3.12/site-packages/airflow/example_dags/example_subdag_operator.py
[2025-01-28T22:47:30.721+0000] {logging_mixin.py:190} INFO - [2025-01-28T22:47:30.721+0000] {dag.py:3239} INFO - Sync 3 DAGs
[2025-01-28T22:47:30.741+0000] {logging_mixin.py:190} INFO - [2025-01-28T22:47:30.741+0000] {dag.py:4180} INFO - Setting next_dagrun for example_subdag_operator to 2022-01-01 00:00:00+00:00, run_after=2022-01-01 00:00:00+00:00
[2025-01-28T22:47:30.744+0000] {logging_mixin.py:190} INFO - [2025-01-28T22:47:30.744+0000] {dag.py:4180} INFO - Setting next_dagrun for example_subdag_operator.section-1 to None, run_after=None
[2025-01-28T22:47:30.746+0000] {logging_mixin.py:190} INFO - [2025-01-28T22:47:30.746+0000] {dag.py:4180} INFO - Setting next_dagrun for example_subdag_operator.section-2 to None, run_after=None
[2025-01-28T22:47:30.752+0000] {logging_mixin.py:190} INFO - [2025-01-28T22:47:30.752+0000] {dag.py:3239} INFO - Sync 2 DAGs
[2025-01-28T22:47:30.756+0000] {logging_mixin.py:190} INFO - [2025-01-28T22:47:30.756+0000] {dag.py:4180} INFO - Setting next_dagrun for example_subdag_operator.section-1 to None, run_after=None
[2025-01-28T22:47:30.757+0000] {logging_mixin.py:190} INFO - [2025-01-28T22:47:30.757+0000] {dag.py:4180} INFO - Setting next_dagrun for example_subdag_operator.section-2 to None, run_after=None
[2025-01-28T22:47:30.767+0000] {processor.py:208} INFO - Processing /home/airflow/.local/lib/python3.12/site-packages/airflow/example_dags/example_subdag_operator.py took 0.091 seconds
[2025-01-28T22:48:01.183+0000] {processor.py:186} INFO - Started process (PID=68761) to work on /home/airflow/.local/lib/python3.12/site-packages/airflow/example_dags/example_subdag_operator.py
[2025-01-28T22:48:01.183+0000] {processor.py:914} INFO - Processing file /home/airflow/.local/lib/python3.12/site-packages/airflow/example_dags/example_subdag_operator.py for tasks to queue
[2025-01-28T22:48:01.186+0000] {logging_mixin.py:190} INFO - [2025-01-28T22:48:01.185+0000] {dagbag.py:588} INFO - Filling up the DagBag from /home/airflow/.local/lib/python3.12/site-packages/airflow/example_dags/example_subdag_operator.py
[2025-01-28T22:48:01.211+0000] {processor.py:925} INFO - DAG(s) 'example_subdag_operator.section-1', 'example_subdag_operator.section-2', 'example_subdag_operator' retrieved from /home/airflow/.local/lib/python3.12/site-packages/airflow/example_dags/example_subdag_operator.py
[2025-01-28T22:48:01.229+0000] {logging_mixin.py:190} INFO - [2025-01-28T22:48:01.229+0000] {dag.py:3239} INFO - Sync 3 DAGs
[2025-01-28T22:48:01.252+0000] {logging_mixin.py:190} INFO - [2025-01-28T22:48:01.252+0000] {dag.py:4180} INFO - Setting next_dagrun for example_subdag_operator to 2022-01-01 00:00:00+00:00, run_after=2022-01-01 00:00:00+00:00
[2025-01-28T22:48:01.256+0000] {logging_mixin.py:190} INFO - [2025-01-28T22:48:01.256+0000] {dag.py:4180} INFO - Setting next_dagrun for example_subdag_operator.section-1 to None, run_after=None
[2025-01-28T22:48:01.258+0000] {logging_mixin.py:190} INFO - [2025-01-28T22:48:01.258+0000] {dag.py:4180} INFO - Setting next_dagrun for example_subdag_operator.section-2 to None, run_after=None
[2025-01-28T22:48:01.266+0000] {logging_mixin.py:190} INFO - [2025-01-28T22:48:01.266+0000] {dag.py:3239} INFO - Sync 2 DAGs
[2025-01-28T22:48:01.273+0000] {logging_mixin.py:190} INFO - [2025-01-28T22:48:01.272+0000] {dag.py:4180} INFO - Setting next_dagrun for example_subdag_operator.section-1 to None, run_after=None
[2025-01-28T22:48:01.273+0000] {logging_mixin.py:190} INFO - [2025-01-28T22:48:01.273+0000] {dag.py:4180} INFO - Setting next_dagrun for example_subdag_operator.section-2 to None, run_after=None
[2025-01-28T22:48:01.288+0000] {processor.py:208} INFO - Processing /home/airflow/.local/lib/python3.12/site-packages/airflow/example_dags/example_subdag_operator.py took 0.110 seconds
[2025-01-28T22:48:31.379+0000] {processor.py:186} INFO - Started process (PID=69052) to work on /home/airflow/.local/lib/python3.12/site-packages/airflow/example_dags/example_subdag_operator.py
[2025-01-28T22:48:31.380+0000] {processor.py:914} INFO - Processing file /home/airflow/.local/lib/python3.12/site-packages/airflow/example_dags/example_subdag_operator.py for tasks to queue
[2025-01-28T22:48:31.382+0000] {logging_mixin.py:190} INFO - [2025-01-28T22:48:31.382+0000] {dagbag.py:588} INFO - Filling up the DagBag from /home/airflow/.local/lib/python3.12/site-packages/airflow/example_dags/example_subdag_operator.py
[2025-01-28T22:48:31.409+0000] {processor.py:925} INFO - DAG(s) 'example_subdag_operator.section-1', 'example_subdag_operator.section-2', 'example_subdag_operator' retrieved from /home/airflow/.local/lib/python3.12/site-packages/airflow/example_dags/example_subdag_operator.py
[2025-01-28T22:48:31.427+0000] {logging_mixin.py:190} INFO - [2025-01-28T22:48:31.427+0000] {dag.py:3239} INFO - Sync 3 DAGs
[2025-01-28T22:48:31.455+0000] {logging_mixin.py:190} INFO - [2025-01-28T22:48:31.455+0000] {dag.py:4180} INFO - Setting next_dagrun for example_subdag_operator to 2022-01-01 00:00:00+00:00, run_after=2022-01-01 00:00:00+00:00
[2025-01-28T22:48:31.460+0000] {logging_mixin.py:190} INFO - [2025-01-28T22:48:31.460+0000] {dag.py:4180} INFO - Setting next_dagrun for example_subdag_operator.section-1 to None, run_after=None
[2025-01-28T22:48:31.462+0000] {logging_mixin.py:190} INFO - [2025-01-28T22:48:31.462+0000] {dag.py:4180} INFO - Setting next_dagrun for example_subdag_operator.section-2 to None, run_after=None
[2025-01-28T22:48:31.471+0000] {logging_mixin.py:190} INFO - [2025-01-28T22:48:31.471+0000] {dag.py:3239} INFO - Sync 2 DAGs
[2025-01-28T22:48:31.478+0000] {logging_mixin.py:190} INFO - [2025-01-28T22:48:31.478+0000] {dag.py:4180} INFO - Setting next_dagrun for example_subdag_operator.section-1 to None, run_after=None
[2025-01-28T22:48:31.479+0000] {logging_mixin.py:190} INFO - [2025-01-28T22:48:31.479+0000] {dag.py:4180} INFO - Setting next_dagrun for example_subdag_operator.section-2 to None, run_after=None
[2025-01-28T22:48:31.495+0000] {processor.py:208} INFO - Processing /home/airflow/.local/lib/python3.12/site-packages/airflow/example_dags/example_subdag_operator.py took 0.123 seconds
[2025-01-28T22:49:01.752+0000] {processor.py:186} INFO - Started process (PID=69345) to work on /home/airflow/.local/lib/python3.12/site-packages/airflow/example_dags/example_subdag_operator.py
[2025-01-28T22:49:01.753+0000] {processor.py:914} INFO - Processing file /home/airflow/.local/lib/python3.12/site-packages/airflow/example_dags/example_subdag_operator.py for tasks to queue
[2025-01-28T22:49:01.756+0000] {logging_mixin.py:190} INFO - [2025-01-28T22:49:01.755+0000] {dagbag.py:588} INFO - Filling up the DagBag from /home/airflow/.local/lib/python3.12/site-packages/airflow/example_dags/example_subdag_operator.py
[2025-01-28T22:49:01.781+0000] {processor.py:925} INFO - DAG(s) 'example_subdag_operator.section-1', 'example_subdag_operator.section-2', 'example_subdag_operator' retrieved from /home/airflow/.local/lib/python3.12/site-packages/airflow/example_dags/example_subdag_operator.py
[2025-01-28T22:49:01.796+0000] {logging_mixin.py:190} INFO - [2025-01-28T22:49:01.796+0000] {dag.py:3239} INFO - Sync 3 DAGs
[2025-01-28T22:49:01.819+0000] {logging_mixin.py:190} INFO - [2025-01-28T22:49:01.818+0000] {dag.py:4180} INFO - Setting next_dagrun for example_subdag_operator to 2022-01-01 00:00:00+00:00, run_after=2022-01-01 00:00:00+00:00
[2025-01-28T22:49:01.823+0000] {logging_mixin.py:190} INFO - [2025-01-28T22:49:01.823+0000] {dag.py:4180} INFO - Setting next_dagrun for example_subdag_operator.section-1 to None, run_after=None
[2025-01-28T22:49:01.825+0000] {logging_mixin.py:190} INFO - [2025-01-28T22:49:01.825+0000] {dag.py:4180} INFO - Setting next_dagrun for example_subdag_operator.section-2 to None, run_after=None
[2025-01-28T22:49:01.832+0000] {logging_mixin.py:190} INFO - [2025-01-28T22:49:01.832+0000] {dag.py:3239} INFO - Sync 2 DAGs
[2025-01-28T22:49:01.838+0000] {logging_mixin.py:190} INFO - [2025-01-28T22:49:01.838+0000] {dag.py:4180} INFO - Setting next_dagrun for example_subdag_operator.section-1 to None, run_after=None
[2025-01-28T22:49:01.839+0000] {logging_mixin.py:190} INFO - [2025-01-28T22:49:01.839+0000] {dag.py:4180} INFO - Setting next_dagrun for example_subdag_operator.section-2 to None, run_after=None
[2025-01-28T22:49:01.851+0000] {processor.py:208} INFO - Processing /home/airflow/.local/lib/python3.12/site-packages/airflow/example_dags/example_subdag_operator.py took 0.105 seconds
[2025-01-28T22:49:32.591+0000] {processor.py:186} INFO - Started process (PID=69645) to work on /home/airflow/.local/lib/python3.12/site-packages/airflow/example_dags/example_subdag_operator.py
[2025-01-28T22:49:32.592+0000] {processor.py:914} INFO - Processing file /home/airflow/.local/lib/python3.12/site-packages/airflow/example_dags/example_subdag_operator.py for tasks to queue
[2025-01-28T22:49:32.595+0000] {logging_mixin.py:190} INFO - [2025-01-28T22:49:32.595+0000] {dagbag.py:588} INFO - Filling up the DagBag from /home/airflow/.local/lib/python3.12/site-packages/airflow/example_dags/example_subdag_operator.py
[2025-01-28T22:49:32.628+0000] {processor.py:925} INFO - DAG(s) 'example_subdag_operator.section-1', 'example_subdag_operator.section-2', 'example_subdag_operator' retrieved from /home/airflow/.local/lib/python3.12/site-packages/airflow/example_dags/example_subdag_operator.py
[2025-01-28T22:49:32.651+0000] {logging_mixin.py:190} INFO - [2025-01-28T22:49:32.651+0000] {dag.py:3239} INFO - Sync 3 DAGs
[2025-01-28T22:49:32.689+0000] {logging_mixin.py:190} INFO - [2025-01-28T22:49:32.688+0000] {dag.py:4180} INFO - Setting next_dagrun for example_subdag_operator to 2022-01-01 00:00:00+00:00, run_after=2022-01-01 00:00:00+00:00
[2025-01-28T22:49:32.693+0000] {logging_mixin.py:190} INFO - [2025-01-28T22:49:32.693+0000] {dag.py:4180} INFO - Setting next_dagrun for example_subdag_operator.section-1 to None, run_after=None
[2025-01-28T22:49:32.695+0000] {logging_mixin.py:190} INFO - [2025-01-28T22:49:32.694+0000] {dag.py:4180} INFO - Setting next_dagrun for example_subdag_operator.section-2 to None, run_after=None
[2025-01-28T22:49:32.704+0000] {logging_mixin.py:190} INFO - [2025-01-28T22:49:32.704+0000] {dag.py:3239} INFO - Sync 2 DAGs
[2025-01-28T22:49:32.712+0000] {logging_mixin.py:190} INFO - [2025-01-28T22:49:32.711+0000] {dag.py:4180} INFO - Setting next_dagrun for example_subdag_operator.section-1 to None, run_after=None
[2025-01-28T22:49:32.714+0000] {logging_mixin.py:190} INFO - [2025-01-28T22:49:32.713+0000] {dag.py:4180} INFO - Setting next_dagrun for example_subdag_operator.section-2 to None, run_after=None
[2025-01-28T22:49:32.732+0000] {processor.py:208} INFO - Processing /home/airflow/.local/lib/python3.12/site-packages/airflow/example_dags/example_subdag_operator.py took 0.150 seconds
[2025-01-28T22:50:03.060+0000] {processor.py:186} INFO - Started process (PID=69939) to work on /home/airflow/.local/lib/python3.12/site-packages/airflow/example_dags/example_subdag_operator.py
[2025-01-28T22:50:03.061+0000] {processor.py:914} INFO - Processing file /home/airflow/.local/lib/python3.12/site-packages/airflow/example_dags/example_subdag_operator.py for tasks to queue
[2025-01-28T22:50:03.063+0000] {logging_mixin.py:190} INFO - [2025-01-28T22:50:03.063+0000] {dagbag.py:588} INFO - Filling up the DagBag from /home/airflow/.local/lib/python3.12/site-packages/airflow/example_dags/example_subdag_operator.py
[2025-01-28T22:50:03.097+0000] {processor.py:925} INFO - DAG(s) 'example_subdag_operator.section-1', 'example_subdag_operator.section-2', 'example_subdag_operator' retrieved from /home/airflow/.local/lib/python3.12/site-packages/airflow/example_dags/example_subdag_operator.py
[2025-01-28T22:50:03.123+0000] {logging_mixin.py:190} INFO - [2025-01-28T22:50:03.122+0000] {dag.py:3239} INFO - Sync 3 DAGs
[2025-01-28T22:50:03.157+0000] {logging_mixin.py:190} INFO - [2025-01-28T22:50:03.157+0000] {dag.py:4180} INFO - Setting next_dagrun for example_subdag_operator to 2022-01-01 00:00:00+00:00, run_after=2022-01-01 00:00:00+00:00
[2025-01-28T22:50:03.164+0000] {logging_mixin.py:190} INFO - [2025-01-28T22:50:03.164+0000] {dag.py:4180} INFO - Setting next_dagrun for example_subdag_operator.section-1 to None, run_after=None
[2025-01-28T22:50:03.166+0000] {logging_mixin.py:190} INFO - [2025-01-28T22:50:03.166+0000] {dag.py:4180} INFO - Setting next_dagrun for example_subdag_operator.section-2 to None, run_after=None
[2025-01-28T22:50:03.175+0000] {logging_mixin.py:190} INFO - [2025-01-28T22:50:03.174+0000] {dag.py:3239} INFO - Sync 2 DAGs
[2025-01-28T22:50:03.192+0000] {logging_mixin.py:190} INFO - [2025-01-28T22:50:03.192+0000] {dag.py:4180} INFO - Setting next_dagrun for example_subdag_operator.section-1 to None, run_after=None
[2025-01-28T22:50:03.194+0000] {logging_mixin.py:190} INFO - [2025-01-28T22:50:03.194+0000] {dag.py:4180} INFO - Setting next_dagrun for example_subdag_operator.section-2 to None, run_after=None
[2025-01-28T22:50:03.228+0000] {processor.py:208} INFO - Processing /home/airflow/.local/lib/python3.12/site-packages/airflow/example_dags/example_subdag_operator.py took 0.174 seconds
[2025-01-28T22:50:33.763+0000] {processor.py:186} INFO - Started process (PID=70238) to work on /home/airflow/.local/lib/python3.12/site-packages/airflow/example_dags/example_subdag_operator.py
[2025-01-28T22:50:33.765+0000] {processor.py:914} INFO - Processing file /home/airflow/.local/lib/python3.12/site-packages/airflow/example_dags/example_subdag_operator.py for tasks to queue
[2025-01-28T22:50:33.767+0000] {logging_mixin.py:190} INFO - [2025-01-28T22:50:33.767+0000] {dagbag.py:588} INFO - Filling up the DagBag from /home/airflow/.local/lib/python3.12/site-packages/airflow/example_dags/example_subdag_operator.py
[2025-01-28T22:50:33.795+0000] {processor.py:925} INFO - DAG(s) 'example_subdag_operator.section-1', 'example_subdag_operator.section-2', 'example_subdag_operator' retrieved from /home/airflow/.local/lib/python3.12/site-packages/airflow/example_dags/example_subdag_operator.py
[2025-01-28T22:50:33.811+0000] {logging_mixin.py:190} INFO - [2025-01-28T22:50:33.810+0000] {dag.py:3239} INFO - Sync 3 DAGs
[2025-01-28T22:50:33.836+0000] {logging_mixin.py:190} INFO - [2025-01-28T22:50:33.836+0000] {dag.py:4180} INFO - Setting next_dagrun for example_subdag_operator to 2022-01-01 00:00:00+00:00, run_after=2022-01-01 00:00:00+00:00
[2025-01-28T22:50:33.840+0000] {logging_mixin.py:190} INFO - [2025-01-28T22:50:33.840+0000] {dag.py:4180} INFO - Setting next_dagrun for example_subdag_operator.section-1 to None, run_after=None
[2025-01-28T22:50:33.842+0000] {logging_mixin.py:190} INFO - [2025-01-28T22:50:33.842+0000] {dag.py:4180} INFO - Setting next_dagrun for example_subdag_operator.section-2 to None, run_after=None
[2025-01-28T22:50:33.850+0000] {logging_mixin.py:190} INFO - [2025-01-28T22:50:33.850+0000] {dag.py:3239} INFO - Sync 2 DAGs
[2025-01-28T22:50:33.857+0000] {logging_mixin.py:190} INFO - [2025-01-28T22:50:33.856+0000] {dag.py:4180} INFO - Setting next_dagrun for example_subdag_operator.section-1 to None, run_after=None
[2025-01-28T22:50:33.857+0000] {logging_mixin.py:190} INFO - [2025-01-28T22:50:33.857+0000] {dag.py:4180} INFO - Setting next_dagrun for example_subdag_operator.section-2 to None, run_after=None
[2025-01-28T22:50:33.870+0000] {processor.py:208} INFO - Processing /home/airflow/.local/lib/python3.12/site-packages/airflow/example_dags/example_subdag_operator.py took 0.112 seconds
[2025-01-28T22:51:04.796+0000] {processor.py:186} INFO - Started process (PID=70534) to work on /home/airflow/.local/lib/python3.12/site-packages/airflow/example_dags/example_subdag_operator.py
[2025-01-28T22:51:04.797+0000] {processor.py:914} INFO - Processing file /home/airflow/.local/lib/python3.12/site-packages/airflow/example_dags/example_subdag_operator.py for tasks to queue
[2025-01-28T22:51:04.801+0000] {logging_mixin.py:190} INFO - [2025-01-28T22:51:04.800+0000] {dagbag.py:588} INFO - Filling up the DagBag from /home/airflow/.local/lib/python3.12/site-packages/airflow/example_dags/example_subdag_operator.py
[2025-01-28T22:51:04.828+0000] {processor.py:925} INFO - DAG(s) 'example_subdag_operator.section-1', 'example_subdag_operator.section-2', 'example_subdag_operator' retrieved from /home/airflow/.local/lib/python3.12/site-packages/airflow/example_dags/example_subdag_operator.py
[2025-01-28T22:51:04.843+0000] {logging_mixin.py:190} INFO - [2025-01-28T22:51:04.843+0000] {dag.py:3239} INFO - Sync 3 DAGs
[2025-01-28T22:51:05.048+0000] {logging_mixin.py:190} INFO - [2025-01-28T22:51:05.048+0000] {dag.py:4180} INFO - Setting next_dagrun for example_subdag_operator to 2022-01-01 00:00:00+00:00, run_after=2022-01-01 00:00:00+00:00
[2025-01-28T22:51:05.053+0000] {logging_mixin.py:190} INFO - [2025-01-28T22:51:05.052+0000] {dag.py:4180} INFO - Setting next_dagrun for example_subdag_operator.section-1 to None, run_after=None
[2025-01-28T22:51:05.054+0000] {logging_mixin.py:190} INFO - [2025-01-28T22:51:05.054+0000] {dag.py:4180} INFO - Setting next_dagrun for example_subdag_operator.section-2 to None, run_after=None
[2025-01-28T22:51:05.062+0000] {logging_mixin.py:190} INFO - [2025-01-28T22:51:05.062+0000] {dag.py:3239} INFO - Sync 2 DAGs
[2025-01-28T22:51:05.068+0000] {logging_mixin.py:190} INFO - [2025-01-28T22:51:05.068+0000] {dag.py:4180} INFO - Setting next_dagrun for example_subdag_operator.section-1 to None, run_after=None
[2025-01-28T22:51:05.069+0000] {logging_mixin.py:190} INFO - [2025-01-28T22:51:05.069+0000] {dag.py:4180} INFO - Setting next_dagrun for example_subdag_operator.section-2 to None, run_after=None
[2025-01-28T22:51:05.080+0000] {processor.py:208} INFO - Processing /home/airflow/.local/lib/python3.12/site-packages/airflow/example_dags/example_subdag_operator.py took 0.291 seconds
[2025-01-28T22:51:35.872+0000] {processor.py:186} INFO - Started process (PID=70830) to work on /home/airflow/.local/lib/python3.12/site-packages/airflow/example_dags/example_subdag_operator.py
[2025-01-28T22:51:35.873+0000] {processor.py:914} INFO - Processing file /home/airflow/.local/lib/python3.12/site-packages/airflow/example_dags/example_subdag_operator.py for tasks to queue
[2025-01-28T22:51:35.875+0000] {logging_mixin.py:190} INFO - [2025-01-28T22:51:35.875+0000] {dagbag.py:588} INFO - Filling up the DagBag from /home/airflow/.local/lib/python3.12/site-packages/airflow/example_dags/example_subdag_operator.py
[2025-01-28T22:51:35.901+0000] {processor.py:925} INFO - DAG(s) 'example_subdag_operator.section-1', 'example_subdag_operator.section-2', 'example_subdag_operator' retrieved from /home/airflow/.local/lib/python3.12/site-packages/airflow/example_dags/example_subdag_operator.py
[2025-01-28T22:51:35.917+0000] {logging_mixin.py:190} INFO - [2025-01-28T22:51:35.916+0000] {dag.py:3239} INFO - Sync 3 DAGs
[2025-01-28T22:51:35.942+0000] {logging_mixin.py:190} INFO - [2025-01-28T22:51:35.941+0000] {dag.py:4180} INFO - Setting next_dagrun for example_subdag_operator to 2022-01-01 00:00:00+00:00, run_after=2022-01-01 00:00:00+00:00
[2025-01-28T22:51:35.945+0000] {logging_mixin.py:190} INFO - [2025-01-28T22:51:35.945+0000] {dag.py:4180} INFO - Setting next_dagrun for example_subdag_operator.section-1 to None, run_after=None
[2025-01-28T22:51:35.948+0000] {logging_mixin.py:190} INFO - [2025-01-28T22:51:35.948+0000] {dag.py:4180} INFO - Setting next_dagrun for example_subdag_operator.section-2 to None, run_after=None
[2025-01-28T22:51:35.956+0000] {logging_mixin.py:190} INFO - [2025-01-28T22:51:35.956+0000] {dag.py:3239} INFO - Sync 2 DAGs
[2025-01-28T22:51:36.121+0000] {logging_mixin.py:190} INFO - [2025-01-28T22:51:36.121+0000] {dag.py:4180} INFO - Setting next_dagrun for example_subdag_operator.section-1 to None, run_after=None
[2025-01-28T22:51:36.122+0000] {logging_mixin.py:190} INFO - [2025-01-28T22:51:36.122+0000] {dag.py:4180} INFO - Setting next_dagrun for example_subdag_operator.section-2 to None, run_after=None
[2025-01-28T22:51:36.133+0000] {processor.py:208} INFO - Processing /home/airflow/.local/lib/python3.12/site-packages/airflow/example_dags/example_subdag_operator.py took 0.267 seconds
[2025-01-28T22:52:09.352+0000] {processor.py:186} INFO - Started process (PID=71127) to work on /home/airflow/.local/lib/python3.12/site-packages/airflow/example_dags/example_subdag_operator.py
[2025-01-28T22:52:09.373+0000] {processor.py:914} INFO - Processing file /home/airflow/.local/lib/python3.12/site-packages/airflow/example_dags/example_subdag_operator.py for tasks to queue
[2025-01-28T22:52:09.395+0000] {logging_mixin.py:190} INFO - [2025-01-28T22:52:09.395+0000] {dagbag.py:588} INFO - Filling up the DagBag from /home/airflow/.local/lib/python3.12/site-packages/airflow/example_dags/example_subdag_operator.py
[2025-01-28T22:52:09.479+0000] {processor.py:925} INFO - DAG(s) 'example_subdag_operator.section-1', 'example_subdag_operator.section-2', 'example_subdag_operator' retrieved from /home/airflow/.local/lib/python3.12/site-packages/airflow/example_dags/example_subdag_operator.py
[2025-01-28T22:52:09.541+0000] {logging_mixin.py:190} INFO - [2025-01-28T22:52:09.541+0000] {dag.py:3239} INFO - Sync 3 DAGs
[2025-01-28T22:52:09.624+0000] {logging_mixin.py:190} INFO - [2025-01-28T22:52:09.623+0000] {dag.py:4180} INFO - Setting next_dagrun for example_subdag_operator to 2022-01-01 00:00:00+00:00, run_after=2022-01-01 00:00:00+00:00
[2025-01-28T22:52:09.650+0000] {logging_mixin.py:190} INFO - [2025-01-28T22:52:09.650+0000] {dag.py:4180} INFO - Setting next_dagrun for example_subdag_operator.section-1 to None, run_after=None
[2025-01-28T22:52:09.678+0000] {logging_mixin.py:190} INFO - [2025-01-28T22:52:09.678+0000] {dag.py:4180} INFO - Setting next_dagrun for example_subdag_operator.section-2 to None, run_after=None
[2025-01-28T22:52:09.709+0000] {logging_mixin.py:190} INFO - [2025-01-28T22:52:09.709+0000] {dag.py:3239} INFO - Sync 2 DAGs
[2025-01-28T22:52:09.727+0000] {logging_mixin.py:190} INFO - [2025-01-28T22:52:09.727+0000] {dag.py:4180} INFO - Setting next_dagrun for example_subdag_operator.section-1 to None, run_after=None
[2025-01-28T22:52:09.744+0000] {logging_mixin.py:190} INFO - [2025-01-28T22:52:09.743+0000] {dag.py:4180} INFO - Setting next_dagrun for example_subdag_operator.section-2 to None, run_after=None
[2025-01-28T22:52:09.790+0000] {processor.py:208} INFO - Processing /home/airflow/.local/lib/python3.12/site-packages/airflow/example_dags/example_subdag_operator.py took 0.459 seconds
[2025-01-28T22:52:40.473+0000] {processor.py:186} INFO - Started process (PID=71420) to work on /home/airflow/.local/lib/python3.12/site-packages/airflow/example_dags/example_subdag_operator.py
[2025-01-28T22:52:40.481+0000] {processor.py:914} INFO - Processing file /home/airflow/.local/lib/python3.12/site-packages/airflow/example_dags/example_subdag_operator.py for tasks to queue
[2025-01-28T22:52:40.486+0000] {logging_mixin.py:190} INFO - [2025-01-28T22:52:40.485+0000] {dagbag.py:588} INFO - Filling up the DagBag from /home/airflow/.local/lib/python3.12/site-packages/airflow/example_dags/example_subdag_operator.py
[2025-01-28T22:52:40.535+0000] {processor.py:925} INFO - DAG(s) 'example_subdag_operator.section-1', 'example_subdag_operator.section-2', 'example_subdag_operator' retrieved from /home/airflow/.local/lib/python3.12/site-packages/airflow/example_dags/example_subdag_operator.py
[2025-01-28T22:52:40.562+0000] {logging_mixin.py:190} INFO - [2025-01-28T22:52:40.562+0000] {dag.py:3239} INFO - Sync 3 DAGs
[2025-01-28T22:52:40.613+0000] {logging_mixin.py:190} INFO - [2025-01-28T22:52:40.613+0000] {dag.py:4180} INFO - Setting next_dagrun for example_subdag_operator to 2022-01-01 00:00:00+00:00, run_after=2022-01-01 00:00:00+00:00
[2025-01-28T22:52:40.619+0000] {logging_mixin.py:190} INFO - [2025-01-28T22:52:40.618+0000] {dag.py:4180} INFO - Setting next_dagrun for example_subdag_operator.section-1 to None, run_after=None
[2025-01-28T22:52:40.621+0000] {logging_mixin.py:190} INFO - [2025-01-28T22:52:40.621+0000] {dag.py:4180} INFO - Setting next_dagrun for example_subdag_operator.section-2 to None, run_after=None
[2025-01-28T22:52:40.632+0000] {logging_mixin.py:190} INFO - [2025-01-28T22:52:40.632+0000] {dag.py:3239} INFO - Sync 2 DAGs
[2025-01-28T22:52:40.642+0000] {logging_mixin.py:190} INFO - [2025-01-28T22:52:40.641+0000] {dag.py:4180} INFO - Setting next_dagrun for example_subdag_operator.section-1 to None, run_after=None
[2025-01-28T22:52:40.643+0000] {logging_mixin.py:190} INFO - [2025-01-28T22:52:40.642+0000] {dag.py:4180} INFO - Setting next_dagrun for example_subdag_operator.section-2 to None, run_after=None
[2025-01-28T22:52:40.664+0000] {processor.py:208} INFO - Processing /home/airflow/.local/lib/python3.12/site-packages/airflow/example_dags/example_subdag_operator.py took 0.200 seconds
[2025-01-28T22:53:15.007+0000] {processor.py:186} INFO - Started process (PID=71714) to work on /home/airflow/.local/lib/python3.12/site-packages/airflow/example_dags/example_subdag_operator.py
[2025-01-28T22:53:15.029+0000] {processor.py:914} INFO - Processing file /home/airflow/.local/lib/python3.12/site-packages/airflow/example_dags/example_subdag_operator.py for tasks to queue
[2025-01-28T22:53:15.037+0000] {logging_mixin.py:190} INFO - [2025-01-28T22:53:15.036+0000] {dagbag.py:588} INFO - Filling up the DagBag from /home/airflow/.local/lib/python3.12/site-packages/airflow/example_dags/example_subdag_operator.py
[2025-01-28T22:53:15.095+0000] {processor.py:925} INFO - DAG(s) 'example_subdag_operator.section-1', 'example_subdag_operator.section-2', 'example_subdag_operator' retrieved from /home/airflow/.local/lib/python3.12/site-packages/airflow/example_dags/example_subdag_operator.py
[2025-01-28T22:53:15.526+0000] {logging_mixin.py:190} INFO - [2025-01-28T22:53:15.526+0000] {dag.py:3239} INFO - Sync 3 DAGs
[2025-01-28T22:53:15.574+0000] {logging_mixin.py:190} INFO - [2025-01-28T22:53:15.573+0000] {dag.py:4180} INFO - Setting next_dagrun for example_subdag_operator to 2022-01-01 00:00:00+00:00, run_after=2022-01-01 00:00:00+00:00
[2025-01-28T22:53:15.588+0000] {logging_mixin.py:190} INFO - [2025-01-28T22:53:15.588+0000] {dag.py:4180} INFO - Setting next_dagrun for example_subdag_operator.section-1 to None, run_after=None
[2025-01-28T22:53:15.591+0000] {logging_mixin.py:190} INFO - [2025-01-28T22:53:15.591+0000] {dag.py:4180} INFO - Setting next_dagrun for example_subdag_operator.section-2 to None, run_after=None
[2025-01-28T22:53:15.610+0000] {logging_mixin.py:190} INFO - [2025-01-28T22:53:15.610+0000] {dag.py:3239} INFO - Sync 2 DAGs
[2025-01-28T22:53:15.628+0000] {logging_mixin.py:190} INFO - [2025-01-28T22:53:15.628+0000] {dag.py:4180} INFO - Setting next_dagrun for example_subdag_operator.section-1 to None, run_after=None
[2025-01-28T22:53:15.630+0000] {logging_mixin.py:190} INFO - [2025-01-28T22:53:15.630+0000] {dag.py:4180} INFO - Setting next_dagrun for example_subdag_operator.section-2 to None, run_after=None
[2025-01-28T22:53:15.673+0000] {processor.py:208} INFO - Processing /home/airflow/.local/lib/python3.12/site-packages/airflow/example_dags/example_subdag_operator.py took 0.677 seconds
