[2025-01-28T22:42:49.150+0000] {processor.py:186} INFO - Started process (PID=65676) to work on /home/airflow/.local/lib/python3.12/site-packages/airflow/example_dags/example_branch_datetime_operator.py
[2025-01-28T22:42:49.174+0000] {processor.py:914} INFO - Processing file /home/airflow/.local/lib/python3.12/site-packages/airflow/example_dags/example_branch_datetime_operator.py for tasks to queue
[2025-01-28T22:42:49.182+0000] {logging_mixin.py:190} INFO - [2025-01-28T22:42:49.181+0000] {dagbag.py:588} INFO - Filling up the DagBag from /home/airflow/.local/lib/python3.12/site-packages/airflow/example_dags/example_branch_datetime_operator.py
[2025-01-28T22:42:49.223+0000] {processor.py:925} INFO - DAG(s) 'example_branch_datetime_operator_2', 'example_branch_datetime_operator', 'example_branch_datetime_operator_3' retrieved from /home/airflow/.local/lib/python3.12/site-packages/airflow/example_dags/example_branch_datetime_operator.py
[2025-01-28T22:42:49.310+0000] {logging_mixin.py:190} INFO - [2025-01-28T22:42:49.309+0000] {dag.py:3239} INFO - Sync 3 DAGs
[2025-01-28T22:42:49.407+0000] {logging_mixin.py:190} INFO - [2025-01-28T22:42:49.407+0000] {dag.py:4180} INFO - Setting next_dagrun for example_branch_datetime_operator to 2025-01-27 00:00:00+00:00, run_after=2025-01-28 00:00:00+00:00
[2025-01-28T22:42:49.428+0000] {logging_mixin.py:190} INFO - [2025-01-28T22:42:49.427+0000] {dag.py:4180} INFO - Setting next_dagrun for example_branch_datetime_operator_2 to 2025-01-27 00:00:00+00:00, run_after=2025-01-28 00:00:00+00:00
[2025-01-28T22:42:49.441+0000] {logging_mixin.py:190} INFO - [2025-01-28T22:42:49.441+0000] {dag.py:4180} INFO - Setting next_dagrun for example_branch_datetime_operator_3 to 2025-01-27 00:00:00+00:00, run_after=2025-01-28 00:00:00+00:00
[2025-01-28T22:42:49.482+0000] {processor.py:208} INFO - Processing /home/airflow/.local/lib/python3.12/site-packages/airflow/example_dags/example_branch_datetime_operator.py took 0.341 seconds
[2025-01-28T22:43:19.987+0000] {processor.py:186} INFO - Started process (PID=65971) to work on /home/airflow/.local/lib/python3.12/site-packages/airflow/example_dags/example_branch_datetime_operator.py
[2025-01-28T22:43:19.989+0000] {processor.py:914} INFO - Processing file /home/airflow/.local/lib/python3.12/site-packages/airflow/example_dags/example_branch_datetime_operator.py for tasks to queue
[2025-01-28T22:43:19.992+0000] {logging_mixin.py:190} INFO - [2025-01-28T22:43:19.992+0000] {dagbag.py:588} INFO - Filling up the DagBag from /home/airflow/.local/lib/python3.12/site-packages/airflow/example_dags/example_branch_datetime_operator.py
[2025-01-28T22:43:20.009+0000] {processor.py:925} INFO - DAG(s) 'example_branch_datetime_operator_3', 'example_branch_datetime_operator', 'example_branch_datetime_operator_2' retrieved from /home/airflow/.local/lib/python3.12/site-packages/airflow/example_dags/example_branch_datetime_operator.py
[2025-01-28T22:43:20.040+0000] {logging_mixin.py:190} INFO - [2025-01-28T22:43:20.040+0000] {dag.py:3239} INFO - Sync 3 DAGs
[2025-01-28T22:43:20.070+0000] {logging_mixin.py:190} INFO - [2025-01-28T22:43:20.070+0000] {dag.py:4180} INFO - Setting next_dagrun for example_branch_datetime_operator to 2025-01-27 00:00:00+00:00, run_after=2025-01-28 00:00:00+00:00
[2025-01-28T22:43:20.076+0000] {logging_mixin.py:190} INFO - [2025-01-28T22:43:20.075+0000] {dag.py:4180} INFO - Setting next_dagrun for example_branch_datetime_operator_2 to 2025-01-27 00:00:00+00:00, run_after=2025-01-28 00:00:00+00:00
[2025-01-28T22:43:20.078+0000] {logging_mixin.py:190} INFO - [2025-01-28T22:43:20.078+0000] {dag.py:4180} INFO - Setting next_dagrun for example_branch_datetime_operator_3 to 2025-01-27 00:00:00+00:00, run_after=2025-01-28 00:00:00+00:00
[2025-01-28T22:43:20.098+0000] {processor.py:208} INFO - Processing /home/airflow/.local/lib/python3.12/site-packages/airflow/example_dags/example_branch_datetime_operator.py took 0.119 seconds
[2025-01-28T22:43:50.995+0000] {processor.py:186} INFO - Started process (PID=66269) to work on /home/airflow/.local/lib/python3.12/site-packages/airflow/example_dags/example_branch_datetime_operator.py
[2025-01-28T22:43:50.996+0000] {processor.py:914} INFO - Processing file /home/airflow/.local/lib/python3.12/site-packages/airflow/example_dags/example_branch_datetime_operator.py for tasks to queue
[2025-01-28T22:43:50.997+0000] {logging_mixin.py:190} INFO - [2025-01-28T22:43:50.997+0000] {dagbag.py:588} INFO - Filling up the DagBag from /home/airflow/.local/lib/python3.12/site-packages/airflow/example_dags/example_branch_datetime_operator.py
[2025-01-28T22:43:51.006+0000] {processor.py:925} INFO - DAG(s) 'example_branch_datetime_operator_2', 'example_branch_datetime_operator_3', 'example_branch_datetime_operator' retrieved from /home/airflow/.local/lib/python3.12/site-packages/airflow/example_dags/example_branch_datetime_operator.py
[2025-01-28T22:43:51.028+0000] {logging_mixin.py:190} INFO - [2025-01-28T22:43:51.028+0000] {dag.py:3239} INFO - Sync 3 DAGs
[2025-01-28T22:43:51.048+0000] {logging_mixin.py:190} INFO - [2025-01-28T22:43:51.048+0000] {dag.py:4180} INFO - Setting next_dagrun for example_branch_datetime_operator to 2025-01-27 00:00:00+00:00, run_after=2025-01-28 00:00:00+00:00
[2025-01-28T22:43:51.052+0000] {logging_mixin.py:190} INFO - [2025-01-28T22:43:51.052+0000] {dag.py:4180} INFO - Setting next_dagrun for example_branch_datetime_operator_2 to 2025-01-27 00:00:00+00:00, run_after=2025-01-28 00:00:00+00:00
[2025-01-28T22:43:51.054+0000] {logging_mixin.py:190} INFO - [2025-01-28T22:43:51.054+0000] {dag.py:4180} INFO - Setting next_dagrun for example_branch_datetime_operator_3 to 2025-01-27 00:00:00+00:00, run_after=2025-01-28 00:00:00+00:00
[2025-01-28T22:43:51.072+0000] {processor.py:208} INFO - Processing /home/airflow/.local/lib/python3.12/site-packages/airflow/example_dags/example_branch_datetime_operator.py took 0.082 seconds
[2025-01-28T22:44:21.128+0000] {processor.py:186} INFO - Started process (PID=66565) to work on /home/airflow/.local/lib/python3.12/site-packages/airflow/example_dags/example_branch_datetime_operator.py
[2025-01-28T22:44:21.129+0000] {processor.py:914} INFO - Processing file /home/airflow/.local/lib/python3.12/site-packages/airflow/example_dags/example_branch_datetime_operator.py for tasks to queue
[2025-01-28T22:44:21.132+0000] {logging_mixin.py:190} INFO - [2025-01-28T22:44:21.132+0000] {dagbag.py:588} INFO - Filling up the DagBag from /home/airflow/.local/lib/python3.12/site-packages/airflow/example_dags/example_branch_datetime_operator.py
[2025-01-28T22:44:21.144+0000] {processor.py:925} INFO - DAG(s) 'example_branch_datetime_operator_2', 'example_branch_datetime_operator_3', 'example_branch_datetime_operator' retrieved from /home/airflow/.local/lib/python3.12/site-packages/airflow/example_dags/example_branch_datetime_operator.py
[2025-01-28T22:44:21.174+0000] {logging_mixin.py:190} INFO - [2025-01-28T22:44:21.173+0000] {dag.py:3239} INFO - Sync 3 DAGs
[2025-01-28T22:44:21.199+0000] {logging_mixin.py:190} INFO - [2025-01-28T22:44:21.199+0000] {dag.py:4180} INFO - Setting next_dagrun for example_branch_datetime_operator to 2025-01-27 00:00:00+00:00, run_after=2025-01-28 00:00:00+00:00
[2025-01-28T22:44:21.204+0000] {logging_mixin.py:190} INFO - [2025-01-28T22:44:21.204+0000] {dag.py:4180} INFO - Setting next_dagrun for example_branch_datetime_operator_2 to 2025-01-27 00:00:00+00:00, run_after=2025-01-28 00:00:00+00:00
[2025-01-28T22:44:21.209+0000] {logging_mixin.py:190} INFO - [2025-01-28T22:44:21.209+0000] {dag.py:4180} INFO - Setting next_dagrun for example_branch_datetime_operator_3 to 2025-01-27 00:00:00+00:00, run_after=2025-01-28 00:00:00+00:00
[2025-01-28T22:44:21.229+0000] {processor.py:208} INFO - Processing /home/airflow/.local/lib/python3.12/site-packages/airflow/example_dags/example_branch_datetime_operator.py took 0.106 seconds
[2025-01-28T22:44:51.600+0000] {processor.py:186} INFO - Started process (PID=66861) to work on /home/airflow/.local/lib/python3.12/site-packages/airflow/example_dags/example_branch_datetime_operator.py
[2025-01-28T22:44:51.601+0000] {processor.py:914} INFO - Processing file /home/airflow/.local/lib/python3.12/site-packages/airflow/example_dags/example_branch_datetime_operator.py for tasks to queue
[2025-01-28T22:44:51.604+0000] {logging_mixin.py:190} INFO - [2025-01-28T22:44:51.603+0000] {dagbag.py:588} INFO - Filling up the DagBag from /home/airflow/.local/lib/python3.12/site-packages/airflow/example_dags/example_branch_datetime_operator.py
[2025-01-28T22:44:51.618+0000] {processor.py:925} INFO - DAG(s) 'example_branch_datetime_operator_2', 'example_branch_datetime_operator_3', 'example_branch_datetime_operator' retrieved from /home/airflow/.local/lib/python3.12/site-packages/airflow/example_dags/example_branch_datetime_operator.py
[2025-01-28T22:44:51.644+0000] {logging_mixin.py:190} INFO - [2025-01-28T22:44:51.644+0000] {dag.py:3239} INFO - Sync 3 DAGs
[2025-01-28T22:44:51.665+0000] {logging_mixin.py:190} INFO - [2025-01-28T22:44:51.665+0000] {dag.py:4180} INFO - Setting next_dagrun for example_branch_datetime_operator to 2025-01-27 00:00:00+00:00, run_after=2025-01-28 00:00:00+00:00
[2025-01-28T22:44:51.670+0000] {logging_mixin.py:190} INFO - [2025-01-28T22:44:51.670+0000] {dag.py:4180} INFO - Setting next_dagrun for example_branch_datetime_operator_2 to 2025-01-27 00:00:00+00:00, run_after=2025-01-28 00:00:00+00:00
[2025-01-28T22:44:51.673+0000] {logging_mixin.py:190} INFO - [2025-01-28T22:44:51.673+0000] {dag.py:4180} INFO - Setting next_dagrun for example_branch_datetime_operator_3 to 2025-01-27 00:00:00+00:00, run_after=2025-01-28 00:00:00+00:00
[2025-01-28T22:44:51.691+0000] {processor.py:208} INFO - Processing /home/airflow/.local/lib/python3.12/site-packages/airflow/example_dags/example_branch_datetime_operator.py took 0.097 seconds
[2025-01-28T22:45:22.312+0000] {processor.py:186} INFO - Started process (PID=67157) to work on /home/airflow/.local/lib/python3.12/site-packages/airflow/example_dags/example_branch_datetime_operator.py
[2025-01-28T22:45:22.313+0000] {processor.py:914} INFO - Processing file /home/airflow/.local/lib/python3.12/site-packages/airflow/example_dags/example_branch_datetime_operator.py for tasks to queue
[2025-01-28T22:45:22.314+0000] {logging_mixin.py:190} INFO - [2025-01-28T22:45:22.314+0000] {dagbag.py:588} INFO - Filling up the DagBag from /home/airflow/.local/lib/python3.12/site-packages/airflow/example_dags/example_branch_datetime_operator.py
[2025-01-28T22:45:22.323+0000] {processor.py:925} INFO - DAG(s) 'example_branch_datetime_operator_2', 'example_branch_datetime_operator', 'example_branch_datetime_operator_3' retrieved from /home/airflow/.local/lib/python3.12/site-packages/airflow/example_dags/example_branch_datetime_operator.py
[2025-01-28T22:45:22.346+0000] {logging_mixin.py:190} INFO - [2025-01-28T22:45:22.346+0000] {dag.py:3239} INFO - Sync 3 DAGs
[2025-01-28T22:45:22.372+0000] {logging_mixin.py:190} INFO - [2025-01-28T22:45:22.372+0000] {dag.py:4180} INFO - Setting next_dagrun for example_branch_datetime_operator to 2025-01-27 00:00:00+00:00, run_after=2025-01-28 00:00:00+00:00
[2025-01-28T22:45:22.379+0000] {logging_mixin.py:190} INFO - [2025-01-28T22:45:22.378+0000] {dag.py:4180} INFO - Setting next_dagrun for example_branch_datetime_operator_2 to 2025-01-27 00:00:00+00:00, run_after=2025-01-28 00:00:00+00:00
[2025-01-28T22:45:22.382+0000] {logging_mixin.py:190} INFO - [2025-01-28T22:45:22.382+0000] {dag.py:4180} INFO - Setting next_dagrun for example_branch_datetime_operator_3 to 2025-01-27 00:00:00+00:00, run_after=2025-01-28 00:00:00+00:00
[2025-01-28T22:45:22.402+0000] {processor.py:208} INFO - Processing /home/airflow/.local/lib/python3.12/site-packages/airflow/example_dags/example_branch_datetime_operator.py took 0.095 seconds
[2025-01-28T22:45:52.824+0000] {processor.py:186} INFO - Started process (PID=67453) to work on /home/airflow/.local/lib/python3.12/site-packages/airflow/example_dags/example_branch_datetime_operator.py
[2025-01-28T22:45:52.825+0000] {processor.py:914} INFO - Processing file /home/airflow/.local/lib/python3.12/site-packages/airflow/example_dags/example_branch_datetime_operator.py for tasks to queue
[2025-01-28T22:45:52.827+0000] {logging_mixin.py:190} INFO - [2025-01-28T22:45:52.826+0000] {dagbag.py:588} INFO - Filling up the DagBag from /home/airflow/.local/lib/python3.12/site-packages/airflow/example_dags/example_branch_datetime_operator.py
[2025-01-28T22:45:52.838+0000] {processor.py:925} INFO - DAG(s) 'example_branch_datetime_operator', 'example_branch_datetime_operator_2', 'example_branch_datetime_operator_3' retrieved from /home/airflow/.local/lib/python3.12/site-packages/airflow/example_dags/example_branch_datetime_operator.py
[2025-01-28T22:45:52.862+0000] {logging_mixin.py:190} INFO - [2025-01-28T22:45:52.862+0000] {dag.py:3239} INFO - Sync 3 DAGs
[2025-01-28T22:45:52.882+0000] {logging_mixin.py:190} INFO - [2025-01-28T22:45:52.882+0000] {dag.py:4180} INFO - Setting next_dagrun for example_branch_datetime_operator to 2025-01-27 00:00:00+00:00, run_after=2025-01-28 00:00:00+00:00
[2025-01-28T22:45:52.887+0000] {logging_mixin.py:190} INFO - [2025-01-28T22:45:52.887+0000] {dag.py:4180} INFO - Setting next_dagrun for example_branch_datetime_operator_2 to 2025-01-27 00:00:00+00:00, run_after=2025-01-28 00:00:00+00:00
[2025-01-28T22:45:52.889+0000] {logging_mixin.py:190} INFO - [2025-01-28T22:45:52.889+0000] {dag.py:4180} INFO - Setting next_dagrun for example_branch_datetime_operator_3 to 2025-01-27 00:00:00+00:00, run_after=2025-01-28 00:00:00+00:00
[2025-01-28T22:45:52.907+0000] {processor.py:208} INFO - Processing /home/airflow/.local/lib/python3.12/site-packages/airflow/example_dags/example_branch_datetime_operator.py took 0.088 seconds
[2025-01-28T22:46:22.981+0000] {processor.py:186} INFO - Started process (PID=67749) to work on /home/airflow/.local/lib/python3.12/site-packages/airflow/example_dags/example_branch_datetime_operator.py
[2025-01-28T22:46:22.982+0000] {processor.py:914} INFO - Processing file /home/airflow/.local/lib/python3.12/site-packages/airflow/example_dags/example_branch_datetime_operator.py for tasks to queue
[2025-01-28T22:46:22.984+0000] {logging_mixin.py:190} INFO - [2025-01-28T22:46:22.984+0000] {dagbag.py:588} INFO - Filling up the DagBag from /home/airflow/.local/lib/python3.12/site-packages/airflow/example_dags/example_branch_datetime_operator.py
[2025-01-28T22:46:22.994+0000] {processor.py:925} INFO - DAG(s) 'example_branch_datetime_operator_2', 'example_branch_datetime_operator', 'example_branch_datetime_operator_3' retrieved from /home/airflow/.local/lib/python3.12/site-packages/airflow/example_dags/example_branch_datetime_operator.py
[2025-01-28T22:46:23.019+0000] {logging_mixin.py:190} INFO - [2025-01-28T22:46:23.019+0000] {dag.py:3239} INFO - Sync 3 DAGs
[2025-01-28T22:46:23.040+0000] {logging_mixin.py:190} INFO - [2025-01-28T22:46:23.040+0000] {dag.py:4180} INFO - Setting next_dagrun for example_branch_datetime_operator to 2025-01-27 00:00:00+00:00, run_after=2025-01-28 00:00:00+00:00
[2025-01-28T22:46:23.046+0000] {logging_mixin.py:190} INFO - [2025-01-28T22:46:23.045+0000] {dag.py:4180} INFO - Setting next_dagrun for example_branch_datetime_operator_2 to 2025-01-27 00:00:00+00:00, run_after=2025-01-28 00:00:00+00:00
[2025-01-28T22:46:23.049+0000] {logging_mixin.py:190} INFO - [2025-01-28T22:46:23.049+0000] {dag.py:4180} INFO - Setting next_dagrun for example_branch_datetime_operator_3 to 2025-01-27 00:00:00+00:00, run_after=2025-01-28 00:00:00+00:00
[2025-01-28T22:46:23.070+0000] {processor.py:208} INFO - Processing /home/airflow/.local/lib/python3.12/site-packages/airflow/example_dags/example_branch_datetime_operator.py took 0.095 seconds
[2025-01-28T22:46:53.235+0000] {processor.py:186} INFO - Started process (PID=68045) to work on /home/airflow/.local/lib/python3.12/site-packages/airflow/example_dags/example_branch_datetime_operator.py
[2025-01-28T22:46:53.237+0000] {processor.py:914} INFO - Processing file /home/airflow/.local/lib/python3.12/site-packages/airflow/example_dags/example_branch_datetime_operator.py for tasks to queue
[2025-01-28T22:46:53.239+0000] {logging_mixin.py:190} INFO - [2025-01-28T22:46:53.239+0000] {dagbag.py:588} INFO - Filling up the DagBag from /home/airflow/.local/lib/python3.12/site-packages/airflow/example_dags/example_branch_datetime_operator.py
[2025-01-28T22:46:53.257+0000] {processor.py:925} INFO - DAG(s) 'example_branch_datetime_operator_2', 'example_branch_datetime_operator', 'example_branch_datetime_operator_3' retrieved from /home/airflow/.local/lib/python3.12/site-packages/airflow/example_dags/example_branch_datetime_operator.py
[2025-01-28T22:46:53.291+0000] {logging_mixin.py:190} INFO - [2025-01-28T22:46:53.290+0000] {dag.py:3239} INFO - Sync 3 DAGs
[2025-01-28T22:46:53.323+0000] {logging_mixin.py:190} INFO - [2025-01-28T22:46:53.323+0000] {dag.py:4180} INFO - Setting next_dagrun for example_branch_datetime_operator to 2025-01-27 00:00:00+00:00, run_after=2025-01-28 00:00:00+00:00
[2025-01-28T22:46:53.329+0000] {logging_mixin.py:190} INFO - [2025-01-28T22:46:53.328+0000] {dag.py:4180} INFO - Setting next_dagrun for example_branch_datetime_operator_2 to 2025-01-27 00:00:00+00:00, run_after=2025-01-28 00:00:00+00:00
[2025-01-28T22:46:53.334+0000] {logging_mixin.py:190} INFO - [2025-01-28T22:46:53.334+0000] {dag.py:4180} INFO - Setting next_dagrun for example_branch_datetime_operator_3 to 2025-01-27 00:00:00+00:00, run_after=2025-01-28 00:00:00+00:00
[2025-01-28T22:46:53.353+0000] {processor.py:208} INFO - Processing /home/airflow/.local/lib/python3.12/site-packages/airflow/example_dags/example_branch_datetime_operator.py took 0.123 seconds
[2025-01-28T22:47:23.728+0000] {processor.py:186} INFO - Started process (PID=68341) to work on /home/airflow/.local/lib/python3.12/site-packages/airflow/example_dags/example_branch_datetime_operator.py
[2025-01-28T22:47:23.729+0000] {processor.py:914} INFO - Processing file /home/airflow/.local/lib/python3.12/site-packages/airflow/example_dags/example_branch_datetime_operator.py for tasks to queue
[2025-01-28T22:47:23.730+0000] {logging_mixin.py:190} INFO - [2025-01-28T22:47:23.730+0000] {dagbag.py:588} INFO - Filling up the DagBag from /home/airflow/.local/lib/python3.12/site-packages/airflow/example_dags/example_branch_datetime_operator.py
[2025-01-28T22:47:23.740+0000] {processor.py:925} INFO - DAG(s) 'example_branch_datetime_operator_3', 'example_branch_datetime_operator_2', 'example_branch_datetime_operator' retrieved from /home/airflow/.local/lib/python3.12/site-packages/airflow/example_dags/example_branch_datetime_operator.py
[2025-01-28T22:47:23.763+0000] {logging_mixin.py:190} INFO - [2025-01-28T22:47:23.763+0000] {dag.py:3239} INFO - Sync 3 DAGs
[2025-01-28T22:47:23.786+0000] {logging_mixin.py:190} INFO - [2025-01-28T22:47:23.785+0000] {dag.py:4180} INFO - Setting next_dagrun for example_branch_datetime_operator to 2025-01-27 00:00:00+00:00, run_after=2025-01-28 00:00:00+00:00
[2025-01-28T22:47:23.791+0000] {logging_mixin.py:190} INFO - [2025-01-28T22:47:23.791+0000] {dag.py:4180} INFO - Setting next_dagrun for example_branch_datetime_operator_2 to 2025-01-27 00:00:00+00:00, run_after=2025-01-28 00:00:00+00:00
[2025-01-28T22:47:23.794+0000] {logging_mixin.py:190} INFO - [2025-01-28T22:47:23.793+0000] {dag.py:4180} INFO - Setting next_dagrun for example_branch_datetime_operator_3 to 2025-01-27 00:00:00+00:00, run_after=2025-01-28 00:00:00+00:00
[2025-01-28T22:47:23.812+0000] {processor.py:208} INFO - Processing /home/airflow/.local/lib/python3.12/site-packages/airflow/example_dags/example_branch_datetime_operator.py took 0.090 seconds
[2025-01-28T22:47:54.222+0000] {processor.py:186} INFO - Started process (PID=68635) to work on /home/airflow/.local/lib/python3.12/site-packages/airflow/example_dags/example_branch_datetime_operator.py
[2025-01-28T22:47:54.223+0000] {processor.py:914} INFO - Processing file /home/airflow/.local/lib/python3.12/site-packages/airflow/example_dags/example_branch_datetime_operator.py for tasks to queue
[2025-01-28T22:47:54.225+0000] {logging_mixin.py:190} INFO - [2025-01-28T22:47:54.225+0000] {dagbag.py:588} INFO - Filling up the DagBag from /home/airflow/.local/lib/python3.12/site-packages/airflow/example_dags/example_branch_datetime_operator.py
[2025-01-28T22:47:54.237+0000] {processor.py:925} INFO - DAG(s) 'example_branch_datetime_operator_3', 'example_branch_datetime_operator_2', 'example_branch_datetime_operator' retrieved from /home/airflow/.local/lib/python3.12/site-packages/airflow/example_dags/example_branch_datetime_operator.py
[2025-01-28T22:47:54.264+0000] {logging_mixin.py:190} INFO - [2025-01-28T22:47:54.263+0000] {dag.py:3239} INFO - Sync 3 DAGs
[2025-01-28T22:47:54.284+0000] {logging_mixin.py:190} INFO - [2025-01-28T22:47:54.284+0000] {dag.py:4180} INFO - Setting next_dagrun for example_branch_datetime_operator to 2025-01-27 00:00:00+00:00, run_after=2025-01-28 00:00:00+00:00
[2025-01-28T22:47:54.289+0000] {logging_mixin.py:190} INFO - [2025-01-28T22:47:54.289+0000] {dag.py:4180} INFO - Setting next_dagrun for example_branch_datetime_operator_2 to 2025-01-27 00:00:00+00:00, run_after=2025-01-28 00:00:00+00:00
[2025-01-28T22:47:54.291+0000] {logging_mixin.py:190} INFO - [2025-01-28T22:47:54.291+0000] {dag.py:4180} INFO - Setting next_dagrun for example_branch_datetime_operator_3 to 2025-01-27 00:00:00+00:00, run_after=2025-01-28 00:00:00+00:00
[2025-01-28T22:47:54.305+0000] {processor.py:208} INFO - Processing /home/airflow/.local/lib/python3.12/site-packages/airflow/example_dags/example_branch_datetime_operator.py took 0.088 seconds
[2025-01-28T22:48:24.632+0000] {processor.py:186} INFO - Started process (PID=68933) to work on /home/airflow/.local/lib/python3.12/site-packages/airflow/example_dags/example_branch_datetime_operator.py
[2025-01-28T22:48:24.633+0000] {processor.py:914} INFO - Processing file /home/airflow/.local/lib/python3.12/site-packages/airflow/example_dags/example_branch_datetime_operator.py for tasks to queue
[2025-01-28T22:48:24.636+0000] {logging_mixin.py:190} INFO - [2025-01-28T22:48:24.635+0000] {dagbag.py:588} INFO - Filling up the DagBag from /home/airflow/.local/lib/python3.12/site-packages/airflow/example_dags/example_branch_datetime_operator.py
[2025-01-28T22:48:24.646+0000] {processor.py:925} INFO - DAG(s) 'example_branch_datetime_operator_2', 'example_branch_datetime_operator_3', 'example_branch_datetime_operator' retrieved from /home/airflow/.local/lib/python3.12/site-packages/airflow/example_dags/example_branch_datetime_operator.py
[2025-01-28T22:48:24.671+0000] {logging_mixin.py:190} INFO - [2025-01-28T22:48:24.671+0000] {dag.py:3239} INFO - Sync 3 DAGs
[2025-01-28T22:48:24.695+0000] {logging_mixin.py:190} INFO - [2025-01-28T22:48:24.694+0000] {dag.py:4180} INFO - Setting next_dagrun for example_branch_datetime_operator to 2025-01-27 00:00:00+00:00, run_after=2025-01-28 00:00:00+00:00
[2025-01-28T22:48:24.699+0000] {logging_mixin.py:190} INFO - [2025-01-28T22:48:24.699+0000] {dag.py:4180} INFO - Setting next_dagrun for example_branch_datetime_operator_2 to 2025-01-27 00:00:00+00:00, run_after=2025-01-28 00:00:00+00:00
[2025-01-28T22:48:24.701+0000] {logging_mixin.py:190} INFO - [2025-01-28T22:48:24.701+0000] {dag.py:4180} INFO - Setting next_dagrun for example_branch_datetime_operator_3 to 2025-01-27 00:00:00+00:00, run_after=2025-01-28 00:00:00+00:00
[2025-01-28T22:48:24.718+0000] {processor.py:208} INFO - Processing /home/airflow/.local/lib/python3.12/site-packages/airflow/example_dags/example_branch_datetime_operator.py took 0.090 seconds
[2025-01-28T22:48:55.464+0000] {processor.py:186} INFO - Started process (PID=69235) to work on /home/airflow/.local/lib/python3.12/site-packages/airflow/example_dags/example_branch_datetime_operator.py
[2025-01-28T22:48:55.466+0000] {processor.py:914} INFO - Processing file /home/airflow/.local/lib/python3.12/site-packages/airflow/example_dags/example_branch_datetime_operator.py for tasks to queue
[2025-01-28T22:48:55.469+0000] {logging_mixin.py:190} INFO - [2025-01-28T22:48:55.469+0000] {dagbag.py:588} INFO - Filling up the DagBag from /home/airflow/.local/lib/python3.12/site-packages/airflow/example_dags/example_branch_datetime_operator.py
[2025-01-28T22:48:55.483+0000] {processor.py:925} INFO - DAG(s) 'example_branch_datetime_operator', 'example_branch_datetime_operator_3', 'example_branch_datetime_operator_2' retrieved from /home/airflow/.local/lib/python3.12/site-packages/airflow/example_dags/example_branch_datetime_operator.py
[2025-01-28T22:48:55.509+0000] {logging_mixin.py:190} INFO - [2025-01-28T22:48:55.509+0000] {dag.py:3239} INFO - Sync 3 DAGs
[2025-01-28T22:48:55.541+0000] {logging_mixin.py:190} INFO - [2025-01-28T22:48:55.540+0000] {dag.py:4180} INFO - Setting next_dagrun for example_branch_datetime_operator to 2025-01-27 00:00:00+00:00, run_after=2025-01-28 00:00:00+00:00
[2025-01-28T22:48:55.550+0000] {logging_mixin.py:190} INFO - [2025-01-28T22:48:55.550+0000] {dag.py:4180} INFO - Setting next_dagrun for example_branch_datetime_operator_2 to 2025-01-27 00:00:00+00:00, run_after=2025-01-28 00:00:00+00:00
[2025-01-28T22:48:55.554+0000] {logging_mixin.py:190} INFO - [2025-01-28T22:48:55.554+0000] {dag.py:4180} INFO - Setting next_dagrun for example_branch_datetime_operator_3 to 2025-01-27 00:00:00+00:00, run_after=2025-01-28 00:00:00+00:00
[2025-01-28T22:48:55.575+0000] {processor.py:208} INFO - Processing /home/airflow/.local/lib/python3.12/site-packages/airflow/example_dags/example_branch_datetime_operator.py took 0.118 seconds
[2025-01-28T22:49:26.134+0000] {processor.py:186} INFO - Started process (PID=69532) to work on /home/airflow/.local/lib/python3.12/site-packages/airflow/example_dags/example_branch_datetime_operator.py
[2025-01-28T22:49:26.135+0000] {processor.py:914} INFO - Processing file /home/airflow/.local/lib/python3.12/site-packages/airflow/example_dags/example_branch_datetime_operator.py for tasks to queue
[2025-01-28T22:49:26.143+0000] {logging_mixin.py:190} INFO - [2025-01-28T22:49:26.142+0000] {dagbag.py:588} INFO - Filling up the DagBag from /home/airflow/.local/lib/python3.12/site-packages/airflow/example_dags/example_branch_datetime_operator.py
[2025-01-28T22:49:26.232+0000] {processor.py:925} INFO - DAG(s) 'example_branch_datetime_operator_2', 'example_branch_datetime_operator_3', 'example_branch_datetime_operator' retrieved from /home/airflow/.local/lib/python3.12/site-packages/airflow/example_dags/example_branch_datetime_operator.py
[2025-01-28T22:49:26.275+0000] {logging_mixin.py:190} INFO - [2025-01-28T22:49:26.275+0000] {dag.py:3239} INFO - Sync 3 DAGs
[2025-01-28T22:49:26.304+0000] {logging_mixin.py:190} INFO - [2025-01-28T22:49:26.304+0000] {dag.py:4180} INFO - Setting next_dagrun for example_branch_datetime_operator to 2025-01-27 00:00:00+00:00, run_after=2025-01-28 00:00:00+00:00
[2025-01-28T22:49:26.312+0000] {logging_mixin.py:190} INFO - [2025-01-28T22:49:26.311+0000] {dag.py:4180} INFO - Setting next_dagrun for example_branch_datetime_operator_2 to 2025-01-27 00:00:00+00:00, run_after=2025-01-28 00:00:00+00:00
[2025-01-28T22:49:26.316+0000] {logging_mixin.py:190} INFO - [2025-01-28T22:49:26.315+0000] {dag.py:4180} INFO - Setting next_dagrun for example_branch_datetime_operator_3 to 2025-01-27 00:00:00+00:00, run_after=2025-01-28 00:00:00+00:00
[2025-01-28T22:49:26.334+0000] {processor.py:208} INFO - Processing /home/airflow/.local/lib/python3.12/site-packages/airflow/example_dags/example_branch_datetime_operator.py took 0.206 seconds
[2025-01-28T22:49:56.810+0000] {processor.py:186} INFO - Started process (PID=69829) to work on /home/airflow/.local/lib/python3.12/site-packages/airflow/example_dags/example_branch_datetime_operator.py
[2025-01-28T22:49:56.811+0000] {processor.py:914} INFO - Processing file /home/airflow/.local/lib/python3.12/site-packages/airflow/example_dags/example_branch_datetime_operator.py for tasks to queue
[2025-01-28T22:49:56.813+0000] {logging_mixin.py:190} INFO - [2025-01-28T22:49:56.813+0000] {dagbag.py:588} INFO - Filling up the DagBag from /home/airflow/.local/lib/python3.12/site-packages/airflow/example_dags/example_branch_datetime_operator.py
[2025-01-28T22:49:56.824+0000] {processor.py:925} INFO - DAG(s) 'example_branch_datetime_operator_2', 'example_branch_datetime_operator_3', 'example_branch_datetime_operator' retrieved from /home/airflow/.local/lib/python3.12/site-packages/airflow/example_dags/example_branch_datetime_operator.py
[2025-01-28T22:49:56.848+0000] {logging_mixin.py:190} INFO - [2025-01-28T22:49:56.848+0000] {dag.py:3239} INFO - Sync 3 DAGs
[2025-01-28T22:49:56.878+0000] {logging_mixin.py:190} INFO - [2025-01-28T22:49:56.877+0000] {dag.py:4180} INFO - Setting next_dagrun for example_branch_datetime_operator to 2025-01-27 00:00:00+00:00, run_after=2025-01-28 00:00:00+00:00
[2025-01-28T22:49:56.883+0000] {logging_mixin.py:190} INFO - [2025-01-28T22:49:56.882+0000] {dag.py:4180} INFO - Setting next_dagrun for example_branch_datetime_operator_2 to 2025-01-27 00:00:00+00:00, run_after=2025-01-28 00:00:00+00:00
[2025-01-28T22:49:56.885+0000] {logging_mixin.py:190} INFO - [2025-01-28T22:49:56.885+0000] {dag.py:4180} INFO - Setting next_dagrun for example_branch_datetime_operator_3 to 2025-01-27 00:00:00+00:00, run_after=2025-01-28 00:00:00+00:00
[2025-01-28T22:49:56.899+0000] {processor.py:208} INFO - Processing /home/airflow/.local/lib/python3.12/site-packages/airflow/example_dags/example_branch_datetime_operator.py took 0.094 seconds
[2025-01-28T22:50:27.470+0000] {processor.py:186} INFO - Started process (PID=70125) to work on /home/airflow/.local/lib/python3.12/site-packages/airflow/example_dags/example_branch_datetime_operator.py
[2025-01-28T22:50:27.472+0000] {processor.py:914} INFO - Processing file /home/airflow/.local/lib/python3.12/site-packages/airflow/example_dags/example_branch_datetime_operator.py for tasks to queue
[2025-01-28T22:50:27.474+0000] {logging_mixin.py:190} INFO - [2025-01-28T22:50:27.474+0000] {dagbag.py:588} INFO - Filling up the DagBag from /home/airflow/.local/lib/python3.12/site-packages/airflow/example_dags/example_branch_datetime_operator.py
[2025-01-28T22:50:27.487+0000] {processor.py:925} INFO - DAG(s) 'example_branch_datetime_operator_2', 'example_branch_datetime_operator', 'example_branch_datetime_operator_3' retrieved from /home/airflow/.local/lib/python3.12/site-packages/airflow/example_dags/example_branch_datetime_operator.py
[2025-01-28T22:50:27.517+0000] {logging_mixin.py:190} INFO - [2025-01-28T22:50:27.516+0000] {dag.py:3239} INFO - Sync 3 DAGs
[2025-01-28T22:50:27.549+0000] {logging_mixin.py:190} INFO - [2025-01-28T22:50:27.549+0000] {dag.py:4180} INFO - Setting next_dagrun for example_branch_datetime_operator to 2025-01-27 00:00:00+00:00, run_after=2025-01-28 00:00:00+00:00
[2025-01-28T22:50:27.554+0000] {logging_mixin.py:190} INFO - [2025-01-28T22:50:27.553+0000] {dag.py:4180} INFO - Setting next_dagrun for example_branch_datetime_operator_2 to 2025-01-27 00:00:00+00:00, run_after=2025-01-28 00:00:00+00:00
[2025-01-28T22:50:27.556+0000] {logging_mixin.py:190} INFO - [2025-01-28T22:50:27.556+0000] {dag.py:4180} INFO - Setting next_dagrun for example_branch_datetime_operator_3 to 2025-01-27 00:00:00+00:00, run_after=2025-01-28 00:00:00+00:00
[2025-01-28T22:50:27.571+0000] {processor.py:208} INFO - Processing /home/airflow/.local/lib/python3.12/site-packages/airflow/example_dags/example_branch_datetime_operator.py took 0.109 seconds
[2025-01-28T22:50:57.855+0000] {processor.py:186} INFO - Started process (PID=70419) to work on /home/airflow/.local/lib/python3.12/site-packages/airflow/example_dags/example_branch_datetime_operator.py
[2025-01-28T22:50:57.856+0000] {processor.py:914} INFO - Processing file /home/airflow/.local/lib/python3.12/site-packages/airflow/example_dags/example_branch_datetime_operator.py for tasks to queue
[2025-01-28T22:50:57.858+0000] {logging_mixin.py:190} INFO - [2025-01-28T22:50:57.858+0000] {dagbag.py:588} INFO - Filling up the DagBag from /home/airflow/.local/lib/python3.12/site-packages/airflow/example_dags/example_branch_datetime_operator.py
[2025-01-28T22:50:57.871+0000] {processor.py:925} INFO - DAG(s) 'example_branch_datetime_operator_3', 'example_branch_datetime_operator_2', 'example_branch_datetime_operator' retrieved from /home/airflow/.local/lib/python3.12/site-packages/airflow/example_dags/example_branch_datetime_operator.py
[2025-01-28T22:50:57.899+0000] {logging_mixin.py:190} INFO - [2025-01-28T22:50:57.898+0000] {dag.py:3239} INFO - Sync 3 DAGs
[2025-01-28T22:50:57.927+0000] {logging_mixin.py:190} INFO - [2025-01-28T22:50:57.927+0000] {dag.py:4180} INFO - Setting next_dagrun for example_branch_datetime_operator to 2025-01-27 00:00:00+00:00, run_after=2025-01-28 00:00:00+00:00
[2025-01-28T22:50:57.933+0000] {logging_mixin.py:190} INFO - [2025-01-28T22:50:57.933+0000] {dag.py:4180} INFO - Setting next_dagrun for example_branch_datetime_operator_2 to 2025-01-27 00:00:00+00:00, run_after=2025-01-28 00:00:00+00:00
[2025-01-28T22:50:57.936+0000] {logging_mixin.py:190} INFO - [2025-01-28T22:50:57.936+0000] {dag.py:4180} INFO - Setting next_dagrun for example_branch_datetime_operator_3 to 2025-01-27 00:00:00+00:00, run_after=2025-01-28 00:00:00+00:00
[2025-01-28T22:50:57.954+0000] {processor.py:208} INFO - Processing /home/airflow/.local/lib/python3.12/site-packages/airflow/example_dags/example_branch_datetime_operator.py took 0.106 seconds
[2025-01-28T22:51:28.228+0000] {processor.py:186} INFO - Started process (PID=70717) to work on /home/airflow/.local/lib/python3.12/site-packages/airflow/example_dags/example_branch_datetime_operator.py
[2025-01-28T22:51:28.230+0000] {processor.py:914} INFO - Processing file /home/airflow/.local/lib/python3.12/site-packages/airflow/example_dags/example_branch_datetime_operator.py for tasks to queue
[2025-01-28T22:51:28.233+0000] {logging_mixin.py:190} INFO - [2025-01-28T22:51:28.232+0000] {dagbag.py:588} INFO - Filling up the DagBag from /home/airflow/.local/lib/python3.12/site-packages/airflow/example_dags/example_branch_datetime_operator.py
[2025-01-28T22:51:28.245+0000] {processor.py:925} INFO - DAG(s) 'example_branch_datetime_operator', 'example_branch_datetime_operator_3', 'example_branch_datetime_operator_2' retrieved from /home/airflow/.local/lib/python3.12/site-packages/airflow/example_dags/example_branch_datetime_operator.py
[2025-01-28T22:51:28.275+0000] {logging_mixin.py:190} INFO - [2025-01-28T22:51:28.275+0000] {dag.py:3239} INFO - Sync 3 DAGs
[2025-01-28T22:51:28.303+0000] {logging_mixin.py:190} INFO - [2025-01-28T22:51:28.302+0000] {dag.py:4180} INFO - Setting next_dagrun for example_branch_datetime_operator to 2025-01-27 00:00:00+00:00, run_after=2025-01-28 00:00:00+00:00
[2025-01-28T22:51:28.309+0000] {logging_mixin.py:190} INFO - [2025-01-28T22:51:28.309+0000] {dag.py:4180} INFO - Setting next_dagrun for example_branch_datetime_operator_2 to 2025-01-27 00:00:00+00:00, run_after=2025-01-28 00:00:00+00:00
[2025-01-28T22:51:28.312+0000] {logging_mixin.py:190} INFO - [2025-01-28T22:51:28.312+0000] {dag.py:4180} INFO - Setting next_dagrun for example_branch_datetime_operator_3 to 2025-01-27 00:00:00+00:00, run_after=2025-01-28 00:00:00+00:00
[2025-01-28T22:51:28.332+0000] {processor.py:208} INFO - Processing /home/airflow/.local/lib/python3.12/site-packages/airflow/example_dags/example_branch_datetime_operator.py took 0.110 seconds
[2025-01-28T22:51:59.320+0000] {processor.py:186} INFO - Started process (PID=71014) to work on /home/airflow/.local/lib/python3.12/site-packages/airflow/example_dags/example_branch_datetime_operator.py
[2025-01-28T22:51:59.322+0000] {processor.py:914} INFO - Processing file /home/airflow/.local/lib/python3.12/site-packages/airflow/example_dags/example_branch_datetime_operator.py for tasks to queue
[2025-01-28T22:51:59.328+0000] {logging_mixin.py:190} INFO - [2025-01-28T22:51:59.327+0000] {dagbag.py:588} INFO - Filling up the DagBag from /home/airflow/.local/lib/python3.12/site-packages/airflow/example_dags/example_branch_datetime_operator.py
[2025-01-28T22:51:59.346+0000] {processor.py:925} INFO - DAG(s) 'example_branch_datetime_operator_2', 'example_branch_datetime_operator_3', 'example_branch_datetime_operator' retrieved from /home/airflow/.local/lib/python3.12/site-packages/airflow/example_dags/example_branch_datetime_operator.py
[2025-01-28T22:51:59.386+0000] {logging_mixin.py:190} INFO - [2025-01-28T22:51:59.385+0000] {dag.py:3239} INFO - Sync 3 DAGs
[2025-01-28T22:51:59.428+0000] {logging_mixin.py:190} INFO - [2025-01-28T22:51:59.427+0000] {dag.py:4180} INFO - Setting next_dagrun for example_branch_datetime_operator to 2025-01-27 00:00:00+00:00, run_after=2025-01-28 00:00:00+00:00
[2025-01-28T22:51:59.435+0000] {logging_mixin.py:190} INFO - [2025-01-28T22:51:59.434+0000] {dag.py:4180} INFO - Setting next_dagrun for example_branch_datetime_operator_2 to 2025-01-27 00:00:00+00:00, run_after=2025-01-28 00:00:00+00:00
[2025-01-28T22:51:59.438+0000] {logging_mixin.py:190} INFO - [2025-01-28T22:51:59.438+0000] {dag.py:4180} INFO - Setting next_dagrun for example_branch_datetime_operator_3 to 2025-01-27 00:00:00+00:00, run_after=2025-01-28 00:00:00+00:00
[2025-01-28T22:51:59.466+0000] {processor.py:208} INFO - Processing /home/airflow/.local/lib/python3.12/site-packages/airflow/example_dags/example_branch_datetime_operator.py took 0.153 seconds
[2025-01-28T22:52:31.826+0000] {processor.py:186} INFO - Started process (PID=71310) to work on /home/airflow/.local/lib/python3.12/site-packages/airflow/example_dags/example_branch_datetime_operator.py
[2025-01-28T22:52:31.849+0000] {processor.py:914} INFO - Processing file /home/airflow/.local/lib/python3.12/site-packages/airflow/example_dags/example_branch_datetime_operator.py for tasks to queue
[2025-01-28T22:52:31.858+0000] {logging_mixin.py:190} INFO - [2025-01-28T22:52:31.857+0000] {dagbag.py:588} INFO - Filling up the DagBag from /home/airflow/.local/lib/python3.12/site-packages/airflow/example_dags/example_branch_datetime_operator.py
[2025-01-28T22:52:31.906+0000] {processor.py:925} INFO - DAG(s) 'example_branch_datetime_operator_3', 'example_branch_datetime_operator', 'example_branch_datetime_operator_2' retrieved from /home/airflow/.local/lib/python3.12/site-packages/airflow/example_dags/example_branch_datetime_operator.py
[2025-01-28T22:52:31.987+0000] {logging_mixin.py:190} INFO - [2025-01-28T22:52:31.977+0000] {dag.py:3239} INFO - Sync 3 DAGs
[2025-01-28T22:52:32.094+0000] {logging_mixin.py:190} INFO - [2025-01-28T22:52:32.093+0000] {dag.py:4180} INFO - Setting next_dagrun for example_branch_datetime_operator to 2025-01-27 00:00:00+00:00, run_after=2025-01-28 00:00:00+00:00
[2025-01-28T22:52:32.166+0000] {logging_mixin.py:190} INFO - [2025-01-28T22:52:32.166+0000] {dag.py:4180} INFO - Setting next_dagrun for example_branch_datetime_operator_2 to 2025-01-27 00:00:00+00:00, run_after=2025-01-28 00:00:00+00:00
[2025-01-28T22:52:32.204+0000] {logging_mixin.py:190} INFO - [2025-01-28T22:52:32.204+0000] {dag.py:4180} INFO - Setting next_dagrun for example_branch_datetime_operator_3 to 2025-01-27 00:00:00+00:00, run_after=2025-01-28 00:00:00+00:00
[2025-01-28T22:52:32.250+0000] {processor.py:208} INFO - Processing /home/airflow/.local/lib/python3.12/site-packages/airflow/example_dags/example_branch_datetime_operator.py took 0.441 seconds
[2025-01-28T22:53:02.409+0000] {processor.py:186} INFO - Started process (PID=71606) to work on /home/airflow/.local/lib/python3.12/site-packages/airflow/example_dags/example_branch_datetime_operator.py
[2025-01-28T22:53:02.421+0000] {processor.py:914} INFO - Processing file /home/airflow/.local/lib/python3.12/site-packages/airflow/example_dags/example_branch_datetime_operator.py for tasks to queue
[2025-01-28T22:53:02.444+0000] {logging_mixin.py:190} INFO - [2025-01-28T22:53:02.443+0000] {dagbag.py:588} INFO - Filling up the DagBag from /home/airflow/.local/lib/python3.12/site-packages/airflow/example_dags/example_branch_datetime_operator.py
[2025-01-28T22:53:02.505+0000] {processor.py:925} INFO - DAG(s) 'example_branch_datetime_operator', 'example_branch_datetime_operator_2', 'example_branch_datetime_operator_3' retrieved from /home/airflow/.local/lib/python3.12/site-packages/airflow/example_dags/example_branch_datetime_operator.py
[2025-01-28T22:53:02.628+0000] {logging_mixin.py:190} INFO - [2025-01-28T22:53:02.625+0000] {dag.py:3239} INFO - Sync 3 DAGs
[2025-01-28T22:53:03.137+0000] {logging_mixin.py:190} INFO - [2025-01-28T22:53:03.137+0000] {dag.py:4180} INFO - Setting next_dagrun for example_branch_datetime_operator to 2025-01-27 00:00:00+00:00, run_after=2025-01-28 00:00:00+00:00
[2025-01-28T22:53:03.158+0000] {logging_mixin.py:190} INFO - [2025-01-28T22:53:03.158+0000] {dag.py:4180} INFO - Setting next_dagrun for example_branch_datetime_operator_2 to 2025-01-27 00:00:00+00:00, run_after=2025-01-28 00:00:00+00:00
[2025-01-28T22:53:03.170+0000] {logging_mixin.py:190} INFO - [2025-01-28T22:53:03.169+0000] {dag.py:4180} INFO - Setting next_dagrun for example_branch_datetime_operator_3 to 2025-01-27 00:00:00+00:00, run_after=2025-01-28 00:00:00+00:00
[2025-01-28T22:53:03.258+0000] {processor.py:208} INFO - Processing /home/airflow/.local/lib/python3.12/site-packages/airflow/example_dags/example_branch_datetime_operator.py took 0.868 seconds
