[2025-01-28T22:42:53.230+0000] {processor.py:186} INFO - Started process (PID=65731) to work on /home/airflow/.local/lib/python3.12/site-packages/airflow/example_dags/example_branch_labels.py
[2025-01-28T22:42:53.232+0000] {processor.py:914} INFO - Processing file /home/airflow/.local/lib/python3.12/site-packages/airflow/example_dags/example_branch_labels.py for tasks to queue
[2025-01-28T22:42:53.236+0000] {logging_mixin.py:190} INFO - [2025-01-28T22:42:53.235+0000] {dagbag.py:588} INFO - Filling up the DagBag from /home/airflow/.local/lib/python3.12/site-packages/airflow/example_dags/example_branch_labels.py
[2025-01-28T22:42:53.254+0000] {processor.py:925} INFO - DAG(s) 'example_branch_labels' retrieved from /home/airflow/.local/lib/python3.12/site-packages/airflow/example_dags/example_branch_labels.py
[2025-01-28T22:42:53.281+0000] {logging_mixin.py:190} INFO - [2025-01-28T22:42:53.281+0000] {dag.py:3239} INFO - Sync 1 DAGs
[2025-01-28T22:42:53.317+0000] {logging_mixin.py:190} INFO - [2025-01-28T22:42:53.317+0000] {dag.py:4180} INFO - Setting next_dagrun for example_branch_labels to 2025-01-27 00:00:00+00:00, run_after=2025-01-28 00:00:00+00:00
[2025-01-28T22:42:53.347+0000] {processor.py:208} INFO - Processing /home/airflow/.local/lib/python3.12/site-packages/airflow/example_dags/example_branch_labels.py took 0.132 seconds
[2025-01-28T22:43:23.742+0000] {processor.py:186} INFO - Started process (PID=66026) to work on /home/airflow/.local/lib/python3.12/site-packages/airflow/example_dags/example_branch_labels.py
[2025-01-28T22:43:23.744+0000] {processor.py:914} INFO - Processing file /home/airflow/.local/lib/python3.12/site-packages/airflow/example_dags/example_branch_labels.py for tasks to queue
[2025-01-28T22:43:23.747+0000] {logging_mixin.py:190} INFO - [2025-01-28T22:43:23.746+0000] {dagbag.py:588} INFO - Filling up the DagBag from /home/airflow/.local/lib/python3.12/site-packages/airflow/example_dags/example_branch_labels.py
[2025-01-28T22:43:23.767+0000] {processor.py:925} INFO - DAG(s) 'example_branch_labels' retrieved from /home/airflow/.local/lib/python3.12/site-packages/airflow/example_dags/example_branch_labels.py
[2025-01-28T22:43:23.803+0000] {logging_mixin.py:190} INFO - [2025-01-28T22:43:23.801+0000] {dag.py:3239} INFO - Sync 1 DAGs
[2025-01-28T22:43:23.850+0000] {logging_mixin.py:190} INFO - [2025-01-28T22:43:23.847+0000] {dag.py:4180} INFO - Setting next_dagrun for example_branch_labels to 2025-01-27 00:00:00+00:00, run_after=2025-01-28 00:00:00+00:00
[2025-01-28T22:43:23.887+0000] {processor.py:208} INFO - Processing /home/airflow/.local/lib/python3.12/site-packages/airflow/example_dags/example_branch_labels.py took 0.152 seconds
[2025-01-28T22:43:54.006+0000] {processor.py:186} INFO - Started process (PID=66322) to work on /home/airflow/.local/lib/python3.12/site-packages/airflow/example_dags/example_branch_labels.py
[2025-01-28T22:43:54.007+0000] {processor.py:914} INFO - Processing file /home/airflow/.local/lib/python3.12/site-packages/airflow/example_dags/example_branch_labels.py for tasks to queue
[2025-01-28T22:43:54.010+0000] {logging_mixin.py:190} INFO - [2025-01-28T22:43:54.010+0000] {dagbag.py:588} INFO - Filling up the DagBag from /home/airflow/.local/lib/python3.12/site-packages/airflow/example_dags/example_branch_labels.py
[2025-01-28T22:43:54.019+0000] {processor.py:925} INFO - DAG(s) 'example_branch_labels' retrieved from /home/airflow/.local/lib/python3.12/site-packages/airflow/example_dags/example_branch_labels.py
[2025-01-28T22:43:54.038+0000] {logging_mixin.py:190} INFO - [2025-01-28T22:43:54.038+0000] {dag.py:3239} INFO - Sync 1 DAGs
[2025-01-28T22:43:54.057+0000] {logging_mixin.py:190} INFO - [2025-01-28T22:43:54.056+0000] {dag.py:4180} INFO - Setting next_dagrun for example_branch_labels to 2025-01-27 00:00:00+00:00, run_after=2025-01-28 00:00:00+00:00
[2025-01-28T22:43:54.079+0000] {processor.py:208} INFO - Processing /home/airflow/.local/lib/python3.12/site-packages/airflow/example_dags/example_branch_labels.py took 0.079 seconds
[2025-01-28T22:44:24.671+0000] {processor.py:186} INFO - Started process (PID=66618) to work on /home/airflow/.local/lib/python3.12/site-packages/airflow/example_dags/example_branch_labels.py
[2025-01-28T22:44:24.673+0000] {processor.py:914} INFO - Processing file /home/airflow/.local/lib/python3.12/site-packages/airflow/example_dags/example_branch_labels.py for tasks to queue
[2025-01-28T22:44:24.676+0000] {logging_mixin.py:190} INFO - [2025-01-28T22:44:24.675+0000] {dagbag.py:588} INFO - Filling up the DagBag from /home/airflow/.local/lib/python3.12/site-packages/airflow/example_dags/example_branch_labels.py
[2025-01-28T22:44:24.687+0000] {processor.py:925} INFO - DAG(s) 'example_branch_labels' retrieved from /home/airflow/.local/lib/python3.12/site-packages/airflow/example_dags/example_branch_labels.py
[2025-01-28T22:44:24.710+0000] {logging_mixin.py:190} INFO - [2025-01-28T22:44:24.709+0000] {dag.py:3239} INFO - Sync 1 DAGs
[2025-01-28T22:44:24.733+0000] {logging_mixin.py:190} INFO - [2025-01-28T22:44:24.733+0000] {dag.py:4180} INFO - Setting next_dagrun for example_branch_labels to 2025-01-27 00:00:00+00:00, run_after=2025-01-28 00:00:00+00:00
[2025-01-28T22:44:24.751+0000] {processor.py:208} INFO - Processing /home/airflow/.local/lib/python3.12/site-packages/airflow/example_dags/example_branch_labels.py took 0.087 seconds
[2025-01-28T22:44:55.214+0000] {processor.py:186} INFO - Started process (PID=66915) to work on /home/airflow/.local/lib/python3.12/site-packages/airflow/example_dags/example_branch_labels.py
[2025-01-28T22:44:55.215+0000] {processor.py:914} INFO - Processing file /home/airflow/.local/lib/python3.12/site-packages/airflow/example_dags/example_branch_labels.py for tasks to queue
[2025-01-28T22:44:55.217+0000] {logging_mixin.py:190} INFO - [2025-01-28T22:44:55.217+0000] {dagbag.py:588} INFO - Filling up the DagBag from /home/airflow/.local/lib/python3.12/site-packages/airflow/example_dags/example_branch_labels.py
[2025-01-28T22:44:55.225+0000] {processor.py:925} INFO - DAG(s) 'example_branch_labels' retrieved from /home/airflow/.local/lib/python3.12/site-packages/airflow/example_dags/example_branch_labels.py
[2025-01-28T22:44:55.245+0000] {logging_mixin.py:190} INFO - [2025-01-28T22:44:55.245+0000] {dag.py:3239} INFO - Sync 1 DAGs
[2025-01-28T22:44:55.264+0000] {logging_mixin.py:190} INFO - [2025-01-28T22:44:55.264+0000] {dag.py:4180} INFO - Setting next_dagrun for example_branch_labels to 2025-01-27 00:00:00+00:00, run_after=2025-01-28 00:00:00+00:00
[2025-01-28T22:44:55.284+0000] {processor.py:208} INFO - Processing /home/airflow/.local/lib/python3.12/site-packages/airflow/example_dags/example_branch_labels.py took 0.075 seconds
[2025-01-28T22:45:26.083+0000] {processor.py:186} INFO - Started process (PID=67216) to work on /home/airflow/.local/lib/python3.12/site-packages/airflow/example_dags/example_branch_labels.py
[2025-01-28T22:45:26.084+0000] {processor.py:914} INFO - Processing file /home/airflow/.local/lib/python3.12/site-packages/airflow/example_dags/example_branch_labels.py for tasks to queue
[2025-01-28T22:45:26.087+0000] {logging_mixin.py:190} INFO - [2025-01-28T22:45:26.086+0000] {dagbag.py:588} INFO - Filling up the DagBag from /home/airflow/.local/lib/python3.12/site-packages/airflow/example_dags/example_branch_labels.py
[2025-01-28T22:45:26.096+0000] {processor.py:925} INFO - DAG(s) 'example_branch_labels' retrieved from /home/airflow/.local/lib/python3.12/site-packages/airflow/example_dags/example_branch_labels.py
[2025-01-28T22:45:26.121+0000] {logging_mixin.py:190} INFO - [2025-01-28T22:45:26.120+0000] {dag.py:3239} INFO - Sync 1 DAGs
[2025-01-28T22:45:26.152+0000] {logging_mixin.py:190} INFO - [2025-01-28T22:45:26.152+0000] {dag.py:4180} INFO - Setting next_dagrun for example_branch_labels to 2025-01-27 00:00:00+00:00, run_after=2025-01-28 00:00:00+00:00
[2025-01-28T22:45:26.176+0000] {processor.py:208} INFO - Processing /home/airflow/.local/lib/python3.12/site-packages/airflow/example_dags/example_branch_labels.py took 0.099 seconds
[2025-01-28T22:45:56.374+0000] {processor.py:186} INFO - Started process (PID=67507) to work on /home/airflow/.local/lib/python3.12/site-packages/airflow/example_dags/example_branch_labels.py
[2025-01-28T22:45:56.375+0000] {processor.py:914} INFO - Processing file /home/airflow/.local/lib/python3.12/site-packages/airflow/example_dags/example_branch_labels.py for tasks to queue
[2025-01-28T22:45:56.377+0000] {logging_mixin.py:190} INFO - [2025-01-28T22:45:56.377+0000] {dagbag.py:588} INFO - Filling up the DagBag from /home/airflow/.local/lib/python3.12/site-packages/airflow/example_dags/example_branch_labels.py
[2025-01-28T22:45:56.386+0000] {processor.py:925} INFO - DAG(s) 'example_branch_labels' retrieved from /home/airflow/.local/lib/python3.12/site-packages/airflow/example_dags/example_branch_labels.py
[2025-01-28T22:45:56.408+0000] {logging_mixin.py:190} INFO - [2025-01-28T22:45:56.408+0000] {dag.py:3239} INFO - Sync 1 DAGs
[2025-01-28T22:45:56.434+0000] {logging_mixin.py:190} INFO - [2025-01-28T22:45:56.434+0000] {dag.py:4180} INFO - Setting next_dagrun for example_branch_labels to 2025-01-27 00:00:00+00:00, run_after=2025-01-28 00:00:00+00:00
[2025-01-28T22:45:56.455+0000] {processor.py:208} INFO - Processing /home/airflow/.local/lib/python3.12/site-packages/airflow/example_dags/example_branch_labels.py took 0.088 seconds
[2025-01-28T22:46:26.498+0000] {processor.py:186} INFO - Started process (PID=67803) to work on /home/airflow/.local/lib/python3.12/site-packages/airflow/example_dags/example_branch_labels.py
[2025-01-28T22:46:26.498+0000] {processor.py:914} INFO - Processing file /home/airflow/.local/lib/python3.12/site-packages/airflow/example_dags/example_branch_labels.py for tasks to queue
[2025-01-28T22:46:26.501+0000] {logging_mixin.py:190} INFO - [2025-01-28T22:46:26.500+0000] {dagbag.py:588} INFO - Filling up the DagBag from /home/airflow/.local/lib/python3.12/site-packages/airflow/example_dags/example_branch_labels.py
[2025-01-28T22:46:26.513+0000] {processor.py:925} INFO - DAG(s) 'example_branch_labels' retrieved from /home/airflow/.local/lib/python3.12/site-packages/airflow/example_dags/example_branch_labels.py
[2025-01-28T22:46:26.539+0000] {logging_mixin.py:190} INFO - [2025-01-28T22:46:26.539+0000] {dag.py:3239} INFO - Sync 1 DAGs
[2025-01-28T22:46:26.569+0000] {logging_mixin.py:190} INFO - [2025-01-28T22:46:26.569+0000] {dag.py:4180} INFO - Setting next_dagrun for example_branch_labels to 2025-01-27 00:00:00+00:00, run_after=2025-01-28 00:00:00+00:00
[2025-01-28T22:46:26.591+0000] {processor.py:208} INFO - Processing /home/airflow/.local/lib/python3.12/site-packages/airflow/example_dags/example_branch_labels.py took 0.100 seconds
[2025-01-28T22:46:56.969+0000] {processor.py:186} INFO - Started process (PID=68104) to work on /home/airflow/.local/lib/python3.12/site-packages/airflow/example_dags/example_branch_labels.py
[2025-01-28T22:46:56.971+0000] {processor.py:914} INFO - Processing file /home/airflow/.local/lib/python3.12/site-packages/airflow/example_dags/example_branch_labels.py for tasks to queue
[2025-01-28T22:46:56.974+0000] {logging_mixin.py:190} INFO - [2025-01-28T22:46:56.973+0000] {dagbag.py:588} INFO - Filling up the DagBag from /home/airflow/.local/lib/python3.12/site-packages/airflow/example_dags/example_branch_labels.py
[2025-01-28T22:46:56.988+0000] {processor.py:925} INFO - DAG(s) 'example_branch_labels' retrieved from /home/airflow/.local/lib/python3.12/site-packages/airflow/example_dags/example_branch_labels.py
[2025-01-28T22:46:57.010+0000] {logging_mixin.py:190} INFO - [2025-01-28T22:46:57.009+0000] {dag.py:3239} INFO - Sync 1 DAGs
[2025-01-28T22:46:57.039+0000] {logging_mixin.py:190} INFO - [2025-01-28T22:46:57.039+0000] {dag.py:4180} INFO - Setting next_dagrun for example_branch_labels to 2025-01-27 00:00:00+00:00, run_after=2025-01-28 00:00:00+00:00
[2025-01-28T22:46:57.062+0000] {processor.py:208} INFO - Processing /home/airflow/.local/lib/python3.12/site-packages/airflow/example_dags/example_branch_labels.py took 0.101 seconds
[2025-01-28T22:47:27.710+0000] {processor.py:186} INFO - Started process (PID=68412) to work on /home/airflow/.local/lib/python3.12/site-packages/airflow/example_dags/example_branch_labels.py
[2025-01-28T22:47:27.711+0000] {processor.py:914} INFO - Processing file /home/airflow/.local/lib/python3.12/site-packages/airflow/example_dags/example_branch_labels.py for tasks to queue
[2025-01-28T22:47:27.713+0000] {logging_mixin.py:190} INFO - [2025-01-28T22:47:27.713+0000] {dagbag.py:588} INFO - Filling up the DagBag from /home/airflow/.local/lib/python3.12/site-packages/airflow/example_dags/example_branch_labels.py
[2025-01-28T22:47:27.721+0000] {processor.py:925} INFO - DAG(s) 'example_branch_labels' retrieved from /home/airflow/.local/lib/python3.12/site-packages/airflow/example_dags/example_branch_labels.py
[2025-01-28T22:47:27.745+0000] {logging_mixin.py:190} INFO - [2025-01-28T22:47:27.744+0000] {dag.py:3239} INFO - Sync 1 DAGs
[2025-01-28T22:47:27.766+0000] {logging_mixin.py:190} INFO - [2025-01-28T22:47:27.766+0000] {dag.py:4180} INFO - Setting next_dagrun for example_branch_labels to 2025-01-27 00:00:00+00:00, run_after=2025-01-28 00:00:00+00:00
[2025-01-28T22:47:27.786+0000] {processor.py:208} INFO - Processing /home/airflow/.local/lib/python3.12/site-packages/airflow/example_dags/example_branch_labels.py took 0.081 seconds
[2025-01-28T22:47:58.050+0000] {processor.py:186} INFO - Started process (PID=68706) to work on /home/airflow/.local/lib/python3.12/site-packages/airflow/example_dags/example_branch_labels.py
[2025-01-28T22:47:58.051+0000] {processor.py:914} INFO - Processing file /home/airflow/.local/lib/python3.12/site-packages/airflow/example_dags/example_branch_labels.py for tasks to queue
[2025-01-28T22:47:58.053+0000] {logging_mixin.py:190} INFO - [2025-01-28T22:47:58.053+0000] {dagbag.py:588} INFO - Filling up the DagBag from /home/airflow/.local/lib/python3.12/site-packages/airflow/example_dags/example_branch_labels.py
[2025-01-28T22:47:58.063+0000] {processor.py:925} INFO - DAG(s) 'example_branch_labels' retrieved from /home/airflow/.local/lib/python3.12/site-packages/airflow/example_dags/example_branch_labels.py
[2025-01-28T22:47:58.080+0000] {logging_mixin.py:190} INFO - [2025-01-28T22:47:58.080+0000] {dag.py:3239} INFO - Sync 1 DAGs
[2025-01-28T22:47:58.099+0000] {logging_mixin.py:190} INFO - [2025-01-28T22:47:58.099+0000] {dag.py:4180} INFO - Setting next_dagrun for example_branch_labels to 2025-01-27 00:00:00+00:00, run_after=2025-01-28 00:00:00+00:00
[2025-01-28T22:47:58.116+0000] {processor.py:208} INFO - Processing /home/airflow/.local/lib/python3.12/site-packages/airflow/example_dags/example_branch_labels.py took 0.070 seconds
[2025-01-28T22:48:28.799+0000] {processor.py:186} INFO - Started process (PID=69002) to work on /home/airflow/.local/lib/python3.12/site-packages/airflow/example_dags/example_branch_labels.py
[2025-01-28T22:48:28.800+0000] {processor.py:914} INFO - Processing file /home/airflow/.local/lib/python3.12/site-packages/airflow/example_dags/example_branch_labels.py for tasks to queue
[2025-01-28T22:48:28.803+0000] {logging_mixin.py:190} INFO - [2025-01-28T22:48:28.803+0000] {dagbag.py:588} INFO - Filling up the DagBag from /home/airflow/.local/lib/python3.12/site-packages/airflow/example_dags/example_branch_labels.py
[2025-01-28T22:48:28.814+0000] {processor.py:925} INFO - DAG(s) 'example_branch_labels' retrieved from /home/airflow/.local/lib/python3.12/site-packages/airflow/example_dags/example_branch_labels.py
[2025-01-28T22:48:28.837+0000] {logging_mixin.py:190} INFO - [2025-01-28T22:48:28.836+0000] {dag.py:3239} INFO - Sync 1 DAGs
[2025-01-28T22:48:28.865+0000] {logging_mixin.py:190} INFO - [2025-01-28T22:48:28.864+0000] {dag.py:4180} INFO - Setting next_dagrun for example_branch_labels to 2025-01-27 00:00:00+00:00, run_after=2025-01-28 00:00:00+00:00
[2025-01-28T22:48:28.882+0000] {processor.py:208} INFO - Processing /home/airflow/.local/lib/python3.12/site-packages/airflow/example_dags/example_branch_labels.py took 0.090 seconds
[2025-01-28T22:48:59.201+0000] {processor.py:186} INFO - Started process (PID=69298) to work on /home/airflow/.local/lib/python3.12/site-packages/airflow/example_dags/example_branch_labels.py
[2025-01-28T22:48:59.202+0000] {processor.py:914} INFO - Processing file /home/airflow/.local/lib/python3.12/site-packages/airflow/example_dags/example_branch_labels.py for tasks to queue
[2025-01-28T22:48:59.205+0000] {logging_mixin.py:190} INFO - [2025-01-28T22:48:59.204+0000] {dagbag.py:588} INFO - Filling up the DagBag from /home/airflow/.local/lib/python3.12/site-packages/airflow/example_dags/example_branch_labels.py
[2025-01-28T22:48:59.215+0000] {processor.py:925} INFO - DAG(s) 'example_branch_labels' retrieved from /home/airflow/.local/lib/python3.12/site-packages/airflow/example_dags/example_branch_labels.py
[2025-01-28T22:48:59.240+0000] {logging_mixin.py:190} INFO - [2025-01-28T22:48:59.239+0000] {dag.py:3239} INFO - Sync 1 DAGs
[2025-01-28T22:48:59.263+0000] {logging_mixin.py:190} INFO - [2025-01-28T22:48:59.263+0000] {dag.py:4180} INFO - Setting next_dagrun for example_branch_labels to 2025-01-27 00:00:00+00:00, run_after=2025-01-28 00:00:00+00:00
[2025-01-28T22:48:59.287+0000] {processor.py:208} INFO - Processing /home/airflow/.local/lib/python3.12/site-packages/airflow/example_dags/example_branch_labels.py took 0.092 seconds
[2025-01-28T22:49:29.999+0000] {processor.py:186} INFO - Started process (PID=69595) to work on /home/airflow/.local/lib/python3.12/site-packages/airflow/example_dags/example_branch_labels.py
[2025-01-28T22:49:30.000+0000] {processor.py:914} INFO - Processing file /home/airflow/.local/lib/python3.12/site-packages/airflow/example_dags/example_branch_labels.py for tasks to queue
[2025-01-28T22:49:30.003+0000] {logging_mixin.py:190} INFO - [2025-01-28T22:49:30.003+0000] {dagbag.py:588} INFO - Filling up the DagBag from /home/airflow/.local/lib/python3.12/site-packages/airflow/example_dags/example_branch_labels.py
[2025-01-28T22:49:30.014+0000] {processor.py:925} INFO - DAG(s) 'example_branch_labels' retrieved from /home/airflow/.local/lib/python3.12/site-packages/airflow/example_dags/example_branch_labels.py
[2025-01-28T22:49:30.047+0000] {logging_mixin.py:190} INFO - [2025-01-28T22:49:30.046+0000] {dag.py:3239} INFO - Sync 1 DAGs
[2025-01-28T22:49:30.072+0000] {logging_mixin.py:190} INFO - [2025-01-28T22:49:30.072+0000] {dag.py:4180} INFO - Setting next_dagrun for example_branch_labels to 2025-01-27 00:00:00+00:00, run_after=2025-01-28 00:00:00+00:00
[2025-01-28T22:49:30.094+0000] {processor.py:208} INFO - Processing /home/airflow/.local/lib/python3.12/site-packages/airflow/example_dags/example_branch_labels.py took 0.101 seconds
[2025-01-28T22:50:00.540+0000] {processor.py:186} INFO - Started process (PID=69892) to work on /home/airflow/.local/lib/python3.12/site-packages/airflow/example_dags/example_branch_labels.py
[2025-01-28T22:50:00.540+0000] {processor.py:914} INFO - Processing file /home/airflow/.local/lib/python3.12/site-packages/airflow/example_dags/example_branch_labels.py for tasks to queue
[2025-01-28T22:50:00.543+0000] {logging_mixin.py:190} INFO - [2025-01-28T22:50:00.542+0000] {dagbag.py:588} INFO - Filling up the DagBag from /home/airflow/.local/lib/python3.12/site-packages/airflow/example_dags/example_branch_labels.py
[2025-01-28T22:50:00.552+0000] {processor.py:925} INFO - DAG(s) 'example_branch_labels' retrieved from /home/airflow/.local/lib/python3.12/site-packages/airflow/example_dags/example_branch_labels.py
[2025-01-28T22:50:00.570+0000] {logging_mixin.py:190} INFO - [2025-01-28T22:50:00.570+0000] {dag.py:3239} INFO - Sync 1 DAGs
[2025-01-28T22:50:00.590+0000] {logging_mixin.py:190} INFO - [2025-01-28T22:50:00.590+0000] {dag.py:4180} INFO - Setting next_dagrun for example_branch_labels to 2025-01-27 00:00:00+00:00, run_after=2025-01-28 00:00:00+00:00
[2025-01-28T22:50:00.605+0000] {processor.py:208} INFO - Processing /home/airflow/.local/lib/python3.12/site-packages/airflow/example_dags/example_branch_labels.py took 0.072 seconds
[2025-01-28T22:50:31.179+0000] {processor.py:186} INFO - Started process (PID=70188) to work on /home/airflow/.local/lib/python3.12/site-packages/airflow/example_dags/example_branch_labels.py
[2025-01-28T22:50:31.180+0000] {processor.py:914} INFO - Processing file /home/airflow/.local/lib/python3.12/site-packages/airflow/example_dags/example_branch_labels.py for tasks to queue
[2025-01-28T22:50:31.183+0000] {logging_mixin.py:190} INFO - [2025-01-28T22:50:31.182+0000] {dagbag.py:588} INFO - Filling up the DagBag from /home/airflow/.local/lib/python3.12/site-packages/airflow/example_dags/example_branch_labels.py
[2025-01-28T22:50:31.194+0000] {processor.py:925} INFO - DAG(s) 'example_branch_labels' retrieved from /home/airflow/.local/lib/python3.12/site-packages/airflow/example_dags/example_branch_labels.py
[2025-01-28T22:50:31.219+0000] {logging_mixin.py:190} INFO - [2025-01-28T22:50:31.218+0000] {dag.py:3239} INFO - Sync 1 DAGs
[2025-01-28T22:50:31.244+0000] {logging_mixin.py:190} INFO - [2025-01-28T22:50:31.243+0000] {dag.py:4180} INFO - Setting next_dagrun for example_branch_labels to 2025-01-27 00:00:00+00:00, run_after=2025-01-28 00:00:00+00:00
[2025-01-28T22:50:31.268+0000] {processor.py:208} INFO - Processing /home/airflow/.local/lib/python3.12/site-packages/airflow/example_dags/example_branch_labels.py took 0.095 seconds
[2025-01-28T22:51:01.943+0000] {processor.py:186} INFO - Started process (PID=70484) to work on /home/airflow/.local/lib/python3.12/site-packages/airflow/example_dags/example_branch_labels.py
[2025-01-28T22:51:01.945+0000] {processor.py:914} INFO - Processing file /home/airflow/.local/lib/python3.12/site-packages/airflow/example_dags/example_branch_labels.py for tasks to queue
[2025-01-28T22:51:01.950+0000] {logging_mixin.py:190} INFO - [2025-01-28T22:51:01.949+0000] {dagbag.py:588} INFO - Filling up the DagBag from /home/airflow/.local/lib/python3.12/site-packages/airflow/example_dags/example_branch_labels.py
[2025-01-28T22:51:01.972+0000] {processor.py:925} INFO - DAG(s) 'example_branch_labels' retrieved from /home/airflow/.local/lib/python3.12/site-packages/airflow/example_dags/example_branch_labels.py
[2025-01-28T22:51:02.027+0000] {logging_mixin.py:190} INFO - [2025-01-28T22:51:02.027+0000] {dag.py:3239} INFO - Sync 1 DAGs
[2025-01-28T22:51:02.057+0000] {logging_mixin.py:190} INFO - [2025-01-28T22:51:02.056+0000] {dag.py:4180} INFO - Setting next_dagrun for example_branch_labels to 2025-01-27 00:00:00+00:00, run_after=2025-01-28 00:00:00+00:00
[2025-01-28T22:51:02.079+0000] {processor.py:208} INFO - Processing /home/airflow/.local/lib/python3.12/site-packages/airflow/example_dags/example_branch_labels.py took 0.144 seconds
[2025-01-28T22:51:32.213+0000] {processor.py:186} INFO - Started process (PID=70782) to work on /home/airflow/.local/lib/python3.12/site-packages/airflow/example_dags/example_branch_labels.py
[2025-01-28T22:51:32.214+0000] {processor.py:914} INFO - Processing file /home/airflow/.local/lib/python3.12/site-packages/airflow/example_dags/example_branch_labels.py for tasks to queue
[2025-01-28T22:51:32.217+0000] {logging_mixin.py:190} INFO - [2025-01-28T22:51:32.216+0000] {dagbag.py:588} INFO - Filling up the DagBag from /home/airflow/.local/lib/python3.12/site-packages/airflow/example_dags/example_branch_labels.py
[2025-01-28T22:51:32.228+0000] {processor.py:925} INFO - DAG(s) 'example_branch_labels' retrieved from /home/airflow/.local/lib/python3.12/site-packages/airflow/example_dags/example_branch_labels.py
[2025-01-28T22:51:32.250+0000] {logging_mixin.py:190} INFO - [2025-01-28T22:51:32.249+0000] {dag.py:3239} INFO - Sync 1 DAGs
[2025-01-28T22:51:32.275+0000] {logging_mixin.py:190} INFO - [2025-01-28T22:51:32.274+0000] {dag.py:4180} INFO - Setting next_dagrun for example_branch_labels to 2025-01-27 00:00:00+00:00, run_after=2025-01-28 00:00:00+00:00
[2025-01-28T22:51:32.294+0000] {processor.py:208} INFO - Processing /home/airflow/.local/lib/python3.12/site-packages/airflow/example_dags/example_branch_labels.py took 0.088 seconds
[2025-01-28T22:52:03.485+0000] {processor.py:186} INFO - Started process (PID=71077) to work on /home/airflow/.local/lib/python3.12/site-packages/airflow/example_dags/example_branch_labels.py
[2025-01-28T22:52:03.495+0000] {processor.py:914} INFO - Processing file /home/airflow/.local/lib/python3.12/site-packages/airflow/example_dags/example_branch_labels.py for tasks to queue
[2025-01-28T22:52:03.500+0000] {logging_mixin.py:190} INFO - [2025-01-28T22:52:03.499+0000] {dagbag.py:588} INFO - Filling up the DagBag from /home/airflow/.local/lib/python3.12/site-packages/airflow/example_dags/example_branch_labels.py
[2025-01-28T22:52:03.524+0000] {processor.py:925} INFO - DAG(s) 'example_branch_labels' retrieved from /home/airflow/.local/lib/python3.12/site-packages/airflow/example_dags/example_branch_labels.py
[2025-01-28T22:52:03.582+0000] {logging_mixin.py:190} INFO - [2025-01-28T22:52:03.582+0000] {dag.py:3239} INFO - Sync 1 DAGs
[2025-01-28T22:52:03.662+0000] {logging_mixin.py:190} INFO - [2025-01-28T22:52:03.662+0000] {dag.py:4180} INFO - Setting next_dagrun for example_branch_labels to 2025-01-27 00:00:00+00:00, run_after=2025-01-28 00:00:00+00:00
[2025-01-28T22:52:03.773+0000] {processor.py:208} INFO - Processing /home/airflow/.local/lib/python3.12/site-packages/airflow/example_dags/example_branch_labels.py took 0.297 seconds
[2025-01-28T22:52:35.673+0000] {processor.py:186} INFO - Started process (PID=71375) to work on /home/airflow/.local/lib/python3.12/site-packages/airflow/example_dags/example_branch_labels.py
[2025-01-28T22:52:35.678+0000] {processor.py:914} INFO - Processing file /home/airflow/.local/lib/python3.12/site-packages/airflow/example_dags/example_branch_labels.py for tasks to queue
[2025-01-28T22:52:35.683+0000] {logging_mixin.py:190} INFO - [2025-01-28T22:52:35.682+0000] {dagbag.py:588} INFO - Filling up the DagBag from /home/airflow/.local/lib/python3.12/site-packages/airflow/example_dags/example_branch_labels.py
[2025-01-28T22:52:35.719+0000] {processor.py:925} INFO - DAG(s) 'example_branch_labels' retrieved from /home/airflow/.local/lib/python3.12/site-packages/airflow/example_dags/example_branch_labels.py
[2025-01-28T22:52:35.760+0000] {logging_mixin.py:190} INFO - [2025-01-28T22:52:35.759+0000] {dag.py:3239} INFO - Sync 1 DAGs
[2025-01-28T22:52:35.853+0000] {logging_mixin.py:190} INFO - [2025-01-28T22:52:35.853+0000] {dag.py:4180} INFO - Setting next_dagrun for example_branch_labels to 2025-01-27 00:00:00+00:00, run_after=2025-01-28 00:00:00+00:00
[2025-01-28T22:52:35.918+0000] {processor.py:208} INFO - Processing /home/airflow/.local/lib/python3.12/site-packages/airflow/example_dags/example_branch_labels.py took 0.260 seconds
[2025-01-28T22:53:11.199+0000] {processor.py:186} INFO - Started process (PID=71669) to work on /home/airflow/.local/lib/python3.12/site-packages/airflow/example_dags/example_branch_labels.py
[2025-01-28T22:53:11.201+0000] {processor.py:914} INFO - Processing file /home/airflow/.local/lib/python3.12/site-packages/airflow/example_dags/example_branch_labels.py for tasks to queue
[2025-01-28T22:53:11.210+0000] {logging_mixin.py:190} INFO - [2025-01-28T22:53:11.209+0000] {dagbag.py:588} INFO - Filling up the DagBag from /home/airflow/.local/lib/python3.12/site-packages/airflow/example_dags/example_branch_labels.py
[2025-01-28T22:53:11.248+0000] {processor.py:925} INFO - DAG(s) 'example_branch_labels' retrieved from /home/airflow/.local/lib/python3.12/site-packages/airflow/example_dags/example_branch_labels.py
[2025-01-28T22:53:11.289+0000] {logging_mixin.py:190} INFO - [2025-01-28T22:53:11.288+0000] {dag.py:3239} INFO - Sync 1 DAGs
[2025-01-28T22:53:11.925+0000] {logging_mixin.py:190} INFO - [2025-01-28T22:53:11.924+0000] {dag.py:4180} INFO - Setting next_dagrun for example_branch_labels to 2025-01-27 00:00:00+00:00, run_after=2025-01-28 00:00:00+00:00
[2025-01-28T22:53:11.982+0000] {processor.py:208} INFO - Processing /home/airflow/.local/lib/python3.12/site-packages/airflow/example_dags/example_branch_labels.py took 0.802 seconds
