[2025-01-28T22:42:53.623+0000] {processor.py:186} INFO - Started process (PID=65746) to work on /home/airflow/.local/lib/python3.12/site-packages/airflow/example_dags/example_task_group_decorator.py
[2025-01-28T22:42:53.625+0000] {processor.py:914} INFO - Processing file /home/airflow/.local/lib/python3.12/site-packages/airflow/example_dags/example_task_group_decorator.py for tasks to queue
[2025-01-28T22:42:53.630+0000] {logging_mixin.py:190} INFO - [2025-01-28T22:42:53.630+0000] {dagbag.py:588} INFO - Filling up the DagBag from /home/airflow/.local/lib/python3.12/site-packages/airflow/example_dags/example_task_group_decorator.py
[2025-01-28T22:42:53.655+0000] {processor.py:925} INFO - DAG(s) 'example_task_group_decorator' retrieved from /home/airflow/.local/lib/python3.12/site-packages/airflow/example_dags/example_task_group_decorator.py
[2025-01-28T22:42:53.696+0000] {logging_mixin.py:190} INFO - [2025-01-28T22:42:53.696+0000] {dag.py:3239} INFO - Sync 1 DAGs
[2025-01-28T22:42:53.716+0000] {logging_mixin.py:190} INFO - [2025-01-28T22:42:53.716+0000] {dag.py:4180} INFO - Setting next_dagrun for example_task_group_decorator to None, run_after=None
[2025-01-28T22:42:53.752+0000] {processor.py:208} INFO - Processing /home/airflow/.local/lib/python3.12/site-packages/airflow/example_dags/example_task_group_decorator.py took 0.136 seconds
[2025-01-28T22:43:23.981+0000] {processor.py:186} INFO - Started process (PID=66041) to work on /home/airflow/.local/lib/python3.12/site-packages/airflow/example_dags/example_task_group_decorator.py
[2025-01-28T22:43:23.983+0000] {processor.py:914} INFO - Processing file /home/airflow/.local/lib/python3.12/site-packages/airflow/example_dags/example_task_group_decorator.py for tasks to queue
[2025-01-28T22:43:23.990+0000] {logging_mixin.py:190} INFO - [2025-01-28T22:43:23.988+0000] {dagbag.py:588} INFO - Filling up the DagBag from /home/airflow/.local/lib/python3.12/site-packages/airflow/example_dags/example_task_group_decorator.py
[2025-01-28T22:43:24.027+0000] {processor.py:925} INFO - DAG(s) 'example_task_group_decorator' retrieved from /home/airflow/.local/lib/python3.12/site-packages/airflow/example_dags/example_task_group_decorator.py
[2025-01-28T22:43:24.079+0000] {logging_mixin.py:190} INFO - [2025-01-28T22:43:24.078+0000] {dag.py:3239} INFO - Sync 1 DAGs
[2025-01-28T22:43:24.104+0000] {logging_mixin.py:190} INFO - [2025-01-28T22:43:24.103+0000] {dag.py:4180} INFO - Setting next_dagrun for example_task_group_decorator to None, run_after=None
[2025-01-28T22:43:24.141+0000] {processor.py:208} INFO - Processing /home/airflow/.local/lib/python3.12/site-packages/airflow/example_dags/example_task_group_decorator.py took 0.167 seconds
[2025-01-28T22:43:54.327+0000] {processor.py:186} INFO - Started process (PID=66337) to work on /home/airflow/.local/lib/python3.12/site-packages/airflow/example_dags/example_task_group_decorator.py
[2025-01-28T22:43:54.328+0000] {processor.py:914} INFO - Processing file /home/airflow/.local/lib/python3.12/site-packages/airflow/example_dags/example_task_group_decorator.py for tasks to queue
[2025-01-28T22:43:54.331+0000] {logging_mixin.py:190} INFO - [2025-01-28T22:43:54.331+0000] {dagbag.py:588} INFO - Filling up the DagBag from /home/airflow/.local/lib/python3.12/site-packages/airflow/example_dags/example_task_group_decorator.py
[2025-01-28T22:43:54.345+0000] {processor.py:925} INFO - DAG(s) 'example_task_group_decorator' retrieved from /home/airflow/.local/lib/python3.12/site-packages/airflow/example_dags/example_task_group_decorator.py
[2025-01-28T22:43:54.369+0000] {logging_mixin.py:190} INFO - [2025-01-28T22:43:54.368+0000] {dag.py:3239} INFO - Sync 1 DAGs
[2025-01-28T22:43:54.383+0000] {logging_mixin.py:190} INFO - [2025-01-28T22:43:54.383+0000] {dag.py:4180} INFO - Setting next_dagrun for example_task_group_decorator to None, run_after=None
[2025-01-28T22:43:54.401+0000] {processor.py:208} INFO - Processing /home/airflow/.local/lib/python3.12/site-packages/airflow/example_dags/example_task_group_decorator.py took 0.081 seconds
[2025-01-28T22:44:25.048+0000] {processor.py:186} INFO - Started process (PID=66639) to work on /home/airflow/.local/lib/python3.12/site-packages/airflow/example_dags/example_task_group_decorator.py
[2025-01-28T22:44:25.049+0000] {processor.py:914} INFO - Processing file /home/airflow/.local/lib/python3.12/site-packages/airflow/example_dags/example_task_group_decorator.py for tasks to queue
[2025-01-28T22:44:25.052+0000] {logging_mixin.py:190} INFO - [2025-01-28T22:44:25.052+0000] {dagbag.py:588} INFO - Filling up the DagBag from /home/airflow/.local/lib/python3.12/site-packages/airflow/example_dags/example_task_group_decorator.py
[2025-01-28T22:44:25.067+0000] {processor.py:925} INFO - DAG(s) 'example_task_group_decorator' retrieved from /home/airflow/.local/lib/python3.12/site-packages/airflow/example_dags/example_task_group_decorator.py
[2025-01-28T22:44:25.090+0000] {logging_mixin.py:190} INFO - [2025-01-28T22:44:25.090+0000] {dag.py:3239} INFO - Sync 1 DAGs
[2025-01-28T22:44:25.105+0000] {logging_mixin.py:190} INFO - [2025-01-28T22:44:25.104+0000] {dag.py:4180} INFO - Setting next_dagrun for example_task_group_decorator to None, run_after=None
[2025-01-28T22:44:25.130+0000] {processor.py:208} INFO - Processing /home/airflow/.local/lib/python3.12/site-packages/airflow/example_dags/example_task_group_decorator.py took 0.089 seconds
[2025-01-28T22:44:55.867+0000] {processor.py:186} INFO - Started process (PID=66945) to work on /home/airflow/.local/lib/python3.12/site-packages/airflow/example_dags/example_task_group_decorator.py
[2025-01-28T22:44:55.868+0000] {processor.py:914} INFO - Processing file /home/airflow/.local/lib/python3.12/site-packages/airflow/example_dags/example_task_group_decorator.py for tasks to queue
[2025-01-28T22:44:55.870+0000] {logging_mixin.py:190} INFO - [2025-01-28T22:44:55.870+0000] {dagbag.py:588} INFO - Filling up the DagBag from /home/airflow/.local/lib/python3.12/site-packages/airflow/example_dags/example_task_group_decorator.py
[2025-01-28T22:44:55.885+0000] {processor.py:925} INFO - DAG(s) 'example_task_group_decorator' retrieved from /home/airflow/.local/lib/python3.12/site-packages/airflow/example_dags/example_task_group_decorator.py
[2025-01-28T22:44:55.908+0000] {logging_mixin.py:190} INFO - [2025-01-28T22:44:55.908+0000] {dag.py:3239} INFO - Sync 1 DAGs
[2025-01-28T22:44:55.920+0000] {logging_mixin.py:190} INFO - [2025-01-28T22:44:55.919+0000] {dag.py:4180} INFO - Setting next_dagrun for example_task_group_decorator to None, run_after=None
[2025-01-28T22:44:55.939+0000] {processor.py:208} INFO - Processing /home/airflow/.local/lib/python3.12/site-packages/airflow/example_dags/example_task_group_decorator.py took 0.078 seconds
[2025-01-28T22:45:26.847+0000] {processor.py:186} INFO - Started process (PID=67251) to work on /home/airflow/.local/lib/python3.12/site-packages/airflow/example_dags/example_task_group_decorator.py
[2025-01-28T22:45:26.848+0000] {processor.py:914} INFO - Processing file /home/airflow/.local/lib/python3.12/site-packages/airflow/example_dags/example_task_group_decorator.py for tasks to queue
[2025-01-28T22:45:26.851+0000] {logging_mixin.py:190} INFO - [2025-01-28T22:45:26.851+0000] {dagbag.py:588} INFO - Filling up the DagBag from /home/airflow/.local/lib/python3.12/site-packages/airflow/example_dags/example_task_group_decorator.py
[2025-01-28T22:45:26.879+0000] {processor.py:925} INFO - DAG(s) 'example_task_group_decorator' retrieved from /home/airflow/.local/lib/python3.12/site-packages/airflow/example_dags/example_task_group_decorator.py
[2025-01-28T22:45:26.917+0000] {logging_mixin.py:190} INFO - [2025-01-28T22:45:26.916+0000] {dag.py:3239} INFO - Sync 1 DAGs
[2025-01-28T22:45:26.938+0000] {logging_mixin.py:190} INFO - [2025-01-28T22:45:26.937+0000] {dag.py:4180} INFO - Setting next_dagrun for example_task_group_decorator to None, run_after=None
[2025-01-28T22:45:26.968+0000] {processor.py:208} INFO - Processing /home/airflow/.local/lib/python3.12/site-packages/airflow/example_dags/example_task_group_decorator.py took 0.139 seconds
[2025-01-28T22:45:57.106+0000] {processor.py:186} INFO - Started process (PID=67542) to work on /home/airflow/.local/lib/python3.12/site-packages/airflow/example_dags/example_task_group_decorator.py
[2025-01-28T22:45:57.107+0000] {processor.py:914} INFO - Processing file /home/airflow/.local/lib/python3.12/site-packages/airflow/example_dags/example_task_group_decorator.py for tasks to queue
[2025-01-28T22:45:57.111+0000] {logging_mixin.py:190} INFO - [2025-01-28T22:45:57.110+0000] {dagbag.py:588} INFO - Filling up the DagBag from /home/airflow/.local/lib/python3.12/site-packages/airflow/example_dags/example_task_group_decorator.py
[2025-01-28T22:45:57.138+0000] {processor.py:925} INFO - DAG(s) 'example_task_group_decorator' retrieved from /home/airflow/.local/lib/python3.12/site-packages/airflow/example_dags/example_task_group_decorator.py
[2025-01-28T22:45:57.184+0000] {logging_mixin.py:190} INFO - [2025-01-28T22:45:57.183+0000] {dag.py:3239} INFO - Sync 1 DAGs
[2025-01-28T22:45:57.203+0000] {logging_mixin.py:190} INFO - [2025-01-28T22:45:57.202+0000] {dag.py:4180} INFO - Setting next_dagrun for example_task_group_decorator to None, run_after=None
[2025-01-28T22:45:57.239+0000] {processor.py:208} INFO - Processing /home/airflow/.local/lib/python3.12/site-packages/airflow/example_dags/example_task_group_decorator.py took 0.141 seconds
[2025-01-28T22:46:27.331+0000] {processor.py:186} INFO - Started process (PID=67838) to work on /home/airflow/.local/lib/python3.12/site-packages/airflow/example_dags/example_task_group_decorator.py
[2025-01-28T22:46:27.332+0000] {processor.py:914} INFO - Processing file /home/airflow/.local/lib/python3.12/site-packages/airflow/example_dags/example_task_group_decorator.py for tasks to queue
[2025-01-28T22:46:27.335+0000] {logging_mixin.py:190} INFO - [2025-01-28T22:46:27.334+0000] {dagbag.py:588} INFO - Filling up the DagBag from /home/airflow/.local/lib/python3.12/site-packages/airflow/example_dags/example_task_group_decorator.py
[2025-01-28T22:46:27.348+0000] {processor.py:925} INFO - DAG(s) 'example_task_group_decorator' retrieved from /home/airflow/.local/lib/python3.12/site-packages/airflow/example_dags/example_task_group_decorator.py
[2025-01-28T22:46:27.374+0000] {logging_mixin.py:190} INFO - [2025-01-28T22:46:27.374+0000] {dag.py:3239} INFO - Sync 1 DAGs
[2025-01-28T22:46:27.388+0000] {logging_mixin.py:190} INFO - [2025-01-28T22:46:27.388+0000] {dag.py:4180} INFO - Setting next_dagrun for example_task_group_decorator to None, run_after=None
[2025-01-28T22:46:27.408+0000] {processor.py:208} INFO - Processing /home/airflow/.local/lib/python3.12/site-packages/airflow/example_dags/example_task_group_decorator.py took 0.082 seconds
[2025-01-28T22:46:57.466+0000] {processor.py:186} INFO - Started process (PID=68131) to work on /home/airflow/.local/lib/python3.12/site-packages/airflow/example_dags/example_task_group_decorator.py
[2025-01-28T22:46:57.467+0000] {processor.py:914} INFO - Processing file /home/airflow/.local/lib/python3.12/site-packages/airflow/example_dags/example_task_group_decorator.py for tasks to queue
[2025-01-28T22:46:57.470+0000] {logging_mixin.py:190} INFO - [2025-01-28T22:46:57.469+0000] {dagbag.py:588} INFO - Filling up the DagBag from /home/airflow/.local/lib/python3.12/site-packages/airflow/example_dags/example_task_group_decorator.py
[2025-01-28T22:46:57.483+0000] {processor.py:925} INFO - DAG(s) 'example_task_group_decorator' retrieved from /home/airflow/.local/lib/python3.12/site-packages/airflow/example_dags/example_task_group_decorator.py
[2025-01-28T22:46:57.509+0000] {logging_mixin.py:190} INFO - [2025-01-28T22:46:57.509+0000] {dag.py:3239} INFO - Sync 1 DAGs
[2025-01-28T22:46:57.526+0000] {logging_mixin.py:190} INFO - [2025-01-28T22:46:57.526+0000] {dag.py:4180} INFO - Setting next_dagrun for example_task_group_decorator to None, run_after=None
[2025-01-28T22:46:57.548+0000] {processor.py:208} INFO - Processing /home/airflow/.local/lib/python3.12/site-packages/airflow/example_dags/example_task_group_decorator.py took 0.087 seconds
[2025-01-28T22:47:27.824+0000] {processor.py:186} INFO - Started process (PID=68425) to work on /home/airflow/.local/lib/python3.12/site-packages/airflow/example_dags/example_task_group_decorator.py
[2025-01-28T22:47:27.825+0000] {processor.py:914} INFO - Processing file /home/airflow/.local/lib/python3.12/site-packages/airflow/example_dags/example_task_group_decorator.py for tasks to queue
[2025-01-28T22:47:27.827+0000] {logging_mixin.py:190} INFO - [2025-01-28T22:47:27.827+0000] {dagbag.py:588} INFO - Filling up the DagBag from /home/airflow/.local/lib/python3.12/site-packages/airflow/example_dags/example_task_group_decorator.py
[2025-01-28T22:47:27.841+0000] {processor.py:925} INFO - DAG(s) 'example_task_group_decorator' retrieved from /home/airflow/.local/lib/python3.12/site-packages/airflow/example_dags/example_task_group_decorator.py
[2025-01-28T22:47:27.864+0000] {logging_mixin.py:190} INFO - [2025-01-28T22:47:27.864+0000] {dag.py:3239} INFO - Sync 1 DAGs
[2025-01-28T22:47:27.876+0000] {logging_mixin.py:190} INFO - [2025-01-28T22:47:27.875+0000] {dag.py:4180} INFO - Setting next_dagrun for example_task_group_decorator to None, run_after=None
[2025-01-28T22:47:27.900+0000] {processor.py:208} INFO - Processing /home/airflow/.local/lib/python3.12/site-packages/airflow/example_dags/example_task_group_decorator.py took 0.082 seconds
[2025-01-28T22:47:58.250+0000] {processor.py:186} INFO - Started process (PID=68721) to work on /home/airflow/.local/lib/python3.12/site-packages/airflow/example_dags/example_task_group_decorator.py
[2025-01-28T22:47:58.251+0000] {processor.py:914} INFO - Processing file /home/airflow/.local/lib/python3.12/site-packages/airflow/example_dags/example_task_group_decorator.py for tasks to queue
[2025-01-28T22:47:58.254+0000] {logging_mixin.py:190} INFO - [2025-01-28T22:47:58.254+0000] {dagbag.py:588} INFO - Filling up the DagBag from /home/airflow/.local/lib/python3.12/site-packages/airflow/example_dags/example_task_group_decorator.py
[2025-01-28T22:47:58.269+0000] {processor.py:925} INFO - DAG(s) 'example_task_group_decorator' retrieved from /home/airflow/.local/lib/python3.12/site-packages/airflow/example_dags/example_task_group_decorator.py
[2025-01-28T22:47:58.290+0000] {logging_mixin.py:190} INFO - [2025-01-28T22:47:58.290+0000] {dag.py:3239} INFO - Sync 1 DAGs
[2025-01-28T22:47:58.302+0000] {logging_mixin.py:190} INFO - [2025-01-28T22:47:58.301+0000] {dag.py:4180} INFO - Setting next_dagrun for example_task_group_decorator to None, run_after=None
[2025-01-28T22:47:58.318+0000] {processor.py:208} INFO - Processing /home/airflow/.local/lib/python3.12/site-packages/airflow/example_dags/example_task_group_decorator.py took 0.074 seconds
[2025-01-28T22:48:28.969+0000] {processor.py:186} INFO - Started process (PID=69017) to work on /home/airflow/.local/lib/python3.12/site-packages/airflow/example_dags/example_task_group_decorator.py
[2025-01-28T22:48:28.970+0000] {processor.py:914} INFO - Processing file /home/airflow/.local/lib/python3.12/site-packages/airflow/example_dags/example_task_group_decorator.py for tasks to queue
[2025-01-28T22:48:28.973+0000] {logging_mixin.py:190} INFO - [2025-01-28T22:48:28.973+0000] {dagbag.py:588} INFO - Filling up the DagBag from /home/airflow/.local/lib/python3.12/site-packages/airflow/example_dags/example_task_group_decorator.py
[2025-01-28T22:48:28.994+0000] {processor.py:925} INFO - DAG(s) 'example_task_group_decorator' retrieved from /home/airflow/.local/lib/python3.12/site-packages/airflow/example_dags/example_task_group_decorator.py
[2025-01-28T22:48:29.030+0000] {logging_mixin.py:190} INFO - [2025-01-28T22:48:29.030+0000] {dag.py:3239} INFO - Sync 1 DAGs
[2025-01-28T22:48:29.044+0000] {logging_mixin.py:190} INFO - [2025-01-28T22:48:29.044+0000] {dag.py:4180} INFO - Setting next_dagrun for example_task_group_decorator to None, run_after=None
[2025-01-28T22:48:29.061+0000] {processor.py:208} INFO - Processing /home/airflow/.local/lib/python3.12/site-packages/airflow/example_dags/example_task_group_decorator.py took 0.101 seconds
[2025-01-28T22:48:59.403+0000] {processor.py:186} INFO - Started process (PID=69313) to work on /home/airflow/.local/lib/python3.12/site-packages/airflow/example_dags/example_task_group_decorator.py
[2025-01-28T22:48:59.405+0000] {processor.py:914} INFO - Processing file /home/airflow/.local/lib/python3.12/site-packages/airflow/example_dags/example_task_group_decorator.py for tasks to queue
[2025-01-28T22:48:59.407+0000] {logging_mixin.py:190} INFO - [2025-01-28T22:48:59.407+0000] {dagbag.py:588} INFO - Filling up the DagBag from /home/airflow/.local/lib/python3.12/site-packages/airflow/example_dags/example_task_group_decorator.py
[2025-01-28T22:48:59.426+0000] {processor.py:925} INFO - DAG(s) 'example_task_group_decorator' retrieved from /home/airflow/.local/lib/python3.12/site-packages/airflow/example_dags/example_task_group_decorator.py
[2025-01-28T22:48:59.450+0000] {logging_mixin.py:190} INFO - [2025-01-28T22:48:59.450+0000] {dag.py:3239} INFO - Sync 1 DAGs
[2025-01-28T22:48:59.471+0000] {logging_mixin.py:190} INFO - [2025-01-28T22:48:59.471+0000] {dag.py:4180} INFO - Setting next_dagrun for example_task_group_decorator to None, run_after=None
[2025-01-28T22:48:59.494+0000] {processor.py:208} INFO - Processing /home/airflow/.local/lib/python3.12/site-packages/airflow/example_dags/example_task_group_decorator.py took 0.097 seconds
[2025-01-28T22:49:30.164+0000] {processor.py:186} INFO - Started process (PID=69610) to work on /home/airflow/.local/lib/python3.12/site-packages/airflow/example_dags/example_task_group_decorator.py
[2025-01-28T22:49:30.165+0000] {processor.py:914} INFO - Processing file /home/airflow/.local/lib/python3.12/site-packages/airflow/example_dags/example_task_group_decorator.py for tasks to queue
[2025-01-28T22:49:30.168+0000] {logging_mixin.py:190} INFO - [2025-01-28T22:49:30.168+0000] {dagbag.py:588} INFO - Filling up the DagBag from /home/airflow/.local/lib/python3.12/site-packages/airflow/example_dags/example_task_group_decorator.py
[2025-01-28T22:49:30.186+0000] {processor.py:925} INFO - DAG(s) 'example_task_group_decorator' retrieved from /home/airflow/.local/lib/python3.12/site-packages/airflow/example_dags/example_task_group_decorator.py
[2025-01-28T22:49:30.209+0000] {logging_mixin.py:190} INFO - [2025-01-28T22:49:30.208+0000] {dag.py:3239} INFO - Sync 1 DAGs
[2025-01-28T22:49:30.223+0000] {logging_mixin.py:190} INFO - [2025-01-28T22:49:30.223+0000] {dag.py:4180} INFO - Setting next_dagrun for example_task_group_decorator to None, run_after=None
[2025-01-28T22:49:30.244+0000] {processor.py:208} INFO - Processing /home/airflow/.local/lib/python3.12/site-packages/airflow/example_dags/example_task_group_decorator.py took 0.086 seconds
[2025-01-28T22:50:00.672+0000] {processor.py:186} INFO - Started process (PID=69907) to work on /home/airflow/.local/lib/python3.12/site-packages/airflow/example_dags/example_task_group_decorator.py
[2025-01-28T22:50:00.673+0000] {processor.py:914} INFO - Processing file /home/airflow/.local/lib/python3.12/site-packages/airflow/example_dags/example_task_group_decorator.py for tasks to queue
[2025-01-28T22:50:00.675+0000] {logging_mixin.py:190} INFO - [2025-01-28T22:50:00.675+0000] {dagbag.py:588} INFO - Filling up the DagBag from /home/airflow/.local/lib/python3.12/site-packages/airflow/example_dags/example_task_group_decorator.py
[2025-01-28T22:50:00.689+0000] {processor.py:925} INFO - DAG(s) 'example_task_group_decorator' retrieved from /home/airflow/.local/lib/python3.12/site-packages/airflow/example_dags/example_task_group_decorator.py
[2025-01-28T22:50:00.711+0000] {logging_mixin.py:190} INFO - [2025-01-28T22:50:00.710+0000] {dag.py:3239} INFO - Sync 1 DAGs
[2025-01-28T22:50:00.724+0000] {logging_mixin.py:190} INFO - [2025-01-28T22:50:00.724+0000] {dag.py:4180} INFO - Setting next_dagrun for example_task_group_decorator to None, run_after=None
[2025-01-28T22:50:00.742+0000] {processor.py:208} INFO - Processing /home/airflow/.local/lib/python3.12/site-packages/airflow/example_dags/example_task_group_decorator.py took 0.076 seconds
[2025-01-28T22:50:31.394+0000] {processor.py:186} INFO - Started process (PID=70203) to work on /home/airflow/.local/lib/python3.12/site-packages/airflow/example_dags/example_task_group_decorator.py
[2025-01-28T22:50:31.396+0000] {processor.py:914} INFO - Processing file /home/airflow/.local/lib/python3.12/site-packages/airflow/example_dags/example_task_group_decorator.py for tasks to queue
[2025-01-28T22:50:31.400+0000] {logging_mixin.py:190} INFO - [2025-01-28T22:50:31.399+0000] {dagbag.py:588} INFO - Filling up the DagBag from /home/airflow/.local/lib/python3.12/site-packages/airflow/example_dags/example_task_group_decorator.py
[2025-01-28T22:50:31.421+0000] {processor.py:925} INFO - DAG(s) 'example_task_group_decorator' retrieved from /home/airflow/.local/lib/python3.12/site-packages/airflow/example_dags/example_task_group_decorator.py
[2025-01-28T22:50:31.449+0000] {logging_mixin.py:190} INFO - [2025-01-28T22:50:31.449+0000] {dag.py:3239} INFO - Sync 1 DAGs
[2025-01-28T22:50:31.466+0000] {logging_mixin.py:190} INFO - [2025-01-28T22:50:31.465+0000] {dag.py:4180} INFO - Setting next_dagrun for example_task_group_decorator to None, run_after=None
[2025-01-28T22:50:31.486+0000] {processor.py:208} INFO - Processing /home/airflow/.local/lib/python3.12/site-packages/airflow/example_dags/example_task_group_decorator.py took 0.099 seconds
[2025-01-28T22:51:02.184+0000] {processor.py:186} INFO - Started process (PID=70499) to work on /home/airflow/.local/lib/python3.12/site-packages/airflow/example_dags/example_task_group_decorator.py
[2025-01-28T22:51:02.185+0000] {processor.py:914} INFO - Processing file /home/airflow/.local/lib/python3.12/site-packages/airflow/example_dags/example_task_group_decorator.py for tasks to queue
[2025-01-28T22:51:02.188+0000] {logging_mixin.py:190} INFO - [2025-01-28T22:51:02.188+0000] {dagbag.py:588} INFO - Filling up the DagBag from /home/airflow/.local/lib/python3.12/site-packages/airflow/example_dags/example_task_group_decorator.py
[2025-01-28T22:51:02.209+0000] {processor.py:925} INFO - DAG(s) 'example_task_group_decorator' retrieved from /home/airflow/.local/lib/python3.12/site-packages/airflow/example_dags/example_task_group_decorator.py
[2025-01-28T22:51:02.243+0000] {logging_mixin.py:190} INFO - [2025-01-28T22:51:02.242+0000] {dag.py:3239} INFO - Sync 1 DAGs
[2025-01-28T22:51:02.261+0000] {logging_mixin.py:190} INFO - [2025-01-28T22:51:02.261+0000] {dag.py:4180} INFO - Setting next_dagrun for example_task_group_decorator to None, run_after=None
[2025-01-28T22:51:02.286+0000] {processor.py:208} INFO - Processing /home/airflow/.local/lib/python3.12/site-packages/airflow/example_dags/example_task_group_decorator.py took 0.109 seconds
[2025-01-28T22:51:32.452+0000] {processor.py:186} INFO - Started process (PID=70797) to work on /home/airflow/.local/lib/python3.12/site-packages/airflow/example_dags/example_task_group_decorator.py
[2025-01-28T22:51:32.453+0000] {processor.py:914} INFO - Processing file /home/airflow/.local/lib/python3.12/site-packages/airflow/example_dags/example_task_group_decorator.py for tasks to queue
[2025-01-28T22:51:32.455+0000] {logging_mixin.py:190} INFO - [2025-01-28T22:51:32.455+0000] {dagbag.py:588} INFO - Filling up the DagBag from /home/airflow/.local/lib/python3.12/site-packages/airflow/example_dags/example_task_group_decorator.py
[2025-01-28T22:51:32.472+0000] {processor.py:925} INFO - DAG(s) 'example_task_group_decorator' retrieved from /home/airflow/.local/lib/python3.12/site-packages/airflow/example_dags/example_task_group_decorator.py
[2025-01-28T22:51:32.497+0000] {logging_mixin.py:190} INFO - [2025-01-28T22:51:32.497+0000] {dag.py:3239} INFO - Sync 1 DAGs
[2025-01-28T22:51:32.512+0000] {logging_mixin.py:190} INFO - [2025-01-28T22:51:32.512+0000] {dag.py:4180} INFO - Setting next_dagrun for example_task_group_decorator to None, run_after=None
[2025-01-28T22:51:32.534+0000] {processor.py:208} INFO - Processing /home/airflow/.local/lib/python3.12/site-packages/airflow/example_dags/example_task_group_decorator.py took 0.089 seconds
[2025-01-28T22:52:04.091+0000] {processor.py:186} INFO - Started process (PID=71092) to work on /home/airflow/.local/lib/python3.12/site-packages/airflow/example_dags/example_task_group_decorator.py
[2025-01-28T22:52:04.094+0000] {processor.py:914} INFO - Processing file /home/airflow/.local/lib/python3.12/site-packages/airflow/example_dags/example_task_group_decorator.py for tasks to queue
[2025-01-28T22:52:04.105+0000] {logging_mixin.py:190} INFO - [2025-01-28T22:52:04.104+0000] {dagbag.py:588} INFO - Filling up the DagBag from /home/airflow/.local/lib/python3.12/site-packages/airflow/example_dags/example_task_group_decorator.py
[2025-01-28T22:52:04.163+0000] {processor.py:925} INFO - DAG(s) 'example_task_group_decorator' retrieved from /home/airflow/.local/lib/python3.12/site-packages/airflow/example_dags/example_task_group_decorator.py
[2025-01-28T22:52:04.268+0000] {logging_mixin.py:190} INFO - [2025-01-28T22:52:04.268+0000] {dag.py:3239} INFO - Sync 1 DAGs
[2025-01-28T22:52:04.315+0000] {logging_mixin.py:190} INFO - [2025-01-28T22:52:04.314+0000] {dag.py:4180} INFO - Setting next_dagrun for example_task_group_decorator to None, run_after=None
[2025-01-28T22:52:04.407+0000] {processor.py:208} INFO - Processing /home/airflow/.local/lib/python3.12/site-packages/airflow/example_dags/example_task_group_decorator.py took 0.333 seconds
[2025-01-28T22:52:36.896+0000] {processor.py:186} INFO - Started process (PID=71390) to work on /home/airflow/.local/lib/python3.12/site-packages/airflow/example_dags/example_task_group_decorator.py
[2025-01-28T22:52:36.899+0000] {processor.py:914} INFO - Processing file /home/airflow/.local/lib/python3.12/site-packages/airflow/example_dags/example_task_group_decorator.py for tasks to queue
[2025-01-28T22:52:36.911+0000] {logging_mixin.py:190} INFO - [2025-01-28T22:52:36.910+0000] {dagbag.py:588} INFO - Filling up the DagBag from /home/airflow/.local/lib/python3.12/site-packages/airflow/example_dags/example_task_group_decorator.py
[2025-01-28T22:52:36.969+0000] {processor.py:925} INFO - DAG(s) 'example_task_group_decorator' retrieved from /home/airflow/.local/lib/python3.12/site-packages/airflow/example_dags/example_task_group_decorator.py
[2025-01-28T22:52:37.049+0000] {logging_mixin.py:190} INFO - [2025-01-28T22:52:37.039+0000] {dag.py:3239} INFO - Sync 1 DAGs
[2025-01-28T22:52:37.110+0000] {logging_mixin.py:190} INFO - [2025-01-28T22:52:37.110+0000] {dag.py:4180} INFO - Setting next_dagrun for example_task_group_decorator to None, run_after=None
[2025-01-28T22:52:37.192+0000] {processor.py:208} INFO - Processing /home/airflow/.local/lib/python3.12/site-packages/airflow/example_dags/example_task_group_decorator.py took 0.305 seconds
[2025-01-28T22:53:12.594+0000] {processor.py:186} INFO - Started process (PID=71684) to work on /home/airflow/.local/lib/python3.12/site-packages/airflow/example_dags/example_task_group_decorator.py
[2025-01-28T22:53:12.596+0000] {processor.py:914} INFO - Processing file /home/airflow/.local/lib/python3.12/site-packages/airflow/example_dags/example_task_group_decorator.py for tasks to queue
[2025-01-28T22:53:12.605+0000] {logging_mixin.py:190} INFO - [2025-01-28T22:53:12.605+0000] {dagbag.py:588} INFO - Filling up the DagBag from /home/airflow/.local/lib/python3.12/site-packages/airflow/example_dags/example_task_group_decorator.py
[2025-01-28T22:53:12.636+0000] {processor.py:925} INFO - DAG(s) 'example_task_group_decorator' retrieved from /home/airflow/.local/lib/python3.12/site-packages/airflow/example_dags/example_task_group_decorator.py
[2025-01-28T22:53:12.682+0000] {logging_mixin.py:190} INFO - [2025-01-28T22:53:12.681+0000] {dag.py:3239} INFO - Sync 1 DAGs
[2025-01-28T22:53:12.914+0000] {logging_mixin.py:190} INFO - [2025-01-28T22:53:12.914+0000] {dag.py:4180} INFO - Setting next_dagrun for example_task_group_decorator to None, run_after=None
[2025-01-28T22:53:12.945+0000] {processor.py:208} INFO - Processing /home/airflow/.local/lib/python3.12/site-packages/airflow/example_dags/example_task_group_decorator.py took 0.366 seconds
