[2025-01-28T22:42:54.665+0000] {processor.py:186} INFO - Started process (PID=65806) to work on /home/airflow/.local/lib/python3.12/site-packages/airflow/example_dags/example_bash_operator.py
[2025-01-28T22:42:54.666+0000] {processor.py:914} INFO - Processing file /home/airflow/.local/lib/python3.12/site-packages/airflow/example_dags/example_bash_operator.py for tasks to queue
[2025-01-28T22:42:54.669+0000] {logging_mixin.py:190} INFO - [2025-01-28T22:42:54.669+0000] {dagbag.py:588} INFO - Filling up the DagBag from /home/airflow/.local/lib/python3.12/site-packages/airflow/example_dags/example_bash_operator.py
[2025-01-28T22:42:54.691+0000] {processor.py:925} INFO - DAG(s) 'example_bash_operator' retrieved from /home/airflow/.local/lib/python3.12/site-packages/airflow/example_dags/example_bash_operator.py
[2025-01-28T22:42:54.770+0000] {logging_mixin.py:190} INFO - [2025-01-28T22:42:54.765+0000] {dag.py:3239} INFO - Sync 1 DAGs
[2025-01-28T22:42:54.841+0000] {logging_mixin.py:190} INFO - [2025-01-28T22:42:54.841+0000] {dag.py:4180} INFO - Setting next_dagrun for example_bash_operator to 2025-01-27 00:00:00+00:00, run_after=2025-01-28 00:00:00+00:00
[2025-01-28T22:42:54.892+0000] {processor.py:208} INFO - Processing /home/airflow/.local/lib/python3.12/site-packages/airflow/example_dags/example_bash_operator.py took 0.234 seconds
[2025-01-28T22:43:25.103+0000] {processor.py:186} INFO - Started process (PID=66109) to work on /home/airflow/.local/lib/python3.12/site-packages/airflow/example_dags/example_bash_operator.py
[2025-01-28T22:43:25.104+0000] {processor.py:914} INFO - Processing file /home/airflow/.local/lib/python3.12/site-packages/airflow/example_dags/example_bash_operator.py for tasks to queue
[2025-01-28T22:43:25.106+0000] {logging_mixin.py:190} INFO - [2025-01-28T22:43:25.106+0000] {dagbag.py:588} INFO - Filling up the DagBag from /home/airflow/.local/lib/python3.12/site-packages/airflow/example_dags/example_bash_operator.py
[2025-01-28T22:43:25.116+0000] {processor.py:925} INFO - DAG(s) 'example_bash_operator' retrieved from /home/airflow/.local/lib/python3.12/site-packages/airflow/example_dags/example_bash_operator.py
[2025-01-28T22:43:25.140+0000] {logging_mixin.py:190} INFO - [2025-01-28T22:43:25.140+0000] {dag.py:3239} INFO - Sync 1 DAGs
[2025-01-28T22:43:25.168+0000] {logging_mixin.py:190} INFO - [2025-01-28T22:43:25.168+0000] {dag.py:4180} INFO - Setting next_dagrun for example_bash_operator to 2025-01-27 00:00:00+00:00, run_after=2025-01-28 00:00:00+00:00
[2025-01-28T22:43:25.189+0000] {processor.py:208} INFO - Processing /home/airflow/.local/lib/python3.12/site-packages/airflow/example_dags/example_bash_operator.py took 0.091 seconds
[2025-01-28T22:43:55.258+0000] {processor.py:186} INFO - Started process (PID=66403) to work on /home/airflow/.local/lib/python3.12/site-packages/airflow/example_dags/example_bash_operator.py
[2025-01-28T22:43:55.259+0000] {processor.py:914} INFO - Processing file /home/airflow/.local/lib/python3.12/site-packages/airflow/example_dags/example_bash_operator.py for tasks to queue
[2025-01-28T22:43:55.263+0000] {logging_mixin.py:190} INFO - [2025-01-28T22:43:55.263+0000] {dagbag.py:588} INFO - Filling up the DagBag from /home/airflow/.local/lib/python3.12/site-packages/airflow/example_dags/example_bash_operator.py
[2025-01-28T22:43:55.279+0000] {processor.py:925} INFO - DAG(s) 'example_bash_operator' retrieved from /home/airflow/.local/lib/python3.12/site-packages/airflow/example_dags/example_bash_operator.py
[2025-01-28T22:43:55.310+0000] {logging_mixin.py:190} INFO - [2025-01-28T22:43:55.310+0000] {dag.py:3239} INFO - Sync 1 DAGs
[2025-01-28T22:43:55.335+0000] {logging_mixin.py:190} INFO - [2025-01-28T22:43:55.335+0000] {dag.py:4180} INFO - Setting next_dagrun for example_bash_operator to 2025-01-27 00:00:00+00:00, run_after=2025-01-28 00:00:00+00:00
[2025-01-28T22:43:55.353+0000] {processor.py:208} INFO - Processing /home/airflow/.local/lib/python3.12/site-packages/airflow/example_dags/example_bash_operator.py took 0.103 seconds
[2025-01-28T22:44:25.965+0000] {processor.py:186} INFO - Started process (PID=66699) to work on /home/airflow/.local/lib/python3.12/site-packages/airflow/example_dags/example_bash_operator.py
[2025-01-28T22:44:25.966+0000] {processor.py:914} INFO - Processing file /home/airflow/.local/lib/python3.12/site-packages/airflow/example_dags/example_bash_operator.py for tasks to queue
[2025-01-28T22:44:25.968+0000] {logging_mixin.py:190} INFO - [2025-01-28T22:44:25.967+0000] {dagbag.py:588} INFO - Filling up the DagBag from /home/airflow/.local/lib/python3.12/site-packages/airflow/example_dags/example_bash_operator.py
[2025-01-28T22:44:25.979+0000] {processor.py:925} INFO - DAG(s) 'example_bash_operator' retrieved from /home/airflow/.local/lib/python3.12/site-packages/airflow/example_dags/example_bash_operator.py
[2025-01-28T22:44:26.005+0000] {logging_mixin.py:190} INFO - [2025-01-28T22:44:26.005+0000] {dag.py:3239} INFO - Sync 1 DAGs
[2025-01-28T22:44:26.027+0000] {logging_mixin.py:190} INFO - [2025-01-28T22:44:26.027+0000] {dag.py:4180} INFO - Setting next_dagrun for example_bash_operator to 2025-01-27 00:00:00+00:00, run_after=2025-01-28 00:00:00+00:00
[2025-01-28T22:44:26.046+0000] {processor.py:208} INFO - Processing /home/airflow/.local/lib/python3.12/site-packages/airflow/example_dags/example_bash_operator.py took 0.086 seconds
[2025-01-28T22:44:56.898+0000] {processor.py:186} INFO - Started process (PID=66997) to work on /home/airflow/.local/lib/python3.12/site-packages/airflow/example_dags/example_bash_operator.py
[2025-01-28T22:44:56.900+0000] {processor.py:914} INFO - Processing file /home/airflow/.local/lib/python3.12/site-packages/airflow/example_dags/example_bash_operator.py for tasks to queue
[2025-01-28T22:44:56.911+0000] {logging_mixin.py:190} INFO - [2025-01-28T22:44:56.902+0000] {dagbag.py:588} INFO - Filling up the DagBag from /home/airflow/.local/lib/python3.12/site-packages/airflow/example_dags/example_bash_operator.py
[2025-01-28T22:44:56.940+0000] {processor.py:925} INFO - DAG(s) 'example_bash_operator' retrieved from /home/airflow/.local/lib/python3.12/site-packages/airflow/example_dags/example_bash_operator.py
[2025-01-28T22:44:56.978+0000] {logging_mixin.py:190} INFO - [2025-01-28T22:44:56.977+0000] {dag.py:3239} INFO - Sync 1 DAGs
[2025-01-28T22:44:57.005+0000] {logging_mixin.py:190} INFO - [2025-01-28T22:44:57.004+0000] {dag.py:4180} INFO - Setting next_dagrun for example_bash_operator to 2025-01-27 00:00:00+00:00, run_after=2025-01-28 00:00:00+00:00
[2025-01-28T22:44:57.035+0000] {processor.py:208} INFO - Processing /home/airflow/.local/lib/python3.12/site-packages/airflow/example_dags/example_bash_operator.py took 0.144 seconds
[2025-01-28T22:45:28.083+0000] {processor.py:186} INFO - Started process (PID=67293) to work on /home/airflow/.local/lib/python3.12/site-packages/airflow/example_dags/example_bash_operator.py
[2025-01-28T22:45:28.084+0000] {processor.py:914} INFO - Processing file /home/airflow/.local/lib/python3.12/site-packages/airflow/example_dags/example_bash_operator.py for tasks to queue
[2025-01-28T22:45:28.086+0000] {logging_mixin.py:190} INFO - [2025-01-28T22:45:28.086+0000] {dagbag.py:588} INFO - Filling up the DagBag from /home/airflow/.local/lib/python3.12/site-packages/airflow/example_dags/example_bash_operator.py
[2025-01-28T22:45:28.097+0000] {processor.py:925} INFO - DAG(s) 'example_bash_operator' retrieved from /home/airflow/.local/lib/python3.12/site-packages/airflow/example_dags/example_bash_operator.py
[2025-01-28T22:45:28.118+0000] {logging_mixin.py:190} INFO - [2025-01-28T22:45:28.118+0000] {dag.py:3239} INFO - Sync 1 DAGs
[2025-01-28T22:45:28.136+0000] {logging_mixin.py:190} INFO - [2025-01-28T22:45:28.135+0000] {dag.py:4180} INFO - Setting next_dagrun for example_bash_operator to 2025-01-27 00:00:00+00:00, run_after=2025-01-28 00:00:00+00:00
[2025-01-28T22:45:28.152+0000] {processor.py:208} INFO - Processing /home/airflow/.local/lib/python3.12/site-packages/airflow/example_dags/example_bash_operator.py took 0.073 seconds
[2025-01-28T22:45:58.313+0000] {processor.py:186} INFO - Started process (PID=67587) to work on /home/airflow/.local/lib/python3.12/site-packages/airflow/example_dags/example_bash_operator.py
[2025-01-28T22:45:58.314+0000] {processor.py:914} INFO - Processing file /home/airflow/.local/lib/python3.12/site-packages/airflow/example_dags/example_bash_operator.py for tasks to queue
[2025-01-28T22:45:58.316+0000] {logging_mixin.py:190} INFO - [2025-01-28T22:45:58.316+0000] {dagbag.py:588} INFO - Filling up the DagBag from /home/airflow/.local/lib/python3.12/site-packages/airflow/example_dags/example_bash_operator.py
[2025-01-28T22:45:58.332+0000] {processor.py:925} INFO - DAG(s) 'example_bash_operator' retrieved from /home/airflow/.local/lib/python3.12/site-packages/airflow/example_dags/example_bash_operator.py
[2025-01-28T22:45:58.359+0000] {logging_mixin.py:190} INFO - [2025-01-28T22:45:58.358+0000] {dag.py:3239} INFO - Sync 1 DAGs
[2025-01-28T22:45:58.381+0000] {logging_mixin.py:190} INFO - [2025-01-28T22:45:58.381+0000] {dag.py:4180} INFO - Setting next_dagrun for example_bash_operator to 2025-01-27 00:00:00+00:00, run_after=2025-01-28 00:00:00+00:00
[2025-01-28T22:45:58.400+0000] {processor.py:208} INFO - Processing /home/airflow/.local/lib/python3.12/site-packages/airflow/example_dags/example_bash_operator.py took 0.094 seconds
[2025-01-28T22:46:29.470+0000] {processor.py:186} INFO - Started process (PID=67883) to work on /home/airflow/.local/lib/python3.12/site-packages/airflow/example_dags/example_bash_operator.py
[2025-01-28T22:46:29.471+0000] {processor.py:914} INFO - Processing file /home/airflow/.local/lib/python3.12/site-packages/airflow/example_dags/example_bash_operator.py for tasks to queue
[2025-01-28T22:46:29.473+0000] {logging_mixin.py:190} INFO - [2025-01-28T22:46:29.473+0000] {dagbag.py:588} INFO - Filling up the DagBag from /home/airflow/.local/lib/python3.12/site-packages/airflow/example_dags/example_bash_operator.py
[2025-01-28T22:46:29.484+0000] {processor.py:925} INFO - DAG(s) 'example_bash_operator' retrieved from /home/airflow/.local/lib/python3.12/site-packages/airflow/example_dags/example_bash_operator.py
[2025-01-28T22:46:29.508+0000] {logging_mixin.py:190} INFO - [2025-01-28T22:46:29.508+0000] {dag.py:3239} INFO - Sync 1 DAGs
[2025-01-28T22:46:29.528+0000] {logging_mixin.py:190} INFO - [2025-01-28T22:46:29.528+0000] {dag.py:4180} INFO - Setting next_dagrun for example_bash_operator to 2025-01-27 00:00:00+00:00, run_after=2025-01-28 00:00:00+00:00
[2025-01-28T22:46:29.546+0000] {processor.py:208} INFO - Processing /home/airflow/.local/lib/python3.12/site-packages/airflow/example_dags/example_bash_operator.py took 0.080 seconds
[2025-01-28T22:47:00.408+0000] {processor.py:186} INFO - Started process (PID=68179) to work on /home/airflow/.local/lib/python3.12/site-packages/airflow/example_dags/example_bash_operator.py
[2025-01-28T22:47:00.409+0000] {processor.py:914} INFO - Processing file /home/airflow/.local/lib/python3.12/site-packages/airflow/example_dags/example_bash_operator.py for tasks to queue
[2025-01-28T22:47:00.411+0000] {logging_mixin.py:190} INFO - [2025-01-28T22:47:00.411+0000] {dagbag.py:588} INFO - Filling up the DagBag from /home/airflow/.local/lib/python3.12/site-packages/airflow/example_dags/example_bash_operator.py
[2025-01-28T22:47:00.424+0000] {processor.py:925} INFO - DAG(s) 'example_bash_operator' retrieved from /home/airflow/.local/lib/python3.12/site-packages/airflow/example_dags/example_bash_operator.py
[2025-01-28T22:47:00.449+0000] {logging_mixin.py:190} INFO - [2025-01-28T22:47:00.449+0000] {dag.py:3239} INFO - Sync 1 DAGs
[2025-01-28T22:47:00.472+0000] {logging_mixin.py:190} INFO - [2025-01-28T22:47:00.472+0000] {dag.py:4180} INFO - Setting next_dagrun for example_bash_operator to 2025-01-27 00:00:00+00:00, run_after=2025-01-28 00:00:00+00:00
[2025-01-28T22:47:00.490+0000] {processor.py:208} INFO - Processing /home/airflow/.local/lib/python3.12/site-packages/airflow/example_dags/example_bash_operator.py took 0.088 seconds
[2025-01-28T22:47:30.686+0000] {processor.py:186} INFO - Started process (PID=68470) to work on /home/airflow/.local/lib/python3.12/site-packages/airflow/example_dags/example_bash_operator.py
[2025-01-28T22:47:30.686+0000] {processor.py:914} INFO - Processing file /home/airflow/.local/lib/python3.12/site-packages/airflow/example_dags/example_bash_operator.py for tasks to queue
[2025-01-28T22:47:30.688+0000] {logging_mixin.py:190} INFO - [2025-01-28T22:47:30.688+0000] {dagbag.py:588} INFO - Filling up the DagBag from /home/airflow/.local/lib/python3.12/site-packages/airflow/example_dags/example_bash_operator.py
[2025-01-28T22:47:30.701+0000] {processor.py:925} INFO - DAG(s) 'example_bash_operator' retrieved from /home/airflow/.local/lib/python3.12/site-packages/airflow/example_dags/example_bash_operator.py
[2025-01-28T22:47:30.724+0000] {logging_mixin.py:190} INFO - [2025-01-28T22:47:30.724+0000] {dag.py:3239} INFO - Sync 1 DAGs
[2025-01-28T22:47:30.744+0000] {logging_mixin.py:190} INFO - [2025-01-28T22:47:30.744+0000] {dag.py:4180} INFO - Setting next_dagrun for example_bash_operator to 2025-01-27 00:00:00+00:00, run_after=2025-01-28 00:00:00+00:00
[2025-01-28T22:47:30.759+0000] {processor.py:208} INFO - Processing /home/airflow/.local/lib/python3.12/site-packages/airflow/example_dags/example_bash_operator.py took 0.079 seconds
[2025-01-28T22:48:01.335+0000] {processor.py:186} INFO - Started process (PID=68766) to work on /home/airflow/.local/lib/python3.12/site-packages/airflow/example_dags/example_bash_operator.py
[2025-01-28T22:48:01.337+0000] {processor.py:914} INFO - Processing file /home/airflow/.local/lib/python3.12/site-packages/airflow/example_dags/example_bash_operator.py for tasks to queue
[2025-01-28T22:48:01.340+0000] {logging_mixin.py:190} INFO - [2025-01-28T22:48:01.339+0000] {dagbag.py:588} INFO - Filling up the DagBag from /home/airflow/.local/lib/python3.12/site-packages/airflow/example_dags/example_bash_operator.py
[2025-01-28T22:48:01.353+0000] {processor.py:925} INFO - DAG(s) 'example_bash_operator' retrieved from /home/airflow/.local/lib/python3.12/site-packages/airflow/example_dags/example_bash_operator.py
[2025-01-28T22:48:01.378+0000] {logging_mixin.py:190} INFO - [2025-01-28T22:48:01.377+0000] {dag.py:3239} INFO - Sync 1 DAGs
[2025-01-28T22:48:01.408+0000] {logging_mixin.py:190} INFO - [2025-01-28T22:48:01.407+0000] {dag.py:4180} INFO - Setting next_dagrun for example_bash_operator to 2025-01-27 00:00:00+00:00, run_after=2025-01-28 00:00:00+00:00
[2025-01-28T22:48:01.427+0000] {processor.py:208} INFO - Processing /home/airflow/.local/lib/python3.12/site-packages/airflow/example_dags/example_bash_operator.py took 0.098 seconds
[2025-01-28T22:48:31.537+0000] {processor.py:186} INFO - Started process (PID=69057) to work on /home/airflow/.local/lib/python3.12/site-packages/airflow/example_dags/example_bash_operator.py
[2025-01-28T22:48:31.538+0000] {processor.py:914} INFO - Processing file /home/airflow/.local/lib/python3.12/site-packages/airflow/example_dags/example_bash_operator.py for tasks to queue
[2025-01-28T22:48:31.541+0000] {logging_mixin.py:190} INFO - [2025-01-28T22:48:31.540+0000] {dagbag.py:588} INFO - Filling up the DagBag from /home/airflow/.local/lib/python3.12/site-packages/airflow/example_dags/example_bash_operator.py
[2025-01-28T22:48:31.553+0000] {processor.py:925} INFO - DAG(s) 'example_bash_operator' retrieved from /home/airflow/.local/lib/python3.12/site-packages/airflow/example_dags/example_bash_operator.py
[2025-01-28T22:48:31.583+0000] {logging_mixin.py:190} INFO - [2025-01-28T22:48:31.582+0000] {dag.py:3239} INFO - Sync 1 DAGs
[2025-01-28T22:48:31.603+0000] {logging_mixin.py:190} INFO - [2025-01-28T22:48:31.602+0000] {dag.py:4180} INFO - Setting next_dagrun for example_bash_operator to 2025-01-27 00:00:00+00:00, run_after=2025-01-28 00:00:00+00:00
[2025-01-28T22:48:31.620+0000] {processor.py:208} INFO - Processing /home/airflow/.local/lib/python3.12/site-packages/airflow/example_dags/example_bash_operator.py took 0.089 seconds
[2025-01-28T22:49:01.754+0000] {processor.py:186} INFO - Started process (PID=69348) to work on /home/airflow/.local/lib/python3.12/site-packages/airflow/example_dags/example_bash_operator.py
[2025-01-28T22:49:01.756+0000] {processor.py:914} INFO - Processing file /home/airflow/.local/lib/python3.12/site-packages/airflow/example_dags/example_bash_operator.py for tasks to queue
[2025-01-28T22:49:01.758+0000] {logging_mixin.py:190} INFO - [2025-01-28T22:49:01.758+0000] {dagbag.py:588} INFO - Filling up the DagBag from /home/airflow/.local/lib/python3.12/site-packages/airflow/example_dags/example_bash_operator.py
[2025-01-28T22:49:01.771+0000] {processor.py:925} INFO - DAG(s) 'example_bash_operator' retrieved from /home/airflow/.local/lib/python3.12/site-packages/airflow/example_dags/example_bash_operator.py
[2025-01-28T22:49:01.796+0000] {logging_mixin.py:190} INFO - [2025-01-28T22:49:01.796+0000] {dag.py:3239} INFO - Sync 1 DAGs
[2025-01-28T22:49:01.820+0000] {logging_mixin.py:190} INFO - [2025-01-28T22:49:01.819+0000] {dag.py:4180} INFO - Setting next_dagrun for example_bash_operator to 2025-01-27 00:00:00+00:00, run_after=2025-01-28 00:00:00+00:00
[2025-01-28T22:49:01.842+0000] {processor.py:208} INFO - Processing /home/airflow/.local/lib/python3.12/site-packages/airflow/example_dags/example_bash_operator.py took 0.094 seconds
[2025-01-28T22:49:32.777+0000] {processor.py:186} INFO - Started process (PID=69650) to work on /home/airflow/.local/lib/python3.12/site-packages/airflow/example_dags/example_bash_operator.py
[2025-01-28T22:49:32.778+0000] {processor.py:914} INFO - Processing file /home/airflow/.local/lib/python3.12/site-packages/airflow/example_dags/example_bash_operator.py for tasks to queue
[2025-01-28T22:49:32.781+0000] {logging_mixin.py:190} INFO - [2025-01-28T22:49:32.780+0000] {dagbag.py:588} INFO - Filling up the DagBag from /home/airflow/.local/lib/python3.12/site-packages/airflow/example_dags/example_bash_operator.py
[2025-01-28T22:49:32.796+0000] {processor.py:925} INFO - DAG(s) 'example_bash_operator' retrieved from /home/airflow/.local/lib/python3.12/site-packages/airflow/example_dags/example_bash_operator.py
[2025-01-28T22:49:32.825+0000] {logging_mixin.py:190} INFO - [2025-01-28T22:49:32.825+0000] {dag.py:3239} INFO - Sync 1 DAGs
[2025-01-28T22:49:32.849+0000] {logging_mixin.py:190} INFO - [2025-01-28T22:49:32.849+0000] {dag.py:4180} INFO - Setting next_dagrun for example_bash_operator to 2025-01-27 00:00:00+00:00, run_after=2025-01-28 00:00:00+00:00
[2025-01-28T22:49:32.867+0000] {processor.py:208} INFO - Processing /home/airflow/.local/lib/python3.12/site-packages/airflow/example_dags/example_bash_operator.py took 0.097 seconds
[2025-01-28T22:50:03.061+0000] {processor.py:186} INFO - Started process (PID=69942) to work on /home/airflow/.local/lib/python3.12/site-packages/airflow/example_dags/example_bash_operator.py
[2025-01-28T22:50:03.062+0000] {processor.py:914} INFO - Processing file /home/airflow/.local/lib/python3.12/site-packages/airflow/example_dags/example_bash_operator.py for tasks to queue
[2025-01-28T22:50:03.064+0000] {logging_mixin.py:190} INFO - [2025-01-28T22:50:03.063+0000] {dagbag.py:588} INFO - Filling up the DagBag from /home/airflow/.local/lib/python3.12/site-packages/airflow/example_dags/example_bash_operator.py
[2025-01-28T22:50:03.077+0000] {processor.py:925} INFO - DAG(s) 'example_bash_operator' retrieved from /home/airflow/.local/lib/python3.12/site-packages/airflow/example_dags/example_bash_operator.py
[2025-01-28T22:50:03.118+0000] {logging_mixin.py:190} INFO - [2025-01-28T22:50:03.117+0000] {dag.py:3239} INFO - Sync 1 DAGs
[2025-01-28T22:50:03.149+0000] {logging_mixin.py:190} INFO - [2025-01-28T22:50:03.149+0000] {dag.py:4180} INFO - Setting next_dagrun for example_bash_operator to 2025-01-27 00:00:00+00:00, run_after=2025-01-28 00:00:00+00:00
[2025-01-28T22:50:03.171+0000] {processor.py:208} INFO - Processing /home/airflow/.local/lib/python3.12/site-packages/airflow/example_dags/example_bash_operator.py took 0.116 seconds
[2025-01-28T22:50:33.879+0000] {processor.py:186} INFO - Started process (PID=70243) to work on /home/airflow/.local/lib/python3.12/site-packages/airflow/example_dags/example_bash_operator.py
[2025-01-28T22:50:33.881+0000] {processor.py:914} INFO - Processing file /home/airflow/.local/lib/python3.12/site-packages/airflow/example_dags/example_bash_operator.py for tasks to queue
[2025-01-28T22:50:33.884+0000] {logging_mixin.py:190} INFO - [2025-01-28T22:50:33.883+0000] {dagbag.py:588} INFO - Filling up the DagBag from /home/airflow/.local/lib/python3.12/site-packages/airflow/example_dags/example_bash_operator.py
[2025-01-28T22:50:33.896+0000] {processor.py:925} INFO - DAG(s) 'example_bash_operator' retrieved from /home/airflow/.local/lib/python3.12/site-packages/airflow/example_dags/example_bash_operator.py
[2025-01-28T22:50:33.922+0000] {logging_mixin.py:190} INFO - [2025-01-28T22:50:33.922+0000] {dag.py:3239} INFO - Sync 1 DAGs
[2025-01-28T22:50:33.944+0000] {logging_mixin.py:190} INFO - [2025-01-28T22:50:33.944+0000] {dag.py:4180} INFO - Setting next_dagrun for example_bash_operator to 2025-01-27 00:00:00+00:00, run_after=2025-01-28 00:00:00+00:00
[2025-01-28T22:50:33.965+0000] {processor.py:208} INFO - Processing /home/airflow/.local/lib/python3.12/site-packages/airflow/example_dags/example_bash_operator.py took 0.091 seconds
[2025-01-28T22:51:05.088+0000] {processor.py:186} INFO - Started process (PID=70539) to work on /home/airflow/.local/lib/python3.12/site-packages/airflow/example_dags/example_bash_operator.py
[2025-01-28T22:51:05.089+0000] {processor.py:914} INFO - Processing file /home/airflow/.local/lib/python3.12/site-packages/airflow/example_dags/example_bash_operator.py for tasks to queue
[2025-01-28T22:51:05.092+0000] {logging_mixin.py:190} INFO - [2025-01-28T22:51:05.092+0000] {dagbag.py:588} INFO - Filling up the DagBag from /home/airflow/.local/lib/python3.12/site-packages/airflow/example_dags/example_bash_operator.py
[2025-01-28T22:51:05.107+0000] {processor.py:925} INFO - DAG(s) 'example_bash_operator' retrieved from /home/airflow/.local/lib/python3.12/site-packages/airflow/example_dags/example_bash_operator.py
[2025-01-28T22:51:05.135+0000] {logging_mixin.py:190} INFO - [2025-01-28T22:51:05.135+0000] {dag.py:3239} INFO - Sync 1 DAGs
[2025-01-28T22:51:05.333+0000] {logging_mixin.py:190} INFO - [2025-01-28T22:51:05.333+0000] {dag.py:4180} INFO - Setting next_dagrun for example_bash_operator to 2025-01-27 00:00:00+00:00, run_after=2025-01-28 00:00:00+00:00
[2025-01-28T22:51:05.357+0000] {processor.py:208} INFO - Processing /home/airflow/.local/lib/python3.12/site-packages/airflow/example_dags/example_bash_operator.py took 0.275 seconds
[2025-01-28T22:51:35.980+0000] {processor.py:186} INFO - Started process (PID=70835) to work on /home/airflow/.local/lib/python3.12/site-packages/airflow/example_dags/example_bash_operator.py
[2025-01-28T22:51:35.981+0000] {processor.py:914} INFO - Processing file /home/airflow/.local/lib/python3.12/site-packages/airflow/example_dags/example_bash_operator.py for tasks to queue
[2025-01-28T22:51:35.984+0000] {logging_mixin.py:190} INFO - [2025-01-28T22:51:35.984+0000] {dagbag.py:588} INFO - Filling up the DagBag from /home/airflow/.local/lib/python3.12/site-packages/airflow/example_dags/example_bash_operator.py
[2025-01-28T22:51:35.997+0000] {processor.py:925} INFO - DAG(s) 'example_bash_operator' retrieved from /home/airflow/.local/lib/python3.12/site-packages/airflow/example_dags/example_bash_operator.py
[2025-01-28T22:51:36.022+0000] {logging_mixin.py:190} INFO - [2025-01-28T22:51:36.022+0000] {dag.py:3239} INFO - Sync 1 DAGs
[2025-01-28T22:51:36.048+0000] {logging_mixin.py:190} INFO - [2025-01-28T22:51:36.047+0000] {dag.py:4180} INFO - Setting next_dagrun for example_bash_operator to 2025-01-27 00:00:00+00:00, run_after=2025-01-28 00:00:00+00:00
[2025-01-28T22:51:36.229+0000] {processor.py:208} INFO - Processing /home/airflow/.local/lib/python3.12/site-packages/airflow/example_dags/example_bash_operator.py took 0.254 seconds
[2025-01-28T22:52:10.213+0000] {processor.py:186} INFO - Started process (PID=71132) to work on /home/airflow/.local/lib/python3.12/site-packages/airflow/example_dags/example_bash_operator.py
[2025-01-28T22:52:10.236+0000] {processor.py:914} INFO - Processing file /home/airflow/.local/lib/python3.12/site-packages/airflow/example_dags/example_bash_operator.py for tasks to queue
[2025-01-28T22:52:10.257+0000] {logging_mixin.py:190} INFO - [2025-01-28T22:52:10.257+0000] {dagbag.py:588} INFO - Filling up the DagBag from /home/airflow/.local/lib/python3.12/site-packages/airflow/example_dags/example_bash_operator.py
[2025-01-28T22:52:10.317+0000] {processor.py:925} INFO - DAG(s) 'example_bash_operator' retrieved from /home/airflow/.local/lib/python3.12/site-packages/airflow/example_dags/example_bash_operator.py
[2025-01-28T22:52:10.420+0000] {logging_mixin.py:190} INFO - [2025-01-28T22:52:10.419+0000] {dag.py:3239} INFO - Sync 1 DAGs
[2025-01-28T22:52:10.541+0000] {logging_mixin.py:190} INFO - [2025-01-28T22:52:10.540+0000] {dag.py:4180} INFO - Setting next_dagrun for example_bash_operator to 2025-01-27 00:00:00+00:00, run_after=2025-01-28 00:00:00+00:00
[2025-01-28T22:52:10.673+0000] {processor.py:208} INFO - Processing /home/airflow/.local/lib/python3.12/site-packages/airflow/example_dags/example_bash_operator.py took 0.469 seconds
[2025-01-28T22:52:41.723+0000] {processor.py:186} INFO - Started process (PID=71428) to work on /home/airflow/.local/lib/python3.12/site-packages/airflow/example_dags/example_bash_operator.py
[2025-01-28T22:52:41.726+0000] {processor.py:914} INFO - Processing file /home/airflow/.local/lib/python3.12/site-packages/airflow/example_dags/example_bash_operator.py for tasks to queue
[2025-01-28T22:52:41.732+0000] {logging_mixin.py:190} INFO - [2025-01-28T22:52:41.731+0000] {dagbag.py:588} INFO - Filling up the DagBag from /home/airflow/.local/lib/python3.12/site-packages/airflow/example_dags/example_bash_operator.py
[2025-01-28T22:52:41.824+0000] {processor.py:925} INFO - DAG(s) 'example_bash_operator' retrieved from /home/airflow/.local/lib/python3.12/site-packages/airflow/example_dags/example_bash_operator.py
[2025-01-28T22:52:41.884+0000] {logging_mixin.py:190} INFO - [2025-01-28T22:52:41.884+0000] {dag.py:3239} INFO - Sync 1 DAGs
[2025-01-28T22:52:41.937+0000] {logging_mixin.py:190} INFO - [2025-01-28T22:52:41.937+0000] {dag.py:4180} INFO - Setting next_dagrun for example_bash_operator to 2025-01-27 00:00:00+00:00, run_after=2025-01-28 00:00:00+00:00
[2025-01-28T22:52:41.971+0000] {processor.py:208} INFO - Processing /home/airflow/.local/lib/python3.12/site-packages/airflow/example_dags/example_bash_operator.py took 0.259 seconds
[2025-01-28T22:53:15.809+0000] {processor.py:186} INFO - Started process (PID=71721) to work on /home/airflow/.local/lib/python3.12/site-packages/airflow/example_dags/example_bash_operator.py
[2025-01-28T22:53:15.815+0000] {processor.py:914} INFO - Processing file /home/airflow/.local/lib/python3.12/site-packages/airflow/example_dags/example_bash_operator.py for tasks to queue
[2025-01-28T22:53:15.830+0000] {logging_mixin.py:190} INFO - [2025-01-28T22:53:15.829+0000] {dagbag.py:588} INFO - Filling up the DagBag from /home/airflow/.local/lib/python3.12/site-packages/airflow/example_dags/example_bash_operator.py
[2025-01-28T22:53:15.870+0000] {processor.py:925} INFO - DAG(s) 'example_bash_operator' retrieved from /home/airflow/.local/lib/python3.12/site-packages/airflow/example_dags/example_bash_operator.py
[2025-01-28T22:53:16.389+0000] {logging_mixin.py:190} INFO - [2025-01-28T22:53:16.388+0000] {dag.py:3239} INFO - Sync 1 DAGs
[2025-01-28T22:53:16.465+0000] {logging_mixin.py:190} INFO - [2025-01-28T22:53:16.464+0000] {dag.py:4180} INFO - Setting next_dagrun for example_bash_operator to 2025-01-27 00:00:00+00:00, run_after=2025-01-28 00:00:00+00:00
[2025-01-28T22:53:16.536+0000] {processor.py:208} INFO - Processing /home/airflow/.local/lib/python3.12/site-packages/airflow/example_dags/example_bash_operator.py took 0.746 seconds
