[2025-01-28T22:42:52.202+0000] {processor.py:186} INFO - Started process (PID=65701) to work on /home/airflow/.local/lib/python3.12/site-packages/airflow/example_dags/example_local_kubernetes_executor.py
[2025-01-28T22:42:52.203+0000] {processor.py:914} INFO - Processing file /home/airflow/.local/lib/python3.12/site-packages/airflow/example_dags/example_local_kubernetes_executor.py for tasks to queue
[2025-01-28T22:42:52.213+0000] {logging_mixin.py:190} INFO - [2025-01-28T22:42:52.208+0000] {dagbag.py:588} INFO - Filling up the DagBag from /home/airflow/.local/lib/python3.12/site-packages/airflow/example_dags/example_local_kubernetes_executor.py
[2025-01-28T22:42:52.239+0000] {processor.py:925} INFO - DAG(s) 'example_local_kubernetes_executor' retrieved from /home/airflow/.local/lib/python3.12/site-packages/airflow/example_dags/example_local_kubernetes_executor.py
[2025-01-28T22:42:52.305+0000] {logging_mixin.py:190} INFO - [2025-01-28T22:42:52.304+0000] {dag.py:3239} INFO - Sync 1 DAGs
[2025-01-28T22:42:52.354+0000] {logging_mixin.py:190} INFO - [2025-01-28T22:42:52.353+0000] {dag.py:4180} INFO - Setting next_dagrun for example_local_kubernetes_executor to None, run_after=None
[2025-01-28T22:42:52.413+0000] {processor.py:208} INFO - Processing /home/airflow/.local/lib/python3.12/site-packages/airflow/example_dags/example_local_kubernetes_executor.py took 0.229 seconds
[2025-01-28T22:43:22.907+0000] {processor.py:186} INFO - Started process (PID=65996) to work on /home/airflow/.local/lib/python3.12/site-packages/airflow/example_dags/example_local_kubernetes_executor.py
[2025-01-28T22:43:22.908+0000] {processor.py:914} INFO - Processing file /home/airflow/.local/lib/python3.12/site-packages/airflow/example_dags/example_local_kubernetes_executor.py for tasks to queue
[2025-01-28T22:43:22.912+0000] {logging_mixin.py:190} INFO - [2025-01-28T22:43:22.911+0000] {dagbag.py:588} INFO - Filling up the DagBag from /home/airflow/.local/lib/python3.12/site-packages/airflow/example_dags/example_local_kubernetes_executor.py
[2025-01-28T22:43:22.922+0000] {processor.py:925} INFO - DAG(s) 'example_local_kubernetes_executor' retrieved from /home/airflow/.local/lib/python3.12/site-packages/airflow/example_dags/example_local_kubernetes_executor.py
[2025-01-28T22:43:22.970+0000] {logging_mixin.py:190} INFO - [2025-01-28T22:43:22.970+0000] {dag.py:3239} INFO - Sync 1 DAGs
[2025-01-28T22:43:22.993+0000] {logging_mixin.py:190} INFO - [2025-01-28T22:43:22.993+0000] {dag.py:4180} INFO - Setting next_dagrun for example_local_kubernetes_executor to None, run_after=None
[2025-01-28T22:43:23.021+0000] {processor.py:208} INFO - Processing /home/airflow/.local/lib/python3.12/site-packages/airflow/example_dags/example_local_kubernetes_executor.py took 0.122 seconds
[2025-01-28T22:43:53.151+0000] {processor.py:186} INFO - Started process (PID=66287) to work on /home/airflow/.local/lib/python3.12/site-packages/airflow/example_dags/example_local_kubernetes_executor.py
[2025-01-28T22:43:53.152+0000] {processor.py:914} INFO - Processing file /home/airflow/.local/lib/python3.12/site-packages/airflow/example_dags/example_local_kubernetes_executor.py for tasks to queue
[2025-01-28T22:43:53.156+0000] {logging_mixin.py:190} INFO - [2025-01-28T22:43:53.156+0000] {dagbag.py:588} INFO - Filling up the DagBag from /home/airflow/.local/lib/python3.12/site-packages/airflow/example_dags/example_local_kubernetes_executor.py
[2025-01-28T22:43:53.165+0000] {processor.py:925} INFO - DAG(s) 'example_local_kubernetes_executor' retrieved from /home/airflow/.local/lib/python3.12/site-packages/airflow/example_dags/example_local_kubernetes_executor.py
[2025-01-28T22:43:53.196+0000] {logging_mixin.py:190} INFO - [2025-01-28T22:43:53.196+0000] {dag.py:3239} INFO - Sync 1 DAGs
[2025-01-28T22:43:53.212+0000] {logging_mixin.py:190} INFO - [2025-01-28T22:43:53.212+0000] {dag.py:4180} INFO - Setting next_dagrun for example_local_kubernetes_executor to None, run_after=None
[2025-01-28T22:43:53.232+0000] {processor.py:208} INFO - Processing /home/airflow/.local/lib/python3.12/site-packages/airflow/example_dags/example_local_kubernetes_executor.py took 0.091 seconds
[2025-01-28T22:44:23.361+0000] {processor.py:186} INFO - Started process (PID=66580) to work on /home/airflow/.local/lib/python3.12/site-packages/airflow/example_dags/example_local_kubernetes_executor.py
[2025-01-28T22:44:23.362+0000] {processor.py:914} INFO - Processing file /home/airflow/.local/lib/python3.12/site-packages/airflow/example_dags/example_local_kubernetes_executor.py for tasks to queue
[2025-01-28T22:44:23.365+0000] {logging_mixin.py:190} INFO - [2025-01-28T22:44:23.364+0000] {dagbag.py:588} INFO - Filling up the DagBag from /home/airflow/.local/lib/python3.12/site-packages/airflow/example_dags/example_local_kubernetes_executor.py
[2025-01-28T22:44:23.372+0000] {processor.py:925} INFO - DAG(s) 'example_local_kubernetes_executor' retrieved from /home/airflow/.local/lib/python3.12/site-packages/airflow/example_dags/example_local_kubernetes_executor.py
[2025-01-28T22:44:23.402+0000] {logging_mixin.py:190} INFO - [2025-01-28T22:44:23.402+0000] {dag.py:3239} INFO - Sync 1 DAGs
[2025-01-28T22:44:23.414+0000] {logging_mixin.py:190} INFO - [2025-01-28T22:44:23.414+0000] {dag.py:4180} INFO - Setting next_dagrun for example_local_kubernetes_executor to None, run_after=None
[2025-01-28T22:44:23.431+0000] {processor.py:208} INFO - Processing /home/airflow/.local/lib/python3.12/site-packages/airflow/example_dags/example_local_kubernetes_executor.py took 0.075 seconds
[2025-01-28T22:44:53.762+0000] {processor.py:186} INFO - Started process (PID=66876) to work on /home/airflow/.local/lib/python3.12/site-packages/airflow/example_dags/example_local_kubernetes_executor.py
[2025-01-28T22:44:53.763+0000] {processor.py:914} INFO - Processing file /home/airflow/.local/lib/python3.12/site-packages/airflow/example_dags/example_local_kubernetes_executor.py for tasks to queue
[2025-01-28T22:44:53.765+0000] {logging_mixin.py:190} INFO - [2025-01-28T22:44:53.765+0000] {dagbag.py:588} INFO - Filling up the DagBag from /home/airflow/.local/lib/python3.12/site-packages/airflow/example_dags/example_local_kubernetes_executor.py
[2025-01-28T22:44:53.773+0000] {processor.py:925} INFO - DAG(s) 'example_local_kubernetes_executor' retrieved from /home/airflow/.local/lib/python3.12/site-packages/airflow/example_dags/example_local_kubernetes_executor.py
[2025-01-28T22:44:53.802+0000] {logging_mixin.py:190} INFO - [2025-01-28T22:44:53.802+0000] {dag.py:3239} INFO - Sync 1 DAGs
[2025-01-28T22:44:53.814+0000] {logging_mixin.py:190} INFO - [2025-01-28T22:44:53.814+0000] {dag.py:4180} INFO - Setting next_dagrun for example_local_kubernetes_executor to None, run_after=None
[2025-01-28T22:44:53.831+0000] {processor.py:208} INFO - Processing /home/airflow/.local/lib/python3.12/site-packages/airflow/example_dags/example_local_kubernetes_executor.py took 0.074 seconds
[2025-01-28T22:45:24.474+0000] {processor.py:186} INFO - Started process (PID=67172) to work on /home/airflow/.local/lib/python3.12/site-packages/airflow/example_dags/example_local_kubernetes_executor.py
[2025-01-28T22:45:24.475+0000] {processor.py:914} INFO - Processing file /home/airflow/.local/lib/python3.12/site-packages/airflow/example_dags/example_local_kubernetes_executor.py for tasks to queue
[2025-01-28T22:45:24.477+0000] {logging_mixin.py:190} INFO - [2025-01-28T22:45:24.477+0000] {dagbag.py:588} INFO - Filling up the DagBag from /home/airflow/.local/lib/python3.12/site-packages/airflow/example_dags/example_local_kubernetes_executor.py
[2025-01-28T22:45:24.485+0000] {processor.py:925} INFO - DAG(s) 'example_local_kubernetes_executor' retrieved from /home/airflow/.local/lib/python3.12/site-packages/airflow/example_dags/example_local_kubernetes_executor.py
[2025-01-28T22:45:24.519+0000] {logging_mixin.py:190} INFO - [2025-01-28T22:45:24.519+0000] {dag.py:3239} INFO - Sync 1 DAGs
[2025-01-28T22:45:24.531+0000] {logging_mixin.py:190} INFO - [2025-01-28T22:45:24.531+0000] {dag.py:4180} INFO - Setting next_dagrun for example_local_kubernetes_executor to None, run_after=None
[2025-01-28T22:45:24.549+0000] {processor.py:208} INFO - Processing /home/airflow/.local/lib/python3.12/site-packages/airflow/example_dags/example_local_kubernetes_executor.py took 0.080 seconds
[2025-01-28T22:45:54.988+0000] {processor.py:186} INFO - Started process (PID=67468) to work on /home/airflow/.local/lib/python3.12/site-packages/airflow/example_dags/example_local_kubernetes_executor.py
[2025-01-28T22:45:54.989+0000] {processor.py:914} INFO - Processing file /home/airflow/.local/lib/python3.12/site-packages/airflow/example_dags/example_local_kubernetes_executor.py for tasks to queue
[2025-01-28T22:45:54.992+0000] {logging_mixin.py:190} INFO - [2025-01-28T22:45:54.991+0000] {dagbag.py:588} INFO - Filling up the DagBag from /home/airflow/.local/lib/python3.12/site-packages/airflow/example_dags/example_local_kubernetes_executor.py
[2025-01-28T22:45:55.000+0000] {processor.py:925} INFO - DAG(s) 'example_local_kubernetes_executor' retrieved from /home/airflow/.local/lib/python3.12/site-packages/airflow/example_dags/example_local_kubernetes_executor.py
[2025-01-28T22:45:55.041+0000] {logging_mixin.py:190} INFO - [2025-01-28T22:45:55.041+0000] {dag.py:3239} INFO - Sync 1 DAGs
[2025-01-28T22:45:55.060+0000] {logging_mixin.py:190} INFO - [2025-01-28T22:45:55.060+0000] {dag.py:4180} INFO - Setting next_dagrun for example_local_kubernetes_executor to None, run_after=None
[2025-01-28T22:45:55.082+0000] {processor.py:208} INFO - Processing /home/airflow/.local/lib/python3.12/site-packages/airflow/example_dags/example_local_kubernetes_executor.py took 0.099 seconds
[2025-01-28T22:46:25.130+0000] {processor.py:186} INFO - Started process (PID=67770) to work on /home/airflow/.local/lib/python3.12/site-packages/airflow/example_dags/example_local_kubernetes_executor.py
[2025-01-28T22:46:25.131+0000] {processor.py:914} INFO - Processing file /home/airflow/.local/lib/python3.12/site-packages/airflow/example_dags/example_local_kubernetes_executor.py for tasks to queue
[2025-01-28T22:46:25.133+0000] {logging_mixin.py:190} INFO - [2025-01-28T22:46:25.133+0000] {dagbag.py:588} INFO - Filling up the DagBag from /home/airflow/.local/lib/python3.12/site-packages/airflow/example_dags/example_local_kubernetes_executor.py
[2025-01-28T22:46:25.141+0000] {processor.py:925} INFO - DAG(s) 'example_local_kubernetes_executor' retrieved from /home/airflow/.local/lib/python3.12/site-packages/airflow/example_dags/example_local_kubernetes_executor.py
[2025-01-28T22:46:25.173+0000] {logging_mixin.py:190} INFO - [2025-01-28T22:46:25.173+0000] {dag.py:3239} INFO - Sync 1 DAGs
[2025-01-28T22:46:25.187+0000] {logging_mixin.py:190} INFO - [2025-01-28T22:46:25.186+0000] {dag.py:4180} INFO - Setting next_dagrun for example_local_kubernetes_executor to None, run_after=None
[2025-01-28T22:46:25.201+0000] {processor.py:208} INFO - Processing /home/airflow/.local/lib/python3.12/site-packages/airflow/example_dags/example_local_kubernetes_executor.py took 0.076 seconds
[2025-01-28T22:46:55.481+0000] {processor.py:186} INFO - Started process (PID=68066) to work on /home/airflow/.local/lib/python3.12/site-packages/airflow/example_dags/example_local_kubernetes_executor.py
[2025-01-28T22:46:55.482+0000] {processor.py:914} INFO - Processing file /home/airflow/.local/lib/python3.12/site-packages/airflow/example_dags/example_local_kubernetes_executor.py for tasks to queue
[2025-01-28T22:46:55.485+0000] {logging_mixin.py:190} INFO - [2025-01-28T22:46:55.484+0000] {dagbag.py:588} INFO - Filling up the DagBag from /home/airflow/.local/lib/python3.12/site-packages/airflow/example_dags/example_local_kubernetes_executor.py
[2025-01-28T22:46:55.493+0000] {processor.py:925} INFO - DAG(s) 'example_local_kubernetes_executor' retrieved from /home/airflow/.local/lib/python3.12/site-packages/airflow/example_dags/example_local_kubernetes_executor.py
[2025-01-28T22:46:55.524+0000] {logging_mixin.py:190} INFO - [2025-01-28T22:46:55.523+0000] {dag.py:3239} INFO - Sync 1 DAGs
[2025-01-28T22:46:55.537+0000] {logging_mixin.py:190} INFO - [2025-01-28T22:46:55.537+0000] {dag.py:4180} INFO - Setting next_dagrun for example_local_kubernetes_executor to None, run_after=None
[2025-01-28T22:46:55.556+0000] {processor.py:208} INFO - Processing /home/airflow/.local/lib/python3.12/site-packages/airflow/example_dags/example_local_kubernetes_executor.py took 0.080 seconds
[2025-01-28T22:47:25.877+0000] {processor.py:186} INFO - Started process (PID=68362) to work on /home/airflow/.local/lib/python3.12/site-packages/airflow/example_dags/example_local_kubernetes_executor.py
[2025-01-28T22:47:25.878+0000] {processor.py:914} INFO - Processing file /home/airflow/.local/lib/python3.12/site-packages/airflow/example_dags/example_local_kubernetes_executor.py for tasks to queue
[2025-01-28T22:47:25.881+0000] {logging_mixin.py:190} INFO - [2025-01-28T22:47:25.880+0000] {dagbag.py:588} INFO - Filling up the DagBag from /home/airflow/.local/lib/python3.12/site-packages/airflow/example_dags/example_local_kubernetes_executor.py
[2025-01-28T22:47:25.890+0000] {processor.py:925} INFO - DAG(s) 'example_local_kubernetes_executor' retrieved from /home/airflow/.local/lib/python3.12/site-packages/airflow/example_dags/example_local_kubernetes_executor.py
[2025-01-28T22:47:25.922+0000] {logging_mixin.py:190} INFO - [2025-01-28T22:47:25.922+0000] {dag.py:3239} INFO - Sync 1 DAGs
[2025-01-28T22:47:25.934+0000] {logging_mixin.py:190} INFO - [2025-01-28T22:47:25.934+0000] {dag.py:4180} INFO - Setting next_dagrun for example_local_kubernetes_executor to None, run_after=None
[2025-01-28T22:47:25.959+0000] {processor.py:208} INFO - Processing /home/airflow/.local/lib/python3.12/site-packages/airflow/example_dags/example_local_kubernetes_executor.py took 0.086 seconds
[2025-01-28T22:47:56.466+0000] {processor.py:186} INFO - Started process (PID=68658) to work on /home/airflow/.local/lib/python3.12/site-packages/airflow/example_dags/example_local_kubernetes_executor.py
[2025-01-28T22:47:56.467+0000] {processor.py:914} INFO - Processing file /home/airflow/.local/lib/python3.12/site-packages/airflow/example_dags/example_local_kubernetes_executor.py for tasks to queue
[2025-01-28T22:47:56.470+0000] {logging_mixin.py:190} INFO - [2025-01-28T22:47:56.469+0000] {dagbag.py:588} INFO - Filling up the DagBag from /home/airflow/.local/lib/python3.12/site-packages/airflow/example_dags/example_local_kubernetes_executor.py
[2025-01-28T22:47:56.477+0000] {processor.py:925} INFO - DAG(s) 'example_local_kubernetes_executor' retrieved from /home/airflow/.local/lib/python3.12/site-packages/airflow/example_dags/example_local_kubernetes_executor.py
[2025-01-28T22:47:56.509+0000] {logging_mixin.py:190} INFO - [2025-01-28T22:47:56.508+0000] {dag.py:3239} INFO - Sync 1 DAGs
[2025-01-28T22:47:56.523+0000] {logging_mixin.py:190} INFO - [2025-01-28T22:47:56.523+0000] {dag.py:4180} INFO - Setting next_dagrun for example_local_kubernetes_executor to None, run_after=None
[2025-01-28T22:47:56.541+0000] {processor.py:208} INFO - Processing /home/airflow/.local/lib/python3.12/site-packages/airflow/example_dags/example_local_kubernetes_executor.py took 0.079 seconds
[2025-01-28T22:48:26.797+0000] {processor.py:186} INFO - Started process (PID=68954) to work on /home/airflow/.local/lib/python3.12/site-packages/airflow/example_dags/example_local_kubernetes_executor.py
[2025-01-28T22:48:26.799+0000] {processor.py:914} INFO - Processing file /home/airflow/.local/lib/python3.12/site-packages/airflow/example_dags/example_local_kubernetes_executor.py for tasks to queue
[2025-01-28T22:48:26.801+0000] {logging_mixin.py:190} INFO - [2025-01-28T22:48:26.801+0000] {dagbag.py:588} INFO - Filling up the DagBag from /home/airflow/.local/lib/python3.12/site-packages/airflow/example_dags/example_local_kubernetes_executor.py
[2025-01-28T22:48:26.813+0000] {processor.py:925} INFO - DAG(s) 'example_local_kubernetes_executor' retrieved from /home/airflow/.local/lib/python3.12/site-packages/airflow/example_dags/example_local_kubernetes_executor.py
[2025-01-28T22:48:26.850+0000] {logging_mixin.py:190} INFO - [2025-01-28T22:48:26.850+0000] {dag.py:3239} INFO - Sync 1 DAGs
[2025-01-28T22:48:26.863+0000] {logging_mixin.py:190} INFO - [2025-01-28T22:48:26.863+0000] {dag.py:4180} INFO - Setting next_dagrun for example_local_kubernetes_executor to None, run_after=None
[2025-01-28T22:48:26.881+0000] {processor.py:208} INFO - Processing /home/airflow/.local/lib/python3.12/site-packages/airflow/example_dags/example_local_kubernetes_executor.py took 0.090 seconds
[2025-01-28T22:48:57.645+0000] {processor.py:186} INFO - Started process (PID=69250) to work on /home/airflow/.local/lib/python3.12/site-packages/airflow/example_dags/example_local_kubernetes_executor.py
[2025-01-28T22:48:57.653+0000] {processor.py:914} INFO - Processing file /home/airflow/.local/lib/python3.12/site-packages/airflow/example_dags/example_local_kubernetes_executor.py for tasks to queue
[2025-01-28T22:48:57.656+0000] {logging_mixin.py:190} INFO - [2025-01-28T22:48:57.656+0000] {dagbag.py:588} INFO - Filling up the DagBag from /home/airflow/.local/lib/python3.12/site-packages/airflow/example_dags/example_local_kubernetes_executor.py
[2025-01-28T22:48:57.668+0000] {processor.py:925} INFO - DAG(s) 'example_local_kubernetes_executor' retrieved from /home/airflow/.local/lib/python3.12/site-packages/airflow/example_dags/example_local_kubernetes_executor.py
[2025-01-28T22:48:57.707+0000] {logging_mixin.py:190} INFO - [2025-01-28T22:48:57.707+0000] {dag.py:3239} INFO - Sync 1 DAGs
[2025-01-28T22:48:57.727+0000] {logging_mixin.py:190} INFO - [2025-01-28T22:48:57.727+0000] {dag.py:4180} INFO - Setting next_dagrun for example_local_kubernetes_executor to None, run_after=None
[2025-01-28T22:48:57.761+0000] {processor.py:208} INFO - Processing /home/airflow/.local/lib/python3.12/site-packages/airflow/example_dags/example_local_kubernetes_executor.py took 0.123 seconds
[2025-01-28T22:49:28.404+0000] {processor.py:186} INFO - Started process (PID=69547) to work on /home/airflow/.local/lib/python3.12/site-packages/airflow/example_dags/example_local_kubernetes_executor.py
[2025-01-28T22:49:28.405+0000] {processor.py:914} INFO - Processing file /home/airflow/.local/lib/python3.12/site-packages/airflow/example_dags/example_local_kubernetes_executor.py for tasks to queue
[2025-01-28T22:49:28.407+0000] {logging_mixin.py:190} INFO - [2025-01-28T22:49:28.407+0000] {dagbag.py:588} INFO - Filling up the DagBag from /home/airflow/.local/lib/python3.12/site-packages/airflow/example_dags/example_local_kubernetes_executor.py
[2025-01-28T22:49:28.422+0000] {processor.py:925} INFO - DAG(s) 'example_local_kubernetes_executor' retrieved from /home/airflow/.local/lib/python3.12/site-packages/airflow/example_dags/example_local_kubernetes_executor.py
[2025-01-28T22:49:28.457+0000] {logging_mixin.py:190} INFO - [2025-01-28T22:49:28.457+0000] {dag.py:3239} INFO - Sync 1 DAGs
[2025-01-28T22:49:28.471+0000] {logging_mixin.py:190} INFO - [2025-01-28T22:49:28.471+0000] {dag.py:4180} INFO - Setting next_dagrun for example_local_kubernetes_executor to None, run_after=None
[2025-01-28T22:49:28.490+0000] {processor.py:208} INFO - Processing /home/airflow/.local/lib/python3.12/site-packages/airflow/example_dags/example_local_kubernetes_executor.py took 0.091 seconds
[2025-01-28T22:49:58.964+0000] {processor.py:186} INFO - Started process (PID=69844) to work on /home/airflow/.local/lib/python3.12/site-packages/airflow/example_dags/example_local_kubernetes_executor.py
[2025-01-28T22:49:58.965+0000] {processor.py:914} INFO - Processing file /home/airflow/.local/lib/python3.12/site-packages/airflow/example_dags/example_local_kubernetes_executor.py for tasks to queue
[2025-01-28T22:49:58.967+0000] {logging_mixin.py:190} INFO - [2025-01-28T22:49:58.967+0000] {dagbag.py:588} INFO - Filling up the DagBag from /home/airflow/.local/lib/python3.12/site-packages/airflow/example_dags/example_local_kubernetes_executor.py
[2025-01-28T22:49:58.975+0000] {processor.py:925} INFO - DAG(s) 'example_local_kubernetes_executor' retrieved from /home/airflow/.local/lib/python3.12/site-packages/airflow/example_dags/example_local_kubernetes_executor.py
[2025-01-28T22:49:59.005+0000] {logging_mixin.py:190} INFO - [2025-01-28T22:49:59.004+0000] {dag.py:3239} INFO - Sync 1 DAGs
[2025-01-28T22:49:59.018+0000] {logging_mixin.py:190} INFO - [2025-01-28T22:49:59.018+0000] {dag.py:4180} INFO - Setting next_dagrun for example_local_kubernetes_executor to None, run_after=None
[2025-01-28T22:49:59.036+0000] {processor.py:208} INFO - Processing /home/airflow/.local/lib/python3.12/site-packages/airflow/example_dags/example_local_kubernetes_executor.py took 0.077 seconds
[2025-01-28T22:50:29.640+0000] {processor.py:186} INFO - Started process (PID=70140) to work on /home/airflow/.local/lib/python3.12/site-packages/airflow/example_dags/example_local_kubernetes_executor.py
[2025-01-28T22:50:29.641+0000] {processor.py:914} INFO - Processing file /home/airflow/.local/lib/python3.12/site-packages/airflow/example_dags/example_local_kubernetes_executor.py for tasks to queue
[2025-01-28T22:50:29.643+0000] {logging_mixin.py:190} INFO - [2025-01-28T22:50:29.643+0000] {dagbag.py:588} INFO - Filling up the DagBag from /home/airflow/.local/lib/python3.12/site-packages/airflow/example_dags/example_local_kubernetes_executor.py
[2025-01-28T22:50:29.653+0000] {processor.py:925} INFO - DAG(s) 'example_local_kubernetes_executor' retrieved from /home/airflow/.local/lib/python3.12/site-packages/airflow/example_dags/example_local_kubernetes_executor.py
[2025-01-28T22:50:29.680+0000] {logging_mixin.py:190} INFO - [2025-01-28T22:50:29.680+0000] {dag.py:3239} INFO - Sync 1 DAGs
[2025-01-28T22:50:29.695+0000] {logging_mixin.py:190} INFO - [2025-01-28T22:50:29.695+0000] {dag.py:4180} INFO - Setting next_dagrun for example_local_kubernetes_executor to None, run_after=None
[2025-01-28T22:50:29.711+0000] {processor.py:208} INFO - Processing /home/airflow/.local/lib/python3.12/site-packages/airflow/example_dags/example_local_kubernetes_executor.py took 0.076 seconds
[2025-01-28T22:51:00.109+0000] {processor.py:186} INFO - Started process (PID=70436) to work on /home/airflow/.local/lib/python3.12/site-packages/airflow/example_dags/example_local_kubernetes_executor.py
[2025-01-28T22:51:00.112+0000] {processor.py:914} INFO - Processing file /home/airflow/.local/lib/python3.12/site-packages/airflow/example_dags/example_local_kubernetes_executor.py for tasks to queue
[2025-01-28T22:51:00.115+0000] {logging_mixin.py:190} INFO - [2025-01-28T22:51:00.115+0000] {dagbag.py:588} INFO - Filling up the DagBag from /home/airflow/.local/lib/python3.12/site-packages/airflow/example_dags/example_local_kubernetes_executor.py
[2025-01-28T22:51:00.135+0000] {processor.py:925} INFO - DAG(s) 'example_local_kubernetes_executor' retrieved from /home/airflow/.local/lib/python3.12/site-packages/airflow/example_dags/example_local_kubernetes_executor.py
[2025-01-28T22:51:00.187+0000] {logging_mixin.py:190} INFO - [2025-01-28T22:51:00.187+0000] {dag.py:3239} INFO - Sync 1 DAGs
[2025-01-28T22:51:00.203+0000] {logging_mixin.py:190} INFO - [2025-01-28T22:51:00.203+0000] {dag.py:4180} INFO - Setting next_dagrun for example_local_kubernetes_executor to None, run_after=None
[2025-01-28T22:51:00.225+0000] {processor.py:208} INFO - Processing /home/airflow/.local/lib/python3.12/site-packages/airflow/example_dags/example_local_kubernetes_executor.py took 0.123 seconds
[2025-01-28T22:51:30.406+0000] {processor.py:186} INFO - Started process (PID=70732) to work on /home/airflow/.local/lib/python3.12/site-packages/airflow/example_dags/example_local_kubernetes_executor.py
[2025-01-28T22:51:30.407+0000] {processor.py:914} INFO - Processing file /home/airflow/.local/lib/python3.12/site-packages/airflow/example_dags/example_local_kubernetes_executor.py for tasks to queue
[2025-01-28T22:51:30.412+0000] {logging_mixin.py:190} INFO - [2025-01-28T22:51:30.411+0000] {dagbag.py:588} INFO - Filling up the DagBag from /home/airflow/.local/lib/python3.12/site-packages/airflow/example_dags/example_local_kubernetes_executor.py
[2025-01-28T22:51:30.423+0000] {processor.py:925} INFO - DAG(s) 'example_local_kubernetes_executor' retrieved from /home/airflow/.local/lib/python3.12/site-packages/airflow/example_dags/example_local_kubernetes_executor.py
[2025-01-28T22:51:30.461+0000] {logging_mixin.py:190} INFO - [2025-01-28T22:51:30.461+0000] {dag.py:3239} INFO - Sync 1 DAGs
[2025-01-28T22:51:30.476+0000] {logging_mixin.py:190} INFO - [2025-01-28T22:51:30.476+0000] {dag.py:4180} INFO - Setting next_dagrun for example_local_kubernetes_executor to None, run_after=None
[2025-01-28T22:51:30.496+0000] {processor.py:208} INFO - Processing /home/airflow/.local/lib/python3.12/site-packages/airflow/example_dags/example_local_kubernetes_executor.py took 0.097 seconds
[2025-01-28T22:52:00.676+0000] {processor.py:186} INFO - Started process (PID=71029) to work on /home/airflow/.local/lib/python3.12/site-packages/airflow/example_dags/example_local_kubernetes_executor.py
[2025-01-28T22:52:00.678+0000] {processor.py:914} INFO - Processing file /home/airflow/.local/lib/python3.12/site-packages/airflow/example_dags/example_local_kubernetes_executor.py for tasks to queue
[2025-01-28T22:52:00.684+0000] {logging_mixin.py:190} INFO - [2025-01-28T22:52:00.684+0000] {dagbag.py:588} INFO - Filling up the DagBag from /home/airflow/.local/lib/python3.12/site-packages/airflow/example_dags/example_local_kubernetes_executor.py
[2025-01-28T22:52:00.708+0000] {processor.py:925} INFO - DAG(s) 'example_local_kubernetes_executor' retrieved from /home/airflow/.local/lib/python3.12/site-packages/airflow/example_dags/example_local_kubernetes_executor.py
[2025-01-28T22:52:00.782+0000] {logging_mixin.py:190} INFO - [2025-01-28T22:52:00.781+0000] {dag.py:3239} INFO - Sync 1 DAGs
[2025-01-28T22:52:00.820+0000] {logging_mixin.py:190} INFO - [2025-01-28T22:52:00.820+0000] {dag.py:4180} INFO - Setting next_dagrun for example_local_kubernetes_executor to None, run_after=None
[2025-01-28T22:52:00.900+0000] {processor.py:208} INFO - Processing /home/airflow/.local/lib/python3.12/site-packages/airflow/example_dags/example_local_kubernetes_executor.py took 0.232 seconds
[2025-01-28T22:52:33.706+0000] {processor.py:186} INFO - Started process (PID=71333) to work on /home/airflow/.local/lib/python3.12/site-packages/airflow/example_dags/example_local_kubernetes_executor.py
[2025-01-28T22:52:33.708+0000] {processor.py:914} INFO - Processing file /home/airflow/.local/lib/python3.12/site-packages/airflow/example_dags/example_local_kubernetes_executor.py for tasks to queue
[2025-01-28T22:52:33.712+0000] {logging_mixin.py:190} INFO - [2025-01-28T22:52:33.711+0000] {dagbag.py:588} INFO - Filling up the DagBag from /home/airflow/.local/lib/python3.12/site-packages/airflow/example_dags/example_local_kubernetes_executor.py
[2025-01-28T22:52:33.748+0000] {processor.py:925} INFO - DAG(s) 'example_local_kubernetes_executor' retrieved from /home/airflow/.local/lib/python3.12/site-packages/airflow/example_dags/example_local_kubernetes_executor.py
[2025-01-28T22:52:33.875+0000] {logging_mixin.py:190} INFO - [2025-01-28T22:52:33.875+0000] {dag.py:3239} INFO - Sync 1 DAGs
[2025-01-28T22:52:33.935+0000] {logging_mixin.py:190} INFO - [2025-01-28T22:52:33.935+0000] {dag.py:4180} INFO - Setting next_dagrun for example_local_kubernetes_executor to None, run_after=None
[2025-01-28T22:52:34.026+0000] {processor.py:208} INFO - Processing /home/airflow/.local/lib/python3.12/site-packages/airflow/example_dags/example_local_kubernetes_executor.py took 0.339 seconds
[2025-01-28T22:53:05.934+0000] {processor.py:186} INFO - Started process (PID=71629) to work on /home/airflow/.local/lib/python3.12/site-packages/airflow/example_dags/example_local_kubernetes_executor.py
[2025-01-28T22:53:05.936+0000] {processor.py:914} INFO - Processing file /home/airflow/.local/lib/python3.12/site-packages/airflow/example_dags/example_local_kubernetes_executor.py for tasks to queue
[2025-01-28T22:53:05.945+0000] {logging_mixin.py:190} INFO - [2025-01-28T22:53:05.944+0000] {dagbag.py:588} INFO - Filling up the DagBag from /home/airflow/.local/lib/python3.12/site-packages/airflow/example_dags/example_local_kubernetes_executor.py
[2025-01-28T22:53:06.060+0000] {processor.py:925} INFO - DAG(s) 'example_local_kubernetes_executor' retrieved from /home/airflow/.local/lib/python3.12/site-packages/airflow/example_dags/example_local_kubernetes_executor.py
[2025-01-28T22:53:06.381+0000] {logging_mixin.py:190} INFO - [2025-01-28T22:53:06.380+0000] {dag.py:3239} INFO - Sync 1 DAGs
[2025-01-28T22:53:07.038+0000] {logging_mixin.py:190} INFO - [2025-01-28T22:53:07.037+0000] {dag.py:4180} INFO - Setting next_dagrun for example_local_kubernetes_executor to None, run_after=None
[2025-01-28T22:53:07.151+0000] {processor.py:208} INFO - Processing /home/airflow/.local/lib/python3.12/site-packages/airflow/example_dags/example_local_kubernetes_executor.py took 1.236 seconds
