[2025-01-28T22:42:53.990+0000] {processor.py:186} INFO - Started process (PID=65766) to work on /home/airflow/.local/lib/python3.12/site-packages/airflow/example_dags/example_latest_only_with_trigger.py
[2025-01-28T22:42:53.991+0000] {processor.py:914} INFO - Processing file /home/airflow/.local/lib/python3.12/site-packages/airflow/example_dags/example_latest_only_with_trigger.py for tasks to queue
[2025-01-28T22:42:53.995+0000] {logging_mixin.py:190} INFO - [2025-01-28T22:42:53.994+0000] {dagbag.py:588} INFO - Filling up the DagBag from /home/airflow/.local/lib/python3.12/site-packages/airflow/example_dags/example_latest_only_with_trigger.py
[2025-01-28T22:42:54.004+0000] {processor.py:925} INFO - DAG(s) 'latest_only_with_trigger' retrieved from /home/airflow/.local/lib/python3.12/site-packages/airflow/example_dags/example_latest_only_with_trigger.py
[2025-01-28T22:42:54.029+0000] {logging_mixin.py:190} INFO - [2025-01-28T22:42:54.029+0000] {dag.py:3239} INFO - Sync 1 DAGs
[2025-01-28T22:42:54.064+0000] {logging_mixin.py:190} INFO - [2025-01-28T22:42:54.064+0000] {dag.py:4180} INFO - Setting next_dagrun for latest_only_with_trigger to 2025-01-28 16:00:00+00:00, run_after=2025-01-28 20:00:00+00:00
[2025-01-28T22:42:54.088+0000] {processor.py:208} INFO - Processing /home/airflow/.local/lib/python3.12/site-packages/airflow/example_dags/example_latest_only_with_trigger.py took 0.106 seconds
[2025-01-28T22:43:24.308+0000] {processor.py:186} INFO - Started process (PID=66061) to work on /home/airflow/.local/lib/python3.12/site-packages/airflow/example_dags/example_latest_only_with_trigger.py
[2025-01-28T22:43:24.309+0000] {processor.py:914} INFO - Processing file /home/airflow/.local/lib/python3.12/site-packages/airflow/example_dags/example_latest_only_with_trigger.py for tasks to queue
[2025-01-28T22:43:24.311+0000] {logging_mixin.py:190} INFO - [2025-01-28T22:43:24.311+0000] {dagbag.py:588} INFO - Filling up the DagBag from /home/airflow/.local/lib/python3.12/site-packages/airflow/example_dags/example_latest_only_with_trigger.py
[2025-01-28T22:43:24.320+0000] {processor.py:925} INFO - DAG(s) 'latest_only_with_trigger' retrieved from /home/airflow/.local/lib/python3.12/site-packages/airflow/example_dags/example_latest_only_with_trigger.py
[2025-01-28T22:43:24.338+0000] {logging_mixin.py:190} INFO - [2025-01-28T22:43:24.338+0000] {dag.py:3239} INFO - Sync 1 DAGs
[2025-01-28T22:43:24.358+0000] {logging_mixin.py:190} INFO - [2025-01-28T22:43:24.358+0000] {dag.py:4180} INFO - Setting next_dagrun for latest_only_with_trigger to 2025-01-28 16:00:00+00:00, run_after=2025-01-28 20:00:00+00:00
[2025-01-28T22:43:24.374+0000] {processor.py:208} INFO - Processing /home/airflow/.local/lib/python3.12/site-packages/airflow/example_dags/example_latest_only_with_trigger.py took 0.071 seconds
[2025-01-28T22:43:54.576+0000] {processor.py:186} INFO - Started process (PID=66357) to work on /home/airflow/.local/lib/python3.12/site-packages/airflow/example_dags/example_latest_only_with_trigger.py
[2025-01-28T22:43:54.577+0000] {processor.py:914} INFO - Processing file /home/airflow/.local/lib/python3.12/site-packages/airflow/example_dags/example_latest_only_with_trigger.py for tasks to queue
[2025-01-28T22:43:54.579+0000] {logging_mixin.py:190} INFO - [2025-01-28T22:43:54.579+0000] {dagbag.py:588} INFO - Filling up the DagBag from /home/airflow/.local/lib/python3.12/site-packages/airflow/example_dags/example_latest_only_with_trigger.py
[2025-01-28T22:43:54.592+0000] {processor.py:925} INFO - DAG(s) 'latest_only_with_trigger' retrieved from /home/airflow/.local/lib/python3.12/site-packages/airflow/example_dags/example_latest_only_with_trigger.py
[2025-01-28T22:43:54.621+0000] {logging_mixin.py:190} INFO - [2025-01-28T22:43:54.620+0000] {dag.py:3239} INFO - Sync 1 DAGs
[2025-01-28T22:43:54.653+0000] {logging_mixin.py:190} INFO - [2025-01-28T22:43:54.653+0000] {dag.py:4180} INFO - Setting next_dagrun for latest_only_with_trigger to 2025-01-28 16:00:00+00:00, run_after=2025-01-28 20:00:00+00:00
[2025-01-28T22:43:54.674+0000] {processor.py:208} INFO - Processing /home/airflow/.local/lib/python3.12/site-packages/airflow/example_dags/example_latest_only_with_trigger.py took 0.105 seconds
[2025-01-28T22:44:25.206+0000] {processor.py:186} INFO - Started process (PID=66649) to work on /home/airflow/.local/lib/python3.12/site-packages/airflow/example_dags/example_latest_only_with_trigger.py
[2025-01-28T22:44:25.207+0000] {processor.py:914} INFO - Processing file /home/airflow/.local/lib/python3.12/site-packages/airflow/example_dags/example_latest_only_with_trigger.py for tasks to queue
[2025-01-28T22:44:25.209+0000] {logging_mixin.py:190} INFO - [2025-01-28T22:44:25.209+0000] {dagbag.py:588} INFO - Filling up the DagBag from /home/airflow/.local/lib/python3.12/site-packages/airflow/example_dags/example_latest_only_with_trigger.py
[2025-01-28T22:44:25.216+0000] {processor.py:925} INFO - DAG(s) 'latest_only_with_trigger' retrieved from /home/airflow/.local/lib/python3.12/site-packages/airflow/example_dags/example_latest_only_with_trigger.py
[2025-01-28T22:44:25.234+0000] {logging_mixin.py:190} INFO - [2025-01-28T22:44:25.233+0000] {dag.py:3239} INFO - Sync 1 DAGs
[2025-01-28T22:44:25.255+0000] {logging_mixin.py:190} INFO - [2025-01-28T22:44:25.255+0000] {dag.py:4180} INFO - Setting next_dagrun for latest_only_with_trigger to 2025-01-28 16:00:00+00:00, run_after=2025-01-28 20:00:00+00:00
[2025-01-28T22:44:25.272+0000] {processor.py:208} INFO - Processing /home/airflow/.local/lib/python3.12/site-packages/airflow/example_dags/example_latest_only_with_trigger.py took 0.073 seconds
[2025-01-28T22:44:55.545+0000] {processor.py:186} INFO - Started process (PID=66932) to work on /home/airflow/.local/lib/python3.12/site-packages/airflow/example_dags/example_latest_only_with_trigger.py
[2025-01-28T22:44:55.546+0000] {processor.py:914} INFO - Processing file /home/airflow/.local/lib/python3.12/site-packages/airflow/example_dags/example_latest_only_with_trigger.py for tasks to queue
[2025-01-28T22:44:55.549+0000] {logging_mixin.py:190} INFO - [2025-01-28T22:44:55.548+0000] {dagbag.py:588} INFO - Filling up the DagBag from /home/airflow/.local/lib/python3.12/site-packages/airflow/example_dags/example_latest_only_with_trigger.py
[2025-01-28T22:44:55.555+0000] {processor.py:925} INFO - DAG(s) 'latest_only_with_trigger' retrieved from /home/airflow/.local/lib/python3.12/site-packages/airflow/example_dags/example_latest_only_with_trigger.py
[2025-01-28T22:44:55.580+0000] {logging_mixin.py:190} INFO - [2025-01-28T22:44:55.580+0000] {dag.py:3239} INFO - Sync 1 DAGs
[2025-01-28T22:44:55.613+0000] {logging_mixin.py:190} INFO - [2025-01-28T22:44:55.613+0000] {dag.py:4180} INFO - Setting next_dagrun for latest_only_with_trigger to 2025-01-28 16:00:00+00:00, run_after=2025-01-28 20:00:00+00:00
[2025-01-28T22:44:55.651+0000] {processor.py:208} INFO - Processing /home/airflow/.local/lib/python3.12/site-packages/airflow/example_dags/example_latest_only_with_trigger.py took 0.111 seconds
[2025-01-28T22:45:26.325+0000] {processor.py:186} INFO - Started process (PID=67226) to work on /home/airflow/.local/lib/python3.12/site-packages/airflow/example_dags/example_latest_only_with_trigger.py
[2025-01-28T22:45:26.326+0000] {processor.py:914} INFO - Processing file /home/airflow/.local/lib/python3.12/site-packages/airflow/example_dags/example_latest_only_with_trigger.py for tasks to queue
[2025-01-28T22:45:26.329+0000] {logging_mixin.py:190} INFO - [2025-01-28T22:45:26.329+0000] {dagbag.py:588} INFO - Filling up the DagBag from /home/airflow/.local/lib/python3.12/site-packages/airflow/example_dags/example_latest_only_with_trigger.py
[2025-01-28T22:45:26.339+0000] {processor.py:925} INFO - DAG(s) 'latest_only_with_trigger' retrieved from /home/airflow/.local/lib/python3.12/site-packages/airflow/example_dags/example_latest_only_with_trigger.py
[2025-01-28T22:45:26.358+0000] {logging_mixin.py:190} INFO - [2025-01-28T22:45:26.358+0000] {dag.py:3239} INFO - Sync 1 DAGs
[2025-01-28T22:45:26.385+0000] {logging_mixin.py:190} INFO - [2025-01-28T22:45:26.385+0000] {dag.py:4180} INFO - Setting next_dagrun for latest_only_with_trigger to 2025-01-28 16:00:00+00:00, run_after=2025-01-28 20:00:00+00:00
[2025-01-28T22:45:26.404+0000] {processor.py:208} INFO - Processing /home/airflow/.local/lib/python3.12/site-packages/airflow/example_dags/example_latest_only_with_trigger.py took 0.086 seconds
[2025-01-28T22:45:56.495+0000] {processor.py:186} INFO - Started process (PID=67517) to work on /home/airflow/.local/lib/python3.12/site-packages/airflow/example_dags/example_latest_only_with_trigger.py
[2025-01-28T22:45:56.496+0000] {processor.py:914} INFO - Processing file /home/airflow/.local/lib/python3.12/site-packages/airflow/example_dags/example_latest_only_with_trigger.py for tasks to queue
[2025-01-28T22:45:56.499+0000] {logging_mixin.py:190} INFO - [2025-01-28T22:45:56.498+0000] {dagbag.py:588} INFO - Filling up the DagBag from /home/airflow/.local/lib/python3.12/site-packages/airflow/example_dags/example_latest_only_with_trigger.py
[2025-01-28T22:45:56.506+0000] {processor.py:925} INFO - DAG(s) 'latest_only_with_trigger' retrieved from /home/airflow/.local/lib/python3.12/site-packages/airflow/example_dags/example_latest_only_with_trigger.py
[2025-01-28T22:45:56.526+0000] {logging_mixin.py:190} INFO - [2025-01-28T22:45:56.525+0000] {dag.py:3239} INFO - Sync 1 DAGs
[2025-01-28T22:45:56.545+0000] {logging_mixin.py:190} INFO - [2025-01-28T22:45:56.545+0000] {dag.py:4180} INFO - Setting next_dagrun for latest_only_with_trigger to 2025-01-28 16:00:00+00:00, run_after=2025-01-28 20:00:00+00:00
[2025-01-28T22:45:56.562+0000] {processor.py:208} INFO - Processing /home/airflow/.local/lib/python3.12/site-packages/airflow/example_dags/example_latest_only_with_trigger.py took 0.074 seconds
[2025-01-28T22:46:26.613+0000] {processor.py:186} INFO - Started process (PID=67810) to work on /home/airflow/.local/lib/python3.12/site-packages/airflow/example_dags/example_latest_only_with_trigger.py
[2025-01-28T22:46:26.614+0000] {processor.py:914} INFO - Processing file /home/airflow/.local/lib/python3.12/site-packages/airflow/example_dags/example_latest_only_with_trigger.py for tasks to queue
[2025-01-28T22:46:26.616+0000] {logging_mixin.py:190} INFO - [2025-01-28T22:46:26.616+0000] {dagbag.py:588} INFO - Filling up the DagBag from /home/airflow/.local/lib/python3.12/site-packages/airflow/example_dags/example_latest_only_with_trigger.py
[2025-01-28T22:46:26.624+0000] {processor.py:925} INFO - DAG(s) 'latest_only_with_trigger' retrieved from /home/airflow/.local/lib/python3.12/site-packages/airflow/example_dags/example_latest_only_with_trigger.py
[2025-01-28T22:46:26.642+0000] {logging_mixin.py:190} INFO - [2025-01-28T22:46:26.642+0000] {dag.py:3239} INFO - Sync 1 DAGs
[2025-01-28T22:46:26.663+0000] {logging_mixin.py:190} INFO - [2025-01-28T22:46:26.663+0000] {dag.py:4180} INFO - Setting next_dagrun for latest_only_with_trigger to 2025-01-28 16:00:00+00:00, run_after=2025-01-28 20:00:00+00:00
[2025-01-28T22:46:26.684+0000] {processor.py:208} INFO - Processing /home/airflow/.local/lib/python3.12/site-packages/airflow/example_dags/example_latest_only_with_trigger.py took 0.076 seconds
[2025-01-28T22:46:56.964+0000] {processor.py:186} INFO - Started process (PID=68101) to work on /home/airflow/.local/lib/python3.12/site-packages/airflow/example_dags/example_latest_only_with_trigger.py
[2025-01-28T22:46:56.965+0000] {processor.py:914} INFO - Processing file /home/airflow/.local/lib/python3.12/site-packages/airflow/example_dags/example_latest_only_with_trigger.py for tasks to queue
[2025-01-28T22:46:56.968+0000] {logging_mixin.py:190} INFO - [2025-01-28T22:46:56.967+0000] {dagbag.py:588} INFO - Filling up the DagBag from /home/airflow/.local/lib/python3.12/site-packages/airflow/example_dags/example_latest_only_with_trigger.py
[2025-01-28T22:46:56.977+0000] {processor.py:925} INFO - DAG(s) 'latest_only_with_trigger' retrieved from /home/airflow/.local/lib/python3.12/site-packages/airflow/example_dags/example_latest_only_with_trigger.py
[2025-01-28T22:46:56.999+0000] {logging_mixin.py:190} INFO - [2025-01-28T22:46:56.999+0000] {dag.py:3239} INFO - Sync 1 DAGs
[2025-01-28T22:46:57.029+0000] {logging_mixin.py:190} INFO - [2025-01-28T22:46:57.029+0000] {dag.py:4180} INFO - Setting next_dagrun for latest_only_with_trigger to 2025-01-28 16:00:00+00:00, run_after=2025-01-28 20:00:00+00:00
[2025-01-28T22:46:57.053+0000] {processor.py:208} INFO - Processing /home/airflow/.local/lib/python3.12/site-packages/airflow/example_dags/example_latest_only_with_trigger.py took 0.094 seconds
[2025-01-28T22:47:27.393+0000] {processor.py:186} INFO - Started process (PID=68397) to work on /home/airflow/.local/lib/python3.12/site-packages/airflow/example_dags/example_latest_only_with_trigger.py
[2025-01-28T22:47:27.394+0000] {processor.py:914} INFO - Processing file /home/airflow/.local/lib/python3.12/site-packages/airflow/example_dags/example_latest_only_with_trigger.py for tasks to queue
[2025-01-28T22:47:27.396+0000] {logging_mixin.py:190} INFO - [2025-01-28T22:47:27.396+0000] {dagbag.py:588} INFO - Filling up the DagBag from /home/airflow/.local/lib/python3.12/site-packages/airflow/example_dags/example_latest_only_with_trigger.py
[2025-01-28T22:47:27.403+0000] {processor.py:925} INFO - DAG(s) 'latest_only_with_trigger' retrieved from /home/airflow/.local/lib/python3.12/site-packages/airflow/example_dags/example_latest_only_with_trigger.py
[2025-01-28T22:47:27.430+0000] {logging_mixin.py:190} INFO - [2025-01-28T22:47:27.430+0000] {dag.py:3239} INFO - Sync 1 DAGs
[2025-01-28T22:47:27.476+0000] {logging_mixin.py:190} INFO - [2025-01-28T22:47:27.476+0000] {dag.py:4180} INFO - Setting next_dagrun for latest_only_with_trigger to 2025-01-28 16:00:00+00:00, run_after=2025-01-28 20:00:00+00:00
[2025-01-28T22:47:27.506+0000] {processor.py:208} INFO - Processing /home/airflow/.local/lib/python3.12/site-packages/airflow/example_dags/example_latest_only_with_trigger.py took 0.117 seconds
[2025-01-28T22:47:57.600+0000] {processor.py:186} INFO - Started process (PID=68676) to work on /home/airflow/.local/lib/python3.12/site-packages/airflow/example_dags/example_latest_only_with_trigger.py
[2025-01-28T22:47:57.601+0000] {processor.py:914} INFO - Processing file /home/airflow/.local/lib/python3.12/site-packages/airflow/example_dags/example_latest_only_with_trigger.py for tasks to queue
[2025-01-28T22:47:57.603+0000] {logging_mixin.py:190} INFO - [2025-01-28T22:47:57.603+0000] {dagbag.py:588} INFO - Filling up the DagBag from /home/airflow/.local/lib/python3.12/site-packages/airflow/example_dags/example_latest_only_with_trigger.py
[2025-01-28T22:47:57.610+0000] {processor.py:925} INFO - DAG(s) 'latest_only_with_trigger' retrieved from /home/airflow/.local/lib/python3.12/site-packages/airflow/example_dags/example_latest_only_with_trigger.py
[2025-01-28T22:47:57.631+0000] {logging_mixin.py:190} INFO - [2025-01-28T22:47:57.631+0000] {dag.py:3239} INFO - Sync 1 DAGs
[2025-01-28T22:47:57.652+0000] {logging_mixin.py:190} INFO - [2025-01-28T22:47:57.651+0000] {dag.py:4180} INFO - Setting next_dagrun for latest_only_with_trigger to 2025-01-28 16:00:00+00:00, run_after=2025-01-28 20:00:00+00:00
[2025-01-28T22:47:57.671+0000] {processor.py:208} INFO - Processing /home/airflow/.local/lib/python3.12/site-packages/airflow/example_dags/example_latest_only_with_trigger.py took 0.077 seconds
[2025-01-28T22:48:27.946+0000] {processor.py:186} INFO - Started process (PID=68972) to work on /home/airflow/.local/lib/python3.12/site-packages/airflow/example_dags/example_latest_only_with_trigger.py
[2025-01-28T22:48:27.947+0000] {processor.py:914} INFO - Processing file /home/airflow/.local/lib/python3.12/site-packages/airflow/example_dags/example_latest_only_with_trigger.py for tasks to queue
[2025-01-28T22:48:27.949+0000] {logging_mixin.py:190} INFO - [2025-01-28T22:48:27.949+0000] {dagbag.py:588} INFO - Filling up the DagBag from /home/airflow/.local/lib/python3.12/site-packages/airflow/example_dags/example_latest_only_with_trigger.py
[2025-01-28T22:48:27.960+0000] {processor.py:925} INFO - DAG(s) 'latest_only_with_trigger' retrieved from /home/airflow/.local/lib/python3.12/site-packages/airflow/example_dags/example_latest_only_with_trigger.py
[2025-01-28T22:48:27.985+0000] {logging_mixin.py:190} INFO - [2025-01-28T22:48:27.985+0000] {dag.py:3239} INFO - Sync 1 DAGs
[2025-01-28T22:48:28.020+0000] {logging_mixin.py:190} INFO - [2025-01-28T22:48:28.020+0000] {dag.py:4180} INFO - Setting next_dagrun for latest_only_with_trigger to 2025-01-28 16:00:00+00:00, run_after=2025-01-28 20:00:00+00:00
[2025-01-28T22:48:28.048+0000] {processor.py:208} INFO - Processing /home/airflow/.local/lib/python3.12/site-packages/airflow/example_dags/example_latest_only_with_trigger.py took 0.107 seconds
[2025-01-28T22:48:58.821+0000] {processor.py:186} INFO - Started process (PID=69268) to work on /home/airflow/.local/lib/python3.12/site-packages/airflow/example_dags/example_latest_only_with_trigger.py
[2025-01-28T22:48:58.822+0000] {processor.py:914} INFO - Processing file /home/airflow/.local/lib/python3.12/site-packages/airflow/example_dags/example_latest_only_with_trigger.py for tasks to queue
[2025-01-28T22:48:58.824+0000] {logging_mixin.py:190} INFO - [2025-01-28T22:48:58.824+0000] {dagbag.py:588} INFO - Filling up the DagBag from /home/airflow/.local/lib/python3.12/site-packages/airflow/example_dags/example_latest_only_with_trigger.py
[2025-01-28T22:48:58.830+0000] {processor.py:925} INFO - DAG(s) 'latest_only_with_trigger' retrieved from /home/airflow/.local/lib/python3.12/site-packages/airflow/example_dags/example_latest_only_with_trigger.py
[2025-01-28T22:48:58.852+0000] {logging_mixin.py:190} INFO - [2025-01-28T22:48:58.852+0000] {dag.py:3239} INFO - Sync 1 DAGs
[2025-01-28T22:48:58.872+0000] {logging_mixin.py:190} INFO - [2025-01-28T22:48:58.872+0000] {dag.py:4180} INFO - Setting next_dagrun for latest_only_with_trigger to 2025-01-28 16:00:00+00:00, run_after=2025-01-28 20:00:00+00:00
[2025-01-28T22:48:58.891+0000] {processor.py:208} INFO - Processing /home/airflow/.local/lib/python3.12/site-packages/airflow/example_dags/example_latest_only_with_trigger.py took 0.075 seconds
[2025-01-28T22:49:29.554+0000] {processor.py:186} INFO - Started process (PID=69565) to work on /home/airflow/.local/lib/python3.12/site-packages/airflow/example_dags/example_latest_only_with_trigger.py
[2025-01-28T22:49:29.555+0000] {processor.py:914} INFO - Processing file /home/airflow/.local/lib/python3.12/site-packages/airflow/example_dags/example_latest_only_with_trigger.py for tasks to queue
[2025-01-28T22:49:29.557+0000] {logging_mixin.py:190} INFO - [2025-01-28T22:49:29.557+0000] {dagbag.py:588} INFO - Filling up the DagBag from /home/airflow/.local/lib/python3.12/site-packages/airflow/example_dags/example_latest_only_with_trigger.py
[2025-01-28T22:49:29.563+0000] {processor.py:925} INFO - DAG(s) 'latest_only_with_trigger' retrieved from /home/airflow/.local/lib/python3.12/site-packages/airflow/example_dags/example_latest_only_with_trigger.py
[2025-01-28T22:49:29.583+0000] {logging_mixin.py:190} INFO - [2025-01-28T22:49:29.583+0000] {dag.py:3239} INFO - Sync 1 DAGs
[2025-01-28T22:49:29.603+0000] {logging_mixin.py:190} INFO - [2025-01-28T22:49:29.603+0000] {dag.py:4180} INFO - Setting next_dagrun for latest_only_with_trigger to 2025-01-28 16:00:00+00:00, run_after=2025-01-28 20:00:00+00:00
[2025-01-28T22:49:29.621+0000] {processor.py:208} INFO - Processing /home/airflow/.local/lib/python3.12/site-packages/airflow/example_dags/example_latest_only_with_trigger.py took 0.072 seconds
[2025-01-28T22:50:00.110+0000] {processor.py:186} INFO - Started process (PID=69862) to work on /home/airflow/.local/lib/python3.12/site-packages/airflow/example_dags/example_latest_only_with_trigger.py
[2025-01-28T22:50:00.111+0000] {processor.py:914} INFO - Processing file /home/airflow/.local/lib/python3.12/site-packages/airflow/example_dags/example_latest_only_with_trigger.py for tasks to queue
[2025-01-28T22:50:00.113+0000] {logging_mixin.py:190} INFO - [2025-01-28T22:50:00.113+0000] {dagbag.py:588} INFO - Filling up the DagBag from /home/airflow/.local/lib/python3.12/site-packages/airflow/example_dags/example_latest_only_with_trigger.py
[2025-01-28T22:50:00.121+0000] {processor.py:925} INFO - DAG(s) 'latest_only_with_trigger' retrieved from /home/airflow/.local/lib/python3.12/site-packages/airflow/example_dags/example_latest_only_with_trigger.py
[2025-01-28T22:50:00.142+0000] {logging_mixin.py:190} INFO - [2025-01-28T22:50:00.141+0000] {dag.py:3239} INFO - Sync 1 DAGs
[2025-01-28T22:50:00.167+0000] {logging_mixin.py:190} INFO - [2025-01-28T22:50:00.167+0000] {dag.py:4180} INFO - Setting next_dagrun for latest_only_with_trigger to 2025-01-28 16:00:00+00:00, run_after=2025-01-28 20:00:00+00:00
[2025-01-28T22:50:00.185+0000] {processor.py:208} INFO - Processing /home/airflow/.local/lib/python3.12/site-packages/airflow/example_dags/example_latest_only_with_trigger.py took 0.082 seconds
[2025-01-28T22:50:30.793+0000] {processor.py:186} INFO - Started process (PID=70158) to work on /home/airflow/.local/lib/python3.12/site-packages/airflow/example_dags/example_latest_only_with_trigger.py
[2025-01-28T22:50:30.794+0000] {processor.py:914} INFO - Processing file /home/airflow/.local/lib/python3.12/site-packages/airflow/example_dags/example_latest_only_with_trigger.py for tasks to queue
[2025-01-28T22:50:30.796+0000] {logging_mixin.py:190} INFO - [2025-01-28T22:50:30.796+0000] {dagbag.py:588} INFO - Filling up the DagBag from /home/airflow/.local/lib/python3.12/site-packages/airflow/example_dags/example_latest_only_with_trigger.py
[2025-01-28T22:50:30.803+0000] {processor.py:925} INFO - DAG(s) 'latest_only_with_trigger' retrieved from /home/airflow/.local/lib/python3.12/site-packages/airflow/example_dags/example_latest_only_with_trigger.py
[2025-01-28T22:50:30.823+0000] {logging_mixin.py:190} INFO - [2025-01-28T22:50:30.823+0000] {dag.py:3239} INFO - Sync 1 DAGs
[2025-01-28T22:50:30.846+0000] {logging_mixin.py:190} INFO - [2025-01-28T22:50:30.846+0000] {dag.py:4180} INFO - Setting next_dagrun for latest_only_with_trigger to 2025-01-28 16:00:00+00:00, run_after=2025-01-28 20:00:00+00:00
[2025-01-28T22:50:30.867+0000] {processor.py:208} INFO - Processing /home/airflow/.local/lib/python3.12/site-packages/airflow/example_dags/example_latest_only_with_trigger.py took 0.079 seconds
[2025-01-28T22:51:01.317+0000] {processor.py:186} INFO - Started process (PID=70454) to work on /home/airflow/.local/lib/python3.12/site-packages/airflow/example_dags/example_latest_only_with_trigger.py
[2025-01-28T22:51:01.320+0000] {processor.py:914} INFO - Processing file /home/airflow/.local/lib/python3.12/site-packages/airflow/example_dags/example_latest_only_with_trigger.py for tasks to queue
[2025-01-28T22:51:01.328+0000] {logging_mixin.py:190} INFO - [2025-01-28T22:51:01.328+0000] {dagbag.py:588} INFO - Filling up the DagBag from /home/airflow/.local/lib/python3.12/site-packages/airflow/example_dags/example_latest_only_with_trigger.py
[2025-01-28T22:51:01.343+0000] {processor.py:925} INFO - DAG(s) 'latest_only_with_trigger' retrieved from /home/airflow/.local/lib/python3.12/site-packages/airflow/example_dags/example_latest_only_with_trigger.py
[2025-01-28T22:51:01.393+0000] {logging_mixin.py:190} INFO - [2025-01-28T22:51:01.393+0000] {dag.py:3239} INFO - Sync 1 DAGs
[2025-01-28T22:51:01.435+0000] {logging_mixin.py:190} INFO - [2025-01-28T22:51:01.435+0000] {dag.py:4180} INFO - Setting next_dagrun for latest_only_with_trigger to 2025-01-28 16:00:00+00:00, run_after=2025-01-28 20:00:00+00:00
[2025-01-28T22:51:01.463+0000] {processor.py:208} INFO - Processing /home/airflow/.local/lib/python3.12/site-packages/airflow/example_dags/example_latest_only_with_trigger.py took 0.157 seconds
[2025-01-28T22:51:31.563+0000] {processor.py:186} INFO - Started process (PID=70750) to work on /home/airflow/.local/lib/python3.12/site-packages/airflow/example_dags/example_latest_only_with_trigger.py
[2025-01-28T22:51:31.564+0000] {processor.py:914} INFO - Processing file /home/airflow/.local/lib/python3.12/site-packages/airflow/example_dags/example_latest_only_with_trigger.py for tasks to queue
[2025-01-28T22:51:31.571+0000] {logging_mixin.py:190} INFO - [2025-01-28T22:51:31.570+0000] {dagbag.py:588} INFO - Filling up the DagBag from /home/airflow/.local/lib/python3.12/site-packages/airflow/example_dags/example_latest_only_with_trigger.py
[2025-01-28T22:51:31.582+0000] {processor.py:925} INFO - DAG(s) 'latest_only_with_trigger' retrieved from /home/airflow/.local/lib/python3.12/site-packages/airflow/example_dags/example_latest_only_with_trigger.py
[2025-01-28T22:51:31.608+0000] {logging_mixin.py:190} INFO - [2025-01-28T22:51:31.607+0000] {dag.py:3239} INFO - Sync 1 DAGs
[2025-01-28T22:51:31.639+0000] {logging_mixin.py:190} INFO - [2025-01-28T22:51:31.639+0000] {dag.py:4180} INFO - Setting next_dagrun for latest_only_with_trigger to 2025-01-28 16:00:00+00:00, run_after=2025-01-28 20:00:00+00:00
[2025-01-28T22:51:31.663+0000] {processor.py:208} INFO - Processing /home/airflow/.local/lib/python3.12/site-packages/airflow/example_dags/example_latest_only_with_trigger.py took 0.107 seconds
[2025-01-28T22:52:02.166+0000] {processor.py:186} INFO - Started process (PID=71047) to work on /home/airflow/.local/lib/python3.12/site-packages/airflow/example_dags/example_latest_only_with_trigger.py
[2025-01-28T22:52:02.191+0000] {processor.py:914} INFO - Processing file /home/airflow/.local/lib/python3.12/site-packages/airflow/example_dags/example_latest_only_with_trigger.py for tasks to queue
[2025-01-28T22:52:02.199+0000] {logging_mixin.py:190} INFO - [2025-01-28T22:52:02.198+0000] {dagbag.py:588} INFO - Filling up the DagBag from /home/airflow/.local/lib/python3.12/site-packages/airflow/example_dags/example_latest_only_with_trigger.py
[2025-01-28T22:52:02.218+0000] {processor.py:925} INFO - DAG(s) 'latest_only_with_trigger' retrieved from /home/airflow/.local/lib/python3.12/site-packages/airflow/example_dags/example_latest_only_with_trigger.py
[2025-01-28T22:52:02.277+0000] {logging_mixin.py:190} INFO - [2025-01-28T22:52:02.277+0000] {dag.py:3239} INFO - Sync 1 DAGs
[2025-01-28T22:52:02.385+0000] {logging_mixin.py:190} INFO - [2025-01-28T22:52:02.384+0000] {dag.py:4180} INFO - Setting next_dagrun for latest_only_with_trigger to 2025-01-28 16:00:00+00:00, run_after=2025-01-28 20:00:00+00:00
[2025-01-28T22:52:02.487+0000] {processor.py:208} INFO - Processing /home/airflow/.local/lib/python3.12/site-packages/airflow/example_dags/example_latest_only_with_trigger.py took 0.340 seconds
[2025-01-28T22:52:33.673+0000] {processor.py:186} INFO - Started process (PID=71330) to work on /home/airflow/.local/lib/python3.12/site-packages/airflow/example_dags/example_latest_only_with_trigger.py
[2025-01-28T22:52:33.680+0000] {processor.py:914} INFO - Processing file /home/airflow/.local/lib/python3.12/site-packages/airflow/example_dags/example_latest_only_with_trigger.py for tasks to queue
[2025-01-28T22:52:33.688+0000] {logging_mixin.py:190} INFO - [2025-01-28T22:52:33.687+0000] {dagbag.py:588} INFO - Filling up the DagBag from /home/airflow/.local/lib/python3.12/site-packages/airflow/example_dags/example_latest_only_with_trigger.py
[2025-01-28T22:52:33.709+0000] {processor.py:925} INFO - DAG(s) 'latest_only_with_trigger' retrieved from /home/airflow/.local/lib/python3.12/site-packages/airflow/example_dags/example_latest_only_with_trigger.py
[2025-01-28T22:52:33.779+0000] {logging_mixin.py:190} INFO - [2025-01-28T22:52:33.779+0000] {dag.py:3239} INFO - Sync 1 DAGs
[2025-01-28T22:52:33.870+0000] {logging_mixin.py:190} INFO - [2025-01-28T22:52:33.870+0000] {dag.py:4180} INFO - Setting next_dagrun for latest_only_with_trigger to 2025-01-28 16:00:00+00:00, run_after=2025-01-28 20:00:00+00:00
[2025-01-28T22:52:33.940+0000] {processor.py:208} INFO - Processing /home/airflow/.local/lib/python3.12/site-packages/airflow/example_dags/example_latest_only_with_trigger.py took 0.279 seconds
[2025-01-28T22:53:05.519+0000] {processor.py:186} INFO - Started process (PID=71624) to work on /home/airflow/.local/lib/python3.12/site-packages/airflow/example_dags/example_latest_only_with_trigger.py
[2025-01-28T22:53:05.523+0000] {processor.py:914} INFO - Processing file /home/airflow/.local/lib/python3.12/site-packages/airflow/example_dags/example_latest_only_with_trigger.py for tasks to queue
[2025-01-28T22:53:05.528+0000] {logging_mixin.py:190} INFO - [2025-01-28T22:53:05.527+0000] {dagbag.py:588} INFO - Filling up the DagBag from /home/airflow/.local/lib/python3.12/site-packages/airflow/example_dags/example_latest_only_with_trigger.py
[2025-01-28T22:53:05.545+0000] {processor.py:925} INFO - DAG(s) 'latest_only_with_trigger' retrieved from /home/airflow/.local/lib/python3.12/site-packages/airflow/example_dags/example_latest_only_with_trigger.py
[2025-01-28T22:53:05.608+0000] {logging_mixin.py:190} INFO - [2025-01-28T22:53:05.608+0000] {dag.py:3239} INFO - Sync 1 DAGs
[2025-01-28T22:53:06.211+0000] {logging_mixin.py:190} INFO - [2025-01-28T22:53:06.211+0000] {dag.py:4180} INFO - Setting next_dagrun for latest_only_with_trigger to 2025-01-28 16:00:00+00:00, run_after=2025-01-28 20:00:00+00:00
[2025-01-28T22:53:06.337+0000] {processor.py:208} INFO - Processing /home/airflow/.local/lib/python3.12/site-packages/airflow/example_dags/example_latest_only_with_trigger.py took 0.830 seconds
