[2025-01-28T22:42:55.917+0000] {processor.py:186} INFO - Started process (PID=65861) to work on /home/airflow/.local/lib/python3.12/site-packages/airflow/example_dags/example_branch_operator_decorator.py
[2025-01-28T22:42:55.918+0000] {processor.py:914} INFO - Processing file /home/airflow/.local/lib/python3.12/site-packages/airflow/example_dags/example_branch_operator_decorator.py for tasks to queue
[2025-01-28T22:42:55.921+0000] {logging_mixin.py:190} INFO - [2025-01-28T22:42:55.921+0000] {dagbag.py:588} INFO - Filling up the DagBag from /home/airflow/.local/lib/python3.12/site-packages/airflow/example_dags/example_branch_operator_decorator.py
[2025-01-28T22:42:55.947+0000] {processor.py:925} INFO - DAG(s) 'example_branch_python_operator_decorator' retrieved from /home/airflow/.local/lib/python3.12/site-packages/airflow/example_dags/example_branch_operator_decorator.py
[2025-01-28T22:42:55.981+0000] {logging_mixin.py:190} INFO - [2025-01-28T22:42:55.981+0000] {dag.py:3239} INFO - Sync 1 DAGs
[2025-01-28T22:42:56.016+0000] {logging_mixin.py:190} INFO - [2025-01-28T22:42:56.015+0000] {dag.py:4180} INFO - Setting next_dagrun for example_branch_python_operator_decorator to 2025-01-27 00:00:00+00:00, run_after=2025-01-28 00:00:00+00:00
[2025-01-28T22:42:56.043+0000] {processor.py:208} INFO - Processing /home/airflow/.local/lib/python3.12/site-packages/airflow/example_dags/example_branch_operator_decorator.py took 0.135 seconds
[2025-01-28T22:43:26.839+0000] {processor.py:186} INFO - Started process (PID=66159) to work on /home/airflow/.local/lib/python3.12/site-packages/airflow/example_dags/example_branch_operator_decorator.py
[2025-01-28T22:43:26.841+0000] {processor.py:914} INFO - Processing file /home/airflow/.local/lib/python3.12/site-packages/airflow/example_dags/example_branch_operator_decorator.py for tasks to queue
[2025-01-28T22:43:26.843+0000] {logging_mixin.py:190} INFO - [2025-01-28T22:43:26.843+0000] {dagbag.py:588} INFO - Filling up the DagBag from /home/airflow/.local/lib/python3.12/site-packages/airflow/example_dags/example_branch_operator_decorator.py
[2025-01-28T22:43:26.882+0000] {processor.py:925} INFO - DAG(s) 'example_branch_python_operator_decorator' retrieved from /home/airflow/.local/lib/python3.12/site-packages/airflow/example_dags/example_branch_operator_decorator.py
[2025-01-28T22:43:26.921+0000] {logging_mixin.py:190} INFO - [2025-01-28T22:43:26.921+0000] {dag.py:3239} INFO - Sync 1 DAGs
[2025-01-28T22:43:26.952+0000] {logging_mixin.py:190} INFO - [2025-01-28T22:43:26.952+0000] {dag.py:4180} INFO - Setting next_dagrun for example_branch_python_operator_decorator to 2025-01-27 00:00:00+00:00, run_after=2025-01-28 00:00:00+00:00
[2025-01-28T22:43:26.981+0000] {processor.py:208} INFO - Processing /home/airflow/.local/lib/python3.12/site-packages/airflow/example_dags/example_branch_operator_decorator.py took 0.148 seconds
[2025-01-28T22:43:57.128+0000] {processor.py:186} INFO - Started process (PID=66460) to work on /home/airflow/.local/lib/python3.12/site-packages/airflow/example_dags/example_branch_operator_decorator.py
[2025-01-28T22:43:57.129+0000] {processor.py:914} INFO - Processing file /home/airflow/.local/lib/python3.12/site-packages/airflow/example_dags/example_branch_operator_decorator.py for tasks to queue
[2025-01-28T22:43:57.131+0000] {logging_mixin.py:190} INFO - [2025-01-28T22:43:57.131+0000] {dagbag.py:588} INFO - Filling up the DagBag from /home/airflow/.local/lib/python3.12/site-packages/airflow/example_dags/example_branch_operator_decorator.py
[2025-01-28T22:43:57.150+0000] {processor.py:925} INFO - DAG(s) 'example_branch_python_operator_decorator' retrieved from /home/airflow/.local/lib/python3.12/site-packages/airflow/example_dags/example_branch_operator_decorator.py
[2025-01-28T22:43:57.178+0000] {logging_mixin.py:190} INFO - [2025-01-28T22:43:57.177+0000] {dag.py:3239} INFO - Sync 1 DAGs
[2025-01-28T22:43:57.200+0000] {logging_mixin.py:190} INFO - [2025-01-28T22:43:57.200+0000] {dag.py:4180} INFO - Setting next_dagrun for example_branch_python_operator_decorator to 2025-01-27 00:00:00+00:00, run_after=2025-01-28 00:00:00+00:00
[2025-01-28T22:43:57.217+0000] {processor.py:208} INFO - Processing /home/airflow/.local/lib/python3.12/site-packages/airflow/example_dags/example_branch_operator_decorator.py took 0.094 seconds
[2025-01-28T22:44:27.834+0000] {processor.py:186} INFO - Started process (PID=66754) to work on /home/airflow/.local/lib/python3.12/site-packages/airflow/example_dags/example_branch_operator_decorator.py
[2025-01-28T22:44:27.835+0000] {processor.py:914} INFO - Processing file /home/airflow/.local/lib/python3.12/site-packages/airflow/example_dags/example_branch_operator_decorator.py for tasks to queue
[2025-01-28T22:44:27.838+0000] {logging_mixin.py:190} INFO - [2025-01-28T22:44:27.838+0000] {dagbag.py:588} INFO - Filling up the DagBag from /home/airflow/.local/lib/python3.12/site-packages/airflow/example_dags/example_branch_operator_decorator.py
[2025-01-28T22:44:27.861+0000] {processor.py:925} INFO - DAG(s) 'example_branch_python_operator_decorator' retrieved from /home/airflow/.local/lib/python3.12/site-packages/airflow/example_dags/example_branch_operator_decorator.py
[2025-01-28T22:44:27.890+0000] {logging_mixin.py:190} INFO - [2025-01-28T22:44:27.890+0000] {dag.py:3239} INFO - Sync 1 DAGs
[2025-01-28T22:44:27.914+0000] {logging_mixin.py:190} INFO - [2025-01-28T22:44:27.914+0000] {dag.py:4180} INFO - Setting next_dagrun for example_branch_python_operator_decorator to 2025-01-27 00:00:00+00:00, run_after=2025-01-28 00:00:00+00:00
[2025-01-28T22:44:27.933+0000] {processor.py:208} INFO - Processing /home/airflow/.local/lib/python3.12/site-packages/airflow/example_dags/example_branch_operator_decorator.py took 0.105 seconds
[2025-01-28T22:44:58.694+0000] {processor.py:186} INFO - Started process (PID=67045) to work on /home/airflow/.local/lib/python3.12/site-packages/airflow/example_dags/example_branch_operator_decorator.py
[2025-01-28T22:44:58.695+0000] {processor.py:914} INFO - Processing file /home/airflow/.local/lib/python3.12/site-packages/airflow/example_dags/example_branch_operator_decorator.py for tasks to queue
[2025-01-28T22:44:58.697+0000] {logging_mixin.py:190} INFO - [2025-01-28T22:44:58.697+0000] {dagbag.py:588} INFO - Filling up the DagBag from /home/airflow/.local/lib/python3.12/site-packages/airflow/example_dags/example_branch_operator_decorator.py
[2025-01-28T22:44:58.714+0000] {processor.py:925} INFO - DAG(s) 'example_branch_python_operator_decorator' retrieved from /home/airflow/.local/lib/python3.12/site-packages/airflow/example_dags/example_branch_operator_decorator.py
[2025-01-28T22:44:58.738+0000] {logging_mixin.py:190} INFO - [2025-01-28T22:44:58.737+0000] {dag.py:3239} INFO - Sync 1 DAGs
[2025-01-28T22:44:58.761+0000] {logging_mixin.py:190} INFO - [2025-01-28T22:44:58.760+0000] {dag.py:4180} INFO - Setting next_dagrun for example_branch_python_operator_decorator to 2025-01-27 00:00:00+00:00, run_after=2025-01-28 00:00:00+00:00
[2025-01-28T22:44:58.776+0000] {processor.py:208} INFO - Processing /home/airflow/.local/lib/python3.12/site-packages/airflow/example_dags/example_branch_operator_decorator.py took 0.087 seconds
[2025-01-28T22:45:29.826+0000] {processor.py:186} INFO - Started process (PID=67343) to work on /home/airflow/.local/lib/python3.12/site-packages/airflow/example_dags/example_branch_operator_decorator.py
[2025-01-28T22:45:29.827+0000] {processor.py:914} INFO - Processing file /home/airflow/.local/lib/python3.12/site-packages/airflow/example_dags/example_branch_operator_decorator.py for tasks to queue
[2025-01-28T22:45:29.829+0000] {logging_mixin.py:190} INFO - [2025-01-28T22:45:29.829+0000] {dagbag.py:588} INFO - Filling up the DagBag from /home/airflow/.local/lib/python3.12/site-packages/airflow/example_dags/example_branch_operator_decorator.py
[2025-01-28T22:45:29.849+0000] {processor.py:925} INFO - DAG(s) 'example_branch_python_operator_decorator' retrieved from /home/airflow/.local/lib/python3.12/site-packages/airflow/example_dags/example_branch_operator_decorator.py
[2025-01-28T22:45:29.882+0000] {logging_mixin.py:190} INFO - [2025-01-28T22:45:29.882+0000] {dag.py:3239} INFO - Sync 1 DAGs
[2025-01-28T22:45:29.909+0000] {logging_mixin.py:190} INFO - [2025-01-28T22:45:29.908+0000] {dag.py:4180} INFO - Setting next_dagrun for example_branch_python_operator_decorator to 2025-01-27 00:00:00+00:00, run_after=2025-01-28 00:00:00+00:00
[2025-01-28T22:45:29.940+0000] {processor.py:208} INFO - Processing /home/airflow/.local/lib/python3.12/site-packages/airflow/example_dags/example_branch_operator_decorator.py took 0.119 seconds
[2025-01-28T22:46:00.093+0000] {processor.py:186} INFO - Started process (PID=67639) to work on /home/airflow/.local/lib/python3.12/site-packages/airflow/example_dags/example_branch_operator_decorator.py
[2025-01-28T22:46:00.095+0000] {processor.py:914} INFO - Processing file /home/airflow/.local/lib/python3.12/site-packages/airflow/example_dags/example_branch_operator_decorator.py for tasks to queue
[2025-01-28T22:46:00.098+0000] {logging_mixin.py:190} INFO - [2025-01-28T22:46:00.098+0000] {dagbag.py:588} INFO - Filling up the DagBag from /home/airflow/.local/lib/python3.12/site-packages/airflow/example_dags/example_branch_operator_decorator.py
[2025-01-28T22:46:00.118+0000] {processor.py:925} INFO - DAG(s) 'example_branch_python_operator_decorator' retrieved from /home/airflow/.local/lib/python3.12/site-packages/airflow/example_dags/example_branch_operator_decorator.py
[2025-01-28T22:46:00.143+0000] {logging_mixin.py:190} INFO - [2025-01-28T22:46:00.143+0000] {dag.py:3239} INFO - Sync 1 DAGs
[2025-01-28T22:46:00.164+0000] {logging_mixin.py:190} INFO - [2025-01-28T22:46:00.164+0000] {dag.py:4180} INFO - Setting next_dagrun for example_branch_python_operator_decorator to 2025-01-27 00:00:00+00:00, run_after=2025-01-28 00:00:00+00:00
[2025-01-28T22:46:00.182+0000] {processor.py:208} INFO - Processing /home/airflow/.local/lib/python3.12/site-packages/airflow/example_dags/example_branch_operator_decorator.py took 0.095 seconds
[2025-01-28T22:46:30.311+0000] {processor.py:186} INFO - Started process (PID=67935) to work on /home/airflow/.local/lib/python3.12/site-packages/airflow/example_dags/example_branch_operator_decorator.py
[2025-01-28T22:46:30.312+0000] {processor.py:914} INFO - Processing file /home/airflow/.local/lib/python3.12/site-packages/airflow/example_dags/example_branch_operator_decorator.py for tasks to queue
[2025-01-28T22:46:30.314+0000] {logging_mixin.py:190} INFO - [2025-01-28T22:46:30.313+0000] {dagbag.py:588} INFO - Filling up the DagBag from /home/airflow/.local/lib/python3.12/site-packages/airflow/example_dags/example_branch_operator_decorator.py
[2025-01-28T22:46:30.332+0000] {processor.py:925} INFO - DAG(s) 'example_branch_python_operator_decorator' retrieved from /home/airflow/.local/lib/python3.12/site-packages/airflow/example_dags/example_branch_operator_decorator.py
[2025-01-28T22:46:30.358+0000] {logging_mixin.py:190} INFO - [2025-01-28T22:46:30.358+0000] {dag.py:3239} INFO - Sync 1 DAGs
[2025-01-28T22:46:30.381+0000] {logging_mixin.py:190} INFO - [2025-01-28T22:46:30.380+0000] {dag.py:4180} INFO - Setting next_dagrun for example_branch_python_operator_decorator to 2025-01-27 00:00:00+00:00, run_after=2025-01-28 00:00:00+00:00
[2025-01-28T22:46:30.396+0000] {processor.py:208} INFO - Processing /home/airflow/.local/lib/python3.12/site-packages/airflow/example_dags/example_branch_operator_decorator.py took 0.094 seconds
[2025-01-28T22:47:01.125+0000] {processor.py:186} INFO - Started process (PID=68229) to work on /home/airflow/.local/lib/python3.12/site-packages/airflow/example_dags/example_branch_operator_decorator.py
[2025-01-28T22:47:01.126+0000] {processor.py:914} INFO - Processing file /home/airflow/.local/lib/python3.12/site-packages/airflow/example_dags/example_branch_operator_decorator.py for tasks to queue
[2025-01-28T22:47:01.128+0000] {logging_mixin.py:190} INFO - [2025-01-28T22:47:01.128+0000] {dagbag.py:588} INFO - Filling up the DagBag from /home/airflow/.local/lib/python3.12/site-packages/airflow/example_dags/example_branch_operator_decorator.py
[2025-01-28T22:47:01.146+0000] {processor.py:925} INFO - DAG(s) 'example_branch_python_operator_decorator' retrieved from /home/airflow/.local/lib/python3.12/site-packages/airflow/example_dags/example_branch_operator_decorator.py
[2025-01-28T22:47:01.178+0000] {logging_mixin.py:190} INFO - [2025-01-28T22:47:01.178+0000] {dag.py:3239} INFO - Sync 1 DAGs
[2025-01-28T22:47:01.201+0000] {logging_mixin.py:190} INFO - [2025-01-28T22:47:01.201+0000] {dag.py:4180} INFO - Setting next_dagrun for example_branch_python_operator_decorator to 2025-01-27 00:00:00+00:00, run_after=2025-01-28 00:00:00+00:00
[2025-01-28T22:47:01.227+0000] {processor.py:208} INFO - Processing /home/airflow/.local/lib/python3.12/site-packages/airflow/example_dags/example_branch_operator_decorator.py took 0.109 seconds
[2025-01-28T22:47:31.905+0000] {processor.py:186} INFO - Started process (PID=68527) to work on /home/airflow/.local/lib/python3.12/site-packages/airflow/example_dags/example_branch_operator_decorator.py
[2025-01-28T22:47:31.906+0000] {processor.py:914} INFO - Processing file /home/airflow/.local/lib/python3.12/site-packages/airflow/example_dags/example_branch_operator_decorator.py for tasks to queue
[2025-01-28T22:47:31.909+0000] {logging_mixin.py:190} INFO - [2025-01-28T22:47:31.908+0000] {dagbag.py:588} INFO - Filling up the DagBag from /home/airflow/.local/lib/python3.12/site-packages/airflow/example_dags/example_branch_operator_decorator.py
[2025-01-28T22:47:31.937+0000] {processor.py:925} INFO - DAG(s) 'example_branch_python_operator_decorator' retrieved from /home/airflow/.local/lib/python3.12/site-packages/airflow/example_dags/example_branch_operator_decorator.py
[2025-01-28T22:47:31.966+0000] {logging_mixin.py:190} INFO - [2025-01-28T22:47:31.965+0000] {dag.py:3239} INFO - Sync 1 DAGs
[2025-01-28T22:47:31.994+0000] {logging_mixin.py:190} INFO - [2025-01-28T22:47:31.994+0000] {dag.py:4180} INFO - Setting next_dagrun for example_branch_python_operator_decorator to 2025-01-27 00:00:00+00:00, run_after=2025-01-28 00:00:00+00:00
[2025-01-28T22:47:32.013+0000] {processor.py:208} INFO - Processing /home/airflow/.local/lib/python3.12/site-packages/airflow/example_dags/example_branch_operator_decorator.py took 0.114 seconds
[2025-01-28T22:48:02.344+0000] {processor.py:186} INFO - Started process (PID=68821) to work on /home/airflow/.local/lib/python3.12/site-packages/airflow/example_dags/example_branch_operator_decorator.py
[2025-01-28T22:48:02.345+0000] {processor.py:914} INFO - Processing file /home/airflow/.local/lib/python3.12/site-packages/airflow/example_dags/example_branch_operator_decorator.py for tasks to queue
[2025-01-28T22:48:02.347+0000] {logging_mixin.py:190} INFO - [2025-01-28T22:48:02.347+0000] {dagbag.py:588} INFO - Filling up the DagBag from /home/airflow/.local/lib/python3.12/site-packages/airflow/example_dags/example_branch_operator_decorator.py
[2025-01-28T22:48:02.364+0000] {processor.py:925} INFO - DAG(s) 'example_branch_python_operator_decorator' retrieved from /home/airflow/.local/lib/python3.12/site-packages/airflow/example_dags/example_branch_operator_decorator.py
[2025-01-28T22:48:02.393+0000] {logging_mixin.py:190} INFO - [2025-01-28T22:48:02.393+0000] {dag.py:3239} INFO - Sync 1 DAGs
[2025-01-28T22:48:02.418+0000] {logging_mixin.py:190} INFO - [2025-01-28T22:48:02.417+0000] {dag.py:4180} INFO - Setting next_dagrun for example_branch_python_operator_decorator to 2025-01-27 00:00:00+00:00, run_after=2025-01-28 00:00:00+00:00
[2025-01-28T22:48:02.438+0000] {processor.py:208} INFO - Processing /home/airflow/.local/lib/python3.12/site-packages/airflow/example_dags/example_branch_operator_decorator.py took 0.099 seconds
[2025-01-28T22:48:32.475+0000] {processor.py:186} INFO - Started process (PID=69114) to work on /home/airflow/.local/lib/python3.12/site-packages/airflow/example_dags/example_branch_operator_decorator.py
[2025-01-28T22:48:32.476+0000] {processor.py:914} INFO - Processing file /home/airflow/.local/lib/python3.12/site-packages/airflow/example_dags/example_branch_operator_decorator.py for tasks to queue
[2025-01-28T22:48:32.478+0000] {logging_mixin.py:190} INFO - [2025-01-28T22:48:32.478+0000] {dagbag.py:588} INFO - Filling up the DagBag from /home/airflow/.local/lib/python3.12/site-packages/airflow/example_dags/example_branch_operator_decorator.py
[2025-01-28T22:48:32.495+0000] {processor.py:925} INFO - DAG(s) 'example_branch_python_operator_decorator' retrieved from /home/airflow/.local/lib/python3.12/site-packages/airflow/example_dags/example_branch_operator_decorator.py
[2025-01-28T22:48:32.520+0000] {logging_mixin.py:190} INFO - [2025-01-28T22:48:32.520+0000] {dag.py:3239} INFO - Sync 1 DAGs
[2025-01-28T22:48:32.542+0000] {logging_mixin.py:190} INFO - [2025-01-28T22:48:32.542+0000] {dag.py:4180} INFO - Setting next_dagrun for example_branch_python_operator_decorator to 2025-01-27 00:00:00+00:00, run_after=2025-01-28 00:00:00+00:00
[2025-01-28T22:48:32.564+0000] {processor.py:208} INFO - Processing /home/airflow/.local/lib/python3.12/site-packages/airflow/example_dags/example_branch_operator_decorator.py took 0.095 seconds
[2025-01-28T22:49:03.384+0000] {processor.py:186} INFO - Started process (PID=69408) to work on /home/airflow/.local/lib/python3.12/site-packages/airflow/example_dags/example_branch_operator_decorator.py
[2025-01-28T22:49:03.386+0000] {processor.py:914} INFO - Processing file /home/airflow/.local/lib/python3.12/site-packages/airflow/example_dags/example_branch_operator_decorator.py for tasks to queue
[2025-01-28T22:49:03.389+0000] {logging_mixin.py:190} INFO - [2025-01-28T22:49:03.388+0000] {dagbag.py:588} INFO - Filling up the DagBag from /home/airflow/.local/lib/python3.12/site-packages/airflow/example_dags/example_branch_operator_decorator.py
[2025-01-28T22:49:03.416+0000] {processor.py:925} INFO - DAG(s) 'example_branch_python_operator_decorator' retrieved from /home/airflow/.local/lib/python3.12/site-packages/airflow/example_dags/example_branch_operator_decorator.py
[2025-01-28T22:49:03.449+0000] {logging_mixin.py:190} INFO - [2025-01-28T22:49:03.449+0000] {dag.py:3239} INFO - Sync 1 DAGs
[2025-01-28T22:49:03.484+0000] {logging_mixin.py:190} INFO - [2025-01-28T22:49:03.483+0000] {dag.py:4180} INFO - Setting next_dagrun for example_branch_python_operator_decorator to 2025-01-27 00:00:00+00:00, run_after=2025-01-28 00:00:00+00:00
[2025-01-28T22:49:03.510+0000] {processor.py:208} INFO - Processing /home/airflow/.local/lib/python3.12/site-packages/airflow/example_dags/example_branch_operator_decorator.py took 0.135 seconds
[2025-01-28T22:49:34.146+0000] {processor.py:186} INFO - Started process (PID=69705) to work on /home/airflow/.local/lib/python3.12/site-packages/airflow/example_dags/example_branch_operator_decorator.py
[2025-01-28T22:49:34.147+0000] {processor.py:914} INFO - Processing file /home/airflow/.local/lib/python3.12/site-packages/airflow/example_dags/example_branch_operator_decorator.py for tasks to queue
[2025-01-28T22:49:34.151+0000] {logging_mixin.py:190} INFO - [2025-01-28T22:49:34.150+0000] {dagbag.py:588} INFO - Filling up the DagBag from /home/airflow/.local/lib/python3.12/site-packages/airflow/example_dags/example_branch_operator_decorator.py
[2025-01-28T22:49:34.177+0000] {processor.py:925} INFO - DAG(s) 'example_branch_python_operator_decorator' retrieved from /home/airflow/.local/lib/python3.12/site-packages/airflow/example_dags/example_branch_operator_decorator.py
[2025-01-28T22:49:34.212+0000] {logging_mixin.py:190} INFO - [2025-01-28T22:49:34.212+0000] {dag.py:3239} INFO - Sync 1 DAGs
[2025-01-28T22:49:34.254+0000] {logging_mixin.py:190} INFO - [2025-01-28T22:49:34.254+0000] {dag.py:4180} INFO - Setting next_dagrun for example_branch_python_operator_decorator to 2025-01-27 00:00:00+00:00, run_after=2025-01-28 00:00:00+00:00
[2025-01-28T22:49:34.358+0000] {processor.py:208} INFO - Processing /home/airflow/.local/lib/python3.12/site-packages/airflow/example_dags/example_branch_operator_decorator.py took 0.221 seconds
[2025-01-28T22:50:05.356+0000] {processor.py:186} INFO - Started process (PID=70002) to work on /home/airflow/.local/lib/python3.12/site-packages/airflow/example_dags/example_branch_operator_decorator.py
[2025-01-28T22:50:05.358+0000] {processor.py:914} INFO - Processing file /home/airflow/.local/lib/python3.12/site-packages/airflow/example_dags/example_branch_operator_decorator.py for tasks to queue
[2025-01-28T22:50:05.362+0000] {logging_mixin.py:190} INFO - [2025-01-28T22:50:05.361+0000] {dagbag.py:588} INFO - Filling up the DagBag from /home/airflow/.local/lib/python3.12/site-packages/airflow/example_dags/example_branch_operator_decorator.py
[2025-01-28T22:50:05.412+0000] {processor.py:925} INFO - DAG(s) 'example_branch_python_operator_decorator' retrieved from /home/airflow/.local/lib/python3.12/site-packages/airflow/example_dags/example_branch_operator_decorator.py
[2025-01-28T22:50:05.481+0000] {logging_mixin.py:190} INFO - [2025-01-28T22:50:05.481+0000] {dag.py:3239} INFO - Sync 1 DAGs
[2025-01-28T22:50:05.514+0000] {logging_mixin.py:190} INFO - [2025-01-28T22:50:05.514+0000] {dag.py:4180} INFO - Setting next_dagrun for example_branch_python_operator_decorator to 2025-01-27 00:00:00+00:00, run_after=2025-01-28 00:00:00+00:00
[2025-01-28T22:50:05.540+0000] {processor.py:208} INFO - Processing /home/airflow/.local/lib/python3.12/site-packages/airflow/example_dags/example_branch_operator_decorator.py took 0.192 seconds
[2025-01-28T22:50:36.039+0000] {processor.py:186} INFO - Started process (PID=70295) to work on /home/airflow/.local/lib/python3.12/site-packages/airflow/example_dags/example_branch_operator_decorator.py
[2025-01-28T22:50:36.049+0000] {processor.py:914} INFO - Processing file /home/airflow/.local/lib/python3.12/site-packages/airflow/example_dags/example_branch_operator_decorator.py for tasks to queue
[2025-01-28T22:50:36.054+0000] {logging_mixin.py:190} INFO - [2025-01-28T22:50:36.054+0000] {dagbag.py:588} INFO - Filling up the DagBag from /home/airflow/.local/lib/python3.12/site-packages/airflow/example_dags/example_branch_operator_decorator.py
[2025-01-28T22:50:36.110+0000] {processor.py:925} INFO - DAG(s) 'example_branch_python_operator_decorator' retrieved from /home/airflow/.local/lib/python3.12/site-packages/airflow/example_dags/example_branch_operator_decorator.py
[2025-01-28T22:50:36.212+0000] {logging_mixin.py:190} INFO - [2025-01-28T22:50:36.212+0000] {dag.py:3239} INFO - Sync 1 DAGs
[2025-01-28T22:50:36.268+0000] {logging_mixin.py:190} INFO - [2025-01-28T22:50:36.267+0000] {dag.py:4180} INFO - Setting next_dagrun for example_branch_python_operator_decorator to 2025-01-27 00:00:00+00:00, run_after=2025-01-28 00:00:00+00:00
[2025-01-28T22:50:36.308+0000] {processor.py:208} INFO - Processing /home/airflow/.local/lib/python3.12/site-packages/airflow/example_dags/example_branch_operator_decorator.py took 0.287 seconds
[2025-01-28T22:51:07.282+0000] {processor.py:186} INFO - Started process (PID=70591) to work on /home/airflow/.local/lib/python3.12/site-packages/airflow/example_dags/example_branch_operator_decorator.py
[2025-01-28T22:51:07.283+0000] {processor.py:914} INFO - Processing file /home/airflow/.local/lib/python3.12/site-packages/airflow/example_dags/example_branch_operator_decorator.py for tasks to queue
[2025-01-28T22:51:07.286+0000] {logging_mixin.py:190} INFO - [2025-01-28T22:51:07.286+0000] {dagbag.py:588} INFO - Filling up the DagBag from /home/airflow/.local/lib/python3.12/site-packages/airflow/example_dags/example_branch_operator_decorator.py
[2025-01-28T22:51:07.322+0000] {processor.py:925} INFO - DAG(s) 'example_branch_python_operator_decorator' retrieved from /home/airflow/.local/lib/python3.12/site-packages/airflow/example_dags/example_branch_operator_decorator.py
[2025-01-28T22:51:07.363+0000] {logging_mixin.py:190} INFO - [2025-01-28T22:51:07.362+0000] {dag.py:3239} INFO - Sync 1 DAGs
[2025-01-28T22:51:07.397+0000] {logging_mixin.py:190} INFO - [2025-01-28T22:51:07.397+0000] {dag.py:4180} INFO - Setting next_dagrun for example_branch_python_operator_decorator to 2025-01-27 00:00:00+00:00, run_after=2025-01-28 00:00:00+00:00
[2025-01-28T22:51:07.429+0000] {processor.py:208} INFO - Processing /home/airflow/.local/lib/python3.12/site-packages/airflow/example_dags/example_branch_operator_decorator.py took 0.155 seconds
[2025-01-28T22:51:37.947+0000] {processor.py:186} INFO - Started process (PID=70887) to work on /home/airflow/.local/lib/python3.12/site-packages/airflow/example_dags/example_branch_operator_decorator.py
[2025-01-28T22:51:37.949+0000] {processor.py:914} INFO - Processing file /home/airflow/.local/lib/python3.12/site-packages/airflow/example_dags/example_branch_operator_decorator.py for tasks to queue
[2025-01-28T22:51:37.953+0000] {logging_mixin.py:190} INFO - [2025-01-28T22:51:37.952+0000] {dagbag.py:588} INFO - Filling up the DagBag from /home/airflow/.local/lib/python3.12/site-packages/airflow/example_dags/example_branch_operator_decorator.py
[2025-01-28T22:51:37.983+0000] {processor.py:925} INFO - DAG(s) 'example_branch_python_operator_decorator' retrieved from /home/airflow/.local/lib/python3.12/site-packages/airflow/example_dags/example_branch_operator_decorator.py
[2025-01-28T22:51:38.030+0000] {logging_mixin.py:190} INFO - [2025-01-28T22:51:38.030+0000] {dag.py:3239} INFO - Sync 1 DAGs
[2025-01-28T22:51:38.271+0000] {logging_mixin.py:190} INFO - [2025-01-28T22:51:38.271+0000] {dag.py:4180} INFO - Setting next_dagrun for example_branch_python_operator_decorator to 2025-01-27 00:00:00+00:00, run_after=2025-01-28 00:00:00+00:00
[2025-01-28T22:51:38.310+0000] {processor.py:208} INFO - Processing /home/airflow/.local/lib/python3.12/site-packages/airflow/example_dags/example_branch_operator_decorator.py took 0.375 seconds
[2025-01-28T22:52:14.553+0000] {processor.py:186} INFO - Started process (PID=71184) to work on /home/airflow/.local/lib/python3.12/site-packages/airflow/example_dags/example_branch_operator_decorator.py
[2025-01-28T22:52:14.555+0000] {processor.py:914} INFO - Processing file /home/airflow/.local/lib/python3.12/site-packages/airflow/example_dags/example_branch_operator_decorator.py for tasks to queue
[2025-01-28T22:52:14.560+0000] {logging_mixin.py:190} INFO - [2025-01-28T22:52:14.559+0000] {dagbag.py:588} INFO - Filling up the DagBag from /home/airflow/.local/lib/python3.12/site-packages/airflow/example_dags/example_branch_operator_decorator.py
[2025-01-28T22:52:14.668+0000] {processor.py:925} INFO - DAG(s) 'example_branch_python_operator_decorator' retrieved from /home/airflow/.local/lib/python3.12/site-packages/airflow/example_dags/example_branch_operator_decorator.py
[2025-01-28T22:52:14.819+0000] {logging_mixin.py:190} INFO - [2025-01-28T22:52:14.819+0000] {dag.py:3239} INFO - Sync 1 DAGs
[2025-01-28T22:52:15.563+0000] {logging_mixin.py:190} INFO - [2025-01-28T22:52:15.562+0000] {dag.py:4180} INFO - Setting next_dagrun for example_branch_python_operator_decorator to 2025-01-27 00:00:00+00:00, run_after=2025-01-28 00:00:00+00:00
[2025-01-28T22:52:15.678+0000] {processor.py:208} INFO - Processing /home/airflow/.local/lib/python3.12/site-packages/airflow/example_dags/example_branch_operator_decorator.py took 1.146 seconds
[2025-01-28T22:52:46.191+0000] {processor.py:186} INFO - Started process (PID=71480) to work on /home/airflow/.local/lib/python3.12/site-packages/airflow/example_dags/example_branch_operator_decorator.py
[2025-01-28T22:52:46.192+0000] {processor.py:914} INFO - Processing file /home/airflow/.local/lib/python3.12/site-packages/airflow/example_dags/example_branch_operator_decorator.py for tasks to queue
[2025-01-28T22:52:46.196+0000] {logging_mixin.py:190} INFO - [2025-01-28T22:52:46.195+0000] {dagbag.py:588} INFO - Filling up the DagBag from /home/airflow/.local/lib/python3.12/site-packages/airflow/example_dags/example_branch_operator_decorator.py
[2025-01-28T22:52:46.212+0000] {processor.py:925} INFO - DAG(s) 'example_branch_python_operator_decorator' retrieved from /home/airflow/.local/lib/python3.12/site-packages/airflow/example_dags/example_branch_operator_decorator.py
[2025-01-28T22:52:46.239+0000] {logging_mixin.py:190} INFO - [2025-01-28T22:52:46.239+0000] {dag.py:3239} INFO - Sync 1 DAGs
[2025-01-28T22:52:46.261+0000] {logging_mixin.py:190} INFO - [2025-01-28T22:52:46.260+0000] {dag.py:4180} INFO - Setting next_dagrun for example_branch_python_operator_decorator to 2025-01-27 00:00:00+00:00, run_after=2025-01-28 00:00:00+00:00
[2025-01-28T22:52:46.281+0000] {processor.py:208} INFO - Processing /home/airflow/.local/lib/python3.12/site-packages/airflow/example_dags/example_branch_operator_decorator.py took 0.095 seconds
