[2025-01-28T22:42:56.199+0000] {processor.py:186} INFO - Started process (PID=65876) to work on /home/airflow/.local/lib/python3.12/site-packages/airflow/example_dags/example_branch_python_dop_operator_3.py
[2025-01-28T22:42:56.201+0000] {processor.py:914} INFO - Processing file /home/airflow/.local/lib/python3.12/site-packages/airflow/example_dags/example_branch_python_dop_operator_3.py for tasks to queue
[2025-01-28T22:42:56.207+0000] {logging_mixin.py:190} INFO - [2025-01-28T22:42:56.206+0000] {dagbag.py:588} INFO - Filling up the DagBag from /home/airflow/.local/lib/python3.12/site-packages/airflow/example_dags/example_branch_python_dop_operator_3.py
[2025-01-28T22:42:56.226+0000] {processor.py:925} INFO - DAG(s) 'example_branch_dop_operator_v3' retrieved from /home/airflow/.local/lib/python3.12/site-packages/airflow/example_dags/example_branch_python_dop_operator_3.py
[2025-01-28T22:42:56.257+0000] {logging_mixin.py:190} INFO - [2025-01-28T22:42:56.257+0000] {dag.py:3239} INFO - Sync 1 DAGs
[2025-01-28T22:42:56.290+0000] {logging_mixin.py:190} INFO - [2025-01-28T22:42:56.290+0000] {dag.py:4180} INFO - Setting next_dagrun for example_branch_dop_operator_v3 to 2025-01-28 22:41:00+00:00, run_after=2025-01-28 22:42:00+00:00
[2025-01-28T22:42:56.312+0000] {processor.py:208} INFO - Processing /home/airflow/.local/lib/python3.12/site-packages/airflow/example_dags/example_branch_python_dop_operator_3.py took 0.120 seconds
[2025-01-28T22:43:27.220+0000] {processor.py:186} INFO - Started process (PID=66174) to work on /home/airflow/.local/lib/python3.12/site-packages/airflow/example_dags/example_branch_python_dop_operator_3.py
[2025-01-28T22:43:27.221+0000] {processor.py:914} INFO - Processing file /home/airflow/.local/lib/python3.12/site-packages/airflow/example_dags/example_branch_python_dop_operator_3.py for tasks to queue
[2025-01-28T22:43:27.224+0000] {logging_mixin.py:190} INFO - [2025-01-28T22:43:27.224+0000] {dagbag.py:588} INFO - Filling up the DagBag from /home/airflow/.local/lib/python3.12/site-packages/airflow/example_dags/example_branch_python_dop_operator_3.py
[2025-01-28T22:43:27.239+0000] {processor.py:925} INFO - DAG(s) 'example_branch_dop_operator_v3' retrieved from /home/airflow/.local/lib/python3.12/site-packages/airflow/example_dags/example_branch_python_dop_operator_3.py
[2025-01-28T22:43:27.283+0000] {logging_mixin.py:190} INFO - [2025-01-28T22:43:27.283+0000] {dag.py:3239} INFO - Sync 1 DAGs
[2025-01-28T22:43:27.328+0000] {logging_mixin.py:190} INFO - [2025-01-28T22:43:27.327+0000] {dag.py:4180} INFO - Setting next_dagrun for example_branch_dop_operator_v3 to 2025-01-28 22:42:00+00:00, run_after=2025-01-28 22:43:00+00:00
[2025-01-28T22:43:27.360+0000] {processor.py:208} INFO - Processing /home/airflow/.local/lib/python3.12/site-packages/airflow/example_dags/example_branch_python_dop_operator_3.py took 0.147 seconds
[2025-01-28T22:43:57.419+0000] {processor.py:186} INFO - Started process (PID=66475) to work on /home/airflow/.local/lib/python3.12/site-packages/airflow/example_dags/example_branch_python_dop_operator_3.py
[2025-01-28T22:43:57.420+0000] {processor.py:914} INFO - Processing file /home/airflow/.local/lib/python3.12/site-packages/airflow/example_dags/example_branch_python_dop_operator_3.py for tasks to queue
[2025-01-28T22:43:57.422+0000] {logging_mixin.py:190} INFO - [2025-01-28T22:43:57.421+0000] {dagbag.py:588} INFO - Filling up the DagBag from /home/airflow/.local/lib/python3.12/site-packages/airflow/example_dags/example_branch_python_dop_operator_3.py
[2025-01-28T22:43:57.430+0000] {processor.py:925} INFO - DAG(s) 'example_branch_dop_operator_v3' retrieved from /home/airflow/.local/lib/python3.12/site-packages/airflow/example_dags/example_branch_python_dop_operator_3.py
[2025-01-28T22:43:57.448+0000] {logging_mixin.py:190} INFO - [2025-01-28T22:43:57.448+0000] {dag.py:3239} INFO - Sync 1 DAGs
[2025-01-28T22:43:57.470+0000] {logging_mixin.py:190} INFO - [2025-01-28T22:43:57.470+0000] {dag.py:4180} INFO - Setting next_dagrun for example_branch_dop_operator_v3 to 2025-01-28 22:42:00+00:00, run_after=2025-01-28 22:43:00+00:00
[2025-01-28T22:43:57.488+0000] {processor.py:208} INFO - Processing /home/airflow/.local/lib/python3.12/site-packages/airflow/example_dags/example_branch_python_dop_operator_3.py took 0.074 seconds
[2025-01-28T22:44:27.973+0000] {processor.py:186} INFO - Started process (PID=66766) to work on /home/airflow/.local/lib/python3.12/site-packages/airflow/example_dags/example_branch_python_dop_operator_3.py
[2025-01-28T22:44:27.974+0000] {processor.py:914} INFO - Processing file /home/airflow/.local/lib/python3.12/site-packages/airflow/example_dags/example_branch_python_dop_operator_3.py for tasks to queue
[2025-01-28T22:44:27.977+0000] {logging_mixin.py:190} INFO - [2025-01-28T22:44:27.976+0000] {dagbag.py:588} INFO - Filling up the DagBag from /home/airflow/.local/lib/python3.12/site-packages/airflow/example_dags/example_branch_python_dop_operator_3.py
[2025-01-28T22:44:27.987+0000] {processor.py:925} INFO - DAG(s) 'example_branch_dop_operator_v3' retrieved from /home/airflow/.local/lib/python3.12/site-packages/airflow/example_dags/example_branch_python_dop_operator_3.py
[2025-01-28T22:44:28.006+0000] {logging_mixin.py:190} INFO - [2025-01-28T22:44:28.005+0000] {dag.py:3239} INFO - Sync 1 DAGs
[2025-01-28T22:44:28.033+0000] {logging_mixin.py:190} INFO - [2025-01-28T22:44:28.032+0000] {dag.py:4180} INFO - Setting next_dagrun for example_branch_dop_operator_v3 to 2025-01-28 22:43:00+00:00, run_after=2025-01-28 22:44:00+00:00
[2025-01-28T22:44:28.051+0000] {processor.py:208} INFO - Processing /home/airflow/.local/lib/python3.12/site-packages/airflow/example_dags/example_branch_python_dop_operator_3.py took 0.083 seconds
[2025-01-28T22:44:58.878+0000] {processor.py:186} INFO - Started process (PID=67060) to work on /home/airflow/.local/lib/python3.12/site-packages/airflow/example_dags/example_branch_python_dop_operator_3.py
[2025-01-28T22:44:58.880+0000] {processor.py:914} INFO - Processing file /home/airflow/.local/lib/python3.12/site-packages/airflow/example_dags/example_branch_python_dop_operator_3.py for tasks to queue
[2025-01-28T22:44:58.883+0000] {logging_mixin.py:190} INFO - [2025-01-28T22:44:58.882+0000] {dagbag.py:588} INFO - Filling up the DagBag from /home/airflow/.local/lib/python3.12/site-packages/airflow/example_dags/example_branch_python_dop_operator_3.py
[2025-01-28T22:44:58.895+0000] {processor.py:925} INFO - DAG(s) 'example_branch_dop_operator_v3' retrieved from /home/airflow/.local/lib/python3.12/site-packages/airflow/example_dags/example_branch_python_dop_operator_3.py
[2025-01-28T22:44:58.913+0000] {logging_mixin.py:190} INFO - [2025-01-28T22:44:58.913+0000] {dag.py:3239} INFO - Sync 1 DAGs
[2025-01-28T22:44:58.938+0000] {logging_mixin.py:190} INFO - [2025-01-28T22:44:58.938+0000] {dag.py:4180} INFO - Setting next_dagrun for example_branch_dop_operator_v3 to 2025-01-28 22:43:00+00:00, run_after=2025-01-28 22:44:00+00:00
[2025-01-28T22:44:58.963+0000] {processor.py:208} INFO - Processing /home/airflow/.local/lib/python3.12/site-packages/airflow/example_dags/example_branch_python_dop_operator_3.py took 0.090 seconds
[2025-01-28T22:45:30.159+0000] {processor.py:186} INFO - Started process (PID=67358) to work on /home/airflow/.local/lib/python3.12/site-packages/airflow/example_dags/example_branch_python_dop_operator_3.py
[2025-01-28T22:45:30.160+0000] {processor.py:914} INFO - Processing file /home/airflow/.local/lib/python3.12/site-packages/airflow/example_dags/example_branch_python_dop_operator_3.py for tasks to queue
[2025-01-28T22:45:30.163+0000] {logging_mixin.py:190} INFO - [2025-01-28T22:45:30.162+0000] {dagbag.py:588} INFO - Filling up the DagBag from /home/airflow/.local/lib/python3.12/site-packages/airflow/example_dags/example_branch_python_dop_operator_3.py
[2025-01-28T22:45:30.172+0000] {processor.py:925} INFO - DAG(s) 'example_branch_dop_operator_v3' retrieved from /home/airflow/.local/lib/python3.12/site-packages/airflow/example_dags/example_branch_python_dop_operator_3.py
[2025-01-28T22:45:30.191+0000] {logging_mixin.py:190} INFO - [2025-01-28T22:45:30.190+0000] {dag.py:3239} INFO - Sync 1 DAGs
[2025-01-28T22:45:30.215+0000] {logging_mixin.py:190} INFO - [2025-01-28T22:45:30.215+0000] {dag.py:4180} INFO - Setting next_dagrun for example_branch_dop_operator_v3 to 2025-01-28 22:44:00+00:00, run_after=2025-01-28 22:45:00+00:00
[2025-01-28T22:45:30.238+0000] {processor.py:208} INFO - Processing /home/airflow/.local/lib/python3.12/site-packages/airflow/example_dags/example_branch_python_dop_operator_3.py took 0.084 seconds
[2025-01-28T22:46:00.344+0000] {processor.py:186} INFO - Started process (PID=67654) to work on /home/airflow/.local/lib/python3.12/site-packages/airflow/example_dags/example_branch_python_dop_operator_3.py
[2025-01-28T22:46:00.345+0000] {processor.py:914} INFO - Processing file /home/airflow/.local/lib/python3.12/site-packages/airflow/example_dags/example_branch_python_dop_operator_3.py for tasks to queue
[2025-01-28T22:46:00.347+0000] {logging_mixin.py:190} INFO - [2025-01-28T22:46:00.347+0000] {dagbag.py:588} INFO - Filling up the DagBag from /home/airflow/.local/lib/python3.12/site-packages/airflow/example_dags/example_branch_python_dop_operator_3.py
[2025-01-28T22:46:00.356+0000] {processor.py:925} INFO - DAG(s) 'example_branch_dop_operator_v3' retrieved from /home/airflow/.local/lib/python3.12/site-packages/airflow/example_dags/example_branch_python_dop_operator_3.py
[2025-01-28T22:46:00.379+0000] {logging_mixin.py:190} INFO - [2025-01-28T22:46:00.378+0000] {dag.py:3239} INFO - Sync 1 DAGs
[2025-01-28T22:46:00.409+0000] {logging_mixin.py:190} INFO - [2025-01-28T22:46:00.409+0000] {dag.py:4180} INFO - Setting next_dagrun for example_branch_dop_operator_v3 to 2025-01-28 22:45:00+00:00, run_after=2025-01-28 22:46:00+00:00
[2025-01-28T22:46:00.434+0000] {processor.py:208} INFO - Processing /home/airflow/.local/lib/python3.12/site-packages/airflow/example_dags/example_branch_python_dop_operator_3.py took 0.097 seconds
[2025-01-28T22:46:30.553+0000] {processor.py:186} INFO - Started process (PID=67950) to work on /home/airflow/.local/lib/python3.12/site-packages/airflow/example_dags/example_branch_python_dop_operator_3.py
[2025-01-28T22:46:30.553+0000] {processor.py:914} INFO - Processing file /home/airflow/.local/lib/python3.12/site-packages/airflow/example_dags/example_branch_python_dop_operator_3.py for tasks to queue
[2025-01-28T22:46:30.556+0000] {logging_mixin.py:190} INFO - [2025-01-28T22:46:30.555+0000] {dagbag.py:588} INFO - Filling up the DagBag from /home/airflow/.local/lib/python3.12/site-packages/airflow/example_dags/example_branch_python_dop_operator_3.py
[2025-01-28T22:46:30.565+0000] {processor.py:925} INFO - DAG(s) 'example_branch_dop_operator_v3' retrieved from /home/airflow/.local/lib/python3.12/site-packages/airflow/example_dags/example_branch_python_dop_operator_3.py
[2025-01-28T22:46:30.586+0000] {logging_mixin.py:190} INFO - [2025-01-28T22:46:30.586+0000] {dag.py:3239} INFO - Sync 1 DAGs
[2025-01-28T22:46:30.615+0000] {logging_mixin.py:190} INFO - [2025-01-28T22:46:30.615+0000] {dag.py:4180} INFO - Setting next_dagrun for example_branch_dop_operator_v3 to 2025-01-28 22:45:00+00:00, run_after=2025-01-28 22:46:00+00:00
[2025-01-28T22:46:30.634+0000] {processor.py:208} INFO - Processing /home/airflow/.local/lib/python3.12/site-packages/airflow/example_dags/example_branch_python_dop_operator_3.py took 0.087 seconds
[2025-01-28T22:47:01.294+0000] {processor.py:186} INFO - Started process (PID=68244) to work on /home/airflow/.local/lib/python3.12/site-packages/airflow/example_dags/example_branch_python_dop_operator_3.py
[2025-01-28T22:47:01.295+0000] {processor.py:914} INFO - Processing file /home/airflow/.local/lib/python3.12/site-packages/airflow/example_dags/example_branch_python_dop_operator_3.py for tasks to queue
[2025-01-28T22:47:01.298+0000] {logging_mixin.py:190} INFO - [2025-01-28T22:47:01.297+0000] {dagbag.py:588} INFO - Filling up the DagBag from /home/airflow/.local/lib/python3.12/site-packages/airflow/example_dags/example_branch_python_dop_operator_3.py
[2025-01-28T22:47:01.311+0000] {processor.py:925} INFO - DAG(s) 'example_branch_dop_operator_v3' retrieved from /home/airflow/.local/lib/python3.12/site-packages/airflow/example_dags/example_branch_python_dop_operator_3.py
[2025-01-28T22:47:01.343+0000] {logging_mixin.py:190} INFO - [2025-01-28T22:47:01.342+0000] {dag.py:3239} INFO - Sync 1 DAGs
[2025-01-28T22:47:01.382+0000] {logging_mixin.py:190} INFO - [2025-01-28T22:47:01.382+0000] {dag.py:4180} INFO - Setting next_dagrun for example_branch_dop_operator_v3 to 2025-01-28 22:46:00+00:00, run_after=2025-01-28 22:47:00+00:00
[2025-01-28T22:47:01.408+0000] {processor.py:208} INFO - Processing /home/airflow/.local/lib/python3.12/site-packages/airflow/example_dags/example_branch_python_dop_operator_3.py took 0.120 seconds
[2025-01-28T22:47:32.144+0000] {processor.py:186} INFO - Started process (PID=68542) to work on /home/airflow/.local/lib/python3.12/site-packages/airflow/example_dags/example_branch_python_dop_operator_3.py
[2025-01-28T22:47:32.145+0000] {processor.py:914} INFO - Processing file /home/airflow/.local/lib/python3.12/site-packages/airflow/example_dags/example_branch_python_dop_operator_3.py for tasks to queue
[2025-01-28T22:47:32.147+0000] {logging_mixin.py:190} INFO - [2025-01-28T22:47:32.147+0000] {dagbag.py:588} INFO - Filling up the DagBag from /home/airflow/.local/lib/python3.12/site-packages/airflow/example_dags/example_branch_python_dop_operator_3.py
[2025-01-28T22:47:32.156+0000] {processor.py:925} INFO - DAG(s) 'example_branch_dop_operator_v3' retrieved from /home/airflow/.local/lib/python3.12/site-packages/airflow/example_dags/example_branch_python_dop_operator_3.py
[2025-01-28T22:47:32.174+0000] {logging_mixin.py:190} INFO - [2025-01-28T22:47:32.174+0000] {dag.py:3239} INFO - Sync 1 DAGs
[2025-01-28T22:47:32.204+0000] {logging_mixin.py:190} INFO - [2025-01-28T22:47:32.203+0000] {dag.py:4180} INFO - Setting next_dagrun for example_branch_dop_operator_v3 to 2025-01-28 22:46:00+00:00, run_after=2025-01-28 22:47:00+00:00
[2025-01-28T22:47:32.223+0000] {processor.py:208} INFO - Processing /home/airflow/.local/lib/python3.12/site-packages/airflow/example_dags/example_branch_python_dop_operator_3.py took 0.084 seconds
[2025-01-28T22:48:02.589+0000] {processor.py:186} INFO - Started process (PID=68836) to work on /home/airflow/.local/lib/python3.12/site-packages/airflow/example_dags/example_branch_python_dop_operator_3.py
[2025-01-28T22:48:02.590+0000] {processor.py:914} INFO - Processing file /home/airflow/.local/lib/python3.12/site-packages/airflow/example_dags/example_branch_python_dop_operator_3.py for tasks to queue
[2025-01-28T22:48:02.592+0000] {logging_mixin.py:190} INFO - [2025-01-28T22:48:02.592+0000] {dagbag.py:588} INFO - Filling up the DagBag from /home/airflow/.local/lib/python3.12/site-packages/airflow/example_dags/example_branch_python_dop_operator_3.py
[2025-01-28T22:48:02.605+0000] {processor.py:925} INFO - DAG(s) 'example_branch_dop_operator_v3' retrieved from /home/airflow/.local/lib/python3.12/site-packages/airflow/example_dags/example_branch_python_dop_operator_3.py
[2025-01-28T22:48:02.625+0000] {logging_mixin.py:190} INFO - [2025-01-28T22:48:02.625+0000] {dag.py:3239} INFO - Sync 1 DAGs
[2025-01-28T22:48:02.654+0000] {logging_mixin.py:190} INFO - [2025-01-28T22:48:02.654+0000] {dag.py:4180} INFO - Setting next_dagrun for example_branch_dop_operator_v3 to 2025-01-28 22:47:00+00:00, run_after=2025-01-28 22:48:00+00:00
[2025-01-28T22:48:02.675+0000] {processor.py:208} INFO - Processing /home/airflow/.local/lib/python3.12/site-packages/airflow/example_dags/example_branch_python_dop_operator_3.py took 0.091 seconds
[2025-01-28T22:48:32.851+0000] {processor.py:186} INFO - Started process (PID=69132) to work on /home/airflow/.local/lib/python3.12/site-packages/airflow/example_dags/example_branch_python_dop_operator_3.py
[2025-01-28T22:48:32.853+0000] {processor.py:914} INFO - Processing file /home/airflow/.local/lib/python3.12/site-packages/airflow/example_dags/example_branch_python_dop_operator_3.py for tasks to queue
[2025-01-28T22:48:32.855+0000] {logging_mixin.py:190} INFO - [2025-01-28T22:48:32.855+0000] {dagbag.py:588} INFO - Filling up the DagBag from /home/airflow/.local/lib/python3.12/site-packages/airflow/example_dags/example_branch_python_dop_operator_3.py
[2025-01-28T22:48:32.866+0000] {processor.py:925} INFO - DAG(s) 'example_branch_dop_operator_v3' retrieved from /home/airflow/.local/lib/python3.12/site-packages/airflow/example_dags/example_branch_python_dop_operator_3.py
[2025-01-28T22:48:32.897+0000] {logging_mixin.py:190} INFO - [2025-01-28T22:48:32.897+0000] {dag.py:3239} INFO - Sync 1 DAGs
[2025-01-28T22:48:32.944+0000] {logging_mixin.py:190} INFO - [2025-01-28T22:48:32.944+0000] {dag.py:4180} INFO - Setting next_dagrun for example_branch_dop_operator_v3 to 2025-01-28 22:47:00+00:00, run_after=2025-01-28 22:48:00+00:00
[2025-01-28T22:48:32.976+0000] {processor.py:208} INFO - Processing /home/airflow/.local/lib/python3.12/site-packages/airflow/example_dags/example_branch_python_dop_operator_3.py took 0.130 seconds
[2025-01-28T22:49:03.605+0000] {processor.py:186} INFO - Started process (PID=69423) to work on /home/airflow/.local/lib/python3.12/site-packages/airflow/example_dags/example_branch_python_dop_operator_3.py
[2025-01-28T22:49:03.607+0000] {processor.py:914} INFO - Processing file /home/airflow/.local/lib/python3.12/site-packages/airflow/example_dags/example_branch_python_dop_operator_3.py for tasks to queue
[2025-01-28T22:49:03.610+0000] {logging_mixin.py:190} INFO - [2025-01-28T22:49:03.610+0000] {dagbag.py:588} INFO - Filling up the DagBag from /home/airflow/.local/lib/python3.12/site-packages/airflow/example_dags/example_branch_python_dop_operator_3.py
[2025-01-28T22:49:03.624+0000] {processor.py:925} INFO - DAG(s) 'example_branch_dop_operator_v3' retrieved from /home/airflow/.local/lib/python3.12/site-packages/airflow/example_dags/example_branch_python_dop_operator_3.py
[2025-01-28T22:49:03.663+0000] {logging_mixin.py:190} INFO - [2025-01-28T22:49:03.662+0000] {dag.py:3239} INFO - Sync 1 DAGs
[2025-01-28T22:49:03.701+0000] {logging_mixin.py:190} INFO - [2025-01-28T22:49:03.700+0000] {dag.py:4180} INFO - Setting next_dagrun for example_branch_dop_operator_v3 to 2025-01-28 22:48:00+00:00, run_after=2025-01-28 22:49:00+00:00
[2025-01-28T22:49:03.727+0000] {processor.py:208} INFO - Processing /home/airflow/.local/lib/python3.12/site-packages/airflow/example_dags/example_branch_python_dop_operator_3.py took 0.130 seconds
[2025-01-28T22:49:34.607+0000] {processor.py:186} INFO - Started process (PID=69720) to work on /home/airflow/.local/lib/python3.12/site-packages/airflow/example_dags/example_branch_python_dop_operator_3.py
[2025-01-28T22:49:34.608+0000] {processor.py:914} INFO - Processing file /home/airflow/.local/lib/python3.12/site-packages/airflow/example_dags/example_branch_python_dop_operator_3.py for tasks to queue
[2025-01-28T22:49:34.611+0000] {logging_mixin.py:190} INFO - [2025-01-28T22:49:34.611+0000] {dagbag.py:588} INFO - Filling up the DagBag from /home/airflow/.local/lib/python3.12/site-packages/airflow/example_dags/example_branch_python_dop_operator_3.py
[2025-01-28T22:49:34.627+0000] {processor.py:925} INFO - DAG(s) 'example_branch_dop_operator_v3' retrieved from /home/airflow/.local/lib/python3.12/site-packages/airflow/example_dags/example_branch_python_dop_operator_3.py
[2025-01-28T22:49:34.659+0000] {logging_mixin.py:190} INFO - [2025-01-28T22:49:34.658+0000] {dag.py:3239} INFO - Sync 1 DAGs
[2025-01-28T22:49:34.706+0000] {logging_mixin.py:190} INFO - [2025-01-28T22:49:34.706+0000] {dag.py:4180} INFO - Setting next_dagrun for example_branch_dop_operator_v3 to 2025-01-28 22:48:00+00:00, run_after=2025-01-28 22:49:00+00:00
[2025-01-28T22:49:34.751+0000] {processor.py:208} INFO - Processing /home/airflow/.local/lib/python3.12/site-packages/airflow/example_dags/example_branch_python_dop_operator_3.py took 0.152 seconds
[2025-01-28T22:50:06.039+0000] {processor.py:186} INFO - Started process (PID=70017) to work on /home/airflow/.local/lib/python3.12/site-packages/airflow/example_dags/example_branch_python_dop_operator_3.py
[2025-01-28T22:50:06.041+0000] {processor.py:914} INFO - Processing file /home/airflow/.local/lib/python3.12/site-packages/airflow/example_dags/example_branch_python_dop_operator_3.py for tasks to queue
[2025-01-28T22:50:06.043+0000] {logging_mixin.py:190} INFO - [2025-01-28T22:50:06.043+0000] {dagbag.py:588} INFO - Filling up the DagBag from /home/airflow/.local/lib/python3.12/site-packages/airflow/example_dags/example_branch_python_dop_operator_3.py
[2025-01-28T22:50:06.057+0000] {processor.py:925} INFO - DAG(s) 'example_branch_dop_operator_v3' retrieved from /home/airflow/.local/lib/python3.12/site-packages/airflow/example_dags/example_branch_python_dop_operator_3.py
[2025-01-28T22:50:06.084+0000] {logging_mixin.py:190} INFO - [2025-01-28T22:50:06.084+0000] {dag.py:3239} INFO - Sync 1 DAGs
[2025-01-28T22:50:06.116+0000] {logging_mixin.py:190} INFO - [2025-01-28T22:50:06.116+0000] {dag.py:4180} INFO - Setting next_dagrun for example_branch_dop_operator_v3 to 2025-01-28 22:49:00+00:00, run_after=2025-01-28 22:50:00+00:00
[2025-01-28T22:50:06.135+0000] {processor.py:208} INFO - Processing /home/airflow/.local/lib/python3.12/site-packages/airflow/example_dags/example_branch_python_dop_operator_3.py took 0.102 seconds
[2025-01-28T22:50:37.052+0000] {processor.py:186} INFO - Started process (PID=70313) to work on /home/airflow/.local/lib/python3.12/site-packages/airflow/example_dags/example_branch_python_dop_operator_3.py
[2025-01-28T22:50:37.055+0000] {processor.py:914} INFO - Processing file /home/airflow/.local/lib/python3.12/site-packages/airflow/example_dags/example_branch_python_dop_operator_3.py for tasks to queue
[2025-01-28T22:50:37.058+0000] {logging_mixin.py:190} INFO - [2025-01-28T22:50:37.057+0000] {dagbag.py:588} INFO - Filling up the DagBag from /home/airflow/.local/lib/python3.12/site-packages/airflow/example_dags/example_branch_python_dop_operator_3.py
[2025-01-28T22:50:37.077+0000] {processor.py:925} INFO - DAG(s) 'example_branch_dop_operator_v3' retrieved from /home/airflow/.local/lib/python3.12/site-packages/airflow/example_dags/example_branch_python_dop_operator_3.py
[2025-01-28T22:50:37.109+0000] {logging_mixin.py:190} INFO - [2025-01-28T22:50:37.109+0000] {dag.py:3239} INFO - Sync 1 DAGs
[2025-01-28T22:50:37.164+0000] {logging_mixin.py:190} INFO - [2025-01-28T22:50:37.163+0000] {dag.py:4180} INFO - Setting next_dagrun for example_branch_dop_operator_v3 to 2025-01-28 22:49:00+00:00, run_after=2025-01-28 22:50:00+00:00
[2025-01-28T22:50:37.193+0000] {processor.py:208} INFO - Processing /home/airflow/.local/lib/python3.12/site-packages/airflow/example_dags/example_branch_python_dop_operator_3.py took 0.149 seconds
[2025-01-28T22:51:07.477+0000] {processor.py:186} INFO - Started process (PID=70604) to work on /home/airflow/.local/lib/python3.12/site-packages/airflow/example_dags/example_branch_python_dop_operator_3.py
[2025-01-28T22:51:07.478+0000] {processor.py:914} INFO - Processing file /home/airflow/.local/lib/python3.12/site-packages/airflow/example_dags/example_branch_python_dop_operator_3.py for tasks to queue
[2025-01-28T22:51:07.481+0000] {logging_mixin.py:190} INFO - [2025-01-28T22:51:07.480+0000] {dagbag.py:588} INFO - Filling up the DagBag from /home/airflow/.local/lib/python3.12/site-packages/airflow/example_dags/example_branch_python_dop_operator_3.py
[2025-01-28T22:51:07.494+0000] {processor.py:925} INFO - DAG(s) 'example_branch_dop_operator_v3' retrieved from /home/airflow/.local/lib/python3.12/site-packages/airflow/example_dags/example_branch_python_dop_operator_3.py
[2025-01-28T22:51:07.516+0000] {logging_mixin.py:190} INFO - [2025-01-28T22:51:07.516+0000] {dag.py:3239} INFO - Sync 1 DAGs
[2025-01-28T22:51:07.549+0000] {logging_mixin.py:190} INFO - [2025-01-28T22:51:07.549+0000] {dag.py:4180} INFO - Setting next_dagrun for example_branch_dop_operator_v3 to 2025-01-28 22:50:00+00:00, run_after=2025-01-28 22:51:00+00:00
[2025-01-28T22:51:07.573+0000] {processor.py:208} INFO - Processing /home/airflow/.local/lib/python3.12/site-packages/airflow/example_dags/example_branch_python_dop_operator_3.py took 0.103 seconds
[2025-01-28T22:51:38.370+0000] {processor.py:186} INFO - Started process (PID=70900) to work on /home/airflow/.local/lib/python3.12/site-packages/airflow/example_dags/example_branch_python_dop_operator_3.py
[2025-01-28T22:51:38.379+0000] {processor.py:914} INFO - Processing file /home/airflow/.local/lib/python3.12/site-packages/airflow/example_dags/example_branch_python_dop_operator_3.py for tasks to queue
[2025-01-28T22:51:38.382+0000] {logging_mixin.py:190} INFO - [2025-01-28T22:51:38.381+0000] {dagbag.py:588} INFO - Filling up the DagBag from /home/airflow/.local/lib/python3.12/site-packages/airflow/example_dags/example_branch_python_dop_operator_3.py
[2025-01-28T22:51:38.396+0000] {processor.py:925} INFO - DAG(s) 'example_branch_dop_operator_v3' retrieved from /home/airflow/.local/lib/python3.12/site-packages/airflow/example_dags/example_branch_python_dop_operator_3.py
[2025-01-28T22:51:38.425+0000] {logging_mixin.py:190} INFO - [2025-01-28T22:51:38.424+0000] {dag.py:3239} INFO - Sync 1 DAGs
[2025-01-28T22:51:38.473+0000] {logging_mixin.py:190} INFO - [2025-01-28T22:51:38.473+0000] {dag.py:4180} INFO - Setting next_dagrun for example_branch_dop_operator_v3 to 2025-01-28 22:50:00+00:00, run_after=2025-01-28 22:51:00+00:00
[2025-01-28T22:51:38.845+0000] {processor.py:208} INFO - Processing /home/airflow/.local/lib/python3.12/site-packages/airflow/example_dags/example_branch_python_dop_operator_3.py took 0.485 seconds
[2025-01-28T22:52:15.801+0000] {processor.py:186} INFO - Started process (PID=71197) to work on /home/airflow/.local/lib/python3.12/site-packages/airflow/example_dags/example_branch_python_dop_operator_3.py
[2025-01-28T22:52:15.803+0000] {processor.py:914} INFO - Processing file /home/airflow/.local/lib/python3.12/site-packages/airflow/example_dags/example_branch_python_dop_operator_3.py for tasks to queue
[2025-01-28T22:52:15.816+0000] {logging_mixin.py:190} INFO - [2025-01-28T22:52:15.815+0000] {dagbag.py:588} INFO - Filling up the DagBag from /home/airflow/.local/lib/python3.12/site-packages/airflow/example_dags/example_branch_python_dop_operator_3.py
[2025-01-28T22:52:15.849+0000] {processor.py:925} INFO - DAG(s) 'example_branch_dop_operator_v3' retrieved from /home/airflow/.local/lib/python3.12/site-packages/airflow/example_dags/example_branch_python_dop_operator_3.py
[2025-01-28T22:52:15.901+0000] {logging_mixin.py:190} INFO - [2025-01-28T22:52:15.900+0000] {dag.py:3239} INFO - Sync 1 DAGs
[2025-01-28T22:52:16.012+0000] {logging_mixin.py:190} INFO - [2025-01-28T22:52:16.011+0000] {dag.py:4180} INFO - Setting next_dagrun for example_branch_dop_operator_v3 to 2025-01-28 22:51:00+00:00, run_after=2025-01-28 22:52:00+00:00
[2025-01-28T22:52:16.373+0000] {processor.py:208} INFO - Processing /home/airflow/.local/lib/python3.12/site-packages/airflow/example_dags/example_branch_python_dop_operator_3.py took 0.592 seconds
[2025-01-28T22:52:47.341+0000] {processor.py:186} INFO - Started process (PID=71493) to work on /home/airflow/.local/lib/python3.12/site-packages/airflow/example_dags/example_branch_python_dop_operator_3.py
[2025-01-28T22:52:47.342+0000] {processor.py:914} INFO - Processing file /home/airflow/.local/lib/python3.12/site-packages/airflow/example_dags/example_branch_python_dop_operator_3.py for tasks to queue
[2025-01-28T22:52:47.346+0000] {logging_mixin.py:190} INFO - [2025-01-28T22:52:47.345+0000] {dagbag.py:588} INFO - Filling up the DagBag from /home/airflow/.local/lib/python3.12/site-packages/airflow/example_dags/example_branch_python_dop_operator_3.py
[2025-01-28T22:52:47.358+0000] {processor.py:925} INFO - DAG(s) 'example_branch_dop_operator_v3' retrieved from /home/airflow/.local/lib/python3.12/site-packages/airflow/example_dags/example_branch_python_dop_operator_3.py
[2025-01-28T22:52:47.377+0000] {logging_mixin.py:190} INFO - [2025-01-28T22:52:47.377+0000] {dag.py:3239} INFO - Sync 1 DAGs
[2025-01-28T22:52:47.402+0000] {logging_mixin.py:190} INFO - [2025-01-28T22:52:47.401+0000] {dag.py:4180} INFO - Setting next_dagrun for example_branch_dop_operator_v3 to 2025-01-28 22:51:00+00:00, run_after=2025-01-28 22:52:00+00:00
[2025-01-28T22:52:47.422+0000] {processor.py:208} INFO - Processing /home/airflow/.local/lib/python3.12/site-packages/airflow/example_dags/example_branch_python_dop_operator_3.py took 0.087 seconds
