[2025-01-28T22:42:48.060+0000] {processor.py:186} INFO - Started process (PID=65656) to work on /home/airflow/.local/lib/python3.12/site-packages/airflow/example_dags/tutorial_taskflow_api.py
[2025-01-28T22:42:48.063+0000] {processor.py:914} INFO - Processing file /home/airflow/.local/lib/python3.12/site-packages/airflow/example_dags/tutorial_taskflow_api.py for tasks to queue
[2025-01-28T22:42:48.073+0000] {logging_mixin.py:190} INFO - [2025-01-28T22:42:48.073+0000] {dagbag.py:588} INFO - Filling up the DagBag from /home/airflow/.local/lib/python3.12/site-packages/airflow/example_dags/tutorial_taskflow_api.py
[2025-01-28T22:42:48.104+0000] {processor.py:925} INFO - DAG(s) 'tutorial_taskflow_api' retrieved from /home/airflow/.local/lib/python3.12/site-packages/airflow/example_dags/tutorial_taskflow_api.py
[2025-01-28T22:42:48.163+0000] {logging_mixin.py:190} INFO - [2025-01-28T22:42:48.162+0000] {dag.py:3239} INFO - Sync 1 DAGs
[2025-01-28T22:42:48.301+0000] {logging_mixin.py:190} INFO - [2025-01-28T22:42:48.301+0000] {dag.py:4180} INFO - Setting next_dagrun for tutorial_taskflow_api to None, run_after=None
[2025-01-28T22:42:48.382+0000] {processor.py:208} INFO - Processing /home/airflow/.local/lib/python3.12/site-packages/airflow/example_dags/tutorial_taskflow_api.py took 0.332 seconds
[2025-01-28T22:43:18.739+0000] {processor.py:186} INFO - Started process (PID=65951) to work on /home/airflow/.local/lib/python3.12/site-packages/airflow/example_dags/tutorial_taskflow_api.py
[2025-01-28T22:43:18.740+0000] {processor.py:914} INFO - Processing file /home/airflow/.local/lib/python3.12/site-packages/airflow/example_dags/tutorial_taskflow_api.py for tasks to queue
[2025-01-28T22:43:18.742+0000] {logging_mixin.py:190} INFO - [2025-01-28T22:43:18.742+0000] {dagbag.py:588} INFO - Filling up the DagBag from /home/airflow/.local/lib/python3.12/site-packages/airflow/example_dags/tutorial_taskflow_api.py
[2025-01-28T22:43:18.750+0000] {processor.py:925} INFO - DAG(s) 'tutorial_taskflow_api' retrieved from /home/airflow/.local/lib/python3.12/site-packages/airflow/example_dags/tutorial_taskflow_api.py
[2025-01-28T22:43:18.768+0000] {logging_mixin.py:190} INFO - [2025-01-28T22:43:18.767+0000] {dag.py:3239} INFO - Sync 1 DAGs
[2025-01-28T22:43:18.782+0000] {logging_mixin.py:190} INFO - [2025-01-28T22:43:18.782+0000] {dag.py:4180} INFO - Setting next_dagrun for tutorial_taskflow_api to None, run_after=None
[2025-01-28T22:43:18.801+0000] {processor.py:208} INFO - Processing /home/airflow/.local/lib/python3.12/site-packages/airflow/example_dags/tutorial_taskflow_api.py took 0.067 seconds
[2025-01-28T22:43:49.659+0000] {processor.py:186} INFO - Started process (PID=66247) to work on /home/airflow/.local/lib/python3.12/site-packages/airflow/example_dags/tutorial_taskflow_api.py
[2025-01-28T22:43:49.661+0000] {processor.py:914} INFO - Processing file /home/airflow/.local/lib/python3.12/site-packages/airflow/example_dags/tutorial_taskflow_api.py for tasks to queue
[2025-01-28T22:43:49.663+0000] {logging_mixin.py:190} INFO - [2025-01-28T22:43:49.663+0000] {dagbag.py:588} INFO - Filling up the DagBag from /home/airflow/.local/lib/python3.12/site-packages/airflow/example_dags/tutorial_taskflow_api.py
[2025-01-28T22:43:49.677+0000] {processor.py:925} INFO - DAG(s) 'tutorial_taskflow_api' retrieved from /home/airflow/.local/lib/python3.12/site-packages/airflow/example_dags/tutorial_taskflow_api.py
[2025-01-28T22:43:49.704+0000] {logging_mixin.py:190} INFO - [2025-01-28T22:43:49.703+0000] {dag.py:3239} INFO - Sync 1 DAGs
[2025-01-28T22:43:49.724+0000] {logging_mixin.py:190} INFO - [2025-01-28T22:43:49.724+0000] {dag.py:4180} INFO - Setting next_dagrun for tutorial_taskflow_api to None, run_after=None
[2025-01-28T22:43:49.748+0000] {processor.py:208} INFO - Processing /home/airflow/.local/lib/python3.12/site-packages/airflow/example_dags/tutorial_taskflow_api.py took 0.098 seconds
[2025-01-28T22:44:19.814+0000] {processor.py:186} INFO - Started process (PID=66543) to work on /home/airflow/.local/lib/python3.12/site-packages/airflow/example_dags/tutorial_taskflow_api.py
[2025-01-28T22:44:19.815+0000] {processor.py:914} INFO - Processing file /home/airflow/.local/lib/python3.12/site-packages/airflow/example_dags/tutorial_taskflow_api.py for tasks to queue
[2025-01-28T22:44:19.818+0000] {logging_mixin.py:190} INFO - [2025-01-28T22:44:19.817+0000] {dagbag.py:588} INFO - Filling up the DagBag from /home/airflow/.local/lib/python3.12/site-packages/airflow/example_dags/tutorial_taskflow_api.py
[2025-01-28T22:44:19.826+0000] {processor.py:925} INFO - DAG(s) 'tutorial_taskflow_api' retrieved from /home/airflow/.local/lib/python3.12/site-packages/airflow/example_dags/tutorial_taskflow_api.py
[2025-01-28T22:44:19.844+0000] {logging_mixin.py:190} INFO - [2025-01-28T22:44:19.843+0000] {dag.py:3239} INFO - Sync 1 DAGs
[2025-01-28T22:44:19.856+0000] {logging_mixin.py:190} INFO - [2025-01-28T22:44:19.856+0000] {dag.py:4180} INFO - Setting next_dagrun for tutorial_taskflow_api to None, run_after=None
[2025-01-28T22:44:19.871+0000] {processor.py:208} INFO - Processing /home/airflow/.local/lib/python3.12/site-packages/airflow/example_dags/tutorial_taskflow_api.py took 0.062 seconds
[2025-01-28T22:44:50.261+0000] {processor.py:186} INFO - Started process (PID=66839) to work on /home/airflow/.local/lib/python3.12/site-packages/airflow/example_dags/tutorial_taskflow_api.py
[2025-01-28T22:44:50.262+0000] {processor.py:914} INFO - Processing file /home/airflow/.local/lib/python3.12/site-packages/airflow/example_dags/tutorial_taskflow_api.py for tasks to queue
[2025-01-28T22:44:50.264+0000] {logging_mixin.py:190} INFO - [2025-01-28T22:44:50.263+0000] {dagbag.py:588} INFO - Filling up the DagBag from /home/airflow/.local/lib/python3.12/site-packages/airflow/example_dags/tutorial_taskflow_api.py
[2025-01-28T22:44:50.270+0000] {processor.py:925} INFO - DAG(s) 'tutorial_taskflow_api' retrieved from /home/airflow/.local/lib/python3.12/site-packages/airflow/example_dags/tutorial_taskflow_api.py
[2025-01-28T22:44:50.285+0000] {logging_mixin.py:190} INFO - [2025-01-28T22:44:50.285+0000] {dag.py:3239} INFO - Sync 1 DAGs
[2025-01-28T22:44:50.298+0000] {logging_mixin.py:190} INFO - [2025-01-28T22:44:50.298+0000] {dag.py:4180} INFO - Setting next_dagrun for tutorial_taskflow_api to None, run_after=None
[2025-01-28T22:44:50.317+0000] {processor.py:208} INFO - Processing /home/airflow/.local/lib/python3.12/site-packages/airflow/example_dags/tutorial_taskflow_api.py took 0.061 seconds
[2025-01-28T22:45:20.977+0000] {processor.py:186} INFO - Started process (PID=67135) to work on /home/airflow/.local/lib/python3.12/site-packages/airflow/example_dags/tutorial_taskflow_api.py
[2025-01-28T22:45:20.978+0000] {processor.py:914} INFO - Processing file /home/airflow/.local/lib/python3.12/site-packages/airflow/example_dags/tutorial_taskflow_api.py for tasks to queue
[2025-01-28T22:45:20.980+0000] {logging_mixin.py:190} INFO - [2025-01-28T22:45:20.980+0000] {dagbag.py:588} INFO - Filling up the DagBag from /home/airflow/.local/lib/python3.12/site-packages/airflow/example_dags/tutorial_taskflow_api.py
[2025-01-28T22:45:20.988+0000] {processor.py:925} INFO - DAG(s) 'tutorial_taskflow_api' retrieved from /home/airflow/.local/lib/python3.12/site-packages/airflow/example_dags/tutorial_taskflow_api.py
[2025-01-28T22:45:21.004+0000] {logging_mixin.py:190} INFO - [2025-01-28T22:45:21.004+0000] {dag.py:3239} INFO - Sync 1 DAGs
[2025-01-28T22:45:21.020+0000] {logging_mixin.py:190} INFO - [2025-01-28T22:45:21.020+0000] {dag.py:4180} INFO - Setting next_dagrun for tutorial_taskflow_api to None, run_after=None
[2025-01-28T22:45:21.037+0000] {processor.py:208} INFO - Processing /home/airflow/.local/lib/python3.12/site-packages/airflow/example_dags/tutorial_taskflow_api.py took 0.066 seconds
[2025-01-28T22:45:51.524+0000] {processor.py:186} INFO - Started process (PID=67431) to work on /home/airflow/.local/lib/python3.12/site-packages/airflow/example_dags/tutorial_taskflow_api.py
[2025-01-28T22:45:51.525+0000] {processor.py:914} INFO - Processing file /home/airflow/.local/lib/python3.12/site-packages/airflow/example_dags/tutorial_taskflow_api.py for tasks to queue
[2025-01-28T22:45:51.527+0000] {logging_mixin.py:190} INFO - [2025-01-28T22:45:51.527+0000] {dagbag.py:588} INFO - Filling up the DagBag from /home/airflow/.local/lib/python3.12/site-packages/airflow/example_dags/tutorial_taskflow_api.py
[2025-01-28T22:45:51.535+0000] {processor.py:925} INFO - DAG(s) 'tutorial_taskflow_api' retrieved from /home/airflow/.local/lib/python3.12/site-packages/airflow/example_dags/tutorial_taskflow_api.py
[2025-01-28T22:45:51.552+0000] {logging_mixin.py:190} INFO - [2025-01-28T22:45:51.552+0000] {dag.py:3239} INFO - Sync 1 DAGs
[2025-01-28T22:45:51.564+0000] {logging_mixin.py:190} INFO - [2025-01-28T22:45:51.564+0000] {dag.py:4180} INFO - Setting next_dagrun for tutorial_taskflow_api to None, run_after=None
[2025-01-28T22:45:51.583+0000] {processor.py:208} INFO - Processing /home/airflow/.local/lib/python3.12/site-packages/airflow/example_dags/tutorial_taskflow_api.py took 0.065 seconds
[2025-01-28T22:46:21.746+0000] {processor.py:186} INFO - Started process (PID=67729) to work on /home/airflow/.local/lib/python3.12/site-packages/airflow/example_dags/tutorial_taskflow_api.py
[2025-01-28T22:46:21.747+0000] {processor.py:914} INFO - Processing file /home/airflow/.local/lib/python3.12/site-packages/airflow/example_dags/tutorial_taskflow_api.py for tasks to queue
[2025-01-28T22:46:21.750+0000] {logging_mixin.py:190} INFO - [2025-01-28T22:46:21.750+0000] {dagbag.py:588} INFO - Filling up the DagBag from /home/airflow/.local/lib/python3.12/site-packages/airflow/example_dags/tutorial_taskflow_api.py
[2025-01-28T22:46:21.758+0000] {processor.py:925} INFO - DAG(s) 'tutorial_taskflow_api' retrieved from /home/airflow/.local/lib/python3.12/site-packages/airflow/example_dags/tutorial_taskflow_api.py
[2025-01-28T22:46:21.775+0000] {logging_mixin.py:190} INFO - [2025-01-28T22:46:21.775+0000] {dag.py:3239} INFO - Sync 1 DAGs
[2025-01-28T22:46:21.787+0000] {logging_mixin.py:190} INFO - [2025-01-28T22:46:21.787+0000] {dag.py:4180} INFO - Setting next_dagrun for tutorial_taskflow_api to None, run_after=None
[2025-01-28T22:46:21.803+0000] {processor.py:208} INFO - Processing /home/airflow/.local/lib/python3.12/site-packages/airflow/example_dags/tutorial_taskflow_api.py took 0.062 seconds
[2025-01-28T22:46:51.990+0000] {processor.py:186} INFO - Started process (PID=68025) to work on /home/airflow/.local/lib/python3.12/site-packages/airflow/example_dags/tutorial_taskflow_api.py
[2025-01-28T22:46:51.991+0000] {processor.py:914} INFO - Processing file /home/airflow/.local/lib/python3.12/site-packages/airflow/example_dags/tutorial_taskflow_api.py for tasks to queue
[2025-01-28T22:46:51.993+0000] {logging_mixin.py:190} INFO - [2025-01-28T22:46:51.993+0000] {dagbag.py:588} INFO - Filling up the DagBag from /home/airflow/.local/lib/python3.12/site-packages/airflow/example_dags/tutorial_taskflow_api.py
[2025-01-28T22:46:52.000+0000] {processor.py:925} INFO - DAG(s) 'tutorial_taskflow_api' retrieved from /home/airflow/.local/lib/python3.12/site-packages/airflow/example_dags/tutorial_taskflow_api.py
[2025-01-28T22:46:52.019+0000] {logging_mixin.py:190} INFO - [2025-01-28T22:46:52.018+0000] {dag.py:3239} INFO - Sync 1 DAGs
[2025-01-28T22:46:52.035+0000] {logging_mixin.py:190} INFO - [2025-01-28T22:46:52.035+0000] {dag.py:4180} INFO - Setting next_dagrun for tutorial_taskflow_api to None, run_after=None
[2025-01-28T22:46:52.058+0000] {processor.py:208} INFO - Processing /home/airflow/.local/lib/python3.12/site-packages/airflow/example_dags/tutorial_taskflow_api.py took 0.073 seconds
[2025-01-28T22:47:22.407+0000] {processor.py:186} INFO - Started process (PID=68319) to work on /home/airflow/.local/lib/python3.12/site-packages/airflow/example_dags/tutorial_taskflow_api.py
[2025-01-28T22:47:22.408+0000] {processor.py:914} INFO - Processing file /home/airflow/.local/lib/python3.12/site-packages/airflow/example_dags/tutorial_taskflow_api.py for tasks to queue
[2025-01-28T22:47:22.410+0000] {logging_mixin.py:190} INFO - [2025-01-28T22:47:22.410+0000] {dagbag.py:588} INFO - Filling up the DagBag from /home/airflow/.local/lib/python3.12/site-packages/airflow/example_dags/tutorial_taskflow_api.py
[2025-01-28T22:47:22.418+0000] {processor.py:925} INFO - DAG(s) 'tutorial_taskflow_api' retrieved from /home/airflow/.local/lib/python3.12/site-packages/airflow/example_dags/tutorial_taskflow_api.py
[2025-01-28T22:47:22.439+0000] {logging_mixin.py:190} INFO - [2025-01-28T22:47:22.439+0000] {dag.py:3239} INFO - Sync 1 DAGs
[2025-01-28T22:47:22.454+0000] {logging_mixin.py:190} INFO - [2025-01-28T22:47:22.454+0000] {dag.py:4180} INFO - Setting next_dagrun for tutorial_taskflow_api to None, run_after=None
[2025-01-28T22:47:22.472+0000] {processor.py:208} INFO - Processing /home/airflow/.local/lib/python3.12/site-packages/airflow/example_dags/tutorial_taskflow_api.py took 0.072 seconds
[2025-01-28T22:47:52.999+0000] {processor.py:186} INFO - Started process (PID=68615) to work on /home/airflow/.local/lib/python3.12/site-packages/airflow/example_dags/tutorial_taskflow_api.py
[2025-01-28T22:47:53.001+0000] {processor.py:914} INFO - Processing file /home/airflow/.local/lib/python3.12/site-packages/airflow/example_dags/tutorial_taskflow_api.py for tasks to queue
[2025-01-28T22:47:53.003+0000] {logging_mixin.py:190} INFO - [2025-01-28T22:47:53.003+0000] {dagbag.py:588} INFO - Filling up the DagBag from /home/airflow/.local/lib/python3.12/site-packages/airflow/example_dags/tutorial_taskflow_api.py
[2025-01-28T22:47:53.011+0000] {processor.py:925} INFO - DAG(s) 'tutorial_taskflow_api' retrieved from /home/airflow/.local/lib/python3.12/site-packages/airflow/example_dags/tutorial_taskflow_api.py
[2025-01-28T22:47:53.029+0000] {logging_mixin.py:190} INFO - [2025-01-28T22:47:53.029+0000] {dag.py:3239} INFO - Sync 1 DAGs
[2025-01-28T22:47:53.042+0000] {logging_mixin.py:190} INFO - [2025-01-28T22:47:53.042+0000] {dag.py:4180} INFO - Setting next_dagrun for tutorial_taskflow_api to None, run_after=None
[2025-01-28T22:47:53.062+0000] {processor.py:208} INFO - Processing /home/airflow/.local/lib/python3.12/site-packages/airflow/example_dags/tutorial_taskflow_api.py took 0.068 seconds
[2025-01-28T22:48:23.387+0000] {processor.py:186} INFO - Started process (PID=68911) to work on /home/airflow/.local/lib/python3.12/site-packages/airflow/example_dags/tutorial_taskflow_api.py
[2025-01-28T22:48:23.388+0000] {processor.py:914} INFO - Processing file /home/airflow/.local/lib/python3.12/site-packages/airflow/example_dags/tutorial_taskflow_api.py for tasks to queue
[2025-01-28T22:48:23.391+0000] {logging_mixin.py:190} INFO - [2025-01-28T22:48:23.390+0000] {dagbag.py:588} INFO - Filling up the DagBag from /home/airflow/.local/lib/python3.12/site-packages/airflow/example_dags/tutorial_taskflow_api.py
[2025-01-28T22:48:23.407+0000] {processor.py:925} INFO - DAG(s) 'tutorial_taskflow_api' retrieved from /home/airflow/.local/lib/python3.12/site-packages/airflow/example_dags/tutorial_taskflow_api.py
[2025-01-28T22:48:23.427+0000] {logging_mixin.py:190} INFO - [2025-01-28T22:48:23.427+0000] {dag.py:3239} INFO - Sync 1 DAGs
[2025-01-28T22:48:23.439+0000] {logging_mixin.py:190} INFO - [2025-01-28T22:48:23.439+0000] {dag.py:4180} INFO - Setting next_dagrun for tutorial_taskflow_api to None, run_after=None
[2025-01-28T22:48:23.459+0000] {processor.py:208} INFO - Processing /home/airflow/.local/lib/python3.12/site-packages/airflow/example_dags/tutorial_taskflow_api.py took 0.076 seconds
[2025-01-28T22:48:54.195+0000] {processor.py:186} INFO - Started process (PID=69207) to work on /home/airflow/.local/lib/python3.12/site-packages/airflow/example_dags/tutorial_taskflow_api.py
[2025-01-28T22:48:54.197+0000] {processor.py:914} INFO - Processing file /home/airflow/.local/lib/python3.12/site-packages/airflow/example_dags/tutorial_taskflow_api.py for tasks to queue
[2025-01-28T22:48:54.199+0000] {logging_mixin.py:190} INFO - [2025-01-28T22:48:54.199+0000] {dagbag.py:588} INFO - Filling up the DagBag from /home/airflow/.local/lib/python3.12/site-packages/airflow/example_dags/tutorial_taskflow_api.py
[2025-01-28T22:48:54.207+0000] {processor.py:925} INFO - DAG(s) 'tutorial_taskflow_api' retrieved from /home/airflow/.local/lib/python3.12/site-packages/airflow/example_dags/tutorial_taskflow_api.py
[2025-01-28T22:48:54.229+0000] {logging_mixin.py:190} INFO - [2025-01-28T22:48:54.229+0000] {dag.py:3239} INFO - Sync 1 DAGs
[2025-01-28T22:48:54.243+0000] {logging_mixin.py:190} INFO - [2025-01-28T22:48:54.243+0000] {dag.py:4180} INFO - Setting next_dagrun for tutorial_taskflow_api to None, run_after=None
[2025-01-28T22:48:54.263+0000] {processor.py:208} INFO - Processing /home/airflow/.local/lib/python3.12/site-packages/airflow/example_dags/tutorial_taskflow_api.py took 0.073 seconds
[2025-01-28T22:49:24.873+0000] {processor.py:186} INFO - Started process (PID=69503) to work on /home/airflow/.local/lib/python3.12/site-packages/airflow/example_dags/tutorial_taskflow_api.py
[2025-01-28T22:49:24.874+0000] {processor.py:914} INFO - Processing file /home/airflow/.local/lib/python3.12/site-packages/airflow/example_dags/tutorial_taskflow_api.py for tasks to queue
[2025-01-28T22:49:24.878+0000] {logging_mixin.py:190} INFO - [2025-01-28T22:49:24.877+0000] {dagbag.py:588} INFO - Filling up the DagBag from /home/airflow/.local/lib/python3.12/site-packages/airflow/example_dags/tutorial_taskflow_api.py
[2025-01-28T22:49:24.888+0000] {processor.py:925} INFO - DAG(s) 'tutorial_taskflow_api' retrieved from /home/airflow/.local/lib/python3.12/site-packages/airflow/example_dags/tutorial_taskflow_api.py
[2025-01-28T22:49:24.907+0000] {logging_mixin.py:190} INFO - [2025-01-28T22:49:24.907+0000] {dag.py:3239} INFO - Sync 1 DAGs
[2025-01-28T22:49:24.920+0000] {logging_mixin.py:190} INFO - [2025-01-28T22:49:24.920+0000] {dag.py:4180} INFO - Setting next_dagrun for tutorial_taskflow_api to None, run_after=None
[2025-01-28T22:49:24.938+0000] {processor.py:208} INFO - Processing /home/airflow/.local/lib/python3.12/site-packages/airflow/example_dags/tutorial_taskflow_api.py took 0.071 seconds
[2025-01-28T22:49:55.564+0000] {processor.py:186} INFO - Started process (PID=69807) to work on /home/airflow/.local/lib/python3.12/site-packages/airflow/example_dags/tutorial_taskflow_api.py
[2025-01-28T22:49:55.565+0000] {processor.py:914} INFO - Processing file /home/airflow/.local/lib/python3.12/site-packages/airflow/example_dags/tutorial_taskflow_api.py for tasks to queue
[2025-01-28T22:49:55.568+0000] {logging_mixin.py:190} INFO - [2025-01-28T22:49:55.567+0000] {dagbag.py:588} INFO - Filling up the DagBag from /home/airflow/.local/lib/python3.12/site-packages/airflow/example_dags/tutorial_taskflow_api.py
[2025-01-28T22:49:55.577+0000] {processor.py:925} INFO - DAG(s) 'tutorial_taskflow_api' retrieved from /home/airflow/.local/lib/python3.12/site-packages/airflow/example_dags/tutorial_taskflow_api.py
[2025-01-28T22:49:55.599+0000] {logging_mixin.py:190} INFO - [2025-01-28T22:49:55.599+0000] {dag.py:3239} INFO - Sync 1 DAGs
[2025-01-28T22:49:55.616+0000] {logging_mixin.py:190} INFO - [2025-01-28T22:49:55.615+0000] {dag.py:4180} INFO - Setting next_dagrun for tutorial_taskflow_api to None, run_after=None
[2025-01-28T22:49:55.637+0000] {processor.py:208} INFO - Processing /home/airflow/.local/lib/python3.12/site-packages/airflow/example_dags/tutorial_taskflow_api.py took 0.079 seconds
[2025-01-28T22:50:26.215+0000] {processor.py:186} INFO - Started process (PID=70103) to work on /home/airflow/.local/lib/python3.12/site-packages/airflow/example_dags/tutorial_taskflow_api.py
[2025-01-28T22:50:26.216+0000] {processor.py:914} INFO - Processing file /home/airflow/.local/lib/python3.12/site-packages/airflow/example_dags/tutorial_taskflow_api.py for tasks to queue
[2025-01-28T22:50:26.218+0000] {logging_mixin.py:190} INFO - [2025-01-28T22:50:26.218+0000] {dagbag.py:588} INFO - Filling up the DagBag from /home/airflow/.local/lib/python3.12/site-packages/airflow/example_dags/tutorial_taskflow_api.py
[2025-01-28T22:50:26.226+0000] {processor.py:925} INFO - DAG(s) 'tutorial_taskflow_api' retrieved from /home/airflow/.local/lib/python3.12/site-packages/airflow/example_dags/tutorial_taskflow_api.py
[2025-01-28T22:50:26.243+0000] {logging_mixin.py:190} INFO - [2025-01-28T22:50:26.243+0000] {dag.py:3239} INFO - Sync 1 DAGs
[2025-01-28T22:50:26.255+0000] {logging_mixin.py:190} INFO - [2025-01-28T22:50:26.255+0000] {dag.py:4180} INFO - Setting next_dagrun for tutorial_taskflow_api to None, run_after=None
[2025-01-28T22:50:26.271+0000] {processor.py:208} INFO - Processing /home/airflow/.local/lib/python3.12/site-packages/airflow/example_dags/tutorial_taskflow_api.py took 0.061 seconds
[2025-01-28T22:50:56.625+0000] {processor.py:186} INFO - Started process (PID=70399) to work on /home/airflow/.local/lib/python3.12/site-packages/airflow/example_dags/tutorial_taskflow_api.py
[2025-01-28T22:50:56.626+0000] {processor.py:914} INFO - Processing file /home/airflow/.local/lib/python3.12/site-packages/airflow/example_dags/tutorial_taskflow_api.py for tasks to queue
[2025-01-28T22:50:56.629+0000] {logging_mixin.py:190} INFO - [2025-01-28T22:50:56.628+0000] {dagbag.py:588} INFO - Filling up the DagBag from /home/airflow/.local/lib/python3.12/site-packages/airflow/example_dags/tutorial_taskflow_api.py
[2025-01-28T22:50:56.637+0000] {processor.py:925} INFO - DAG(s) 'tutorial_taskflow_api' retrieved from /home/airflow/.local/lib/python3.12/site-packages/airflow/example_dags/tutorial_taskflow_api.py
[2025-01-28T22:50:56.657+0000] {logging_mixin.py:190} INFO - [2025-01-28T22:50:56.657+0000] {dag.py:3239} INFO - Sync 1 DAGs
[2025-01-28T22:50:56.671+0000] {logging_mixin.py:190} INFO - [2025-01-28T22:50:56.671+0000] {dag.py:4180} INFO - Setting next_dagrun for tutorial_taskflow_api to None, run_after=None
[2025-01-28T22:50:56.690+0000] {processor.py:208} INFO - Processing /home/airflow/.local/lib/python3.12/site-packages/airflow/example_dags/tutorial_taskflow_api.py took 0.071 seconds
[2025-01-28T22:51:26.879+0000] {processor.py:186} INFO - Started process (PID=70695) to work on /home/airflow/.local/lib/python3.12/site-packages/airflow/example_dags/tutorial_taskflow_api.py
[2025-01-28T22:51:26.880+0000] {processor.py:914} INFO - Processing file /home/airflow/.local/lib/python3.12/site-packages/airflow/example_dags/tutorial_taskflow_api.py for tasks to queue
[2025-01-28T22:51:26.883+0000] {logging_mixin.py:190} INFO - [2025-01-28T22:51:26.882+0000] {dagbag.py:588} INFO - Filling up the DagBag from /home/airflow/.local/lib/python3.12/site-packages/airflow/example_dags/tutorial_taskflow_api.py
[2025-01-28T22:51:26.893+0000] {processor.py:925} INFO - DAG(s) 'tutorial_taskflow_api' retrieved from /home/airflow/.local/lib/python3.12/site-packages/airflow/example_dags/tutorial_taskflow_api.py
[2025-01-28T22:51:26.917+0000] {logging_mixin.py:190} INFO - [2025-01-28T22:51:26.917+0000] {dag.py:3239} INFO - Sync 1 DAGs
[2025-01-28T22:51:26.934+0000] {logging_mixin.py:190} INFO - [2025-01-28T22:51:26.934+0000] {dag.py:4180} INFO - Setting next_dagrun for tutorial_taskflow_api to None, run_after=None
[2025-01-28T22:51:26.956+0000] {processor.py:208} INFO - Processing /home/airflow/.local/lib/python3.12/site-packages/airflow/example_dags/tutorial_taskflow_api.py took 0.085 seconds
[2025-01-28T22:51:57.686+0000] {processor.py:186} INFO - Started process (PID=70992) to work on /home/airflow/.local/lib/python3.12/site-packages/airflow/example_dags/tutorial_taskflow_api.py
[2025-01-28T22:51:57.688+0000] {processor.py:914} INFO - Processing file /home/airflow/.local/lib/python3.12/site-packages/airflow/example_dags/tutorial_taskflow_api.py for tasks to queue
[2025-01-28T22:51:57.692+0000] {logging_mixin.py:190} INFO - [2025-01-28T22:51:57.691+0000] {dagbag.py:588} INFO - Filling up the DagBag from /home/airflow/.local/lib/python3.12/site-packages/airflow/example_dags/tutorial_taskflow_api.py
[2025-01-28T22:51:57.714+0000] {processor.py:925} INFO - DAG(s) 'tutorial_taskflow_api' retrieved from /home/airflow/.local/lib/python3.12/site-packages/airflow/example_dags/tutorial_taskflow_api.py
[2025-01-28T22:51:57.778+0000] {logging_mixin.py:190} INFO - [2025-01-28T22:51:57.777+0000] {dag.py:3239} INFO - Sync 1 DAGs
[2025-01-28T22:51:57.811+0000] {logging_mixin.py:190} INFO - [2025-01-28T22:51:57.811+0000] {dag.py:4180} INFO - Setting next_dagrun for tutorial_taskflow_api to None, run_after=None
[2025-01-28T22:51:57.894+0000] {processor.py:208} INFO - Processing /home/airflow/.local/lib/python3.12/site-packages/airflow/example_dags/tutorial_taskflow_api.py took 0.222 seconds
[2025-01-28T22:52:28.823+0000] {processor.py:186} INFO - Started process (PID=71288) to work on /home/airflow/.local/lib/python3.12/site-packages/airflow/example_dags/tutorial_taskflow_api.py
[2025-01-28T22:52:28.832+0000] {processor.py:914} INFO - Processing file /home/airflow/.local/lib/python3.12/site-packages/airflow/example_dags/tutorial_taskflow_api.py for tasks to queue
[2025-01-28T22:52:28.837+0000] {logging_mixin.py:190} INFO - [2025-01-28T22:52:28.836+0000] {dagbag.py:588} INFO - Filling up the DagBag from /home/airflow/.local/lib/python3.12/site-packages/airflow/example_dags/tutorial_taskflow_api.py
[2025-01-28T22:52:28.874+0000] {processor.py:925} INFO - DAG(s) 'tutorial_taskflow_api' retrieved from /home/airflow/.local/lib/python3.12/site-packages/airflow/example_dags/tutorial_taskflow_api.py
[2025-01-28T22:52:28.942+0000] {logging_mixin.py:190} INFO - [2025-01-28T22:52:28.942+0000] {dag.py:3239} INFO - Sync 1 DAGs
[2025-01-28T22:52:28.999+0000] {logging_mixin.py:190} INFO - [2025-01-28T22:52:28.999+0000] {dag.py:4180} INFO - Setting next_dagrun for tutorial_taskflow_api to None, run_after=None
[2025-01-28T22:52:29.104+0000] {processor.py:208} INFO - Processing /home/airflow/.local/lib/python3.12/site-packages/airflow/example_dags/tutorial_taskflow_api.py took 0.301 seconds
[2025-01-28T22:52:59.329+0000] {processor.py:186} INFO - Started process (PID=71584) to work on /home/airflow/.local/lib/python3.12/site-packages/airflow/example_dags/tutorial_taskflow_api.py
[2025-01-28T22:52:59.330+0000] {processor.py:914} INFO - Processing file /home/airflow/.local/lib/python3.12/site-packages/airflow/example_dags/tutorial_taskflow_api.py for tasks to queue
[2025-01-28T22:52:59.334+0000] {logging_mixin.py:190} INFO - [2025-01-28T22:52:59.333+0000] {dagbag.py:588} INFO - Filling up the DagBag from /home/airflow/.local/lib/python3.12/site-packages/airflow/example_dags/tutorial_taskflow_api.py
[2025-01-28T22:52:59.344+0000] {processor.py:925} INFO - DAG(s) 'tutorial_taskflow_api' retrieved from /home/airflow/.local/lib/python3.12/site-packages/airflow/example_dags/tutorial_taskflow_api.py
[2025-01-28T22:52:59.370+0000] {logging_mixin.py:190} INFO - [2025-01-28T22:52:59.370+0000] {dag.py:3239} INFO - Sync 1 DAGs
[2025-01-28T22:52:59.398+0000] {logging_mixin.py:190} INFO - [2025-01-28T22:52:59.398+0000] {dag.py:4180} INFO - Setting next_dagrun for tutorial_taskflow_api to None, run_after=None
[2025-01-28T22:52:59.683+0000] {processor.py:208} INFO - Processing /home/airflow/.local/lib/python3.12/site-packages/airflow/example_dags/tutorial_taskflow_api.py took 0.363 seconds
