[2025-01-28T22:42:54.080+0000] {processor.py:186} INFO - Started process (PID=65771) to work on /home/airflow/.local/lib/python3.12/site-packages/airflow/example_dags/tutorial.py
[2025-01-28T22:42:54.081+0000] {processor.py:914} INFO - Processing file /home/airflow/.local/lib/python3.12/site-packages/airflow/example_dags/tutorial.py for tasks to queue
[2025-01-28T22:42:54.083+0000] {logging_mixin.py:190} INFO - [2025-01-28T22:42:54.083+0000] {dagbag.py:588} INFO - Filling up the DagBag from /home/airflow/.local/lib/python3.12/site-packages/airflow/example_dags/tutorial.py
[2025-01-28T22:42:54.094+0000] {processor.py:925} INFO - DAG(s) 'tutorial' retrieved from /home/airflow/.local/lib/python3.12/site-packages/airflow/example_dags/tutorial.py
[2025-01-28T22:42:54.118+0000] {logging_mixin.py:190} INFO - [2025-01-28T22:42:54.118+0000] {dag.py:3239} INFO - Sync 1 DAGs
[2025-01-28T22:42:54.147+0000] {logging_mixin.py:190} INFO - [2025-01-28T22:42:54.147+0000] {dag.py:4180} INFO - Setting next_dagrun for tutorial to 2025-01-27 00:00:00+00:00, run_after=2025-01-28 00:00:00+00:00
[2025-01-28T22:42:54.165+0000] {processor.py:208} INFO - Processing /home/airflow/.local/lib/python3.12/site-packages/airflow/example_dags/tutorial.py took 0.094 seconds
[2025-01-28T22:43:24.413+0000] {processor.py:186} INFO - Started process (PID=66068) to work on /home/airflow/.local/lib/python3.12/site-packages/airflow/example_dags/tutorial.py
[2025-01-28T22:43:24.414+0000] {processor.py:914} INFO - Processing file /home/airflow/.local/lib/python3.12/site-packages/airflow/example_dags/tutorial.py for tasks to queue
[2025-01-28T22:43:24.416+0000] {logging_mixin.py:190} INFO - [2025-01-28T22:43:24.416+0000] {dagbag.py:588} INFO - Filling up the DagBag from /home/airflow/.local/lib/python3.12/site-packages/airflow/example_dags/tutorial.py
[2025-01-28T22:43:24.424+0000] {processor.py:925} INFO - DAG(s) 'tutorial' retrieved from /home/airflow/.local/lib/python3.12/site-packages/airflow/example_dags/tutorial.py
[2025-01-28T22:43:24.446+0000] {logging_mixin.py:190} INFO - [2025-01-28T22:43:24.446+0000] {dag.py:3239} INFO - Sync 1 DAGs
[2025-01-28T22:43:24.473+0000] {logging_mixin.py:190} INFO - [2025-01-28T22:43:24.473+0000] {dag.py:4180} INFO - Setting next_dagrun for tutorial to 2025-01-27 00:00:00+00:00, run_after=2025-01-28 00:00:00+00:00
[2025-01-28T22:43:24.491+0000] {processor.py:208} INFO - Processing /home/airflow/.local/lib/python3.12/site-packages/airflow/example_dags/tutorial.py took 0.084 seconds
[2025-01-28T22:43:54.714+0000] {processor.py:186} INFO - Started process (PID=66364) to work on /home/airflow/.local/lib/python3.12/site-packages/airflow/example_dags/tutorial.py
[2025-01-28T22:43:54.715+0000] {processor.py:914} INFO - Processing file /home/airflow/.local/lib/python3.12/site-packages/airflow/example_dags/tutorial.py for tasks to queue
[2025-01-28T22:43:54.717+0000] {logging_mixin.py:190} INFO - [2025-01-28T22:43:54.717+0000] {dagbag.py:588} INFO - Filling up the DagBag from /home/airflow/.local/lib/python3.12/site-packages/airflow/example_dags/tutorial.py
[2025-01-28T22:43:54.725+0000] {processor.py:925} INFO - DAG(s) 'tutorial' retrieved from /home/airflow/.local/lib/python3.12/site-packages/airflow/example_dags/tutorial.py
[2025-01-28T22:43:54.744+0000] {logging_mixin.py:190} INFO - [2025-01-28T22:43:54.743+0000] {dag.py:3239} INFO - Sync 1 DAGs
[2025-01-28T22:43:54.765+0000] {logging_mixin.py:190} INFO - [2025-01-28T22:43:54.765+0000] {dag.py:4180} INFO - Setting next_dagrun for tutorial to 2025-01-27 00:00:00+00:00, run_after=2025-01-28 00:00:00+00:00
[2025-01-28T22:43:54.780+0000] {processor.py:208} INFO - Processing /home/airflow/.local/lib/python3.12/site-packages/airflow/example_dags/tutorial.py took 0.072 seconds
[2025-01-28T22:44:25.309+0000] {processor.py:186} INFO - Started process (PID=66656) to work on /home/airflow/.local/lib/python3.12/site-packages/airflow/example_dags/tutorial.py
[2025-01-28T22:44:25.310+0000] {processor.py:914} INFO - Processing file /home/airflow/.local/lib/python3.12/site-packages/airflow/example_dags/tutorial.py for tasks to queue
[2025-01-28T22:44:25.313+0000] {logging_mixin.py:190} INFO - [2025-01-28T22:44:25.312+0000] {dagbag.py:588} INFO - Filling up the DagBag from /home/airflow/.local/lib/python3.12/site-packages/airflow/example_dags/tutorial.py
[2025-01-28T22:44:25.319+0000] {processor.py:925} INFO - DAG(s) 'tutorial' retrieved from /home/airflow/.local/lib/python3.12/site-packages/airflow/example_dags/tutorial.py
[2025-01-28T22:44:25.351+0000] {logging_mixin.py:190} INFO - [2025-01-28T22:44:25.351+0000] {dag.py:3239} INFO - Sync 1 DAGs
[2025-01-28T22:44:25.384+0000] {logging_mixin.py:190} INFO - [2025-01-28T22:44:25.383+0000] {dag.py:4180} INFO - Setting next_dagrun for tutorial to 2025-01-27 00:00:00+00:00, run_after=2025-01-28 00:00:00+00:00
[2025-01-28T22:44:25.403+0000] {processor.py:208} INFO - Processing /home/airflow/.local/lib/python3.12/site-packages/airflow/example_dags/tutorial.py took 0.100 seconds
[2025-01-28T22:44:55.975+0000] {processor.py:186} INFO - Started process (PID=66950) to work on /home/airflow/.local/lib/python3.12/site-packages/airflow/example_dags/tutorial.py
[2025-01-28T22:44:55.977+0000] {processor.py:914} INFO - Processing file /home/airflow/.local/lib/python3.12/site-packages/airflow/example_dags/tutorial.py for tasks to queue
[2025-01-28T22:44:55.979+0000] {logging_mixin.py:190} INFO - [2025-01-28T22:44:55.979+0000] {dagbag.py:588} INFO - Filling up the DagBag from /home/airflow/.local/lib/python3.12/site-packages/airflow/example_dags/tutorial.py
[2025-01-28T22:44:55.986+0000] {processor.py:925} INFO - DAG(s) 'tutorial' retrieved from /home/airflow/.local/lib/python3.12/site-packages/airflow/example_dags/tutorial.py
[2025-01-28T22:44:56.006+0000] {logging_mixin.py:190} INFO - [2025-01-28T22:44:56.006+0000] {dag.py:3239} INFO - Sync 1 DAGs
[2025-01-28T22:44:56.026+0000] {logging_mixin.py:190} INFO - [2025-01-28T22:44:56.026+0000] {dag.py:4180} INFO - Setting next_dagrun for tutorial to 2025-01-27 00:00:00+00:00, run_after=2025-01-28 00:00:00+00:00
[2025-01-28T22:44:56.041+0000] {processor.py:208} INFO - Processing /home/airflow/.local/lib/python3.12/site-packages/airflow/example_dags/tutorial.py took 0.070 seconds
[2025-01-28T22:45:26.441+0000] {processor.py:186} INFO - Started process (PID=67233) to work on /home/airflow/.local/lib/python3.12/site-packages/airflow/example_dags/tutorial.py
[2025-01-28T22:45:26.442+0000] {processor.py:914} INFO - Processing file /home/airflow/.local/lib/python3.12/site-packages/airflow/example_dags/tutorial.py for tasks to queue
[2025-01-28T22:45:26.444+0000] {logging_mixin.py:190} INFO - [2025-01-28T22:45:26.444+0000] {dagbag.py:588} INFO - Filling up the DagBag from /home/airflow/.local/lib/python3.12/site-packages/airflow/example_dags/tutorial.py
[2025-01-28T22:45:26.451+0000] {processor.py:925} INFO - DAG(s) 'tutorial' retrieved from /home/airflow/.local/lib/python3.12/site-packages/airflow/example_dags/tutorial.py
[2025-01-28T22:45:26.470+0000] {logging_mixin.py:190} INFO - [2025-01-28T22:45:26.470+0000] {dag.py:3239} INFO - Sync 1 DAGs
[2025-01-28T22:45:26.495+0000] {logging_mixin.py:190} INFO - [2025-01-28T22:45:26.495+0000] {dag.py:4180} INFO - Setting next_dagrun for tutorial to 2025-01-27 00:00:00+00:00, run_after=2025-01-28 00:00:00+00:00
[2025-01-28T22:45:26.510+0000] {processor.py:208} INFO - Processing /home/airflow/.local/lib/python3.12/site-packages/airflow/example_dags/tutorial.py took 0.074 seconds
[2025-01-28T22:45:56.695+0000] {processor.py:186} INFO - Started process (PID=67527) to work on /home/airflow/.local/lib/python3.12/site-packages/airflow/example_dags/tutorial.py
[2025-01-28T22:45:56.696+0000] {processor.py:914} INFO - Processing file /home/airflow/.local/lib/python3.12/site-packages/airflow/example_dags/tutorial.py for tasks to queue
[2025-01-28T22:45:56.699+0000] {logging_mixin.py:190} INFO - [2025-01-28T22:45:56.699+0000] {dagbag.py:588} INFO - Filling up the DagBag from /home/airflow/.local/lib/python3.12/site-packages/airflow/example_dags/tutorial.py
[2025-01-28T22:45:56.706+0000] {processor.py:925} INFO - DAG(s) 'tutorial' retrieved from /home/airflow/.local/lib/python3.12/site-packages/airflow/example_dags/tutorial.py
[2025-01-28T22:45:56.723+0000] {logging_mixin.py:190} INFO - [2025-01-28T22:45:56.723+0000] {dag.py:3239} INFO - Sync 1 DAGs
[2025-01-28T22:45:56.743+0000] {logging_mixin.py:190} INFO - [2025-01-28T22:45:56.743+0000] {dag.py:4180} INFO - Setting next_dagrun for tutorial to 2025-01-27 00:00:00+00:00, run_after=2025-01-28 00:00:00+00:00
[2025-01-28T22:45:56.761+0000] {processor.py:208} INFO - Processing /home/airflow/.local/lib/python3.12/site-packages/airflow/example_dags/tutorial.py took 0.072 seconds
[2025-01-28T22:46:26.845+0000] {processor.py:186} INFO - Started process (PID=67820) to work on /home/airflow/.local/lib/python3.12/site-packages/airflow/example_dags/tutorial.py
[2025-01-28T22:46:26.846+0000] {processor.py:914} INFO - Processing file /home/airflow/.local/lib/python3.12/site-packages/airflow/example_dags/tutorial.py for tasks to queue
[2025-01-28T22:46:26.848+0000] {logging_mixin.py:190} INFO - [2025-01-28T22:46:26.848+0000] {dagbag.py:588} INFO - Filling up the DagBag from /home/airflow/.local/lib/python3.12/site-packages/airflow/example_dags/tutorial.py
[2025-01-28T22:46:26.857+0000] {processor.py:925} INFO - DAG(s) 'tutorial' retrieved from /home/airflow/.local/lib/python3.12/site-packages/airflow/example_dags/tutorial.py
[2025-01-28T22:46:26.878+0000] {logging_mixin.py:190} INFO - [2025-01-28T22:46:26.878+0000] {dag.py:3239} INFO - Sync 1 DAGs
[2025-01-28T22:46:26.904+0000] {logging_mixin.py:190} INFO - [2025-01-28T22:46:26.904+0000] {dag.py:4180} INFO - Setting next_dagrun for tutorial to 2025-01-27 00:00:00+00:00, run_after=2025-01-28 00:00:00+00:00
[2025-01-28T22:46:26.929+0000] {processor.py:208} INFO - Processing /home/airflow/.local/lib/python3.12/site-packages/airflow/example_dags/tutorial.py took 0.090 seconds
[2025-01-28T22:46:57.221+0000] {processor.py:186} INFO - Started process (PID=68116) to work on /home/airflow/.local/lib/python3.12/site-packages/airflow/example_dags/tutorial.py
[2025-01-28T22:46:57.222+0000] {processor.py:914} INFO - Processing file /home/airflow/.local/lib/python3.12/site-packages/airflow/example_dags/tutorial.py for tasks to queue
[2025-01-28T22:46:57.225+0000] {logging_mixin.py:190} INFO - [2025-01-28T22:46:57.224+0000] {dagbag.py:588} INFO - Filling up the DagBag from /home/airflow/.local/lib/python3.12/site-packages/airflow/example_dags/tutorial.py
[2025-01-28T22:46:57.236+0000] {processor.py:925} INFO - DAG(s) 'tutorial' retrieved from /home/airflow/.local/lib/python3.12/site-packages/airflow/example_dags/tutorial.py
[2025-01-28T22:46:57.253+0000] {logging_mixin.py:190} INFO - [2025-01-28T22:46:57.253+0000] {dag.py:3239} INFO - Sync 1 DAGs
[2025-01-28T22:46:57.273+0000] {logging_mixin.py:190} INFO - [2025-01-28T22:46:57.273+0000] {dag.py:4180} INFO - Setting next_dagrun for tutorial to 2025-01-27 00:00:00+00:00, run_after=2025-01-28 00:00:00+00:00
[2025-01-28T22:46:57.288+0000] {processor.py:208} INFO - Processing /home/airflow/.local/lib/python3.12/site-packages/airflow/example_dags/tutorial.py took 0.073 seconds
[2025-01-28T22:47:27.396+0000] {processor.py:186} INFO - Started process (PID=68400) to work on /home/airflow/.local/lib/python3.12/site-packages/airflow/example_dags/tutorial.py
[2025-01-28T22:47:27.397+0000] {processor.py:914} INFO - Processing file /home/airflow/.local/lib/python3.12/site-packages/airflow/example_dags/tutorial.py for tasks to queue
[2025-01-28T22:47:27.399+0000] {logging_mixin.py:190} INFO - [2025-01-28T22:47:27.399+0000] {dagbag.py:588} INFO - Filling up the DagBag from /home/airflow/.local/lib/python3.12/site-packages/airflow/example_dags/tutorial.py
[2025-01-28T22:47:27.406+0000] {processor.py:925} INFO - DAG(s) 'tutorial' retrieved from /home/airflow/.local/lib/python3.12/site-packages/airflow/example_dags/tutorial.py
[2025-01-28T22:47:27.438+0000] {logging_mixin.py:190} INFO - [2025-01-28T22:47:27.438+0000] {dag.py:3239} INFO - Sync 1 DAGs
[2025-01-28T22:47:27.479+0000] {logging_mixin.py:190} INFO - [2025-01-28T22:47:27.479+0000] {dag.py:4180} INFO - Setting next_dagrun for tutorial to 2025-01-27 00:00:00+00:00, run_after=2025-01-28 00:00:00+00:00
[2025-01-28T22:47:27.505+0000] {processor.py:208} INFO - Processing /home/airflow/.local/lib/python3.12/site-packages/airflow/example_dags/tutorial.py took 0.114 seconds
[2025-01-28T22:47:57.716+0000] {processor.py:186} INFO - Started process (PID=68683) to work on /home/airflow/.local/lib/python3.12/site-packages/airflow/example_dags/tutorial.py
[2025-01-28T22:47:57.717+0000] {processor.py:914} INFO - Processing file /home/airflow/.local/lib/python3.12/site-packages/airflow/example_dags/tutorial.py for tasks to queue
[2025-01-28T22:47:57.719+0000] {logging_mixin.py:190} INFO - [2025-01-28T22:47:57.719+0000] {dagbag.py:588} INFO - Filling up the DagBag from /home/airflow/.local/lib/python3.12/site-packages/airflow/example_dags/tutorial.py
[2025-01-28T22:47:57.726+0000] {processor.py:925} INFO - DAG(s) 'tutorial' retrieved from /home/airflow/.local/lib/python3.12/site-packages/airflow/example_dags/tutorial.py
[2025-01-28T22:47:57.745+0000] {logging_mixin.py:190} INFO - [2025-01-28T22:47:57.745+0000] {dag.py:3239} INFO - Sync 1 DAGs
[2025-01-28T22:47:57.768+0000] {logging_mixin.py:190} INFO - [2025-01-28T22:47:57.768+0000] {dag.py:4180} INFO - Setting next_dagrun for tutorial to 2025-01-27 00:00:00+00:00, run_after=2025-01-28 00:00:00+00:00
[2025-01-28T22:47:57.793+0000] {processor.py:208} INFO - Processing /home/airflow/.local/lib/python3.12/site-packages/airflow/example_dags/tutorial.py took 0.081 seconds
[2025-01-28T22:48:28.098+0000] {processor.py:186} INFO - Started process (PID=68979) to work on /home/airflow/.local/lib/python3.12/site-packages/airflow/example_dags/tutorial.py
[2025-01-28T22:48:28.100+0000] {processor.py:914} INFO - Processing file /home/airflow/.local/lib/python3.12/site-packages/airflow/example_dags/tutorial.py for tasks to queue
[2025-01-28T22:48:28.103+0000] {logging_mixin.py:190} INFO - [2025-01-28T22:48:28.102+0000] {dagbag.py:588} INFO - Filling up the DagBag from /home/airflow/.local/lib/python3.12/site-packages/airflow/example_dags/tutorial.py
[2025-01-28T22:48:28.110+0000] {processor.py:925} INFO - DAG(s) 'tutorial' retrieved from /home/airflow/.local/lib/python3.12/site-packages/airflow/example_dags/tutorial.py
[2025-01-28T22:48:28.131+0000] {logging_mixin.py:190} INFO - [2025-01-28T22:48:28.130+0000] {dag.py:3239} INFO - Sync 1 DAGs
[2025-01-28T22:48:28.177+0000] {logging_mixin.py:190} INFO - [2025-01-28T22:48:28.177+0000] {dag.py:4180} INFO - Setting next_dagrun for tutorial to 2025-01-27 00:00:00+00:00, run_after=2025-01-28 00:00:00+00:00
[2025-01-28T22:48:28.221+0000] {processor.py:208} INFO - Processing /home/airflow/.local/lib/python3.12/site-packages/airflow/example_dags/tutorial.py took 0.131 seconds
[2025-01-28T22:48:58.934+0000] {processor.py:186} INFO - Started process (PID=69275) to work on /home/airflow/.local/lib/python3.12/site-packages/airflow/example_dags/tutorial.py
[2025-01-28T22:48:58.936+0000] {processor.py:914} INFO - Processing file /home/airflow/.local/lib/python3.12/site-packages/airflow/example_dags/tutorial.py for tasks to queue
[2025-01-28T22:48:58.938+0000] {logging_mixin.py:190} INFO - [2025-01-28T22:48:58.938+0000] {dagbag.py:588} INFO - Filling up the DagBag from /home/airflow/.local/lib/python3.12/site-packages/airflow/example_dags/tutorial.py
[2025-01-28T22:48:58.946+0000] {processor.py:925} INFO - DAG(s) 'tutorial' retrieved from /home/airflow/.local/lib/python3.12/site-packages/airflow/example_dags/tutorial.py
[2025-01-28T22:48:58.967+0000] {logging_mixin.py:190} INFO - [2025-01-28T22:48:58.967+0000] {dag.py:3239} INFO - Sync 1 DAGs
[2025-01-28T22:48:58.990+0000] {logging_mixin.py:190} INFO - [2025-01-28T22:48:58.989+0000] {dag.py:4180} INFO - Setting next_dagrun for tutorial to 2025-01-27 00:00:00+00:00, run_after=2025-01-28 00:00:00+00:00
[2025-01-28T22:48:59.007+0000] {processor.py:208} INFO - Processing /home/airflow/.local/lib/python3.12/site-packages/airflow/example_dags/tutorial.py took 0.079 seconds
[2025-01-28T22:49:29.662+0000] {processor.py:186} INFO - Started process (PID=69572) to work on /home/airflow/.local/lib/python3.12/site-packages/airflow/example_dags/tutorial.py
[2025-01-28T22:49:29.663+0000] {processor.py:914} INFO - Processing file /home/airflow/.local/lib/python3.12/site-packages/airflow/example_dags/tutorial.py for tasks to queue
[2025-01-28T22:49:29.664+0000] {logging_mixin.py:190} INFO - [2025-01-28T22:49:29.664+0000] {dagbag.py:588} INFO - Filling up the DagBag from /home/airflow/.local/lib/python3.12/site-packages/airflow/example_dags/tutorial.py
[2025-01-28T22:49:29.672+0000] {processor.py:925} INFO - DAG(s) 'tutorial' retrieved from /home/airflow/.local/lib/python3.12/site-packages/airflow/example_dags/tutorial.py
[2025-01-28T22:49:29.690+0000] {logging_mixin.py:190} INFO - [2025-01-28T22:49:29.690+0000] {dag.py:3239} INFO - Sync 1 DAGs
[2025-01-28T22:49:29.710+0000] {logging_mixin.py:190} INFO - [2025-01-28T22:49:29.710+0000] {dag.py:4180} INFO - Setting next_dagrun for tutorial to 2025-01-27 00:00:00+00:00, run_after=2025-01-28 00:00:00+00:00
[2025-01-28T22:49:29.731+0000] {processor.py:208} INFO - Processing /home/airflow/.local/lib/python3.12/site-packages/airflow/example_dags/tutorial.py took 0.074 seconds
[2025-01-28T22:50:00.221+0000] {processor.py:186} INFO - Started process (PID=69869) to work on /home/airflow/.local/lib/python3.12/site-packages/airflow/example_dags/tutorial.py
[2025-01-28T22:50:00.222+0000] {processor.py:914} INFO - Processing file /home/airflow/.local/lib/python3.12/site-packages/airflow/example_dags/tutorial.py for tasks to queue
[2025-01-28T22:50:00.224+0000] {logging_mixin.py:190} INFO - [2025-01-28T22:50:00.223+0000] {dagbag.py:588} INFO - Filling up the DagBag from /home/airflow/.local/lib/python3.12/site-packages/airflow/example_dags/tutorial.py
[2025-01-28T22:50:00.230+0000] {processor.py:925} INFO - DAG(s) 'tutorial' retrieved from /home/airflow/.local/lib/python3.12/site-packages/airflow/example_dags/tutorial.py
[2025-01-28T22:50:00.251+0000] {logging_mixin.py:190} INFO - [2025-01-28T22:50:00.250+0000] {dag.py:3239} INFO - Sync 1 DAGs
[2025-01-28T22:50:00.275+0000] {logging_mixin.py:190} INFO - [2025-01-28T22:50:00.274+0000] {dag.py:4180} INFO - Setting next_dagrun for tutorial to 2025-01-27 00:00:00+00:00, run_after=2025-01-28 00:00:00+00:00
[2025-01-28T22:50:00.293+0000] {processor.py:208} INFO - Processing /home/airflow/.local/lib/python3.12/site-packages/airflow/example_dags/tutorial.py took 0.078 seconds
[2025-01-28T22:50:30.921+0000] {processor.py:186} INFO - Started process (PID=70165) to work on /home/airflow/.local/lib/python3.12/site-packages/airflow/example_dags/tutorial.py
[2025-01-28T22:50:30.922+0000] {processor.py:914} INFO - Processing file /home/airflow/.local/lib/python3.12/site-packages/airflow/example_dags/tutorial.py for tasks to queue
[2025-01-28T22:50:30.924+0000] {logging_mixin.py:190} INFO - [2025-01-28T22:50:30.924+0000] {dagbag.py:588} INFO - Filling up the DagBag from /home/airflow/.local/lib/python3.12/site-packages/airflow/example_dags/tutorial.py
[2025-01-28T22:50:30.934+0000] {processor.py:925} INFO - DAG(s) 'tutorial' retrieved from /home/airflow/.local/lib/python3.12/site-packages/airflow/example_dags/tutorial.py
[2025-01-28T22:50:30.952+0000] {logging_mixin.py:190} INFO - [2025-01-28T22:50:30.952+0000] {dag.py:3239} INFO - Sync 1 DAGs
[2025-01-28T22:50:30.975+0000] {logging_mixin.py:190} INFO - [2025-01-28T22:50:30.975+0000] {dag.py:4180} INFO - Setting next_dagrun for tutorial to 2025-01-27 00:00:00+00:00, run_after=2025-01-28 00:00:00+00:00
[2025-01-28T22:50:30.993+0000] {processor.py:208} INFO - Processing /home/airflow/.local/lib/python3.12/site-packages/airflow/example_dags/tutorial.py took 0.078 seconds
[2025-01-28T22:51:01.506+0000] {processor.py:186} INFO - Started process (PID=70461) to work on /home/airflow/.local/lib/python3.12/site-packages/airflow/example_dags/tutorial.py
[2025-01-28T22:51:01.507+0000] {processor.py:914} INFO - Processing file /home/airflow/.local/lib/python3.12/site-packages/airflow/example_dags/tutorial.py for tasks to queue
[2025-01-28T22:51:01.510+0000] {logging_mixin.py:190} INFO - [2025-01-28T22:51:01.510+0000] {dagbag.py:588} INFO - Filling up the DagBag from /home/airflow/.local/lib/python3.12/site-packages/airflow/example_dags/tutorial.py
[2025-01-28T22:51:01.519+0000] {processor.py:925} INFO - DAG(s) 'tutorial' retrieved from /home/airflow/.local/lib/python3.12/site-packages/airflow/example_dags/tutorial.py
[2025-01-28T22:51:01.551+0000] {logging_mixin.py:190} INFO - [2025-01-28T22:51:01.550+0000] {dag.py:3239} INFO - Sync 1 DAGs
[2025-01-28T22:51:01.584+0000] {logging_mixin.py:190} INFO - [2025-01-28T22:51:01.584+0000] {dag.py:4180} INFO - Setting next_dagrun for tutorial to 2025-01-27 00:00:00+00:00, run_after=2025-01-28 00:00:00+00:00
[2025-01-28T22:51:01.613+0000] {processor.py:208} INFO - Processing /home/airflow/.local/lib/python3.12/site-packages/airflow/example_dags/tutorial.py took 0.113 seconds
[2025-01-28T22:51:31.713+0000] {processor.py:186} INFO - Started process (PID=70757) to work on /home/airflow/.local/lib/python3.12/site-packages/airflow/example_dags/tutorial.py
[2025-01-28T22:51:31.715+0000] {processor.py:914} INFO - Processing file /home/airflow/.local/lib/python3.12/site-packages/airflow/example_dags/tutorial.py for tasks to queue
[2025-01-28T22:51:31.718+0000] {logging_mixin.py:190} INFO - [2025-01-28T22:51:31.718+0000] {dagbag.py:588} INFO - Filling up the DagBag from /home/airflow/.local/lib/python3.12/site-packages/airflow/example_dags/tutorial.py
[2025-01-28T22:51:31.728+0000] {processor.py:925} INFO - DAG(s) 'tutorial' retrieved from /home/airflow/.local/lib/python3.12/site-packages/airflow/example_dags/tutorial.py
[2025-01-28T22:51:31.751+0000] {logging_mixin.py:190} INFO - [2025-01-28T22:51:31.751+0000] {dag.py:3239} INFO - Sync 1 DAGs
[2025-01-28T22:51:31.783+0000] {logging_mixin.py:190} INFO - [2025-01-28T22:51:31.783+0000] {dag.py:4180} INFO - Setting next_dagrun for tutorial to 2025-01-27 00:00:00+00:00, run_after=2025-01-28 00:00:00+00:00
[2025-01-28T22:51:31.805+0000] {processor.py:208} INFO - Processing /home/airflow/.local/lib/python3.12/site-packages/airflow/example_dags/tutorial.py took 0.099 seconds
[2025-01-28T22:52:02.666+0000] {processor.py:186} INFO - Started process (PID=71052) to work on /home/airflow/.local/lib/python3.12/site-packages/airflow/example_dags/tutorial.py
[2025-01-28T22:52:02.669+0000] {processor.py:914} INFO - Processing file /home/airflow/.local/lib/python3.12/site-packages/airflow/example_dags/tutorial.py for tasks to queue
[2025-01-28T22:52:02.673+0000] {logging_mixin.py:190} INFO - [2025-01-28T22:52:02.672+0000] {dagbag.py:588} INFO - Filling up the DagBag from /home/airflow/.local/lib/python3.12/site-packages/airflow/example_dags/tutorial.py
[2025-01-28T22:52:02.689+0000] {processor.py:925} INFO - DAG(s) 'tutorial' retrieved from /home/airflow/.local/lib/python3.12/site-packages/airflow/example_dags/tutorial.py
[2025-01-28T22:52:02.726+0000] {logging_mixin.py:190} INFO - [2025-01-28T22:52:02.725+0000] {dag.py:3239} INFO - Sync 1 DAGs
[2025-01-28T22:52:02.789+0000] {logging_mixin.py:190} INFO - [2025-01-28T22:52:02.789+0000] {dag.py:4180} INFO - Setting next_dagrun for tutorial to 2025-01-27 00:00:00+00:00, run_after=2025-01-28 00:00:00+00:00
[2025-01-28T22:52:02.822+0000] {processor.py:208} INFO - Processing /home/airflow/.local/lib/python3.12/site-packages/airflow/example_dags/tutorial.py took 0.174 seconds
[2025-01-28T22:52:34.417+0000] {processor.py:186} INFO - Started process (PID=71348) to work on /home/airflow/.local/lib/python3.12/site-packages/airflow/example_dags/tutorial.py
[2025-01-28T22:52:34.419+0000] {processor.py:914} INFO - Processing file /home/airflow/.local/lib/python3.12/site-packages/airflow/example_dags/tutorial.py for tasks to queue
[2025-01-28T22:52:34.428+0000] {logging_mixin.py:190} INFO - [2025-01-28T22:52:34.428+0000] {dagbag.py:588} INFO - Filling up the DagBag from /home/airflow/.local/lib/python3.12/site-packages/airflow/example_dags/tutorial.py
[2025-01-28T22:52:34.451+0000] {processor.py:925} INFO - DAG(s) 'tutorial' retrieved from /home/airflow/.local/lib/python3.12/site-packages/airflow/example_dags/tutorial.py
[2025-01-28T22:52:34.487+0000] {logging_mixin.py:190} INFO - [2025-01-28T22:52:34.487+0000] {dag.py:3239} INFO - Sync 1 DAGs
[2025-01-28T22:52:34.558+0000] {logging_mixin.py:190} INFO - [2025-01-28T22:52:34.558+0000] {dag.py:4180} INFO - Setting next_dagrun for tutorial to 2025-01-27 00:00:00+00:00, run_after=2025-01-28 00:00:00+00:00
[2025-01-28T22:52:34.626+0000] {processor.py:208} INFO - Processing /home/airflow/.local/lib/python3.12/site-packages/airflow/example_dags/tutorial.py took 0.229 seconds
[2025-01-28T22:53:06.999+0000] {processor.py:186} INFO - Started process (PID=71634) to work on /home/airflow/.local/lib/python3.12/site-packages/airflow/example_dags/tutorial.py
[2025-01-28T22:53:07.017+0000] {processor.py:914} INFO - Processing file /home/airflow/.local/lib/python3.12/site-packages/airflow/example_dags/tutorial.py for tasks to queue
[2025-01-28T22:53:07.021+0000] {logging_mixin.py:190} INFO - [2025-01-28T22:53:07.021+0000] {dagbag.py:588} INFO - Filling up the DagBag from /home/airflow/.local/lib/python3.12/site-packages/airflow/example_dags/tutorial.py
[2025-01-28T22:53:07.044+0000] {processor.py:925} INFO - DAG(s) 'tutorial' retrieved from /home/airflow/.local/lib/python3.12/site-packages/airflow/example_dags/tutorial.py
[2025-01-28T22:53:07.329+0000] {logging_mixin.py:190} INFO - [2025-01-28T22:53:07.328+0000] {dag.py:3239} INFO - Sync 1 DAGs
[2025-01-28T22:53:08.244+0000] {logging_mixin.py:190} INFO - [2025-01-28T22:53:08.244+0000] {dag.py:4180} INFO - Setting next_dagrun for tutorial to 2025-01-27 00:00:00+00:00, run_after=2025-01-28 00:00:00+00:00
[2025-01-28T22:53:08.327+0000] {processor.py:208} INFO - Processing /home/airflow/.local/lib/python3.12/site-packages/airflow/example_dags/tutorial.py took 1.344 seconds
