[2025-01-28T22:42:52.817+0000] {processor.py:186} INFO - Started process (PID=65713) to work on /home/airflow/.local/lib/python3.12/site-packages/airflow/example_dags/tutorial_taskflow_templates.py
[2025-01-28T22:42:52.818+0000] {processor.py:914} INFO - Processing file /home/airflow/.local/lib/python3.12/site-packages/airflow/example_dags/tutorial_taskflow_templates.py for tasks to queue
[2025-01-28T22:42:52.822+0000] {logging_mixin.py:190} INFO - [2025-01-28T22:42:52.822+0000] {dagbag.py:588} INFO - Filling up the DagBag from /home/airflow/.local/lib/python3.12/site-packages/airflow/example_dags/tutorial_taskflow_templates.py
[2025-01-28T22:42:52.850+0000] {processor.py:925} INFO - DAG(s) 'tutorial_taskflow_templates' retrieved from /home/airflow/.local/lib/python3.12/site-packages/airflow/example_dags/tutorial_taskflow_templates.py
[2025-01-28T22:42:52.898+0000] {logging_mixin.py:190} INFO - [2025-01-28T22:42:52.897+0000] {dag.py:3239} INFO - Sync 1 DAGs
[2025-01-28T22:42:52.954+0000] {logging_mixin.py:190} INFO - [2025-01-28T22:42:52.953+0000] {dag.py:4180} INFO - Setting next_dagrun for tutorial_taskflow_templates to 2025-01-27 00:00:00+00:00, run_after=2025-01-28 00:00:00+00:00
[2025-01-28T22:42:52.999+0000] {processor.py:208} INFO - Processing /home/airflow/.local/lib/python3.12/site-packages/airflow/example_dags/tutorial_taskflow_templates.py took 0.191 seconds
[2025-01-28T22:43:23.250+0000] {processor.py:186} INFO - Started process (PID=66006) to work on /home/airflow/.local/lib/python3.12/site-packages/airflow/example_dags/tutorial_taskflow_templates.py
[2025-01-28T22:43:23.252+0000] {processor.py:914} INFO - Processing file /home/airflow/.local/lib/python3.12/site-packages/airflow/example_dags/tutorial_taskflow_templates.py for tasks to queue
[2025-01-28T22:43:23.256+0000] {logging_mixin.py:190} INFO - [2025-01-28T22:43:23.255+0000] {dagbag.py:588} INFO - Filling up the DagBag from /home/airflow/.local/lib/python3.12/site-packages/airflow/example_dags/tutorial_taskflow_templates.py
[2025-01-28T22:43:23.278+0000] {processor.py:925} INFO - DAG(s) 'tutorial_taskflow_templates' retrieved from /home/airflow/.local/lib/python3.12/site-packages/airflow/example_dags/tutorial_taskflow_templates.py
[2025-01-28T22:43:23.304+0000] {logging_mixin.py:190} INFO - [2025-01-28T22:43:23.303+0000] {dag.py:3239} INFO - Sync 1 DAGs
[2025-01-28T22:43:23.329+0000] {logging_mixin.py:190} INFO - [2025-01-28T22:43:23.329+0000] {dag.py:4180} INFO - Setting next_dagrun for tutorial_taskflow_templates to 2025-01-27 00:00:00+00:00, run_after=2025-01-28 00:00:00+00:00
[2025-01-28T22:43:23.346+0000] {processor.py:208} INFO - Processing /home/airflow/.local/lib/python3.12/site-packages/airflow/example_dags/tutorial_taskflow_templates.py took 0.106 seconds
[2025-01-28T22:43:53.398+0000] {processor.py:186} INFO - Started process (PID=66297) to work on /home/airflow/.local/lib/python3.12/site-packages/airflow/example_dags/tutorial_taskflow_templates.py
[2025-01-28T22:43:53.399+0000] {processor.py:914} INFO - Processing file /home/airflow/.local/lib/python3.12/site-packages/airflow/example_dags/tutorial_taskflow_templates.py for tasks to queue
[2025-01-28T22:43:53.402+0000] {logging_mixin.py:190} INFO - [2025-01-28T22:43:53.401+0000] {dagbag.py:588} INFO - Filling up the DagBag from /home/airflow/.local/lib/python3.12/site-packages/airflow/example_dags/tutorial_taskflow_templates.py
[2025-01-28T22:43:53.423+0000] {processor.py:925} INFO - DAG(s) 'tutorial_taskflow_templates' retrieved from /home/airflow/.local/lib/python3.12/site-packages/airflow/example_dags/tutorial_taskflow_templates.py
[2025-01-28T22:43:53.444+0000] {logging_mixin.py:190} INFO - [2025-01-28T22:43:53.443+0000] {dag.py:3239} INFO - Sync 1 DAGs
[2025-01-28T22:43:53.470+0000] {logging_mixin.py:190} INFO - [2025-01-28T22:43:53.470+0000] {dag.py:4180} INFO - Setting next_dagrun for tutorial_taskflow_templates to 2025-01-27 00:00:00+00:00, run_after=2025-01-28 00:00:00+00:00
[2025-01-28T22:43:53.488+0000] {processor.py:208} INFO - Processing /home/airflow/.local/lib/python3.12/site-packages/airflow/example_dags/tutorial_taskflow_templates.py took 0.095 seconds
[2025-01-28T22:44:23.584+0000] {processor.py:186} INFO - Started process (PID=66590) to work on /home/airflow/.local/lib/python3.12/site-packages/airflow/example_dags/tutorial_taskflow_templates.py
[2025-01-28T22:44:23.585+0000] {processor.py:914} INFO - Processing file /home/airflow/.local/lib/python3.12/site-packages/airflow/example_dags/tutorial_taskflow_templates.py for tasks to queue
[2025-01-28T22:44:23.588+0000] {logging_mixin.py:190} INFO - [2025-01-28T22:44:23.587+0000] {dagbag.py:588} INFO - Filling up the DagBag from /home/airflow/.local/lib/python3.12/site-packages/airflow/example_dags/tutorial_taskflow_templates.py
[2025-01-28T22:44:23.599+0000] {processor.py:925} INFO - DAG(s) 'tutorial_taskflow_templates' retrieved from /home/airflow/.local/lib/python3.12/site-packages/airflow/example_dags/tutorial_taskflow_templates.py
[2025-01-28T22:44:23.622+0000] {logging_mixin.py:190} INFO - [2025-01-28T22:44:23.621+0000] {dag.py:3239} INFO - Sync 1 DAGs
[2025-01-28T22:44:23.645+0000] {logging_mixin.py:190} INFO - [2025-01-28T22:44:23.645+0000] {dag.py:4180} INFO - Setting next_dagrun for tutorial_taskflow_templates to 2025-01-27 00:00:00+00:00, run_after=2025-01-28 00:00:00+00:00
[2025-01-28T22:44:23.664+0000] {processor.py:208} INFO - Processing /home/airflow/.local/lib/python3.12/site-packages/airflow/example_dags/tutorial_taskflow_templates.py took 0.086 seconds
[2025-01-28T22:44:53.870+0000] {processor.py:186} INFO - Started process (PID=66886) to work on /home/airflow/.local/lib/python3.12/site-packages/airflow/example_dags/tutorial_taskflow_templates.py
[2025-01-28T22:44:53.871+0000] {processor.py:914} INFO - Processing file /home/airflow/.local/lib/python3.12/site-packages/airflow/example_dags/tutorial_taskflow_templates.py for tasks to queue
[2025-01-28T22:44:53.873+0000] {logging_mixin.py:190} INFO - [2025-01-28T22:44:53.873+0000] {dagbag.py:588} INFO - Filling up the DagBag from /home/airflow/.local/lib/python3.12/site-packages/airflow/example_dags/tutorial_taskflow_templates.py
[2025-01-28T22:44:53.884+0000] {processor.py:925} INFO - DAG(s) 'tutorial_taskflow_templates' retrieved from /home/airflow/.local/lib/python3.12/site-packages/airflow/example_dags/tutorial_taskflow_templates.py
[2025-01-28T22:44:53.904+0000] {logging_mixin.py:190} INFO - [2025-01-28T22:44:53.904+0000] {dag.py:3239} INFO - Sync 1 DAGs
[2025-01-28T22:44:53.930+0000] {logging_mixin.py:190} INFO - [2025-01-28T22:44:53.930+0000] {dag.py:4180} INFO - Setting next_dagrun for tutorial_taskflow_templates to 2025-01-27 00:00:00+00:00, run_after=2025-01-28 00:00:00+00:00
[2025-01-28T22:44:53.946+0000] {processor.py:208} INFO - Processing /home/airflow/.local/lib/python3.12/site-packages/airflow/example_dags/tutorial_taskflow_templates.py took 0.081 seconds
[2025-01-28T22:45:24.593+0000] {processor.py:186} INFO - Started process (PID=67182) to work on /home/airflow/.local/lib/python3.12/site-packages/airflow/example_dags/tutorial_taskflow_templates.py
[2025-01-28T22:45:24.594+0000] {processor.py:914} INFO - Processing file /home/airflow/.local/lib/python3.12/site-packages/airflow/example_dags/tutorial_taskflow_templates.py for tasks to queue
[2025-01-28T22:45:24.597+0000] {logging_mixin.py:190} INFO - [2025-01-28T22:45:24.596+0000] {dagbag.py:588} INFO - Filling up the DagBag from /home/airflow/.local/lib/python3.12/site-packages/airflow/example_dags/tutorial_taskflow_templates.py
[2025-01-28T22:45:24.608+0000] {processor.py:925} INFO - DAG(s) 'tutorial_taskflow_templates' retrieved from /home/airflow/.local/lib/python3.12/site-packages/airflow/example_dags/tutorial_taskflow_templates.py
[2025-01-28T22:45:24.630+0000] {logging_mixin.py:190} INFO - [2025-01-28T22:45:24.630+0000] {dag.py:3239} INFO - Sync 1 DAGs
[2025-01-28T22:45:24.655+0000] {logging_mixin.py:190} INFO - [2025-01-28T22:45:24.655+0000] {dag.py:4180} INFO - Setting next_dagrun for tutorial_taskflow_templates to 2025-01-27 00:00:00+00:00, run_after=2025-01-28 00:00:00+00:00
[2025-01-28T22:45:24.680+0000] {processor.py:208} INFO - Processing /home/airflow/.local/lib/python3.12/site-packages/airflow/example_dags/tutorial_taskflow_templates.py took 0.093 seconds
[2025-01-28T22:45:55.114+0000] {processor.py:186} INFO - Started process (PID=67484) to work on /home/airflow/.local/lib/python3.12/site-packages/airflow/example_dags/tutorial_taskflow_templates.py
[2025-01-28T22:45:55.115+0000] {processor.py:914} INFO - Processing file /home/airflow/.local/lib/python3.12/site-packages/airflow/example_dags/tutorial_taskflow_templates.py for tasks to queue
[2025-01-28T22:45:55.118+0000] {logging_mixin.py:190} INFO - [2025-01-28T22:45:55.118+0000] {dagbag.py:588} INFO - Filling up the DagBag from /home/airflow/.local/lib/python3.12/site-packages/airflow/example_dags/tutorial_taskflow_templates.py
[2025-01-28T22:45:55.130+0000] {processor.py:925} INFO - DAG(s) 'tutorial_taskflow_templates' retrieved from /home/airflow/.local/lib/python3.12/site-packages/airflow/example_dags/tutorial_taskflow_templates.py
[2025-01-28T22:45:55.149+0000] {logging_mixin.py:190} INFO - [2025-01-28T22:45:55.149+0000] {dag.py:3239} INFO - Sync 1 DAGs
[2025-01-28T22:45:55.171+0000] {logging_mixin.py:190} INFO - [2025-01-28T22:45:55.171+0000] {dag.py:4180} INFO - Setting next_dagrun for tutorial_taskflow_templates to 2025-01-27 00:00:00+00:00, run_after=2025-01-28 00:00:00+00:00
[2025-01-28T22:45:55.193+0000] {processor.py:208} INFO - Processing /home/airflow/.local/lib/python3.12/site-packages/airflow/example_dags/tutorial_taskflow_templates.py took 0.084 seconds
[2025-01-28T22:46:25.238+0000] {processor.py:186} INFO - Started process (PID=67780) to work on /home/airflow/.local/lib/python3.12/site-packages/airflow/example_dags/tutorial_taskflow_templates.py
[2025-01-28T22:46:25.239+0000] {processor.py:914} INFO - Processing file /home/airflow/.local/lib/python3.12/site-packages/airflow/example_dags/tutorial_taskflow_templates.py for tasks to queue
[2025-01-28T22:46:25.241+0000] {logging_mixin.py:190} INFO - [2025-01-28T22:46:25.240+0000] {dagbag.py:588} INFO - Filling up the DagBag from /home/airflow/.local/lib/python3.12/site-packages/airflow/example_dags/tutorial_taskflow_templates.py
[2025-01-28T22:46:25.253+0000] {processor.py:925} INFO - DAG(s) 'tutorial_taskflow_templates' retrieved from /home/airflow/.local/lib/python3.12/site-packages/airflow/example_dags/tutorial_taskflow_templates.py
[2025-01-28T22:46:25.272+0000] {logging_mixin.py:190} INFO - [2025-01-28T22:46:25.271+0000] {dag.py:3239} INFO - Sync 1 DAGs
[2025-01-28T22:46:25.297+0000] {logging_mixin.py:190} INFO - [2025-01-28T22:46:25.297+0000] {dag.py:4180} INFO - Setting next_dagrun for tutorial_taskflow_templates to 2025-01-27 00:00:00+00:00, run_after=2025-01-28 00:00:00+00:00
[2025-01-28T22:46:25.314+0000] {processor.py:208} INFO - Processing /home/airflow/.local/lib/python3.12/site-packages/airflow/example_dags/tutorial_taskflow_templates.py took 0.083 seconds
[2025-01-28T22:46:55.598+0000] {processor.py:186} INFO - Started process (PID=68076) to work on /home/airflow/.local/lib/python3.12/site-packages/airflow/example_dags/tutorial_taskflow_templates.py
[2025-01-28T22:46:55.599+0000] {processor.py:914} INFO - Processing file /home/airflow/.local/lib/python3.12/site-packages/airflow/example_dags/tutorial_taskflow_templates.py for tasks to queue
[2025-01-28T22:46:55.601+0000] {logging_mixin.py:190} INFO - [2025-01-28T22:46:55.601+0000] {dagbag.py:588} INFO - Filling up the DagBag from /home/airflow/.local/lib/python3.12/site-packages/airflow/example_dags/tutorial_taskflow_templates.py
[2025-01-28T22:46:55.616+0000] {processor.py:925} INFO - DAG(s) 'tutorial_taskflow_templates' retrieved from /home/airflow/.local/lib/python3.12/site-packages/airflow/example_dags/tutorial_taskflow_templates.py
[2025-01-28T22:46:55.638+0000] {logging_mixin.py:190} INFO - [2025-01-28T22:46:55.638+0000] {dag.py:3239} INFO - Sync 1 DAGs
[2025-01-28T22:46:55.659+0000] {logging_mixin.py:190} INFO - [2025-01-28T22:46:55.659+0000] {dag.py:4180} INFO - Setting next_dagrun for tutorial_taskflow_templates to 2025-01-27 00:00:00+00:00, run_after=2025-01-28 00:00:00+00:00
[2025-01-28T22:46:55.678+0000] {processor.py:208} INFO - Processing /home/airflow/.local/lib/python3.12/site-packages/airflow/example_dags/tutorial_taskflow_templates.py took 0.086 seconds
[2025-01-28T22:47:26.008+0000] {processor.py:186} INFO - Started process (PID=68372) to work on /home/airflow/.local/lib/python3.12/site-packages/airflow/example_dags/tutorial_taskflow_templates.py
[2025-01-28T22:47:26.010+0000] {processor.py:914} INFO - Processing file /home/airflow/.local/lib/python3.12/site-packages/airflow/example_dags/tutorial_taskflow_templates.py for tasks to queue
[2025-01-28T22:47:26.013+0000] {logging_mixin.py:190} INFO - [2025-01-28T22:47:26.013+0000] {dagbag.py:588} INFO - Filling up the DagBag from /home/airflow/.local/lib/python3.12/site-packages/airflow/example_dags/tutorial_taskflow_templates.py
[2025-01-28T22:47:26.030+0000] {processor.py:925} INFO - DAG(s) 'tutorial_taskflow_templates' retrieved from /home/airflow/.local/lib/python3.12/site-packages/airflow/example_dags/tutorial_taskflow_templates.py
[2025-01-28T22:47:26.050+0000] {logging_mixin.py:190} INFO - [2025-01-28T22:47:26.050+0000] {dag.py:3239} INFO - Sync 1 DAGs
[2025-01-28T22:47:26.078+0000] {logging_mixin.py:190} INFO - [2025-01-28T22:47:26.078+0000] {dag.py:4180} INFO - Setting next_dagrun for tutorial_taskflow_templates to 2025-01-27 00:00:00+00:00, run_after=2025-01-28 00:00:00+00:00
[2025-01-28T22:47:26.103+0000] {processor.py:208} INFO - Processing /home/airflow/.local/lib/python3.12/site-packages/airflow/example_dags/tutorial_taskflow_templates.py took 0.101 seconds
[2025-01-28T22:47:56.573+0000] {processor.py:186} INFO - Started process (PID=68668) to work on /home/airflow/.local/lib/python3.12/site-packages/airflow/example_dags/tutorial_taskflow_templates.py
[2025-01-28T22:47:56.574+0000] {processor.py:914} INFO - Processing file /home/airflow/.local/lib/python3.12/site-packages/airflow/example_dags/tutorial_taskflow_templates.py for tasks to queue
[2025-01-28T22:47:56.576+0000] {logging_mixin.py:190} INFO - [2025-01-28T22:47:56.576+0000] {dagbag.py:588} INFO - Filling up the DagBag from /home/airflow/.local/lib/python3.12/site-packages/airflow/example_dags/tutorial_taskflow_templates.py
[2025-01-28T22:47:56.587+0000] {processor.py:925} INFO - DAG(s) 'tutorial_taskflow_templates' retrieved from /home/airflow/.local/lib/python3.12/site-packages/airflow/example_dags/tutorial_taskflow_templates.py
[2025-01-28T22:47:56.605+0000] {logging_mixin.py:190} INFO - [2025-01-28T22:47:56.605+0000] {dag.py:3239} INFO - Sync 1 DAGs
[2025-01-28T22:47:56.626+0000] {logging_mixin.py:190} INFO - [2025-01-28T22:47:56.626+0000] {dag.py:4180} INFO - Setting next_dagrun for tutorial_taskflow_templates to 2025-01-27 00:00:00+00:00, run_after=2025-01-28 00:00:00+00:00
[2025-01-28T22:47:56.643+0000] {processor.py:208} INFO - Processing /home/airflow/.local/lib/python3.12/site-packages/airflow/example_dags/tutorial_taskflow_templates.py took 0.075 seconds
[2025-01-28T22:48:26.928+0000] {processor.py:186} INFO - Started process (PID=68964) to work on /home/airflow/.local/lib/python3.12/site-packages/airflow/example_dags/tutorial_taskflow_templates.py
[2025-01-28T22:48:26.929+0000] {processor.py:914} INFO - Processing file /home/airflow/.local/lib/python3.12/site-packages/airflow/example_dags/tutorial_taskflow_templates.py for tasks to queue
[2025-01-28T22:48:26.932+0000] {logging_mixin.py:190} INFO - [2025-01-28T22:48:26.932+0000] {dagbag.py:588} INFO - Filling up the DagBag from /home/airflow/.local/lib/python3.12/site-packages/airflow/example_dags/tutorial_taskflow_templates.py
[2025-01-28T22:48:26.948+0000] {processor.py:925} INFO - DAG(s) 'tutorial_taskflow_templates' retrieved from /home/airflow/.local/lib/python3.12/site-packages/airflow/example_dags/tutorial_taskflow_templates.py
[2025-01-28T22:48:26.971+0000] {logging_mixin.py:190} INFO - [2025-01-28T22:48:26.971+0000] {dag.py:3239} INFO - Sync 1 DAGs
[2025-01-28T22:48:27.005+0000] {logging_mixin.py:190} INFO - [2025-01-28T22:48:27.005+0000] {dag.py:4180} INFO - Setting next_dagrun for tutorial_taskflow_templates to 2025-01-27 00:00:00+00:00, run_after=2025-01-28 00:00:00+00:00
[2025-01-28T22:48:27.024+0000] {processor.py:208} INFO - Processing /home/airflow/.local/lib/python3.12/site-packages/airflow/example_dags/tutorial_taskflow_templates.py took 0.104 seconds
[2025-01-28T22:48:57.803+0000] {processor.py:186} INFO - Started process (PID=69260) to work on /home/airflow/.local/lib/python3.12/site-packages/airflow/example_dags/tutorial_taskflow_templates.py
[2025-01-28T22:48:57.804+0000] {processor.py:914} INFO - Processing file /home/airflow/.local/lib/python3.12/site-packages/airflow/example_dags/tutorial_taskflow_templates.py for tasks to queue
[2025-01-28T22:48:57.806+0000] {logging_mixin.py:190} INFO - [2025-01-28T22:48:57.806+0000] {dagbag.py:588} INFO - Filling up the DagBag from /home/airflow/.local/lib/python3.12/site-packages/airflow/example_dags/tutorial_taskflow_templates.py
[2025-01-28T22:48:57.818+0000] {processor.py:925} INFO - DAG(s) 'tutorial_taskflow_templates' retrieved from /home/airflow/.local/lib/python3.12/site-packages/airflow/example_dags/tutorial_taskflow_templates.py
[2025-01-28T22:48:57.837+0000] {logging_mixin.py:190} INFO - [2025-01-28T22:48:57.837+0000] {dag.py:3239} INFO - Sync 1 DAGs
[2025-01-28T22:48:57.857+0000] {logging_mixin.py:190} INFO - [2025-01-28T22:48:57.857+0000] {dag.py:4180} INFO - Setting next_dagrun for tutorial_taskflow_templates to 2025-01-27 00:00:00+00:00, run_after=2025-01-28 00:00:00+00:00
[2025-01-28T22:48:57.871+0000] {processor.py:208} INFO - Processing /home/airflow/.local/lib/python3.12/site-packages/airflow/example_dags/tutorial_taskflow_templates.py took 0.075 seconds
[2025-01-28T22:49:28.539+0000] {processor.py:186} INFO - Started process (PID=69557) to work on /home/airflow/.local/lib/python3.12/site-packages/airflow/example_dags/tutorial_taskflow_templates.py
[2025-01-28T22:49:28.540+0000] {processor.py:914} INFO - Processing file /home/airflow/.local/lib/python3.12/site-packages/airflow/example_dags/tutorial_taskflow_templates.py for tasks to queue
[2025-01-28T22:49:28.542+0000] {logging_mixin.py:190} INFO - [2025-01-28T22:49:28.542+0000] {dagbag.py:588} INFO - Filling up the DagBag from /home/airflow/.local/lib/python3.12/site-packages/airflow/example_dags/tutorial_taskflow_templates.py
[2025-01-28T22:49:28.553+0000] {processor.py:925} INFO - DAG(s) 'tutorial_taskflow_templates' retrieved from /home/airflow/.local/lib/python3.12/site-packages/airflow/example_dags/tutorial_taskflow_templates.py
[2025-01-28T22:49:28.575+0000] {logging_mixin.py:190} INFO - [2025-01-28T22:49:28.574+0000] {dag.py:3239} INFO - Sync 1 DAGs
[2025-01-28T22:49:28.606+0000] {logging_mixin.py:190} INFO - [2025-01-28T22:49:28.605+0000] {dag.py:4180} INFO - Setting next_dagrun for tutorial_taskflow_templates to 2025-01-27 00:00:00+00:00, run_after=2025-01-28 00:00:00+00:00
[2025-01-28T22:49:28.628+0000] {processor.py:208} INFO - Processing /home/airflow/.local/lib/python3.12/site-packages/airflow/example_dags/tutorial_taskflow_templates.py took 0.094 seconds
[2025-01-28T22:49:59.074+0000] {processor.py:186} INFO - Started process (PID=69854) to work on /home/airflow/.local/lib/python3.12/site-packages/airflow/example_dags/tutorial_taskflow_templates.py
[2025-01-28T22:49:59.074+0000] {processor.py:914} INFO - Processing file /home/airflow/.local/lib/python3.12/site-packages/airflow/example_dags/tutorial_taskflow_templates.py for tasks to queue
[2025-01-28T22:49:59.076+0000] {logging_mixin.py:190} INFO - [2025-01-28T22:49:59.076+0000] {dagbag.py:588} INFO - Filling up the DagBag from /home/airflow/.local/lib/python3.12/site-packages/airflow/example_dags/tutorial_taskflow_templates.py
[2025-01-28T22:49:59.088+0000] {processor.py:925} INFO - DAG(s) 'tutorial_taskflow_templates' retrieved from /home/airflow/.local/lib/python3.12/site-packages/airflow/example_dags/tutorial_taskflow_templates.py
[2025-01-28T22:49:59.105+0000] {logging_mixin.py:190} INFO - [2025-01-28T22:49:59.105+0000] {dag.py:3239} INFO - Sync 1 DAGs
[2025-01-28T22:49:59.126+0000] {logging_mixin.py:190} INFO - [2025-01-28T22:49:59.125+0000] {dag.py:4180} INFO - Setting next_dagrun for tutorial_taskflow_templates to 2025-01-27 00:00:00+00:00, run_after=2025-01-28 00:00:00+00:00
[2025-01-28T22:49:59.144+0000] {processor.py:208} INFO - Processing /home/airflow/.local/lib/python3.12/site-packages/airflow/example_dags/tutorial_taskflow_templates.py took 0.075 seconds
[2025-01-28T22:50:29.775+0000] {processor.py:186} INFO - Started process (PID=70150) to work on /home/airflow/.local/lib/python3.12/site-packages/airflow/example_dags/tutorial_taskflow_templates.py
[2025-01-28T22:50:29.777+0000] {processor.py:914} INFO - Processing file /home/airflow/.local/lib/python3.12/site-packages/airflow/example_dags/tutorial_taskflow_templates.py for tasks to queue
[2025-01-28T22:50:29.779+0000] {logging_mixin.py:190} INFO - [2025-01-28T22:50:29.779+0000] {dagbag.py:588} INFO - Filling up the DagBag from /home/airflow/.local/lib/python3.12/site-packages/airflow/example_dags/tutorial_taskflow_templates.py
[2025-01-28T22:50:29.791+0000] {processor.py:925} INFO - DAG(s) 'tutorial_taskflow_templates' retrieved from /home/airflow/.local/lib/python3.12/site-packages/airflow/example_dags/tutorial_taskflow_templates.py
[2025-01-28T22:50:29.808+0000] {logging_mixin.py:190} INFO - [2025-01-28T22:50:29.807+0000] {dag.py:3239} INFO - Sync 1 DAGs
[2025-01-28T22:50:29.830+0000] {logging_mixin.py:190} INFO - [2025-01-28T22:50:29.829+0000] {dag.py:4180} INFO - Setting next_dagrun for tutorial_taskflow_templates to 2025-01-27 00:00:00+00:00, run_after=2025-01-28 00:00:00+00:00
[2025-01-28T22:50:29.846+0000] {processor.py:208} INFO - Processing /home/airflow/.local/lib/python3.12/site-packages/airflow/example_dags/tutorial_taskflow_templates.py took 0.076 seconds
[2025-01-28T22:51:00.272+0000] {processor.py:186} INFO - Started process (PID=70446) to work on /home/airflow/.local/lib/python3.12/site-packages/airflow/example_dags/tutorial_taskflow_templates.py
[2025-01-28T22:51:00.273+0000] {processor.py:914} INFO - Processing file /home/airflow/.local/lib/python3.12/site-packages/airflow/example_dags/tutorial_taskflow_templates.py for tasks to queue
[2025-01-28T22:51:00.276+0000] {logging_mixin.py:190} INFO - [2025-01-28T22:51:00.276+0000] {dagbag.py:588} INFO - Filling up the DagBag from /home/airflow/.local/lib/python3.12/site-packages/airflow/example_dags/tutorial_taskflow_templates.py
[2025-01-28T22:51:00.294+0000] {processor.py:925} INFO - DAG(s) 'tutorial_taskflow_templates' retrieved from /home/airflow/.local/lib/python3.12/site-packages/airflow/example_dags/tutorial_taskflow_templates.py
[2025-01-28T22:51:00.315+0000] {logging_mixin.py:190} INFO - [2025-01-28T22:51:00.314+0000] {dag.py:3239} INFO - Sync 1 DAGs
[2025-01-28T22:51:00.342+0000] {logging_mixin.py:190} INFO - [2025-01-28T22:51:00.341+0000] {dag.py:4180} INFO - Setting next_dagrun for tutorial_taskflow_templates to 2025-01-27 00:00:00+00:00, run_after=2025-01-28 00:00:00+00:00
[2025-01-28T22:51:00.361+0000] {processor.py:208} INFO - Processing /home/airflow/.local/lib/python3.12/site-packages/airflow/example_dags/tutorial_taskflow_templates.py took 0.095 seconds
[2025-01-28T22:51:30.536+0000] {processor.py:186} INFO - Started process (PID=70742) to work on /home/airflow/.local/lib/python3.12/site-packages/airflow/example_dags/tutorial_taskflow_templates.py
[2025-01-28T22:51:30.537+0000] {processor.py:914} INFO - Processing file /home/airflow/.local/lib/python3.12/site-packages/airflow/example_dags/tutorial_taskflow_templates.py for tasks to queue
[2025-01-28T22:51:30.540+0000] {logging_mixin.py:190} INFO - [2025-01-28T22:51:30.540+0000] {dagbag.py:588} INFO - Filling up the DagBag from /home/airflow/.local/lib/python3.12/site-packages/airflow/example_dags/tutorial_taskflow_templates.py
[2025-01-28T22:51:30.554+0000] {processor.py:925} INFO - DAG(s) 'tutorial_taskflow_templates' retrieved from /home/airflow/.local/lib/python3.12/site-packages/airflow/example_dags/tutorial_taskflow_templates.py
[2025-01-28T22:51:30.573+0000] {logging_mixin.py:190} INFO - [2025-01-28T22:51:30.573+0000] {dag.py:3239} INFO - Sync 1 DAGs
[2025-01-28T22:51:30.597+0000] {logging_mixin.py:190} INFO - [2025-01-28T22:51:30.597+0000] {dag.py:4180} INFO - Setting next_dagrun for tutorial_taskflow_templates to 2025-01-27 00:00:00+00:00, run_after=2025-01-28 00:00:00+00:00
[2025-01-28T22:51:30.617+0000] {processor.py:208} INFO - Processing /home/airflow/.local/lib/python3.12/site-packages/airflow/example_dags/tutorial_taskflow_templates.py took 0.088 seconds
[2025-01-28T22:52:01.042+0000] {processor.py:186} INFO - Started process (PID=71039) to work on /home/airflow/.local/lib/python3.12/site-packages/airflow/example_dags/tutorial_taskflow_templates.py
[2025-01-28T22:52:01.043+0000] {processor.py:914} INFO - Processing file /home/airflow/.local/lib/python3.12/site-packages/airflow/example_dags/tutorial_taskflow_templates.py for tasks to queue
[2025-01-28T22:52:01.070+0000] {logging_mixin.py:190} INFO - [2025-01-28T22:52:01.070+0000] {dagbag.py:588} INFO - Filling up the DagBag from /home/airflow/.local/lib/python3.12/site-packages/airflow/example_dags/tutorial_taskflow_templates.py
[2025-01-28T22:52:01.108+0000] {processor.py:925} INFO - DAG(s) 'tutorial_taskflow_templates' retrieved from /home/airflow/.local/lib/python3.12/site-packages/airflow/example_dags/tutorial_taskflow_templates.py
[2025-01-28T22:52:01.165+0000] {logging_mixin.py:190} INFO - [2025-01-28T22:52:01.164+0000] {dag.py:3239} INFO - Sync 1 DAGs
[2025-01-28T22:52:01.224+0000] {logging_mixin.py:190} INFO - [2025-01-28T22:52:01.223+0000] {dag.py:4180} INFO - Setting next_dagrun for tutorial_taskflow_templates to 2025-01-27 00:00:00+00:00, run_after=2025-01-28 00:00:00+00:00
[2025-01-28T22:52:01.279+0000] {processor.py:208} INFO - Processing /home/airflow/.local/lib/python3.12/site-packages/airflow/example_dags/tutorial_taskflow_templates.py took 0.255 seconds
[2025-01-28T22:52:34.157+0000] {processor.py:186} INFO - Started process (PID=71343) to work on /home/airflow/.local/lib/python3.12/site-packages/airflow/example_dags/tutorial_taskflow_templates.py
[2025-01-28T22:52:34.160+0000] {processor.py:914} INFO - Processing file /home/airflow/.local/lib/python3.12/site-packages/airflow/example_dags/tutorial_taskflow_templates.py for tasks to queue
[2025-01-28T22:52:34.164+0000] {logging_mixin.py:190} INFO - [2025-01-28T22:52:34.164+0000] {dagbag.py:588} INFO - Filling up the DagBag from /home/airflow/.local/lib/python3.12/site-packages/airflow/example_dags/tutorial_taskflow_templates.py
[2025-01-28T22:52:34.209+0000] {processor.py:925} INFO - DAG(s) 'tutorial_taskflow_templates' retrieved from /home/airflow/.local/lib/python3.12/site-packages/airflow/example_dags/tutorial_taskflow_templates.py
[2025-01-28T22:52:34.270+0000] {logging_mixin.py:190} INFO - [2025-01-28T22:52:34.269+0000] {dag.py:3239} INFO - Sync 1 DAGs
[2025-01-28T22:52:34.338+0000] {logging_mixin.py:190} INFO - [2025-01-28T22:52:34.338+0000] {dag.py:4180} INFO - Setting next_dagrun for tutorial_taskflow_templates to 2025-01-27 00:00:00+00:00, run_after=2025-01-28 00:00:00+00:00
[2025-01-28T22:52:34.393+0000] {processor.py:208} INFO - Processing /home/airflow/.local/lib/python3.12/site-packages/airflow/example_dags/tutorial_taskflow_templates.py took 0.255 seconds
[2025-01-28T22:53:09.300+0000] {processor.py:186} INFO - Started process (PID=71649) to work on /home/airflow/.local/lib/python3.12/site-packages/airflow/example_dags/tutorial_taskflow_templates.py
[2025-01-28T22:53:09.331+0000] {processor.py:914} INFO - Processing file /home/airflow/.local/lib/python3.12/site-packages/airflow/example_dags/tutorial_taskflow_templates.py for tasks to queue
[2025-01-28T22:53:09.363+0000] {logging_mixin.py:190} INFO - [2025-01-28T22:53:09.362+0000] {dagbag.py:588} INFO - Filling up the DagBag from /home/airflow/.local/lib/python3.12/site-packages/airflow/example_dags/tutorial_taskflow_templates.py
[2025-01-28T22:53:09.427+0000] {processor.py:925} INFO - DAG(s) 'tutorial_taskflow_templates' retrieved from /home/airflow/.local/lib/python3.12/site-packages/airflow/example_dags/tutorial_taskflow_templates.py
[2025-01-28T22:53:09.500+0000] {logging_mixin.py:190} INFO - [2025-01-28T22:53:09.499+0000] {dag.py:3239} INFO - Sync 1 DAGs
[2025-01-28T22:53:10.047+0000] {logging_mixin.py:190} INFO - [2025-01-28T22:53:10.046+0000] {dag.py:4180} INFO - Setting next_dagrun for tutorial_taskflow_templates to 2025-01-27 00:00:00+00:00, run_after=2025-01-28 00:00:00+00:00
[2025-01-28T22:53:10.146+0000] {processor.py:208} INFO - Processing /home/airflow/.local/lib/python3.12/site-packages/airflow/example_dags/tutorial_taskflow_templates.py took 0.866 seconds
