[2024-12-06T05:08:36.959+0000] {local_task_job_runner.py:123} INFO - ::group::Pre task execution logs
[2024-12-06T05:08:37.713+0000] {taskinstance.py:2613} INFO - Dependencies all met for dep_context=non-requeueable deps ti=<TaskInstance: dag_with_postgres_operator_v02.insert_into_curr_table manual__2024-12-06T05:02:30.153018+00:00 [queued]>
[2024-12-06T05:08:37.744+0000] {taskinstance.py:2613} INFO - Dependencies all met for dep_context=requeueable deps ti=<TaskInstance: dag_with_postgres_operator_v02.insert_into_curr_table manual__2024-12-06T05:02:30.153018+00:00 [queued]>
[2024-12-06T05:08:37.756+0000] {taskinstance.py:2866} INFO - Starting attempt 2 of 6
[2024-12-06T05:08:37.844+0000] {taskinstance.py:2889} INFO - Executing <Task(PostgresOperator): insert_into_curr_table> on 2024-12-06 05:02:30.153018+00:00
[2024-12-06T05:08:37.897+0000] {warnings.py:112} WARNING - /home/***/.local/lib/python3.12/site-packages/***/task/task_runner/standard_task_runner.py:70: DeprecationWarning: This process (pid=2727) is multi-threaded, use of fork() may lead to deadlocks in the child.
  pid = os.fork()

[2024-12-06T05:08:37.899+0000] {standard_task_runner.py:104} INFO - Running: ['***', 'tasks', 'run', 'dag_with_postgres_operator_v02', 'insert_into_curr_table', 'manual__2024-12-06T05:02:30.153018+00:00', '--job-id', '610', '--raw', '--subdir', 'DAGS_FOLDER/dag.py', '--cfg-path', '/tmp/tmpal4sqs5f']
[2024-12-06T05:08:37.907+0000] {standard_task_runner.py:72} INFO - Started process 2750 to run task
[2024-12-06T05:08:37.908+0000] {standard_task_runner.py:105} INFO - Job 610: Subtask insert_into_curr_table
[2024-12-06T05:08:38.122+0000] {task_command.py:467} INFO - Running <TaskInstance: dag_with_postgres_operator_v02.insert_into_curr_table manual__2024-12-06T05:02:30.153018+00:00 [running]> on host 9ed27289a118
[2024-12-06T05:08:38.435+0000] {taskinstance.py:3132} INFO - Exporting env vars: AIRFLOW_CTX_DAG_OWNER='coder2j' AIRFLOW_CTX_DAG_ID='dag_with_postgres_operator_v02' AIRFLOW_CTX_TASK_ID='insert_into_curr_table' AIRFLOW_CTX_EXECUTION_DATE='2024-12-06T05:02:30.153018+00:00' AIRFLOW_CTX_TRY_NUMBER='2' AIRFLOW_CTX_DAG_RUN_ID='manual__2024-12-06T05:02:30.153018+00:00'
[2024-12-06T05:08:38.447+0000] {logging_mixin.py:190} INFO - Task instance is in running state
[2024-12-06T05:08:38.455+0000] {logging_mixin.py:190} INFO -  Previous state of the Task instance: queued
[2024-12-06T05:08:38.457+0000] {logging_mixin.py:190} INFO - Current task name:insert_into_curr_table state:running start_date:2024-12-06 05:08:37.718778+00:00
[2024-12-06T05:08:38.471+0000] {logging_mixin.py:190} INFO - Dag name:dag_with_postgres_operator_v02 and current dag run status:running
[2024-12-06T05:08:38.480+0000] {taskinstance.py:731} INFO - ::endgroup::
[2024-12-06T05:08:38.487+0000] {sql.py:278} INFO - Executing: 
            INSERT INTO Curr (ShortTerm, Receivables, Inventory, HedgingAssetsCurrently, OtherCurrentAssets, Company)
            VALUES
                (47.3, 35.6, 0.8, 0.0075, 16.3, 'Microsoft');
        
[2024-12-06T05:08:38.536+0000] {base.py:84} INFO - Retrieving connection 'postgres_localhost'
[2024-12-06T05:08:38.583+0000] {base.py:84} INFO - Retrieving connection 'postgres_localhost'
[2024-12-06T05:08:38.591+0000] {sql.py:544} INFO - Running statement: 
            INSERT INTO Curr (ShortTerm, Receivables, Inventory, HedgingAssetsCurrently, OtherCurrentAssets, Company)
            VALUES
                (47.3, 35.6, 0.8, 0.0075, 16.3, 'Microsoft');
        , parameters: None
[2024-12-06T05:08:38.605+0000] {sql.py:553} INFO - Rows affected: 1
[2024-12-06T05:08:38.651+0000] {taskinstance.py:340} INFO - ::group::Post task execution logs
[2024-12-06T05:08:38.653+0000] {taskinstance.py:352} INFO - Marking task as SUCCESS. dag_id=dag_with_postgres_operator_v02, task_id=insert_into_curr_table, run_id=manual__2024-12-06T05:02:30.153018+00:00, execution_date=20241206T050230, start_date=20241206T050837, end_date=20241206T050838
[2024-12-06T05:08:38.694+0000] {logging_mixin.py:190} INFO - Task instance in success state
[2024-12-06T05:08:38.701+0000] {logging_mixin.py:190} INFO -  Previous state of the Task instance: running
[2024-12-06T05:08:38.703+0000] {logging_mixin.py:190} INFO - Dag name:dag_with_postgres_operator_v02 queued_at:2024-12-06 05:02:30.432509+00:00
[2024-12-06T05:08:38.705+0000] {logging_mixin.py:190} INFO - Task hostname:9ed27289a118 operator:PostgresOperator
[2024-12-06T05:08:38.859+0000] {local_task_job_runner.py:266} INFO - Task exited with return code 0
[2024-12-06T05:08:38.891+0000] {local_task_job_runner.py:245} INFO - ::endgroup::
