[2025-01-08T02:57:05.812+0000] {local_task_job_runner.py:123} INFO - ::group::Pre task execution logs
[2025-01-08T02:57:05.827+0000] {taskinstance.py:2613} INFO - Dependencies all met for dep_context=non-requeueable deps ti=<TaskInstance: dag_with_postgres_operator_v02.create_key_table manual__2025-01-08T02:56:58.038560+00:00 [queued]>
[2025-01-08T02:57:05.834+0000] {taskinstance.py:2613} INFO - Dependencies all met for dep_context=requeueable deps ti=<TaskInstance: dag_with_postgres_operator_v02.create_key_table manual__2025-01-08T02:56:58.038560+00:00 [queued]>
[2025-01-08T02:57:05.835+0000] {taskinstance.py:2866} INFO - Starting attempt 1 of 6
[2025-01-08T02:57:05.846+0000] {taskinstance.py:2889} INFO - Executing <Task(PostgresOperator): create_key_table> on 2025-01-08 02:56:58.038560+00:00
[2025-01-08T02:57:05.855+0000] {logging_mixin.py:190} WARNING - /home/***/.local/lib/python3.12/site-packages/***/task/task_runner/standard_task_runner.py:70 DeprecationWarning: This process (pid=38326) is multi-threaded, use of fork() may lead to deadlocks in the child.
[2025-01-08T02:57:05.855+0000] {standard_task_runner.py:104} INFO - Running: ['***', 'tasks', 'run', 'dag_with_postgres_operator_v02', 'create_key_table', 'manual__2025-01-08T02:56:58.038560+00:00', '--job-id', '863', '--raw', '--subdir', 'DAGS_FOLDER/dag.py', '--cfg-path', '/tmp/tmpojrtw7te']
[2025-01-08T02:57:05.856+0000] {standard_task_runner.py:72} INFO - Started process 38327 to run task
[2025-01-08T02:57:05.856+0000] {standard_task_runner.py:105} INFO - Job 863: Subtask create_key_table
[2025-01-08T02:57:05.894+0000] {task_command.py:467} INFO - Running <TaskInstance: dag_with_postgres_operator_v02.create_key_table manual__2025-01-08T02:56:58.038560+00:00 [running]> on host ec6dd3d48f26
[2025-01-08T02:57:05.971+0000] {taskinstance.py:3132} INFO - Exporting env vars: AIRFLOW_CTX_DAG_OWNER='coder2j' AIRFLOW_CTX_DAG_ID='dag_with_postgres_operator_v02' AIRFLOW_CTX_TASK_ID='create_key_table' AIRFLOW_CTX_EXECUTION_DATE='2025-01-08T02:56:58.038560+00:00' AIRFLOW_CTX_TRY_NUMBER='1' AIRFLOW_CTX_DAG_RUN_ID='manual__2025-01-08T02:56:58.038560+00:00'
[2025-01-08T02:57:05.973+0000] {logging_mixin.py:190} INFO - Task instance is in running state
[2025-01-08T02:57:05.974+0000] {logging_mixin.py:190} INFO -  Previous state of the Task instance: queued
[2025-01-08T02:57:05.979+0000] {logging_mixin.py:190} INFO - Current task name:create_key_table state:running start_date:2025-01-08 02:57:05.827945+00:00
[2025-01-08T02:57:05.980+0000] {logging_mixin.py:190} INFO - Dag name:dag_with_postgres_operator_v02 and current dag run status:running
[2025-01-08T02:57:05.980+0000] {taskinstance.py:731} INFO - ::endgroup::
[2025-01-08T02:57:05.981+0000] {sql.py:278} INFO - Executing: 
            CREATE TABLE IF NOT EXISTS Keyy (
                CurrentPrice DECIMAL PRIMARY KEY,
                DividendRate DECIMAL NOT NULL,
                BidAskSpread DECIMAL NOT NULL,
                FiftyTwoWeekHigh DECIMAL NOT NULL,
                FiftyTwoWeekLow DECIMAL NOT NULL,
                MarketCap DECIMAL NOT NULL,
                ROE DECIMAL NOT NULL,
                PegRatio DECIMAL NOT NULL,
                Company VARCHAR(255) NOT NULL
            );
        
[2025-01-08T02:57:05.990+0000] {base.py:84} INFO - Retrieving connection 'postgres_localhost'
[2025-01-08T02:57:05.998+0000] {base.py:84} INFO - Retrieving connection 'postgres_localhost'
[2025-01-08T02:57:06.003+0000] {sql.py:544} INFO - Running statement: 
            CREATE TABLE IF NOT EXISTS Keyy (
                CurrentPrice DECIMAL PRIMARY KEY,
                DividendRate DECIMAL NOT NULL,
                BidAskSpread DECIMAL NOT NULL,
                FiftyTwoWeekHigh DECIMAL NOT NULL,
                FiftyTwoWeekLow DECIMAL NOT NULL,
                MarketCap DECIMAL NOT NULL,
                ROE DECIMAL NOT NULL,
                PegRatio DECIMAL NOT NULL,
                Company VARCHAR(255) NOT NULL
            );
        , parameters: None
[2025-01-08T02:57:06.011+0000] {taskinstance.py:340} INFO - ::group::Post task execution logs
[2025-01-08T02:57:06.012+0000] {taskinstance.py:352} INFO - Marking task as SUCCESS. dag_id=dag_with_postgres_operator_v02, task_id=create_key_table, run_id=manual__2025-01-08T02:56:58.038560+00:00, execution_date=20250108T025658, start_date=20250108T025705, end_date=20250108T025706
[2025-01-08T02:57:06.020+0000] {logging_mixin.py:190} INFO - Task instance in success state
[2025-01-08T02:57:06.020+0000] {logging_mixin.py:190} INFO -  Previous state of the Task instance: running
[2025-01-08T02:57:06.021+0000] {logging_mixin.py:190} INFO - Dag name:dag_with_postgres_operator_v02 queued_at:2025-01-08 02:56:58.049599+00:00
[2025-01-08T02:57:06.021+0000] {logging_mixin.py:190} INFO - Task hostname:ec6dd3d48f26 operator:PostgresOperator
[2025-01-08T02:57:06.030+0000] {local_task_job_runner.py:266} INFO - Task exited with return code 0
[2025-01-08T02:57:06.053+0000] {taskinstance.py:3895} INFO - 1 downstream tasks scheduled from follow-on schedule check
[2025-01-08T02:57:06.055+0000] {local_task_job_runner.py:245} INFO - ::endgroup::
