[2025-01-28T22:42:46.267+0000] {processor.py:186} INFO - Started process (PID=65633) to work on /opt/airflow/dags/dag.py
[2025-01-28T22:42:46.269+0000] {processor.py:914} INFO - Processing file /opt/airflow/dags/dag.py for tasks to queue
[2025-01-28T22:42:46.272+0000] {logging_mixin.py:190} INFO - [2025-01-28T22:42:46.271+0000] {dagbag.py:588} INFO - Filling up the DagBag from /opt/airflow/dags/dag.py
[2025-01-28T22:42:46.292+0000] {processor.py:925} INFO - DAG(s) 'dag_with_postgres_operator_v02' retrieved from /opt/airflow/dags/dag.py
[2025-01-28T22:42:46.331+0000] {logging_mixin.py:190} INFO - [2025-01-28T22:42:46.331+0000] {dag.py:3239} INFO - Sync 1 DAGs
[2025-01-28T22:42:46.358+0000] {logging_mixin.py:190} INFO - [2025-01-28T22:42:46.358+0000] {dag.py:4180} INFO - Setting next_dagrun for dag_with_postgres_operator_v02 to None, run_after=None
[2025-01-28T22:42:46.383+0000] {processor.py:208} INFO - Processing /opt/airflow/dags/dag.py took 0.131 seconds
[2025-01-28T22:43:16.544+0000] {processor.py:186} INFO - Started process (PID=65928) to work on /opt/airflow/dags/dag.py
[2025-01-28T22:43:16.545+0000] {processor.py:914} INFO - Processing file /opt/airflow/dags/dag.py for tasks to queue
[2025-01-28T22:43:16.548+0000] {logging_mixin.py:190} INFO - [2025-01-28T22:43:16.547+0000] {dagbag.py:588} INFO - Filling up the DagBag from /opt/airflow/dags/dag.py
[2025-01-28T22:43:16.564+0000] {processor.py:925} INFO - DAG(s) 'dag_with_postgres_operator_v02' retrieved from /opt/airflow/dags/dag.py
[2025-01-28T22:43:16.584+0000] {logging_mixin.py:190} INFO - [2025-01-28T22:43:16.584+0000] {dag.py:3239} INFO - Sync 1 DAGs
[2025-01-28T22:43:16.595+0000] {logging_mixin.py:190} INFO - [2025-01-28T22:43:16.595+0000] {dag.py:4180} INFO - Setting next_dagrun for dag_with_postgres_operator_v02 to None, run_after=None
[2025-01-28T22:43:16.614+0000] {processor.py:208} INFO - Processing /opt/airflow/dags/dag.py took 0.076 seconds
[2025-01-28T22:43:47.376+0000] {processor.py:186} INFO - Started process (PID=66224) to work on /opt/airflow/dags/dag.py
[2025-01-28T22:43:47.378+0000] {processor.py:914} INFO - Processing file /opt/airflow/dags/dag.py for tasks to queue
[2025-01-28T22:43:47.381+0000] {logging_mixin.py:190} INFO - [2025-01-28T22:43:47.381+0000] {dagbag.py:588} INFO - Filling up the DagBag from /opt/airflow/dags/dag.py
[2025-01-28T22:43:47.399+0000] {processor.py:925} INFO - DAG(s) 'dag_with_postgres_operator_v02' retrieved from /opt/airflow/dags/dag.py
[2025-01-28T22:43:47.434+0000] {logging_mixin.py:190} INFO - [2025-01-28T22:43:47.433+0000] {dag.py:3239} INFO - Sync 1 DAGs
[2025-01-28T22:43:47.450+0000] {logging_mixin.py:190} INFO - [2025-01-28T22:43:47.450+0000] {dag.py:4180} INFO - Setting next_dagrun for dag_with_postgres_operator_v02 to None, run_after=None
[2025-01-28T22:43:47.472+0000] {processor.py:208} INFO - Processing /opt/airflow/dags/dag.py took 0.104 seconds
[2025-01-28T22:44:17.621+0000] {processor.py:186} INFO - Started process (PID=66520) to work on /opt/airflow/dags/dag.py
[2025-01-28T22:44:17.622+0000] {processor.py:914} INFO - Processing file /opt/airflow/dags/dag.py for tasks to queue
[2025-01-28T22:44:17.624+0000] {logging_mixin.py:190} INFO - [2025-01-28T22:44:17.624+0000] {dagbag.py:588} INFO - Filling up the DagBag from /opt/airflow/dags/dag.py
[2025-01-28T22:44:17.637+0000] {processor.py:925} INFO - DAG(s) 'dag_with_postgres_operator_v02' retrieved from /opt/airflow/dags/dag.py
[2025-01-28T22:44:17.656+0000] {logging_mixin.py:190} INFO - [2025-01-28T22:44:17.656+0000] {dag.py:3239} INFO - Sync 1 DAGs
[2025-01-28T22:44:17.667+0000] {logging_mixin.py:190} INFO - [2025-01-28T22:44:17.667+0000] {dag.py:4180} INFO - Setting next_dagrun for dag_with_postgres_operator_v02 to None, run_after=None
[2025-01-28T22:44:17.685+0000] {processor.py:208} INFO - Processing /opt/airflow/dags/dag.py took 0.070 seconds
[2025-01-28T22:44:48.024+0000] {processor.py:186} INFO - Started process (PID=66816) to work on /opt/airflow/dags/dag.py
[2025-01-28T22:44:48.025+0000] {processor.py:914} INFO - Processing file /opt/airflow/dags/dag.py for tasks to queue
[2025-01-28T22:44:48.027+0000] {logging_mixin.py:190} INFO - [2025-01-28T22:44:48.027+0000] {dagbag.py:588} INFO - Filling up the DagBag from /opt/airflow/dags/dag.py
[2025-01-28T22:44:48.039+0000] {processor.py:925} INFO - DAG(s) 'dag_with_postgres_operator_v02' retrieved from /opt/airflow/dags/dag.py
[2025-01-28T22:44:48.059+0000] {logging_mixin.py:190} INFO - [2025-01-28T22:44:48.059+0000] {dag.py:3239} INFO - Sync 1 DAGs
[2025-01-28T22:44:48.071+0000] {logging_mixin.py:190} INFO - [2025-01-28T22:44:48.071+0000] {dag.py:4180} INFO - Setting next_dagrun for dag_with_postgres_operator_v02 to None, run_after=None
[2025-01-28T22:44:48.091+0000] {processor.py:208} INFO - Processing /opt/airflow/dags/dag.py took 0.072 seconds
[2025-01-28T22:45:18.725+0000] {processor.py:186} INFO - Started process (PID=67112) to work on /opt/airflow/dags/dag.py
[2025-01-28T22:45:18.726+0000] {processor.py:914} INFO - Processing file /opt/airflow/dags/dag.py for tasks to queue
[2025-01-28T22:45:18.728+0000] {logging_mixin.py:190} INFO - [2025-01-28T22:45:18.728+0000] {dagbag.py:588} INFO - Filling up the DagBag from /opt/airflow/dags/dag.py
[2025-01-28T22:45:18.742+0000] {processor.py:925} INFO - DAG(s) 'dag_with_postgres_operator_v02' retrieved from /opt/airflow/dags/dag.py
[2025-01-28T22:45:18.764+0000] {logging_mixin.py:190} INFO - [2025-01-28T22:45:18.764+0000] {dag.py:3239} INFO - Sync 1 DAGs
[2025-01-28T22:45:18.776+0000] {logging_mixin.py:190} INFO - [2025-01-28T22:45:18.776+0000] {dag.py:4180} INFO - Setting next_dagrun for dag_with_postgres_operator_v02 to None, run_after=None
[2025-01-28T22:45:18.797+0000] {processor.py:208} INFO - Processing /opt/airflow/dags/dag.py took 0.079 seconds
[2025-01-28T22:45:49.308+0000] {processor.py:186} INFO - Started process (PID=67408) to work on /opt/airflow/dags/dag.py
[2025-01-28T22:45:49.309+0000] {processor.py:914} INFO - Processing file /opt/airflow/dags/dag.py for tasks to queue
[2025-01-28T22:45:49.313+0000] {logging_mixin.py:190} INFO - [2025-01-28T22:45:49.313+0000] {dagbag.py:588} INFO - Filling up the DagBag from /opt/airflow/dags/dag.py
[2025-01-28T22:45:49.335+0000] {processor.py:925} INFO - DAG(s) 'dag_with_postgres_operator_v02' retrieved from /opt/airflow/dags/dag.py
[2025-01-28T22:45:49.357+0000] {logging_mixin.py:190} INFO - [2025-01-28T22:45:49.357+0000] {dag.py:3239} INFO - Sync 1 DAGs
[2025-01-28T22:45:49.368+0000] {logging_mixin.py:190} INFO - [2025-01-28T22:45:49.368+0000] {dag.py:4180} INFO - Setting next_dagrun for dag_with_postgres_operator_v02 to None, run_after=None
[2025-01-28T22:45:49.384+0000] {processor.py:208} INFO - Processing /opt/airflow/dags/dag.py took 0.089 seconds
[2025-01-28T22:46:19.487+0000] {processor.py:186} INFO - Started process (PID=67704) to work on /opt/airflow/dags/dag.py
[2025-01-28T22:46:19.488+0000] {processor.py:914} INFO - Processing file /opt/airflow/dags/dag.py for tasks to queue
[2025-01-28T22:46:19.490+0000] {logging_mixin.py:190} INFO - [2025-01-28T22:46:19.490+0000] {dagbag.py:588} INFO - Filling up the DagBag from /opt/airflow/dags/dag.py
[2025-01-28T22:46:19.503+0000] {processor.py:925} INFO - DAG(s) 'dag_with_postgres_operator_v02' retrieved from /opt/airflow/dags/dag.py
[2025-01-28T22:46:19.527+0000] {logging_mixin.py:190} INFO - [2025-01-28T22:46:19.527+0000] {dag.py:3239} INFO - Sync 1 DAGs
[2025-01-28T22:46:19.539+0000] {logging_mixin.py:190} INFO - [2025-01-28T22:46:19.539+0000] {dag.py:4180} INFO - Setting next_dagrun for dag_with_postgres_operator_v02 to None, run_after=None
[2025-01-28T22:46:19.559+0000] {processor.py:208} INFO - Processing /opt/airflow/dags/dag.py took 0.078 seconds
[2025-01-28T22:46:49.628+0000] {processor.py:186} INFO - Started process (PID=68000) to work on /opt/airflow/dags/dag.py
[2025-01-28T22:46:49.629+0000] {processor.py:914} INFO - Processing file /opt/airflow/dags/dag.py for tasks to queue
[2025-01-28T22:46:49.631+0000] {logging_mixin.py:190} INFO - [2025-01-28T22:46:49.631+0000] {dagbag.py:588} INFO - Filling up the DagBag from /opt/airflow/dags/dag.py
[2025-01-28T22:46:49.644+0000] {processor.py:925} INFO - DAG(s) 'dag_with_postgres_operator_v02' retrieved from /opt/airflow/dags/dag.py
[2025-01-28T22:46:49.666+0000] {logging_mixin.py:190} INFO - [2025-01-28T22:46:49.666+0000] {dag.py:3239} INFO - Sync 1 DAGs
[2025-01-28T22:46:49.681+0000] {logging_mixin.py:190} INFO - [2025-01-28T22:46:49.680+0000] {dag.py:4180} INFO - Setting next_dagrun for dag_with_postgres_operator_v02 to None, run_after=None
[2025-01-28T22:46:49.705+0000] {processor.py:208} INFO - Processing /opt/airflow/dags/dag.py took 0.082 seconds
[2025-01-28T22:47:20.154+0000] {processor.py:186} INFO - Started process (PID=68296) to work on /opt/airflow/dags/dag.py
[2025-01-28T22:47:20.155+0000] {processor.py:914} INFO - Processing file /opt/airflow/dags/dag.py for tasks to queue
[2025-01-28T22:47:20.158+0000] {logging_mixin.py:190} INFO - [2025-01-28T22:47:20.158+0000] {dagbag.py:588} INFO - Filling up the DagBag from /opt/airflow/dags/dag.py
[2025-01-28T22:47:20.177+0000] {processor.py:925} INFO - DAG(s) 'dag_with_postgres_operator_v02' retrieved from /opt/airflow/dags/dag.py
[2025-01-28T22:47:20.209+0000] {logging_mixin.py:190} INFO - [2025-01-28T22:47:20.209+0000] {dag.py:3239} INFO - Sync 1 DAGs
[2025-01-28T22:47:20.228+0000] {logging_mixin.py:190} INFO - [2025-01-28T22:47:20.228+0000] {dag.py:4180} INFO - Setting next_dagrun for dag_with_postgres_operator_v02 to None, run_after=None
[2025-01-28T22:47:20.251+0000] {processor.py:208} INFO - Processing /opt/airflow/dags/dag.py took 0.106 seconds
[2025-01-28T22:47:50.777+0000] {processor.py:186} INFO - Started process (PID=68592) to work on /opt/airflow/dags/dag.py
[2025-01-28T22:47:50.779+0000] {processor.py:914} INFO - Processing file /opt/airflow/dags/dag.py for tasks to queue
[2025-01-28T22:47:50.782+0000] {logging_mixin.py:190} INFO - [2025-01-28T22:47:50.781+0000] {dagbag.py:588} INFO - Filling up the DagBag from /opt/airflow/dags/dag.py
[2025-01-28T22:47:50.802+0000] {processor.py:925} INFO - DAG(s) 'dag_with_postgres_operator_v02' retrieved from /opt/airflow/dags/dag.py
[2025-01-28T22:47:50.828+0000] {logging_mixin.py:190} INFO - [2025-01-28T22:47:50.827+0000] {dag.py:3239} INFO - Sync 1 DAGs
[2025-01-28T22:47:50.841+0000] {logging_mixin.py:190} INFO - [2025-01-28T22:47:50.841+0000] {dag.py:4180} INFO - Setting next_dagrun for dag_with_postgres_operator_v02 to None, run_after=None
[2025-01-28T22:47:50.864+0000] {processor.py:208} INFO - Processing /opt/airflow/dags/dag.py took 0.094 seconds
[2025-01-28T22:48:21.228+0000] {processor.py:186} INFO - Started process (PID=68888) to work on /opt/airflow/dags/dag.py
[2025-01-28T22:48:21.229+0000] {processor.py:914} INFO - Processing file /opt/airflow/dags/dag.py for tasks to queue
[2025-01-28T22:48:21.232+0000] {logging_mixin.py:190} INFO - [2025-01-28T22:48:21.231+0000] {dagbag.py:588} INFO - Filling up the DagBag from /opt/airflow/dags/dag.py
[2025-01-28T22:48:21.248+0000] {processor.py:925} INFO - DAG(s) 'dag_with_postgres_operator_v02' retrieved from /opt/airflow/dags/dag.py
[2025-01-28T22:48:21.269+0000] {logging_mixin.py:190} INFO - [2025-01-28T22:48:21.269+0000] {dag.py:3239} INFO - Sync 1 DAGs
[2025-01-28T22:48:21.281+0000] {logging_mixin.py:190} INFO - [2025-01-28T22:48:21.281+0000] {dag.py:4180} INFO - Setting next_dagrun for dag_with_postgres_operator_v02 to None, run_after=None
[2025-01-28T22:48:21.303+0000] {processor.py:208} INFO - Processing /opt/airflow/dags/dag.py took 0.080 seconds
[2025-01-28T22:48:51.929+0000] {processor.py:186} INFO - Started process (PID=69184) to work on /opt/airflow/dags/dag.py
[2025-01-28T22:48:51.931+0000] {processor.py:914} INFO - Processing file /opt/airflow/dags/dag.py for tasks to queue
[2025-01-28T22:48:51.935+0000] {logging_mixin.py:190} INFO - [2025-01-28T22:48:51.935+0000] {dagbag.py:588} INFO - Filling up the DagBag from /opt/airflow/dags/dag.py
[2025-01-28T22:48:51.964+0000] {processor.py:925} INFO - DAG(s) 'dag_with_postgres_operator_v02' retrieved from /opt/airflow/dags/dag.py
[2025-01-28T22:48:51.994+0000] {logging_mixin.py:190} INFO - [2025-01-28T22:48:51.994+0000] {dag.py:3239} INFO - Sync 1 DAGs
[2025-01-28T22:48:52.012+0000] {logging_mixin.py:190} INFO - [2025-01-28T22:48:52.012+0000] {dag.py:4180} INFO - Setting next_dagrun for dag_with_postgres_operator_v02 to None, run_after=None
[2025-01-28T22:48:52.032+0000] {processor.py:208} INFO - Processing /opt/airflow/dags/dag.py took 0.111 seconds
[2025-01-28T22:49:22.689+0000] {processor.py:186} INFO - Started process (PID=69480) to work on /opt/airflow/dags/dag.py
[2025-01-28T22:49:22.689+0000] {processor.py:914} INFO - Processing file /opt/airflow/dags/dag.py for tasks to queue
[2025-01-28T22:49:22.692+0000] {logging_mixin.py:190} INFO - [2025-01-28T22:49:22.691+0000] {dagbag.py:588} INFO - Filling up the DagBag from /opt/airflow/dags/dag.py
[2025-01-28T22:49:22.707+0000] {processor.py:925} INFO - DAG(s) 'dag_with_postgres_operator_v02' retrieved from /opt/airflow/dags/dag.py
[2025-01-28T22:49:22.732+0000] {logging_mixin.py:190} INFO - [2025-01-28T22:49:22.731+0000] {dag.py:3239} INFO - Sync 1 DAGs
[2025-01-28T22:49:22.747+0000] {logging_mixin.py:190} INFO - [2025-01-28T22:49:22.747+0000] {dag.py:4180} INFO - Setting next_dagrun for dag_with_postgres_operator_v02 to None, run_after=None
[2025-01-28T22:49:22.764+0000] {processor.py:208} INFO - Processing /opt/airflow/dags/dag.py took 0.081 seconds
[2025-01-28T22:49:53.390+0000] {processor.py:186} INFO - Started process (PID=69777) to work on /opt/airflow/dags/dag.py
[2025-01-28T22:49:53.391+0000] {processor.py:914} INFO - Processing file /opt/airflow/dags/dag.py for tasks to queue
[2025-01-28T22:49:53.393+0000] {logging_mixin.py:190} INFO - [2025-01-28T22:49:53.393+0000] {dagbag.py:588} INFO - Filling up the DagBag from /opt/airflow/dags/dag.py
[2025-01-28T22:49:53.405+0000] {processor.py:925} INFO - DAG(s) 'dag_with_postgres_operator_v02' retrieved from /opt/airflow/dags/dag.py
[2025-01-28T22:49:53.425+0000] {logging_mixin.py:190} INFO - [2025-01-28T22:49:53.425+0000] {dag.py:3239} INFO - Sync 1 DAGs
[2025-01-28T22:49:53.436+0000] {logging_mixin.py:190} INFO - [2025-01-28T22:49:53.436+0000] {dag.py:4180} INFO - Setting next_dagrun for dag_with_postgres_operator_v02 to None, run_after=None
[2025-01-28T22:49:53.456+0000] {processor.py:208} INFO - Processing /opt/airflow/dags/dag.py took 0.072 seconds
[2025-01-28T22:50:23.946+0000] {processor.py:186} INFO - Started process (PID=70074) to work on /opt/airflow/dags/dag.py
[2025-01-28T22:50:23.947+0000] {processor.py:914} INFO - Processing file /opt/airflow/dags/dag.py for tasks to queue
[2025-01-28T22:50:23.949+0000] {logging_mixin.py:190} INFO - [2025-01-28T22:50:23.949+0000] {dagbag.py:588} INFO - Filling up the DagBag from /opt/airflow/dags/dag.py
[2025-01-28T22:50:23.963+0000] {processor.py:925} INFO - DAG(s) 'dag_with_postgres_operator_v02' retrieved from /opt/airflow/dags/dag.py
[2025-01-28T22:50:23.987+0000] {logging_mixin.py:190} INFO - [2025-01-28T22:50:23.986+0000] {dag.py:3239} INFO - Sync 1 DAGs
[2025-01-28T22:50:24.003+0000] {logging_mixin.py:190} INFO - [2025-01-28T22:50:24.003+0000] {dag.py:4180} INFO - Setting next_dagrun for dag_with_postgres_operator_v02 to None, run_after=None
[2025-01-28T22:50:24.022+0000] {processor.py:208} INFO - Processing /opt/airflow/dags/dag.py took 0.083 seconds
[2025-01-28T22:50:54.373+0000] {processor.py:186} INFO - Started process (PID=70370) to work on /opt/airflow/dags/dag.py
[2025-01-28T22:50:54.374+0000] {processor.py:914} INFO - Processing file /opt/airflow/dags/dag.py for tasks to queue
[2025-01-28T22:50:54.376+0000] {logging_mixin.py:190} INFO - [2025-01-28T22:50:54.376+0000] {dagbag.py:588} INFO - Filling up the DagBag from /opt/airflow/dags/dag.py
[2025-01-28T22:50:54.392+0000] {processor.py:925} INFO - DAG(s) 'dag_with_postgres_operator_v02' retrieved from /opt/airflow/dags/dag.py
[2025-01-28T22:50:54.417+0000] {logging_mixin.py:190} INFO - [2025-01-28T22:50:54.417+0000] {dag.py:3239} INFO - Sync 1 DAGs
[2025-01-28T22:50:54.435+0000] {logging_mixin.py:190} INFO - [2025-01-28T22:50:54.434+0000] {dag.py:4180} INFO - Setting next_dagrun for dag_with_postgres_operator_v02 to None, run_after=None
[2025-01-28T22:50:54.455+0000] {processor.py:208} INFO - Processing /opt/airflow/dags/dag.py took 0.089 seconds
[2025-01-28T22:51:24.606+0000] {processor.py:186} INFO - Started process (PID=70666) to work on /opt/airflow/dags/dag.py
[2025-01-28T22:51:24.607+0000] {processor.py:914} INFO - Processing file /opt/airflow/dags/dag.py for tasks to queue
[2025-01-28T22:51:24.610+0000] {logging_mixin.py:190} INFO - [2025-01-28T22:51:24.609+0000] {dagbag.py:588} INFO - Filling up the DagBag from /opt/airflow/dags/dag.py
[2025-01-28T22:51:24.630+0000] {processor.py:925} INFO - DAG(s) 'dag_with_postgres_operator_v02' retrieved from /opt/airflow/dags/dag.py
[2025-01-28T22:51:24.657+0000] {logging_mixin.py:190} INFO - [2025-01-28T22:51:24.657+0000] {dag.py:3239} INFO - Sync 1 DAGs
[2025-01-28T22:51:24.673+0000] {logging_mixin.py:190} INFO - [2025-01-28T22:51:24.672+0000] {dag.py:4180} INFO - Setting next_dagrun for dag_with_postgres_operator_v02 to None, run_after=None
[2025-01-28T22:51:24.697+0000] {processor.py:208} INFO - Processing /opt/airflow/dags/dag.py took 0.098 seconds
[2025-01-28T22:51:55.185+0000] {processor.py:186} INFO - Started process (PID=70962) to work on /opt/airflow/dags/dag.py
[2025-01-28T22:51:55.186+0000] {processor.py:914} INFO - Processing file /opt/airflow/dags/dag.py for tasks to queue
[2025-01-28T22:51:55.192+0000] {logging_mixin.py:190} INFO - [2025-01-28T22:51:55.191+0000] {dagbag.py:588} INFO - Filling up the DagBag from /opt/airflow/dags/dag.py
[2025-01-28T22:51:55.219+0000] {processor.py:925} INFO - DAG(s) 'dag_with_postgres_operator_v02' retrieved from /opt/airflow/dags/dag.py
[2025-01-28T22:51:55.271+0000] {logging_mixin.py:190} INFO - [2025-01-28T22:51:55.270+0000] {dag.py:3239} INFO - Sync 1 DAGs
[2025-01-28T22:51:55.289+0000] {logging_mixin.py:190} INFO - [2025-01-28T22:51:55.288+0000] {dag.py:4180} INFO - Setting next_dagrun for dag_with_postgres_operator_v02 to None, run_after=None
[2025-01-28T22:51:55.314+0000] {processor.py:208} INFO - Processing /opt/airflow/dags/dag.py took 0.137 seconds
[2025-01-28T22:52:26.093+0000] {processor.py:186} INFO - Started process (PID=71259) to work on /opt/airflow/dags/dag.py
[2025-01-28T22:52:26.233+0000] {processor.py:914} INFO - Processing file /opt/airflow/dags/dag.py for tasks to queue
[2025-01-28T22:52:26.268+0000] {logging_mixin.py:190} INFO - [2025-01-28T22:52:26.268+0000] {dagbag.py:588} INFO - Filling up the DagBag from /opt/airflow/dags/dag.py
[2025-01-28T22:52:26.593+0000] {processor.py:925} INFO - DAG(s) 'dag_with_postgres_operator_v02' retrieved from /opt/airflow/dags/dag.py
[2025-01-28T22:52:26.672+0000] {logging_mixin.py:190} INFO - [2025-01-28T22:52:26.671+0000] {dag.py:3239} INFO - Sync 1 DAGs
[2025-01-28T22:52:27.197+0000] {logging_mixin.py:190} INFO - [2025-01-28T22:52:27.196+0000] {dag.py:4180} INFO - Setting next_dagrun for dag_with_postgres_operator_v02 to None, run_after=None
[2025-01-28T22:52:27.271+0000] {processor.py:208} INFO - Processing /opt/airflow/dags/dag.py took 1.186 seconds
[2025-01-28T22:52:57.687+0000] {processor.py:186} INFO - Started process (PID=71559) to work on /opt/airflow/dags/dag.py
[2025-01-28T22:52:57.689+0000] {processor.py:914} INFO - Processing file /opt/airflow/dags/dag.py for tasks to queue
[2025-01-28T22:52:57.694+0000] {logging_mixin.py:190} INFO - [2025-01-28T22:52:57.693+0000] {dagbag.py:588} INFO - Filling up the DagBag from /opt/airflow/dags/dag.py
[2025-01-28T22:52:57.732+0000] {processor.py:925} INFO - DAG(s) 'dag_with_postgres_operator_v02' retrieved from /opt/airflow/dags/dag.py
[2025-01-28T22:52:57.776+0000] {logging_mixin.py:190} INFO - [2025-01-28T22:52:57.775+0000] {dag.py:3239} INFO - Sync 1 DAGs
[2025-01-28T22:52:57.797+0000] {logging_mixin.py:190} INFO - [2025-01-28T22:52:57.797+0000] {dag.py:4180} INFO - Setting next_dagrun for dag_with_postgres_operator_v02 to None, run_after=None
[2025-01-28T22:52:57.829+0000] {processor.py:208} INFO - Processing /opt/airflow/dags/dag.py took 0.150 seconds
