[2025-01-05T23:42:29.594+0000] {processor.py:186} INFO - Started process (PID=437) to work on /home/airflow/.local/lib/python3.12/site-packages/airflow/example_dags/example_branch_operator_decorator.py
[2025-01-05T23:42:29.596+0000] {processor.py:914} INFO - Processing file /home/airflow/.local/lib/python3.12/site-packages/airflow/example_dags/example_branch_operator_decorator.py for tasks to queue
[2025-01-05T23:42:29.599+0000] {logging_mixin.py:190} INFO - [2025-01-05T23:42:29.599+0000] {dagbag.py:588} INFO - Filling up the DagBag from /home/airflow/.local/lib/python3.12/site-packages/airflow/example_dags/example_branch_operator_decorator.py
[2025-01-05T23:42:29.660+0000] {processor.py:925} INFO - DAG(s) 'example_branch_python_operator_decorator' retrieved from /home/airflow/.local/lib/python3.12/site-packages/airflow/example_dags/example_branch_operator_decorator.py
[2025-01-05T23:42:29.928+0000] {logging_mixin.py:190} INFO - [2025-01-05T23:42:29.927+0000] {dag.py:3239} INFO - Sync 1 DAGs
[2025-01-05T23:42:29.985+0000] {logging_mixin.py:190} INFO - [2025-01-05T23:42:29.984+0000] {dag.py:4180} INFO - Setting next_dagrun for example_branch_python_operator_decorator to 2025-01-04 00:00:00+00:00, run_after=2025-01-05 00:00:00+00:00
[2025-01-05T23:42:30.049+0000] {processor.py:208} INFO - Processing /home/airflow/.local/lib/python3.12/site-packages/airflow/example_dags/example_branch_operator_decorator.py took 0.471 seconds
[2025-01-05T23:43:00.435+0000] {processor.py:186} INFO - Started process (PID=735) to work on /home/airflow/.local/lib/python3.12/site-packages/airflow/example_dags/example_branch_operator_decorator.py
[2025-01-05T23:43:00.436+0000] {processor.py:914} INFO - Processing file /home/airflow/.local/lib/python3.12/site-packages/airflow/example_dags/example_branch_operator_decorator.py for tasks to queue
[2025-01-05T23:43:00.438+0000] {logging_mixin.py:190} INFO - [2025-01-05T23:43:00.438+0000] {dagbag.py:588} INFO - Filling up the DagBag from /home/airflow/.local/lib/python3.12/site-packages/airflow/example_dags/example_branch_operator_decorator.py
[2025-01-05T23:43:00.460+0000] {processor.py:925} INFO - DAG(s) 'example_branch_python_operator_decorator' retrieved from /home/airflow/.local/lib/python3.12/site-packages/airflow/example_dags/example_branch_operator_decorator.py
[2025-01-05T23:43:00.486+0000] {logging_mixin.py:190} INFO - [2025-01-05T23:43:00.486+0000] {dag.py:3239} INFO - Sync 1 DAGs
[2025-01-05T23:43:00.509+0000] {logging_mixin.py:190} INFO - [2025-01-05T23:43:00.509+0000] {dag.py:4180} INFO - Setting next_dagrun for example_branch_python_operator_decorator to 2025-01-04 00:00:00+00:00, run_after=2025-01-05 00:00:00+00:00
[2025-01-05T23:43:00.526+0000] {processor.py:208} INFO - Processing /home/airflow/.local/lib/python3.12/site-packages/airflow/example_dags/example_branch_operator_decorator.py took 0.096 seconds
[2025-01-05T23:43:32.463+0000] {processor.py:186} INFO - Started process (PID=1031) to work on /home/airflow/.local/lib/python3.12/site-packages/airflow/example_dags/example_branch_operator_decorator.py
[2025-01-05T23:43:32.465+0000] {processor.py:914} INFO - Processing file /home/airflow/.local/lib/python3.12/site-packages/airflow/example_dags/example_branch_operator_decorator.py for tasks to queue
[2025-01-05T23:43:32.467+0000] {logging_mixin.py:190} INFO - [2025-01-05T23:43:32.467+0000] {dagbag.py:588} INFO - Filling up the DagBag from /home/airflow/.local/lib/python3.12/site-packages/airflow/example_dags/example_branch_operator_decorator.py
[2025-01-05T23:43:32.487+0000] {processor.py:925} INFO - DAG(s) 'example_branch_python_operator_decorator' retrieved from /home/airflow/.local/lib/python3.12/site-packages/airflow/example_dags/example_branch_operator_decorator.py
[2025-01-05T23:43:32.511+0000] {logging_mixin.py:190} INFO - [2025-01-05T23:43:32.511+0000] {dag.py:3239} INFO - Sync 1 DAGs
[2025-01-05T23:43:32.537+0000] {logging_mixin.py:190} INFO - [2025-01-05T23:43:32.537+0000] {dag.py:4180} INFO - Setting next_dagrun for example_branch_python_operator_decorator to 2025-01-04 00:00:00+00:00, run_after=2025-01-05 00:00:00+00:00
[2025-01-05T23:43:32.557+0000] {processor.py:208} INFO - Processing /home/airflow/.local/lib/python3.12/site-packages/airflow/example_dags/example_branch_operator_decorator.py took 0.099 seconds
[2025-01-05T23:44:03.469+0000] {processor.py:186} INFO - Started process (PID=1327) to work on /home/airflow/.local/lib/python3.12/site-packages/airflow/example_dags/example_branch_operator_decorator.py
[2025-01-05T23:44:03.470+0000] {processor.py:914} INFO - Processing file /home/airflow/.local/lib/python3.12/site-packages/airflow/example_dags/example_branch_operator_decorator.py for tasks to queue
[2025-01-05T23:44:03.472+0000] {logging_mixin.py:190} INFO - [2025-01-05T23:44:03.472+0000] {dagbag.py:588} INFO - Filling up the DagBag from /home/airflow/.local/lib/python3.12/site-packages/airflow/example_dags/example_branch_operator_decorator.py
[2025-01-05T23:44:03.488+0000] {processor.py:925} INFO - DAG(s) 'example_branch_python_operator_decorator' retrieved from /home/airflow/.local/lib/python3.12/site-packages/airflow/example_dags/example_branch_operator_decorator.py
[2025-01-05T23:44:03.512+0000] {logging_mixin.py:190} INFO - [2025-01-05T23:44:03.512+0000] {dag.py:3239} INFO - Sync 1 DAGs
[2025-01-05T23:44:03.530+0000] {logging_mixin.py:190} INFO - [2025-01-05T23:44:03.530+0000] {dag.py:4180} INFO - Setting next_dagrun for example_branch_python_operator_decorator to 2025-01-04 00:00:00+00:00, run_after=2025-01-05 00:00:00+00:00
[2025-01-05T23:44:03.549+0000] {processor.py:208} INFO - Processing /home/airflow/.local/lib/python3.12/site-packages/airflow/example_dags/example_branch_operator_decorator.py took 0.084 seconds
[2025-01-05T23:44:33.955+0000] {processor.py:186} INFO - Started process (PID=1623) to work on /home/airflow/.local/lib/python3.12/site-packages/airflow/example_dags/example_branch_operator_decorator.py
[2025-01-05T23:44:33.956+0000] {processor.py:914} INFO - Processing file /home/airflow/.local/lib/python3.12/site-packages/airflow/example_dags/example_branch_operator_decorator.py for tasks to queue
[2025-01-05T23:44:33.957+0000] {logging_mixin.py:190} INFO - [2025-01-05T23:44:33.957+0000] {dagbag.py:588} INFO - Filling up the DagBag from /home/airflow/.local/lib/python3.12/site-packages/airflow/example_dags/example_branch_operator_decorator.py
[2025-01-05T23:44:33.976+0000] {processor.py:925} INFO - DAG(s) 'example_branch_python_operator_decorator' retrieved from /home/airflow/.local/lib/python3.12/site-packages/airflow/example_dags/example_branch_operator_decorator.py
[2025-01-05T23:44:34.002+0000] {logging_mixin.py:190} INFO - [2025-01-05T23:44:34.001+0000] {dag.py:3239} INFO - Sync 1 DAGs
[2025-01-05T23:44:34.023+0000] {logging_mixin.py:190} INFO - [2025-01-05T23:44:34.023+0000] {dag.py:4180} INFO - Setting next_dagrun for example_branch_python_operator_decorator to 2025-01-04 00:00:00+00:00, run_after=2025-01-05 00:00:00+00:00
[2025-01-05T23:44:34.044+0000] {processor.py:208} INFO - Processing /home/airflow/.local/lib/python3.12/site-packages/airflow/example_dags/example_branch_operator_decorator.py took 0.095 seconds
[2025-01-05T23:45:04.824+0000] {processor.py:186} INFO - Started process (PID=1919) to work on /home/airflow/.local/lib/python3.12/site-packages/airflow/example_dags/example_branch_operator_decorator.py
[2025-01-05T23:45:04.825+0000] {processor.py:914} INFO - Processing file /home/airflow/.local/lib/python3.12/site-packages/airflow/example_dags/example_branch_operator_decorator.py for tasks to queue
[2025-01-05T23:45:04.827+0000] {logging_mixin.py:190} INFO - [2025-01-05T23:45:04.827+0000] {dagbag.py:588} INFO - Filling up the DagBag from /home/airflow/.local/lib/python3.12/site-packages/airflow/example_dags/example_branch_operator_decorator.py
[2025-01-05T23:45:04.843+0000] {processor.py:925} INFO - DAG(s) 'example_branch_python_operator_decorator' retrieved from /home/airflow/.local/lib/python3.12/site-packages/airflow/example_dags/example_branch_operator_decorator.py
[2025-01-05T23:45:04.866+0000] {logging_mixin.py:190} INFO - [2025-01-05T23:45:04.866+0000] {dag.py:3239} INFO - Sync 1 DAGs
[2025-01-05T23:45:04.885+0000] {logging_mixin.py:190} INFO - [2025-01-05T23:45:04.885+0000] {dag.py:4180} INFO - Setting next_dagrun for example_branch_python_operator_decorator to 2025-01-04 00:00:00+00:00, run_after=2025-01-05 00:00:00+00:00
[2025-01-05T23:45:04.903+0000] {processor.py:208} INFO - Processing /home/airflow/.local/lib/python3.12/site-packages/airflow/example_dags/example_branch_operator_decorator.py took 0.083 seconds
[2025-01-05T23:45:35.465+0000] {processor.py:186} INFO - Started process (PID=2215) to work on /home/airflow/.local/lib/python3.12/site-packages/airflow/example_dags/example_branch_operator_decorator.py
[2025-01-05T23:45:35.466+0000] {processor.py:914} INFO - Processing file /home/airflow/.local/lib/python3.12/site-packages/airflow/example_dags/example_branch_operator_decorator.py for tasks to queue
[2025-01-05T23:45:35.468+0000] {logging_mixin.py:190} INFO - [2025-01-05T23:45:35.468+0000] {dagbag.py:588} INFO - Filling up the DagBag from /home/airflow/.local/lib/python3.12/site-packages/airflow/example_dags/example_branch_operator_decorator.py
[2025-01-05T23:45:35.485+0000] {processor.py:925} INFO - DAG(s) 'example_branch_python_operator_decorator' retrieved from /home/airflow/.local/lib/python3.12/site-packages/airflow/example_dags/example_branch_operator_decorator.py
[2025-01-05T23:45:35.509+0000] {logging_mixin.py:190} INFO - [2025-01-05T23:45:35.509+0000] {dag.py:3239} INFO - Sync 1 DAGs
[2025-01-05T23:45:35.530+0000] {logging_mixin.py:190} INFO - [2025-01-05T23:45:35.530+0000] {dag.py:4180} INFO - Setting next_dagrun for example_branch_python_operator_decorator to 2025-01-04 00:00:00+00:00, run_after=2025-01-05 00:00:00+00:00
[2025-01-05T23:45:35.548+0000] {processor.py:208} INFO - Processing /home/airflow/.local/lib/python3.12/site-packages/airflow/example_dags/example_branch_operator_decorator.py took 0.088 seconds
[2025-01-05T23:46:05.964+0000] {processor.py:186} INFO - Started process (PID=2509) to work on /home/airflow/.local/lib/python3.12/site-packages/airflow/example_dags/example_branch_operator_decorator.py
[2025-01-05T23:46:05.965+0000] {processor.py:914} INFO - Processing file /home/airflow/.local/lib/python3.12/site-packages/airflow/example_dags/example_branch_operator_decorator.py for tasks to queue
[2025-01-05T23:46:05.968+0000] {logging_mixin.py:190} INFO - [2025-01-05T23:46:05.967+0000] {dagbag.py:588} INFO - Filling up the DagBag from /home/airflow/.local/lib/python3.12/site-packages/airflow/example_dags/example_branch_operator_decorator.py
[2025-01-05T23:46:05.995+0000] {processor.py:925} INFO - DAG(s) 'example_branch_python_operator_decorator' retrieved from /home/airflow/.local/lib/python3.12/site-packages/airflow/example_dags/example_branch_operator_decorator.py
[2025-01-05T23:46:06.032+0000] {logging_mixin.py:190} INFO - [2025-01-05T23:46:06.032+0000] {dag.py:3239} INFO - Sync 1 DAGs
[2025-01-05T23:46:06.069+0000] {logging_mixin.py:190} INFO - [2025-01-05T23:46:06.068+0000] {dag.py:4180} INFO - Setting next_dagrun for example_branch_python_operator_decorator to 2025-01-04 00:00:00+00:00, run_after=2025-01-05 00:00:00+00:00
[2025-01-05T23:46:06.098+0000] {processor.py:208} INFO - Processing /home/airflow/.local/lib/python3.12/site-packages/airflow/example_dags/example_branch_operator_decorator.py took 0.140 seconds
[2025-01-05T23:46:36.989+0000] {processor.py:186} INFO - Started process (PID=2807) to work on /home/airflow/.local/lib/python3.12/site-packages/airflow/example_dags/example_branch_operator_decorator.py
[2025-01-05T23:46:36.990+0000] {processor.py:914} INFO - Processing file /home/airflow/.local/lib/python3.12/site-packages/airflow/example_dags/example_branch_operator_decorator.py for tasks to queue
[2025-01-05T23:46:36.992+0000] {logging_mixin.py:190} INFO - [2025-01-05T23:46:36.992+0000] {dagbag.py:588} INFO - Filling up the DagBag from /home/airflow/.local/lib/python3.12/site-packages/airflow/example_dags/example_branch_operator_decorator.py
[2025-01-05T23:46:37.010+0000] {processor.py:925} INFO - DAG(s) 'example_branch_python_operator_decorator' retrieved from /home/airflow/.local/lib/python3.12/site-packages/airflow/example_dags/example_branch_operator_decorator.py
[2025-01-05T23:46:37.032+0000] {logging_mixin.py:190} INFO - [2025-01-05T23:46:37.032+0000] {dag.py:3239} INFO - Sync 1 DAGs
[2025-01-05T23:46:37.050+0000] {logging_mixin.py:190} INFO - [2025-01-05T23:46:37.050+0000] {dag.py:4180} INFO - Setting next_dagrun for example_branch_python_operator_decorator to 2025-01-04 00:00:00+00:00, run_after=2025-01-05 00:00:00+00:00
[2025-01-05T23:46:37.067+0000] {processor.py:208} INFO - Processing /home/airflow/.local/lib/python3.12/site-packages/airflow/example_dags/example_branch_operator_decorator.py took 0.082 seconds
[2025-01-05T23:47:07.871+0000] {processor.py:186} INFO - Started process (PID=3101) to work on /home/airflow/.local/lib/python3.12/site-packages/airflow/example_dags/example_branch_operator_decorator.py
[2025-01-05T23:47:07.872+0000] {processor.py:914} INFO - Processing file /home/airflow/.local/lib/python3.12/site-packages/airflow/example_dags/example_branch_operator_decorator.py for tasks to queue
[2025-01-05T23:47:07.874+0000] {logging_mixin.py:190} INFO - [2025-01-05T23:47:07.874+0000] {dagbag.py:588} INFO - Filling up the DagBag from /home/airflow/.local/lib/python3.12/site-packages/airflow/example_dags/example_branch_operator_decorator.py
[2025-01-05T23:47:07.895+0000] {processor.py:925} INFO - DAG(s) 'example_branch_python_operator_decorator' retrieved from /home/airflow/.local/lib/python3.12/site-packages/airflow/example_dags/example_branch_operator_decorator.py
[2025-01-05T23:47:07.917+0000] {logging_mixin.py:190} INFO - [2025-01-05T23:47:07.917+0000] {dag.py:3239} INFO - Sync 1 DAGs
[2025-01-05T23:47:07.935+0000] {logging_mixin.py:190} INFO - [2025-01-05T23:47:07.935+0000] {dag.py:4180} INFO - Setting next_dagrun for example_branch_python_operator_decorator to 2025-01-04 00:00:00+00:00, run_after=2025-01-05 00:00:00+00:00
[2025-01-05T23:47:07.953+0000] {processor.py:208} INFO - Processing /home/airflow/.local/lib/python3.12/site-packages/airflow/example_dags/example_branch_operator_decorator.py took 0.088 seconds
[2025-01-05T23:47:38.679+0000] {processor.py:186} INFO - Started process (PID=3399) to work on /home/airflow/.local/lib/python3.12/site-packages/airflow/example_dags/example_branch_operator_decorator.py
[2025-01-05T23:47:38.680+0000] {processor.py:914} INFO - Processing file /home/airflow/.local/lib/python3.12/site-packages/airflow/example_dags/example_branch_operator_decorator.py for tasks to queue
[2025-01-05T23:47:38.682+0000] {logging_mixin.py:190} INFO - [2025-01-05T23:47:38.681+0000] {dagbag.py:588} INFO - Filling up the DagBag from /home/airflow/.local/lib/python3.12/site-packages/airflow/example_dags/example_branch_operator_decorator.py
[2025-01-05T23:47:38.704+0000] {processor.py:925} INFO - DAG(s) 'example_branch_python_operator_decorator' retrieved from /home/airflow/.local/lib/python3.12/site-packages/airflow/example_dags/example_branch_operator_decorator.py
[2025-01-05T23:47:38.726+0000] {logging_mixin.py:190} INFO - [2025-01-05T23:47:38.726+0000] {dag.py:3239} INFO - Sync 1 DAGs
[2025-01-05T23:47:38.745+0000] {logging_mixin.py:190} INFO - [2025-01-05T23:47:38.745+0000] {dag.py:4180} INFO - Setting next_dagrun for example_branch_python_operator_decorator to 2025-01-04 00:00:00+00:00, run_after=2025-01-05 00:00:00+00:00
[2025-01-05T23:47:38.762+0000] {processor.py:208} INFO - Processing /home/airflow/.local/lib/python3.12/site-packages/airflow/example_dags/example_branch_operator_decorator.py took 0.088 seconds
[2025-01-05T23:48:09.471+0000] {processor.py:186} INFO - Started process (PID=3695) to work on /home/airflow/.local/lib/python3.12/site-packages/airflow/example_dags/example_branch_operator_decorator.py
[2025-01-05T23:48:09.472+0000] {processor.py:914} INFO - Processing file /home/airflow/.local/lib/python3.12/site-packages/airflow/example_dags/example_branch_operator_decorator.py for tasks to queue
[2025-01-05T23:48:09.474+0000] {logging_mixin.py:190} INFO - [2025-01-05T23:48:09.473+0000] {dagbag.py:588} INFO - Filling up the DagBag from /home/airflow/.local/lib/python3.12/site-packages/airflow/example_dags/example_branch_operator_decorator.py
[2025-01-05T23:48:09.490+0000] {processor.py:925} INFO - DAG(s) 'example_branch_python_operator_decorator' retrieved from /home/airflow/.local/lib/python3.12/site-packages/airflow/example_dags/example_branch_operator_decorator.py
[2025-01-05T23:48:09.515+0000] {logging_mixin.py:190} INFO - [2025-01-05T23:48:09.515+0000] {dag.py:3239} INFO - Sync 1 DAGs
[2025-01-05T23:48:09.533+0000] {logging_mixin.py:190} INFO - [2025-01-05T23:48:09.533+0000] {dag.py:4180} INFO - Setting next_dagrun for example_branch_python_operator_decorator to 2025-01-04 00:00:00+00:00, run_after=2025-01-05 00:00:00+00:00
[2025-01-05T23:48:09.551+0000] {processor.py:208} INFO - Processing /home/airflow/.local/lib/python3.12/site-packages/airflow/example_dags/example_branch_operator_decorator.py took 0.084 seconds
[2025-01-05T23:48:40.199+0000] {processor.py:186} INFO - Started process (PID=3989) to work on /home/airflow/.local/lib/python3.12/site-packages/airflow/example_dags/example_branch_operator_decorator.py
[2025-01-05T23:48:40.200+0000] {processor.py:914} INFO - Processing file /home/airflow/.local/lib/python3.12/site-packages/airflow/example_dags/example_branch_operator_decorator.py for tasks to queue
[2025-01-05T23:48:40.202+0000] {logging_mixin.py:190} INFO - [2025-01-05T23:48:40.202+0000] {dagbag.py:588} INFO - Filling up the DagBag from /home/airflow/.local/lib/python3.12/site-packages/airflow/example_dags/example_branch_operator_decorator.py
[2025-01-05T23:48:40.219+0000] {processor.py:925} INFO - DAG(s) 'example_branch_python_operator_decorator' retrieved from /home/airflow/.local/lib/python3.12/site-packages/airflow/example_dags/example_branch_operator_decorator.py
[2025-01-05T23:48:40.241+0000] {logging_mixin.py:190} INFO - [2025-01-05T23:48:40.241+0000] {dag.py:3239} INFO - Sync 1 DAGs
[2025-01-05T23:48:40.265+0000] {logging_mixin.py:190} INFO - [2025-01-05T23:48:40.265+0000] {dag.py:4180} INFO - Setting next_dagrun for example_branch_python_operator_decorator to 2025-01-04 00:00:00+00:00, run_after=2025-01-05 00:00:00+00:00
[2025-01-05T23:48:40.281+0000] {processor.py:208} INFO - Processing /home/airflow/.local/lib/python3.12/site-packages/airflow/example_dags/example_branch_operator_decorator.py took 0.087 seconds
[2025-01-05T23:49:11.078+0000] {processor.py:186} INFO - Started process (PID=4287) to work on /home/airflow/.local/lib/python3.12/site-packages/airflow/example_dags/example_branch_operator_decorator.py
[2025-01-05T23:49:11.079+0000] {processor.py:914} INFO - Processing file /home/airflow/.local/lib/python3.12/site-packages/airflow/example_dags/example_branch_operator_decorator.py for tasks to queue
[2025-01-05T23:49:11.081+0000] {logging_mixin.py:190} INFO - [2025-01-05T23:49:11.081+0000] {dagbag.py:588} INFO - Filling up the DagBag from /home/airflow/.local/lib/python3.12/site-packages/airflow/example_dags/example_branch_operator_decorator.py
[2025-01-05T23:49:11.097+0000] {processor.py:925} INFO - DAG(s) 'example_branch_python_operator_decorator' retrieved from /home/airflow/.local/lib/python3.12/site-packages/airflow/example_dags/example_branch_operator_decorator.py
[2025-01-05T23:49:11.118+0000] {logging_mixin.py:190} INFO - [2025-01-05T23:49:11.118+0000] {dag.py:3239} INFO - Sync 1 DAGs
[2025-01-05T23:49:11.143+0000] {logging_mixin.py:190} INFO - [2025-01-05T23:49:11.142+0000] {dag.py:4180} INFO - Setting next_dagrun for example_branch_python_operator_decorator to 2025-01-04 00:00:00+00:00, run_after=2025-01-05 00:00:00+00:00
[2025-01-05T23:49:11.160+0000] {processor.py:208} INFO - Processing /home/airflow/.local/lib/python3.12/site-packages/airflow/example_dags/example_branch_operator_decorator.py took 0.086 seconds
[2025-01-05T23:49:41.897+0000] {processor.py:186} INFO - Started process (PID=4581) to work on /home/airflow/.local/lib/python3.12/site-packages/airflow/example_dags/example_branch_operator_decorator.py
[2025-01-05T23:49:41.898+0000] {processor.py:914} INFO - Processing file /home/airflow/.local/lib/python3.12/site-packages/airflow/example_dags/example_branch_operator_decorator.py for tasks to queue
[2025-01-05T23:49:41.900+0000] {logging_mixin.py:190} INFO - [2025-01-05T23:49:41.899+0000] {dagbag.py:588} INFO - Filling up the DagBag from /home/airflow/.local/lib/python3.12/site-packages/airflow/example_dags/example_branch_operator_decorator.py
[2025-01-05T23:49:41.916+0000] {processor.py:925} INFO - DAG(s) 'example_branch_python_operator_decorator' retrieved from /home/airflow/.local/lib/python3.12/site-packages/airflow/example_dags/example_branch_operator_decorator.py
[2025-01-05T23:49:41.939+0000] {logging_mixin.py:190} INFO - [2025-01-05T23:49:41.938+0000] {dag.py:3239} INFO - Sync 1 DAGs
[2025-01-05T23:49:41.958+0000] {logging_mixin.py:190} INFO - [2025-01-05T23:49:41.958+0000] {dag.py:4180} INFO - Setting next_dagrun for example_branch_python_operator_decorator to 2025-01-04 00:00:00+00:00, run_after=2025-01-05 00:00:00+00:00
[2025-01-05T23:49:41.976+0000] {processor.py:208} INFO - Processing /home/airflow/.local/lib/python3.12/site-packages/airflow/example_dags/example_branch_operator_decorator.py took 0.083 seconds
[2025-01-05T23:50:12.806+0000] {processor.py:186} INFO - Started process (PID=4877) to work on /home/airflow/.local/lib/python3.12/site-packages/airflow/example_dags/example_branch_operator_decorator.py
[2025-01-05T23:50:12.808+0000] {processor.py:914} INFO - Processing file /home/airflow/.local/lib/python3.12/site-packages/airflow/example_dags/example_branch_operator_decorator.py for tasks to queue
[2025-01-05T23:50:12.810+0000] {logging_mixin.py:190} INFO - [2025-01-05T23:50:12.810+0000] {dagbag.py:588} INFO - Filling up the DagBag from /home/airflow/.local/lib/python3.12/site-packages/airflow/example_dags/example_branch_operator_decorator.py
[2025-01-05T23:50:12.856+0000] {processor.py:925} INFO - DAG(s) 'example_branch_python_operator_decorator' retrieved from /home/airflow/.local/lib/python3.12/site-packages/airflow/example_dags/example_branch_operator_decorator.py
[2025-01-05T23:50:12.878+0000] {logging_mixin.py:190} INFO - [2025-01-05T23:50:12.878+0000] {dag.py:3239} INFO - Sync 1 DAGs
[2025-01-05T23:50:12.895+0000] {logging_mixin.py:190} INFO - [2025-01-05T23:50:12.895+0000] {dag.py:4180} INFO - Setting next_dagrun for example_branch_python_operator_decorator to 2025-01-04 00:00:00+00:00, run_after=2025-01-05 00:00:00+00:00
[2025-01-05T23:50:12.909+0000] {processor.py:208} INFO - Processing /home/airflow/.local/lib/python3.12/site-packages/airflow/example_dags/example_branch_operator_decorator.py took 0.110 seconds
[2025-01-05T23:50:43.786+0000] {processor.py:186} INFO - Started process (PID=5173) to work on /home/airflow/.local/lib/python3.12/site-packages/airflow/example_dags/example_branch_operator_decorator.py
[2025-01-05T23:50:43.787+0000] {processor.py:914} INFO - Processing file /home/airflow/.local/lib/python3.12/site-packages/airflow/example_dags/example_branch_operator_decorator.py for tasks to queue
[2025-01-05T23:50:43.789+0000] {logging_mixin.py:190} INFO - [2025-01-05T23:50:43.789+0000] {dagbag.py:588} INFO - Filling up the DagBag from /home/airflow/.local/lib/python3.12/site-packages/airflow/example_dags/example_branch_operator_decorator.py
[2025-01-05T23:50:43.806+0000] {processor.py:925} INFO - DAG(s) 'example_branch_python_operator_decorator' retrieved from /home/airflow/.local/lib/python3.12/site-packages/airflow/example_dags/example_branch_operator_decorator.py
[2025-01-05T23:50:43.829+0000] {logging_mixin.py:190} INFO - [2025-01-05T23:50:43.829+0000] {dag.py:3239} INFO - Sync 1 DAGs
[2025-01-05T23:50:43.848+0000] {logging_mixin.py:190} INFO - [2025-01-05T23:50:43.848+0000] {dag.py:4180} INFO - Setting next_dagrun for example_branch_python_operator_decorator to 2025-01-04 00:00:00+00:00, run_after=2025-01-05 00:00:00+00:00
[2025-01-05T23:50:43.865+0000] {processor.py:208} INFO - Processing /home/airflow/.local/lib/python3.12/site-packages/airflow/example_dags/example_branch_operator_decorator.py took 0.085 seconds
[2025-01-05T23:51:14.726+0000] {processor.py:186} INFO - Started process (PID=5471) to work on /home/airflow/.local/lib/python3.12/site-packages/airflow/example_dags/example_branch_operator_decorator.py
[2025-01-05T23:51:14.727+0000] {processor.py:914} INFO - Processing file /home/airflow/.local/lib/python3.12/site-packages/airflow/example_dags/example_branch_operator_decorator.py for tasks to queue
[2025-01-05T23:51:14.729+0000] {logging_mixin.py:190} INFO - [2025-01-05T23:51:14.729+0000] {dagbag.py:588} INFO - Filling up the DagBag from /home/airflow/.local/lib/python3.12/site-packages/airflow/example_dags/example_branch_operator_decorator.py
[2025-01-05T23:51:14.746+0000] {processor.py:925} INFO - DAG(s) 'example_branch_python_operator_decorator' retrieved from /home/airflow/.local/lib/python3.12/site-packages/airflow/example_dags/example_branch_operator_decorator.py
[2025-01-05T23:51:14.767+0000] {logging_mixin.py:190} INFO - [2025-01-05T23:51:14.767+0000] {dag.py:3239} INFO - Sync 1 DAGs
[2025-01-05T23:51:14.785+0000] {logging_mixin.py:190} INFO - [2025-01-05T23:51:14.785+0000] {dag.py:4180} INFO - Setting next_dagrun for example_branch_python_operator_decorator to 2025-01-04 00:00:00+00:00, run_after=2025-01-05 00:00:00+00:00
[2025-01-05T23:51:14.806+0000] {processor.py:208} INFO - Processing /home/airflow/.local/lib/python3.12/site-packages/airflow/example_dags/example_branch_operator_decorator.py took 0.084 seconds
[2025-01-05T23:51:45.562+0000] {processor.py:186} INFO - Started process (PID=5765) to work on /home/airflow/.local/lib/python3.12/site-packages/airflow/example_dags/example_branch_operator_decorator.py
[2025-01-05T23:51:45.563+0000] {processor.py:914} INFO - Processing file /home/airflow/.local/lib/python3.12/site-packages/airflow/example_dags/example_branch_operator_decorator.py for tasks to queue
[2025-01-05T23:51:45.566+0000] {logging_mixin.py:190} INFO - [2025-01-05T23:51:45.565+0000] {dagbag.py:588} INFO - Filling up the DagBag from /home/airflow/.local/lib/python3.12/site-packages/airflow/example_dags/example_branch_operator_decorator.py
[2025-01-05T23:51:45.588+0000] {processor.py:925} INFO - DAG(s) 'example_branch_python_operator_decorator' retrieved from /home/airflow/.local/lib/python3.12/site-packages/airflow/example_dags/example_branch_operator_decorator.py
[2025-01-05T23:51:45.618+0000] {logging_mixin.py:190} INFO - [2025-01-05T23:51:45.618+0000] {dag.py:3239} INFO - Sync 1 DAGs
[2025-01-05T23:51:45.639+0000] {logging_mixin.py:190} INFO - [2025-01-05T23:51:45.639+0000] {dag.py:4180} INFO - Setting next_dagrun for example_branch_python_operator_decorator to 2025-01-04 00:00:00+00:00, run_after=2025-01-05 00:00:00+00:00
[2025-01-05T23:51:45.660+0000] {processor.py:208} INFO - Processing /home/airflow/.local/lib/python3.12/site-packages/airflow/example_dags/example_branch_operator_decorator.py took 0.102 seconds
[2025-01-05T23:52:16.580+0000] {processor.py:186} INFO - Started process (PID=6061) to work on /home/airflow/.local/lib/python3.12/site-packages/airflow/example_dags/example_branch_operator_decorator.py
[2025-01-05T23:52:16.585+0000] {processor.py:914} INFO - Processing file /home/airflow/.local/lib/python3.12/site-packages/airflow/example_dags/example_branch_operator_decorator.py for tasks to queue
[2025-01-05T23:52:16.596+0000] {logging_mixin.py:190} INFO - [2025-01-05T23:52:16.596+0000] {dagbag.py:588} INFO - Filling up the DagBag from /home/airflow/.local/lib/python3.12/site-packages/airflow/example_dags/example_branch_operator_decorator.py
[2025-01-05T23:52:16.630+0000] {processor.py:925} INFO - DAG(s) 'example_branch_python_operator_decorator' retrieved from /home/airflow/.local/lib/python3.12/site-packages/airflow/example_dags/example_branch_operator_decorator.py
[2025-01-05T23:52:16.656+0000] {logging_mixin.py:190} INFO - [2025-01-05T23:52:16.656+0000] {dag.py:3239} INFO - Sync 1 DAGs
[2025-01-05T23:52:16.676+0000] {logging_mixin.py:190} INFO - [2025-01-05T23:52:16.675+0000] {dag.py:4180} INFO - Setting next_dagrun for example_branch_python_operator_decorator to 2025-01-04 00:00:00+00:00, run_after=2025-01-05 00:00:00+00:00
[2025-01-05T23:52:16.691+0000] {processor.py:208} INFO - Processing /home/airflow/.local/lib/python3.12/site-packages/airflow/example_dags/example_branch_operator_decorator.py took 0.122 seconds
[2025-01-05T23:52:47.499+0000] {processor.py:186} INFO - Started process (PID=6359) to work on /home/airflow/.local/lib/python3.12/site-packages/airflow/example_dags/example_branch_operator_decorator.py
[2025-01-05T23:52:47.500+0000] {processor.py:914} INFO - Processing file /home/airflow/.local/lib/python3.12/site-packages/airflow/example_dags/example_branch_operator_decorator.py for tasks to queue
[2025-01-05T23:52:47.502+0000] {logging_mixin.py:190} INFO - [2025-01-05T23:52:47.502+0000] {dagbag.py:588} INFO - Filling up the DagBag from /home/airflow/.local/lib/python3.12/site-packages/airflow/example_dags/example_branch_operator_decorator.py
[2025-01-05T23:52:47.518+0000] {processor.py:925} INFO - DAG(s) 'example_branch_python_operator_decorator' retrieved from /home/airflow/.local/lib/python3.12/site-packages/airflow/example_dags/example_branch_operator_decorator.py
[2025-01-05T23:52:47.540+0000] {logging_mixin.py:190} INFO - [2025-01-05T23:52:47.540+0000] {dag.py:3239} INFO - Sync 1 DAGs
[2025-01-05T23:52:47.558+0000] {logging_mixin.py:190} INFO - [2025-01-05T23:52:47.558+0000] {dag.py:4180} INFO - Setting next_dagrun for example_branch_python_operator_decorator to 2025-01-04 00:00:00+00:00, run_after=2025-01-05 00:00:00+00:00
[2025-01-05T23:52:47.578+0000] {processor.py:208} INFO - Processing /home/airflow/.local/lib/python3.12/site-packages/airflow/example_dags/example_branch_operator_decorator.py took 0.083 seconds
[2025-01-05T23:53:18.414+0000] {processor.py:186} INFO - Started process (PID=6653) to work on /home/airflow/.local/lib/python3.12/site-packages/airflow/example_dags/example_branch_operator_decorator.py
[2025-01-05T23:53:18.415+0000] {processor.py:914} INFO - Processing file /home/airflow/.local/lib/python3.12/site-packages/airflow/example_dags/example_branch_operator_decorator.py for tasks to queue
[2025-01-05T23:53:18.417+0000] {logging_mixin.py:190} INFO - [2025-01-05T23:53:18.416+0000] {dagbag.py:588} INFO - Filling up the DagBag from /home/airflow/.local/lib/python3.12/site-packages/airflow/example_dags/example_branch_operator_decorator.py
[2025-01-05T23:53:18.432+0000] {processor.py:925} INFO - DAG(s) 'example_branch_python_operator_decorator' retrieved from /home/airflow/.local/lib/python3.12/site-packages/airflow/example_dags/example_branch_operator_decorator.py
[2025-01-05T23:53:18.455+0000] {logging_mixin.py:190} INFO - [2025-01-05T23:53:18.455+0000] {dag.py:3239} INFO - Sync 1 DAGs
[2025-01-05T23:53:18.473+0000] {logging_mixin.py:190} INFO - [2025-01-05T23:53:18.473+0000] {dag.py:4180} INFO - Setting next_dagrun for example_branch_python_operator_decorator to 2025-01-04 00:00:00+00:00, run_after=2025-01-05 00:00:00+00:00
[2025-01-05T23:53:18.493+0000] {processor.py:208} INFO - Processing /home/airflow/.local/lib/python3.12/site-packages/airflow/example_dags/example_branch_operator_decorator.py took 0.083 seconds
[2025-01-05T23:53:50.010+0000] {processor.py:186} INFO - Started process (PID=6951) to work on /home/airflow/.local/lib/python3.12/site-packages/airflow/example_dags/example_branch_operator_decorator.py
[2025-01-05T23:53:50.011+0000] {processor.py:914} INFO - Processing file /home/airflow/.local/lib/python3.12/site-packages/airflow/example_dags/example_branch_operator_decorator.py for tasks to queue
[2025-01-05T23:53:50.013+0000] {logging_mixin.py:190} INFO - [2025-01-05T23:53:50.013+0000] {dagbag.py:588} INFO - Filling up the DagBag from /home/airflow/.local/lib/python3.12/site-packages/airflow/example_dags/example_branch_operator_decorator.py
[2025-01-05T23:53:50.029+0000] {processor.py:925} INFO - DAG(s) 'example_branch_python_operator_decorator' retrieved from /home/airflow/.local/lib/python3.12/site-packages/airflow/example_dags/example_branch_operator_decorator.py
[2025-01-05T23:53:50.052+0000] {logging_mixin.py:190} INFO - [2025-01-05T23:53:50.052+0000] {dag.py:3239} INFO - Sync 1 DAGs
[2025-01-05T23:53:50.069+0000] {logging_mixin.py:190} INFO - [2025-01-05T23:53:50.069+0000] {dag.py:4180} INFO - Setting next_dagrun for example_branch_python_operator_decorator to 2025-01-04 00:00:00+00:00, run_after=2025-01-05 00:00:00+00:00
[2025-01-05T23:53:50.087+0000] {processor.py:208} INFO - Processing /home/airflow/.local/lib/python3.12/site-packages/airflow/example_dags/example_branch_operator_decorator.py took 0.081 seconds
[2025-01-05T23:54:21.060+0000] {processor.py:186} INFO - Started process (PID=7247) to work on /home/airflow/.local/lib/python3.12/site-packages/airflow/example_dags/example_branch_operator_decorator.py
[2025-01-05T23:54:21.061+0000] {processor.py:914} INFO - Processing file /home/airflow/.local/lib/python3.12/site-packages/airflow/example_dags/example_branch_operator_decorator.py for tasks to queue
[2025-01-05T23:54:21.063+0000] {logging_mixin.py:190} INFO - [2025-01-05T23:54:21.062+0000] {dagbag.py:588} INFO - Filling up the DagBag from /home/airflow/.local/lib/python3.12/site-packages/airflow/example_dags/example_branch_operator_decorator.py
[2025-01-05T23:54:21.082+0000] {processor.py:925} INFO - DAG(s) 'example_branch_python_operator_decorator' retrieved from /home/airflow/.local/lib/python3.12/site-packages/airflow/example_dags/example_branch_operator_decorator.py
[2025-01-05T23:54:21.106+0000] {logging_mixin.py:190} INFO - [2025-01-05T23:54:21.106+0000] {dag.py:3239} INFO - Sync 1 DAGs
[2025-01-05T23:54:21.126+0000] {logging_mixin.py:190} INFO - [2025-01-05T23:54:21.126+0000] {dag.py:4180} INFO - Setting next_dagrun for example_branch_python_operator_decorator to 2025-01-04 00:00:00+00:00, run_after=2025-01-05 00:00:00+00:00
[2025-01-05T23:54:21.144+0000] {processor.py:208} INFO - Processing /home/airflow/.local/lib/python3.12/site-packages/airflow/example_dags/example_branch_operator_decorator.py took 0.089 seconds
[2025-01-05T23:54:51.851+0000] {processor.py:186} INFO - Started process (PID=7541) to work on /home/airflow/.local/lib/python3.12/site-packages/airflow/example_dags/example_branch_operator_decorator.py
[2025-01-05T23:54:51.852+0000] {processor.py:914} INFO - Processing file /home/airflow/.local/lib/python3.12/site-packages/airflow/example_dags/example_branch_operator_decorator.py for tasks to queue
[2025-01-05T23:54:51.854+0000] {logging_mixin.py:190} INFO - [2025-01-05T23:54:51.854+0000] {dagbag.py:588} INFO - Filling up the DagBag from /home/airflow/.local/lib/python3.12/site-packages/airflow/example_dags/example_branch_operator_decorator.py
[2025-01-05T23:54:51.870+0000] {processor.py:925} INFO - DAG(s) 'example_branch_python_operator_decorator' retrieved from /home/airflow/.local/lib/python3.12/site-packages/airflow/example_dags/example_branch_operator_decorator.py
[2025-01-05T23:54:51.894+0000] {logging_mixin.py:190} INFO - [2025-01-05T23:54:51.893+0000] {dag.py:3239} INFO - Sync 1 DAGs
[2025-01-05T23:54:51.913+0000] {logging_mixin.py:190} INFO - [2025-01-05T23:54:51.913+0000] {dag.py:4180} INFO - Setting next_dagrun for example_branch_python_operator_decorator to 2025-01-04 00:00:00+00:00, run_after=2025-01-05 00:00:00+00:00
[2025-01-05T23:54:51.929+0000] {processor.py:208} INFO - Processing /home/airflow/.local/lib/python3.12/site-packages/airflow/example_dags/example_branch_operator_decorator.py took 0.082 seconds
[2025-01-05T23:55:23.007+0000] {processor.py:186} INFO - Started process (PID=7843) to work on /home/airflow/.local/lib/python3.12/site-packages/airflow/example_dags/example_branch_operator_decorator.py
[2025-01-05T23:55:23.008+0000] {processor.py:914} INFO - Processing file /home/airflow/.local/lib/python3.12/site-packages/airflow/example_dags/example_branch_operator_decorator.py for tasks to queue
[2025-01-05T23:55:23.010+0000] {logging_mixin.py:190} INFO - [2025-01-05T23:55:23.010+0000] {dagbag.py:588} INFO - Filling up the DagBag from /home/airflow/.local/lib/python3.12/site-packages/airflow/example_dags/example_branch_operator_decorator.py
[2025-01-05T23:55:23.029+0000] {processor.py:925} INFO - DAG(s) 'example_branch_python_operator_decorator' retrieved from /home/airflow/.local/lib/python3.12/site-packages/airflow/example_dags/example_branch_operator_decorator.py
[2025-01-05T23:55:23.051+0000] {logging_mixin.py:190} INFO - [2025-01-05T23:55:23.051+0000] {dag.py:3239} INFO - Sync 1 DAGs
[2025-01-05T23:55:23.072+0000] {logging_mixin.py:190} INFO - [2025-01-05T23:55:23.071+0000] {dag.py:4180} INFO - Setting next_dagrun for example_branch_python_operator_decorator to 2025-01-04 00:00:00+00:00, run_after=2025-01-05 00:00:00+00:00
[2025-01-05T23:55:23.090+0000] {processor.py:208} INFO - Processing /home/airflow/.local/lib/python3.12/site-packages/airflow/example_dags/example_branch_operator_decorator.py took 0.088 seconds
[2025-01-05T23:55:53.935+0000] {processor.py:186} INFO - Started process (PID=8141) to work on /home/airflow/.local/lib/python3.12/site-packages/airflow/example_dags/example_branch_operator_decorator.py
[2025-01-05T23:55:53.936+0000] {processor.py:914} INFO - Processing file /home/airflow/.local/lib/python3.12/site-packages/airflow/example_dags/example_branch_operator_decorator.py for tasks to queue
[2025-01-05T23:55:53.938+0000] {logging_mixin.py:190} INFO - [2025-01-05T23:55:53.938+0000] {dagbag.py:588} INFO - Filling up the DagBag from /home/airflow/.local/lib/python3.12/site-packages/airflow/example_dags/example_branch_operator_decorator.py
[2025-01-05T23:55:53.955+0000] {processor.py:925} INFO - DAG(s) 'example_branch_python_operator_decorator' retrieved from /home/airflow/.local/lib/python3.12/site-packages/airflow/example_dags/example_branch_operator_decorator.py
[2025-01-05T23:55:53.978+0000] {logging_mixin.py:190} INFO - [2025-01-05T23:55:53.978+0000] {dag.py:3239} INFO - Sync 1 DAGs
[2025-01-05T23:55:53.997+0000] {logging_mixin.py:190} INFO - [2025-01-05T23:55:53.997+0000] {dag.py:4180} INFO - Setting next_dagrun for example_branch_python_operator_decorator to 2025-01-04 00:00:00+00:00, run_after=2025-01-05 00:00:00+00:00
[2025-01-05T23:55:54.015+0000] {processor.py:208} INFO - Processing /home/airflow/.local/lib/python3.12/site-packages/airflow/example_dags/example_branch_operator_decorator.py took 0.084 seconds
[2025-01-05T23:56:24.688+0000] {processor.py:186} INFO - Started process (PID=8435) to work on /home/airflow/.local/lib/python3.12/site-packages/airflow/example_dags/example_branch_operator_decorator.py
[2025-01-05T23:56:24.689+0000] {processor.py:914} INFO - Processing file /home/airflow/.local/lib/python3.12/site-packages/airflow/example_dags/example_branch_operator_decorator.py for tasks to queue
[2025-01-05T23:56:24.691+0000] {logging_mixin.py:190} INFO - [2025-01-05T23:56:24.691+0000] {dagbag.py:588} INFO - Filling up the DagBag from /home/airflow/.local/lib/python3.12/site-packages/airflow/example_dags/example_branch_operator_decorator.py
[2025-01-05T23:56:24.707+0000] {processor.py:925} INFO - DAG(s) 'example_branch_python_operator_decorator' retrieved from /home/airflow/.local/lib/python3.12/site-packages/airflow/example_dags/example_branch_operator_decorator.py
[2025-01-05T23:56:24.732+0000] {logging_mixin.py:190} INFO - [2025-01-05T23:56:24.732+0000] {dag.py:3239} INFO - Sync 1 DAGs
[2025-01-05T23:56:24.752+0000] {logging_mixin.py:190} INFO - [2025-01-05T23:56:24.752+0000] {dag.py:4180} INFO - Setting next_dagrun for example_branch_python_operator_decorator to 2025-01-04 00:00:00+00:00, run_after=2025-01-05 00:00:00+00:00
[2025-01-05T23:56:24.768+0000] {processor.py:208} INFO - Processing /home/airflow/.local/lib/python3.12/site-packages/airflow/example_dags/example_branch_operator_decorator.py took 0.085 seconds
[2025-01-05T23:56:55.523+0000] {processor.py:186} INFO - Started process (PID=8733) to work on /home/airflow/.local/lib/python3.12/site-packages/airflow/example_dags/example_branch_operator_decorator.py
[2025-01-05T23:56:55.524+0000] {processor.py:914} INFO - Processing file /home/airflow/.local/lib/python3.12/site-packages/airflow/example_dags/example_branch_operator_decorator.py for tasks to queue
[2025-01-05T23:56:55.526+0000] {logging_mixin.py:190} INFO - [2025-01-05T23:56:55.526+0000] {dagbag.py:588} INFO - Filling up the DagBag from /home/airflow/.local/lib/python3.12/site-packages/airflow/example_dags/example_branch_operator_decorator.py
[2025-01-05T23:56:55.542+0000] {processor.py:925} INFO - DAG(s) 'example_branch_python_operator_decorator' retrieved from /home/airflow/.local/lib/python3.12/site-packages/airflow/example_dags/example_branch_operator_decorator.py
[2025-01-05T23:56:55.565+0000] {logging_mixin.py:190} INFO - [2025-01-05T23:56:55.564+0000] {dag.py:3239} INFO - Sync 1 DAGs
[2025-01-05T23:56:55.582+0000] {logging_mixin.py:190} INFO - [2025-01-05T23:56:55.582+0000] {dag.py:4180} INFO - Setting next_dagrun for example_branch_python_operator_decorator to 2025-01-04 00:00:00+00:00, run_after=2025-01-05 00:00:00+00:00
[2025-01-05T23:56:55.602+0000] {processor.py:208} INFO - Processing /home/airflow/.local/lib/python3.12/site-packages/airflow/example_dags/example_branch_operator_decorator.py took 0.083 seconds
[2025-01-05T23:57:27.335+0000] {processor.py:186} INFO - Started process (PID=9027) to work on /home/airflow/.local/lib/python3.12/site-packages/airflow/example_dags/example_branch_operator_decorator.py
[2025-01-05T23:57:27.336+0000] {processor.py:914} INFO - Processing file /home/airflow/.local/lib/python3.12/site-packages/airflow/example_dags/example_branch_operator_decorator.py for tasks to queue
[2025-01-05T23:57:27.337+0000] {logging_mixin.py:190} INFO - [2025-01-05T23:57:27.337+0000] {dagbag.py:588} INFO - Filling up the DagBag from /home/airflow/.local/lib/python3.12/site-packages/airflow/example_dags/example_branch_operator_decorator.py
[2025-01-05T23:57:27.355+0000] {processor.py:925} INFO - DAG(s) 'example_branch_python_operator_decorator' retrieved from /home/airflow/.local/lib/python3.12/site-packages/airflow/example_dags/example_branch_operator_decorator.py
[2025-01-05T23:57:27.377+0000] {logging_mixin.py:190} INFO - [2025-01-05T23:57:27.377+0000] {dag.py:3239} INFO - Sync 1 DAGs
[2025-01-05T23:57:27.402+0000] {logging_mixin.py:190} INFO - [2025-01-05T23:57:27.402+0000] {dag.py:4180} INFO - Setting next_dagrun for example_branch_python_operator_decorator to 2025-01-04 00:00:00+00:00, run_after=2025-01-05 00:00:00+00:00
[2025-01-05T23:57:27.420+0000] {processor.py:208} INFO - Processing /home/airflow/.local/lib/python3.12/site-packages/airflow/example_dags/example_branch_operator_decorator.py took 0.091 seconds
[2025-01-05T23:57:57.907+0000] {processor.py:186} INFO - Started process (PID=9323) to work on /home/airflow/.local/lib/python3.12/site-packages/airflow/example_dags/example_branch_operator_decorator.py
[2025-01-05T23:57:57.908+0000] {processor.py:914} INFO - Processing file /home/airflow/.local/lib/python3.12/site-packages/airflow/example_dags/example_branch_operator_decorator.py for tasks to queue
[2025-01-05T23:57:57.910+0000] {logging_mixin.py:190} INFO - [2025-01-05T23:57:57.910+0000] {dagbag.py:588} INFO - Filling up the DagBag from /home/airflow/.local/lib/python3.12/site-packages/airflow/example_dags/example_branch_operator_decorator.py
[2025-01-05T23:57:57.926+0000] {processor.py:925} INFO - DAG(s) 'example_branch_python_operator_decorator' retrieved from /home/airflow/.local/lib/python3.12/site-packages/airflow/example_dags/example_branch_operator_decorator.py
[2025-01-05T23:57:57.950+0000] {logging_mixin.py:190} INFO - [2025-01-05T23:57:57.950+0000] {dag.py:3239} INFO - Sync 1 DAGs
[2025-01-05T23:57:57.970+0000] {logging_mixin.py:190} INFO - [2025-01-05T23:57:57.969+0000] {dag.py:4180} INFO - Setting next_dagrun for example_branch_python_operator_decorator to 2025-01-04 00:00:00+00:00, run_after=2025-01-05 00:00:00+00:00
[2025-01-05T23:57:57.987+0000] {processor.py:208} INFO - Processing /home/airflow/.local/lib/python3.12/site-packages/airflow/example_dags/example_branch_operator_decorator.py took 0.084 seconds
[2025-01-05T23:58:28.609+0000] {processor.py:186} INFO - Started process (PID=9619) to work on /home/airflow/.local/lib/python3.12/site-packages/airflow/example_dags/example_branch_operator_decorator.py
[2025-01-05T23:58:28.610+0000] {processor.py:914} INFO - Processing file /home/airflow/.local/lib/python3.12/site-packages/airflow/example_dags/example_branch_operator_decorator.py for tasks to queue
[2025-01-05T23:58:28.612+0000] {logging_mixin.py:190} INFO - [2025-01-05T23:58:28.612+0000] {dagbag.py:588} INFO - Filling up the DagBag from /home/airflow/.local/lib/python3.12/site-packages/airflow/example_dags/example_branch_operator_decorator.py
[2025-01-05T23:58:28.628+0000] {processor.py:925} INFO - DAG(s) 'example_branch_python_operator_decorator' retrieved from /home/airflow/.local/lib/python3.12/site-packages/airflow/example_dags/example_branch_operator_decorator.py
[2025-01-05T23:58:28.652+0000] {logging_mixin.py:190} INFO - [2025-01-05T23:58:28.651+0000] {dag.py:3239} INFO - Sync 1 DAGs
[2025-01-05T23:58:28.670+0000] {logging_mixin.py:190} INFO - [2025-01-05T23:58:28.670+0000] {dag.py:4180} INFO - Setting next_dagrun for example_branch_python_operator_decorator to 2025-01-04 00:00:00+00:00, run_after=2025-01-05 00:00:00+00:00
[2025-01-05T23:58:28.687+0000] {processor.py:208} INFO - Processing /home/airflow/.local/lib/python3.12/site-packages/airflow/example_dags/example_branch_operator_decorator.py took 0.082 seconds
[2025-01-05T23:58:59.357+0000] {processor.py:186} INFO - Started process (PID=9915) to work on /home/airflow/.local/lib/python3.12/site-packages/airflow/example_dags/example_branch_operator_decorator.py
[2025-01-05T23:58:59.358+0000] {processor.py:914} INFO - Processing file /home/airflow/.local/lib/python3.12/site-packages/airflow/example_dags/example_branch_operator_decorator.py for tasks to queue
[2025-01-05T23:58:59.360+0000] {logging_mixin.py:190} INFO - [2025-01-05T23:58:59.360+0000] {dagbag.py:588} INFO - Filling up the DagBag from /home/airflow/.local/lib/python3.12/site-packages/airflow/example_dags/example_branch_operator_decorator.py
[2025-01-05T23:58:59.377+0000] {processor.py:925} INFO - DAG(s) 'example_branch_python_operator_decorator' retrieved from /home/airflow/.local/lib/python3.12/site-packages/airflow/example_dags/example_branch_operator_decorator.py
[2025-01-05T23:58:59.400+0000] {logging_mixin.py:190} INFO - [2025-01-05T23:58:59.400+0000] {dag.py:3239} INFO - Sync 1 DAGs
[2025-01-05T23:58:59.418+0000] {logging_mixin.py:190} INFO - [2025-01-05T23:58:59.418+0000] {dag.py:4180} INFO - Setting next_dagrun for example_branch_python_operator_decorator to 2025-01-04 00:00:00+00:00, run_after=2025-01-05 00:00:00+00:00
[2025-01-05T23:58:59.440+0000] {processor.py:208} INFO - Processing /home/airflow/.local/lib/python3.12/site-packages/airflow/example_dags/example_branch_operator_decorator.py took 0.087 seconds
[2025-01-05T23:59:31.024+0000] {processor.py:186} INFO - Started process (PID=10214) to work on /home/airflow/.local/lib/python3.12/site-packages/airflow/example_dags/example_branch_operator_decorator.py
[2025-01-05T23:59:31.025+0000] {processor.py:914} INFO - Processing file /home/airflow/.local/lib/python3.12/site-packages/airflow/example_dags/example_branch_operator_decorator.py for tasks to queue
[2025-01-05T23:59:31.027+0000] {logging_mixin.py:190} INFO - [2025-01-05T23:59:31.027+0000] {dagbag.py:588} INFO - Filling up the DagBag from /home/airflow/.local/lib/python3.12/site-packages/airflow/example_dags/example_branch_operator_decorator.py
[2025-01-05T23:59:31.044+0000] {processor.py:925} INFO - DAG(s) 'example_branch_python_operator_decorator' retrieved from /home/airflow/.local/lib/python3.12/site-packages/airflow/example_dags/example_branch_operator_decorator.py
[2025-01-05T23:59:31.068+0000] {logging_mixin.py:190} INFO - [2025-01-05T23:59:31.068+0000] {dag.py:3239} INFO - Sync 1 DAGs
[2025-01-05T23:59:31.088+0000] {logging_mixin.py:190} INFO - [2025-01-05T23:59:31.088+0000] {dag.py:4180} INFO - Setting next_dagrun for example_branch_python_operator_decorator to 2025-01-04 00:00:00+00:00, run_after=2025-01-05 00:00:00+00:00
[2025-01-05T23:59:31.111+0000] {processor.py:208} INFO - Processing /home/airflow/.local/lib/python3.12/site-packages/airflow/example_dags/example_branch_operator_decorator.py took 0.093 seconds
