[2025-01-05T23:42:28.181+0000] {processor.py:186} INFO - Started process (PID=382) to work on /home/airflow/.local/lib/python3.12/site-packages/airflow/example_dags/example_subdag_operator.py
[2025-01-05T23:42:28.182+0000] {processor.py:914} INFO - Processing file /home/airflow/.local/lib/python3.12/site-packages/airflow/example_dags/example_subdag_operator.py for tasks to queue
[2025-01-05T23:42:28.185+0000] {logging_mixin.py:190} INFO - [2025-01-05T23:42:28.185+0000] {dagbag.py:588} INFO - Filling up the DagBag from /home/airflow/.local/lib/python3.12/site-packages/airflow/example_dags/example_subdag_operator.py
[2025-01-05T23:42:28.237+0000] {processor.py:925} INFO - DAG(s) 'example_subdag_operator.section-1', 'example_subdag_operator.section-2', 'example_subdag_operator' retrieved from /home/airflow/.local/lib/python3.12/site-packages/airflow/example_dags/example_subdag_operator.py
[2025-01-05T23:42:28.265+0000] {logging_mixin.py:190} INFO - [2025-01-05T23:42:28.265+0000] {dag.py:3239} INFO - Sync 3 DAGs
[2025-01-05T23:42:28.295+0000] {logging_mixin.py:190} INFO - [2025-01-05T23:42:28.295+0000] {dag.py:4180} INFO - Setting next_dagrun for example_subdag_operator to 2022-01-01 00:00:00+00:00, run_after=2022-01-01 00:00:00+00:00
[2025-01-05T23:42:28.300+0000] {logging_mixin.py:190} INFO - [2025-01-05T23:42:28.300+0000] {dag.py:4180} INFO - Setting next_dagrun for example_subdag_operator.section-1 to None, run_after=None
[2025-01-05T23:42:28.302+0000] {logging_mixin.py:190} INFO - [2025-01-05T23:42:28.302+0000] {dag.py:4180} INFO - Setting next_dagrun for example_subdag_operator.section-2 to None, run_after=None
[2025-01-05T23:42:28.310+0000] {logging_mixin.py:190} INFO - [2025-01-05T23:42:28.310+0000] {dag.py:3239} INFO - Sync 2 DAGs
[2025-01-05T23:42:28.316+0000] {logging_mixin.py:190} INFO - [2025-01-05T23:42:28.316+0000] {dag.py:4180} INFO - Setting next_dagrun for example_subdag_operator.section-1 to None, run_after=None
[2025-01-05T23:42:28.317+0000] {logging_mixin.py:190} INFO - [2025-01-05T23:42:28.317+0000] {dag.py:4180} INFO - Setting next_dagrun for example_subdag_operator.section-2 to None, run_after=None
[2025-01-05T23:42:28.329+0000] {processor.py:208} INFO - Processing /home/airflow/.local/lib/python3.12/site-packages/airflow/example_dags/example_subdag_operator.py took 0.156 seconds
[2025-01-05T23:42:59.534+0000] {processor.py:186} INFO - Started process (PID=678) to work on /home/airflow/.local/lib/python3.12/site-packages/airflow/example_dags/example_subdag_operator.py
[2025-01-05T23:42:59.536+0000] {processor.py:914} INFO - Processing file /home/airflow/.local/lib/python3.12/site-packages/airflow/example_dags/example_subdag_operator.py for tasks to queue
[2025-01-05T23:42:59.539+0000] {logging_mixin.py:190} INFO - [2025-01-05T23:42:59.538+0000] {dagbag.py:588} INFO - Filling up the DagBag from /home/airflow/.local/lib/python3.12/site-packages/airflow/example_dags/example_subdag_operator.py
[2025-01-05T23:42:59.575+0000] {processor.py:925} INFO - DAG(s) 'example_subdag_operator.section-1', 'example_subdag_operator.section-2', 'example_subdag_operator' retrieved from /home/airflow/.local/lib/python3.12/site-packages/airflow/example_dags/example_subdag_operator.py
[2025-01-05T23:42:59.596+0000] {logging_mixin.py:190} INFO - [2025-01-05T23:42:59.596+0000] {dag.py:3239} INFO - Sync 3 DAGs
[2025-01-05T23:42:59.622+0000] {logging_mixin.py:190} INFO - [2025-01-05T23:42:59.622+0000] {dag.py:4180} INFO - Setting next_dagrun for example_subdag_operator to 2022-01-01 00:00:00+00:00, run_after=2022-01-01 00:00:00+00:00
[2025-01-05T23:42:59.626+0000] {logging_mixin.py:190} INFO - [2025-01-05T23:42:59.625+0000] {dag.py:4180} INFO - Setting next_dagrun for example_subdag_operator.section-1 to None, run_after=None
[2025-01-05T23:42:59.628+0000] {logging_mixin.py:190} INFO - [2025-01-05T23:42:59.628+0000] {dag.py:4180} INFO - Setting next_dagrun for example_subdag_operator.section-2 to None, run_after=None
[2025-01-05T23:42:59.638+0000] {logging_mixin.py:190} INFO - [2025-01-05T23:42:59.637+0000] {dag.py:3239} INFO - Sync 2 DAGs
[2025-01-05T23:42:59.648+0000] {logging_mixin.py:190} INFO - [2025-01-05T23:42:59.648+0000] {dag.py:4180} INFO - Setting next_dagrun for example_subdag_operator.section-1 to None, run_after=None
[2025-01-05T23:42:59.649+0000] {logging_mixin.py:190} INFO - [2025-01-05T23:42:59.648+0000] {dag.py:4180} INFO - Setting next_dagrun for example_subdag_operator.section-2 to None, run_after=None
[2025-01-05T23:42:59.659+0000] {processor.py:208} INFO - Processing /home/airflow/.local/lib/python3.12/site-packages/airflow/example_dags/example_subdag_operator.py took 0.138 seconds
[2025-01-05T23:43:30.865+0000] {processor.py:186} INFO - Started process (PID=974) to work on /home/airflow/.local/lib/python3.12/site-packages/airflow/example_dags/example_subdag_operator.py
[2025-01-05T23:43:30.866+0000] {processor.py:914} INFO - Processing file /home/airflow/.local/lib/python3.12/site-packages/airflow/example_dags/example_subdag_operator.py for tasks to queue
[2025-01-05T23:43:30.870+0000] {logging_mixin.py:190} INFO - [2025-01-05T23:43:30.869+0000] {dagbag.py:588} INFO - Filling up the DagBag from /home/airflow/.local/lib/python3.12/site-packages/airflow/example_dags/example_subdag_operator.py
[2025-01-05T23:43:30.914+0000] {processor.py:925} INFO - DAG(s) 'example_subdag_operator.section-1', 'example_subdag_operator.section-2', 'example_subdag_operator' retrieved from /home/airflow/.local/lib/python3.12/site-packages/airflow/example_dags/example_subdag_operator.py
[2025-01-05T23:43:30.935+0000] {logging_mixin.py:190} INFO - [2025-01-05T23:43:30.935+0000] {dag.py:3239} INFO - Sync 3 DAGs
[2025-01-05T23:43:30.989+0000] {logging_mixin.py:190} INFO - [2025-01-05T23:43:30.988+0000] {dag.py:4180} INFO - Setting next_dagrun for example_subdag_operator to 2022-01-01 00:00:00+00:00, run_after=2022-01-01 00:00:00+00:00
[2025-01-05T23:43:30.994+0000] {logging_mixin.py:190} INFO - [2025-01-05T23:43:30.994+0000] {dag.py:4180} INFO - Setting next_dagrun for example_subdag_operator.section-1 to None, run_after=None
[2025-01-05T23:43:30.996+0000] {logging_mixin.py:190} INFO - [2025-01-05T23:43:30.996+0000] {dag.py:4180} INFO - Setting next_dagrun for example_subdag_operator.section-2 to None, run_after=None
[2025-01-05T23:43:31.009+0000] {logging_mixin.py:190} INFO - [2025-01-05T23:43:31.008+0000] {dag.py:3239} INFO - Sync 2 DAGs
[2025-01-05T23:43:31.016+0000] {logging_mixin.py:190} INFO - [2025-01-05T23:43:31.016+0000] {dag.py:4180} INFO - Setting next_dagrun for example_subdag_operator.section-1 to None, run_after=None
[2025-01-05T23:43:31.017+0000] {logging_mixin.py:190} INFO - [2025-01-05T23:43:31.017+0000] {dag.py:4180} INFO - Setting next_dagrun for example_subdag_operator.section-2 to None, run_after=None
[2025-01-05T23:43:31.035+0000] {processor.py:208} INFO - Processing /home/airflow/.local/lib/python3.12/site-packages/airflow/example_dags/example_subdag_operator.py took 0.177 seconds
[2025-01-05T23:44:01.774+0000] {processor.py:186} INFO - Started process (PID=1270) to work on /home/airflow/.local/lib/python3.12/site-packages/airflow/example_dags/example_subdag_operator.py
[2025-01-05T23:44:01.775+0000] {processor.py:914} INFO - Processing file /home/airflow/.local/lib/python3.12/site-packages/airflow/example_dags/example_subdag_operator.py for tasks to queue
[2025-01-05T23:44:01.777+0000] {logging_mixin.py:190} INFO - [2025-01-05T23:44:01.777+0000] {dagbag.py:588} INFO - Filling up the DagBag from /home/airflow/.local/lib/python3.12/site-packages/airflow/example_dags/example_subdag_operator.py
[2025-01-05T23:44:01.801+0000] {processor.py:925} INFO - DAG(s) 'example_subdag_operator.section-1', 'example_subdag_operator.section-2', 'example_subdag_operator' retrieved from /home/airflow/.local/lib/python3.12/site-packages/airflow/example_dags/example_subdag_operator.py
[2025-01-05T23:44:01.816+0000] {logging_mixin.py:190} INFO - [2025-01-05T23:44:01.816+0000] {dag.py:3239} INFO - Sync 3 DAGs
[2025-01-05T23:44:01.834+0000] {logging_mixin.py:190} INFO - [2025-01-05T23:44:01.834+0000] {dag.py:4180} INFO - Setting next_dagrun for example_subdag_operator to 2022-01-01 00:00:00+00:00, run_after=2022-01-01 00:00:00+00:00
[2025-01-05T23:44:01.838+0000] {logging_mixin.py:190} INFO - [2025-01-05T23:44:01.838+0000] {dag.py:4180} INFO - Setting next_dagrun for example_subdag_operator.section-1 to None, run_after=None
[2025-01-05T23:44:01.839+0000] {logging_mixin.py:190} INFO - [2025-01-05T23:44:01.839+0000] {dag.py:4180} INFO - Setting next_dagrun for example_subdag_operator.section-2 to None, run_after=None
[2025-01-05T23:44:01.846+0000] {logging_mixin.py:190} INFO - [2025-01-05T23:44:01.846+0000] {dag.py:3239} INFO - Sync 2 DAGs
[2025-01-05T23:44:01.851+0000] {logging_mixin.py:190} INFO - [2025-01-05T23:44:01.851+0000] {dag.py:4180} INFO - Setting next_dagrun for example_subdag_operator.section-1 to None, run_after=None
[2025-01-05T23:44:01.852+0000] {logging_mixin.py:190} INFO - [2025-01-05T23:44:01.852+0000] {dag.py:4180} INFO - Setting next_dagrun for example_subdag_operator.section-2 to None, run_after=None
[2025-01-05T23:44:01.863+0000] {processor.py:208} INFO - Processing /home/airflow/.local/lib/python3.12/site-packages/airflow/example_dags/example_subdag_operator.py took 0.094 seconds
[2025-01-05T23:44:32.105+0000] {processor.py:186} INFO - Started process (PID=1561) to work on /home/airflow/.local/lib/python3.12/site-packages/airflow/example_dags/example_subdag_operator.py
[2025-01-05T23:44:32.106+0000] {processor.py:914} INFO - Processing file /home/airflow/.local/lib/python3.12/site-packages/airflow/example_dags/example_subdag_operator.py for tasks to queue
[2025-01-05T23:44:32.109+0000] {logging_mixin.py:190} INFO - [2025-01-05T23:44:32.109+0000] {dagbag.py:588} INFO - Filling up the DagBag from /home/airflow/.local/lib/python3.12/site-packages/airflow/example_dags/example_subdag_operator.py
[2025-01-05T23:44:32.131+0000] {processor.py:925} INFO - DAG(s) 'example_subdag_operator.section-1', 'example_subdag_operator.section-2', 'example_subdag_operator' retrieved from /home/airflow/.local/lib/python3.12/site-packages/airflow/example_dags/example_subdag_operator.py
[2025-01-05T23:44:32.143+0000] {logging_mixin.py:190} INFO - [2025-01-05T23:44:32.143+0000] {dag.py:3239} INFO - Sync 3 DAGs
[2025-01-05T23:44:32.160+0000] {logging_mixin.py:190} INFO - [2025-01-05T23:44:32.160+0000] {dag.py:4180} INFO - Setting next_dagrun for example_subdag_operator to 2022-01-01 00:00:00+00:00, run_after=2022-01-01 00:00:00+00:00
[2025-01-05T23:44:32.164+0000] {logging_mixin.py:190} INFO - [2025-01-05T23:44:32.164+0000] {dag.py:4180} INFO - Setting next_dagrun for example_subdag_operator.section-1 to None, run_after=None
[2025-01-05T23:44:32.165+0000] {logging_mixin.py:190} INFO - [2025-01-05T23:44:32.165+0000] {dag.py:4180} INFO - Setting next_dagrun for example_subdag_operator.section-2 to None, run_after=None
[2025-01-05T23:44:32.172+0000] {logging_mixin.py:190} INFO - [2025-01-05T23:44:32.171+0000] {dag.py:3239} INFO - Sync 2 DAGs
[2025-01-05T23:44:32.176+0000] {logging_mixin.py:190} INFO - [2025-01-05T23:44:32.176+0000] {dag.py:4180} INFO - Setting next_dagrun for example_subdag_operator.section-1 to None, run_after=None
[2025-01-05T23:44:32.178+0000] {logging_mixin.py:190} INFO - [2025-01-05T23:44:32.177+0000] {dag.py:4180} INFO - Setting next_dagrun for example_subdag_operator.section-2 to None, run_after=None
[2025-01-05T23:44:32.188+0000] {processor.py:208} INFO - Processing /home/airflow/.local/lib/python3.12/site-packages/airflow/example_dags/example_subdag_operator.py took 0.088 seconds
[2025-01-05T23:45:03.141+0000] {processor.py:186} INFO - Started process (PID=1862) to work on /home/airflow/.local/lib/python3.12/site-packages/airflow/example_dags/example_subdag_operator.py
[2025-01-05T23:45:03.143+0000] {processor.py:914} INFO - Processing file /home/airflow/.local/lib/python3.12/site-packages/airflow/example_dags/example_subdag_operator.py for tasks to queue
[2025-01-05T23:45:03.145+0000] {logging_mixin.py:190} INFO - [2025-01-05T23:45:03.145+0000] {dagbag.py:588} INFO - Filling up the DagBag from /home/airflow/.local/lib/python3.12/site-packages/airflow/example_dags/example_subdag_operator.py
[2025-01-05T23:45:03.170+0000] {processor.py:925} INFO - DAG(s) 'example_subdag_operator.section-1', 'example_subdag_operator.section-2', 'example_subdag_operator' retrieved from /home/airflow/.local/lib/python3.12/site-packages/airflow/example_dags/example_subdag_operator.py
[2025-01-05T23:45:03.183+0000] {logging_mixin.py:190} INFO - [2025-01-05T23:45:03.183+0000] {dag.py:3239} INFO - Sync 3 DAGs
[2025-01-05T23:45:03.203+0000] {logging_mixin.py:190} INFO - [2025-01-05T23:45:03.203+0000] {dag.py:4180} INFO - Setting next_dagrun for example_subdag_operator to 2022-01-01 00:00:00+00:00, run_after=2022-01-01 00:00:00+00:00
[2025-01-05T23:45:03.210+0000] {logging_mixin.py:190} INFO - [2025-01-05T23:45:03.210+0000] {dag.py:4180} INFO - Setting next_dagrun for example_subdag_operator.section-1 to None, run_after=None
[2025-01-05T23:45:03.212+0000] {logging_mixin.py:190} INFO - [2025-01-05T23:45:03.212+0000] {dag.py:4180} INFO - Setting next_dagrun for example_subdag_operator.section-2 to None, run_after=None
[2025-01-05T23:45:03.220+0000] {logging_mixin.py:190} INFO - [2025-01-05T23:45:03.220+0000] {dag.py:3239} INFO - Sync 2 DAGs
[2025-01-05T23:45:03.226+0000] {logging_mixin.py:190} INFO - [2025-01-05T23:45:03.225+0000] {dag.py:4180} INFO - Setting next_dagrun for example_subdag_operator.section-1 to None, run_after=None
[2025-01-05T23:45:03.226+0000] {logging_mixin.py:190} INFO - [2025-01-05T23:45:03.226+0000] {dag.py:4180} INFO - Setting next_dagrun for example_subdag_operator.section-2 to None, run_after=None
[2025-01-05T23:45:03.235+0000] {processor.py:208} INFO - Processing /home/airflow/.local/lib/python3.12/site-packages/airflow/example_dags/example_subdag_operator.py took 0.099 seconds
[2025-01-05T23:45:33.813+0000] {processor.py:186} INFO - Started process (PID=2158) to work on /home/airflow/.local/lib/python3.12/site-packages/airflow/example_dags/example_subdag_operator.py
[2025-01-05T23:45:33.814+0000] {processor.py:914} INFO - Processing file /home/airflow/.local/lib/python3.12/site-packages/airflow/example_dags/example_subdag_operator.py for tasks to queue
[2025-01-05T23:45:33.816+0000] {logging_mixin.py:190} INFO - [2025-01-05T23:45:33.816+0000] {dagbag.py:588} INFO - Filling up the DagBag from /home/airflow/.local/lib/python3.12/site-packages/airflow/example_dags/example_subdag_operator.py
[2025-01-05T23:45:33.846+0000] {processor.py:925} INFO - DAG(s) 'example_subdag_operator.section-1', 'example_subdag_operator.section-2', 'example_subdag_operator' retrieved from /home/airflow/.local/lib/python3.12/site-packages/airflow/example_dags/example_subdag_operator.py
[2025-01-05T23:45:33.861+0000] {logging_mixin.py:190} INFO - [2025-01-05T23:45:33.861+0000] {dag.py:3239} INFO - Sync 3 DAGs
[2025-01-05T23:45:33.881+0000] {logging_mixin.py:190} INFO - [2025-01-05T23:45:33.880+0000] {dag.py:4180} INFO - Setting next_dagrun for example_subdag_operator to 2022-01-01 00:00:00+00:00, run_after=2022-01-01 00:00:00+00:00
[2025-01-05T23:45:33.884+0000] {logging_mixin.py:190} INFO - [2025-01-05T23:45:33.884+0000] {dag.py:4180} INFO - Setting next_dagrun for example_subdag_operator.section-1 to None, run_after=None
[2025-01-05T23:45:33.886+0000] {logging_mixin.py:190} INFO - [2025-01-05T23:45:33.886+0000] {dag.py:4180} INFO - Setting next_dagrun for example_subdag_operator.section-2 to None, run_after=None
[2025-01-05T23:45:33.892+0000] {logging_mixin.py:190} INFO - [2025-01-05T23:45:33.892+0000] {dag.py:3239} INFO - Sync 2 DAGs
[2025-01-05T23:45:33.897+0000] {logging_mixin.py:190} INFO - [2025-01-05T23:45:33.897+0000] {dag.py:4180} INFO - Setting next_dagrun for example_subdag_operator.section-1 to None, run_after=None
[2025-01-05T23:45:33.898+0000] {logging_mixin.py:190} INFO - [2025-01-05T23:45:33.898+0000] {dag.py:4180} INFO - Setting next_dagrun for example_subdag_operator.section-2 to None, run_after=None
[2025-01-05T23:45:33.910+0000] {processor.py:208} INFO - Processing /home/airflow/.local/lib/python3.12/site-packages/airflow/example_dags/example_subdag_operator.py took 0.102 seconds
[2025-01-05T23:46:05.158+0000] {processor.py:186} INFO - Started process (PID=2454) to work on /home/airflow/.local/lib/python3.12/site-packages/airflow/example_dags/example_subdag_operator.py
[2025-01-05T23:46:05.160+0000] {processor.py:914} INFO - Processing file /home/airflow/.local/lib/python3.12/site-packages/airflow/example_dags/example_subdag_operator.py for tasks to queue
[2025-01-05T23:46:05.162+0000] {logging_mixin.py:190} INFO - [2025-01-05T23:46:05.162+0000] {dagbag.py:588} INFO - Filling up the DagBag from /home/airflow/.local/lib/python3.12/site-packages/airflow/example_dags/example_subdag_operator.py
[2025-01-05T23:46:05.182+0000] {processor.py:925} INFO - DAG(s) 'example_subdag_operator.section-1', 'example_subdag_operator.section-2', 'example_subdag_operator' retrieved from /home/airflow/.local/lib/python3.12/site-packages/airflow/example_dags/example_subdag_operator.py
[2025-01-05T23:46:05.194+0000] {logging_mixin.py:190} INFO - [2025-01-05T23:46:05.194+0000] {dag.py:3239} INFO - Sync 3 DAGs
[2025-01-05T23:46:05.213+0000] {logging_mixin.py:190} INFO - [2025-01-05T23:46:05.213+0000] {dag.py:4180} INFO - Setting next_dagrun for example_subdag_operator to 2022-01-01 00:00:00+00:00, run_after=2022-01-01 00:00:00+00:00
[2025-01-05T23:46:05.217+0000] {logging_mixin.py:190} INFO - [2025-01-05T23:46:05.217+0000] {dag.py:4180} INFO - Setting next_dagrun for example_subdag_operator.section-1 to None, run_after=None
[2025-01-05T23:46:05.219+0000] {logging_mixin.py:190} INFO - [2025-01-05T23:46:05.219+0000] {dag.py:4180} INFO - Setting next_dagrun for example_subdag_operator.section-2 to None, run_after=None
[2025-01-05T23:46:05.225+0000] {logging_mixin.py:190} INFO - [2025-01-05T23:46:05.225+0000] {dag.py:3239} INFO - Sync 2 DAGs
[2025-01-05T23:46:05.230+0000] {logging_mixin.py:190} INFO - [2025-01-05T23:46:05.229+0000] {dag.py:4180} INFO - Setting next_dagrun for example_subdag_operator.section-1 to None, run_after=None
[2025-01-05T23:46:05.230+0000] {logging_mixin.py:190} INFO - [2025-01-05T23:46:05.230+0000] {dag.py:4180} INFO - Setting next_dagrun for example_subdag_operator.section-2 to None, run_after=None
[2025-01-05T23:46:05.238+0000] {processor.py:208} INFO - Processing /home/airflow/.local/lib/python3.12/site-packages/airflow/example_dags/example_subdag_operator.py took 0.085 seconds
[2025-01-05T23:46:36.233+0000] {processor.py:186} INFO - Started process (PID=2752) to work on /home/airflow/.local/lib/python3.12/site-packages/airflow/example_dags/example_subdag_operator.py
[2025-01-05T23:46:36.234+0000] {processor.py:914} INFO - Processing file /home/airflow/.local/lib/python3.12/site-packages/airflow/example_dags/example_subdag_operator.py for tasks to queue
[2025-01-05T23:46:36.236+0000] {logging_mixin.py:190} INFO - [2025-01-05T23:46:36.236+0000] {dagbag.py:588} INFO - Filling up the DagBag from /home/airflow/.local/lib/python3.12/site-packages/airflow/example_dags/example_subdag_operator.py
[2025-01-05T23:46:36.259+0000] {processor.py:925} INFO - DAG(s) 'example_subdag_operator.section-1', 'example_subdag_operator.section-2', 'example_subdag_operator' retrieved from /home/airflow/.local/lib/python3.12/site-packages/airflow/example_dags/example_subdag_operator.py
[2025-01-05T23:46:36.274+0000] {logging_mixin.py:190} INFO - [2025-01-05T23:46:36.273+0000] {dag.py:3239} INFO - Sync 3 DAGs
[2025-01-05T23:46:36.297+0000] {logging_mixin.py:190} INFO - [2025-01-05T23:46:36.296+0000] {dag.py:4180} INFO - Setting next_dagrun for example_subdag_operator to 2022-01-01 00:00:00+00:00, run_after=2022-01-01 00:00:00+00:00
[2025-01-05T23:46:36.300+0000] {logging_mixin.py:190} INFO - [2025-01-05T23:46:36.300+0000] {dag.py:4180} INFO - Setting next_dagrun for example_subdag_operator.section-1 to None, run_after=None
[2025-01-05T23:46:36.301+0000] {logging_mixin.py:190} INFO - [2025-01-05T23:46:36.301+0000] {dag.py:4180} INFO - Setting next_dagrun for example_subdag_operator.section-2 to None, run_after=None
[2025-01-05T23:46:36.306+0000] {logging_mixin.py:190} INFO - [2025-01-05T23:46:36.306+0000] {dag.py:3239} INFO - Sync 2 DAGs
[2025-01-05T23:46:36.312+0000] {logging_mixin.py:190} INFO - [2025-01-05T23:46:36.312+0000] {dag.py:4180} INFO - Setting next_dagrun for example_subdag_operator.section-1 to None, run_after=None
[2025-01-05T23:46:36.313+0000] {logging_mixin.py:190} INFO - [2025-01-05T23:46:36.313+0000] {dag.py:4180} INFO - Setting next_dagrun for example_subdag_operator.section-2 to None, run_after=None
[2025-01-05T23:46:36.324+0000] {processor.py:208} INFO - Processing /home/airflow/.local/lib/python3.12/site-packages/airflow/example_dags/example_subdag_operator.py took 0.096 seconds
[2025-01-05T23:47:07.308+0000] {processor.py:186} INFO - Started process (PID=3046) to work on /home/airflow/.local/lib/python3.12/site-packages/airflow/example_dags/example_subdag_operator.py
[2025-01-05T23:47:07.309+0000] {processor.py:914} INFO - Processing file /home/airflow/.local/lib/python3.12/site-packages/airflow/example_dags/example_subdag_operator.py for tasks to queue
[2025-01-05T23:47:07.312+0000] {logging_mixin.py:190} INFO - [2025-01-05T23:47:07.311+0000] {dagbag.py:588} INFO - Filling up the DagBag from /home/airflow/.local/lib/python3.12/site-packages/airflow/example_dags/example_subdag_operator.py
[2025-01-05T23:47:07.333+0000] {processor.py:925} INFO - DAG(s) 'example_subdag_operator.section-1', 'example_subdag_operator.section-2', 'example_subdag_operator' retrieved from /home/airflow/.local/lib/python3.12/site-packages/airflow/example_dags/example_subdag_operator.py
[2025-01-05T23:47:07.346+0000] {logging_mixin.py:190} INFO - [2025-01-05T23:47:07.345+0000] {dag.py:3239} INFO - Sync 3 DAGs
[2025-01-05T23:47:07.365+0000] {logging_mixin.py:190} INFO - [2025-01-05T23:47:07.365+0000] {dag.py:4180} INFO - Setting next_dagrun for example_subdag_operator to 2022-01-01 00:00:00+00:00, run_after=2022-01-01 00:00:00+00:00
[2025-01-05T23:47:07.368+0000] {logging_mixin.py:190} INFO - [2025-01-05T23:47:07.368+0000] {dag.py:4180} INFO - Setting next_dagrun for example_subdag_operator.section-1 to None, run_after=None
[2025-01-05T23:47:07.370+0000] {logging_mixin.py:190} INFO - [2025-01-05T23:47:07.370+0000] {dag.py:4180} INFO - Setting next_dagrun for example_subdag_operator.section-2 to None, run_after=None
[2025-01-05T23:47:07.375+0000] {logging_mixin.py:190} INFO - [2025-01-05T23:47:07.375+0000] {dag.py:3239} INFO - Sync 2 DAGs
[2025-01-05T23:47:07.380+0000] {logging_mixin.py:190} INFO - [2025-01-05T23:47:07.380+0000] {dag.py:4180} INFO - Setting next_dagrun for example_subdag_operator.section-1 to None, run_after=None
[2025-01-05T23:47:07.381+0000] {logging_mixin.py:190} INFO - [2025-01-05T23:47:07.381+0000] {dag.py:4180} INFO - Setting next_dagrun for example_subdag_operator.section-2 to None, run_after=None
[2025-01-05T23:47:07.389+0000] {processor.py:208} INFO - Processing /home/airflow/.local/lib/python3.12/site-packages/airflow/example_dags/example_subdag_operator.py took 0.085 seconds
[2025-01-05T23:47:38.026+0000] {processor.py:186} INFO - Started process (PID=3342) to work on /home/airflow/.local/lib/python3.12/site-packages/airflow/example_dags/example_subdag_operator.py
[2025-01-05T23:47:38.028+0000] {processor.py:914} INFO - Processing file /home/airflow/.local/lib/python3.12/site-packages/airflow/example_dags/example_subdag_operator.py for tasks to queue
[2025-01-05T23:47:38.030+0000] {logging_mixin.py:190} INFO - [2025-01-05T23:47:38.029+0000] {dagbag.py:588} INFO - Filling up the DagBag from /home/airflow/.local/lib/python3.12/site-packages/airflow/example_dags/example_subdag_operator.py
[2025-01-05T23:47:38.051+0000] {processor.py:925} INFO - DAG(s) 'example_subdag_operator.section-1', 'example_subdag_operator.section-2', 'example_subdag_operator' retrieved from /home/airflow/.local/lib/python3.12/site-packages/airflow/example_dags/example_subdag_operator.py
[2025-01-05T23:47:38.064+0000] {logging_mixin.py:190} INFO - [2025-01-05T23:47:38.064+0000] {dag.py:3239} INFO - Sync 3 DAGs
[2025-01-05T23:47:38.082+0000] {logging_mixin.py:190} INFO - [2025-01-05T23:47:38.082+0000] {dag.py:4180} INFO - Setting next_dagrun for example_subdag_operator to 2022-01-01 00:00:00+00:00, run_after=2022-01-01 00:00:00+00:00
[2025-01-05T23:47:38.085+0000] {logging_mixin.py:190} INFO - [2025-01-05T23:47:38.085+0000] {dag.py:4180} INFO - Setting next_dagrun for example_subdag_operator.section-1 to None, run_after=None
[2025-01-05T23:47:38.086+0000] {logging_mixin.py:190} INFO - [2025-01-05T23:47:38.086+0000] {dag.py:4180} INFO - Setting next_dagrun for example_subdag_operator.section-2 to None, run_after=None
[2025-01-05T23:47:38.092+0000] {logging_mixin.py:190} INFO - [2025-01-05T23:47:38.092+0000] {dag.py:3239} INFO - Sync 2 DAGs
[2025-01-05T23:47:38.097+0000] {logging_mixin.py:190} INFO - [2025-01-05T23:47:38.097+0000] {dag.py:4180} INFO - Setting next_dagrun for example_subdag_operator.section-1 to None, run_after=None
[2025-01-05T23:47:38.097+0000] {logging_mixin.py:190} INFO - [2025-01-05T23:47:38.097+0000] {dag.py:4180} INFO - Setting next_dagrun for example_subdag_operator.section-2 to None, run_after=None
[2025-01-05T23:47:38.108+0000] {processor.py:208} INFO - Processing /home/airflow/.local/lib/python3.12/site-packages/airflow/example_dags/example_subdag_operator.py took 0.087 seconds
[2025-01-05T23:48:08.690+0000] {processor.py:186} INFO - Started process (PID=3638) to work on /home/airflow/.local/lib/python3.12/site-packages/airflow/example_dags/example_subdag_operator.py
[2025-01-05T23:48:08.691+0000] {processor.py:914} INFO - Processing file /home/airflow/.local/lib/python3.12/site-packages/airflow/example_dags/example_subdag_operator.py for tasks to queue
[2025-01-05T23:48:08.692+0000] {logging_mixin.py:190} INFO - [2025-01-05T23:48:08.692+0000] {dagbag.py:588} INFO - Filling up the DagBag from /home/airflow/.local/lib/python3.12/site-packages/airflow/example_dags/example_subdag_operator.py
[2025-01-05T23:48:08.717+0000] {processor.py:925} INFO - DAG(s) 'example_subdag_operator.section-1', 'example_subdag_operator.section-2', 'example_subdag_operator' retrieved from /home/airflow/.local/lib/python3.12/site-packages/airflow/example_dags/example_subdag_operator.py
[2025-01-05T23:48:08.732+0000] {logging_mixin.py:190} INFO - [2025-01-05T23:48:08.732+0000] {dag.py:3239} INFO - Sync 3 DAGs
[2025-01-05T23:48:08.750+0000] {logging_mixin.py:190} INFO - [2025-01-05T23:48:08.750+0000] {dag.py:4180} INFO - Setting next_dagrun for example_subdag_operator to 2022-01-01 00:00:00+00:00, run_after=2022-01-01 00:00:00+00:00
[2025-01-05T23:48:08.754+0000] {logging_mixin.py:190} INFO - [2025-01-05T23:48:08.754+0000] {dag.py:4180} INFO - Setting next_dagrun for example_subdag_operator.section-1 to None, run_after=None
[2025-01-05T23:48:08.755+0000] {logging_mixin.py:190} INFO - [2025-01-05T23:48:08.755+0000] {dag.py:4180} INFO - Setting next_dagrun for example_subdag_operator.section-2 to None, run_after=None
[2025-01-05T23:48:08.761+0000] {logging_mixin.py:190} INFO - [2025-01-05T23:48:08.761+0000] {dag.py:3239} INFO - Sync 2 DAGs
[2025-01-05T23:48:08.766+0000] {logging_mixin.py:190} INFO - [2025-01-05T23:48:08.766+0000] {dag.py:4180} INFO - Setting next_dagrun for example_subdag_operator.section-1 to None, run_after=None
[2025-01-05T23:48:08.766+0000] {logging_mixin.py:190} INFO - [2025-01-05T23:48:08.766+0000] {dag.py:4180} INFO - Setting next_dagrun for example_subdag_operator.section-2 to None, run_after=None
[2025-01-05T23:48:08.777+0000] {processor.py:208} INFO - Processing /home/airflow/.local/lib/python3.12/site-packages/airflow/example_dags/example_subdag_operator.py took 0.092 seconds
[2025-01-05T23:48:39.549+0000] {processor.py:186} INFO - Started process (PID=3934) to work on /home/airflow/.local/lib/python3.12/site-packages/airflow/example_dags/example_subdag_operator.py
[2025-01-05T23:48:39.550+0000] {processor.py:914} INFO - Processing file /home/airflow/.local/lib/python3.12/site-packages/airflow/example_dags/example_subdag_operator.py for tasks to queue
[2025-01-05T23:48:39.552+0000] {logging_mixin.py:190} INFO - [2025-01-05T23:48:39.552+0000] {dagbag.py:588} INFO - Filling up the DagBag from /home/airflow/.local/lib/python3.12/site-packages/airflow/example_dags/example_subdag_operator.py
[2025-01-05T23:48:39.574+0000] {processor.py:925} INFO - DAG(s) 'example_subdag_operator.section-1', 'example_subdag_operator.section-2', 'example_subdag_operator' retrieved from /home/airflow/.local/lib/python3.12/site-packages/airflow/example_dags/example_subdag_operator.py
[2025-01-05T23:48:39.587+0000] {logging_mixin.py:190} INFO - [2025-01-05T23:48:39.587+0000] {dag.py:3239} INFO - Sync 3 DAGs
[2025-01-05T23:48:39.604+0000] {logging_mixin.py:190} INFO - [2025-01-05T23:48:39.604+0000] {dag.py:4180} INFO - Setting next_dagrun for example_subdag_operator to 2022-01-01 00:00:00+00:00, run_after=2022-01-01 00:00:00+00:00
[2025-01-05T23:48:39.608+0000] {logging_mixin.py:190} INFO - [2025-01-05T23:48:39.608+0000] {dag.py:4180} INFO - Setting next_dagrun for example_subdag_operator.section-1 to None, run_after=None
[2025-01-05T23:48:39.609+0000] {logging_mixin.py:190} INFO - [2025-01-05T23:48:39.609+0000] {dag.py:4180} INFO - Setting next_dagrun for example_subdag_operator.section-2 to None, run_after=None
[2025-01-05T23:48:39.616+0000] {logging_mixin.py:190} INFO - [2025-01-05T23:48:39.616+0000] {dag.py:3239} INFO - Sync 2 DAGs
[2025-01-05T23:48:39.621+0000] {logging_mixin.py:190} INFO - [2025-01-05T23:48:39.621+0000] {dag.py:4180} INFO - Setting next_dagrun for example_subdag_operator.section-1 to None, run_after=None
[2025-01-05T23:48:39.622+0000] {logging_mixin.py:190} INFO - [2025-01-05T23:48:39.622+0000] {dag.py:4180} INFO - Setting next_dagrun for example_subdag_operator.section-2 to None, run_after=None
[2025-01-05T23:48:39.633+0000] {processor.py:208} INFO - Processing /home/airflow/.local/lib/python3.12/site-packages/airflow/example_dags/example_subdag_operator.py took 0.088 seconds
[2025-01-05T23:49:10.283+0000] {processor.py:186} INFO - Started process (PID=4230) to work on /home/airflow/.local/lib/python3.12/site-packages/airflow/example_dags/example_subdag_operator.py
[2025-01-05T23:49:10.284+0000] {processor.py:914} INFO - Processing file /home/airflow/.local/lib/python3.12/site-packages/airflow/example_dags/example_subdag_operator.py for tasks to queue
[2025-01-05T23:49:10.286+0000] {logging_mixin.py:190} INFO - [2025-01-05T23:49:10.286+0000] {dagbag.py:588} INFO - Filling up the DagBag from /home/airflow/.local/lib/python3.12/site-packages/airflow/example_dags/example_subdag_operator.py
[2025-01-05T23:49:10.308+0000] {processor.py:925} INFO - DAG(s) 'example_subdag_operator.section-1', 'example_subdag_operator.section-2', 'example_subdag_operator' retrieved from /home/airflow/.local/lib/python3.12/site-packages/airflow/example_dags/example_subdag_operator.py
[2025-01-05T23:49:10.321+0000] {logging_mixin.py:190} INFO - [2025-01-05T23:49:10.321+0000] {dag.py:3239} INFO - Sync 3 DAGs
[2025-01-05T23:49:10.338+0000] {logging_mixin.py:190} INFO - [2025-01-05T23:49:10.338+0000] {dag.py:4180} INFO - Setting next_dagrun for example_subdag_operator to 2022-01-01 00:00:00+00:00, run_after=2022-01-01 00:00:00+00:00
[2025-01-05T23:49:10.342+0000] {logging_mixin.py:190} INFO - [2025-01-05T23:49:10.342+0000] {dag.py:4180} INFO - Setting next_dagrun for example_subdag_operator.section-1 to None, run_after=None
[2025-01-05T23:49:10.343+0000] {logging_mixin.py:190} INFO - [2025-01-05T23:49:10.343+0000] {dag.py:4180} INFO - Setting next_dagrun for example_subdag_operator.section-2 to None, run_after=None
[2025-01-05T23:49:10.349+0000] {logging_mixin.py:190} INFO - [2025-01-05T23:49:10.349+0000] {dag.py:3239} INFO - Sync 2 DAGs
[2025-01-05T23:49:10.353+0000] {logging_mixin.py:190} INFO - [2025-01-05T23:49:10.353+0000] {dag.py:4180} INFO - Setting next_dagrun for example_subdag_operator.section-1 to None, run_after=None
[2025-01-05T23:49:10.354+0000] {logging_mixin.py:190} INFO - [2025-01-05T23:49:10.354+0000] {dag.py:4180} INFO - Setting next_dagrun for example_subdag_operator.section-2 to None, run_after=None
[2025-01-05T23:49:10.364+0000] {processor.py:208} INFO - Processing /home/airflow/.local/lib/python3.12/site-packages/airflow/example_dags/example_subdag_operator.py took 0.085 seconds
[2025-01-05T23:49:41.075+0000] {processor.py:186} INFO - Started process (PID=4526) to work on /home/airflow/.local/lib/python3.12/site-packages/airflow/example_dags/example_subdag_operator.py
[2025-01-05T23:49:41.077+0000] {processor.py:914} INFO - Processing file /home/airflow/.local/lib/python3.12/site-packages/airflow/example_dags/example_subdag_operator.py for tasks to queue
[2025-01-05T23:49:41.082+0000] {logging_mixin.py:190} INFO - [2025-01-05T23:49:41.081+0000] {dagbag.py:588} INFO - Filling up the DagBag from /home/airflow/.local/lib/python3.12/site-packages/airflow/example_dags/example_subdag_operator.py
[2025-01-05T23:49:41.111+0000] {processor.py:925} INFO - DAG(s) 'example_subdag_operator.section-1', 'example_subdag_operator.section-2', 'example_subdag_operator' retrieved from /home/airflow/.local/lib/python3.12/site-packages/airflow/example_dags/example_subdag_operator.py
[2025-01-05T23:49:41.131+0000] {logging_mixin.py:190} INFO - [2025-01-05T23:49:41.131+0000] {dag.py:3239} INFO - Sync 3 DAGs
[2025-01-05T23:49:41.149+0000] {logging_mixin.py:190} INFO - [2025-01-05T23:49:41.149+0000] {dag.py:4180} INFO - Setting next_dagrun for example_subdag_operator to 2022-01-01 00:00:00+00:00, run_after=2022-01-01 00:00:00+00:00
[2025-01-05T23:49:41.153+0000] {logging_mixin.py:190} INFO - [2025-01-05T23:49:41.153+0000] {dag.py:4180} INFO - Setting next_dagrun for example_subdag_operator.section-1 to None, run_after=None
[2025-01-05T23:49:41.155+0000] {logging_mixin.py:190} INFO - [2025-01-05T23:49:41.155+0000] {dag.py:4180} INFO - Setting next_dagrun for example_subdag_operator.section-2 to None, run_after=None
[2025-01-05T23:49:41.162+0000] {logging_mixin.py:190} INFO - [2025-01-05T23:49:41.162+0000] {dag.py:3239} INFO - Sync 2 DAGs
[2025-01-05T23:49:41.167+0000] {logging_mixin.py:190} INFO - [2025-01-05T23:49:41.167+0000] {dag.py:4180} INFO - Setting next_dagrun for example_subdag_operator.section-1 to None, run_after=None
[2025-01-05T23:49:41.168+0000] {logging_mixin.py:190} INFO - [2025-01-05T23:49:41.168+0000] {dag.py:4180} INFO - Setting next_dagrun for example_subdag_operator.section-2 to None, run_after=None
[2025-01-05T23:49:41.179+0000] {processor.py:208} INFO - Processing /home/airflow/.local/lib/python3.12/site-packages/airflow/example_dags/example_subdag_operator.py took 0.109 seconds
[2025-01-05T23:50:11.967+0000] {processor.py:186} INFO - Started process (PID=4822) to work on /home/airflow/.local/lib/python3.12/site-packages/airflow/example_dags/example_subdag_operator.py
[2025-01-05T23:50:11.968+0000] {processor.py:914} INFO - Processing file /home/airflow/.local/lib/python3.12/site-packages/airflow/example_dags/example_subdag_operator.py for tasks to queue
[2025-01-05T23:50:11.969+0000] {logging_mixin.py:190} INFO - [2025-01-05T23:50:11.969+0000] {dagbag.py:588} INFO - Filling up the DagBag from /home/airflow/.local/lib/python3.12/site-packages/airflow/example_dags/example_subdag_operator.py
[2025-01-05T23:50:11.990+0000] {processor.py:925} INFO - DAG(s) 'example_subdag_operator.section-1', 'example_subdag_operator.section-2', 'example_subdag_operator' retrieved from /home/airflow/.local/lib/python3.12/site-packages/airflow/example_dags/example_subdag_operator.py
[2025-01-05T23:50:12.004+0000] {logging_mixin.py:190} INFO - [2025-01-05T23:50:12.003+0000] {dag.py:3239} INFO - Sync 3 DAGs
[2025-01-05T23:50:12.022+0000] {logging_mixin.py:190} INFO - [2025-01-05T23:50:12.022+0000] {dag.py:4180} INFO - Setting next_dagrun for example_subdag_operator to 2022-01-01 00:00:00+00:00, run_after=2022-01-01 00:00:00+00:00
[2025-01-05T23:50:12.026+0000] {logging_mixin.py:190} INFO - [2025-01-05T23:50:12.026+0000] {dag.py:4180} INFO - Setting next_dagrun for example_subdag_operator.section-1 to None, run_after=None
[2025-01-05T23:50:12.028+0000] {logging_mixin.py:190} INFO - [2025-01-05T23:50:12.028+0000] {dag.py:4180} INFO - Setting next_dagrun for example_subdag_operator.section-2 to None, run_after=None
[2025-01-05T23:50:12.036+0000] {logging_mixin.py:190} INFO - [2025-01-05T23:50:12.036+0000] {dag.py:3239} INFO - Sync 2 DAGs
[2025-01-05T23:50:12.041+0000] {logging_mixin.py:190} INFO - [2025-01-05T23:50:12.041+0000] {dag.py:4180} INFO - Setting next_dagrun for example_subdag_operator.section-1 to None, run_after=None
[2025-01-05T23:50:12.042+0000] {logging_mixin.py:190} INFO - [2025-01-05T23:50:12.042+0000] {dag.py:4180} INFO - Setting next_dagrun for example_subdag_operator.section-2 to None, run_after=None
[2025-01-05T23:50:12.053+0000] {processor.py:208} INFO - Processing /home/airflow/.local/lib/python3.12/site-packages/airflow/example_dags/example_subdag_operator.py took 0.091 seconds
[2025-01-05T23:50:43.016+0000] {processor.py:186} INFO - Started process (PID=5118) to work on /home/airflow/.local/lib/python3.12/site-packages/airflow/example_dags/example_subdag_operator.py
[2025-01-05T23:50:43.017+0000] {processor.py:914} INFO - Processing file /home/airflow/.local/lib/python3.12/site-packages/airflow/example_dags/example_subdag_operator.py for tasks to queue
[2025-01-05T23:50:43.019+0000] {logging_mixin.py:190} INFO - [2025-01-05T23:50:43.019+0000] {dagbag.py:588} INFO - Filling up the DagBag from /home/airflow/.local/lib/python3.12/site-packages/airflow/example_dags/example_subdag_operator.py
[2025-01-05T23:50:43.042+0000] {processor.py:925} INFO - DAG(s) 'example_subdag_operator.section-1', 'example_subdag_operator.section-2', 'example_subdag_operator' retrieved from /home/airflow/.local/lib/python3.12/site-packages/airflow/example_dags/example_subdag_operator.py
[2025-01-05T23:50:43.059+0000] {logging_mixin.py:190} INFO - [2025-01-05T23:50:43.059+0000] {dag.py:3239} INFO - Sync 3 DAGs
[2025-01-05T23:50:43.081+0000] {logging_mixin.py:190} INFO - [2025-01-05T23:50:43.081+0000] {dag.py:4180} INFO - Setting next_dagrun for example_subdag_operator to 2022-01-01 00:00:00+00:00, run_after=2022-01-01 00:00:00+00:00
[2025-01-05T23:50:43.085+0000] {logging_mixin.py:190} INFO - [2025-01-05T23:50:43.085+0000] {dag.py:4180} INFO - Setting next_dagrun for example_subdag_operator.section-1 to None, run_after=None
[2025-01-05T23:50:43.087+0000] {logging_mixin.py:190} INFO - [2025-01-05T23:50:43.087+0000] {dag.py:4180} INFO - Setting next_dagrun for example_subdag_operator.section-2 to None, run_after=None
[2025-01-05T23:50:43.093+0000] {logging_mixin.py:190} INFO - [2025-01-05T23:50:43.093+0000] {dag.py:3239} INFO - Sync 2 DAGs
[2025-01-05T23:50:43.098+0000] {logging_mixin.py:190} INFO - [2025-01-05T23:50:43.098+0000] {dag.py:4180} INFO - Setting next_dagrun for example_subdag_operator.section-1 to None, run_after=None
[2025-01-05T23:50:43.099+0000] {logging_mixin.py:190} INFO - [2025-01-05T23:50:43.099+0000] {dag.py:4180} INFO - Setting next_dagrun for example_subdag_operator.section-2 to None, run_after=None
[2025-01-05T23:50:43.110+0000] {processor.py:208} INFO - Processing /home/airflow/.local/lib/python3.12/site-packages/airflow/example_dags/example_subdag_operator.py took 0.099 seconds
[2025-01-05T23:51:13.892+0000] {processor.py:186} INFO - Started process (PID=5414) to work on /home/airflow/.local/lib/python3.12/site-packages/airflow/example_dags/example_subdag_operator.py
[2025-01-05T23:51:13.893+0000] {processor.py:914} INFO - Processing file /home/airflow/.local/lib/python3.12/site-packages/airflow/example_dags/example_subdag_operator.py for tasks to queue
[2025-01-05T23:51:13.895+0000] {logging_mixin.py:190} INFO - [2025-01-05T23:51:13.895+0000] {dagbag.py:588} INFO - Filling up the DagBag from /home/airflow/.local/lib/python3.12/site-packages/airflow/example_dags/example_subdag_operator.py
[2025-01-05T23:51:13.918+0000] {processor.py:925} INFO - DAG(s) 'example_subdag_operator.section-1', 'example_subdag_operator.section-2', 'example_subdag_operator' retrieved from /home/airflow/.local/lib/python3.12/site-packages/airflow/example_dags/example_subdag_operator.py
[2025-01-05T23:51:13.930+0000] {logging_mixin.py:190} INFO - [2025-01-05T23:51:13.930+0000] {dag.py:3239} INFO - Sync 3 DAGs
[2025-01-05T23:51:13.950+0000] {logging_mixin.py:190} INFO - [2025-01-05T23:51:13.950+0000] {dag.py:4180} INFO - Setting next_dagrun for example_subdag_operator to 2022-01-01 00:00:00+00:00, run_after=2022-01-01 00:00:00+00:00
[2025-01-05T23:51:13.954+0000] {logging_mixin.py:190} INFO - [2025-01-05T23:51:13.953+0000] {dag.py:4180} INFO - Setting next_dagrun for example_subdag_operator.section-1 to None, run_after=None
[2025-01-05T23:51:13.955+0000] {logging_mixin.py:190} INFO - [2025-01-05T23:51:13.955+0000] {dag.py:4180} INFO - Setting next_dagrun for example_subdag_operator.section-2 to None, run_after=None
[2025-01-05T23:51:13.960+0000] {logging_mixin.py:190} INFO - [2025-01-05T23:51:13.960+0000] {dag.py:3239} INFO - Sync 2 DAGs
[2025-01-05T23:51:13.965+0000] {logging_mixin.py:190} INFO - [2025-01-05T23:51:13.965+0000] {dag.py:4180} INFO - Setting next_dagrun for example_subdag_operator.section-1 to None, run_after=None
[2025-01-05T23:51:13.965+0000] {logging_mixin.py:190} INFO - [2025-01-05T23:51:13.965+0000] {dag.py:4180} INFO - Setting next_dagrun for example_subdag_operator.section-2 to None, run_after=None
[2025-01-05T23:51:13.975+0000] {processor.py:208} INFO - Processing /home/airflow/.local/lib/python3.12/site-packages/airflow/example_dags/example_subdag_operator.py took 0.088 seconds
[2025-01-05T23:51:44.713+0000] {processor.py:186} INFO - Started process (PID=5710) to work on /home/airflow/.local/lib/python3.12/site-packages/airflow/example_dags/example_subdag_operator.py
[2025-01-05T23:51:44.714+0000] {processor.py:914} INFO - Processing file /home/airflow/.local/lib/python3.12/site-packages/airflow/example_dags/example_subdag_operator.py for tasks to queue
[2025-01-05T23:51:44.716+0000] {logging_mixin.py:190} INFO - [2025-01-05T23:51:44.716+0000] {dagbag.py:588} INFO - Filling up the DagBag from /home/airflow/.local/lib/python3.12/site-packages/airflow/example_dags/example_subdag_operator.py
[2025-01-05T23:51:44.738+0000] {processor.py:925} INFO - DAG(s) 'example_subdag_operator.section-1', 'example_subdag_operator.section-2', 'example_subdag_operator' retrieved from /home/airflow/.local/lib/python3.12/site-packages/airflow/example_dags/example_subdag_operator.py
[2025-01-05T23:51:44.750+0000] {logging_mixin.py:190} INFO - [2025-01-05T23:51:44.750+0000] {dag.py:3239} INFO - Sync 3 DAGs
[2025-01-05T23:51:44.769+0000] {logging_mixin.py:190} INFO - [2025-01-05T23:51:44.769+0000] {dag.py:4180} INFO - Setting next_dagrun for example_subdag_operator to 2022-01-01 00:00:00+00:00, run_after=2022-01-01 00:00:00+00:00
[2025-01-05T23:51:44.773+0000] {logging_mixin.py:190} INFO - [2025-01-05T23:51:44.773+0000] {dag.py:4180} INFO - Setting next_dagrun for example_subdag_operator.section-1 to None, run_after=None
[2025-01-05T23:51:44.774+0000] {logging_mixin.py:190} INFO - [2025-01-05T23:51:44.774+0000] {dag.py:4180} INFO - Setting next_dagrun for example_subdag_operator.section-2 to None, run_after=None
[2025-01-05T23:51:44.781+0000] {logging_mixin.py:190} INFO - [2025-01-05T23:51:44.780+0000] {dag.py:3239} INFO - Sync 2 DAGs
[2025-01-05T23:51:44.786+0000] {logging_mixin.py:190} INFO - [2025-01-05T23:51:44.785+0000] {dag.py:4180} INFO - Setting next_dagrun for example_subdag_operator.section-1 to None, run_after=None
[2025-01-05T23:51:44.786+0000] {logging_mixin.py:190} INFO - [2025-01-05T23:51:44.786+0000] {dag.py:4180} INFO - Setting next_dagrun for example_subdag_operator.section-2 to None, run_after=None
[2025-01-05T23:51:44.800+0000] {processor.py:208} INFO - Processing /home/airflow/.local/lib/python3.12/site-packages/airflow/example_dags/example_subdag_operator.py took 0.092 seconds
[2025-01-05T23:52:15.910+0000] {processor.py:186} INFO - Started process (PID=6006) to work on /home/airflow/.local/lib/python3.12/site-packages/airflow/example_dags/example_subdag_operator.py
[2025-01-05T23:52:15.910+0000] {processor.py:914} INFO - Processing file /home/airflow/.local/lib/python3.12/site-packages/airflow/example_dags/example_subdag_operator.py for tasks to queue
[2025-01-05T23:52:15.912+0000] {logging_mixin.py:190} INFO - [2025-01-05T23:52:15.912+0000] {dagbag.py:588} INFO - Filling up the DagBag from /home/airflow/.local/lib/python3.12/site-packages/airflow/example_dags/example_subdag_operator.py
[2025-01-05T23:52:15.933+0000] {processor.py:925} INFO - DAG(s) 'example_subdag_operator.section-1', 'example_subdag_operator.section-2', 'example_subdag_operator' retrieved from /home/airflow/.local/lib/python3.12/site-packages/airflow/example_dags/example_subdag_operator.py
[2025-01-05T23:52:15.944+0000] {logging_mixin.py:190} INFO - [2025-01-05T23:52:15.944+0000] {dag.py:3239} INFO - Sync 3 DAGs
[2025-01-05T23:52:15.962+0000] {logging_mixin.py:190} INFO - [2025-01-05T23:52:15.962+0000] {dag.py:4180} INFO - Setting next_dagrun for example_subdag_operator to 2022-01-01 00:00:00+00:00, run_after=2022-01-01 00:00:00+00:00
[2025-01-05T23:52:15.966+0000] {logging_mixin.py:190} INFO - [2025-01-05T23:52:15.966+0000] {dag.py:4180} INFO - Setting next_dagrun for example_subdag_operator.section-1 to None, run_after=None
[2025-01-05T23:52:15.967+0000] {logging_mixin.py:190} INFO - [2025-01-05T23:52:15.967+0000] {dag.py:4180} INFO - Setting next_dagrun for example_subdag_operator.section-2 to None, run_after=None
[2025-01-05T23:52:15.973+0000] {logging_mixin.py:190} INFO - [2025-01-05T23:52:15.973+0000] {dag.py:3239} INFO - Sync 2 DAGs
[2025-01-05T23:52:15.979+0000] {logging_mixin.py:190} INFO - [2025-01-05T23:52:15.978+0000] {dag.py:4180} INFO - Setting next_dagrun for example_subdag_operator.section-1 to None, run_after=None
[2025-01-05T23:52:15.979+0000] {logging_mixin.py:190} INFO - [2025-01-05T23:52:15.979+0000] {dag.py:4180} INFO - Setting next_dagrun for example_subdag_operator.section-2 to None, run_after=None
[2025-01-05T23:52:15.993+0000] {processor.py:208} INFO - Processing /home/airflow/.local/lib/python3.12/site-packages/airflow/example_dags/example_subdag_operator.py took 0.088 seconds
[2025-01-05T23:52:46.691+0000] {processor.py:186} INFO - Started process (PID=6302) to work on /home/airflow/.local/lib/python3.12/site-packages/airflow/example_dags/example_subdag_operator.py
[2025-01-05T23:52:46.692+0000] {processor.py:914} INFO - Processing file /home/airflow/.local/lib/python3.12/site-packages/airflow/example_dags/example_subdag_operator.py for tasks to queue
[2025-01-05T23:52:46.694+0000] {logging_mixin.py:190} INFO - [2025-01-05T23:52:46.694+0000] {dagbag.py:588} INFO - Filling up the DagBag from /home/airflow/.local/lib/python3.12/site-packages/airflow/example_dags/example_subdag_operator.py
[2025-01-05T23:52:46.715+0000] {processor.py:925} INFO - DAG(s) 'example_subdag_operator.section-1', 'example_subdag_operator.section-2', 'example_subdag_operator' retrieved from /home/airflow/.local/lib/python3.12/site-packages/airflow/example_dags/example_subdag_operator.py
[2025-01-05T23:52:46.728+0000] {logging_mixin.py:190} INFO - [2025-01-05T23:52:46.728+0000] {dag.py:3239} INFO - Sync 3 DAGs
[2025-01-05T23:52:46.748+0000] {logging_mixin.py:190} INFO - [2025-01-05T23:52:46.748+0000] {dag.py:4180} INFO - Setting next_dagrun for example_subdag_operator to 2022-01-01 00:00:00+00:00, run_after=2022-01-01 00:00:00+00:00
[2025-01-05T23:52:46.751+0000] {logging_mixin.py:190} INFO - [2025-01-05T23:52:46.751+0000] {dag.py:4180} INFO - Setting next_dagrun for example_subdag_operator.section-1 to None, run_after=None
[2025-01-05T23:52:46.752+0000] {logging_mixin.py:190} INFO - [2025-01-05T23:52:46.752+0000] {dag.py:4180} INFO - Setting next_dagrun for example_subdag_operator.section-2 to None, run_after=None
[2025-01-05T23:52:46.757+0000] {logging_mixin.py:190} INFO - [2025-01-05T23:52:46.757+0000] {dag.py:3239} INFO - Sync 2 DAGs
[2025-01-05T23:52:46.763+0000] {logging_mixin.py:190} INFO - [2025-01-05T23:52:46.762+0000] {dag.py:4180} INFO - Setting next_dagrun for example_subdag_operator.section-1 to None, run_after=None
[2025-01-05T23:52:46.763+0000] {logging_mixin.py:190} INFO - [2025-01-05T23:52:46.763+0000] {dag.py:4180} INFO - Setting next_dagrun for example_subdag_operator.section-2 to None, run_after=None
[2025-01-05T23:52:46.777+0000] {processor.py:208} INFO - Processing /home/airflow/.local/lib/python3.12/site-packages/airflow/example_dags/example_subdag_operator.py took 0.091 seconds
[2025-01-05T23:53:17.595+0000] {processor.py:186} INFO - Started process (PID=6598) to work on /home/airflow/.local/lib/python3.12/site-packages/airflow/example_dags/example_subdag_operator.py
[2025-01-05T23:53:17.596+0000] {processor.py:914} INFO - Processing file /home/airflow/.local/lib/python3.12/site-packages/airflow/example_dags/example_subdag_operator.py for tasks to queue
[2025-01-05T23:53:17.598+0000] {logging_mixin.py:190} INFO - [2025-01-05T23:53:17.598+0000] {dagbag.py:588} INFO - Filling up the DagBag from /home/airflow/.local/lib/python3.12/site-packages/airflow/example_dags/example_subdag_operator.py
[2025-01-05T23:53:17.626+0000] {processor.py:925} INFO - DAG(s) 'example_subdag_operator.section-1', 'example_subdag_operator.section-2', 'example_subdag_operator' retrieved from /home/airflow/.local/lib/python3.12/site-packages/airflow/example_dags/example_subdag_operator.py
[2025-01-05T23:53:17.640+0000] {logging_mixin.py:190} INFO - [2025-01-05T23:53:17.640+0000] {dag.py:3239} INFO - Sync 3 DAGs
[2025-01-05T23:53:17.664+0000] {logging_mixin.py:190} INFO - [2025-01-05T23:53:17.664+0000] {dag.py:4180} INFO - Setting next_dagrun for example_subdag_operator to 2022-01-01 00:00:00+00:00, run_after=2022-01-01 00:00:00+00:00
[2025-01-05T23:53:17.668+0000] {logging_mixin.py:190} INFO - [2025-01-05T23:53:17.668+0000] {dag.py:4180} INFO - Setting next_dagrun for example_subdag_operator.section-1 to None, run_after=None
[2025-01-05T23:53:17.669+0000] {logging_mixin.py:190} INFO - [2025-01-05T23:53:17.669+0000] {dag.py:4180} INFO - Setting next_dagrun for example_subdag_operator.section-2 to None, run_after=None
[2025-01-05T23:53:17.675+0000] {logging_mixin.py:190} INFO - [2025-01-05T23:53:17.675+0000] {dag.py:3239} INFO - Sync 2 DAGs
[2025-01-05T23:53:17.680+0000] {logging_mixin.py:190} INFO - [2025-01-05T23:53:17.680+0000] {dag.py:4180} INFO - Setting next_dagrun for example_subdag_operator.section-1 to None, run_after=None
[2025-01-05T23:53:17.681+0000] {logging_mixin.py:190} INFO - [2025-01-05T23:53:17.681+0000] {dag.py:4180} INFO - Setting next_dagrun for example_subdag_operator.section-2 to None, run_after=None
[2025-01-05T23:53:17.691+0000] {processor.py:208} INFO - Processing /home/airflow/.local/lib/python3.12/site-packages/airflow/example_dags/example_subdag_operator.py took 0.101 seconds
[2025-01-05T23:53:49.248+0000] {processor.py:186} INFO - Started process (PID=6896) to work on /home/airflow/.local/lib/python3.12/site-packages/airflow/example_dags/example_subdag_operator.py
[2025-01-05T23:53:49.249+0000] {processor.py:914} INFO - Processing file /home/airflow/.local/lib/python3.12/site-packages/airflow/example_dags/example_subdag_operator.py for tasks to queue
[2025-01-05T23:53:49.251+0000] {logging_mixin.py:190} INFO - [2025-01-05T23:53:49.251+0000] {dagbag.py:588} INFO - Filling up the DagBag from /home/airflow/.local/lib/python3.12/site-packages/airflow/example_dags/example_subdag_operator.py
[2025-01-05T23:53:49.272+0000] {processor.py:925} INFO - DAG(s) 'example_subdag_operator.section-1', 'example_subdag_operator.section-2', 'example_subdag_operator' retrieved from /home/airflow/.local/lib/python3.12/site-packages/airflow/example_dags/example_subdag_operator.py
[2025-01-05T23:53:49.285+0000] {logging_mixin.py:190} INFO - [2025-01-05T23:53:49.285+0000] {dag.py:3239} INFO - Sync 3 DAGs
[2025-01-05T23:53:49.303+0000] {logging_mixin.py:190} INFO - [2025-01-05T23:53:49.302+0000] {dag.py:4180} INFO - Setting next_dagrun for example_subdag_operator to 2022-01-01 00:00:00+00:00, run_after=2022-01-01 00:00:00+00:00
[2025-01-05T23:53:49.307+0000] {logging_mixin.py:190} INFO - [2025-01-05T23:53:49.307+0000] {dag.py:4180} INFO - Setting next_dagrun for example_subdag_operator.section-1 to None, run_after=None
[2025-01-05T23:53:49.309+0000] {logging_mixin.py:190} INFO - [2025-01-05T23:53:49.309+0000] {dag.py:4180} INFO - Setting next_dagrun for example_subdag_operator.section-2 to None, run_after=None
[2025-01-05T23:53:49.315+0000] {logging_mixin.py:190} INFO - [2025-01-05T23:53:49.315+0000] {dag.py:3239} INFO - Sync 2 DAGs
[2025-01-05T23:53:49.320+0000] {logging_mixin.py:190} INFO - [2025-01-05T23:53:49.320+0000] {dag.py:4180} INFO - Setting next_dagrun for example_subdag_operator.section-1 to None, run_after=None
[2025-01-05T23:53:49.321+0000] {logging_mixin.py:190} INFO - [2025-01-05T23:53:49.321+0000] {dag.py:4180} INFO - Setting next_dagrun for example_subdag_operator.section-2 to None, run_after=None
[2025-01-05T23:53:49.332+0000] {processor.py:208} INFO - Processing /home/airflow/.local/lib/python3.12/site-packages/airflow/example_dags/example_subdag_operator.py took 0.090 seconds
[2025-01-05T23:54:20.447+0000] {processor.py:186} INFO - Started process (PID=7190) to work on /home/airflow/.local/lib/python3.12/site-packages/airflow/example_dags/example_subdag_operator.py
[2025-01-05T23:54:20.448+0000] {processor.py:914} INFO - Processing file /home/airflow/.local/lib/python3.12/site-packages/airflow/example_dags/example_subdag_operator.py for tasks to queue
[2025-01-05T23:54:20.450+0000] {logging_mixin.py:190} INFO - [2025-01-05T23:54:20.450+0000] {dagbag.py:588} INFO - Filling up the DagBag from /home/airflow/.local/lib/python3.12/site-packages/airflow/example_dags/example_subdag_operator.py
[2025-01-05T23:54:20.474+0000] {processor.py:925} INFO - DAG(s) 'example_subdag_operator.section-1', 'example_subdag_operator.section-2', 'example_subdag_operator' retrieved from /home/airflow/.local/lib/python3.12/site-packages/airflow/example_dags/example_subdag_operator.py
[2025-01-05T23:54:20.490+0000] {logging_mixin.py:190} INFO - [2025-01-05T23:54:20.490+0000] {dag.py:3239} INFO - Sync 3 DAGs
[2025-01-05T23:54:20.512+0000] {logging_mixin.py:190} INFO - [2025-01-05T23:54:20.512+0000] {dag.py:4180} INFO - Setting next_dagrun for example_subdag_operator to 2022-01-01 00:00:00+00:00, run_after=2022-01-01 00:00:00+00:00
[2025-01-05T23:54:20.515+0000] {logging_mixin.py:190} INFO - [2025-01-05T23:54:20.515+0000] {dag.py:4180} INFO - Setting next_dagrun for example_subdag_operator.section-1 to None, run_after=None
[2025-01-05T23:54:20.517+0000] {logging_mixin.py:190} INFO - [2025-01-05T23:54:20.517+0000] {dag.py:4180} INFO - Setting next_dagrun for example_subdag_operator.section-2 to None, run_after=None
[2025-01-05T23:54:20.525+0000] {logging_mixin.py:190} INFO - [2025-01-05T23:54:20.525+0000] {dag.py:3239} INFO - Sync 2 DAGs
[2025-01-05T23:54:20.531+0000] {logging_mixin.py:190} INFO - [2025-01-05T23:54:20.531+0000] {dag.py:4180} INFO - Setting next_dagrun for example_subdag_operator.section-1 to None, run_after=None
[2025-01-05T23:54:20.532+0000] {logging_mixin.py:190} INFO - [2025-01-05T23:54:20.532+0000] {dag.py:4180} INFO - Setting next_dagrun for example_subdag_operator.section-2 to None, run_after=None
[2025-01-05T23:54:20.549+0000] {processor.py:208} INFO - Processing /home/airflow/.local/lib/python3.12/site-packages/airflow/example_dags/example_subdag_operator.py took 0.108 seconds
[2025-01-05T23:54:51.253+0000] {processor.py:186} INFO - Started process (PID=7486) to work on /home/airflow/.local/lib/python3.12/site-packages/airflow/example_dags/example_subdag_operator.py
[2025-01-05T23:54:51.254+0000] {processor.py:914} INFO - Processing file /home/airflow/.local/lib/python3.12/site-packages/airflow/example_dags/example_subdag_operator.py for tasks to queue
[2025-01-05T23:54:51.256+0000] {logging_mixin.py:190} INFO - [2025-01-05T23:54:51.256+0000] {dagbag.py:588} INFO - Filling up the DagBag from /home/airflow/.local/lib/python3.12/site-packages/airflow/example_dags/example_subdag_operator.py
[2025-01-05T23:54:51.285+0000] {processor.py:925} INFO - DAG(s) 'example_subdag_operator.section-1', 'example_subdag_operator.section-2', 'example_subdag_operator' retrieved from /home/airflow/.local/lib/python3.12/site-packages/airflow/example_dags/example_subdag_operator.py
[2025-01-05T23:54:51.304+0000] {logging_mixin.py:190} INFO - [2025-01-05T23:54:51.304+0000] {dag.py:3239} INFO - Sync 3 DAGs
[2025-01-05T23:54:51.329+0000] {logging_mixin.py:190} INFO - [2025-01-05T23:54:51.328+0000] {dag.py:4180} INFO - Setting next_dagrun for example_subdag_operator to 2022-01-01 00:00:00+00:00, run_after=2022-01-01 00:00:00+00:00
[2025-01-05T23:54:51.334+0000] {logging_mixin.py:190} INFO - [2025-01-05T23:54:51.334+0000] {dag.py:4180} INFO - Setting next_dagrun for example_subdag_operator.section-1 to None, run_after=None
[2025-01-05T23:54:51.336+0000] {logging_mixin.py:190} INFO - [2025-01-05T23:54:51.336+0000] {dag.py:4180} INFO - Setting next_dagrun for example_subdag_operator.section-2 to None, run_after=None
[2025-01-05T23:54:51.344+0000] {logging_mixin.py:190} INFO - [2025-01-05T23:54:51.344+0000] {dag.py:3239} INFO - Sync 2 DAGs
[2025-01-05T23:54:51.349+0000] {logging_mixin.py:190} INFO - [2025-01-05T23:54:51.349+0000] {dag.py:4180} INFO - Setting next_dagrun for example_subdag_operator.section-1 to None, run_after=None
[2025-01-05T23:54:51.350+0000] {logging_mixin.py:190} INFO - [2025-01-05T23:54:51.350+0000] {dag.py:4180} INFO - Setting next_dagrun for example_subdag_operator.section-2 to None, run_after=None
[2025-01-05T23:54:51.362+0000] {processor.py:208} INFO - Processing /home/airflow/.local/lib/python3.12/site-packages/airflow/example_dags/example_subdag_operator.py took 0.117 seconds
[2025-01-05T23:55:22.339+0000] {processor.py:186} INFO - Started process (PID=7788) to work on /home/airflow/.local/lib/python3.12/site-packages/airflow/example_dags/example_subdag_operator.py
[2025-01-05T23:55:22.340+0000] {processor.py:914} INFO - Processing file /home/airflow/.local/lib/python3.12/site-packages/airflow/example_dags/example_subdag_operator.py for tasks to queue
[2025-01-05T23:55:22.343+0000] {logging_mixin.py:190} INFO - [2025-01-05T23:55:22.342+0000] {dagbag.py:588} INFO - Filling up the DagBag from /home/airflow/.local/lib/python3.12/site-packages/airflow/example_dags/example_subdag_operator.py
[2025-01-05T23:55:22.365+0000] {processor.py:925} INFO - DAG(s) 'example_subdag_operator.section-1', 'example_subdag_operator.section-2', 'example_subdag_operator' retrieved from /home/airflow/.local/lib/python3.12/site-packages/airflow/example_dags/example_subdag_operator.py
[2025-01-05T23:55:22.379+0000] {logging_mixin.py:190} INFO - [2025-01-05T23:55:22.379+0000] {dag.py:3239} INFO - Sync 3 DAGs
[2025-01-05T23:55:22.398+0000] {logging_mixin.py:190} INFO - [2025-01-05T23:55:22.398+0000] {dag.py:4180} INFO - Setting next_dagrun for example_subdag_operator to 2022-01-01 00:00:00+00:00, run_after=2022-01-01 00:00:00+00:00
[2025-01-05T23:55:22.401+0000] {logging_mixin.py:190} INFO - [2025-01-05T23:55:22.401+0000] {dag.py:4180} INFO - Setting next_dagrun for example_subdag_operator.section-1 to None, run_after=None
[2025-01-05T23:55:22.402+0000] {logging_mixin.py:190} INFO - [2025-01-05T23:55:22.402+0000] {dag.py:4180} INFO - Setting next_dagrun for example_subdag_operator.section-2 to None, run_after=None
[2025-01-05T23:55:22.408+0000] {logging_mixin.py:190} INFO - [2025-01-05T23:55:22.407+0000] {dag.py:3239} INFO - Sync 2 DAGs
[2025-01-05T23:55:22.411+0000] {logging_mixin.py:190} INFO - [2025-01-05T23:55:22.411+0000] {dag.py:4180} INFO - Setting next_dagrun for example_subdag_operator.section-1 to None, run_after=None
[2025-01-05T23:55:22.412+0000] {logging_mixin.py:190} INFO - [2025-01-05T23:55:22.412+0000] {dag.py:4180} INFO - Setting next_dagrun for example_subdag_operator.section-2 to None, run_after=None
[2025-01-05T23:55:22.423+0000] {processor.py:208} INFO - Processing /home/airflow/.local/lib/python3.12/site-packages/airflow/example_dags/example_subdag_operator.py took 0.090 seconds
[2025-01-05T23:55:52.714+0000] {processor.py:186} INFO - Started process (PID=8079) to work on /home/airflow/.local/lib/python3.12/site-packages/airflow/example_dags/example_subdag_operator.py
[2025-01-05T23:55:52.715+0000] {processor.py:914} INFO - Processing file /home/airflow/.local/lib/python3.12/site-packages/airflow/example_dags/example_subdag_operator.py for tasks to queue
[2025-01-05T23:55:52.717+0000] {logging_mixin.py:190} INFO - [2025-01-05T23:55:52.717+0000] {dagbag.py:588} INFO - Filling up the DagBag from /home/airflow/.local/lib/python3.12/site-packages/airflow/example_dags/example_subdag_operator.py
[2025-01-05T23:55:52.745+0000] {processor.py:925} INFO - DAG(s) 'example_subdag_operator.section-1', 'example_subdag_operator.section-2', 'example_subdag_operator' retrieved from /home/airflow/.local/lib/python3.12/site-packages/airflow/example_dags/example_subdag_operator.py
[2025-01-05T23:55:52.758+0000] {logging_mixin.py:190} INFO - [2025-01-05T23:55:52.757+0000] {dag.py:3239} INFO - Sync 3 DAGs
[2025-01-05T23:55:52.776+0000] {logging_mixin.py:190} INFO - [2025-01-05T23:55:52.776+0000] {dag.py:4180} INFO - Setting next_dagrun for example_subdag_operator to 2022-01-01 00:00:00+00:00, run_after=2022-01-01 00:00:00+00:00
[2025-01-05T23:55:52.780+0000] {logging_mixin.py:190} INFO - [2025-01-05T23:55:52.779+0000] {dag.py:4180} INFO - Setting next_dagrun for example_subdag_operator.section-1 to None, run_after=None
[2025-01-05T23:55:52.781+0000] {logging_mixin.py:190} INFO - [2025-01-05T23:55:52.781+0000] {dag.py:4180} INFO - Setting next_dagrun for example_subdag_operator.section-2 to None, run_after=None
[2025-01-05T23:55:52.787+0000] {logging_mixin.py:190} INFO - [2025-01-05T23:55:52.787+0000] {dag.py:3239} INFO - Sync 2 DAGs
[2025-01-05T23:55:52.792+0000] {logging_mixin.py:190} INFO - [2025-01-05T23:55:52.792+0000] {dag.py:4180} INFO - Setting next_dagrun for example_subdag_operator.section-1 to None, run_after=None
[2025-01-05T23:55:52.793+0000] {logging_mixin.py:190} INFO - [2025-01-05T23:55:52.792+0000] {dag.py:4180} INFO - Setting next_dagrun for example_subdag_operator.section-2 to None, run_after=None
[2025-01-05T23:55:52.802+0000] {processor.py:208} INFO - Processing /home/airflow/.local/lib/python3.12/site-packages/airflow/example_dags/example_subdag_operator.py took 0.093 seconds
[2025-01-05T23:56:23.849+0000] {processor.py:186} INFO - Started process (PID=8375) to work on /home/airflow/.local/lib/python3.12/site-packages/airflow/example_dags/example_subdag_operator.py
[2025-01-05T23:56:23.851+0000] {processor.py:914} INFO - Processing file /home/airflow/.local/lib/python3.12/site-packages/airflow/example_dags/example_subdag_operator.py for tasks to queue
[2025-01-05T23:56:23.853+0000] {logging_mixin.py:190} INFO - [2025-01-05T23:56:23.852+0000] {dagbag.py:588} INFO - Filling up the DagBag from /home/airflow/.local/lib/python3.12/site-packages/airflow/example_dags/example_subdag_operator.py
[2025-01-05T23:56:23.875+0000] {processor.py:925} INFO - DAG(s) 'example_subdag_operator.section-1', 'example_subdag_operator.section-2', 'example_subdag_operator' retrieved from /home/airflow/.local/lib/python3.12/site-packages/airflow/example_dags/example_subdag_operator.py
[2025-01-05T23:56:23.887+0000] {logging_mixin.py:190} INFO - [2025-01-05T23:56:23.887+0000] {dag.py:3239} INFO - Sync 3 DAGs
[2025-01-05T23:56:23.905+0000] {logging_mixin.py:190} INFO - [2025-01-05T23:56:23.905+0000] {dag.py:4180} INFO - Setting next_dagrun for example_subdag_operator to 2022-01-01 00:00:00+00:00, run_after=2022-01-01 00:00:00+00:00
[2025-01-05T23:56:23.909+0000] {logging_mixin.py:190} INFO - [2025-01-05T23:56:23.909+0000] {dag.py:4180} INFO - Setting next_dagrun for example_subdag_operator.section-1 to None, run_after=None
[2025-01-05T23:56:23.910+0000] {logging_mixin.py:190} INFO - [2025-01-05T23:56:23.910+0000] {dag.py:4180} INFO - Setting next_dagrun for example_subdag_operator.section-2 to None, run_after=None
[2025-01-05T23:56:23.916+0000] {logging_mixin.py:190} INFO - [2025-01-05T23:56:23.916+0000] {dag.py:3239} INFO - Sync 2 DAGs
[2025-01-05T23:56:23.921+0000] {logging_mixin.py:190} INFO - [2025-01-05T23:56:23.921+0000] {dag.py:4180} INFO - Setting next_dagrun for example_subdag_operator.section-1 to None, run_after=None
[2025-01-05T23:56:23.922+0000] {logging_mixin.py:190} INFO - [2025-01-05T23:56:23.922+0000] {dag.py:4180} INFO - Setting next_dagrun for example_subdag_operator.section-2 to None, run_after=None
[2025-01-05T23:56:23.931+0000] {processor.py:208} INFO - Processing /home/airflow/.local/lib/python3.12/site-packages/airflow/example_dags/example_subdag_operator.py took 0.086 seconds
[2025-01-05T23:56:54.709+0000] {processor.py:186} INFO - Started process (PID=8671) to work on /home/airflow/.local/lib/python3.12/site-packages/airflow/example_dags/example_subdag_operator.py
[2025-01-05T23:56:54.710+0000] {processor.py:914} INFO - Processing file /home/airflow/.local/lib/python3.12/site-packages/airflow/example_dags/example_subdag_operator.py for tasks to queue
[2025-01-05T23:56:54.712+0000] {logging_mixin.py:190} INFO - [2025-01-05T23:56:54.712+0000] {dagbag.py:588} INFO - Filling up the DagBag from /home/airflow/.local/lib/python3.12/site-packages/airflow/example_dags/example_subdag_operator.py
[2025-01-05T23:56:54.736+0000] {processor.py:925} INFO - DAG(s) 'example_subdag_operator.section-1', 'example_subdag_operator.section-2', 'example_subdag_operator' retrieved from /home/airflow/.local/lib/python3.12/site-packages/airflow/example_dags/example_subdag_operator.py
[2025-01-05T23:56:54.749+0000] {logging_mixin.py:190} INFO - [2025-01-05T23:56:54.749+0000] {dag.py:3239} INFO - Sync 3 DAGs
[2025-01-05T23:56:54.767+0000] {logging_mixin.py:190} INFO - [2025-01-05T23:56:54.766+0000] {dag.py:4180} INFO - Setting next_dagrun for example_subdag_operator to 2022-01-01 00:00:00+00:00, run_after=2022-01-01 00:00:00+00:00
[2025-01-05T23:56:54.770+0000] {logging_mixin.py:190} INFO - [2025-01-05T23:56:54.770+0000] {dag.py:4180} INFO - Setting next_dagrun for example_subdag_operator.section-1 to None, run_after=None
[2025-01-05T23:56:54.772+0000] {logging_mixin.py:190} INFO - [2025-01-05T23:56:54.772+0000] {dag.py:4180} INFO - Setting next_dagrun for example_subdag_operator.section-2 to None, run_after=None
[2025-01-05T23:56:54.777+0000] {logging_mixin.py:190} INFO - [2025-01-05T23:56:54.777+0000] {dag.py:3239} INFO - Sync 2 DAGs
[2025-01-05T23:56:54.782+0000] {logging_mixin.py:190} INFO - [2025-01-05T23:56:54.782+0000] {dag.py:4180} INFO - Setting next_dagrun for example_subdag_operator.section-1 to None, run_after=None
[2025-01-05T23:56:54.783+0000] {logging_mixin.py:190} INFO - [2025-01-05T23:56:54.783+0000] {dag.py:4180} INFO - Setting next_dagrun for example_subdag_operator.section-2 to None, run_after=None
[2025-01-05T23:56:54.792+0000] {processor.py:208} INFO - Processing /home/airflow/.local/lib/python3.12/site-packages/airflow/example_dags/example_subdag_operator.py took 0.087 seconds
[2025-01-05T23:57:26.342+0000] {processor.py:186} INFO - Started process (PID=8974) to work on /home/airflow/.local/lib/python3.12/site-packages/airflow/example_dags/example_subdag_operator.py
[2025-01-05T23:57:26.343+0000] {processor.py:914} INFO - Processing file /home/airflow/.local/lib/python3.12/site-packages/airflow/example_dags/example_subdag_operator.py for tasks to queue
[2025-01-05T23:57:26.345+0000] {logging_mixin.py:190} INFO - [2025-01-05T23:57:26.344+0000] {dagbag.py:588} INFO - Filling up the DagBag from /home/airflow/.local/lib/python3.12/site-packages/airflow/example_dags/example_subdag_operator.py
[2025-01-05T23:57:26.366+0000] {processor.py:925} INFO - DAG(s) 'example_subdag_operator.section-1', 'example_subdag_operator.section-2', 'example_subdag_operator' retrieved from /home/airflow/.local/lib/python3.12/site-packages/airflow/example_dags/example_subdag_operator.py
[2025-01-05T23:57:26.378+0000] {logging_mixin.py:190} INFO - [2025-01-05T23:57:26.377+0000] {dag.py:3239} INFO - Sync 3 DAGs
[2025-01-05T23:57:26.395+0000] {logging_mixin.py:190} INFO - [2025-01-05T23:57:26.395+0000] {dag.py:4180} INFO - Setting next_dagrun for example_subdag_operator to 2022-01-01 00:00:00+00:00, run_after=2022-01-01 00:00:00+00:00
[2025-01-05T23:57:26.398+0000] {logging_mixin.py:190} INFO - [2025-01-05T23:57:26.398+0000] {dag.py:4180} INFO - Setting next_dagrun for example_subdag_operator.section-1 to None, run_after=None
[2025-01-05T23:57:26.400+0000] {logging_mixin.py:190} INFO - [2025-01-05T23:57:26.400+0000] {dag.py:4180} INFO - Setting next_dagrun for example_subdag_operator.section-2 to None, run_after=None
[2025-01-05T23:57:26.405+0000] {logging_mixin.py:190} INFO - [2025-01-05T23:57:26.405+0000] {dag.py:3239} INFO - Sync 2 DAGs
[2025-01-05T23:57:26.410+0000] {logging_mixin.py:190} INFO - [2025-01-05T23:57:26.410+0000] {dag.py:4180} INFO - Setting next_dagrun for example_subdag_operator.section-1 to None, run_after=None
[2025-01-05T23:57:26.411+0000] {logging_mixin.py:190} INFO - [2025-01-05T23:57:26.410+0000] {dag.py:4180} INFO - Setting next_dagrun for example_subdag_operator.section-2 to None, run_after=None
[2025-01-05T23:57:26.424+0000] {processor.py:208} INFO - Processing /home/airflow/.local/lib/python3.12/site-packages/airflow/example_dags/example_subdag_operator.py took 0.087 seconds
[2025-01-05T23:57:57.200+0000] {processor.py:186} INFO - Started process (PID=9268) to work on /home/airflow/.local/lib/python3.12/site-packages/airflow/example_dags/example_subdag_operator.py
[2025-01-05T23:57:57.201+0000] {processor.py:914} INFO - Processing file /home/airflow/.local/lib/python3.12/site-packages/airflow/example_dags/example_subdag_operator.py for tasks to queue
[2025-01-05T23:57:57.203+0000] {logging_mixin.py:190} INFO - [2025-01-05T23:57:57.202+0000] {dagbag.py:588} INFO - Filling up the DagBag from /home/airflow/.local/lib/python3.12/site-packages/airflow/example_dags/example_subdag_operator.py
[2025-01-05T23:57:57.226+0000] {processor.py:925} INFO - DAG(s) 'example_subdag_operator.section-1', 'example_subdag_operator.section-2', 'example_subdag_operator' retrieved from /home/airflow/.local/lib/python3.12/site-packages/airflow/example_dags/example_subdag_operator.py
[2025-01-05T23:57:57.237+0000] {logging_mixin.py:190} INFO - [2025-01-05T23:57:57.237+0000] {dag.py:3239} INFO - Sync 3 DAGs
[2025-01-05T23:57:57.256+0000] {logging_mixin.py:190} INFO - [2025-01-05T23:57:57.256+0000] {dag.py:4180} INFO - Setting next_dagrun for example_subdag_operator to 2022-01-01 00:00:00+00:00, run_after=2022-01-01 00:00:00+00:00
[2025-01-05T23:57:57.260+0000] {logging_mixin.py:190} INFO - [2025-01-05T23:57:57.260+0000] {dag.py:4180} INFO - Setting next_dagrun for example_subdag_operator.section-1 to None, run_after=None
[2025-01-05T23:57:57.261+0000] {logging_mixin.py:190} INFO - [2025-01-05T23:57:57.261+0000] {dag.py:4180} INFO - Setting next_dagrun for example_subdag_operator.section-2 to None, run_after=None
[2025-01-05T23:57:57.266+0000] {logging_mixin.py:190} INFO - [2025-01-05T23:57:57.266+0000] {dag.py:3239} INFO - Sync 2 DAGs
[2025-01-05T23:57:57.270+0000] {logging_mixin.py:190} INFO - [2025-01-05T23:57:57.270+0000] {dag.py:4180} INFO - Setting next_dagrun for example_subdag_operator.section-1 to None, run_after=None
[2025-01-05T23:57:57.271+0000] {logging_mixin.py:190} INFO - [2025-01-05T23:57:57.270+0000] {dag.py:4180} INFO - Setting next_dagrun for example_subdag_operator.section-2 to None, run_after=None
[2025-01-05T23:57:57.279+0000] {processor.py:208} INFO - Processing /home/airflow/.local/lib/python3.12/site-packages/airflow/example_dags/example_subdag_operator.py took 0.085 seconds
[2025-01-05T23:58:27.894+0000] {processor.py:186} INFO - Started process (PID=9564) to work on /home/airflow/.local/lib/python3.12/site-packages/airflow/example_dags/example_subdag_operator.py
[2025-01-05T23:58:27.895+0000] {processor.py:914} INFO - Processing file /home/airflow/.local/lib/python3.12/site-packages/airflow/example_dags/example_subdag_operator.py for tasks to queue
[2025-01-05T23:58:27.897+0000] {logging_mixin.py:190} INFO - [2025-01-05T23:58:27.897+0000] {dagbag.py:588} INFO - Filling up the DagBag from /home/airflow/.local/lib/python3.12/site-packages/airflow/example_dags/example_subdag_operator.py
[2025-01-05T23:58:27.918+0000] {processor.py:925} INFO - DAG(s) 'example_subdag_operator.section-1', 'example_subdag_operator.section-2', 'example_subdag_operator' retrieved from /home/airflow/.local/lib/python3.12/site-packages/airflow/example_dags/example_subdag_operator.py
[2025-01-05T23:58:27.931+0000] {logging_mixin.py:190} INFO - [2025-01-05T23:58:27.931+0000] {dag.py:3239} INFO - Sync 3 DAGs
[2025-01-05T23:58:27.951+0000] {logging_mixin.py:190} INFO - [2025-01-05T23:58:27.951+0000] {dag.py:4180} INFO - Setting next_dagrun for example_subdag_operator to 2022-01-01 00:00:00+00:00, run_after=2022-01-01 00:00:00+00:00
[2025-01-05T23:58:27.956+0000] {logging_mixin.py:190} INFO - [2025-01-05T23:58:27.956+0000] {dag.py:4180} INFO - Setting next_dagrun for example_subdag_operator.section-1 to None, run_after=None
[2025-01-05T23:58:27.958+0000] {logging_mixin.py:190} INFO - [2025-01-05T23:58:27.958+0000] {dag.py:4180} INFO - Setting next_dagrun for example_subdag_operator.section-2 to None, run_after=None
[2025-01-05T23:58:27.964+0000] {logging_mixin.py:190} INFO - [2025-01-05T23:58:27.964+0000] {dag.py:3239} INFO - Sync 2 DAGs
[2025-01-05T23:58:27.970+0000] {logging_mixin.py:190} INFO - [2025-01-05T23:58:27.969+0000] {dag.py:4180} INFO - Setting next_dagrun for example_subdag_operator.section-1 to None, run_after=None
[2025-01-05T23:58:27.970+0000] {logging_mixin.py:190} INFO - [2025-01-05T23:58:27.970+0000] {dag.py:4180} INFO - Setting next_dagrun for example_subdag_operator.section-2 to None, run_after=None
[2025-01-05T23:58:27.982+0000] {processor.py:208} INFO - Processing /home/airflow/.local/lib/python3.12/site-packages/airflow/example_dags/example_subdag_operator.py took 0.093 seconds
[2025-01-05T23:58:58.182+0000] {processor.py:186} INFO - Started process (PID=9855) to work on /home/airflow/.local/lib/python3.12/site-packages/airflow/example_dags/example_subdag_operator.py
[2025-01-05T23:58:58.183+0000] {processor.py:914} INFO - Processing file /home/airflow/.local/lib/python3.12/site-packages/airflow/example_dags/example_subdag_operator.py for tasks to queue
[2025-01-05T23:58:58.185+0000] {logging_mixin.py:190} INFO - [2025-01-05T23:58:58.185+0000] {dagbag.py:588} INFO - Filling up the DagBag from /home/airflow/.local/lib/python3.12/site-packages/airflow/example_dags/example_subdag_operator.py
[2025-01-05T23:58:58.207+0000] {processor.py:925} INFO - DAG(s) 'example_subdag_operator.section-1', 'example_subdag_operator.section-2', 'example_subdag_operator' retrieved from /home/airflow/.local/lib/python3.12/site-packages/airflow/example_dags/example_subdag_operator.py
[2025-01-05T23:58:58.219+0000] {logging_mixin.py:190} INFO - [2025-01-05T23:58:58.218+0000] {dag.py:3239} INFO - Sync 3 DAGs
[2025-01-05T23:58:58.238+0000] {logging_mixin.py:190} INFO - [2025-01-05T23:58:58.237+0000] {dag.py:4180} INFO - Setting next_dagrun for example_subdag_operator to 2022-01-01 00:00:00+00:00, run_after=2022-01-01 00:00:00+00:00
[2025-01-05T23:58:58.242+0000] {logging_mixin.py:190} INFO - [2025-01-05T23:58:58.242+0000] {dag.py:4180} INFO - Setting next_dagrun for example_subdag_operator.section-1 to None, run_after=None
[2025-01-05T23:58:58.243+0000] {logging_mixin.py:190} INFO - [2025-01-05T23:58:58.243+0000] {dag.py:4180} INFO - Setting next_dagrun for example_subdag_operator.section-2 to None, run_after=None
[2025-01-05T23:58:58.249+0000] {logging_mixin.py:190} INFO - [2025-01-05T23:58:58.249+0000] {dag.py:3239} INFO - Sync 2 DAGs
[2025-01-05T23:58:58.253+0000] {logging_mixin.py:190} INFO - [2025-01-05T23:58:58.253+0000] {dag.py:4180} INFO - Setting next_dagrun for example_subdag_operator.section-1 to None, run_after=None
[2025-01-05T23:58:58.253+0000] {logging_mixin.py:190} INFO - [2025-01-05T23:58:58.253+0000] {dag.py:4180} INFO - Setting next_dagrun for example_subdag_operator.section-2 to None, run_after=None
[2025-01-05T23:58:58.265+0000] {processor.py:208} INFO - Processing /home/airflow/.local/lib/python3.12/site-packages/airflow/example_dags/example_subdag_operator.py took 0.088 seconds
[2025-01-05T23:59:28.602+0000] {processor.py:186} INFO - Started process (PID=10147) to work on /home/airflow/.local/lib/python3.12/site-packages/airflow/example_dags/example_subdag_operator.py
[2025-01-05T23:59:28.603+0000] {processor.py:914} INFO - Processing file /home/airflow/.local/lib/python3.12/site-packages/airflow/example_dags/example_subdag_operator.py for tasks to queue
[2025-01-05T23:59:28.605+0000] {logging_mixin.py:190} INFO - [2025-01-05T23:59:28.604+0000] {dagbag.py:588} INFO - Filling up the DagBag from /home/airflow/.local/lib/python3.12/site-packages/airflow/example_dags/example_subdag_operator.py
[2025-01-05T23:59:28.625+0000] {processor.py:925} INFO - DAG(s) 'example_subdag_operator.section-1', 'example_subdag_operator.section-2', 'example_subdag_operator' retrieved from /home/airflow/.local/lib/python3.12/site-packages/airflow/example_dags/example_subdag_operator.py
[2025-01-05T23:59:28.638+0000] {logging_mixin.py:190} INFO - [2025-01-05T23:59:28.638+0000] {dag.py:3239} INFO - Sync 3 DAGs
[2025-01-05T23:59:28.656+0000] {logging_mixin.py:190} INFO - [2025-01-05T23:59:28.655+0000] {dag.py:4180} INFO - Setting next_dagrun for example_subdag_operator to 2022-01-01 00:00:00+00:00, run_after=2022-01-01 00:00:00+00:00
[2025-01-05T23:59:28.660+0000] {logging_mixin.py:190} INFO - [2025-01-05T23:59:28.660+0000] {dag.py:4180} INFO - Setting next_dagrun for example_subdag_operator.section-1 to None, run_after=None
[2025-01-05T23:59:28.661+0000] {logging_mixin.py:190} INFO - [2025-01-05T23:59:28.661+0000] {dag.py:4180} INFO - Setting next_dagrun for example_subdag_operator.section-2 to None, run_after=None
[2025-01-05T23:59:28.667+0000] {logging_mixin.py:190} INFO - [2025-01-05T23:59:28.667+0000] {dag.py:3239} INFO - Sync 2 DAGs
[2025-01-05T23:59:28.671+0000] {logging_mixin.py:190} INFO - [2025-01-05T23:59:28.671+0000] {dag.py:4180} INFO - Setting next_dagrun for example_subdag_operator.section-1 to None, run_after=None
[2025-01-05T23:59:28.672+0000] {logging_mixin.py:190} INFO - [2025-01-05T23:59:28.672+0000] {dag.py:4180} INFO - Setting next_dagrun for example_subdag_operator.section-2 to None, run_after=None
[2025-01-05T23:59:28.682+0000] {processor.py:208} INFO - Processing /home/airflow/.local/lib/python3.12/site-packages/airflow/example_dags/example_subdag_operator.py took 0.085 seconds
[2025-01-05T23:59:59.401+0000] {processor.py:186} INFO - Started process (PID=10443) to work on /home/airflow/.local/lib/python3.12/site-packages/airflow/example_dags/example_subdag_operator.py
[2025-01-05T23:59:59.402+0000] {processor.py:914} INFO - Processing file /home/airflow/.local/lib/python3.12/site-packages/airflow/example_dags/example_subdag_operator.py for tasks to queue
[2025-01-05T23:59:59.404+0000] {logging_mixin.py:190} INFO - [2025-01-05T23:59:59.404+0000] {dagbag.py:588} INFO - Filling up the DagBag from /home/airflow/.local/lib/python3.12/site-packages/airflow/example_dags/example_subdag_operator.py
[2025-01-05T23:59:59.426+0000] {processor.py:925} INFO - DAG(s) 'example_subdag_operator.section-1', 'example_subdag_operator.section-2', 'example_subdag_operator' retrieved from /home/airflow/.local/lib/python3.12/site-packages/airflow/example_dags/example_subdag_operator.py
[2025-01-05T23:59:59.438+0000] {logging_mixin.py:190} INFO - [2025-01-05T23:59:59.438+0000] {dag.py:3239} INFO - Sync 3 DAGs
[2025-01-05T23:59:59.456+0000] {logging_mixin.py:190} INFO - [2025-01-05T23:59:59.456+0000] {dag.py:4180} INFO - Setting next_dagrun for example_subdag_operator to 2022-01-01 00:00:00+00:00, run_after=2022-01-01 00:00:00+00:00
[2025-01-05T23:59:59.459+0000] {logging_mixin.py:190} INFO - [2025-01-05T23:59:59.459+0000] {dag.py:4180} INFO - Setting next_dagrun for example_subdag_operator.section-1 to None, run_after=None
[2025-01-05T23:59:59.461+0000] {logging_mixin.py:190} INFO - [2025-01-05T23:59:59.461+0000] {dag.py:4180} INFO - Setting next_dagrun for example_subdag_operator.section-2 to None, run_after=None
[2025-01-05T23:59:59.466+0000] {logging_mixin.py:190} INFO - [2025-01-05T23:59:59.466+0000] {dag.py:3239} INFO - Sync 2 DAGs
[2025-01-05T23:59:59.472+0000] {logging_mixin.py:190} INFO - [2025-01-05T23:59:59.472+0000] {dag.py:4180} INFO - Setting next_dagrun for example_subdag_operator.section-1 to None, run_after=None
[2025-01-05T23:59:59.473+0000] {logging_mixin.py:190} INFO - [2025-01-05T23:59:59.473+0000] {dag.py:4180} INFO - Setting next_dagrun for example_subdag_operator.section-2 to None, run_after=None
[2025-01-05T23:59:59.484+0000] {processor.py:208} INFO - Processing /home/airflow/.local/lib/python3.12/site-packages/airflow/example_dags/example_subdag_operator.py took 0.088 seconds
