[2025-01-05T23:42:23.250+0000] {processor.py:186} INFO - Started process (PID=237) to work on /home/airflow/.local/lib/python3.12/site-packages/airflow/example_dags/example_dataset_alias.py
[2025-01-05T23:42:23.251+0000] {processor.py:914} INFO - Processing file /home/airflow/.local/lib/python3.12/site-packages/airflow/example_dags/example_dataset_alias.py for tasks to queue
[2025-01-05T23:42:23.254+0000] {logging_mixin.py:190} INFO - [2025-01-05T23:42:23.253+0000] {dagbag.py:588} INFO - Filling up the DagBag from /home/airflow/.local/lib/python3.12/site-packages/airflow/example_dags/example_dataset_alias.py
[2025-01-05T23:42:24.228+0000] {processor.py:925} INFO - DAG(s) 'dataset_alias_example_alias_producer', 'dataset_s3_bucket_producer', 'dataset_alias_example_alias_consumer', 'dataset_s3_bucket_consumer' retrieved from /home/airflow/.local/lib/python3.12/site-packages/airflow/example_dags/example_dataset_alias.py
[2025-01-05T23:42:24.269+0000] {logging_mixin.py:190} INFO - [2025-01-05T23:42:24.268+0000] {dag.py:3239} INFO - Sync 4 DAGs
[2025-01-05T23:42:24.297+0000] {logging_mixin.py:190} INFO - [2025-01-05T23:42:24.297+0000] {dag.py:4180} INFO - Setting next_dagrun for dataset_alias_example_alias_consumer to None, run_after=None
[2025-01-05T23:42:24.300+0000] {logging_mixin.py:190} INFO - [2025-01-05T23:42:24.300+0000] {dag.py:4180} INFO - Setting next_dagrun for dataset_alias_example_alias_producer to None, run_after=None
[2025-01-05T23:42:24.302+0000] {logging_mixin.py:190} INFO - [2025-01-05T23:42:24.302+0000] {dag.py:4180} INFO - Setting next_dagrun for dataset_s3_bucket_consumer to None, run_after=None
[2025-01-05T23:42:24.303+0000] {logging_mixin.py:190} INFO - [2025-01-05T23:42:24.303+0000] {dag.py:4180} INFO - Setting next_dagrun for dataset_s3_bucket_producer to None, run_after=None
[2025-01-05T23:42:24.325+0000] {processor.py:208} INFO - Processing /home/airflow/.local/lib/python3.12/site-packages/airflow/example_dags/example_dataset_alias.py took 1.080 seconds
[2025-01-05T23:42:54.398+0000] {processor.py:186} INFO - Started process (PID=533) to work on /home/airflow/.local/lib/python3.12/site-packages/airflow/example_dags/example_dataset_alias.py
[2025-01-05T23:42:54.399+0000] {processor.py:914} INFO - Processing file /home/airflow/.local/lib/python3.12/site-packages/airflow/example_dags/example_dataset_alias.py for tasks to queue
[2025-01-05T23:42:54.401+0000] {logging_mixin.py:190} INFO - [2025-01-05T23:42:54.401+0000] {dagbag.py:588} INFO - Filling up the DagBag from /home/airflow/.local/lib/python3.12/site-packages/airflow/example_dags/example_dataset_alias.py
[2025-01-05T23:42:54.955+0000] {processor.py:925} INFO - DAG(s) 'dataset_alias_example_alias_producer', 'dataset_alias_example_alias_consumer', 'dataset_s3_bucket_producer', 'dataset_s3_bucket_consumer' retrieved from /home/airflow/.local/lib/python3.12/site-packages/airflow/example_dags/example_dataset_alias.py
[2025-01-05T23:42:54.976+0000] {logging_mixin.py:190} INFO - [2025-01-05T23:42:54.975+0000] {dag.py:3239} INFO - Sync 4 DAGs
[2025-01-05T23:42:54.996+0000] {logging_mixin.py:190} INFO - [2025-01-05T23:42:54.996+0000] {dag.py:4180} INFO - Setting next_dagrun for dataset_alias_example_alias_consumer to None, run_after=None
[2025-01-05T23:42:54.999+0000] {logging_mixin.py:190} INFO - [2025-01-05T23:42:54.999+0000] {dag.py:4180} INFO - Setting next_dagrun for dataset_alias_example_alias_producer to None, run_after=None
[2025-01-05T23:42:55.001+0000] {logging_mixin.py:190} INFO - [2025-01-05T23:42:55.001+0000] {dag.py:4180} INFO - Setting next_dagrun for dataset_s3_bucket_consumer to None, run_after=None
[2025-01-05T23:42:55.003+0000] {logging_mixin.py:190} INFO - [2025-01-05T23:42:55.003+0000] {dag.py:4180} INFO - Setting next_dagrun for dataset_s3_bucket_producer to None, run_after=None
[2025-01-05T23:42:55.025+0000] {processor.py:208} INFO - Processing /home/airflow/.local/lib/python3.12/site-packages/airflow/example_dags/example_dataset_alias.py took 0.631 seconds
[2025-01-05T23:43:25.769+0000] {processor.py:186} INFO - Started process (PID=829) to work on /home/airflow/.local/lib/python3.12/site-packages/airflow/example_dags/example_dataset_alias.py
[2025-01-05T23:43:25.770+0000] {processor.py:914} INFO - Processing file /home/airflow/.local/lib/python3.12/site-packages/airflow/example_dags/example_dataset_alias.py for tasks to queue
[2025-01-05T23:43:25.771+0000] {logging_mixin.py:190} INFO - [2025-01-05T23:43:25.771+0000] {dagbag.py:588} INFO - Filling up the DagBag from /home/airflow/.local/lib/python3.12/site-packages/airflow/example_dags/example_dataset_alias.py
[2025-01-05T23:43:26.440+0000] {processor.py:925} INFO - DAG(s) 'dataset_s3_bucket_consumer', 'dataset_s3_bucket_producer', 'dataset_alias_example_alias_consumer', 'dataset_alias_example_alias_producer' retrieved from /home/airflow/.local/lib/python3.12/site-packages/airflow/example_dags/example_dataset_alias.py
[2025-01-05T23:43:26.462+0000] {logging_mixin.py:190} INFO - [2025-01-05T23:43:26.461+0000] {dag.py:3239} INFO - Sync 4 DAGs
[2025-01-05T23:43:26.482+0000] {logging_mixin.py:190} INFO - [2025-01-05T23:43:26.481+0000] {dag.py:4180} INFO - Setting next_dagrun for dataset_alias_example_alias_consumer to None, run_after=None
[2025-01-05T23:43:26.484+0000] {logging_mixin.py:190} INFO - [2025-01-05T23:43:26.484+0000] {dag.py:4180} INFO - Setting next_dagrun for dataset_alias_example_alias_producer to None, run_after=None
[2025-01-05T23:43:26.486+0000] {logging_mixin.py:190} INFO - [2025-01-05T23:43:26.486+0000] {dag.py:4180} INFO - Setting next_dagrun for dataset_s3_bucket_consumer to None, run_after=None
[2025-01-05T23:43:26.487+0000] {logging_mixin.py:190} INFO - [2025-01-05T23:43:26.487+0000] {dag.py:4180} INFO - Setting next_dagrun for dataset_s3_bucket_producer to None, run_after=None
[2025-01-05T23:43:26.507+0000] {processor.py:208} INFO - Processing /home/airflow/.local/lib/python3.12/site-packages/airflow/example_dags/example_dataset_alias.py took 0.743 seconds
[2025-01-05T23:43:56.638+0000] {processor.py:186} INFO - Started process (PID=1125) to work on /home/airflow/.local/lib/python3.12/site-packages/airflow/example_dags/example_dataset_alias.py
[2025-01-05T23:43:56.640+0000] {processor.py:914} INFO - Processing file /home/airflow/.local/lib/python3.12/site-packages/airflow/example_dags/example_dataset_alias.py for tasks to queue
[2025-01-05T23:43:56.643+0000] {logging_mixin.py:190} INFO - [2025-01-05T23:43:56.642+0000] {dagbag.py:588} INFO - Filling up the DagBag from /home/airflow/.local/lib/python3.12/site-packages/airflow/example_dags/example_dataset_alias.py
[2025-01-05T23:43:57.204+0000] {processor.py:925} INFO - DAG(s) 'dataset_s3_bucket_producer', 'dataset_s3_bucket_consumer', 'dataset_alias_example_alias_producer', 'dataset_alias_example_alias_consumer' retrieved from /home/airflow/.local/lib/python3.12/site-packages/airflow/example_dags/example_dataset_alias.py
[2025-01-05T23:43:57.223+0000] {logging_mixin.py:190} INFO - [2025-01-05T23:43:57.223+0000] {dag.py:3239} INFO - Sync 4 DAGs
[2025-01-05T23:43:57.243+0000] {logging_mixin.py:190} INFO - [2025-01-05T23:43:57.243+0000] {dag.py:4180} INFO - Setting next_dagrun for dataset_alias_example_alias_consumer to None, run_after=None
[2025-01-05T23:43:57.246+0000] {logging_mixin.py:190} INFO - [2025-01-05T23:43:57.245+0000] {dag.py:4180} INFO - Setting next_dagrun for dataset_alias_example_alias_producer to None, run_after=None
[2025-01-05T23:43:57.247+0000] {logging_mixin.py:190} INFO - [2025-01-05T23:43:57.247+0000] {dag.py:4180} INFO - Setting next_dagrun for dataset_s3_bucket_consumer to None, run_after=None
[2025-01-05T23:43:57.248+0000] {logging_mixin.py:190} INFO - [2025-01-05T23:43:57.248+0000] {dag.py:4180} INFO - Setting next_dagrun for dataset_s3_bucket_producer to None, run_after=None
[2025-01-05T23:43:57.266+0000] {processor.py:208} INFO - Processing /home/airflow/.local/lib/python3.12/site-packages/airflow/example_dags/example_dataset_alias.py took 0.632 seconds
[2025-01-05T23:44:27.656+0000] {processor.py:186} INFO - Started process (PID=1421) to work on /home/airflow/.local/lib/python3.12/site-packages/airflow/example_dags/example_dataset_alias.py
[2025-01-05T23:44:27.656+0000] {processor.py:914} INFO - Processing file /home/airflow/.local/lib/python3.12/site-packages/airflow/example_dags/example_dataset_alias.py for tasks to queue
[2025-01-05T23:44:27.658+0000] {logging_mixin.py:190} INFO - [2025-01-05T23:44:27.658+0000] {dagbag.py:588} INFO - Filling up the DagBag from /home/airflow/.local/lib/python3.12/site-packages/airflow/example_dags/example_dataset_alias.py
[2025-01-05T23:44:28.124+0000] {processor.py:925} INFO - DAG(s) 'dataset_s3_bucket_producer', 'dataset_s3_bucket_consumer', 'dataset_alias_example_alias_producer', 'dataset_alias_example_alias_consumer' retrieved from /home/airflow/.local/lib/python3.12/site-packages/airflow/example_dags/example_dataset_alias.py
[2025-01-05T23:44:28.152+0000] {logging_mixin.py:190} INFO - [2025-01-05T23:44:28.151+0000] {dag.py:3239} INFO - Sync 4 DAGs
[2025-01-05T23:44:28.175+0000] {logging_mixin.py:190} INFO - [2025-01-05T23:44:28.175+0000] {dag.py:4180} INFO - Setting next_dagrun for dataset_alias_example_alias_consumer to None, run_after=None
[2025-01-05T23:44:28.179+0000] {logging_mixin.py:190} INFO - [2025-01-05T23:44:28.178+0000] {dag.py:4180} INFO - Setting next_dagrun for dataset_alias_example_alias_producer to None, run_after=None
[2025-01-05T23:44:28.180+0000] {logging_mixin.py:190} INFO - [2025-01-05T23:44:28.180+0000] {dag.py:4180} INFO - Setting next_dagrun for dataset_s3_bucket_consumer to None, run_after=None
[2025-01-05T23:44:28.182+0000] {logging_mixin.py:190} INFO - [2025-01-05T23:44:28.182+0000] {dag.py:4180} INFO - Setting next_dagrun for dataset_s3_bucket_producer to None, run_after=None
[2025-01-05T23:44:28.204+0000] {processor.py:208} INFO - Processing /home/airflow/.local/lib/python3.12/site-packages/airflow/example_dags/example_dataset_alias.py took 0.553 seconds
[2025-01-05T23:44:58.264+0000] {processor.py:186} INFO - Started process (PID=1717) to work on /home/airflow/.local/lib/python3.12/site-packages/airflow/example_dags/example_dataset_alias.py
[2025-01-05T23:44:58.265+0000] {processor.py:914} INFO - Processing file /home/airflow/.local/lib/python3.12/site-packages/airflow/example_dags/example_dataset_alias.py for tasks to queue
[2025-01-05T23:44:58.266+0000] {logging_mixin.py:190} INFO - [2025-01-05T23:44:58.266+0000] {dagbag.py:588} INFO - Filling up the DagBag from /home/airflow/.local/lib/python3.12/site-packages/airflow/example_dags/example_dataset_alias.py
[2025-01-05T23:44:58.763+0000] {processor.py:925} INFO - DAG(s) 'dataset_s3_bucket_consumer', 'dataset_alias_example_alias_producer', 'dataset_s3_bucket_producer', 'dataset_alias_example_alias_consumer' retrieved from /home/airflow/.local/lib/python3.12/site-packages/airflow/example_dags/example_dataset_alias.py
[2025-01-05T23:44:58.783+0000] {logging_mixin.py:190} INFO - [2025-01-05T23:44:58.783+0000] {dag.py:3239} INFO - Sync 4 DAGs
[2025-01-05T23:44:58.817+0000] {logging_mixin.py:190} INFO - [2025-01-05T23:44:58.816+0000] {dag.py:4180} INFO - Setting next_dagrun for dataset_alias_example_alias_consumer to None, run_after=None
[2025-01-05T23:44:58.820+0000] {logging_mixin.py:190} INFO - [2025-01-05T23:44:58.820+0000] {dag.py:4180} INFO - Setting next_dagrun for dataset_alias_example_alias_producer to None, run_after=None
[2025-01-05T23:44:58.823+0000] {logging_mixin.py:190} INFO - [2025-01-05T23:44:58.822+0000] {dag.py:4180} INFO - Setting next_dagrun for dataset_s3_bucket_consumer to None, run_after=None
[2025-01-05T23:44:58.824+0000] {logging_mixin.py:190} INFO - [2025-01-05T23:44:58.824+0000] {dag.py:4180} INFO - Setting next_dagrun for dataset_s3_bucket_producer to None, run_after=None
[2025-01-05T23:44:58.845+0000] {processor.py:208} INFO - Processing /home/airflow/.local/lib/python3.12/site-packages/airflow/example_dags/example_dataset_alias.py took 0.586 seconds
[2025-01-05T23:45:28.952+0000] {processor.py:186} INFO - Started process (PID=2013) to work on /home/airflow/.local/lib/python3.12/site-packages/airflow/example_dags/example_dataset_alias.py
[2025-01-05T23:45:28.953+0000] {processor.py:914} INFO - Processing file /home/airflow/.local/lib/python3.12/site-packages/airflow/example_dags/example_dataset_alias.py for tasks to queue
[2025-01-05T23:45:28.955+0000] {logging_mixin.py:190} INFO - [2025-01-05T23:45:28.955+0000] {dagbag.py:588} INFO - Filling up the DagBag from /home/airflow/.local/lib/python3.12/site-packages/airflow/example_dags/example_dataset_alias.py
[2025-01-05T23:45:29.452+0000] {processor.py:925} INFO - DAG(s) 'dataset_s3_bucket_producer', 'dataset_s3_bucket_consumer', 'dataset_alias_example_alias_consumer', 'dataset_alias_example_alias_producer' retrieved from /home/airflow/.local/lib/python3.12/site-packages/airflow/example_dags/example_dataset_alias.py
[2025-01-05T23:45:29.472+0000] {logging_mixin.py:190} INFO - [2025-01-05T23:45:29.471+0000] {dag.py:3239} INFO - Sync 4 DAGs
[2025-01-05T23:45:29.490+0000] {logging_mixin.py:190} INFO - [2025-01-05T23:45:29.490+0000] {dag.py:4180} INFO - Setting next_dagrun for dataset_alias_example_alias_consumer to None, run_after=None
[2025-01-05T23:45:29.493+0000] {logging_mixin.py:190} INFO - [2025-01-05T23:45:29.493+0000] {dag.py:4180} INFO - Setting next_dagrun for dataset_alias_example_alias_producer to None, run_after=None
[2025-01-05T23:45:29.494+0000] {logging_mixin.py:190} INFO - [2025-01-05T23:45:29.494+0000] {dag.py:4180} INFO - Setting next_dagrun for dataset_s3_bucket_consumer to None, run_after=None
[2025-01-05T23:45:29.495+0000] {logging_mixin.py:190} INFO - [2025-01-05T23:45:29.495+0000] {dag.py:4180} INFO - Setting next_dagrun for dataset_s3_bucket_producer to None, run_after=None
[2025-01-05T23:45:29.514+0000] {processor.py:208} INFO - Processing /home/airflow/.local/lib/python3.12/site-packages/airflow/example_dags/example_dataset_alias.py took 0.566 seconds
[2025-01-05T23:45:59.696+0000] {processor.py:186} INFO - Started process (PID=2309) to work on /home/airflow/.local/lib/python3.12/site-packages/airflow/example_dags/example_dataset_alias.py
[2025-01-05T23:45:59.697+0000] {processor.py:914} INFO - Processing file /home/airflow/.local/lib/python3.12/site-packages/airflow/example_dags/example_dataset_alias.py for tasks to queue
[2025-01-05T23:45:59.699+0000] {logging_mixin.py:190} INFO - [2025-01-05T23:45:59.698+0000] {dagbag.py:588} INFO - Filling up the DagBag from /home/airflow/.local/lib/python3.12/site-packages/airflow/example_dags/example_dataset_alias.py
[2025-01-05T23:46:00.193+0000] {processor.py:925} INFO - DAG(s) 'dataset_s3_bucket_consumer', 'dataset_s3_bucket_producer', 'dataset_alias_example_alias_consumer', 'dataset_alias_example_alias_producer' retrieved from /home/airflow/.local/lib/python3.12/site-packages/airflow/example_dags/example_dataset_alias.py
[2025-01-05T23:46:00.211+0000] {logging_mixin.py:190} INFO - [2025-01-05T23:46:00.211+0000] {dag.py:3239} INFO - Sync 4 DAGs
[2025-01-05T23:46:00.228+0000] {logging_mixin.py:190} INFO - [2025-01-05T23:46:00.228+0000] {dag.py:4180} INFO - Setting next_dagrun for dataset_alias_example_alias_consumer to None, run_after=None
[2025-01-05T23:46:00.231+0000] {logging_mixin.py:190} INFO - [2025-01-05T23:46:00.231+0000] {dag.py:4180} INFO - Setting next_dagrun for dataset_alias_example_alias_producer to None, run_after=None
[2025-01-05T23:46:00.233+0000] {logging_mixin.py:190} INFO - [2025-01-05T23:46:00.232+0000] {dag.py:4180} INFO - Setting next_dagrun for dataset_s3_bucket_consumer to None, run_after=None
[2025-01-05T23:46:00.234+0000] {logging_mixin.py:190} INFO - [2025-01-05T23:46:00.234+0000] {dag.py:4180} INFO - Setting next_dagrun for dataset_s3_bucket_producer to None, run_after=None
[2025-01-05T23:46:00.265+0000] {processor.py:208} INFO - Processing /home/airflow/.local/lib/python3.12/site-packages/airflow/example_dags/example_dataset_alias.py took 0.574 seconds
[2025-01-05T23:46:30.811+0000] {processor.py:186} INFO - Started process (PID=2605) to work on /home/airflow/.local/lib/python3.12/site-packages/airflow/example_dags/example_dataset_alias.py
[2025-01-05T23:46:30.812+0000] {processor.py:914} INFO - Processing file /home/airflow/.local/lib/python3.12/site-packages/airflow/example_dags/example_dataset_alias.py for tasks to queue
[2025-01-05T23:46:30.813+0000] {logging_mixin.py:190} INFO - [2025-01-05T23:46:30.813+0000] {dagbag.py:588} INFO - Filling up the DagBag from /home/airflow/.local/lib/python3.12/site-packages/airflow/example_dags/example_dataset_alias.py
[2025-01-05T23:46:31.293+0000] {processor.py:925} INFO - DAG(s) 'dataset_s3_bucket_producer', 'dataset_alias_example_alias_consumer', 'dataset_alias_example_alias_producer', 'dataset_s3_bucket_consumer' retrieved from /home/airflow/.local/lib/python3.12/site-packages/airflow/example_dags/example_dataset_alias.py
[2025-01-05T23:46:31.310+0000] {logging_mixin.py:190} INFO - [2025-01-05T23:46:31.310+0000] {dag.py:3239} INFO - Sync 4 DAGs
[2025-01-05T23:46:31.327+0000] {logging_mixin.py:190} INFO - [2025-01-05T23:46:31.327+0000] {dag.py:4180} INFO - Setting next_dagrun for dataset_alias_example_alias_consumer to None, run_after=None
[2025-01-05T23:46:31.330+0000] {logging_mixin.py:190} INFO - [2025-01-05T23:46:31.329+0000] {dag.py:4180} INFO - Setting next_dagrun for dataset_alias_example_alias_producer to None, run_after=None
[2025-01-05T23:46:31.331+0000] {logging_mixin.py:190} INFO - [2025-01-05T23:46:31.331+0000] {dag.py:4180} INFO - Setting next_dagrun for dataset_s3_bucket_consumer to None, run_after=None
[2025-01-05T23:46:31.333+0000] {logging_mixin.py:190} INFO - [2025-01-05T23:46:31.332+0000] {dag.py:4180} INFO - Setting next_dagrun for dataset_s3_bucket_producer to None, run_after=None
[2025-01-05T23:46:31.351+0000] {processor.py:208} INFO - Processing /home/airflow/.local/lib/python3.12/site-packages/airflow/example_dags/example_dataset_alias.py took 0.545 seconds
[2025-01-05T23:47:02.271+0000] {processor.py:186} INFO - Started process (PID=2901) to work on /home/airflow/.local/lib/python3.12/site-packages/airflow/example_dags/example_dataset_alias.py
[2025-01-05T23:47:02.272+0000] {processor.py:914} INFO - Processing file /home/airflow/.local/lib/python3.12/site-packages/airflow/example_dags/example_dataset_alias.py for tasks to queue
[2025-01-05T23:47:02.274+0000] {logging_mixin.py:190} INFO - [2025-01-05T23:47:02.274+0000] {dagbag.py:588} INFO - Filling up the DagBag from /home/airflow/.local/lib/python3.12/site-packages/airflow/example_dags/example_dataset_alias.py
[2025-01-05T23:47:02.754+0000] {processor.py:925} INFO - DAG(s) 'dataset_alias_example_alias_consumer', 'dataset_alias_example_alias_producer', 'dataset_s3_bucket_consumer', 'dataset_s3_bucket_producer' retrieved from /home/airflow/.local/lib/python3.12/site-packages/airflow/example_dags/example_dataset_alias.py
[2025-01-05T23:47:02.772+0000] {logging_mixin.py:190} INFO - [2025-01-05T23:47:02.772+0000] {dag.py:3239} INFO - Sync 4 DAGs
[2025-01-05T23:47:02.790+0000] {logging_mixin.py:190} INFO - [2025-01-05T23:47:02.790+0000] {dag.py:4180} INFO - Setting next_dagrun for dataset_alias_example_alias_consumer to None, run_after=None
[2025-01-05T23:47:02.793+0000] {logging_mixin.py:190} INFO - [2025-01-05T23:47:02.792+0000] {dag.py:4180} INFO - Setting next_dagrun for dataset_alias_example_alias_producer to None, run_after=None
[2025-01-05T23:47:02.794+0000] {logging_mixin.py:190} INFO - [2025-01-05T23:47:02.794+0000] {dag.py:4180} INFO - Setting next_dagrun for dataset_s3_bucket_consumer to None, run_after=None
[2025-01-05T23:47:02.795+0000] {logging_mixin.py:190} INFO - [2025-01-05T23:47:02.795+0000] {dag.py:4180} INFO - Setting next_dagrun for dataset_s3_bucket_producer to None, run_after=None
[2025-01-05T23:47:02.815+0000] {processor.py:208} INFO - Processing /home/airflow/.local/lib/python3.12/site-packages/airflow/example_dags/example_dataset_alias.py took 0.547 seconds
[2025-01-05T23:47:33.124+0000] {processor.py:186} INFO - Started process (PID=3197) to work on /home/airflow/.local/lib/python3.12/site-packages/airflow/example_dags/example_dataset_alias.py
[2025-01-05T23:47:33.125+0000] {processor.py:914} INFO - Processing file /home/airflow/.local/lib/python3.12/site-packages/airflow/example_dags/example_dataset_alias.py for tasks to queue
[2025-01-05T23:47:33.127+0000] {logging_mixin.py:190} INFO - [2025-01-05T23:47:33.127+0000] {dagbag.py:588} INFO - Filling up the DagBag from /home/airflow/.local/lib/python3.12/site-packages/airflow/example_dags/example_dataset_alias.py
[2025-01-05T23:47:33.558+0000] {processor.py:925} INFO - DAG(s) 'dataset_alias_example_alias_consumer', 'dataset_s3_bucket_consumer', 'dataset_alias_example_alias_producer', 'dataset_s3_bucket_producer' retrieved from /home/airflow/.local/lib/python3.12/site-packages/airflow/example_dags/example_dataset_alias.py
[2025-01-05T23:47:33.575+0000] {logging_mixin.py:190} INFO - [2025-01-05T23:47:33.575+0000] {dag.py:3239} INFO - Sync 4 DAGs
[2025-01-05T23:47:33.592+0000] {logging_mixin.py:190} INFO - [2025-01-05T23:47:33.592+0000] {dag.py:4180} INFO - Setting next_dagrun for dataset_alias_example_alias_consumer to None, run_after=None
[2025-01-05T23:47:33.594+0000] {logging_mixin.py:190} INFO - [2025-01-05T23:47:33.594+0000] {dag.py:4180} INFO - Setting next_dagrun for dataset_alias_example_alias_producer to None, run_after=None
[2025-01-05T23:47:33.597+0000] {logging_mixin.py:190} INFO - [2025-01-05T23:47:33.597+0000] {dag.py:4180} INFO - Setting next_dagrun for dataset_s3_bucket_consumer to None, run_after=None
[2025-01-05T23:47:33.599+0000] {logging_mixin.py:190} INFO - [2025-01-05T23:47:33.599+0000] {dag.py:4180} INFO - Setting next_dagrun for dataset_s3_bucket_producer to None, run_after=None
[2025-01-05T23:47:33.617+0000] {processor.py:208} INFO - Processing /home/airflow/.local/lib/python3.12/site-packages/airflow/example_dags/example_dataset_alias.py took 0.497 seconds
[2025-01-05T23:48:03.869+0000] {processor.py:186} INFO - Started process (PID=3493) to work on /home/airflow/.local/lib/python3.12/site-packages/airflow/example_dags/example_dataset_alias.py
[2025-01-05T23:48:03.871+0000] {processor.py:914} INFO - Processing file /home/airflow/.local/lib/python3.12/site-packages/airflow/example_dags/example_dataset_alias.py for tasks to queue
[2025-01-05T23:48:03.873+0000] {logging_mixin.py:190} INFO - [2025-01-05T23:48:03.872+0000] {dagbag.py:588} INFO - Filling up the DagBag from /home/airflow/.local/lib/python3.12/site-packages/airflow/example_dags/example_dataset_alias.py
[2025-01-05T23:48:04.326+0000] {processor.py:925} INFO - DAG(s) 'dataset_alias_example_alias_consumer', 'dataset_s3_bucket_consumer', 'dataset_s3_bucket_producer', 'dataset_alias_example_alias_producer' retrieved from /home/airflow/.local/lib/python3.12/site-packages/airflow/example_dags/example_dataset_alias.py
[2025-01-05T23:48:04.344+0000] {logging_mixin.py:190} INFO - [2025-01-05T23:48:04.343+0000] {dag.py:3239} INFO - Sync 4 DAGs
[2025-01-05T23:48:04.363+0000] {logging_mixin.py:190} INFO - [2025-01-05T23:48:04.363+0000] {dag.py:4180} INFO - Setting next_dagrun for dataset_alias_example_alias_consumer to None, run_after=None
[2025-01-05T23:48:04.367+0000] {logging_mixin.py:190} INFO - [2025-01-05T23:48:04.366+0000] {dag.py:4180} INFO - Setting next_dagrun for dataset_alias_example_alias_producer to None, run_after=None
[2025-01-05T23:48:04.368+0000] {logging_mixin.py:190} INFO - [2025-01-05T23:48:04.368+0000] {dag.py:4180} INFO - Setting next_dagrun for dataset_s3_bucket_consumer to None, run_after=None
[2025-01-05T23:48:04.370+0000] {logging_mixin.py:190} INFO - [2025-01-05T23:48:04.369+0000] {dag.py:4180} INFO - Setting next_dagrun for dataset_s3_bucket_producer to None, run_after=None
[2025-01-05T23:48:04.393+0000] {processor.py:208} INFO - Processing /home/airflow/.local/lib/python3.12/site-packages/airflow/example_dags/example_dataset_alias.py took 0.530 seconds
[2025-01-05T23:48:34.575+0000] {processor.py:186} INFO - Started process (PID=3789) to work on /home/airflow/.local/lib/python3.12/site-packages/airflow/example_dags/example_dataset_alias.py
[2025-01-05T23:48:34.576+0000] {processor.py:914} INFO - Processing file /home/airflow/.local/lib/python3.12/site-packages/airflow/example_dags/example_dataset_alias.py for tasks to queue
[2025-01-05T23:48:34.578+0000] {logging_mixin.py:190} INFO - [2025-01-05T23:48:34.578+0000] {dagbag.py:588} INFO - Filling up the DagBag from /home/airflow/.local/lib/python3.12/site-packages/airflow/example_dags/example_dataset_alias.py
[2025-01-05T23:48:35.011+0000] {processor.py:925} INFO - DAG(s) 'dataset_alias_example_alias_consumer', 'dataset_s3_bucket_consumer', 'dataset_s3_bucket_producer', 'dataset_alias_example_alias_producer' retrieved from /home/airflow/.local/lib/python3.12/site-packages/airflow/example_dags/example_dataset_alias.py
[2025-01-05T23:48:35.028+0000] {logging_mixin.py:190} INFO - [2025-01-05T23:48:35.027+0000] {dag.py:3239} INFO - Sync 4 DAGs
[2025-01-05T23:48:35.046+0000] {logging_mixin.py:190} INFO - [2025-01-05T23:48:35.046+0000] {dag.py:4180} INFO - Setting next_dagrun for dataset_alias_example_alias_consumer to None, run_after=None
[2025-01-05T23:48:35.048+0000] {logging_mixin.py:190} INFO - [2025-01-05T23:48:35.048+0000] {dag.py:4180} INFO - Setting next_dagrun for dataset_alias_example_alias_producer to None, run_after=None
[2025-01-05T23:48:35.050+0000] {logging_mixin.py:190} INFO - [2025-01-05T23:48:35.050+0000] {dag.py:4180} INFO - Setting next_dagrun for dataset_s3_bucket_consumer to None, run_after=None
[2025-01-05T23:48:35.051+0000] {logging_mixin.py:190} INFO - [2025-01-05T23:48:35.051+0000] {dag.py:4180} INFO - Setting next_dagrun for dataset_s3_bucket_producer to None, run_after=None
[2025-01-05T23:48:35.071+0000] {processor.py:208} INFO - Processing /home/airflow/.local/lib/python3.12/site-packages/airflow/example_dags/example_dataset_alias.py took 0.500 seconds
[2025-01-05T23:49:05.275+0000] {processor.py:186} INFO - Started process (PID=4085) to work on /home/airflow/.local/lib/python3.12/site-packages/airflow/example_dags/example_dataset_alias.py
[2025-01-05T23:49:05.276+0000] {processor.py:914} INFO - Processing file /home/airflow/.local/lib/python3.12/site-packages/airflow/example_dags/example_dataset_alias.py for tasks to queue
[2025-01-05T23:49:05.278+0000] {logging_mixin.py:190} INFO - [2025-01-05T23:49:05.278+0000] {dagbag.py:588} INFO - Filling up the DagBag from /home/airflow/.local/lib/python3.12/site-packages/airflow/example_dags/example_dataset_alias.py
[2025-01-05T23:49:05.751+0000] {processor.py:925} INFO - DAG(s) 'dataset_s3_bucket_producer', 'dataset_s3_bucket_consumer', 'dataset_alias_example_alias_producer', 'dataset_alias_example_alias_consumer' retrieved from /home/airflow/.local/lib/python3.12/site-packages/airflow/example_dags/example_dataset_alias.py
[2025-01-05T23:49:05.771+0000] {logging_mixin.py:190} INFO - [2025-01-05T23:49:05.770+0000] {dag.py:3239} INFO - Sync 4 DAGs
[2025-01-05T23:49:05.793+0000] {logging_mixin.py:190} INFO - [2025-01-05T23:49:05.793+0000] {dag.py:4180} INFO - Setting next_dagrun for dataset_alias_example_alias_consumer to None, run_after=None
[2025-01-05T23:49:05.796+0000] {logging_mixin.py:190} INFO - [2025-01-05T23:49:05.796+0000] {dag.py:4180} INFO - Setting next_dagrun for dataset_alias_example_alias_producer to None, run_after=None
[2025-01-05T23:49:05.797+0000] {logging_mixin.py:190} INFO - [2025-01-05T23:49:05.797+0000] {dag.py:4180} INFO - Setting next_dagrun for dataset_s3_bucket_consumer to None, run_after=None
[2025-01-05T23:49:05.799+0000] {logging_mixin.py:190} INFO - [2025-01-05T23:49:05.799+0000] {dag.py:4180} INFO - Setting next_dagrun for dataset_s3_bucket_producer to None, run_after=None
[2025-01-05T23:49:05.818+0000] {processor.py:208} INFO - Processing /home/airflow/.local/lib/python3.12/site-packages/airflow/example_dags/example_dataset_alias.py took 0.548 seconds
[2025-01-05T23:49:36.191+0000] {processor.py:186} INFO - Started process (PID=4381) to work on /home/airflow/.local/lib/python3.12/site-packages/airflow/example_dags/example_dataset_alias.py
[2025-01-05T23:49:36.192+0000] {processor.py:914} INFO - Processing file /home/airflow/.local/lib/python3.12/site-packages/airflow/example_dags/example_dataset_alias.py for tasks to queue
[2025-01-05T23:49:36.197+0000] {logging_mixin.py:190} INFO - [2025-01-05T23:49:36.196+0000] {dagbag.py:588} INFO - Filling up the DagBag from /home/airflow/.local/lib/python3.12/site-packages/airflow/example_dags/example_dataset_alias.py
[2025-01-05T23:49:36.778+0000] {processor.py:925} INFO - DAG(s) 'dataset_alias_example_alias_consumer', 'dataset_alias_example_alias_producer', 'dataset_s3_bucket_producer', 'dataset_s3_bucket_consumer' retrieved from /home/airflow/.local/lib/python3.12/site-packages/airflow/example_dags/example_dataset_alias.py
[2025-01-05T23:49:36.796+0000] {logging_mixin.py:190} INFO - [2025-01-05T23:49:36.795+0000] {dag.py:3239} INFO - Sync 4 DAGs
[2025-01-05T23:49:36.814+0000] {logging_mixin.py:190} INFO - [2025-01-05T23:49:36.814+0000] {dag.py:4180} INFO - Setting next_dagrun for dataset_alias_example_alias_consumer to None, run_after=None
[2025-01-05T23:49:36.816+0000] {logging_mixin.py:190} INFO - [2025-01-05T23:49:36.816+0000] {dag.py:4180} INFO - Setting next_dagrun for dataset_alias_example_alias_producer to None, run_after=None
[2025-01-05T23:49:36.818+0000] {logging_mixin.py:190} INFO - [2025-01-05T23:49:36.818+0000] {dag.py:4180} INFO - Setting next_dagrun for dataset_s3_bucket_consumer to None, run_after=None
[2025-01-05T23:49:36.819+0000] {logging_mixin.py:190} INFO - [2025-01-05T23:49:36.819+0000] {dag.py:4180} INFO - Setting next_dagrun for dataset_s3_bucket_producer to None, run_after=None
[2025-01-05T23:49:36.839+0000] {processor.py:208} INFO - Processing /home/airflow/.local/lib/python3.12/site-packages/airflow/example_dags/example_dataset_alias.py took 0.654 seconds
[2025-01-05T23:50:06.913+0000] {processor.py:186} INFO - Started process (PID=4677) to work on /home/airflow/.local/lib/python3.12/site-packages/airflow/example_dags/example_dataset_alias.py
[2025-01-05T23:50:06.914+0000] {processor.py:914} INFO - Processing file /home/airflow/.local/lib/python3.12/site-packages/airflow/example_dags/example_dataset_alias.py for tasks to queue
[2025-01-05T23:50:06.917+0000] {logging_mixin.py:190} INFO - [2025-01-05T23:50:06.916+0000] {dagbag.py:588} INFO - Filling up the DagBag from /home/airflow/.local/lib/python3.12/site-packages/airflow/example_dags/example_dataset_alias.py
[2025-01-05T23:50:07.510+0000] {processor.py:925} INFO - DAG(s) 'dataset_alias_example_alias_producer', 'dataset_s3_bucket_producer', 'dataset_alias_example_alias_consumer', 'dataset_s3_bucket_consumer' retrieved from /home/airflow/.local/lib/python3.12/site-packages/airflow/example_dags/example_dataset_alias.py
[2025-01-05T23:50:07.545+0000] {logging_mixin.py:190} INFO - [2025-01-05T23:50:07.544+0000] {dag.py:3239} INFO - Sync 4 DAGs
[2025-01-05T23:50:07.574+0000] {logging_mixin.py:190} INFO - [2025-01-05T23:50:07.573+0000] {dag.py:4180} INFO - Setting next_dagrun for dataset_alias_example_alias_consumer to None, run_after=None
[2025-01-05T23:50:07.579+0000] {logging_mixin.py:190} INFO - [2025-01-05T23:50:07.579+0000] {dag.py:4180} INFO - Setting next_dagrun for dataset_alias_example_alias_producer to None, run_after=None
[2025-01-05T23:50:07.583+0000] {logging_mixin.py:190} INFO - [2025-01-05T23:50:07.583+0000] {dag.py:4180} INFO - Setting next_dagrun for dataset_s3_bucket_consumer to None, run_after=None
[2025-01-05T23:50:07.586+0000] {logging_mixin.py:190} INFO - [2025-01-05T23:50:07.586+0000] {dag.py:4180} INFO - Setting next_dagrun for dataset_s3_bucket_producer to None, run_after=None
[2025-01-05T23:50:07.615+0000] {processor.py:208} INFO - Processing /home/airflow/.local/lib/python3.12/site-packages/airflow/example_dags/example_dataset_alias.py took 0.707 seconds
[2025-01-05T23:50:38.012+0000] {processor.py:186} INFO - Started process (PID=4973) to work on /home/airflow/.local/lib/python3.12/site-packages/airflow/example_dags/example_dataset_alias.py
[2025-01-05T23:50:38.013+0000] {processor.py:914} INFO - Processing file /home/airflow/.local/lib/python3.12/site-packages/airflow/example_dags/example_dataset_alias.py for tasks to queue
[2025-01-05T23:50:38.015+0000] {logging_mixin.py:190} INFO - [2025-01-05T23:50:38.015+0000] {dagbag.py:588} INFO - Filling up the DagBag from /home/airflow/.local/lib/python3.12/site-packages/airflow/example_dags/example_dataset_alias.py
[2025-01-05T23:50:38.656+0000] {processor.py:925} INFO - DAG(s) 'dataset_s3_bucket_producer', 'dataset_alias_example_alias_producer', 'dataset_s3_bucket_consumer', 'dataset_alias_example_alias_consumer' retrieved from /home/airflow/.local/lib/python3.12/site-packages/airflow/example_dags/example_dataset_alias.py
[2025-01-05T23:50:38.677+0000] {logging_mixin.py:190} INFO - [2025-01-05T23:50:38.676+0000] {dag.py:3239} INFO - Sync 4 DAGs
[2025-01-05T23:50:38.698+0000] {logging_mixin.py:190} INFO - [2025-01-05T23:50:38.697+0000] {dag.py:4180} INFO - Setting next_dagrun for dataset_alias_example_alias_consumer to None, run_after=None
[2025-01-05T23:50:38.701+0000] {logging_mixin.py:190} INFO - [2025-01-05T23:50:38.701+0000] {dag.py:4180} INFO - Setting next_dagrun for dataset_alias_example_alias_producer to None, run_after=None
[2025-01-05T23:50:38.703+0000] {logging_mixin.py:190} INFO - [2025-01-05T23:50:38.703+0000] {dag.py:4180} INFO - Setting next_dagrun for dataset_s3_bucket_consumer to None, run_after=None
[2025-01-05T23:50:38.705+0000] {logging_mixin.py:190} INFO - [2025-01-05T23:50:38.704+0000] {dag.py:4180} INFO - Setting next_dagrun for dataset_s3_bucket_producer to None, run_after=None
[2025-01-05T23:50:38.733+0000] {processor.py:208} INFO - Processing /home/airflow/.local/lib/python3.12/site-packages/airflow/example_dags/example_dataset_alias.py took 0.725 seconds
[2025-01-05T23:51:08.887+0000] {processor.py:186} INFO - Started process (PID=5269) to work on /home/airflow/.local/lib/python3.12/site-packages/airflow/example_dags/example_dataset_alias.py
[2025-01-05T23:51:08.888+0000] {processor.py:914} INFO - Processing file /home/airflow/.local/lib/python3.12/site-packages/airflow/example_dags/example_dataset_alias.py for tasks to queue
[2025-01-05T23:51:08.890+0000] {logging_mixin.py:190} INFO - [2025-01-05T23:51:08.890+0000] {dagbag.py:588} INFO - Filling up the DagBag from /home/airflow/.local/lib/python3.12/site-packages/airflow/example_dags/example_dataset_alias.py
[2025-01-05T23:51:09.452+0000] {processor.py:925} INFO - DAG(s) 'dataset_alias_example_alias_consumer', 'dataset_s3_bucket_consumer', 'dataset_alias_example_alias_producer', 'dataset_s3_bucket_producer' retrieved from /home/airflow/.local/lib/python3.12/site-packages/airflow/example_dags/example_dataset_alias.py
[2025-01-05T23:51:09.476+0000] {logging_mixin.py:190} INFO - [2025-01-05T23:51:09.476+0000] {dag.py:3239} INFO - Sync 4 DAGs
[2025-01-05T23:51:09.495+0000] {logging_mixin.py:190} INFO - [2025-01-05T23:51:09.495+0000] {dag.py:4180} INFO - Setting next_dagrun for dataset_alias_example_alias_consumer to None, run_after=None
[2025-01-05T23:51:09.501+0000] {logging_mixin.py:190} INFO - [2025-01-05T23:51:09.501+0000] {dag.py:4180} INFO - Setting next_dagrun for dataset_alias_example_alias_producer to None, run_after=None
[2025-01-05T23:51:09.503+0000] {logging_mixin.py:190} INFO - [2025-01-05T23:51:09.502+0000] {dag.py:4180} INFO - Setting next_dagrun for dataset_s3_bucket_consumer to None, run_after=None
[2025-01-05T23:51:09.504+0000] {logging_mixin.py:190} INFO - [2025-01-05T23:51:09.504+0000] {dag.py:4180} INFO - Setting next_dagrun for dataset_s3_bucket_producer to None, run_after=None
[2025-01-05T23:51:09.522+0000] {processor.py:208} INFO - Processing /home/airflow/.local/lib/python3.12/site-packages/airflow/example_dags/example_dataset_alias.py took 0.639 seconds
[2025-01-05T23:51:40.002+0000] {processor.py:186} INFO - Started process (PID=5565) to work on /home/airflow/.local/lib/python3.12/site-packages/airflow/example_dags/example_dataset_alias.py
[2025-01-05T23:51:40.002+0000] {processor.py:914} INFO - Processing file /home/airflow/.local/lib/python3.12/site-packages/airflow/example_dags/example_dataset_alias.py for tasks to queue
[2025-01-05T23:51:40.004+0000] {logging_mixin.py:190} INFO - [2025-01-05T23:51:40.004+0000] {dagbag.py:588} INFO - Filling up the DagBag from /home/airflow/.local/lib/python3.12/site-packages/airflow/example_dags/example_dataset_alias.py
[2025-01-05T23:51:40.430+0000] {processor.py:925} INFO - DAG(s) 'dataset_alias_example_alias_consumer', 'dataset_s3_bucket_producer', 'dataset_s3_bucket_consumer', 'dataset_alias_example_alias_producer' retrieved from /home/airflow/.local/lib/python3.12/site-packages/airflow/example_dags/example_dataset_alias.py
[2025-01-05T23:51:40.450+0000] {logging_mixin.py:190} INFO - [2025-01-05T23:51:40.450+0000] {dag.py:3239} INFO - Sync 4 DAGs
[2025-01-05T23:51:40.467+0000] {logging_mixin.py:190} INFO - [2025-01-05T23:51:40.467+0000] {dag.py:4180} INFO - Setting next_dagrun for dataset_alias_example_alias_consumer to None, run_after=None
[2025-01-05T23:51:40.469+0000] {logging_mixin.py:190} INFO - [2025-01-05T23:51:40.469+0000] {dag.py:4180} INFO - Setting next_dagrun for dataset_alias_example_alias_producer to None, run_after=None
[2025-01-05T23:51:40.470+0000] {logging_mixin.py:190} INFO - [2025-01-05T23:51:40.470+0000] {dag.py:4180} INFO - Setting next_dagrun for dataset_s3_bucket_consumer to None, run_after=None
[2025-01-05T23:51:40.472+0000] {logging_mixin.py:190} INFO - [2025-01-05T23:51:40.472+0000] {dag.py:4180} INFO - Setting next_dagrun for dataset_s3_bucket_producer to None, run_after=None
[2025-01-05T23:51:40.490+0000] {processor.py:208} INFO - Processing /home/airflow/.local/lib/python3.12/site-packages/airflow/example_dags/example_dataset_alias.py took 0.493 seconds
[2025-01-05T23:52:10.839+0000] {processor.py:186} INFO - Started process (PID=5861) to work on /home/airflow/.local/lib/python3.12/site-packages/airflow/example_dags/example_dataset_alias.py
[2025-01-05T23:52:10.840+0000] {processor.py:914} INFO - Processing file /home/airflow/.local/lib/python3.12/site-packages/airflow/example_dags/example_dataset_alias.py for tasks to queue
[2025-01-05T23:52:10.841+0000] {logging_mixin.py:190} INFO - [2025-01-05T23:52:10.841+0000] {dagbag.py:588} INFO - Filling up the DagBag from /home/airflow/.local/lib/python3.12/site-packages/airflow/example_dags/example_dataset_alias.py
[2025-01-05T23:52:11.273+0000] {processor.py:925} INFO - DAG(s) 'dataset_s3_bucket_consumer', 'dataset_s3_bucket_producer', 'dataset_alias_example_alias_producer', 'dataset_alias_example_alias_consumer' retrieved from /home/airflow/.local/lib/python3.12/site-packages/airflow/example_dags/example_dataset_alias.py
[2025-01-05T23:52:11.291+0000] {logging_mixin.py:190} INFO - [2025-01-05T23:52:11.291+0000] {dag.py:3239} INFO - Sync 4 DAGs
[2025-01-05T23:52:11.309+0000] {logging_mixin.py:190} INFO - [2025-01-05T23:52:11.309+0000] {dag.py:4180} INFO - Setting next_dagrun for dataset_alias_example_alias_consumer to None, run_after=None
[2025-01-05T23:52:11.311+0000] {logging_mixin.py:190} INFO - [2025-01-05T23:52:11.311+0000] {dag.py:4180} INFO - Setting next_dagrun for dataset_alias_example_alias_producer to None, run_after=None
[2025-01-05T23:52:11.313+0000] {logging_mixin.py:190} INFO - [2025-01-05T23:52:11.313+0000] {dag.py:4180} INFO - Setting next_dagrun for dataset_s3_bucket_consumer to None, run_after=None
[2025-01-05T23:52:11.314+0000] {logging_mixin.py:190} INFO - [2025-01-05T23:52:11.314+0000] {dag.py:4180} INFO - Setting next_dagrun for dataset_s3_bucket_producer to None, run_after=None
[2025-01-05T23:52:11.333+0000] {processor.py:208} INFO - Processing /home/airflow/.local/lib/python3.12/site-packages/airflow/example_dags/example_dataset_alias.py took 0.499 seconds
[2025-01-05T23:52:41.804+0000] {processor.py:186} INFO - Started process (PID=6157) to work on /home/airflow/.local/lib/python3.12/site-packages/airflow/example_dags/example_dataset_alias.py
[2025-01-05T23:52:41.805+0000] {processor.py:914} INFO - Processing file /home/airflow/.local/lib/python3.12/site-packages/airflow/example_dags/example_dataset_alias.py for tasks to queue
[2025-01-05T23:52:41.807+0000] {logging_mixin.py:190} INFO - [2025-01-05T23:52:41.807+0000] {dagbag.py:588} INFO - Filling up the DagBag from /home/airflow/.local/lib/python3.12/site-packages/airflow/example_dags/example_dataset_alias.py
[2025-01-05T23:52:42.218+0000] {processor.py:925} INFO - DAG(s) 'dataset_alias_example_alias_producer', 'dataset_alias_example_alias_consumer', 'dataset_s3_bucket_consumer', 'dataset_s3_bucket_producer' retrieved from /home/airflow/.local/lib/python3.12/site-packages/airflow/example_dags/example_dataset_alias.py
[2025-01-05T23:52:42.236+0000] {logging_mixin.py:190} INFO - [2025-01-05T23:52:42.235+0000] {dag.py:3239} INFO - Sync 4 DAGs
[2025-01-05T23:52:42.253+0000] {logging_mixin.py:190} INFO - [2025-01-05T23:52:42.253+0000] {dag.py:4180} INFO - Setting next_dagrun for dataset_alias_example_alias_consumer to None, run_after=None
[2025-01-05T23:52:42.256+0000] {logging_mixin.py:190} INFO - [2025-01-05T23:52:42.256+0000] {dag.py:4180} INFO - Setting next_dagrun for dataset_alias_example_alias_producer to None, run_after=None
[2025-01-05T23:52:42.258+0000] {logging_mixin.py:190} INFO - [2025-01-05T23:52:42.258+0000] {dag.py:4180} INFO - Setting next_dagrun for dataset_s3_bucket_consumer to None, run_after=None
[2025-01-05T23:52:42.259+0000] {logging_mixin.py:190} INFO - [2025-01-05T23:52:42.259+0000] {dag.py:4180} INFO - Setting next_dagrun for dataset_s3_bucket_producer to None, run_after=None
[2025-01-05T23:52:42.278+0000] {processor.py:208} INFO - Processing /home/airflow/.local/lib/python3.12/site-packages/airflow/example_dags/example_dataset_alias.py took 0.479 seconds
[2025-01-05T23:53:12.633+0000] {processor.py:186} INFO - Started process (PID=6453) to work on /home/airflow/.local/lib/python3.12/site-packages/airflow/example_dags/example_dataset_alias.py
[2025-01-05T23:53:12.634+0000] {processor.py:914} INFO - Processing file /home/airflow/.local/lib/python3.12/site-packages/airflow/example_dags/example_dataset_alias.py for tasks to queue
[2025-01-05T23:53:12.636+0000] {logging_mixin.py:190} INFO - [2025-01-05T23:53:12.636+0000] {dagbag.py:588} INFO - Filling up the DagBag from /home/airflow/.local/lib/python3.12/site-packages/airflow/example_dags/example_dataset_alias.py
[2025-01-05T23:53:13.084+0000] {processor.py:925} INFO - DAG(s) 'dataset_s3_bucket_producer', 'dataset_alias_example_alias_producer', 'dataset_s3_bucket_consumer', 'dataset_alias_example_alias_consumer' retrieved from /home/airflow/.local/lib/python3.12/site-packages/airflow/example_dags/example_dataset_alias.py
[2025-01-05T23:53:13.103+0000] {logging_mixin.py:190} INFO - [2025-01-05T23:53:13.102+0000] {dag.py:3239} INFO - Sync 4 DAGs
[2025-01-05T23:53:13.122+0000] {logging_mixin.py:190} INFO - [2025-01-05T23:53:13.121+0000] {dag.py:4180} INFO - Setting next_dagrun for dataset_alias_example_alias_consumer to None, run_after=None
[2025-01-05T23:53:13.124+0000] {logging_mixin.py:190} INFO - [2025-01-05T23:53:13.124+0000] {dag.py:4180} INFO - Setting next_dagrun for dataset_alias_example_alias_producer to None, run_after=None
[2025-01-05T23:53:13.126+0000] {logging_mixin.py:190} INFO - [2025-01-05T23:53:13.126+0000] {dag.py:4180} INFO - Setting next_dagrun for dataset_s3_bucket_consumer to None, run_after=None
[2025-01-05T23:53:13.127+0000] {logging_mixin.py:190} INFO - [2025-01-05T23:53:13.127+0000] {dag.py:4180} INFO - Setting next_dagrun for dataset_s3_bucket_producer to None, run_after=None
[2025-01-05T23:53:13.149+0000] {processor.py:208} INFO - Processing /home/airflow/.local/lib/python3.12/site-packages/airflow/example_dags/example_dataset_alias.py took 0.521 seconds
[2025-01-05T23:53:43.500+0000] {processor.py:186} INFO - Started process (PID=6749) to work on /home/airflow/.local/lib/python3.12/site-packages/airflow/example_dags/example_dataset_alias.py
[2025-01-05T23:53:43.501+0000] {processor.py:914} INFO - Processing file /home/airflow/.local/lib/python3.12/site-packages/airflow/example_dags/example_dataset_alias.py for tasks to queue
[2025-01-05T23:53:43.503+0000] {logging_mixin.py:190} INFO - [2025-01-05T23:53:43.502+0000] {dagbag.py:588} INFO - Filling up the DagBag from /home/airflow/.local/lib/python3.12/site-packages/airflow/example_dags/example_dataset_alias.py
[2025-01-05T23:53:43.981+0000] {processor.py:925} INFO - DAG(s) 'dataset_alias_example_alias_consumer', 'dataset_s3_bucket_consumer', 'dataset_alias_example_alias_producer', 'dataset_s3_bucket_producer' retrieved from /home/airflow/.local/lib/python3.12/site-packages/airflow/example_dags/example_dataset_alias.py
[2025-01-05T23:53:44.003+0000] {logging_mixin.py:190} INFO - [2025-01-05T23:53:44.003+0000] {dag.py:3239} INFO - Sync 4 DAGs
[2025-01-05T23:53:44.021+0000] {logging_mixin.py:190} INFO - [2025-01-05T23:53:44.021+0000] {dag.py:4180} INFO - Setting next_dagrun for dataset_alias_example_alias_consumer to None, run_after=None
[2025-01-05T23:53:44.024+0000] {logging_mixin.py:190} INFO - [2025-01-05T23:53:44.024+0000] {dag.py:4180} INFO - Setting next_dagrun for dataset_alias_example_alias_producer to None, run_after=None
[2025-01-05T23:53:44.027+0000] {logging_mixin.py:190} INFO - [2025-01-05T23:53:44.027+0000] {dag.py:4180} INFO - Setting next_dagrun for dataset_s3_bucket_consumer to None, run_after=None
[2025-01-05T23:53:44.029+0000] {logging_mixin.py:190} INFO - [2025-01-05T23:53:44.029+0000] {dag.py:4180} INFO - Setting next_dagrun for dataset_s3_bucket_producer to None, run_after=None
[2025-01-05T23:53:44.052+0000] {processor.py:208} INFO - Processing /home/airflow/.local/lib/python3.12/site-packages/airflow/example_dags/example_dataset_alias.py took 0.556 seconds
[2025-01-05T23:54:14.189+0000] {processor.py:186} INFO - Started process (PID=7045) to work on /home/airflow/.local/lib/python3.12/site-packages/airflow/example_dags/example_dataset_alias.py
[2025-01-05T23:54:14.190+0000] {processor.py:914} INFO - Processing file /home/airflow/.local/lib/python3.12/site-packages/airflow/example_dags/example_dataset_alias.py for tasks to queue
[2025-01-05T23:54:14.192+0000] {logging_mixin.py:190} INFO - [2025-01-05T23:54:14.192+0000] {dagbag.py:588} INFO - Filling up the DagBag from /home/airflow/.local/lib/python3.12/site-packages/airflow/example_dags/example_dataset_alias.py
[2025-01-05T23:54:14.667+0000] {processor.py:925} INFO - DAG(s) 'dataset_alias_example_alias_producer', 'dataset_s3_bucket_producer', 'dataset_alias_example_alias_consumer', 'dataset_s3_bucket_consumer' retrieved from /home/airflow/.local/lib/python3.12/site-packages/airflow/example_dags/example_dataset_alias.py
[2025-01-05T23:54:14.686+0000] {logging_mixin.py:190} INFO - [2025-01-05T23:54:14.685+0000] {dag.py:3239} INFO - Sync 4 DAGs
[2025-01-05T23:54:14.709+0000] {logging_mixin.py:190} INFO - [2025-01-05T23:54:14.709+0000] {dag.py:4180} INFO - Setting next_dagrun for dataset_alias_example_alias_consumer to None, run_after=None
[2025-01-05T23:54:14.712+0000] {logging_mixin.py:190} INFO - [2025-01-05T23:54:14.712+0000] {dag.py:4180} INFO - Setting next_dagrun for dataset_alias_example_alias_producer to None, run_after=None
[2025-01-05T23:54:14.714+0000] {logging_mixin.py:190} INFO - [2025-01-05T23:54:14.714+0000] {dag.py:4180} INFO - Setting next_dagrun for dataset_s3_bucket_consumer to None, run_after=None
[2025-01-05T23:54:14.715+0000] {logging_mixin.py:190} INFO - [2025-01-05T23:54:14.715+0000] {dag.py:4180} INFO - Setting next_dagrun for dataset_s3_bucket_producer to None, run_after=None
[2025-01-05T23:54:14.732+0000] {processor.py:208} INFO - Processing /home/airflow/.local/lib/python3.12/site-packages/airflow/example_dags/example_dataset_alias.py took 0.549 seconds
[2025-01-05T23:54:45.091+0000] {processor.py:186} INFO - Started process (PID=7341) to work on /home/airflow/.local/lib/python3.12/site-packages/airflow/example_dags/example_dataset_alias.py
[2025-01-05T23:54:45.092+0000] {processor.py:914} INFO - Processing file /home/airflow/.local/lib/python3.12/site-packages/airflow/example_dags/example_dataset_alias.py for tasks to queue
[2025-01-05T23:54:45.094+0000] {logging_mixin.py:190} INFO - [2025-01-05T23:54:45.094+0000] {dagbag.py:588} INFO - Filling up the DagBag from /home/airflow/.local/lib/python3.12/site-packages/airflow/example_dags/example_dataset_alias.py
[2025-01-05T23:54:45.550+0000] {processor.py:925} INFO - DAG(s) 'dataset_s3_bucket_producer', 'dataset_alias_example_alias_producer', 'dataset_s3_bucket_consumer', 'dataset_alias_example_alias_consumer' retrieved from /home/airflow/.local/lib/python3.12/site-packages/airflow/example_dags/example_dataset_alias.py
[2025-01-05T23:54:45.568+0000] {logging_mixin.py:190} INFO - [2025-01-05T23:54:45.567+0000] {dag.py:3239} INFO - Sync 4 DAGs
[2025-01-05T23:54:45.583+0000] {logging_mixin.py:190} INFO - [2025-01-05T23:54:45.583+0000] {dag.py:4180} INFO - Setting next_dagrun for dataset_alias_example_alias_consumer to None, run_after=None
[2025-01-05T23:54:45.585+0000] {logging_mixin.py:190} INFO - [2025-01-05T23:54:45.585+0000] {dag.py:4180} INFO - Setting next_dagrun for dataset_alias_example_alias_producer to None, run_after=None
[2025-01-05T23:54:45.587+0000] {logging_mixin.py:190} INFO - [2025-01-05T23:54:45.587+0000] {dag.py:4180} INFO - Setting next_dagrun for dataset_s3_bucket_consumer to None, run_after=None
[2025-01-05T23:54:45.588+0000] {logging_mixin.py:190} INFO - [2025-01-05T23:54:45.588+0000] {dag.py:4180} INFO - Setting next_dagrun for dataset_s3_bucket_producer to None, run_after=None
[2025-01-05T23:54:45.606+0000] {processor.py:208} INFO - Processing /home/airflow/.local/lib/python3.12/site-packages/airflow/example_dags/example_dataset_alias.py took 0.521 seconds
[2025-01-05T23:55:15.987+0000] {processor.py:186} INFO - Started process (PID=7637) to work on /home/airflow/.local/lib/python3.12/site-packages/airflow/example_dags/example_dataset_alias.py
[2025-01-05T23:55:15.988+0000] {processor.py:914} INFO - Processing file /home/airflow/.local/lib/python3.12/site-packages/airflow/example_dags/example_dataset_alias.py for tasks to queue
[2025-01-05T23:55:15.990+0000] {logging_mixin.py:190} INFO - [2025-01-05T23:55:15.990+0000] {dagbag.py:588} INFO - Filling up the DagBag from /home/airflow/.local/lib/python3.12/site-packages/airflow/example_dags/example_dataset_alias.py
[2025-01-05T23:55:16.437+0000] {processor.py:925} INFO - DAG(s) 'dataset_s3_bucket_consumer', 'dataset_s3_bucket_producer', 'dataset_alias_example_alias_consumer', 'dataset_alias_example_alias_producer' retrieved from /home/airflow/.local/lib/python3.12/site-packages/airflow/example_dags/example_dataset_alias.py
[2025-01-05T23:55:16.455+0000] {logging_mixin.py:190} INFO - [2025-01-05T23:55:16.455+0000] {dag.py:3239} INFO - Sync 4 DAGs
[2025-01-05T23:55:16.475+0000] {logging_mixin.py:190} INFO - [2025-01-05T23:55:16.474+0000] {dag.py:4180} INFO - Setting next_dagrun for dataset_alias_example_alias_consumer to None, run_after=None
[2025-01-05T23:55:16.478+0000] {logging_mixin.py:190} INFO - [2025-01-05T23:55:16.477+0000] {dag.py:4180} INFO - Setting next_dagrun for dataset_alias_example_alias_producer to None, run_after=None
[2025-01-05T23:55:16.480+0000] {logging_mixin.py:190} INFO - [2025-01-05T23:55:16.480+0000] {dag.py:4180} INFO - Setting next_dagrun for dataset_s3_bucket_consumer to None, run_after=None
[2025-01-05T23:55:16.481+0000] {logging_mixin.py:190} INFO - [2025-01-05T23:55:16.481+0000] {dag.py:4180} INFO - Setting next_dagrun for dataset_s3_bucket_producer to None, run_after=None
[2025-01-05T23:55:16.506+0000] {processor.py:208} INFO - Processing /home/airflow/.local/lib/python3.12/site-packages/airflow/example_dags/example_dataset_alias.py took 0.524 seconds
[2025-01-05T23:55:47.063+0000] {processor.py:186} INFO - Started process (PID=7933) to work on /home/airflow/.local/lib/python3.12/site-packages/airflow/example_dags/example_dataset_alias.py
[2025-01-05T23:55:47.064+0000] {processor.py:914} INFO - Processing file /home/airflow/.local/lib/python3.12/site-packages/airflow/example_dags/example_dataset_alias.py for tasks to queue
[2025-01-05T23:55:47.066+0000] {logging_mixin.py:190} INFO - [2025-01-05T23:55:47.065+0000] {dagbag.py:588} INFO - Filling up the DagBag from /home/airflow/.local/lib/python3.12/site-packages/airflow/example_dags/example_dataset_alias.py
[2025-01-05T23:55:47.560+0000] {processor.py:925} INFO - DAG(s) 'dataset_alias_example_alias_producer', 'dataset_alias_example_alias_consumer', 'dataset_s3_bucket_consumer', 'dataset_s3_bucket_producer' retrieved from /home/airflow/.local/lib/python3.12/site-packages/airflow/example_dags/example_dataset_alias.py
[2025-01-05T23:55:47.580+0000] {logging_mixin.py:190} INFO - [2025-01-05T23:55:47.580+0000] {dag.py:3239} INFO - Sync 4 DAGs
[2025-01-05T23:55:47.613+0000] {logging_mixin.py:190} INFO - [2025-01-05T23:55:47.612+0000] {dag.py:4180} INFO - Setting next_dagrun for dataset_alias_example_alias_consumer to None, run_after=None
[2025-01-05T23:55:47.616+0000] {logging_mixin.py:190} INFO - [2025-01-05T23:55:47.616+0000] {dag.py:4180} INFO - Setting next_dagrun for dataset_alias_example_alias_producer to None, run_after=None
[2025-01-05T23:55:47.617+0000] {logging_mixin.py:190} INFO - [2025-01-05T23:55:47.617+0000] {dag.py:4180} INFO - Setting next_dagrun for dataset_s3_bucket_consumer to None, run_after=None
[2025-01-05T23:55:47.619+0000] {logging_mixin.py:190} INFO - [2025-01-05T23:55:47.619+0000] {dag.py:4180} INFO - Setting next_dagrun for dataset_s3_bucket_producer to None, run_after=None
[2025-01-05T23:55:47.649+0000] {processor.py:208} INFO - Processing /home/airflow/.local/lib/python3.12/site-packages/airflow/example_dags/example_dataset_alias.py took 0.591 seconds
[2025-01-05T23:56:18.216+0000] {processor.py:186} INFO - Started process (PID=8229) to work on /home/airflow/.local/lib/python3.12/site-packages/airflow/example_dags/example_dataset_alias.py
[2025-01-05T23:56:18.217+0000] {processor.py:914} INFO - Processing file /home/airflow/.local/lib/python3.12/site-packages/airflow/example_dags/example_dataset_alias.py for tasks to queue
[2025-01-05T23:56:18.219+0000] {logging_mixin.py:190} INFO - [2025-01-05T23:56:18.219+0000] {dagbag.py:588} INFO - Filling up the DagBag from /home/airflow/.local/lib/python3.12/site-packages/airflow/example_dags/example_dataset_alias.py
[2025-01-05T23:56:18.685+0000] {processor.py:925} INFO - DAG(s) 'dataset_s3_bucket_producer', 'dataset_alias_example_alias_producer', 'dataset_alias_example_alias_consumer', 'dataset_s3_bucket_consumer' retrieved from /home/airflow/.local/lib/python3.12/site-packages/airflow/example_dags/example_dataset_alias.py
[2025-01-05T23:56:18.709+0000] {logging_mixin.py:190} INFO - [2025-01-05T23:56:18.708+0000] {dag.py:3239} INFO - Sync 4 DAGs
[2025-01-05T23:56:18.728+0000] {logging_mixin.py:190} INFO - [2025-01-05T23:56:18.728+0000] {dag.py:4180} INFO - Setting next_dagrun for dataset_alias_example_alias_consumer to None, run_after=None
[2025-01-05T23:56:18.731+0000] {logging_mixin.py:190} INFO - [2025-01-05T23:56:18.730+0000] {dag.py:4180} INFO - Setting next_dagrun for dataset_alias_example_alias_producer to None, run_after=None
[2025-01-05T23:56:18.733+0000] {logging_mixin.py:190} INFO - [2025-01-05T23:56:18.733+0000] {dag.py:4180} INFO - Setting next_dagrun for dataset_s3_bucket_consumer to None, run_after=None
[2025-01-05T23:56:18.735+0000] {logging_mixin.py:190} INFO - [2025-01-05T23:56:18.735+0000] {dag.py:4180} INFO - Setting next_dagrun for dataset_s3_bucket_producer to None, run_after=None
[2025-01-05T23:56:18.757+0000] {processor.py:208} INFO - Processing /home/airflow/.local/lib/python3.12/site-packages/airflow/example_dags/example_dataset_alias.py took 0.545 seconds
[2025-01-05T23:56:48.817+0000] {processor.py:186} INFO - Started process (PID=8522) to work on /home/airflow/.local/lib/python3.12/site-packages/airflow/example_dags/example_dataset_alias.py
[2025-01-05T23:56:48.818+0000] {processor.py:914} INFO - Processing file /home/airflow/.local/lib/python3.12/site-packages/airflow/example_dags/example_dataset_alias.py for tasks to queue
[2025-01-05T23:56:48.819+0000] {logging_mixin.py:190} INFO - [2025-01-05T23:56:48.819+0000] {dagbag.py:588} INFO - Filling up the DagBag from /home/airflow/.local/lib/python3.12/site-packages/airflow/example_dags/example_dataset_alias.py
[2025-01-05T23:56:49.230+0000] {processor.py:925} INFO - DAG(s) 'dataset_s3_bucket_consumer', 'dataset_alias_example_alias_producer', 'dataset_alias_example_alias_consumer', 'dataset_s3_bucket_producer' retrieved from /home/airflow/.local/lib/python3.12/site-packages/airflow/example_dags/example_dataset_alias.py
[2025-01-05T23:56:49.249+0000] {logging_mixin.py:190} INFO - [2025-01-05T23:56:49.249+0000] {dag.py:3239} INFO - Sync 4 DAGs
[2025-01-05T23:56:49.265+0000] {logging_mixin.py:190} INFO - [2025-01-05T23:56:49.265+0000] {dag.py:4180} INFO - Setting next_dagrun for dataset_alias_example_alias_consumer to None, run_after=None
[2025-01-05T23:56:49.267+0000] {logging_mixin.py:190} INFO - [2025-01-05T23:56:49.267+0000] {dag.py:4180} INFO - Setting next_dagrun for dataset_alias_example_alias_producer to None, run_after=None
[2025-01-05T23:56:49.269+0000] {logging_mixin.py:190} INFO - [2025-01-05T23:56:49.269+0000] {dag.py:4180} INFO - Setting next_dagrun for dataset_s3_bucket_consumer to None, run_after=None
[2025-01-05T23:56:49.270+0000] {logging_mixin.py:190} INFO - [2025-01-05T23:56:49.270+0000] {dag.py:4180} INFO - Setting next_dagrun for dataset_s3_bucket_producer to None, run_after=None
[2025-01-05T23:56:49.294+0000] {processor.py:208} INFO - Processing /home/airflow/.local/lib/python3.12/site-packages/airflow/example_dags/example_dataset_alias.py took 0.481 seconds
[2025-01-05T23:57:19.701+0000] {processor.py:186} INFO - Started process (PID=8818) to work on /home/airflow/.local/lib/python3.12/site-packages/airflow/example_dags/example_dataset_alias.py
[2025-01-05T23:57:19.702+0000] {processor.py:914} INFO - Processing file /home/airflow/.local/lib/python3.12/site-packages/airflow/example_dags/example_dataset_alias.py for tasks to queue
[2025-01-05T23:57:19.704+0000] {logging_mixin.py:190} INFO - [2025-01-05T23:57:19.704+0000] {dagbag.py:588} INFO - Filling up the DagBag from /home/airflow/.local/lib/python3.12/site-packages/airflow/example_dags/example_dataset_alias.py
[2025-01-05T23:57:20.196+0000] {processor.py:925} INFO - DAG(s) 'dataset_s3_bucket_consumer', 'dataset_alias_example_alias_producer', 'dataset_s3_bucket_producer', 'dataset_alias_example_alias_consumer' retrieved from /home/airflow/.local/lib/python3.12/site-packages/airflow/example_dags/example_dataset_alias.py
[2025-01-05T23:57:20.215+0000] {logging_mixin.py:190} INFO - [2025-01-05T23:57:20.215+0000] {dag.py:3239} INFO - Sync 4 DAGs
[2025-01-05T23:57:20.233+0000] {logging_mixin.py:190} INFO - [2025-01-05T23:57:20.232+0000] {dag.py:4180} INFO - Setting next_dagrun for dataset_alias_example_alias_consumer to None, run_after=None
[2025-01-05T23:57:20.235+0000] {logging_mixin.py:190} INFO - [2025-01-05T23:57:20.235+0000] {dag.py:4180} INFO - Setting next_dagrun for dataset_alias_example_alias_producer to None, run_after=None
[2025-01-05T23:57:20.237+0000] {logging_mixin.py:190} INFO - [2025-01-05T23:57:20.237+0000] {dag.py:4180} INFO - Setting next_dagrun for dataset_s3_bucket_consumer to None, run_after=None
[2025-01-05T23:57:20.238+0000] {logging_mixin.py:190} INFO - [2025-01-05T23:57:20.238+0000] {dag.py:4180} INFO - Setting next_dagrun for dataset_s3_bucket_producer to None, run_after=None
[2025-01-05T23:57:20.263+0000] {processor.py:208} INFO - Processing /home/airflow/.local/lib/python3.12/site-packages/airflow/example_dags/example_dataset_alias.py took 0.569 seconds
[2025-01-05T23:57:50.427+0000] {processor.py:186} INFO - Started process (PID=9114) to work on /home/airflow/.local/lib/python3.12/site-packages/airflow/example_dags/example_dataset_alias.py
[2025-01-05T23:57:50.428+0000] {processor.py:914} INFO - Processing file /home/airflow/.local/lib/python3.12/site-packages/airflow/example_dags/example_dataset_alias.py for tasks to queue
[2025-01-05T23:57:50.430+0000] {logging_mixin.py:190} INFO - [2025-01-05T23:57:50.429+0000] {dagbag.py:588} INFO - Filling up the DagBag from /home/airflow/.local/lib/python3.12/site-packages/airflow/example_dags/example_dataset_alias.py
[2025-01-05T23:57:50.883+0000] {processor.py:925} INFO - DAG(s) 'dataset_alias_example_alias_producer', 'dataset_s3_bucket_producer', 'dataset_s3_bucket_consumer', 'dataset_alias_example_alias_consumer' retrieved from /home/airflow/.local/lib/python3.12/site-packages/airflow/example_dags/example_dataset_alias.py
[2025-01-05T23:57:50.902+0000] {logging_mixin.py:190} INFO - [2025-01-05T23:57:50.902+0000] {dag.py:3239} INFO - Sync 4 DAGs
[2025-01-05T23:57:50.922+0000] {logging_mixin.py:190} INFO - [2025-01-05T23:57:50.922+0000] {dag.py:4180} INFO - Setting next_dagrun for dataset_alias_example_alias_consumer to None, run_after=None
[2025-01-05T23:57:50.925+0000] {logging_mixin.py:190} INFO - [2025-01-05T23:57:50.924+0000] {dag.py:4180} INFO - Setting next_dagrun for dataset_alias_example_alias_producer to None, run_after=None
[2025-01-05T23:57:50.927+0000] {logging_mixin.py:190} INFO - [2025-01-05T23:57:50.926+0000] {dag.py:4180} INFO - Setting next_dagrun for dataset_s3_bucket_consumer to None, run_after=None
[2025-01-05T23:57:50.928+0000] {logging_mixin.py:190} INFO - [2025-01-05T23:57:50.928+0000] {dag.py:4180} INFO - Setting next_dagrun for dataset_s3_bucket_producer to None, run_after=None
[2025-01-05T23:57:50.950+0000] {processor.py:208} INFO - Processing /home/airflow/.local/lib/python3.12/site-packages/airflow/example_dags/example_dataset_alias.py took 0.528 seconds
[2025-01-05T23:58:21.111+0000] {processor.py:186} INFO - Started process (PID=9410) to work on /home/airflow/.local/lib/python3.12/site-packages/airflow/example_dags/example_dataset_alias.py
[2025-01-05T23:58:21.112+0000] {processor.py:914} INFO - Processing file /home/airflow/.local/lib/python3.12/site-packages/airflow/example_dags/example_dataset_alias.py for tasks to queue
[2025-01-05T23:58:21.114+0000] {logging_mixin.py:190} INFO - [2025-01-05T23:58:21.114+0000] {dagbag.py:588} INFO - Filling up the DagBag from /home/airflow/.local/lib/python3.12/site-packages/airflow/example_dags/example_dataset_alias.py
[2025-01-05T23:58:21.548+0000] {processor.py:925} INFO - DAG(s) 'dataset_s3_bucket_consumer', 'dataset_alias_example_alias_consumer', 'dataset_alias_example_alias_producer', 'dataset_s3_bucket_producer' retrieved from /home/airflow/.local/lib/python3.12/site-packages/airflow/example_dags/example_dataset_alias.py
[2025-01-05T23:58:21.567+0000] {logging_mixin.py:190} INFO - [2025-01-05T23:58:21.566+0000] {dag.py:3239} INFO - Sync 4 DAGs
[2025-01-05T23:58:21.585+0000] {logging_mixin.py:190} INFO - [2025-01-05T23:58:21.585+0000] {dag.py:4180} INFO - Setting next_dagrun for dataset_alias_example_alias_consumer to None, run_after=None
[2025-01-05T23:58:21.588+0000] {logging_mixin.py:190} INFO - [2025-01-05T23:58:21.588+0000] {dag.py:4180} INFO - Setting next_dagrun for dataset_alias_example_alias_producer to None, run_after=None
[2025-01-05T23:58:21.590+0000] {logging_mixin.py:190} INFO - [2025-01-05T23:58:21.590+0000] {dag.py:4180} INFO - Setting next_dagrun for dataset_s3_bucket_consumer to None, run_after=None
[2025-01-05T23:58:21.591+0000] {logging_mixin.py:190} INFO - [2025-01-05T23:58:21.591+0000] {dag.py:4180} INFO - Setting next_dagrun for dataset_s3_bucket_producer to None, run_after=None
[2025-01-05T23:58:21.610+0000] {processor.py:208} INFO - Processing /home/airflow/.local/lib/python3.12/site-packages/airflow/example_dags/example_dataset_alias.py took 0.503 seconds
[2025-01-05T23:58:51.706+0000] {processor.py:186} INFO - Started process (PID=9706) to work on /home/airflow/.local/lib/python3.12/site-packages/airflow/example_dags/example_dataset_alias.py
[2025-01-05T23:58:51.707+0000] {processor.py:914} INFO - Processing file /home/airflow/.local/lib/python3.12/site-packages/airflow/example_dags/example_dataset_alias.py for tasks to queue
[2025-01-05T23:58:51.709+0000] {logging_mixin.py:190} INFO - [2025-01-05T23:58:51.708+0000] {dagbag.py:588} INFO - Filling up the DagBag from /home/airflow/.local/lib/python3.12/site-packages/airflow/example_dags/example_dataset_alias.py
[2025-01-05T23:58:52.144+0000] {processor.py:925} INFO - DAG(s) 'dataset_alias_example_alias_producer', 'dataset_s3_bucket_consumer', 'dataset_s3_bucket_producer', 'dataset_alias_example_alias_consumer' retrieved from /home/airflow/.local/lib/python3.12/site-packages/airflow/example_dags/example_dataset_alias.py
[2025-01-05T23:58:52.163+0000] {logging_mixin.py:190} INFO - [2025-01-05T23:58:52.162+0000] {dag.py:3239} INFO - Sync 4 DAGs
[2025-01-05T23:58:52.180+0000] {logging_mixin.py:190} INFO - [2025-01-05T23:58:52.180+0000] {dag.py:4180} INFO - Setting next_dagrun for dataset_alias_example_alias_consumer to None, run_after=None
[2025-01-05T23:58:52.183+0000] {logging_mixin.py:190} INFO - [2025-01-05T23:58:52.183+0000] {dag.py:4180} INFO - Setting next_dagrun for dataset_alias_example_alias_producer to None, run_after=None
[2025-01-05T23:58:52.184+0000] {logging_mixin.py:190} INFO - [2025-01-05T23:58:52.184+0000] {dag.py:4180} INFO - Setting next_dagrun for dataset_s3_bucket_consumer to None, run_after=None
[2025-01-05T23:58:52.186+0000] {logging_mixin.py:190} INFO - [2025-01-05T23:58:52.185+0000] {dag.py:4180} INFO - Setting next_dagrun for dataset_s3_bucket_producer to None, run_after=None
[2025-01-05T23:58:52.206+0000] {processor.py:208} INFO - Processing /home/airflow/.local/lib/python3.12/site-packages/airflow/example_dags/example_dataset_alias.py took 0.506 seconds
[2025-01-05T23:59:22.441+0000] {processor.py:186} INFO - Started process (PID=10009) to work on /home/airflow/.local/lib/python3.12/site-packages/airflow/example_dags/example_dataset_alias.py
[2025-01-05T23:59:22.442+0000] {processor.py:914} INFO - Processing file /home/airflow/.local/lib/python3.12/site-packages/airflow/example_dags/example_dataset_alias.py for tasks to queue
[2025-01-05T23:59:22.444+0000] {logging_mixin.py:190} INFO - [2025-01-05T23:59:22.444+0000] {dagbag.py:588} INFO - Filling up the DagBag from /home/airflow/.local/lib/python3.12/site-packages/airflow/example_dags/example_dataset_alias.py
[2025-01-05T23:59:22.875+0000] {processor.py:925} INFO - DAG(s) 'dataset_alias_example_alias_consumer', 'dataset_alias_example_alias_producer', 'dataset_s3_bucket_consumer', 'dataset_s3_bucket_producer' retrieved from /home/airflow/.local/lib/python3.12/site-packages/airflow/example_dags/example_dataset_alias.py
[2025-01-05T23:59:22.894+0000] {logging_mixin.py:190} INFO - [2025-01-05T23:59:22.893+0000] {dag.py:3239} INFO - Sync 4 DAGs
[2025-01-05T23:59:22.912+0000] {logging_mixin.py:190} INFO - [2025-01-05T23:59:22.912+0000] {dag.py:4180} INFO - Setting next_dagrun for dataset_alias_example_alias_consumer to None, run_after=None
[2025-01-05T23:59:22.915+0000] {logging_mixin.py:190} INFO - [2025-01-05T23:59:22.915+0000] {dag.py:4180} INFO - Setting next_dagrun for dataset_alias_example_alias_producer to None, run_after=None
[2025-01-05T23:59:22.916+0000] {logging_mixin.py:190} INFO - [2025-01-05T23:59:22.916+0000] {dag.py:4180} INFO - Setting next_dagrun for dataset_s3_bucket_consumer to None, run_after=None
[2025-01-05T23:59:22.918+0000] {logging_mixin.py:190} INFO - [2025-01-05T23:59:22.918+0000] {dag.py:4180} INFO - Setting next_dagrun for dataset_s3_bucket_producer to None, run_after=None
[2025-01-05T23:59:22.936+0000] {processor.py:208} INFO - Processing /home/airflow/.local/lib/python3.12/site-packages/airflow/example_dags/example_dataset_alias.py took 0.499 seconds
[2025-01-05T23:59:53.249+0000] {processor.py:186} INFO - Started process (PID=10305) to work on /home/airflow/.local/lib/python3.12/site-packages/airflow/example_dags/example_dataset_alias.py
[2025-01-05T23:59:53.250+0000] {processor.py:914} INFO - Processing file /home/airflow/.local/lib/python3.12/site-packages/airflow/example_dags/example_dataset_alias.py for tasks to queue
[2025-01-05T23:59:53.252+0000] {logging_mixin.py:190} INFO - [2025-01-05T23:59:53.252+0000] {dagbag.py:588} INFO - Filling up the DagBag from /home/airflow/.local/lib/python3.12/site-packages/airflow/example_dags/example_dataset_alias.py
[2025-01-05T23:59:53.724+0000] {processor.py:925} INFO - DAG(s) 'dataset_s3_bucket_producer', 'dataset_s3_bucket_consumer', 'dataset_alias_example_alias_consumer', 'dataset_alias_example_alias_producer' retrieved from /home/airflow/.local/lib/python3.12/site-packages/airflow/example_dags/example_dataset_alias.py
[2025-01-05T23:59:53.740+0000] {logging_mixin.py:190} INFO - [2025-01-05T23:59:53.739+0000] {dag.py:3239} INFO - Sync 4 DAGs
[2025-01-05T23:59:53.758+0000] {logging_mixin.py:190} INFO - [2025-01-05T23:59:53.757+0000] {dag.py:4180} INFO - Setting next_dagrun for dataset_alias_example_alias_consumer to None, run_after=None
[2025-01-05T23:59:53.760+0000] {logging_mixin.py:190} INFO - [2025-01-05T23:59:53.759+0000] {dag.py:4180} INFO - Setting next_dagrun for dataset_alias_example_alias_producer to None, run_after=None
[2025-01-05T23:59:53.761+0000] {logging_mixin.py:190} INFO - [2025-01-05T23:59:53.761+0000] {dag.py:4180} INFO - Setting next_dagrun for dataset_s3_bucket_consumer to None, run_after=None
[2025-01-05T23:59:53.762+0000] {logging_mixin.py:190} INFO - [2025-01-05T23:59:53.762+0000] {dag.py:4180} INFO - Setting next_dagrun for dataset_s3_bucket_producer to None, run_after=None
[2025-01-05T23:59:53.784+0000] {processor.py:208} INFO - Processing /home/airflow/.local/lib/python3.12/site-packages/airflow/example_dags/example_dataset_alias.py took 0.539 seconds
