[2025-01-05T23:42:22.596+0000] {processor.py:186} INFO - Started process (PID=217) to work on /home/airflow/.local/lib/python3.12/site-packages/airflow/example_dags/example_kubernetes_executor.py
[2025-01-05T23:42:22.597+0000] {processor.py:914} INFO - Processing file /home/airflow/.local/lib/python3.12/site-packages/airflow/example_dags/example_kubernetes_executor.py for tasks to queue
[2025-01-05T23:42:22.601+0000] {logging_mixin.py:190} INFO - [2025-01-05T23:42:22.600+0000] {dagbag.py:588} INFO - Filling up the DagBag from /home/airflow/.local/lib/python3.12/site-packages/airflow/example_dags/example_kubernetes_executor.py
[2025-01-05T23:42:22.625+0000] {processor.py:925} INFO - DAG(s) 'example_kubernetes_executor' retrieved from /home/airflow/.local/lib/python3.12/site-packages/airflow/example_dags/example_kubernetes_executor.py
[2025-01-05T23:42:22.704+0000] {logging_mixin.py:190} INFO - [2025-01-05T23:42:22.704+0000] {dag.py:3239} INFO - Sync 1 DAGs
[2025-01-05T23:42:22.743+0000] {logging_mixin.py:190} INFO - [2025-01-05T23:42:22.742+0000] {dag.py:4180} INFO - Setting next_dagrun for example_kubernetes_executor to None, run_after=None
[2025-01-05T23:42:22.772+0000] {processor.py:208} INFO - Processing /home/airflow/.local/lib/python3.12/site-packages/airflow/example_dags/example_kubernetes_executor.py took 0.183 seconds
[2025-01-05T23:42:53.147+0000] {processor.py:186} INFO - Started process (PID=508) to work on /home/airflow/.local/lib/python3.12/site-packages/airflow/example_dags/example_kubernetes_executor.py
[2025-01-05T23:42:53.148+0000] {processor.py:914} INFO - Processing file /home/airflow/.local/lib/python3.12/site-packages/airflow/example_dags/example_kubernetes_executor.py for tasks to queue
[2025-01-05T23:42:53.150+0000] {logging_mixin.py:190} INFO - [2025-01-05T23:42:53.149+0000] {dagbag.py:588} INFO - Filling up the DagBag from /home/airflow/.local/lib/python3.12/site-packages/airflow/example_dags/example_kubernetes_executor.py
[2025-01-05T23:42:53.160+0000] {processor.py:925} INFO - DAG(s) 'example_kubernetes_executor' retrieved from /home/airflow/.local/lib/python3.12/site-packages/airflow/example_dags/example_kubernetes_executor.py
[2025-01-05T23:42:53.191+0000] {logging_mixin.py:190} INFO - [2025-01-05T23:42:53.190+0000] {dag.py:3239} INFO - Sync 1 DAGs
[2025-01-05T23:42:53.202+0000] {logging_mixin.py:190} INFO - [2025-01-05T23:42:53.202+0000] {dag.py:4180} INFO - Setting next_dagrun for example_kubernetes_executor to None, run_after=None
[2025-01-05T23:42:53.222+0000] {processor.py:208} INFO - Processing /home/airflow/.local/lib/python3.12/site-packages/airflow/example_dags/example_kubernetes_executor.py took 0.079 seconds
[2025-01-05T23:43:23.511+0000] {processor.py:186} INFO - Started process (PID=804) to work on /home/airflow/.local/lib/python3.12/site-packages/airflow/example_dags/example_kubernetes_executor.py
[2025-01-05T23:43:23.512+0000] {processor.py:914} INFO - Processing file /home/airflow/.local/lib/python3.12/site-packages/airflow/example_dags/example_kubernetes_executor.py for tasks to queue
[2025-01-05T23:43:23.515+0000] {logging_mixin.py:190} INFO - [2025-01-05T23:43:23.515+0000] {dagbag.py:588} INFO - Filling up the DagBag from /home/airflow/.local/lib/python3.12/site-packages/airflow/example_dags/example_kubernetes_executor.py
[2025-01-05T23:43:23.534+0000] {processor.py:925} INFO - DAG(s) 'example_kubernetes_executor' retrieved from /home/airflow/.local/lib/python3.12/site-packages/airflow/example_dags/example_kubernetes_executor.py
[2025-01-05T23:43:23.575+0000] {logging_mixin.py:190} INFO - [2025-01-05T23:43:23.575+0000] {dag.py:3239} INFO - Sync 1 DAGs
[2025-01-05T23:43:23.591+0000] {logging_mixin.py:190} INFO - [2025-01-05T23:43:23.590+0000] {dag.py:4180} INFO - Setting next_dagrun for example_kubernetes_executor to None, run_after=None
[2025-01-05T23:43:23.616+0000] {processor.py:208} INFO - Processing /home/airflow/.local/lib/python3.12/site-packages/airflow/example_dags/example_kubernetes_executor.py took 0.112 seconds
[2025-01-05T23:43:54.325+0000] {processor.py:186} INFO - Started process (PID=1100) to work on /home/airflow/.local/lib/python3.12/site-packages/airflow/example_dags/example_kubernetes_executor.py
[2025-01-05T23:43:54.326+0000] {processor.py:914} INFO - Processing file /home/airflow/.local/lib/python3.12/site-packages/airflow/example_dags/example_kubernetes_executor.py for tasks to queue
[2025-01-05T23:43:54.328+0000] {logging_mixin.py:190} INFO - [2025-01-05T23:43:54.328+0000] {dagbag.py:588} INFO - Filling up the DagBag from /home/airflow/.local/lib/python3.12/site-packages/airflow/example_dags/example_kubernetes_executor.py
[2025-01-05T23:43:54.341+0000] {processor.py:925} INFO - DAG(s) 'example_kubernetes_executor' retrieved from /home/airflow/.local/lib/python3.12/site-packages/airflow/example_dags/example_kubernetes_executor.py
[2025-01-05T23:43:54.368+0000] {logging_mixin.py:190} INFO - [2025-01-05T23:43:54.368+0000] {dag.py:3239} INFO - Sync 1 DAGs
[2025-01-05T23:43:54.379+0000] {logging_mixin.py:190} INFO - [2025-01-05T23:43:54.379+0000] {dag.py:4180} INFO - Setting next_dagrun for example_kubernetes_executor to None, run_after=None
[2025-01-05T23:43:54.393+0000] {processor.py:208} INFO - Processing /home/airflow/.local/lib/python3.12/site-packages/airflow/example_dags/example_kubernetes_executor.py took 0.073 seconds
[2025-01-05T23:44:25.335+0000] {processor.py:186} INFO - Started process (PID=1396) to work on /home/airflow/.local/lib/python3.12/site-packages/airflow/example_dags/example_kubernetes_executor.py
[2025-01-05T23:44:25.336+0000] {processor.py:914} INFO - Processing file /home/airflow/.local/lib/python3.12/site-packages/airflow/example_dags/example_kubernetes_executor.py for tasks to queue
[2025-01-05T23:44:25.338+0000] {logging_mixin.py:190} INFO - [2025-01-05T23:44:25.338+0000] {dagbag.py:588} INFO - Filling up the DagBag from /home/airflow/.local/lib/python3.12/site-packages/airflow/example_dags/example_kubernetes_executor.py
[2025-01-05T23:44:25.349+0000] {processor.py:925} INFO - DAG(s) 'example_kubernetes_executor' retrieved from /home/airflow/.local/lib/python3.12/site-packages/airflow/example_dags/example_kubernetes_executor.py
[2025-01-05T23:44:25.379+0000] {logging_mixin.py:190} INFO - [2025-01-05T23:44:25.379+0000] {dag.py:3239} INFO - Sync 1 DAGs
[2025-01-05T23:44:25.389+0000] {logging_mixin.py:190} INFO - [2025-01-05T23:44:25.389+0000] {dag.py:4180} INFO - Setting next_dagrun for example_kubernetes_executor to None, run_after=None
[2025-01-05T23:44:25.407+0000] {processor.py:208} INFO - Processing /home/airflow/.local/lib/python3.12/site-packages/airflow/example_dags/example_kubernetes_executor.py took 0.076 seconds
[2025-01-05T23:44:55.833+0000] {processor.py:186} INFO - Started process (PID=1692) to work on /home/airflow/.local/lib/python3.12/site-packages/airflow/example_dags/example_kubernetes_executor.py
[2025-01-05T23:44:55.834+0000] {processor.py:914} INFO - Processing file /home/airflow/.local/lib/python3.12/site-packages/airflow/example_dags/example_kubernetes_executor.py for tasks to queue
[2025-01-05T23:44:55.835+0000] {logging_mixin.py:190} INFO - [2025-01-05T23:44:55.835+0000] {dagbag.py:588} INFO - Filling up the DagBag from /home/airflow/.local/lib/python3.12/site-packages/airflow/example_dags/example_kubernetes_executor.py
[2025-01-05T23:44:55.846+0000] {processor.py:925} INFO - DAG(s) 'example_kubernetes_executor' retrieved from /home/airflow/.local/lib/python3.12/site-packages/airflow/example_dags/example_kubernetes_executor.py
[2025-01-05T23:44:55.881+0000] {logging_mixin.py:190} INFO - [2025-01-05T23:44:55.881+0000] {dag.py:3239} INFO - Sync 1 DAGs
[2025-01-05T23:44:55.895+0000] {logging_mixin.py:190} INFO - [2025-01-05T23:44:55.895+0000] {dag.py:4180} INFO - Setting next_dagrun for example_kubernetes_executor to None, run_after=None
[2025-01-05T23:44:55.916+0000] {processor.py:208} INFO - Processing /home/airflow/.local/lib/python3.12/site-packages/airflow/example_dags/example_kubernetes_executor.py took 0.087 seconds
[2025-01-05T23:45:26.591+0000] {processor.py:186} INFO - Started process (PID=1988) to work on /home/airflow/.local/lib/python3.12/site-packages/airflow/example_dags/example_kubernetes_executor.py
[2025-01-05T23:45:26.592+0000] {processor.py:914} INFO - Processing file /home/airflow/.local/lib/python3.12/site-packages/airflow/example_dags/example_kubernetes_executor.py for tasks to queue
[2025-01-05T23:45:26.594+0000] {logging_mixin.py:190} INFO - [2025-01-05T23:45:26.594+0000] {dagbag.py:588} INFO - Filling up the DagBag from /home/airflow/.local/lib/python3.12/site-packages/airflow/example_dags/example_kubernetes_executor.py
[2025-01-05T23:45:26.604+0000] {processor.py:925} INFO - DAG(s) 'example_kubernetes_executor' retrieved from /home/airflow/.local/lib/python3.12/site-packages/airflow/example_dags/example_kubernetes_executor.py
[2025-01-05T23:45:26.634+0000] {logging_mixin.py:190} INFO - [2025-01-05T23:45:26.633+0000] {dag.py:3239} INFO - Sync 1 DAGs
[2025-01-05T23:45:26.645+0000] {logging_mixin.py:190} INFO - [2025-01-05T23:45:26.644+0000] {dag.py:4180} INFO - Setting next_dagrun for example_kubernetes_executor to None, run_after=None
[2025-01-05T23:45:26.667+0000] {processor.py:208} INFO - Processing /home/airflow/.local/lib/python3.12/site-packages/airflow/example_dags/example_kubernetes_executor.py took 0.080 seconds
[2025-01-05T23:45:57.307+0000] {processor.py:186} INFO - Started process (PID=2284) to work on /home/airflow/.local/lib/python3.12/site-packages/airflow/example_dags/example_kubernetes_executor.py
[2025-01-05T23:45:57.308+0000] {processor.py:914} INFO - Processing file /home/airflow/.local/lib/python3.12/site-packages/airflow/example_dags/example_kubernetes_executor.py for tasks to queue
[2025-01-05T23:45:57.310+0000] {logging_mixin.py:190} INFO - [2025-01-05T23:45:57.309+0000] {dagbag.py:588} INFO - Filling up the DagBag from /home/airflow/.local/lib/python3.12/site-packages/airflow/example_dags/example_kubernetes_executor.py
[2025-01-05T23:45:57.324+0000] {processor.py:925} INFO - DAG(s) 'example_kubernetes_executor' retrieved from /home/airflow/.local/lib/python3.12/site-packages/airflow/example_dags/example_kubernetes_executor.py
[2025-01-05T23:45:57.367+0000] {logging_mixin.py:190} INFO - [2025-01-05T23:45:57.366+0000] {dag.py:3239} INFO - Sync 1 DAGs
[2025-01-05T23:45:57.384+0000] {logging_mixin.py:190} INFO - [2025-01-05T23:45:57.384+0000] {dag.py:4180} INFO - Setting next_dagrun for example_kubernetes_executor to None, run_after=None
[2025-01-05T23:45:57.402+0000] {processor.py:208} INFO - Processing /home/airflow/.local/lib/python3.12/site-packages/airflow/example_dags/example_kubernetes_executor.py took 0.102 seconds
[2025-01-05T23:46:27.477+0000] {processor.py:186} INFO - Started process (PID=2580) to work on /home/airflow/.local/lib/python3.12/site-packages/airflow/example_dags/example_kubernetes_executor.py
[2025-01-05T23:46:27.478+0000] {processor.py:914} INFO - Processing file /home/airflow/.local/lib/python3.12/site-packages/airflow/example_dags/example_kubernetes_executor.py for tasks to queue
[2025-01-05T23:46:27.479+0000] {logging_mixin.py:190} INFO - [2025-01-05T23:46:27.479+0000] {dagbag.py:588} INFO - Filling up the DagBag from /home/airflow/.local/lib/python3.12/site-packages/airflow/example_dags/example_kubernetes_executor.py
[2025-01-05T23:46:27.490+0000] {processor.py:925} INFO - DAG(s) 'example_kubernetes_executor' retrieved from /home/airflow/.local/lib/python3.12/site-packages/airflow/example_dags/example_kubernetes_executor.py
[2025-01-05T23:46:27.521+0000] {logging_mixin.py:190} INFO - [2025-01-05T23:46:27.520+0000] {dag.py:3239} INFO - Sync 1 DAGs
[2025-01-05T23:46:27.532+0000] {logging_mixin.py:190} INFO - [2025-01-05T23:46:27.532+0000] {dag.py:4180} INFO - Setting next_dagrun for example_kubernetes_executor to None, run_after=None
[2025-01-05T23:46:27.549+0000] {processor.py:208} INFO - Processing /home/airflow/.local/lib/python3.12/site-packages/airflow/example_dags/example_kubernetes_executor.py took 0.076 seconds
[2025-01-05T23:46:57.866+0000] {processor.py:186} INFO - Started process (PID=2876) to work on /home/airflow/.local/lib/python3.12/site-packages/airflow/example_dags/example_kubernetes_executor.py
[2025-01-05T23:46:57.867+0000] {processor.py:914} INFO - Processing file /home/airflow/.local/lib/python3.12/site-packages/airflow/example_dags/example_kubernetes_executor.py for tasks to queue
[2025-01-05T23:46:57.869+0000] {logging_mixin.py:190} INFO - [2025-01-05T23:46:57.869+0000] {dagbag.py:588} INFO - Filling up the DagBag from /home/airflow/.local/lib/python3.12/site-packages/airflow/example_dags/example_kubernetes_executor.py
[2025-01-05T23:46:57.881+0000] {processor.py:925} INFO - DAG(s) 'example_kubernetes_executor' retrieved from /home/airflow/.local/lib/python3.12/site-packages/airflow/example_dags/example_kubernetes_executor.py
[2025-01-05T23:46:57.919+0000] {logging_mixin.py:190} INFO - [2025-01-05T23:46:57.919+0000] {dag.py:3239} INFO - Sync 1 DAGs
[2025-01-05T23:46:57.932+0000] {logging_mixin.py:190} INFO - [2025-01-05T23:46:57.932+0000] {dag.py:4180} INFO - Setting next_dagrun for example_kubernetes_executor to None, run_after=None
[2025-01-05T23:46:57.950+0000] {processor.py:208} INFO - Processing /home/airflow/.local/lib/python3.12/site-packages/airflow/example_dags/example_kubernetes_executor.py took 0.088 seconds
[2025-01-05T23:47:28.836+0000] {processor.py:186} INFO - Started process (PID=3172) to work on /home/airflow/.local/lib/python3.12/site-packages/airflow/example_dags/example_kubernetes_executor.py
[2025-01-05T23:47:28.838+0000] {processor.py:914} INFO - Processing file /home/airflow/.local/lib/python3.12/site-packages/airflow/example_dags/example_kubernetes_executor.py for tasks to queue
[2025-01-05T23:47:28.840+0000] {logging_mixin.py:190} INFO - [2025-01-05T23:47:28.839+0000] {dagbag.py:588} INFO - Filling up the DagBag from /home/airflow/.local/lib/python3.12/site-packages/airflow/example_dags/example_kubernetes_executor.py
[2025-01-05T23:47:28.851+0000] {processor.py:925} INFO - DAG(s) 'example_kubernetes_executor' retrieved from /home/airflow/.local/lib/python3.12/site-packages/airflow/example_dags/example_kubernetes_executor.py
[2025-01-05T23:47:28.887+0000] {logging_mixin.py:190} INFO - [2025-01-05T23:47:28.887+0000] {dag.py:3239} INFO - Sync 1 DAGs
[2025-01-05T23:47:28.909+0000] {logging_mixin.py:190} INFO - [2025-01-05T23:47:28.909+0000] {dag.py:4180} INFO - Setting next_dagrun for example_kubernetes_executor to None, run_after=None
[2025-01-05T23:47:28.925+0000] {processor.py:208} INFO - Processing /home/airflow/.local/lib/python3.12/site-packages/airflow/example_dags/example_kubernetes_executor.py took 0.093 seconds
[2025-01-05T23:47:59.492+0000] {processor.py:186} INFO - Started process (PID=3468) to work on /home/airflow/.local/lib/python3.12/site-packages/airflow/example_dags/example_kubernetes_executor.py
[2025-01-05T23:47:59.493+0000] {processor.py:914} INFO - Processing file /home/airflow/.local/lib/python3.12/site-packages/airflow/example_dags/example_kubernetes_executor.py for tasks to queue
[2025-01-05T23:47:59.496+0000] {logging_mixin.py:190} INFO - [2025-01-05T23:47:59.496+0000] {dagbag.py:588} INFO - Filling up the DagBag from /home/airflow/.local/lib/python3.12/site-packages/airflow/example_dags/example_kubernetes_executor.py
[2025-01-05T23:47:59.508+0000] {processor.py:925} INFO - DAG(s) 'example_kubernetes_executor' retrieved from /home/airflow/.local/lib/python3.12/site-packages/airflow/example_dags/example_kubernetes_executor.py
[2025-01-05T23:47:59.538+0000] {logging_mixin.py:190} INFO - [2025-01-05T23:47:59.538+0000] {dag.py:3239} INFO - Sync 1 DAGs
[2025-01-05T23:47:59.550+0000] {logging_mixin.py:190} INFO - [2025-01-05T23:47:59.550+0000] {dag.py:4180} INFO - Setting next_dagrun for example_kubernetes_executor to None, run_after=None
[2025-01-05T23:47:59.566+0000] {processor.py:208} INFO - Processing /home/airflow/.local/lib/python3.12/site-packages/airflow/example_dags/example_kubernetes_executor.py took 0.080 seconds
[2025-01-05T23:48:30.217+0000] {processor.py:186} INFO - Started process (PID=3764) to work on /home/airflow/.local/lib/python3.12/site-packages/airflow/example_dags/example_kubernetes_executor.py
[2025-01-05T23:48:30.218+0000] {processor.py:914} INFO - Processing file /home/airflow/.local/lib/python3.12/site-packages/airflow/example_dags/example_kubernetes_executor.py for tasks to queue
[2025-01-05T23:48:30.220+0000] {logging_mixin.py:190} INFO - [2025-01-05T23:48:30.219+0000] {dagbag.py:588} INFO - Filling up the DagBag from /home/airflow/.local/lib/python3.12/site-packages/airflow/example_dags/example_kubernetes_executor.py
[2025-01-05T23:48:30.230+0000] {processor.py:925} INFO - DAG(s) 'example_kubernetes_executor' retrieved from /home/airflow/.local/lib/python3.12/site-packages/airflow/example_dags/example_kubernetes_executor.py
[2025-01-05T23:48:30.262+0000] {logging_mixin.py:190} INFO - [2025-01-05T23:48:30.262+0000] {dag.py:3239} INFO - Sync 1 DAGs
[2025-01-05T23:48:30.274+0000] {logging_mixin.py:190} INFO - [2025-01-05T23:48:30.274+0000] {dag.py:4180} INFO - Setting next_dagrun for example_kubernetes_executor to None, run_after=None
[2025-01-05T23:48:30.291+0000] {processor.py:208} INFO - Processing /home/airflow/.local/lib/python3.12/site-packages/airflow/example_dags/example_kubernetes_executor.py took 0.078 seconds
[2025-01-05T23:49:01.027+0000] {processor.py:186} INFO - Started process (PID=4060) to work on /home/airflow/.local/lib/python3.12/site-packages/airflow/example_dags/example_kubernetes_executor.py
[2025-01-05T23:49:01.028+0000] {processor.py:914} INFO - Processing file /home/airflow/.local/lib/python3.12/site-packages/airflow/example_dags/example_kubernetes_executor.py for tasks to queue
[2025-01-05T23:49:01.030+0000] {logging_mixin.py:190} INFO - [2025-01-05T23:49:01.030+0000] {dagbag.py:588} INFO - Filling up the DagBag from /home/airflow/.local/lib/python3.12/site-packages/airflow/example_dags/example_kubernetes_executor.py
[2025-01-05T23:49:01.041+0000] {processor.py:925} INFO - DAG(s) 'example_kubernetes_executor' retrieved from /home/airflow/.local/lib/python3.12/site-packages/airflow/example_dags/example_kubernetes_executor.py
[2025-01-05T23:49:01.072+0000] {logging_mixin.py:190} INFO - [2025-01-05T23:49:01.071+0000] {dag.py:3239} INFO - Sync 1 DAGs
[2025-01-05T23:49:01.084+0000] {logging_mixin.py:190} INFO - [2025-01-05T23:49:01.084+0000] {dag.py:4180} INFO - Setting next_dagrun for example_kubernetes_executor to None, run_after=None
[2025-01-05T23:49:01.100+0000] {processor.py:208} INFO - Processing /home/airflow/.local/lib/python3.12/site-packages/airflow/example_dags/example_kubernetes_executor.py took 0.079 seconds
[2025-01-05T23:49:31.817+0000] {processor.py:186} INFO - Started process (PID=4356) to work on /home/airflow/.local/lib/python3.12/site-packages/airflow/example_dags/example_kubernetes_executor.py
[2025-01-05T23:49:31.818+0000] {processor.py:914} INFO - Processing file /home/airflow/.local/lib/python3.12/site-packages/airflow/example_dags/example_kubernetes_executor.py for tasks to queue
[2025-01-05T23:49:31.820+0000] {logging_mixin.py:190} INFO - [2025-01-05T23:49:31.819+0000] {dagbag.py:588} INFO - Filling up the DagBag from /home/airflow/.local/lib/python3.12/site-packages/airflow/example_dags/example_kubernetes_executor.py
[2025-01-05T23:49:31.832+0000] {processor.py:925} INFO - DAG(s) 'example_kubernetes_executor' retrieved from /home/airflow/.local/lib/python3.12/site-packages/airflow/example_dags/example_kubernetes_executor.py
[2025-01-05T23:49:31.861+0000] {logging_mixin.py:190} INFO - [2025-01-05T23:49:31.860+0000] {dag.py:3239} INFO - Sync 1 DAGs
[2025-01-05T23:49:31.872+0000] {logging_mixin.py:190} INFO - [2025-01-05T23:49:31.872+0000] {dag.py:4180} INFO - Setting next_dagrun for example_kubernetes_executor to None, run_after=None
[2025-01-05T23:49:31.889+0000] {processor.py:208} INFO - Processing /home/airflow/.local/lib/python3.12/site-packages/airflow/example_dags/example_kubernetes_executor.py took 0.076 seconds
[2025-01-05T23:50:02.678+0000] {processor.py:186} INFO - Started process (PID=4652) to work on /home/airflow/.local/lib/python3.12/site-packages/airflow/example_dags/example_kubernetes_executor.py
[2025-01-05T23:50:02.679+0000] {processor.py:914} INFO - Processing file /home/airflow/.local/lib/python3.12/site-packages/airflow/example_dags/example_kubernetes_executor.py for tasks to queue
[2025-01-05T23:50:02.681+0000] {logging_mixin.py:190} INFO - [2025-01-05T23:50:02.681+0000] {dagbag.py:588} INFO - Filling up the DagBag from /home/airflow/.local/lib/python3.12/site-packages/airflow/example_dags/example_kubernetes_executor.py
[2025-01-05T23:50:02.693+0000] {processor.py:925} INFO - DAG(s) 'example_kubernetes_executor' retrieved from /home/airflow/.local/lib/python3.12/site-packages/airflow/example_dags/example_kubernetes_executor.py
[2025-01-05T23:50:02.722+0000] {logging_mixin.py:190} INFO - [2025-01-05T23:50:02.722+0000] {dag.py:3239} INFO - Sync 1 DAGs
[2025-01-05T23:50:02.735+0000] {logging_mixin.py:190} INFO - [2025-01-05T23:50:02.734+0000] {dag.py:4180} INFO - Setting next_dagrun for example_kubernetes_executor to None, run_after=None
[2025-01-05T23:50:02.751+0000] {processor.py:208} INFO - Processing /home/airflow/.local/lib/python3.12/site-packages/airflow/example_dags/example_kubernetes_executor.py took 0.077 seconds
[2025-01-05T23:50:33.646+0000] {processor.py:186} INFO - Started process (PID=4948) to work on /home/airflow/.local/lib/python3.12/site-packages/airflow/example_dags/example_kubernetes_executor.py
[2025-01-05T23:50:33.647+0000] {processor.py:914} INFO - Processing file /home/airflow/.local/lib/python3.12/site-packages/airflow/example_dags/example_kubernetes_executor.py for tasks to queue
[2025-01-05T23:50:33.649+0000] {logging_mixin.py:190} INFO - [2025-01-05T23:50:33.649+0000] {dagbag.py:588} INFO - Filling up the DagBag from /home/airflow/.local/lib/python3.12/site-packages/airflow/example_dags/example_kubernetes_executor.py
[2025-01-05T23:50:33.661+0000] {processor.py:925} INFO - DAG(s) 'example_kubernetes_executor' retrieved from /home/airflow/.local/lib/python3.12/site-packages/airflow/example_dags/example_kubernetes_executor.py
[2025-01-05T23:50:33.692+0000] {logging_mixin.py:190} INFO - [2025-01-05T23:50:33.692+0000] {dag.py:3239} INFO - Sync 1 DAGs
[2025-01-05T23:50:33.704+0000] {logging_mixin.py:190} INFO - [2025-01-05T23:50:33.704+0000] {dag.py:4180} INFO - Setting next_dagrun for example_kubernetes_executor to None, run_after=None
[2025-01-05T23:50:33.721+0000] {processor.py:208} INFO - Processing /home/airflow/.local/lib/python3.12/site-packages/airflow/example_dags/example_kubernetes_executor.py took 0.080 seconds
[2025-01-05T23:51:04.524+0000] {processor.py:186} INFO - Started process (PID=5244) to work on /home/airflow/.local/lib/python3.12/site-packages/airflow/example_dags/example_kubernetes_executor.py
[2025-01-05T23:51:04.524+0000] {processor.py:914} INFO - Processing file /home/airflow/.local/lib/python3.12/site-packages/airflow/example_dags/example_kubernetes_executor.py for tasks to queue
[2025-01-05T23:51:04.526+0000] {logging_mixin.py:190} INFO - [2025-01-05T23:51:04.526+0000] {dagbag.py:588} INFO - Filling up the DagBag from /home/airflow/.local/lib/python3.12/site-packages/airflow/example_dags/example_kubernetes_executor.py
[2025-01-05T23:51:04.536+0000] {processor.py:925} INFO - DAG(s) 'example_kubernetes_executor' retrieved from /home/airflow/.local/lib/python3.12/site-packages/airflow/example_dags/example_kubernetes_executor.py
[2025-01-05T23:51:04.566+0000] {logging_mixin.py:190} INFO - [2025-01-05T23:51:04.566+0000] {dag.py:3239} INFO - Sync 1 DAGs
[2025-01-05T23:51:04.577+0000] {logging_mixin.py:190} INFO - [2025-01-05T23:51:04.577+0000] {dag.py:4180} INFO - Setting next_dagrun for example_kubernetes_executor to None, run_after=None
[2025-01-05T23:51:04.595+0000] {processor.py:208} INFO - Processing /home/airflow/.local/lib/python3.12/site-packages/airflow/example_dags/example_kubernetes_executor.py took 0.075 seconds
[2025-01-05T23:51:35.636+0000] {processor.py:186} INFO - Started process (PID=5540) to work on /home/airflow/.local/lib/python3.12/site-packages/airflow/example_dags/example_kubernetes_executor.py
[2025-01-05T23:51:35.637+0000] {processor.py:914} INFO - Processing file /home/airflow/.local/lib/python3.12/site-packages/airflow/example_dags/example_kubernetes_executor.py for tasks to queue
[2025-01-05T23:51:35.639+0000] {logging_mixin.py:190} INFO - [2025-01-05T23:51:35.639+0000] {dagbag.py:588} INFO - Filling up the DagBag from /home/airflow/.local/lib/python3.12/site-packages/airflow/example_dags/example_kubernetes_executor.py
[2025-01-05T23:51:35.649+0000] {processor.py:925} INFO - DAG(s) 'example_kubernetes_executor' retrieved from /home/airflow/.local/lib/python3.12/site-packages/airflow/example_dags/example_kubernetes_executor.py
[2025-01-05T23:51:35.677+0000] {logging_mixin.py:190} INFO - [2025-01-05T23:51:35.677+0000] {dag.py:3239} INFO - Sync 1 DAGs
[2025-01-05T23:51:35.688+0000] {logging_mixin.py:190} INFO - [2025-01-05T23:51:35.688+0000] {dag.py:4180} INFO - Setting next_dagrun for example_kubernetes_executor to None, run_after=None
[2025-01-05T23:51:35.706+0000] {processor.py:208} INFO - Processing /home/airflow/.local/lib/python3.12/site-packages/airflow/example_dags/example_kubernetes_executor.py took 0.073 seconds
[2025-01-05T23:52:06.417+0000] {processor.py:186} INFO - Started process (PID=5836) to work on /home/airflow/.local/lib/python3.12/site-packages/airflow/example_dags/example_kubernetes_executor.py
[2025-01-05T23:52:06.418+0000] {processor.py:914} INFO - Processing file /home/airflow/.local/lib/python3.12/site-packages/airflow/example_dags/example_kubernetes_executor.py for tasks to queue
[2025-01-05T23:52:06.421+0000] {logging_mixin.py:190} INFO - [2025-01-05T23:52:06.421+0000] {dagbag.py:588} INFO - Filling up the DagBag from /home/airflow/.local/lib/python3.12/site-packages/airflow/example_dags/example_kubernetes_executor.py
[2025-01-05T23:52:06.434+0000] {processor.py:925} INFO - DAG(s) 'example_kubernetes_executor' retrieved from /home/airflow/.local/lib/python3.12/site-packages/airflow/example_dags/example_kubernetes_executor.py
[2025-01-05T23:52:06.473+0000] {logging_mixin.py:190} INFO - [2025-01-05T23:52:06.473+0000] {dag.py:3239} INFO - Sync 1 DAGs
[2025-01-05T23:52:06.488+0000] {logging_mixin.py:190} INFO - [2025-01-05T23:52:06.488+0000] {dag.py:4180} INFO - Setting next_dagrun for example_kubernetes_executor to None, run_after=None
[2025-01-05T23:52:06.509+0000] {processor.py:208} INFO - Processing /home/airflow/.local/lib/python3.12/site-packages/airflow/example_dags/example_kubernetes_executor.py took 0.098 seconds
[2025-01-05T23:52:37.442+0000] {processor.py:186} INFO - Started process (PID=6132) to work on /home/airflow/.local/lib/python3.12/site-packages/airflow/example_dags/example_kubernetes_executor.py
[2025-01-05T23:52:37.443+0000] {processor.py:914} INFO - Processing file /home/airflow/.local/lib/python3.12/site-packages/airflow/example_dags/example_kubernetes_executor.py for tasks to queue
[2025-01-05T23:52:37.445+0000] {logging_mixin.py:190} INFO - [2025-01-05T23:52:37.445+0000] {dagbag.py:588} INFO - Filling up the DagBag from /home/airflow/.local/lib/python3.12/site-packages/airflow/example_dags/example_kubernetes_executor.py
[2025-01-05T23:52:37.455+0000] {processor.py:925} INFO - DAG(s) 'example_kubernetes_executor' retrieved from /home/airflow/.local/lib/python3.12/site-packages/airflow/example_dags/example_kubernetes_executor.py
[2025-01-05T23:52:37.485+0000] {logging_mixin.py:190} INFO - [2025-01-05T23:52:37.485+0000] {dag.py:3239} INFO - Sync 1 DAGs
[2025-01-05T23:52:37.496+0000] {logging_mixin.py:190} INFO - [2025-01-05T23:52:37.496+0000] {dag.py:4180} INFO - Setting next_dagrun for example_kubernetes_executor to None, run_after=None
[2025-01-05T23:52:37.516+0000] {processor.py:208} INFO - Processing /home/airflow/.local/lib/python3.12/site-packages/airflow/example_dags/example_kubernetes_executor.py took 0.078 seconds
[2025-01-05T23:53:08.384+0000] {processor.py:186} INFO - Started process (PID=6428) to work on /home/airflow/.local/lib/python3.12/site-packages/airflow/example_dags/example_kubernetes_executor.py
[2025-01-05T23:53:08.385+0000] {processor.py:914} INFO - Processing file /home/airflow/.local/lib/python3.12/site-packages/airflow/example_dags/example_kubernetes_executor.py for tasks to queue
[2025-01-05T23:53:08.387+0000] {logging_mixin.py:190} INFO - [2025-01-05T23:53:08.386+0000] {dagbag.py:588} INFO - Filling up the DagBag from /home/airflow/.local/lib/python3.12/site-packages/airflow/example_dags/example_kubernetes_executor.py
[2025-01-05T23:53:08.398+0000] {processor.py:925} INFO - DAG(s) 'example_kubernetes_executor' retrieved from /home/airflow/.local/lib/python3.12/site-packages/airflow/example_dags/example_kubernetes_executor.py
[2025-01-05T23:53:08.425+0000] {logging_mixin.py:190} INFO - [2025-01-05T23:53:08.425+0000] {dag.py:3239} INFO - Sync 1 DAGs
[2025-01-05T23:53:08.436+0000] {logging_mixin.py:190} INFO - [2025-01-05T23:53:08.436+0000] {dag.py:4180} INFO - Setting next_dagrun for example_kubernetes_executor to None, run_after=None
[2025-01-05T23:53:08.456+0000] {processor.py:208} INFO - Processing /home/airflow/.local/lib/python3.12/site-packages/airflow/example_dags/example_kubernetes_executor.py took 0.076 seconds
[2025-01-05T23:53:39.223+0000] {processor.py:186} INFO - Started process (PID=6724) to work on /home/airflow/.local/lib/python3.12/site-packages/airflow/example_dags/example_kubernetes_executor.py
[2025-01-05T23:53:39.224+0000] {processor.py:914} INFO - Processing file /home/airflow/.local/lib/python3.12/site-packages/airflow/example_dags/example_kubernetes_executor.py for tasks to queue
[2025-01-05T23:53:39.226+0000] {logging_mixin.py:190} INFO - [2025-01-05T23:53:39.226+0000] {dagbag.py:588} INFO - Filling up the DagBag from /home/airflow/.local/lib/python3.12/site-packages/airflow/example_dags/example_kubernetes_executor.py
[2025-01-05T23:53:39.238+0000] {processor.py:925} INFO - DAG(s) 'example_kubernetes_executor' retrieved from /home/airflow/.local/lib/python3.12/site-packages/airflow/example_dags/example_kubernetes_executor.py
[2025-01-05T23:53:39.272+0000] {logging_mixin.py:190} INFO - [2025-01-05T23:53:39.272+0000] {dag.py:3239} INFO - Sync 1 DAGs
[2025-01-05T23:53:39.285+0000] {logging_mixin.py:190} INFO - [2025-01-05T23:53:39.285+0000] {dag.py:4180} INFO - Setting next_dagrun for example_kubernetes_executor to None, run_after=None
[2025-01-05T23:53:39.304+0000] {processor.py:208} INFO - Processing /home/airflow/.local/lib/python3.12/site-packages/airflow/example_dags/example_kubernetes_executor.py took 0.086 seconds
[2025-01-05T23:54:09.816+0000] {processor.py:186} INFO - Started process (PID=7020) to work on /home/airflow/.local/lib/python3.12/site-packages/airflow/example_dags/example_kubernetes_executor.py
[2025-01-05T23:54:09.817+0000] {processor.py:914} INFO - Processing file /home/airflow/.local/lib/python3.12/site-packages/airflow/example_dags/example_kubernetes_executor.py for tasks to queue
[2025-01-05T23:54:09.819+0000] {logging_mixin.py:190} INFO - [2025-01-05T23:54:09.819+0000] {dagbag.py:588} INFO - Filling up the DagBag from /home/airflow/.local/lib/python3.12/site-packages/airflow/example_dags/example_kubernetes_executor.py
[2025-01-05T23:54:09.831+0000] {processor.py:925} INFO - DAG(s) 'example_kubernetes_executor' retrieved from /home/airflow/.local/lib/python3.12/site-packages/airflow/example_dags/example_kubernetes_executor.py
[2025-01-05T23:54:09.863+0000] {logging_mixin.py:190} INFO - [2025-01-05T23:54:09.863+0000] {dag.py:3239} INFO - Sync 1 DAGs
[2025-01-05T23:54:09.875+0000] {logging_mixin.py:190} INFO - [2025-01-05T23:54:09.875+0000] {dag.py:4180} INFO - Setting next_dagrun for example_kubernetes_executor to None, run_after=None
[2025-01-05T23:54:09.895+0000] {processor.py:208} INFO - Processing /home/airflow/.local/lib/python3.12/site-packages/airflow/example_dags/example_kubernetes_executor.py took 0.084 seconds
[2025-01-05T23:54:40.820+0000] {processor.py:186} INFO - Started process (PID=7316) to work on /home/airflow/.local/lib/python3.12/site-packages/airflow/example_dags/example_kubernetes_executor.py
[2025-01-05T23:54:40.821+0000] {processor.py:914} INFO - Processing file /home/airflow/.local/lib/python3.12/site-packages/airflow/example_dags/example_kubernetes_executor.py for tasks to queue
[2025-01-05T23:54:40.824+0000] {logging_mixin.py:190} INFO - [2025-01-05T23:54:40.823+0000] {dagbag.py:588} INFO - Filling up the DagBag from /home/airflow/.local/lib/python3.12/site-packages/airflow/example_dags/example_kubernetes_executor.py
[2025-01-05T23:54:40.837+0000] {processor.py:925} INFO - DAG(s) 'example_kubernetes_executor' retrieved from /home/airflow/.local/lib/python3.12/site-packages/airflow/example_dags/example_kubernetes_executor.py
[2025-01-05T23:54:40.873+0000] {logging_mixin.py:190} INFO - [2025-01-05T23:54:40.872+0000] {dag.py:3239} INFO - Sync 1 DAGs
[2025-01-05T23:54:40.887+0000] {logging_mixin.py:190} INFO - [2025-01-05T23:54:40.886+0000] {dag.py:4180} INFO - Setting next_dagrun for example_kubernetes_executor to None, run_after=None
[2025-01-05T23:54:40.905+0000] {processor.py:208} INFO - Processing /home/airflow/.local/lib/python3.12/site-packages/airflow/example_dags/example_kubernetes_executor.py took 0.091 seconds
[2025-01-05T23:55:11.734+0000] {processor.py:186} INFO - Started process (PID=7612) to work on /home/airflow/.local/lib/python3.12/site-packages/airflow/example_dags/example_kubernetes_executor.py
[2025-01-05T23:55:11.735+0000] {processor.py:914} INFO - Processing file /home/airflow/.local/lib/python3.12/site-packages/airflow/example_dags/example_kubernetes_executor.py for tasks to queue
[2025-01-05T23:55:11.737+0000] {logging_mixin.py:190} INFO - [2025-01-05T23:55:11.737+0000] {dagbag.py:588} INFO - Filling up the DagBag from /home/airflow/.local/lib/python3.12/site-packages/airflow/example_dags/example_kubernetes_executor.py
[2025-01-05T23:55:11.748+0000] {processor.py:925} INFO - DAG(s) 'example_kubernetes_executor' retrieved from /home/airflow/.local/lib/python3.12/site-packages/airflow/example_dags/example_kubernetes_executor.py
[2025-01-05T23:55:11.777+0000] {logging_mixin.py:190} INFO - [2025-01-05T23:55:11.777+0000] {dag.py:3239} INFO - Sync 1 DAGs
[2025-01-05T23:55:11.789+0000] {logging_mixin.py:190} INFO - [2025-01-05T23:55:11.789+0000] {dag.py:4180} INFO - Setting next_dagrun for example_kubernetes_executor to None, run_after=None
[2025-01-05T23:55:11.805+0000] {processor.py:208} INFO - Processing /home/airflow/.local/lib/python3.12/site-packages/airflow/example_dags/example_kubernetes_executor.py took 0.075 seconds
[2025-01-05T23:55:42.809+0000] {processor.py:186} INFO - Started process (PID=7908) to work on /home/airflow/.local/lib/python3.12/site-packages/airflow/example_dags/example_kubernetes_executor.py
[2025-01-05T23:55:42.810+0000] {processor.py:914} INFO - Processing file /home/airflow/.local/lib/python3.12/site-packages/airflow/example_dags/example_kubernetes_executor.py for tasks to queue
[2025-01-05T23:55:42.811+0000] {logging_mixin.py:190} INFO - [2025-01-05T23:55:42.811+0000] {dagbag.py:588} INFO - Filling up the DagBag from /home/airflow/.local/lib/python3.12/site-packages/airflow/example_dags/example_kubernetes_executor.py
[2025-01-05T23:55:42.821+0000] {processor.py:925} INFO - DAG(s) 'example_kubernetes_executor' retrieved from /home/airflow/.local/lib/python3.12/site-packages/airflow/example_dags/example_kubernetes_executor.py
[2025-01-05T23:55:42.849+0000] {logging_mixin.py:190} INFO - [2025-01-05T23:55:42.849+0000] {dag.py:3239} INFO - Sync 1 DAGs
[2025-01-05T23:55:42.861+0000] {logging_mixin.py:190} INFO - [2025-01-05T23:55:42.861+0000] {dag.py:4180} INFO - Setting next_dagrun for example_kubernetes_executor to None, run_after=None
[2025-01-05T23:55:42.882+0000] {processor.py:208} INFO - Processing /home/airflow/.local/lib/python3.12/site-packages/airflow/example_dags/example_kubernetes_executor.py took 0.078 seconds
[2025-01-05T23:56:13.818+0000] {processor.py:186} INFO - Started process (PID=8204) to work on /home/airflow/.local/lib/python3.12/site-packages/airflow/example_dags/example_kubernetes_executor.py
[2025-01-05T23:56:13.819+0000] {processor.py:914} INFO - Processing file /home/airflow/.local/lib/python3.12/site-packages/airflow/example_dags/example_kubernetes_executor.py for tasks to queue
[2025-01-05T23:56:13.821+0000] {logging_mixin.py:190} INFO - [2025-01-05T23:56:13.820+0000] {dagbag.py:588} INFO - Filling up the DagBag from /home/airflow/.local/lib/python3.12/site-packages/airflow/example_dags/example_kubernetes_executor.py
[2025-01-05T23:56:13.833+0000] {processor.py:925} INFO - DAG(s) 'example_kubernetes_executor' retrieved from /home/airflow/.local/lib/python3.12/site-packages/airflow/example_dags/example_kubernetes_executor.py
[2025-01-05T23:56:13.862+0000] {logging_mixin.py:190} INFO - [2025-01-05T23:56:13.862+0000] {dag.py:3239} INFO - Sync 1 DAGs
[2025-01-05T23:56:13.873+0000] {logging_mixin.py:190} INFO - [2025-01-05T23:56:13.873+0000] {dag.py:4180} INFO - Setting next_dagrun for example_kubernetes_executor to None, run_after=None
[2025-01-05T23:56:13.892+0000] {processor.py:208} INFO - Processing /home/airflow/.local/lib/python3.12/site-packages/airflow/example_dags/example_kubernetes_executor.py took 0.080 seconds
[2025-01-05T23:56:44.528+0000] {processor.py:186} INFO - Started process (PID=8502) to work on /home/airflow/.local/lib/python3.12/site-packages/airflow/example_dags/example_kubernetes_executor.py
[2025-01-05T23:56:44.529+0000] {processor.py:914} INFO - Processing file /home/airflow/.local/lib/python3.12/site-packages/airflow/example_dags/example_kubernetes_executor.py for tasks to queue
[2025-01-05T23:56:44.531+0000] {logging_mixin.py:190} INFO - [2025-01-05T23:56:44.531+0000] {dagbag.py:588} INFO - Filling up the DagBag from /home/airflow/.local/lib/python3.12/site-packages/airflow/example_dags/example_kubernetes_executor.py
[2025-01-05T23:56:44.541+0000] {processor.py:925} INFO - DAG(s) 'example_kubernetes_executor' retrieved from /home/airflow/.local/lib/python3.12/site-packages/airflow/example_dags/example_kubernetes_executor.py
[2025-01-05T23:56:44.570+0000] {logging_mixin.py:190} INFO - [2025-01-05T23:56:44.569+0000] {dag.py:3239} INFO - Sync 1 DAGs
[2025-01-05T23:56:44.580+0000] {logging_mixin.py:190} INFO - [2025-01-05T23:56:44.580+0000] {dag.py:4180} INFO - Setting next_dagrun for example_kubernetes_executor to None, run_after=None
[2025-01-05T23:56:44.600+0000] {processor.py:208} INFO - Processing /home/airflow/.local/lib/python3.12/site-packages/airflow/example_dags/example_kubernetes_executor.py took 0.076 seconds
[2025-01-05T23:57:15.341+0000] {processor.py:186} INFO - Started process (PID=8796) to work on /home/airflow/.local/lib/python3.12/site-packages/airflow/example_dags/example_kubernetes_executor.py
[2025-01-05T23:57:15.341+0000] {processor.py:914} INFO - Processing file /home/airflow/.local/lib/python3.12/site-packages/airflow/example_dags/example_kubernetes_executor.py for tasks to queue
[2025-01-05T23:57:15.343+0000] {logging_mixin.py:190} INFO - [2025-01-05T23:57:15.343+0000] {dagbag.py:588} INFO - Filling up the DagBag from /home/airflow/.local/lib/python3.12/site-packages/airflow/example_dags/example_kubernetes_executor.py
[2025-01-05T23:57:15.353+0000] {processor.py:925} INFO - DAG(s) 'example_kubernetes_executor' retrieved from /home/airflow/.local/lib/python3.12/site-packages/airflow/example_dags/example_kubernetes_executor.py
[2025-01-05T23:57:15.382+0000] {logging_mixin.py:190} INFO - [2025-01-05T23:57:15.382+0000] {dag.py:3239} INFO - Sync 1 DAGs
[2025-01-05T23:57:15.392+0000] {logging_mixin.py:190} INFO - [2025-01-05T23:57:15.392+0000] {dag.py:4180} INFO - Setting next_dagrun for example_kubernetes_executor to None, run_after=None
[2025-01-05T23:57:15.411+0000] {processor.py:208} INFO - Processing /home/airflow/.local/lib/python3.12/site-packages/airflow/example_dags/example_kubernetes_executor.py took 0.075 seconds
[2025-01-05T23:57:46.154+0000] {processor.py:186} INFO - Started process (PID=9094) to work on /home/airflow/.local/lib/python3.12/site-packages/airflow/example_dags/example_kubernetes_executor.py
[2025-01-05T23:57:46.155+0000] {processor.py:914} INFO - Processing file /home/airflow/.local/lib/python3.12/site-packages/airflow/example_dags/example_kubernetes_executor.py for tasks to queue
[2025-01-05T23:57:46.157+0000] {logging_mixin.py:190} INFO - [2025-01-05T23:57:46.157+0000] {dagbag.py:588} INFO - Filling up the DagBag from /home/airflow/.local/lib/python3.12/site-packages/airflow/example_dags/example_kubernetes_executor.py
[2025-01-05T23:57:46.168+0000] {processor.py:925} INFO - DAG(s) 'example_kubernetes_executor' retrieved from /home/airflow/.local/lib/python3.12/site-packages/airflow/example_dags/example_kubernetes_executor.py
[2025-01-05T23:57:46.195+0000] {logging_mixin.py:190} INFO - [2025-01-05T23:57:46.195+0000] {dag.py:3239} INFO - Sync 1 DAGs
[2025-01-05T23:57:46.206+0000] {logging_mixin.py:190} INFO - [2025-01-05T23:57:46.206+0000] {dag.py:4180} INFO - Setting next_dagrun for example_kubernetes_executor to None, run_after=None
[2025-01-05T23:57:46.226+0000] {processor.py:208} INFO - Processing /home/airflow/.local/lib/python3.12/site-packages/airflow/example_dags/example_kubernetes_executor.py took 0.076 seconds
[2025-01-05T23:58:16.704+0000] {processor.py:186} INFO - Started process (PID=9388) to work on /home/airflow/.local/lib/python3.12/site-packages/airflow/example_dags/example_kubernetes_executor.py
[2025-01-05T23:58:16.705+0000] {processor.py:914} INFO - Processing file /home/airflow/.local/lib/python3.12/site-packages/airflow/example_dags/example_kubernetes_executor.py for tasks to queue
[2025-01-05T23:58:16.707+0000] {logging_mixin.py:190} INFO - [2025-01-05T23:58:16.707+0000] {dagbag.py:588} INFO - Filling up the DagBag from /home/airflow/.local/lib/python3.12/site-packages/airflow/example_dags/example_kubernetes_executor.py
[2025-01-05T23:58:16.718+0000] {processor.py:925} INFO - DAG(s) 'example_kubernetes_executor' retrieved from /home/airflow/.local/lib/python3.12/site-packages/airflow/example_dags/example_kubernetes_executor.py
[2025-01-05T23:58:16.746+0000] {logging_mixin.py:190} INFO - [2025-01-05T23:58:16.746+0000] {dag.py:3239} INFO - Sync 1 DAGs
[2025-01-05T23:58:16.758+0000] {logging_mixin.py:190} INFO - [2025-01-05T23:58:16.758+0000] {dag.py:4180} INFO - Setting next_dagrun for example_kubernetes_executor to None, run_after=None
[2025-01-05T23:58:16.779+0000] {processor.py:208} INFO - Processing /home/airflow/.local/lib/python3.12/site-packages/airflow/example_dags/example_kubernetes_executor.py took 0.079 seconds
[2025-01-05T23:58:47.329+0000] {processor.py:186} INFO - Started process (PID=9684) to work on /home/airflow/.local/lib/python3.12/site-packages/airflow/example_dags/example_kubernetes_executor.py
[2025-01-05T23:58:47.330+0000] {processor.py:914} INFO - Processing file /home/airflow/.local/lib/python3.12/site-packages/airflow/example_dags/example_kubernetes_executor.py for tasks to queue
[2025-01-05T23:58:47.332+0000] {logging_mixin.py:190} INFO - [2025-01-05T23:58:47.332+0000] {dagbag.py:588} INFO - Filling up the DagBag from /home/airflow/.local/lib/python3.12/site-packages/airflow/example_dags/example_kubernetes_executor.py
[2025-01-05T23:58:47.344+0000] {processor.py:925} INFO - DAG(s) 'example_kubernetes_executor' retrieved from /home/airflow/.local/lib/python3.12/site-packages/airflow/example_dags/example_kubernetes_executor.py
[2025-01-05T23:58:47.373+0000] {logging_mixin.py:190} INFO - [2025-01-05T23:58:47.372+0000] {dag.py:3239} INFO - Sync 1 DAGs
[2025-01-05T23:58:47.383+0000] {logging_mixin.py:190} INFO - [2025-01-05T23:58:47.383+0000] {dag.py:4180} INFO - Setting next_dagrun for example_kubernetes_executor to None, run_after=None
[2025-01-05T23:58:47.402+0000] {processor.py:208} INFO - Processing /home/airflow/.local/lib/python3.12/site-packages/airflow/example_dags/example_kubernetes_executor.py took 0.077 seconds
[2025-01-05T23:59:18.178+0000] {processor.py:186} INFO - Started process (PID=9982) to work on /home/airflow/.local/lib/python3.12/site-packages/airflow/example_dags/example_kubernetes_executor.py
[2025-01-05T23:59:18.179+0000] {processor.py:914} INFO - Processing file /home/airflow/.local/lib/python3.12/site-packages/airflow/example_dags/example_kubernetes_executor.py for tasks to queue
[2025-01-05T23:59:18.181+0000] {logging_mixin.py:190} INFO - [2025-01-05T23:59:18.181+0000] {dagbag.py:588} INFO - Filling up the DagBag from /home/airflow/.local/lib/python3.12/site-packages/airflow/example_dags/example_kubernetes_executor.py
[2025-01-05T23:59:18.191+0000] {processor.py:925} INFO - DAG(s) 'example_kubernetes_executor' retrieved from /home/airflow/.local/lib/python3.12/site-packages/airflow/example_dags/example_kubernetes_executor.py
[2025-01-05T23:59:18.219+0000] {logging_mixin.py:190} INFO - [2025-01-05T23:59:18.219+0000] {dag.py:3239} INFO - Sync 1 DAGs
[2025-01-05T23:59:18.234+0000] {logging_mixin.py:190} INFO - [2025-01-05T23:59:18.234+0000] {dag.py:4180} INFO - Setting next_dagrun for example_kubernetes_executor to None, run_after=None
[2025-01-05T23:59:18.249+0000] {processor.py:208} INFO - Processing /home/airflow/.local/lib/python3.12/site-packages/airflow/example_dags/example_kubernetes_executor.py took 0.076 seconds
[2025-01-05T23:59:48.859+0000] {processor.py:186} INFO - Started process (PID=10277) to work on /home/airflow/.local/lib/python3.12/site-packages/airflow/example_dags/example_kubernetes_executor.py
[2025-01-05T23:59:48.860+0000] {processor.py:914} INFO - Processing file /home/airflow/.local/lib/python3.12/site-packages/airflow/example_dags/example_kubernetes_executor.py for tasks to queue
[2025-01-05T23:59:48.862+0000] {logging_mixin.py:190} INFO - [2025-01-05T23:59:48.862+0000] {dagbag.py:588} INFO - Filling up the DagBag from /home/airflow/.local/lib/python3.12/site-packages/airflow/example_dags/example_kubernetes_executor.py
[2025-01-05T23:59:48.873+0000] {processor.py:925} INFO - DAG(s) 'example_kubernetes_executor' retrieved from /home/airflow/.local/lib/python3.12/site-packages/airflow/example_dags/example_kubernetes_executor.py
[2025-01-05T23:59:48.903+0000] {logging_mixin.py:190} INFO - [2025-01-05T23:59:48.903+0000] {dag.py:3239} INFO - Sync 1 DAGs
[2025-01-05T23:59:48.917+0000] {logging_mixin.py:190} INFO - [2025-01-05T23:59:48.917+0000] {dag.py:4180} INFO - Setting next_dagrun for example_kubernetes_executor to None, run_after=None
[2025-01-05T23:59:48.937+0000] {processor.py:208} INFO - Processing /home/airflow/.local/lib/python3.12/site-packages/airflow/example_dags/example_kubernetes_executor.py took 0.082 seconds
