[2025-01-05T23:42:25.685+0000] {processor.py:186} INFO - Started process (PID=312) to work on /home/airflow/.local/lib/python3.12/site-packages/airflow/example_dags/example_sensor_decorator.py
[2025-01-05T23:42:25.686+0000] {processor.py:914} INFO - Processing file /home/airflow/.local/lib/python3.12/site-packages/airflow/example_dags/example_sensor_decorator.py for tasks to queue
[2025-01-05T23:42:25.689+0000] {logging_mixin.py:190} INFO - [2025-01-05T23:42:25.689+0000] {dagbag.py:588} INFO - Filling up the DagBag from /home/airflow/.local/lib/python3.12/site-packages/airflow/example_dags/example_sensor_decorator.py
[2025-01-05T23:42:25.700+0000] {processor.py:925} INFO - DAG(s) 'example_sensor_decorator' retrieved from /home/airflow/.local/lib/python3.12/site-packages/airflow/example_dags/example_sensor_decorator.py
[2025-01-05T23:42:25.726+0000] {logging_mixin.py:190} INFO - [2025-01-05T23:42:25.726+0000] {dag.py:3239} INFO - Sync 1 DAGs
[2025-01-05T23:42:25.738+0000] {logging_mixin.py:190} INFO - [2025-01-05T23:42:25.738+0000] {dag.py:4180} INFO - Setting next_dagrun for example_sensor_decorator to None, run_after=None
[2025-01-05T23:42:25.773+0000] {processor.py:208} INFO - Processing /home/airflow/.local/lib/python3.12/site-packages/airflow/example_dags/example_sensor_decorator.py took 0.093 seconds
[2025-01-05T23:42:56.486+0000] {processor.py:186} INFO - Started process (PID=608) to work on /home/airflow/.local/lib/python3.12/site-packages/airflow/example_dags/example_sensor_decorator.py
[2025-01-05T23:42:56.498+0000] {processor.py:914} INFO - Processing file /home/airflow/.local/lib/python3.12/site-packages/airflow/example_dags/example_sensor_decorator.py for tasks to queue
[2025-01-05T23:42:56.504+0000] {logging_mixin.py:190} INFO - [2025-01-05T23:42:56.504+0000] {dagbag.py:588} INFO - Filling up the DagBag from /home/airflow/.local/lib/python3.12/site-packages/airflow/example_dags/example_sensor_decorator.py
[2025-01-05T23:42:56.528+0000] {processor.py:925} INFO - DAG(s) 'example_sensor_decorator' retrieved from /home/airflow/.local/lib/python3.12/site-packages/airflow/example_dags/example_sensor_decorator.py
[2025-01-05T23:42:56.592+0000] {logging_mixin.py:190} INFO - [2025-01-05T23:42:56.592+0000] {dag.py:3239} INFO - Sync 1 DAGs
[2025-01-05T23:42:56.657+0000] {logging_mixin.py:190} INFO - [2025-01-05T23:42:56.657+0000] {dag.py:4180} INFO - Setting next_dagrun for example_sensor_decorator to None, run_after=None
[2025-01-05T23:42:56.710+0000] {processor.py:208} INFO - Processing /home/airflow/.local/lib/python3.12/site-packages/airflow/example_dags/example_sensor_decorator.py took 0.231 seconds
[2025-01-05T23:43:27.278+0000] {processor.py:186} INFO - Started process (PID=899) to work on /home/airflow/.local/lib/python3.12/site-packages/airflow/example_dags/example_sensor_decorator.py
[2025-01-05T23:43:27.279+0000] {processor.py:914} INFO - Processing file /home/airflow/.local/lib/python3.12/site-packages/airflow/example_dags/example_sensor_decorator.py for tasks to queue
[2025-01-05T23:43:27.282+0000] {logging_mixin.py:190} INFO - [2025-01-05T23:43:27.281+0000] {dagbag.py:588} INFO - Filling up the DagBag from /home/airflow/.local/lib/python3.12/site-packages/airflow/example_dags/example_sensor_decorator.py
[2025-01-05T23:43:27.294+0000] {processor.py:925} INFO - DAG(s) 'example_sensor_decorator' retrieved from /home/airflow/.local/lib/python3.12/site-packages/airflow/example_dags/example_sensor_decorator.py
[2025-01-05T23:43:27.314+0000] {logging_mixin.py:190} INFO - [2025-01-05T23:43:27.314+0000] {dag.py:3239} INFO - Sync 1 DAGs
[2025-01-05T23:43:27.328+0000] {logging_mixin.py:190} INFO - [2025-01-05T23:43:27.328+0000] {dag.py:4180} INFO - Setting next_dagrun for example_sensor_decorator to None, run_after=None
[2025-01-05T23:43:27.344+0000] {processor.py:208} INFO - Processing /home/airflow/.local/lib/python3.12/site-packages/airflow/example_dags/example_sensor_decorator.py took 0.071 seconds
[2025-01-05T23:43:58.183+0000] {processor.py:186} INFO - Started process (PID=1195) to work on /home/airflow/.local/lib/python3.12/site-packages/airflow/example_dags/example_sensor_decorator.py
[2025-01-05T23:43:58.184+0000] {processor.py:914} INFO - Processing file /home/airflow/.local/lib/python3.12/site-packages/airflow/example_dags/example_sensor_decorator.py for tasks to queue
[2025-01-05T23:43:58.186+0000] {logging_mixin.py:190} INFO - [2025-01-05T23:43:58.186+0000] {dagbag.py:588} INFO - Filling up the DagBag from /home/airflow/.local/lib/python3.12/site-packages/airflow/example_dags/example_sensor_decorator.py
[2025-01-05T23:43:58.194+0000] {processor.py:925} INFO - DAG(s) 'example_sensor_decorator' retrieved from /home/airflow/.local/lib/python3.12/site-packages/airflow/example_dags/example_sensor_decorator.py
[2025-01-05T23:43:58.210+0000] {logging_mixin.py:190} INFO - [2025-01-05T23:43:58.210+0000] {dag.py:3239} INFO - Sync 1 DAGs
[2025-01-05T23:43:58.224+0000] {logging_mixin.py:190} INFO - [2025-01-05T23:43:58.224+0000] {dag.py:4180} INFO - Setting next_dagrun for example_sensor_decorator to None, run_after=None
[2025-01-05T23:43:58.242+0000] {processor.py:208} INFO - Processing /home/airflow/.local/lib/python3.12/site-packages/airflow/example_dags/example_sensor_decorator.py took 0.064 seconds
[2025-01-05T23:44:28.943+0000] {processor.py:186} INFO - Started process (PID=1493) to work on /home/airflow/.local/lib/python3.12/site-packages/airflow/example_dags/example_sensor_decorator.py
[2025-01-05T23:44:28.944+0000] {processor.py:914} INFO - Processing file /home/airflow/.local/lib/python3.12/site-packages/airflow/example_dags/example_sensor_decorator.py for tasks to queue
[2025-01-05T23:44:28.946+0000] {logging_mixin.py:190} INFO - [2025-01-05T23:44:28.946+0000] {dagbag.py:588} INFO - Filling up the DagBag from /home/airflow/.local/lib/python3.12/site-packages/airflow/example_dags/example_sensor_decorator.py
[2025-01-05T23:44:28.955+0000] {processor.py:925} INFO - DAG(s) 'example_sensor_decorator' retrieved from /home/airflow/.local/lib/python3.12/site-packages/airflow/example_dags/example_sensor_decorator.py
[2025-01-05T23:44:28.973+0000] {logging_mixin.py:190} INFO - [2025-01-05T23:44:28.972+0000] {dag.py:3239} INFO - Sync 1 DAGs
[2025-01-05T23:44:28.984+0000] {logging_mixin.py:190} INFO - [2025-01-05T23:44:28.984+0000] {dag.py:4180} INFO - Setting next_dagrun for example_sensor_decorator to None, run_after=None
[2025-01-05T23:44:29.001+0000] {processor.py:208} INFO - Processing /home/airflow/.local/lib/python3.12/site-packages/airflow/example_dags/example_sensor_decorator.py took 0.062 seconds
[2025-01-05T23:44:59.563+0000] {processor.py:186} INFO - Started process (PID=1787) to work on /home/airflow/.local/lib/python3.12/site-packages/airflow/example_dags/example_sensor_decorator.py
[2025-01-05T23:44:59.564+0000] {processor.py:914} INFO - Processing file /home/airflow/.local/lib/python3.12/site-packages/airflow/example_dags/example_sensor_decorator.py for tasks to queue
[2025-01-05T23:44:59.566+0000] {logging_mixin.py:190} INFO - [2025-01-05T23:44:59.565+0000] {dagbag.py:588} INFO - Filling up the DagBag from /home/airflow/.local/lib/python3.12/site-packages/airflow/example_dags/example_sensor_decorator.py
[2025-01-05T23:44:59.572+0000] {processor.py:925} INFO - DAG(s) 'example_sensor_decorator' retrieved from /home/airflow/.local/lib/python3.12/site-packages/airflow/example_dags/example_sensor_decorator.py
[2025-01-05T23:44:59.589+0000] {logging_mixin.py:190} INFO - [2025-01-05T23:44:59.589+0000] {dag.py:3239} INFO - Sync 1 DAGs
[2025-01-05T23:44:59.601+0000] {logging_mixin.py:190} INFO - [2025-01-05T23:44:59.601+0000] {dag.py:4180} INFO - Setting next_dagrun for example_sensor_decorator to None, run_after=None
[2025-01-05T23:44:59.620+0000] {processor.py:208} INFO - Processing /home/airflow/.local/lib/python3.12/site-packages/airflow/example_dags/example_sensor_decorator.py took 0.061 seconds
[2025-01-05T23:45:30.259+0000] {processor.py:186} INFO - Started process (PID=2083) to work on /home/airflow/.local/lib/python3.12/site-packages/airflow/example_dags/example_sensor_decorator.py
[2025-01-05T23:45:30.259+0000] {processor.py:914} INFO - Processing file /home/airflow/.local/lib/python3.12/site-packages/airflow/example_dags/example_sensor_decorator.py for tasks to queue
[2025-01-05T23:45:30.261+0000] {logging_mixin.py:190} INFO - [2025-01-05T23:45:30.261+0000] {dagbag.py:588} INFO - Filling up the DagBag from /home/airflow/.local/lib/python3.12/site-packages/airflow/example_dags/example_sensor_decorator.py
[2025-01-05T23:45:30.268+0000] {processor.py:925} INFO - DAG(s) 'example_sensor_decorator' retrieved from /home/airflow/.local/lib/python3.12/site-packages/airflow/example_dags/example_sensor_decorator.py
[2025-01-05T23:45:30.284+0000] {logging_mixin.py:190} INFO - [2025-01-05T23:45:30.283+0000] {dag.py:3239} INFO - Sync 1 DAGs
[2025-01-05T23:45:30.295+0000] {logging_mixin.py:190} INFO - [2025-01-05T23:45:30.295+0000] {dag.py:4180} INFO - Setting next_dagrun for example_sensor_decorator to None, run_after=None
[2025-01-05T23:45:30.311+0000] {processor.py:208} INFO - Processing /home/airflow/.local/lib/python3.12/site-packages/airflow/example_dags/example_sensor_decorator.py took 0.057 seconds
[2025-01-05T23:46:02.136+0000] {processor.py:186} INFO - Started process (PID=2379) to work on /home/airflow/.local/lib/python3.12/site-packages/airflow/example_dags/example_sensor_decorator.py
[2025-01-05T23:46:02.225+0000] {processor.py:914} INFO - Processing file /home/airflow/.local/lib/python3.12/site-packages/airflow/example_dags/example_sensor_decorator.py for tasks to queue
[2025-01-05T23:46:02.230+0000] {logging_mixin.py:190} INFO - [2025-01-05T23:46:02.230+0000] {dagbag.py:588} INFO - Filling up the DagBag from /home/airflow/.local/lib/python3.12/site-packages/airflow/example_dags/example_sensor_decorator.py
[2025-01-05T23:46:02.256+0000] {processor.py:925} INFO - DAG(s) 'example_sensor_decorator' retrieved from /home/airflow/.local/lib/python3.12/site-packages/airflow/example_dags/example_sensor_decorator.py
[2025-01-05T23:46:02.305+0000] {logging_mixin.py:190} INFO - [2025-01-05T23:46:02.305+0000] {dag.py:3239} INFO - Sync 1 DAGs
[2025-01-05T23:46:02.343+0000] {logging_mixin.py:190} INFO - [2025-01-05T23:46:02.342+0000] {dag.py:4180} INFO - Setting next_dagrun for example_sensor_decorator to None, run_after=None
[2025-01-05T23:46:02.402+0000] {processor.py:208} INFO - Processing /home/airflow/.local/lib/python3.12/site-packages/airflow/example_dags/example_sensor_decorator.py took 0.310 seconds
[2025-01-05T23:46:33.211+0000] {processor.py:186} INFO - Started process (PID=2677) to work on /home/airflow/.local/lib/python3.12/site-packages/airflow/example_dags/example_sensor_decorator.py
[2025-01-05T23:46:33.212+0000] {processor.py:914} INFO - Processing file /home/airflow/.local/lib/python3.12/site-packages/airflow/example_dags/example_sensor_decorator.py for tasks to queue
[2025-01-05T23:46:33.214+0000] {logging_mixin.py:190} INFO - [2025-01-05T23:46:33.214+0000] {dagbag.py:588} INFO - Filling up the DagBag from /home/airflow/.local/lib/python3.12/site-packages/airflow/example_dags/example_sensor_decorator.py
[2025-01-05T23:46:33.221+0000] {processor.py:925} INFO - DAG(s) 'example_sensor_decorator' retrieved from /home/airflow/.local/lib/python3.12/site-packages/airflow/example_dags/example_sensor_decorator.py
[2025-01-05T23:46:33.237+0000] {logging_mixin.py:190} INFO - [2025-01-05T23:46:33.236+0000] {dag.py:3239} INFO - Sync 1 DAGs
[2025-01-05T23:46:33.248+0000] {logging_mixin.py:190} INFO - [2025-01-05T23:46:33.248+0000] {dag.py:4180} INFO - Setting next_dagrun for example_sensor_decorator to None, run_after=None
[2025-01-05T23:46:33.265+0000] {processor.py:208} INFO - Processing /home/airflow/.local/lib/python3.12/site-packages/airflow/example_dags/example_sensor_decorator.py took 0.058 seconds
[2025-01-05T23:47:03.644+0000] {processor.py:186} INFO - Started process (PID=2971) to work on /home/airflow/.local/lib/python3.12/site-packages/airflow/example_dags/example_sensor_decorator.py
[2025-01-05T23:47:03.645+0000] {processor.py:914} INFO - Processing file /home/airflow/.local/lib/python3.12/site-packages/airflow/example_dags/example_sensor_decorator.py for tasks to queue
[2025-01-05T23:47:03.648+0000] {logging_mixin.py:190} INFO - [2025-01-05T23:47:03.648+0000] {dagbag.py:588} INFO - Filling up the DagBag from /home/airflow/.local/lib/python3.12/site-packages/airflow/example_dags/example_sensor_decorator.py
[2025-01-05T23:47:03.659+0000] {processor.py:925} INFO - DAG(s) 'example_sensor_decorator' retrieved from /home/airflow/.local/lib/python3.12/site-packages/airflow/example_dags/example_sensor_decorator.py
[2025-01-05T23:47:03.676+0000] {logging_mixin.py:190} INFO - [2025-01-05T23:47:03.675+0000] {dag.py:3239} INFO - Sync 1 DAGs
[2025-01-05T23:47:03.686+0000] {logging_mixin.py:190} INFO - [2025-01-05T23:47:03.686+0000] {dag.py:4180} INFO - Setting next_dagrun for example_sensor_decorator to None, run_after=None
[2025-01-05T23:47:03.702+0000] {processor.py:208} INFO - Processing /home/airflow/.local/lib/python3.12/site-packages/airflow/example_dags/example_sensor_decorator.py took 0.064 seconds
[2025-01-05T23:47:34.544+0000] {processor.py:186} INFO - Started process (PID=3269) to work on /home/airflow/.local/lib/python3.12/site-packages/airflow/example_dags/example_sensor_decorator.py
[2025-01-05T23:47:34.545+0000] {processor.py:914} INFO - Processing file /home/airflow/.local/lib/python3.12/site-packages/airflow/example_dags/example_sensor_decorator.py for tasks to queue
[2025-01-05T23:47:34.547+0000] {logging_mixin.py:190} INFO - [2025-01-05T23:47:34.547+0000] {dagbag.py:588} INFO - Filling up the DagBag from /home/airflow/.local/lib/python3.12/site-packages/airflow/example_dags/example_sensor_decorator.py
[2025-01-05T23:47:34.554+0000] {processor.py:925} INFO - DAG(s) 'example_sensor_decorator' retrieved from /home/airflow/.local/lib/python3.12/site-packages/airflow/example_dags/example_sensor_decorator.py
[2025-01-05T23:47:34.571+0000] {logging_mixin.py:190} INFO - [2025-01-05T23:47:34.571+0000] {dag.py:3239} INFO - Sync 1 DAGs
[2025-01-05T23:47:34.582+0000] {logging_mixin.py:190} INFO - [2025-01-05T23:47:34.581+0000] {dag.py:4180} INFO - Setting next_dagrun for example_sensor_decorator to None, run_after=None
[2025-01-05T23:47:34.598+0000] {processor.py:208} INFO - Processing /home/airflow/.local/lib/python3.12/site-packages/airflow/example_dags/example_sensor_decorator.py took 0.058 seconds
[2025-01-05T23:48:05.137+0000] {processor.py:186} INFO - Started process (PID=3563) to work on /home/airflow/.local/lib/python3.12/site-packages/airflow/example_dags/example_sensor_decorator.py
[2025-01-05T23:48:05.138+0000] {processor.py:914} INFO - Processing file /home/airflow/.local/lib/python3.12/site-packages/airflow/example_dags/example_sensor_decorator.py for tasks to queue
[2025-01-05T23:48:05.140+0000] {logging_mixin.py:190} INFO - [2025-01-05T23:48:05.140+0000] {dagbag.py:588} INFO - Filling up the DagBag from /home/airflow/.local/lib/python3.12/site-packages/airflow/example_dags/example_sensor_decorator.py
[2025-01-05T23:48:05.148+0000] {processor.py:925} INFO - DAG(s) 'example_sensor_decorator' retrieved from /home/airflow/.local/lib/python3.12/site-packages/airflow/example_dags/example_sensor_decorator.py
[2025-01-05T23:48:05.165+0000] {logging_mixin.py:190} INFO - [2025-01-05T23:48:05.165+0000] {dag.py:3239} INFO - Sync 1 DAGs
[2025-01-05T23:48:05.176+0000] {logging_mixin.py:190} INFO - [2025-01-05T23:48:05.176+0000] {dag.py:4180} INFO - Setting next_dagrun for example_sensor_decorator to None, run_after=None
[2025-01-05T23:48:05.193+0000] {processor.py:208} INFO - Processing /home/airflow/.local/lib/python3.12/site-packages/airflow/example_dags/example_sensor_decorator.py took 0.062 seconds
[2025-01-05T23:48:35.935+0000] {processor.py:186} INFO - Started process (PID=3859) to work on /home/airflow/.local/lib/python3.12/site-packages/airflow/example_dags/example_sensor_decorator.py
[2025-01-05T23:48:35.936+0000] {processor.py:914} INFO - Processing file /home/airflow/.local/lib/python3.12/site-packages/airflow/example_dags/example_sensor_decorator.py for tasks to queue
[2025-01-05T23:48:35.938+0000] {logging_mixin.py:190} INFO - [2025-01-05T23:48:35.938+0000] {dagbag.py:588} INFO - Filling up the DagBag from /home/airflow/.local/lib/python3.12/site-packages/airflow/example_dags/example_sensor_decorator.py
[2025-01-05T23:48:35.944+0000] {processor.py:925} INFO - DAG(s) 'example_sensor_decorator' retrieved from /home/airflow/.local/lib/python3.12/site-packages/airflow/example_dags/example_sensor_decorator.py
[2025-01-05T23:48:35.961+0000] {logging_mixin.py:190} INFO - [2025-01-05T23:48:35.961+0000] {dag.py:3239} INFO - Sync 1 DAGs
[2025-01-05T23:48:35.973+0000] {logging_mixin.py:190} INFO - [2025-01-05T23:48:35.973+0000] {dag.py:4180} INFO - Setting next_dagrun for example_sensor_decorator to None, run_after=None
[2025-01-05T23:48:35.989+0000] {processor.py:208} INFO - Processing /home/airflow/.local/lib/python3.12/site-packages/airflow/example_dags/example_sensor_decorator.py took 0.058 seconds
[2025-01-05T23:49:06.765+0000] {processor.py:186} INFO - Started process (PID=4155) to work on /home/airflow/.local/lib/python3.12/site-packages/airflow/example_dags/example_sensor_decorator.py
[2025-01-05T23:49:06.766+0000] {processor.py:914} INFO - Processing file /home/airflow/.local/lib/python3.12/site-packages/airflow/example_dags/example_sensor_decorator.py for tasks to queue
[2025-01-05T23:49:06.768+0000] {logging_mixin.py:190} INFO - [2025-01-05T23:49:06.767+0000] {dagbag.py:588} INFO - Filling up the DagBag from /home/airflow/.local/lib/python3.12/site-packages/airflow/example_dags/example_sensor_decorator.py
[2025-01-05T23:49:06.774+0000] {processor.py:925} INFO - DAG(s) 'example_sensor_decorator' retrieved from /home/airflow/.local/lib/python3.12/site-packages/airflow/example_dags/example_sensor_decorator.py
[2025-01-05T23:49:06.788+0000] {logging_mixin.py:190} INFO - [2025-01-05T23:49:06.788+0000] {dag.py:3239} INFO - Sync 1 DAGs
[2025-01-05T23:49:06.800+0000] {logging_mixin.py:190} INFO - [2025-01-05T23:49:06.800+0000] {dag.py:4180} INFO - Setting next_dagrun for example_sensor_decorator to None, run_after=None
[2025-01-05T23:49:06.816+0000] {processor.py:208} INFO - Processing /home/airflow/.local/lib/python3.12/site-packages/airflow/example_dags/example_sensor_decorator.py took 0.055 seconds
[2025-01-05T23:49:37.600+0000] {processor.py:186} INFO - Started process (PID=4453) to work on /home/airflow/.local/lib/python3.12/site-packages/airflow/example_dags/example_sensor_decorator.py
[2025-01-05T23:49:37.601+0000] {processor.py:914} INFO - Processing file /home/airflow/.local/lib/python3.12/site-packages/airflow/example_dags/example_sensor_decorator.py for tasks to queue
[2025-01-05T23:49:37.603+0000] {logging_mixin.py:190} INFO - [2025-01-05T23:49:37.603+0000] {dagbag.py:588} INFO - Filling up the DagBag from /home/airflow/.local/lib/python3.12/site-packages/airflow/example_dags/example_sensor_decorator.py
[2025-01-05T23:49:37.611+0000] {processor.py:925} INFO - DAG(s) 'example_sensor_decorator' retrieved from /home/airflow/.local/lib/python3.12/site-packages/airflow/example_dags/example_sensor_decorator.py
[2025-01-05T23:49:37.629+0000] {logging_mixin.py:190} INFO - [2025-01-05T23:49:37.629+0000] {dag.py:3239} INFO - Sync 1 DAGs
[2025-01-05T23:49:37.643+0000] {logging_mixin.py:190} INFO - [2025-01-05T23:49:37.642+0000] {dag.py:4180} INFO - Setting next_dagrun for example_sensor_decorator to None, run_after=None
[2025-01-05T23:49:37.662+0000] {processor.py:208} INFO - Processing /home/airflow/.local/lib/python3.12/site-packages/airflow/example_dags/example_sensor_decorator.py took 0.067 seconds
[2025-01-05T23:50:08.649+0000] {processor.py:186} INFO - Started process (PID=4747) to work on /home/airflow/.local/lib/python3.12/site-packages/airflow/example_dags/example_sensor_decorator.py
[2025-01-05T23:50:08.651+0000] {processor.py:914} INFO - Processing file /home/airflow/.local/lib/python3.12/site-packages/airflow/example_dags/example_sensor_decorator.py for tasks to queue
[2025-01-05T23:50:08.653+0000] {logging_mixin.py:190} INFO - [2025-01-05T23:50:08.652+0000] {dagbag.py:588} INFO - Filling up the DagBag from /home/airflow/.local/lib/python3.12/site-packages/airflow/example_dags/example_sensor_decorator.py
[2025-01-05T23:50:08.660+0000] {processor.py:925} INFO - DAG(s) 'example_sensor_decorator' retrieved from /home/airflow/.local/lib/python3.12/site-packages/airflow/example_dags/example_sensor_decorator.py
[2025-01-05T23:50:08.676+0000] {logging_mixin.py:190} INFO - [2025-01-05T23:50:08.676+0000] {dag.py:3239} INFO - Sync 1 DAGs
[2025-01-05T23:50:08.688+0000] {logging_mixin.py:190} INFO - [2025-01-05T23:50:08.688+0000] {dag.py:4180} INFO - Setting next_dagrun for example_sensor_decorator to None, run_after=None
[2025-01-05T23:50:08.713+0000] {processor.py:208} INFO - Processing /home/airflow/.local/lib/python3.12/site-packages/airflow/example_dags/example_sensor_decorator.py took 0.069 seconds
[2025-01-05T23:50:39.680+0000] {processor.py:186} INFO - Started process (PID=5043) to work on /home/airflow/.local/lib/python3.12/site-packages/airflow/example_dags/example_sensor_decorator.py
[2025-01-05T23:50:39.682+0000] {processor.py:914} INFO - Processing file /home/airflow/.local/lib/python3.12/site-packages/airflow/example_dags/example_sensor_decorator.py for tasks to queue
[2025-01-05T23:50:39.684+0000] {logging_mixin.py:190} INFO - [2025-01-05T23:50:39.684+0000] {dagbag.py:588} INFO - Filling up the DagBag from /home/airflow/.local/lib/python3.12/site-packages/airflow/example_dags/example_sensor_decorator.py
[2025-01-05T23:50:39.691+0000] {processor.py:925} INFO - DAG(s) 'example_sensor_decorator' retrieved from /home/airflow/.local/lib/python3.12/site-packages/airflow/example_dags/example_sensor_decorator.py
[2025-01-05T23:50:39.706+0000] {logging_mixin.py:190} INFO - [2025-01-05T23:50:39.706+0000] {dag.py:3239} INFO - Sync 1 DAGs
[2025-01-05T23:50:39.724+0000] {logging_mixin.py:190} INFO - [2025-01-05T23:50:39.723+0000] {dag.py:4180} INFO - Setting next_dagrun for example_sensor_decorator to None, run_after=None
[2025-01-05T23:50:39.745+0000] {processor.py:208} INFO - Processing /home/airflow/.local/lib/python3.12/site-packages/airflow/example_dags/example_sensor_decorator.py took 0.070 seconds
[2025-01-05T23:51:10.376+0000] {processor.py:186} INFO - Started process (PID=5339) to work on /home/airflow/.local/lib/python3.12/site-packages/airflow/example_dags/example_sensor_decorator.py
[2025-01-05T23:51:10.377+0000] {processor.py:914} INFO - Processing file /home/airflow/.local/lib/python3.12/site-packages/airflow/example_dags/example_sensor_decorator.py for tasks to queue
[2025-01-05T23:51:10.379+0000] {logging_mixin.py:190} INFO - [2025-01-05T23:51:10.378+0000] {dagbag.py:588} INFO - Filling up the DagBag from /home/airflow/.local/lib/python3.12/site-packages/airflow/example_dags/example_sensor_decorator.py
[2025-01-05T23:51:10.387+0000] {processor.py:925} INFO - DAG(s) 'example_sensor_decorator' retrieved from /home/airflow/.local/lib/python3.12/site-packages/airflow/example_dags/example_sensor_decorator.py
[2025-01-05T23:51:10.401+0000] {logging_mixin.py:190} INFO - [2025-01-05T23:51:10.400+0000] {dag.py:3239} INFO - Sync 1 DAGs
[2025-01-05T23:51:10.411+0000] {logging_mixin.py:190} INFO - [2025-01-05T23:51:10.411+0000] {dag.py:4180} INFO - Setting next_dagrun for example_sensor_decorator to None, run_after=None
[2025-01-05T23:51:10.430+0000] {processor.py:208} INFO - Processing /home/airflow/.local/lib/python3.12/site-packages/airflow/example_dags/example_sensor_decorator.py took 0.059 seconds
[2025-01-05T23:51:41.313+0000] {processor.py:186} INFO - Started process (PID=5635) to work on /home/airflow/.local/lib/python3.12/site-packages/airflow/example_dags/example_sensor_decorator.py
[2025-01-05T23:51:41.314+0000] {processor.py:914} INFO - Processing file /home/airflow/.local/lib/python3.12/site-packages/airflow/example_dags/example_sensor_decorator.py for tasks to queue
[2025-01-05T23:51:41.316+0000] {logging_mixin.py:190} INFO - [2025-01-05T23:51:41.315+0000] {dagbag.py:588} INFO - Filling up the DagBag from /home/airflow/.local/lib/python3.12/site-packages/airflow/example_dags/example_sensor_decorator.py
[2025-01-05T23:51:41.322+0000] {processor.py:925} INFO - DAG(s) 'example_sensor_decorator' retrieved from /home/airflow/.local/lib/python3.12/site-packages/airflow/example_dags/example_sensor_decorator.py
[2025-01-05T23:51:41.339+0000] {logging_mixin.py:190} INFO - [2025-01-05T23:51:41.339+0000] {dag.py:3239} INFO - Sync 1 DAGs
[2025-01-05T23:51:41.350+0000] {logging_mixin.py:190} INFO - [2025-01-05T23:51:41.350+0000] {dag.py:4180} INFO - Setting next_dagrun for example_sensor_decorator to None, run_after=None
[2025-01-05T23:51:41.369+0000] {processor.py:208} INFO - Processing /home/airflow/.local/lib/python3.12/site-packages/airflow/example_dags/example_sensor_decorator.py took 0.060 seconds
[2025-01-05T23:52:12.175+0000] {processor.py:186} INFO - Started process (PID=5931) to work on /home/airflow/.local/lib/python3.12/site-packages/airflow/example_dags/example_sensor_decorator.py
[2025-01-05T23:52:12.175+0000] {processor.py:914} INFO - Processing file /home/airflow/.local/lib/python3.12/site-packages/airflow/example_dags/example_sensor_decorator.py for tasks to queue
[2025-01-05T23:52:12.178+0000] {logging_mixin.py:190} INFO - [2025-01-05T23:52:12.177+0000] {dagbag.py:588} INFO - Filling up the DagBag from /home/airflow/.local/lib/python3.12/site-packages/airflow/example_dags/example_sensor_decorator.py
[2025-01-05T23:52:12.187+0000] {processor.py:925} INFO - DAG(s) 'example_sensor_decorator' retrieved from /home/airflow/.local/lib/python3.12/site-packages/airflow/example_dags/example_sensor_decorator.py
[2025-01-05T23:52:12.204+0000] {logging_mixin.py:190} INFO - [2025-01-05T23:52:12.203+0000] {dag.py:3239} INFO - Sync 1 DAGs
[2025-01-05T23:52:12.216+0000] {logging_mixin.py:190} INFO - [2025-01-05T23:52:12.216+0000] {dag.py:4180} INFO - Setting next_dagrun for example_sensor_decorator to None, run_after=None
[2025-01-05T23:52:12.237+0000] {processor.py:208} INFO - Processing /home/airflow/.local/lib/python3.12/site-packages/airflow/example_dags/example_sensor_decorator.py took 0.067 seconds
[2025-01-05T23:52:43.215+0000] {processor.py:186} INFO - Started process (PID=6229) to work on /home/airflow/.local/lib/python3.12/site-packages/airflow/example_dags/example_sensor_decorator.py
[2025-01-05T23:52:43.216+0000] {processor.py:914} INFO - Processing file /home/airflow/.local/lib/python3.12/site-packages/airflow/example_dags/example_sensor_decorator.py for tasks to queue
[2025-01-05T23:52:43.217+0000] {logging_mixin.py:190} INFO - [2025-01-05T23:52:43.217+0000] {dagbag.py:588} INFO - Filling up the DagBag from /home/airflow/.local/lib/python3.12/site-packages/airflow/example_dags/example_sensor_decorator.py
[2025-01-05T23:52:43.224+0000] {processor.py:925} INFO - DAG(s) 'example_sensor_decorator' retrieved from /home/airflow/.local/lib/python3.12/site-packages/airflow/example_dags/example_sensor_decorator.py
[2025-01-05T23:52:43.239+0000] {logging_mixin.py:190} INFO - [2025-01-05T23:52:43.239+0000] {dag.py:3239} INFO - Sync 1 DAGs
[2025-01-05T23:52:43.250+0000] {logging_mixin.py:190} INFO - [2025-01-05T23:52:43.250+0000] {dag.py:4180} INFO - Setting next_dagrun for example_sensor_decorator to None, run_after=None
[2025-01-05T23:52:43.269+0000] {processor.py:208} INFO - Processing /home/airflow/.local/lib/python3.12/site-packages/airflow/example_dags/example_sensor_decorator.py took 0.058 seconds
[2025-01-05T23:53:14.130+0000] {processor.py:186} INFO - Started process (PID=6525) to work on /home/airflow/.local/lib/python3.12/site-packages/airflow/example_dags/example_sensor_decorator.py
[2025-01-05T23:53:14.131+0000] {processor.py:914} INFO - Processing file /home/airflow/.local/lib/python3.12/site-packages/airflow/example_dags/example_sensor_decorator.py for tasks to queue
[2025-01-05T23:53:14.133+0000] {logging_mixin.py:190} INFO - [2025-01-05T23:53:14.133+0000] {dagbag.py:588} INFO - Filling up the DagBag from /home/airflow/.local/lib/python3.12/site-packages/airflow/example_dags/example_sensor_decorator.py
[2025-01-05T23:53:14.141+0000] {processor.py:925} INFO - DAG(s) 'example_sensor_decorator' retrieved from /home/airflow/.local/lib/python3.12/site-packages/airflow/example_dags/example_sensor_decorator.py
[2025-01-05T23:53:14.157+0000] {logging_mixin.py:190} INFO - [2025-01-05T23:53:14.157+0000] {dag.py:3239} INFO - Sync 1 DAGs
[2025-01-05T23:53:14.170+0000] {logging_mixin.py:190} INFO - [2025-01-05T23:53:14.169+0000] {dag.py:4180} INFO - Setting next_dagrun for example_sensor_decorator to None, run_after=None
[2025-01-05T23:53:14.189+0000] {processor.py:208} INFO - Processing /home/airflow/.local/lib/python3.12/site-packages/airflow/example_dags/example_sensor_decorator.py took 0.064 seconds
[2025-01-05T23:53:44.781+0000] {processor.py:186} INFO - Started process (PID=6819) to work on /home/airflow/.local/lib/python3.12/site-packages/airflow/example_dags/example_sensor_decorator.py
[2025-01-05T23:53:44.781+0000] {processor.py:914} INFO - Processing file /home/airflow/.local/lib/python3.12/site-packages/airflow/example_dags/example_sensor_decorator.py for tasks to queue
[2025-01-05T23:53:44.784+0000] {logging_mixin.py:190} INFO - [2025-01-05T23:53:44.783+0000] {dagbag.py:588} INFO - Filling up the DagBag from /home/airflow/.local/lib/python3.12/site-packages/airflow/example_dags/example_sensor_decorator.py
[2025-01-05T23:53:44.790+0000] {processor.py:925} INFO - DAG(s) 'example_sensor_decorator' retrieved from /home/airflow/.local/lib/python3.12/site-packages/airflow/example_dags/example_sensor_decorator.py
[2025-01-05T23:53:44.807+0000] {logging_mixin.py:190} INFO - [2025-01-05T23:53:44.807+0000] {dag.py:3239} INFO - Sync 1 DAGs
[2025-01-05T23:53:44.818+0000] {logging_mixin.py:190} INFO - [2025-01-05T23:53:44.818+0000] {dag.py:4180} INFO - Setting next_dagrun for example_sensor_decorator to None, run_after=None
[2025-01-05T23:53:44.834+0000] {processor.py:208} INFO - Processing /home/airflow/.local/lib/python3.12/site-packages/airflow/example_dags/example_sensor_decorator.py took 0.058 seconds
[2025-01-05T23:54:15.364+0000] {processor.py:186} INFO - Started process (PID=7115) to work on /home/airflow/.local/lib/python3.12/site-packages/airflow/example_dags/example_sensor_decorator.py
[2025-01-05T23:54:15.365+0000] {processor.py:914} INFO - Processing file /home/airflow/.local/lib/python3.12/site-packages/airflow/example_dags/example_sensor_decorator.py for tasks to queue
[2025-01-05T23:54:15.367+0000] {logging_mixin.py:190} INFO - [2025-01-05T23:54:15.367+0000] {dagbag.py:588} INFO - Filling up the DagBag from /home/airflow/.local/lib/python3.12/site-packages/airflow/example_dags/example_sensor_decorator.py
[2025-01-05T23:54:15.375+0000] {processor.py:925} INFO - DAG(s) 'example_sensor_decorator' retrieved from /home/airflow/.local/lib/python3.12/site-packages/airflow/example_dags/example_sensor_decorator.py
[2025-01-05T23:54:15.392+0000] {logging_mixin.py:190} INFO - [2025-01-05T23:54:15.392+0000] {dag.py:3239} INFO - Sync 1 DAGs
[2025-01-05T23:54:15.407+0000] {logging_mixin.py:190} INFO - [2025-01-05T23:54:15.407+0000] {dag.py:4180} INFO - Setting next_dagrun for example_sensor_decorator to None, run_after=None
[2025-01-05T23:54:15.425+0000] {processor.py:208} INFO - Processing /home/airflow/.local/lib/python3.12/site-packages/airflow/example_dags/example_sensor_decorator.py took 0.067 seconds
[2025-01-05T23:54:46.432+0000] {processor.py:186} INFO - Started process (PID=7411) to work on /home/airflow/.local/lib/python3.12/site-packages/airflow/example_dags/example_sensor_decorator.py
[2025-01-05T23:54:46.433+0000] {processor.py:914} INFO - Processing file /home/airflow/.local/lib/python3.12/site-packages/airflow/example_dags/example_sensor_decorator.py for tasks to queue
[2025-01-05T23:54:46.434+0000] {logging_mixin.py:190} INFO - [2025-01-05T23:54:46.434+0000] {dagbag.py:588} INFO - Filling up the DagBag from /home/airflow/.local/lib/python3.12/site-packages/airflow/example_dags/example_sensor_decorator.py
[2025-01-05T23:54:46.441+0000] {processor.py:925} INFO - DAG(s) 'example_sensor_decorator' retrieved from /home/airflow/.local/lib/python3.12/site-packages/airflow/example_dags/example_sensor_decorator.py
[2025-01-05T23:54:46.457+0000] {logging_mixin.py:190} INFO - [2025-01-05T23:54:46.457+0000] {dag.py:3239} INFO - Sync 1 DAGs
[2025-01-05T23:54:46.471+0000] {logging_mixin.py:190} INFO - [2025-01-05T23:54:46.471+0000] {dag.py:4180} INFO - Setting next_dagrun for example_sensor_decorator to None, run_after=None
[2025-01-05T23:54:46.490+0000] {processor.py:208} INFO - Processing /home/airflow/.local/lib/python3.12/site-packages/airflow/example_dags/example_sensor_decorator.py took 0.063 seconds
[2025-01-05T23:55:17.483+0000] {processor.py:186} INFO - Started process (PID=7709) to work on /home/airflow/.local/lib/python3.12/site-packages/airflow/example_dags/example_sensor_decorator.py
[2025-01-05T23:55:17.484+0000] {processor.py:914} INFO - Processing file /home/airflow/.local/lib/python3.12/site-packages/airflow/example_dags/example_sensor_decorator.py for tasks to queue
[2025-01-05T23:55:17.486+0000] {logging_mixin.py:190} INFO - [2025-01-05T23:55:17.486+0000] {dagbag.py:588} INFO - Filling up the DagBag from /home/airflow/.local/lib/python3.12/site-packages/airflow/example_dags/example_sensor_decorator.py
[2025-01-05T23:55:17.492+0000] {processor.py:925} INFO - DAG(s) 'example_sensor_decorator' retrieved from /home/airflow/.local/lib/python3.12/site-packages/airflow/example_dags/example_sensor_decorator.py
[2025-01-05T23:55:17.509+0000] {logging_mixin.py:190} INFO - [2025-01-05T23:55:17.509+0000] {dag.py:3239} INFO - Sync 1 DAGs
[2025-01-05T23:55:17.521+0000] {logging_mixin.py:190} INFO - [2025-01-05T23:55:17.521+0000] {dag.py:4180} INFO - Setting next_dagrun for example_sensor_decorator to None, run_after=None
[2025-01-05T23:55:17.540+0000] {processor.py:208} INFO - Processing /home/airflow/.local/lib/python3.12/site-packages/airflow/example_dags/example_sensor_decorator.py took 0.062 seconds
[2025-01-05T23:55:48.457+0000] {processor.py:186} INFO - Started process (PID=8005) to work on /home/airflow/.local/lib/python3.12/site-packages/airflow/example_dags/example_sensor_decorator.py
[2025-01-05T23:55:48.457+0000] {processor.py:914} INFO - Processing file /home/airflow/.local/lib/python3.12/site-packages/airflow/example_dags/example_sensor_decorator.py for tasks to queue
[2025-01-05T23:55:48.459+0000] {logging_mixin.py:190} INFO - [2025-01-05T23:55:48.459+0000] {dagbag.py:588} INFO - Filling up the DagBag from /home/airflow/.local/lib/python3.12/site-packages/airflow/example_dags/example_sensor_decorator.py
[2025-01-05T23:55:48.466+0000] {processor.py:925} INFO - DAG(s) 'example_sensor_decorator' retrieved from /home/airflow/.local/lib/python3.12/site-packages/airflow/example_dags/example_sensor_decorator.py
[2025-01-05T23:55:48.481+0000] {logging_mixin.py:190} INFO - [2025-01-05T23:55:48.481+0000] {dag.py:3239} INFO - Sync 1 DAGs
[2025-01-05T23:55:48.492+0000] {logging_mixin.py:190} INFO - [2025-01-05T23:55:48.492+0000] {dag.py:4180} INFO - Setting next_dagrun for example_sensor_decorator to None, run_after=None
[2025-01-05T23:55:48.515+0000] {processor.py:208} INFO - Processing /home/airflow/.local/lib/python3.12/site-packages/airflow/example_dags/example_sensor_decorator.py took 0.063 seconds
[2025-01-05T23:56:19.509+0000] {processor.py:186} INFO - Started process (PID=8299) to work on /home/airflow/.local/lib/python3.12/site-packages/airflow/example_dags/example_sensor_decorator.py
[2025-01-05T23:56:19.510+0000] {processor.py:914} INFO - Processing file /home/airflow/.local/lib/python3.12/site-packages/airflow/example_dags/example_sensor_decorator.py for tasks to queue
[2025-01-05T23:56:19.512+0000] {logging_mixin.py:190} INFO - [2025-01-05T23:56:19.512+0000] {dagbag.py:588} INFO - Filling up the DagBag from /home/airflow/.local/lib/python3.12/site-packages/airflow/example_dags/example_sensor_decorator.py
[2025-01-05T23:56:19.531+0000] {processor.py:925} INFO - DAG(s) 'example_sensor_decorator' retrieved from /home/airflow/.local/lib/python3.12/site-packages/airflow/example_dags/example_sensor_decorator.py
[2025-01-05T23:56:19.548+0000] {logging_mixin.py:190} INFO - [2025-01-05T23:56:19.548+0000] {dag.py:3239} INFO - Sync 1 DAGs
[2025-01-05T23:56:19.562+0000] {logging_mixin.py:190} INFO - [2025-01-05T23:56:19.562+0000] {dag.py:4180} INFO - Setting next_dagrun for example_sensor_decorator to None, run_after=None
[2025-01-05T23:56:19.583+0000] {processor.py:208} INFO - Processing /home/airflow/.local/lib/python3.12/site-packages/airflow/example_dags/example_sensor_decorator.py took 0.078 seconds
[2025-01-05T23:56:50.406+0000] {processor.py:186} INFO - Started process (PID=8595) to work on /home/airflow/.local/lib/python3.12/site-packages/airflow/example_dags/example_sensor_decorator.py
[2025-01-05T23:56:50.407+0000] {processor.py:914} INFO - Processing file /home/airflow/.local/lib/python3.12/site-packages/airflow/example_dags/example_sensor_decorator.py for tasks to queue
[2025-01-05T23:56:50.408+0000] {logging_mixin.py:190} INFO - [2025-01-05T23:56:50.408+0000] {dagbag.py:588} INFO - Filling up the DagBag from /home/airflow/.local/lib/python3.12/site-packages/airflow/example_dags/example_sensor_decorator.py
[2025-01-05T23:56:50.415+0000] {processor.py:925} INFO - DAG(s) 'example_sensor_decorator' retrieved from /home/airflow/.local/lib/python3.12/site-packages/airflow/example_dags/example_sensor_decorator.py
[2025-01-05T23:56:50.432+0000] {logging_mixin.py:190} INFO - [2025-01-05T23:56:50.431+0000] {dag.py:3239} INFO - Sync 1 DAGs
[2025-01-05T23:56:50.444+0000] {logging_mixin.py:190} INFO - [2025-01-05T23:56:50.444+0000] {dag.py:4180} INFO - Setting next_dagrun for example_sensor_decorator to None, run_after=None
[2025-01-05T23:56:50.464+0000] {processor.py:208} INFO - Processing /home/airflow/.local/lib/python3.12/site-packages/airflow/example_dags/example_sensor_decorator.py took 0.064 seconds
[2025-01-05T23:57:20.874+0000] {processor.py:186} INFO - Started process (PID=8891) to work on /home/airflow/.local/lib/python3.12/site-packages/airflow/example_dags/example_sensor_decorator.py
[2025-01-05T23:57:20.875+0000] {processor.py:914} INFO - Processing file /home/airflow/.local/lib/python3.12/site-packages/airflow/example_dags/example_sensor_decorator.py for tasks to queue
[2025-01-05T23:57:20.877+0000] {logging_mixin.py:190} INFO - [2025-01-05T23:57:20.877+0000] {dagbag.py:588} INFO - Filling up the DagBag from /home/airflow/.local/lib/python3.12/site-packages/airflow/example_dags/example_sensor_decorator.py
[2025-01-05T23:57:20.884+0000] {processor.py:925} INFO - DAG(s) 'example_sensor_decorator' retrieved from /home/airflow/.local/lib/python3.12/site-packages/airflow/example_dags/example_sensor_decorator.py
[2025-01-05T23:57:20.901+0000] {logging_mixin.py:190} INFO - [2025-01-05T23:57:20.900+0000] {dag.py:3239} INFO - Sync 1 DAGs
[2025-01-05T23:57:20.913+0000] {logging_mixin.py:190} INFO - [2025-01-05T23:57:20.913+0000] {dag.py:4180} INFO - Setting next_dagrun for example_sensor_decorator to None, run_after=None
[2025-01-05T23:57:20.929+0000] {processor.py:208} INFO - Processing /home/airflow/.local/lib/python3.12/site-packages/airflow/example_dags/example_sensor_decorator.py took 0.060 seconds
[2025-01-05T23:57:51.601+0000] {processor.py:186} INFO - Started process (PID=9187) to work on /home/airflow/.local/lib/python3.12/site-packages/airflow/example_dags/example_sensor_decorator.py
[2025-01-05T23:57:51.602+0000] {processor.py:914} INFO - Processing file /home/airflow/.local/lib/python3.12/site-packages/airflow/example_dags/example_sensor_decorator.py for tasks to queue
[2025-01-05T23:57:51.604+0000] {logging_mixin.py:190} INFO - [2025-01-05T23:57:51.603+0000] {dagbag.py:588} INFO - Filling up the DagBag from /home/airflow/.local/lib/python3.12/site-packages/airflow/example_dags/example_sensor_decorator.py
[2025-01-05T23:57:51.610+0000] {processor.py:925} INFO - DAG(s) 'example_sensor_decorator' retrieved from /home/airflow/.local/lib/python3.12/site-packages/airflow/example_dags/example_sensor_decorator.py
[2025-01-05T23:57:51.627+0000] {logging_mixin.py:190} INFO - [2025-01-05T23:57:51.627+0000] {dag.py:3239} INFO - Sync 1 DAGs
[2025-01-05T23:57:51.639+0000] {logging_mixin.py:190} INFO - [2025-01-05T23:57:51.639+0000] {dag.py:4180} INFO - Setting next_dagrun for example_sensor_decorator to None, run_after=None
[2025-01-05T23:57:51.656+0000] {processor.py:208} INFO - Processing /home/airflow/.local/lib/python3.12/site-packages/airflow/example_dags/example_sensor_decorator.py took 0.060 seconds
[2025-01-05T23:58:22.266+0000] {processor.py:186} INFO - Started process (PID=9483) to work on /home/airflow/.local/lib/python3.12/site-packages/airflow/example_dags/example_sensor_decorator.py
[2025-01-05T23:58:22.267+0000] {processor.py:914} INFO - Processing file /home/airflow/.local/lib/python3.12/site-packages/airflow/example_dags/example_sensor_decorator.py for tasks to queue
[2025-01-05T23:58:22.269+0000] {logging_mixin.py:190} INFO - [2025-01-05T23:58:22.269+0000] {dagbag.py:588} INFO - Filling up the DagBag from /home/airflow/.local/lib/python3.12/site-packages/airflow/example_dags/example_sensor_decorator.py
[2025-01-05T23:58:22.276+0000] {processor.py:925} INFO - DAG(s) 'example_sensor_decorator' retrieved from /home/airflow/.local/lib/python3.12/site-packages/airflow/example_dags/example_sensor_decorator.py
[2025-01-05T23:58:22.291+0000] {logging_mixin.py:190} INFO - [2025-01-05T23:58:22.291+0000] {dag.py:3239} INFO - Sync 1 DAGs
[2025-01-05T23:58:22.303+0000] {logging_mixin.py:190} INFO - [2025-01-05T23:58:22.303+0000] {dag.py:4180} INFO - Setting next_dagrun for example_sensor_decorator to None, run_after=None
[2025-01-05T23:58:22.318+0000] {processor.py:208} INFO - Processing /home/airflow/.local/lib/python3.12/site-packages/airflow/example_dags/example_sensor_decorator.py took 0.057 seconds
[2025-01-05T23:58:52.844+0000] {processor.py:186} INFO - Started process (PID=9785) to work on /home/airflow/.local/lib/python3.12/site-packages/airflow/example_dags/example_sensor_decorator.py
[2025-01-05T23:58:52.846+0000] {processor.py:914} INFO - Processing file /home/airflow/.local/lib/python3.12/site-packages/airflow/example_dags/example_sensor_decorator.py for tasks to queue
[2025-01-05T23:58:52.848+0000] {logging_mixin.py:190} INFO - [2025-01-05T23:58:52.848+0000] {dagbag.py:588} INFO - Filling up the DagBag from /home/airflow/.local/lib/python3.12/site-packages/airflow/example_dags/example_sensor_decorator.py
[2025-01-05T23:58:52.855+0000] {processor.py:925} INFO - DAG(s) 'example_sensor_decorator' retrieved from /home/airflow/.local/lib/python3.12/site-packages/airflow/example_dags/example_sensor_decorator.py
[2025-01-05T23:58:52.872+0000] {logging_mixin.py:190} INFO - [2025-01-05T23:58:52.871+0000] {dag.py:3239} INFO - Sync 1 DAGs
[2025-01-05T23:58:52.883+0000] {logging_mixin.py:190} INFO - [2025-01-05T23:58:52.883+0000] {dag.py:4180} INFO - Setting next_dagrun for example_sensor_decorator to None, run_after=None
[2025-01-05T23:58:52.899+0000] {processor.py:208} INFO - Processing /home/airflow/.local/lib/python3.12/site-packages/airflow/example_dags/example_sensor_decorator.py took 0.059 seconds
[2025-01-05T23:59:23.622+0000] {processor.py:186} INFO - Started process (PID=10082) to work on /home/airflow/.local/lib/python3.12/site-packages/airflow/example_dags/example_sensor_decorator.py
[2025-01-05T23:59:23.622+0000] {processor.py:914} INFO - Processing file /home/airflow/.local/lib/python3.12/site-packages/airflow/example_dags/example_sensor_decorator.py for tasks to queue
[2025-01-05T23:59:23.624+0000] {logging_mixin.py:190} INFO - [2025-01-05T23:59:23.624+0000] {dagbag.py:588} INFO - Filling up the DagBag from /home/airflow/.local/lib/python3.12/site-packages/airflow/example_dags/example_sensor_decorator.py
[2025-01-05T23:59:23.630+0000] {processor.py:925} INFO - DAG(s) 'example_sensor_decorator' retrieved from /home/airflow/.local/lib/python3.12/site-packages/airflow/example_dags/example_sensor_decorator.py
[2025-01-05T23:59:23.646+0000] {logging_mixin.py:190} INFO - [2025-01-05T23:59:23.646+0000] {dag.py:3239} INFO - Sync 1 DAGs
[2025-01-05T23:59:23.657+0000] {logging_mixin.py:190} INFO - [2025-01-05T23:59:23.657+0000] {dag.py:4180} INFO - Setting next_dagrun for example_sensor_decorator to None, run_after=None
[2025-01-05T23:59:23.677+0000] {processor.py:208} INFO - Processing /home/airflow/.local/lib/python3.12/site-packages/airflow/example_dags/example_sensor_decorator.py took 0.059 seconds
[2025-01-05T23:59:54.583+0000] {processor.py:186} INFO - Started process (PID=10380) to work on /home/airflow/.local/lib/python3.12/site-packages/airflow/example_dags/example_sensor_decorator.py
[2025-01-05T23:59:54.584+0000] {processor.py:914} INFO - Processing file /home/airflow/.local/lib/python3.12/site-packages/airflow/example_dags/example_sensor_decorator.py for tasks to queue
[2025-01-05T23:59:54.586+0000] {logging_mixin.py:190} INFO - [2025-01-05T23:59:54.586+0000] {dagbag.py:588} INFO - Filling up the DagBag from /home/airflow/.local/lib/python3.12/site-packages/airflow/example_dags/example_sensor_decorator.py
[2025-01-05T23:59:54.593+0000] {processor.py:925} INFO - DAG(s) 'example_sensor_decorator' retrieved from /home/airflow/.local/lib/python3.12/site-packages/airflow/example_dags/example_sensor_decorator.py
[2025-01-05T23:59:54.609+0000] {logging_mixin.py:190} INFO - [2025-01-05T23:59:54.608+0000] {dag.py:3239} INFO - Sync 1 DAGs
[2025-01-05T23:59:54.620+0000] {logging_mixin.py:190} INFO - [2025-01-05T23:59:54.619+0000] {dag.py:4180} INFO - Setting next_dagrun for example_sensor_decorator to None, run_after=None
[2025-01-05T23:59:54.639+0000] {processor.py:208} INFO - Processing /home/airflow/.local/lib/python3.12/site-packages/airflow/example_dags/example_sensor_decorator.py took 0.060 seconds
