[2025-01-05T23:42:24.915+0000] {processor.py:186} INFO - Started process (PID=279) to work on /home/airflow/.local/lib/python3.12/site-packages/airflow/example_dags/example_xcom.py
[2025-01-05T23:42:24.916+0000] {processor.py:914} INFO - Processing file /home/airflow/.local/lib/python3.12/site-packages/airflow/example_dags/example_xcom.py for tasks to queue
[2025-01-05T23:42:24.918+0000] {logging_mixin.py:190} INFO - [2025-01-05T23:42:24.918+0000] {dagbag.py:588} INFO - Filling up the DagBag from /home/airflow/.local/lib/python3.12/site-packages/airflow/example_dags/example_xcom.py
[2025-01-05T23:42:24.929+0000] {processor.py:925} INFO - DAG(s) 'example_xcom' retrieved from /home/airflow/.local/lib/python3.12/site-packages/airflow/example_dags/example_xcom.py
[2025-01-05T23:42:24.953+0000] {logging_mixin.py:190} INFO - [2025-01-05T23:42:24.952+0000] {dag.py:3239} INFO - Sync 1 DAGs
[2025-01-05T23:42:24.972+0000] {logging_mixin.py:190} INFO - [2025-01-05T23:42:24.971+0000] {dag.py:4180} INFO - Setting next_dagrun for example_xcom to 2021-01-01 00:00:00+00:00, run_after=2021-01-01 00:00:00+00:00
[2025-01-05T23:42:24.987+0000] {processor.py:208} INFO - Processing /home/airflow/.local/lib/python3.12/site-packages/airflow/example_dags/example_xcom.py took 0.078 seconds
[2025-01-05T23:42:55.571+0000] {processor.py:186} INFO - Started process (PID=573) to work on /home/airflow/.local/lib/python3.12/site-packages/airflow/example_dags/example_xcom.py
[2025-01-05T23:42:55.572+0000] {processor.py:914} INFO - Processing file /home/airflow/.local/lib/python3.12/site-packages/airflow/example_dags/example_xcom.py for tasks to queue
[2025-01-05T23:42:55.575+0000] {logging_mixin.py:190} INFO - [2025-01-05T23:42:55.575+0000] {dagbag.py:588} INFO - Filling up the DagBag from /home/airflow/.local/lib/python3.12/site-packages/airflow/example_dags/example_xcom.py
[2025-01-05T23:42:55.594+0000] {processor.py:925} INFO - DAG(s) 'example_xcom' retrieved from /home/airflow/.local/lib/python3.12/site-packages/airflow/example_dags/example_xcom.py
[2025-01-05T23:42:55.612+0000] {logging_mixin.py:190} INFO - [2025-01-05T23:42:55.612+0000] {dag.py:3239} INFO - Sync 1 DAGs
[2025-01-05T23:42:55.636+0000] {logging_mixin.py:190} INFO - [2025-01-05T23:42:55.636+0000] {dag.py:4180} INFO - Setting next_dagrun for example_xcom to 2021-01-01 00:00:00+00:00, run_after=2021-01-01 00:00:00+00:00
[2025-01-05T23:42:55.658+0000] {processor.py:208} INFO - Processing /home/airflow/.local/lib/python3.12/site-packages/airflow/example_dags/example_xcom.py took 0.092 seconds
[2025-01-05T23:43:26.928+0000] {processor.py:186} INFO - Started process (PID=869) to work on /home/airflow/.local/lib/python3.12/site-packages/airflow/example_dags/example_xcom.py
[2025-01-05T23:43:26.930+0000] {processor.py:914} INFO - Processing file /home/airflow/.local/lib/python3.12/site-packages/airflow/example_dags/example_xcom.py for tasks to queue
[2025-01-05T23:43:26.932+0000] {logging_mixin.py:190} INFO - [2025-01-05T23:43:26.932+0000] {dagbag.py:588} INFO - Filling up the DagBag from /home/airflow/.local/lib/python3.12/site-packages/airflow/example_dags/example_xcom.py
[2025-01-05T23:43:26.939+0000] {processor.py:925} INFO - DAG(s) 'example_xcom' retrieved from /home/airflow/.local/lib/python3.12/site-packages/airflow/example_dags/example_xcom.py
[2025-01-05T23:43:26.959+0000] {logging_mixin.py:190} INFO - [2025-01-05T23:43:26.959+0000] {dag.py:3239} INFO - Sync 1 DAGs
[2025-01-05T23:43:26.984+0000] {logging_mixin.py:190} INFO - [2025-01-05T23:43:26.984+0000] {dag.py:4180} INFO - Setting next_dagrun for example_xcom to 2021-01-01 00:00:00+00:00, run_after=2021-01-01 00:00:00+00:00
[2025-01-05T23:43:27.005+0000] {processor.py:208} INFO - Processing /home/airflow/.local/lib/python3.12/site-packages/airflow/example_dags/example_xcom.py took 0.081 seconds
[2025-01-05T23:43:57.845+0000] {processor.py:186} INFO - Started process (PID=1167) to work on /home/airflow/.local/lib/python3.12/site-packages/airflow/example_dags/example_xcom.py
[2025-01-05T23:43:57.847+0000] {processor.py:914} INFO - Processing file /home/airflow/.local/lib/python3.12/site-packages/airflow/example_dags/example_xcom.py for tasks to queue
[2025-01-05T23:43:57.849+0000] {logging_mixin.py:190} INFO - [2025-01-05T23:43:57.849+0000] {dagbag.py:588} INFO - Filling up the DagBag from /home/airflow/.local/lib/python3.12/site-packages/airflow/example_dags/example_xcom.py
[2025-01-05T23:43:57.858+0000] {processor.py:925} INFO - DAG(s) 'example_xcom' retrieved from /home/airflow/.local/lib/python3.12/site-packages/airflow/example_dags/example_xcom.py
[2025-01-05T23:43:57.877+0000] {logging_mixin.py:190} INFO - [2025-01-05T23:43:57.877+0000] {dag.py:3239} INFO - Sync 1 DAGs
[2025-01-05T23:43:57.898+0000] {logging_mixin.py:190} INFO - [2025-01-05T23:43:57.898+0000] {dag.py:4180} INFO - Setting next_dagrun for example_xcom to 2021-01-01 00:00:00+00:00, run_after=2021-01-01 00:00:00+00:00
[2025-01-05T23:43:57.920+0000] {processor.py:208} INFO - Processing /home/airflow/.local/lib/python3.12/site-packages/airflow/example_dags/example_xcom.py took 0.079 seconds
[2025-01-05T23:44:28.503+0000] {processor.py:186} INFO - Started process (PID=1461) to work on /home/airflow/.local/lib/python3.12/site-packages/airflow/example_dags/example_xcom.py
[2025-01-05T23:44:28.504+0000] {processor.py:914} INFO - Processing file /home/airflow/.local/lib/python3.12/site-packages/airflow/example_dags/example_xcom.py for tasks to queue
[2025-01-05T23:44:28.506+0000] {logging_mixin.py:190} INFO - [2025-01-05T23:44:28.506+0000] {dagbag.py:588} INFO - Filling up the DagBag from /home/airflow/.local/lib/python3.12/site-packages/airflow/example_dags/example_xcom.py
[2025-01-05T23:44:28.514+0000] {processor.py:925} INFO - DAG(s) 'example_xcom' retrieved from /home/airflow/.local/lib/python3.12/site-packages/airflow/example_dags/example_xcom.py
[2025-01-05T23:44:28.534+0000] {logging_mixin.py:190} INFO - [2025-01-05T23:44:28.533+0000] {dag.py:3239} INFO - Sync 1 DAGs
[2025-01-05T23:44:28.554+0000] {logging_mixin.py:190} INFO - [2025-01-05T23:44:28.554+0000] {dag.py:4180} INFO - Setting next_dagrun for example_xcom to 2021-01-01 00:00:00+00:00, run_after=2021-01-01 00:00:00+00:00
[2025-01-05T23:44:28.572+0000] {processor.py:208} INFO - Processing /home/airflow/.local/lib/python3.12/site-packages/airflow/example_dags/example_xcom.py took 0.074 seconds
[2025-01-05T23:44:59.160+0000] {processor.py:186} INFO - Started process (PID=1757) to work on /home/airflow/.local/lib/python3.12/site-packages/airflow/example_dags/example_xcom.py
[2025-01-05T23:44:59.161+0000] {processor.py:914} INFO - Processing file /home/airflow/.local/lib/python3.12/site-packages/airflow/example_dags/example_xcom.py for tasks to queue
[2025-01-05T23:44:59.163+0000] {logging_mixin.py:190} INFO - [2025-01-05T23:44:59.162+0000] {dagbag.py:588} INFO - Filling up the DagBag from /home/airflow/.local/lib/python3.12/site-packages/airflow/example_dags/example_xcom.py
[2025-01-05T23:44:59.170+0000] {processor.py:925} INFO - DAG(s) 'example_xcom' retrieved from /home/airflow/.local/lib/python3.12/site-packages/airflow/example_dags/example_xcom.py
[2025-01-05T23:44:59.187+0000] {logging_mixin.py:190} INFO - [2025-01-05T23:44:59.186+0000] {dag.py:3239} INFO - Sync 1 DAGs
[2025-01-05T23:44:59.206+0000] {logging_mixin.py:190} INFO - [2025-01-05T23:44:59.206+0000] {dag.py:4180} INFO - Setting next_dagrun for example_xcom to 2021-01-01 00:00:00+00:00, run_after=2021-01-01 00:00:00+00:00
[2025-01-05T23:44:59.222+0000] {processor.py:208} INFO - Processing /home/airflow/.local/lib/python3.12/site-packages/airflow/example_dags/example_xcom.py took 0.068 seconds
[2025-01-05T23:45:29.942+0000] {processor.py:186} INFO - Started process (PID=2055) to work on /home/airflow/.local/lib/python3.12/site-packages/airflow/example_dags/example_xcom.py
[2025-01-05T23:45:29.943+0000] {processor.py:914} INFO - Processing file /home/airflow/.local/lib/python3.12/site-packages/airflow/example_dags/example_xcom.py for tasks to queue
[2025-01-05T23:45:29.945+0000] {logging_mixin.py:190} INFO - [2025-01-05T23:45:29.945+0000] {dagbag.py:588} INFO - Filling up the DagBag from /home/airflow/.local/lib/python3.12/site-packages/airflow/example_dags/example_xcom.py
[2025-01-05T23:45:29.952+0000] {processor.py:925} INFO - DAG(s) 'example_xcom' retrieved from /home/airflow/.local/lib/python3.12/site-packages/airflow/example_dags/example_xcom.py
[2025-01-05T23:45:29.971+0000] {logging_mixin.py:190} INFO - [2025-01-05T23:45:29.971+0000] {dag.py:3239} INFO - Sync 1 DAGs
[2025-01-05T23:45:29.989+0000] {logging_mixin.py:190} INFO - [2025-01-05T23:45:29.989+0000] {dag.py:4180} INFO - Setting next_dagrun for example_xcom to 2021-01-01 00:00:00+00:00, run_after=2021-01-01 00:00:00+00:00
[2025-01-05T23:45:30.009+0000] {processor.py:208} INFO - Processing /home/airflow/.local/lib/python3.12/site-packages/airflow/example_dags/example_xcom.py took 0.071 seconds
[2025-01-05T23:46:01.385+0000] {processor.py:186} INFO - Started process (PID=2349) to work on /home/airflow/.local/lib/python3.12/site-packages/airflow/example_dags/example_xcom.py
[2025-01-05T23:46:01.387+0000] {processor.py:914} INFO - Processing file /home/airflow/.local/lib/python3.12/site-packages/airflow/example_dags/example_xcom.py for tasks to queue
[2025-01-05T23:46:01.390+0000] {logging_mixin.py:190} INFO - [2025-01-05T23:46:01.389+0000] {dagbag.py:588} INFO - Filling up the DagBag from /home/airflow/.local/lib/python3.12/site-packages/airflow/example_dags/example_xcom.py
[2025-01-05T23:46:01.406+0000] {processor.py:925} INFO - DAG(s) 'example_xcom' retrieved from /home/airflow/.local/lib/python3.12/site-packages/airflow/example_dags/example_xcom.py
[2025-01-05T23:46:01.448+0000] {logging_mixin.py:190} INFO - [2025-01-05T23:46:01.447+0000] {dag.py:3239} INFO - Sync 1 DAGs
[2025-01-05T23:46:01.504+0000] {logging_mixin.py:190} INFO - [2025-01-05T23:46:01.504+0000] {dag.py:4180} INFO - Setting next_dagrun for example_xcom to 2021-01-01 00:00:00+00:00, run_after=2021-01-01 00:00:00+00:00
[2025-01-05T23:46:01.530+0000] {processor.py:208} INFO - Processing /home/airflow/.local/lib/python3.12/site-packages/airflow/example_dags/example_xcom.py took 0.157 seconds
[2025-01-05T23:46:31.845+0000] {processor.py:186} INFO - Started process (PID=2645) to work on /home/airflow/.local/lib/python3.12/site-packages/airflow/example_dags/example_xcom.py
[2025-01-05T23:46:31.846+0000] {processor.py:914} INFO - Processing file /home/airflow/.local/lib/python3.12/site-packages/airflow/example_dags/example_xcom.py for tasks to queue
[2025-01-05T23:46:31.848+0000] {logging_mixin.py:190} INFO - [2025-01-05T23:46:31.848+0000] {dagbag.py:588} INFO - Filling up the DagBag from /home/airflow/.local/lib/python3.12/site-packages/airflow/example_dags/example_xcom.py
[2025-01-05T23:46:31.858+0000] {processor.py:925} INFO - DAG(s) 'example_xcom' retrieved from /home/airflow/.local/lib/python3.12/site-packages/airflow/example_dags/example_xcom.py
[2025-01-05T23:46:31.875+0000] {logging_mixin.py:190} INFO - [2025-01-05T23:46:31.875+0000] {dag.py:3239} INFO - Sync 1 DAGs
[2025-01-05T23:46:31.893+0000] {logging_mixin.py:190} INFO - [2025-01-05T23:46:31.893+0000] {dag.py:4180} INFO - Setting next_dagrun for example_xcom to 2021-01-01 00:00:00+00:00, run_after=2021-01-01 00:00:00+00:00
[2025-01-05T23:46:31.909+0000] {processor.py:208} INFO - Processing /home/airflow/.local/lib/python3.12/site-packages/airflow/example_dags/example_xcom.py took 0.068 seconds
[2025-01-05T23:47:03.332+0000] {processor.py:186} INFO - Started process (PID=2943) to work on /home/airflow/.local/lib/python3.12/site-packages/airflow/example_dags/example_xcom.py
[2025-01-05T23:47:03.333+0000] {processor.py:914} INFO - Processing file /home/airflow/.local/lib/python3.12/site-packages/airflow/example_dags/example_xcom.py for tasks to queue
[2025-01-05T23:47:03.336+0000] {logging_mixin.py:190} INFO - [2025-01-05T23:47:03.335+0000] {dagbag.py:588} INFO - Filling up the DagBag from /home/airflow/.local/lib/python3.12/site-packages/airflow/example_dags/example_xcom.py
[2025-01-05T23:47:03.344+0000] {processor.py:925} INFO - DAG(s) 'example_xcom' retrieved from /home/airflow/.local/lib/python3.12/site-packages/airflow/example_dags/example_xcom.py
[2025-01-05T23:47:03.362+0000] {logging_mixin.py:190} INFO - [2025-01-05T23:47:03.362+0000] {dag.py:3239} INFO - Sync 1 DAGs
[2025-01-05T23:47:03.378+0000] {logging_mixin.py:190} INFO - [2025-01-05T23:47:03.378+0000] {dag.py:4180} INFO - Setting next_dagrun for example_xcom to 2021-01-01 00:00:00+00:00, run_after=2021-01-01 00:00:00+00:00
[2025-01-05T23:47:03.396+0000] {processor.py:208} INFO - Processing /home/airflow/.local/lib/python3.12/site-packages/airflow/example_dags/example_xcom.py took 0.069 seconds
[2025-01-05T23:47:34.135+0000] {processor.py:186} INFO - Started process (PID=3239) to work on /home/airflow/.local/lib/python3.12/site-packages/airflow/example_dags/example_xcom.py
[2025-01-05T23:47:34.136+0000] {processor.py:914} INFO - Processing file /home/airflow/.local/lib/python3.12/site-packages/airflow/example_dags/example_xcom.py for tasks to queue
[2025-01-05T23:47:34.138+0000] {logging_mixin.py:190} INFO - [2025-01-05T23:47:34.137+0000] {dagbag.py:588} INFO - Filling up the DagBag from /home/airflow/.local/lib/python3.12/site-packages/airflow/example_dags/example_xcom.py
[2025-01-05T23:47:34.145+0000] {processor.py:925} INFO - DAG(s) 'example_xcom' retrieved from /home/airflow/.local/lib/python3.12/site-packages/airflow/example_dags/example_xcom.py
[2025-01-05T23:47:34.163+0000] {logging_mixin.py:190} INFO - [2025-01-05T23:47:34.163+0000] {dag.py:3239} INFO - Sync 1 DAGs
[2025-01-05T23:47:34.179+0000] {logging_mixin.py:190} INFO - [2025-01-05T23:47:34.179+0000] {dag.py:4180} INFO - Setting next_dagrun for example_xcom to 2021-01-01 00:00:00+00:00, run_after=2021-01-01 00:00:00+00:00
[2025-01-05T23:47:34.195+0000] {processor.py:208} INFO - Processing /home/airflow/.local/lib/python3.12/site-packages/airflow/example_dags/example_xcom.py took 0.065 seconds
[2025-01-05T23:48:04.716+0000] {processor.py:186} INFO - Started process (PID=3533) to work on /home/airflow/.local/lib/python3.12/site-packages/airflow/example_dags/example_xcom.py
[2025-01-05T23:48:04.717+0000] {processor.py:914} INFO - Processing file /home/airflow/.local/lib/python3.12/site-packages/airflow/example_dags/example_xcom.py for tasks to queue
[2025-01-05T23:48:04.719+0000] {logging_mixin.py:190} INFO - [2025-01-05T23:48:04.719+0000] {dagbag.py:588} INFO - Filling up the DagBag from /home/airflow/.local/lib/python3.12/site-packages/airflow/example_dags/example_xcom.py
[2025-01-05T23:48:04.727+0000] {processor.py:925} INFO - DAG(s) 'example_xcom' retrieved from /home/airflow/.local/lib/python3.12/site-packages/airflow/example_dags/example_xcom.py
[2025-01-05T23:48:04.750+0000] {logging_mixin.py:190} INFO - [2025-01-05T23:48:04.750+0000] {dag.py:3239} INFO - Sync 1 DAGs
[2025-01-05T23:48:04.772+0000] {logging_mixin.py:190} INFO - [2025-01-05T23:48:04.771+0000] {dag.py:4180} INFO - Setting next_dagrun for example_xcom to 2021-01-01 00:00:00+00:00, run_after=2021-01-01 00:00:00+00:00
[2025-01-05T23:48:04.789+0000] {processor.py:208} INFO - Processing /home/airflow/.local/lib/python3.12/site-packages/airflow/example_dags/example_xcom.py took 0.077 seconds
[2025-01-05T23:48:35.618+0000] {processor.py:186} INFO - Started process (PID=3831) to work on /home/airflow/.local/lib/python3.12/site-packages/airflow/example_dags/example_xcom.py
[2025-01-05T23:48:35.619+0000] {processor.py:914} INFO - Processing file /home/airflow/.local/lib/python3.12/site-packages/airflow/example_dags/example_xcom.py for tasks to queue
[2025-01-05T23:48:35.622+0000] {logging_mixin.py:190} INFO - [2025-01-05T23:48:35.622+0000] {dagbag.py:588} INFO - Filling up the DagBag from /home/airflow/.local/lib/python3.12/site-packages/airflow/example_dags/example_xcom.py
[2025-01-05T23:48:35.631+0000] {processor.py:925} INFO - DAG(s) 'example_xcom' retrieved from /home/airflow/.local/lib/python3.12/site-packages/airflow/example_dags/example_xcom.py
[2025-01-05T23:48:35.650+0000] {logging_mixin.py:190} INFO - [2025-01-05T23:48:35.650+0000] {dag.py:3239} INFO - Sync 1 DAGs
[2025-01-05T23:48:35.666+0000] {logging_mixin.py:190} INFO - [2025-01-05T23:48:35.666+0000] {dag.py:4180} INFO - Setting next_dagrun for example_xcom to 2021-01-01 00:00:00+00:00, run_after=2021-01-01 00:00:00+00:00
[2025-01-05T23:48:35.683+0000] {processor.py:208} INFO - Processing /home/airflow/.local/lib/python3.12/site-packages/airflow/example_dags/example_xcom.py took 0.070 seconds
[2025-01-05T23:49:06.311+0000] {processor.py:186} INFO - Started process (PID=4125) to work on /home/airflow/.local/lib/python3.12/site-packages/airflow/example_dags/example_xcom.py
[2025-01-05T23:49:06.312+0000] {processor.py:914} INFO - Processing file /home/airflow/.local/lib/python3.12/site-packages/airflow/example_dags/example_xcom.py for tasks to queue
[2025-01-05T23:49:06.315+0000] {logging_mixin.py:190} INFO - [2025-01-05T23:49:06.314+0000] {dagbag.py:588} INFO - Filling up the DagBag from /home/airflow/.local/lib/python3.12/site-packages/airflow/example_dags/example_xcom.py
[2025-01-05T23:49:06.328+0000] {processor.py:925} INFO - DAG(s) 'example_xcom' retrieved from /home/airflow/.local/lib/python3.12/site-packages/airflow/example_dags/example_xcom.py
[2025-01-05T23:49:06.349+0000] {logging_mixin.py:190} INFO - [2025-01-05T23:49:06.349+0000] {dag.py:3239} INFO - Sync 1 DAGs
[2025-01-05T23:49:06.376+0000] {logging_mixin.py:190} INFO - [2025-01-05T23:49:06.375+0000] {dag.py:4180} INFO - Setting next_dagrun for example_xcom to 2021-01-01 00:00:00+00:00, run_after=2021-01-01 00:00:00+00:00
[2025-01-05T23:49:06.397+0000] {processor.py:208} INFO - Processing /home/airflow/.local/lib/python3.12/site-packages/airflow/example_dags/example_xcom.py took 0.091 seconds
[2025-01-05T23:49:37.169+0000] {processor.py:186} INFO - Started process (PID=4421) to work on /home/airflow/.local/lib/python3.12/site-packages/airflow/example_dags/example_xcom.py
[2025-01-05T23:49:37.170+0000] {processor.py:914} INFO - Processing file /home/airflow/.local/lib/python3.12/site-packages/airflow/example_dags/example_xcom.py for tasks to queue
[2025-01-05T23:49:37.172+0000] {logging_mixin.py:190} INFO - [2025-01-05T23:49:37.172+0000] {dagbag.py:588} INFO - Filling up the DagBag from /home/airflow/.local/lib/python3.12/site-packages/airflow/example_dags/example_xcom.py
[2025-01-05T23:49:37.180+0000] {processor.py:925} INFO - DAG(s) 'example_xcom' retrieved from /home/airflow/.local/lib/python3.12/site-packages/airflow/example_dags/example_xcom.py
[2025-01-05T23:49:37.200+0000] {logging_mixin.py:190} INFO - [2025-01-05T23:49:37.200+0000] {dag.py:3239} INFO - Sync 1 DAGs
[2025-01-05T23:49:37.220+0000] {logging_mixin.py:190} INFO - [2025-01-05T23:49:37.220+0000] {dag.py:4180} INFO - Setting next_dagrun for example_xcom to 2021-01-01 00:00:00+00:00, run_after=2021-01-01 00:00:00+00:00
[2025-01-05T23:49:37.236+0000] {processor.py:208} INFO - Processing /home/airflow/.local/lib/python3.12/site-packages/airflow/example_dags/example_xcom.py took 0.073 seconds
[2025-01-05T23:50:08.343+0000] {processor.py:186} INFO - Started process (PID=4717) to work on /home/airflow/.local/lib/python3.12/site-packages/airflow/example_dags/example_xcom.py
[2025-01-05T23:50:08.343+0000] {processor.py:914} INFO - Processing file /home/airflow/.local/lib/python3.12/site-packages/airflow/example_dags/example_xcom.py for tasks to queue
[2025-01-05T23:50:08.346+0000] {logging_mixin.py:190} INFO - [2025-01-05T23:50:08.345+0000] {dagbag.py:588} INFO - Filling up the DagBag from /home/airflow/.local/lib/python3.12/site-packages/airflow/example_dags/example_xcom.py
[2025-01-05T23:50:08.354+0000] {processor.py:925} INFO - DAG(s) 'example_xcom' retrieved from /home/airflow/.local/lib/python3.12/site-packages/airflow/example_dags/example_xcom.py
[2025-01-05T23:50:08.370+0000] {logging_mixin.py:190} INFO - [2025-01-05T23:50:08.370+0000] {dag.py:3239} INFO - Sync 1 DAGs
[2025-01-05T23:50:08.393+0000] {logging_mixin.py:190} INFO - [2025-01-05T23:50:08.392+0000] {dag.py:4180} INFO - Setting next_dagrun for example_xcom to 2021-01-01 00:00:00+00:00, run_after=2021-01-01 00:00:00+00:00
[2025-01-05T23:50:08.410+0000] {processor.py:208} INFO - Processing /home/airflow/.local/lib/python3.12/site-packages/airflow/example_dags/example_xcom.py took 0.072 seconds
[2025-01-05T23:50:39.335+0000] {processor.py:186} INFO - Started process (PID=5013) to work on /home/airflow/.local/lib/python3.12/site-packages/airflow/example_dags/example_xcom.py
[2025-01-05T23:50:39.336+0000] {processor.py:914} INFO - Processing file /home/airflow/.local/lib/python3.12/site-packages/airflow/example_dags/example_xcom.py for tasks to queue
[2025-01-05T23:50:39.338+0000] {logging_mixin.py:190} INFO - [2025-01-05T23:50:39.338+0000] {dagbag.py:588} INFO - Filling up the DagBag from /home/airflow/.local/lib/python3.12/site-packages/airflow/example_dags/example_xcom.py
[2025-01-05T23:50:39.350+0000] {processor.py:925} INFO - DAG(s) 'example_xcom' retrieved from /home/airflow/.local/lib/python3.12/site-packages/airflow/example_dags/example_xcom.py
[2025-01-05T23:50:39.379+0000] {logging_mixin.py:190} INFO - [2025-01-05T23:50:39.379+0000] {dag.py:3239} INFO - Sync 1 DAGs
[2025-01-05T23:50:39.404+0000] {logging_mixin.py:190} INFO - [2025-01-05T23:50:39.403+0000] {dag.py:4180} INFO - Setting next_dagrun for example_xcom to 2021-01-01 00:00:00+00:00, run_after=2021-01-01 00:00:00+00:00
[2025-01-05T23:50:39.420+0000] {processor.py:208} INFO - Processing /home/airflow/.local/lib/python3.12/site-packages/airflow/example_dags/example_xcom.py took 0.091 seconds
[2025-01-05T23:51:10.061+0000] {processor.py:186} INFO - Started process (PID=5311) to work on /home/airflow/.local/lib/python3.12/site-packages/airflow/example_dags/example_xcom.py
[2025-01-05T23:51:10.062+0000] {processor.py:914} INFO - Processing file /home/airflow/.local/lib/python3.12/site-packages/airflow/example_dags/example_xcom.py for tasks to queue
[2025-01-05T23:51:10.064+0000] {logging_mixin.py:190} INFO - [2025-01-05T23:51:10.063+0000] {dagbag.py:588} INFO - Filling up the DagBag from /home/airflow/.local/lib/python3.12/site-packages/airflow/example_dags/example_xcom.py
[2025-01-05T23:51:10.071+0000] {processor.py:925} INFO - DAG(s) 'example_xcom' retrieved from /home/airflow/.local/lib/python3.12/site-packages/airflow/example_dags/example_xcom.py
[2025-01-05T23:51:10.088+0000] {logging_mixin.py:190} INFO - [2025-01-05T23:51:10.088+0000] {dag.py:3239} INFO - Sync 1 DAGs
[2025-01-05T23:51:10.105+0000] {logging_mixin.py:190} INFO - [2025-01-05T23:51:10.105+0000] {dag.py:4180} INFO - Setting next_dagrun for example_xcom to 2021-01-01 00:00:00+00:00, run_after=2021-01-01 00:00:00+00:00
[2025-01-05T23:51:10.126+0000] {processor.py:208} INFO - Processing /home/airflow/.local/lib/python3.12/site-packages/airflow/example_dags/example_xcom.py took 0.070 seconds
[2025-01-05T23:51:41.015+0000] {processor.py:186} INFO - Started process (PID=5607) to work on /home/airflow/.local/lib/python3.12/site-packages/airflow/example_dags/example_xcom.py
[2025-01-05T23:51:41.015+0000] {processor.py:914} INFO - Processing file /home/airflow/.local/lib/python3.12/site-packages/airflow/example_dags/example_xcom.py for tasks to queue
[2025-01-05T23:51:41.017+0000] {logging_mixin.py:190} INFO - [2025-01-05T23:51:41.017+0000] {dagbag.py:588} INFO - Filling up the DagBag from /home/airflow/.local/lib/python3.12/site-packages/airflow/example_dags/example_xcom.py
[2025-01-05T23:51:41.025+0000] {processor.py:925} INFO - DAG(s) 'example_xcom' retrieved from /home/airflow/.local/lib/python3.12/site-packages/airflow/example_dags/example_xcom.py
[2025-01-05T23:51:41.042+0000] {logging_mixin.py:190} INFO - [2025-01-05T23:51:41.042+0000] {dag.py:3239} INFO - Sync 1 DAGs
[2025-01-05T23:51:41.057+0000] {logging_mixin.py:190} INFO - [2025-01-05T23:51:41.057+0000] {dag.py:4180} INFO - Setting next_dagrun for example_xcom to 2021-01-01 00:00:00+00:00, run_after=2021-01-01 00:00:00+00:00
[2025-01-05T23:51:41.078+0000] {processor.py:208} INFO - Processing /home/airflow/.local/lib/python3.12/site-packages/airflow/example_dags/example_xcom.py took 0.068 seconds
[2025-01-05T23:52:11.849+0000] {processor.py:186} INFO - Started process (PID=5903) to work on /home/airflow/.local/lib/python3.12/site-packages/airflow/example_dags/example_xcom.py
[2025-01-05T23:52:11.850+0000] {processor.py:914} INFO - Processing file /home/airflow/.local/lib/python3.12/site-packages/airflow/example_dags/example_xcom.py for tasks to queue
[2025-01-05T23:52:11.851+0000] {logging_mixin.py:190} INFO - [2025-01-05T23:52:11.851+0000] {dagbag.py:588} INFO - Filling up the DagBag from /home/airflow/.local/lib/python3.12/site-packages/airflow/example_dags/example_xcom.py
[2025-01-05T23:52:11.859+0000] {processor.py:925} INFO - DAG(s) 'example_xcom' retrieved from /home/airflow/.local/lib/python3.12/site-packages/airflow/example_dags/example_xcom.py
[2025-01-05T23:52:11.876+0000] {logging_mixin.py:190} INFO - [2025-01-05T23:52:11.876+0000] {dag.py:3239} INFO - Sync 1 DAGs
[2025-01-05T23:52:11.892+0000] {logging_mixin.py:190} INFO - [2025-01-05T23:52:11.892+0000] {dag.py:4180} INFO - Setting next_dagrun for example_xcom to 2021-01-01 00:00:00+00:00, run_after=2021-01-01 00:00:00+00:00
[2025-01-05T23:52:11.913+0000] {processor.py:208} INFO - Processing /home/airflow/.local/lib/python3.12/site-packages/airflow/example_dags/example_xcom.py took 0.068 seconds
[2025-01-05T23:52:42.809+0000] {processor.py:186} INFO - Started process (PID=6199) to work on /home/airflow/.local/lib/python3.12/site-packages/airflow/example_dags/example_xcom.py
[2025-01-05T23:52:42.810+0000] {processor.py:914} INFO - Processing file /home/airflow/.local/lib/python3.12/site-packages/airflow/example_dags/example_xcom.py for tasks to queue
[2025-01-05T23:52:42.812+0000] {logging_mixin.py:190} INFO - [2025-01-05T23:52:42.811+0000] {dagbag.py:588} INFO - Filling up the DagBag from /home/airflow/.local/lib/python3.12/site-packages/airflow/example_dags/example_xcom.py
[2025-01-05T23:52:42.819+0000] {processor.py:925} INFO - DAG(s) 'example_xcom' retrieved from /home/airflow/.local/lib/python3.12/site-packages/airflow/example_dags/example_xcom.py
[2025-01-05T23:52:42.836+0000] {logging_mixin.py:190} INFO - [2025-01-05T23:52:42.836+0000] {dag.py:3239} INFO - Sync 1 DAGs
[2025-01-05T23:52:42.853+0000] {logging_mixin.py:190} INFO - [2025-01-05T23:52:42.853+0000] {dag.py:4180} INFO - Setting next_dagrun for example_xcom to 2021-01-01 00:00:00+00:00, run_after=2021-01-01 00:00:00+00:00
[2025-01-05T23:52:42.874+0000] {processor.py:208} INFO - Processing /home/airflow/.local/lib/python3.12/site-packages/airflow/example_dags/example_xcom.py took 0.069 seconds
[2025-01-05T23:53:13.679+0000] {processor.py:186} INFO - Started process (PID=6495) to work on /home/airflow/.local/lib/python3.12/site-packages/airflow/example_dags/example_xcom.py
[2025-01-05T23:53:13.680+0000] {processor.py:914} INFO - Processing file /home/airflow/.local/lib/python3.12/site-packages/airflow/example_dags/example_xcom.py for tasks to queue
[2025-01-05T23:53:13.682+0000] {logging_mixin.py:190} INFO - [2025-01-05T23:53:13.682+0000] {dagbag.py:588} INFO - Filling up the DagBag from /home/airflow/.local/lib/python3.12/site-packages/airflow/example_dags/example_xcom.py
[2025-01-05T23:53:13.689+0000] {processor.py:925} INFO - DAG(s) 'example_xcom' retrieved from /home/airflow/.local/lib/python3.12/site-packages/airflow/example_dags/example_xcom.py
[2025-01-05T23:53:13.706+0000] {logging_mixin.py:190} INFO - [2025-01-05T23:53:13.705+0000] {dag.py:3239} INFO - Sync 1 DAGs
[2025-01-05T23:53:13.723+0000] {logging_mixin.py:190} INFO - [2025-01-05T23:53:13.723+0000] {dag.py:4180} INFO - Setting next_dagrun for example_xcom to 2021-01-01 00:00:00+00:00, run_after=2021-01-01 00:00:00+00:00
[2025-01-05T23:53:13.741+0000] {processor.py:208} INFO - Processing /home/airflow/.local/lib/python3.12/site-packages/airflow/example_dags/example_xcom.py took 0.068 seconds
[2025-01-05T23:53:44.467+0000] {processor.py:186} INFO - Started process (PID=6789) to work on /home/airflow/.local/lib/python3.12/site-packages/airflow/example_dags/example_xcom.py
[2025-01-05T23:53:44.468+0000] {processor.py:914} INFO - Processing file /home/airflow/.local/lib/python3.12/site-packages/airflow/example_dags/example_xcom.py for tasks to queue
[2025-01-05T23:53:44.470+0000] {logging_mixin.py:190} INFO - [2025-01-05T23:53:44.470+0000] {dagbag.py:588} INFO - Filling up the DagBag from /home/airflow/.local/lib/python3.12/site-packages/airflow/example_dags/example_xcom.py
[2025-01-05T23:53:44.480+0000] {processor.py:925} INFO - DAG(s) 'example_xcom' retrieved from /home/airflow/.local/lib/python3.12/site-packages/airflow/example_dags/example_xcom.py
[2025-01-05T23:53:44.503+0000] {logging_mixin.py:190} INFO - [2025-01-05T23:53:44.503+0000] {dag.py:3239} INFO - Sync 1 DAGs
[2025-01-05T23:53:44.523+0000] {logging_mixin.py:190} INFO - [2025-01-05T23:53:44.522+0000] {dag.py:4180} INFO - Setting next_dagrun for example_xcom to 2021-01-01 00:00:00+00:00, run_after=2021-01-01 00:00:00+00:00
[2025-01-05T23:53:44.539+0000] {processor.py:208} INFO - Processing /home/airflow/.local/lib/python3.12/site-packages/airflow/example_dags/example_xcom.py took 0.077 seconds
[2025-01-05T23:54:15.061+0000] {processor.py:186} INFO - Started process (PID=7085) to work on /home/airflow/.local/lib/python3.12/site-packages/airflow/example_dags/example_xcom.py
[2025-01-05T23:54:15.062+0000] {processor.py:914} INFO - Processing file /home/airflow/.local/lib/python3.12/site-packages/airflow/example_dags/example_xcom.py for tasks to queue
[2025-01-05T23:54:15.064+0000] {logging_mixin.py:190} INFO - [2025-01-05T23:54:15.064+0000] {dagbag.py:588} INFO - Filling up the DagBag from /home/airflow/.local/lib/python3.12/site-packages/airflow/example_dags/example_xcom.py
[2025-01-05T23:54:15.072+0000] {processor.py:925} INFO - DAG(s) 'example_xcom' retrieved from /home/airflow/.local/lib/python3.12/site-packages/airflow/example_dags/example_xcom.py
[2025-01-05T23:54:15.090+0000] {logging_mixin.py:190} INFO - [2025-01-05T23:54:15.089+0000] {dag.py:3239} INFO - Sync 1 DAGs
[2025-01-05T23:54:15.110+0000] {logging_mixin.py:190} INFO - [2025-01-05T23:54:15.110+0000] {dag.py:4180} INFO - Setting next_dagrun for example_xcom to 2021-01-01 00:00:00+00:00, run_after=2021-01-01 00:00:00+00:00
[2025-01-05T23:54:15.127+0000] {processor.py:208} INFO - Processing /home/airflow/.local/lib/python3.12/site-packages/airflow/example_dags/example_xcom.py took 0.071 seconds
[2025-01-05T23:54:46.136+0000] {processor.py:186} INFO - Started process (PID=7383) to work on /home/airflow/.local/lib/python3.12/site-packages/airflow/example_dags/example_xcom.py
[2025-01-05T23:54:46.137+0000] {processor.py:914} INFO - Processing file /home/airflow/.local/lib/python3.12/site-packages/airflow/example_dags/example_xcom.py for tasks to queue
[2025-01-05T23:54:46.139+0000] {logging_mixin.py:190} INFO - [2025-01-05T23:54:46.139+0000] {dagbag.py:588} INFO - Filling up the DagBag from /home/airflow/.local/lib/python3.12/site-packages/airflow/example_dags/example_xcom.py
[2025-01-05T23:54:46.146+0000] {processor.py:925} INFO - DAG(s) 'example_xcom' retrieved from /home/airflow/.local/lib/python3.12/site-packages/airflow/example_dags/example_xcom.py
[2025-01-05T23:54:46.162+0000] {logging_mixin.py:190} INFO - [2025-01-05T23:54:46.162+0000] {dag.py:3239} INFO - Sync 1 DAGs
[2025-01-05T23:54:46.178+0000] {logging_mixin.py:190} INFO - [2025-01-05T23:54:46.178+0000] {dag.py:4180} INFO - Setting next_dagrun for example_xcom to 2021-01-01 00:00:00+00:00, run_after=2021-01-01 00:00:00+00:00
[2025-01-05T23:54:46.196+0000] {processor.py:208} INFO - Processing /home/airflow/.local/lib/python3.12/site-packages/airflow/example_dags/example_xcom.py took 0.064 seconds
[2025-01-05T23:55:17.072+0000] {processor.py:186} INFO - Started process (PID=7679) to work on /home/airflow/.local/lib/python3.12/site-packages/airflow/example_dags/example_xcom.py
[2025-01-05T23:55:17.073+0000] {processor.py:914} INFO - Processing file /home/airflow/.local/lib/python3.12/site-packages/airflow/example_dags/example_xcom.py for tasks to queue
[2025-01-05T23:55:17.074+0000] {logging_mixin.py:190} INFO - [2025-01-05T23:55:17.074+0000] {dagbag.py:588} INFO - Filling up the DagBag from /home/airflow/.local/lib/python3.12/site-packages/airflow/example_dags/example_xcom.py
[2025-01-05T23:55:17.082+0000] {processor.py:925} INFO - DAG(s) 'example_xcom' retrieved from /home/airflow/.local/lib/python3.12/site-packages/airflow/example_dags/example_xcom.py
[2025-01-05T23:55:17.099+0000] {logging_mixin.py:190} INFO - [2025-01-05T23:55:17.099+0000] {dag.py:3239} INFO - Sync 1 DAGs
[2025-01-05T23:55:17.119+0000] {logging_mixin.py:190} INFO - [2025-01-05T23:55:17.119+0000] {dag.py:4180} INFO - Setting next_dagrun for example_xcom to 2021-01-01 00:00:00+00:00, run_after=2021-01-01 00:00:00+00:00
[2025-01-05T23:55:17.136+0000] {processor.py:208} INFO - Processing /home/airflow/.local/lib/python3.12/site-packages/airflow/example_dags/example_xcom.py took 0.068 seconds
[2025-01-05T23:55:48.068+0000] {processor.py:186} INFO - Started process (PID=7973) to work on /home/airflow/.local/lib/python3.12/site-packages/airflow/example_dags/example_xcom.py
[2025-01-05T23:55:48.069+0000] {processor.py:914} INFO - Processing file /home/airflow/.local/lib/python3.12/site-packages/airflow/example_dags/example_xcom.py for tasks to queue
[2025-01-05T23:55:48.070+0000] {logging_mixin.py:190} INFO - [2025-01-05T23:55:48.070+0000] {dagbag.py:588} INFO - Filling up the DagBag from /home/airflow/.local/lib/python3.12/site-packages/airflow/example_dags/example_xcom.py
[2025-01-05T23:55:48.077+0000] {processor.py:925} INFO - DAG(s) 'example_xcom' retrieved from /home/airflow/.local/lib/python3.12/site-packages/airflow/example_dags/example_xcom.py
[2025-01-05T23:55:48.094+0000] {logging_mixin.py:190} INFO - [2025-01-05T23:55:48.094+0000] {dag.py:3239} INFO - Sync 1 DAGs
[2025-01-05T23:55:48.111+0000] {logging_mixin.py:190} INFO - [2025-01-05T23:55:48.111+0000] {dag.py:4180} INFO - Setting next_dagrun for example_xcom to 2021-01-01 00:00:00+00:00, run_after=2021-01-01 00:00:00+00:00
[2025-01-05T23:55:48.127+0000] {processor.py:208} INFO - Processing /home/airflow/.local/lib/python3.12/site-packages/airflow/example_dags/example_xcom.py took 0.064 seconds
[2025-01-05T23:56:19.185+0000] {processor.py:186} INFO - Started process (PID=8269) to work on /home/airflow/.local/lib/python3.12/site-packages/airflow/example_dags/example_xcom.py
[2025-01-05T23:56:19.186+0000] {processor.py:914} INFO - Processing file /home/airflow/.local/lib/python3.12/site-packages/airflow/example_dags/example_xcom.py for tasks to queue
[2025-01-05T23:56:19.187+0000] {logging_mixin.py:190} INFO - [2025-01-05T23:56:19.187+0000] {dagbag.py:588} INFO - Filling up the DagBag from /home/airflow/.local/lib/python3.12/site-packages/airflow/example_dags/example_xcom.py
[2025-01-05T23:56:19.195+0000] {processor.py:925} INFO - DAG(s) 'example_xcom' retrieved from /home/airflow/.local/lib/python3.12/site-packages/airflow/example_dags/example_xcom.py
[2025-01-05T23:56:19.213+0000] {logging_mixin.py:190} INFO - [2025-01-05T23:56:19.213+0000] {dag.py:3239} INFO - Sync 1 DAGs
[2025-01-05T23:56:19.231+0000] {logging_mixin.py:190} INFO - [2025-01-05T23:56:19.230+0000] {dag.py:4180} INFO - Setting next_dagrun for example_xcom to 2021-01-01 00:00:00+00:00, run_after=2021-01-01 00:00:00+00:00
[2025-01-05T23:56:19.248+0000] {processor.py:208} INFO - Processing /home/airflow/.local/lib/python3.12/site-packages/airflow/example_dags/example_xcom.py took 0.067 seconds
[2025-01-05T23:56:49.968+0000] {processor.py:186} INFO - Started process (PID=8565) to work on /home/airflow/.local/lib/python3.12/site-packages/airflow/example_dags/example_xcom.py
[2025-01-05T23:56:49.969+0000] {processor.py:914} INFO - Processing file /home/airflow/.local/lib/python3.12/site-packages/airflow/example_dags/example_xcom.py for tasks to queue
[2025-01-05T23:56:49.971+0000] {logging_mixin.py:190} INFO - [2025-01-05T23:56:49.971+0000] {dagbag.py:588} INFO - Filling up the DagBag from /home/airflow/.local/lib/python3.12/site-packages/airflow/example_dags/example_xcom.py
[2025-01-05T23:56:49.979+0000] {processor.py:925} INFO - DAG(s) 'example_xcom' retrieved from /home/airflow/.local/lib/python3.12/site-packages/airflow/example_dags/example_xcom.py
[2025-01-05T23:56:49.995+0000] {logging_mixin.py:190} INFO - [2025-01-05T23:56:49.995+0000] {dag.py:3239} INFO - Sync 1 DAGs
[2025-01-05T23:56:50.016+0000] {logging_mixin.py:190} INFO - [2025-01-05T23:56:50.016+0000] {dag.py:4180} INFO - Setting next_dagrun for example_xcom to 2021-01-01 00:00:00+00:00, run_after=2021-01-01 00:00:00+00:00
[2025-01-05T23:56:50.036+0000] {processor.py:208} INFO - Processing /home/airflow/.local/lib/python3.12/site-packages/airflow/example_dags/example_xcom.py took 0.072 seconds
[2025-01-05T23:57:20.570+0000] {processor.py:186} INFO - Started process (PID=8861) to work on /home/airflow/.local/lib/python3.12/site-packages/airflow/example_dags/example_xcom.py
[2025-01-05T23:57:20.571+0000] {processor.py:914} INFO - Processing file /home/airflow/.local/lib/python3.12/site-packages/airflow/example_dags/example_xcom.py for tasks to queue
[2025-01-05T23:57:20.573+0000] {logging_mixin.py:190} INFO - [2025-01-05T23:57:20.573+0000] {dagbag.py:588} INFO - Filling up the DagBag from /home/airflow/.local/lib/python3.12/site-packages/airflow/example_dags/example_xcom.py
[2025-01-05T23:57:20.580+0000] {processor.py:925} INFO - DAG(s) 'example_xcom' retrieved from /home/airflow/.local/lib/python3.12/site-packages/airflow/example_dags/example_xcom.py
[2025-01-05T23:57:20.598+0000] {logging_mixin.py:190} INFO - [2025-01-05T23:57:20.598+0000] {dag.py:3239} INFO - Sync 1 DAGs
[2025-01-05T23:57:20.615+0000] {logging_mixin.py:190} INFO - [2025-01-05T23:57:20.615+0000] {dag.py:4180} INFO - Setting next_dagrun for example_xcom to 2021-01-01 00:00:00+00:00, run_after=2021-01-01 00:00:00+00:00
[2025-01-05T23:57:20.632+0000] {processor.py:208} INFO - Processing /home/airflow/.local/lib/python3.12/site-packages/airflow/example_dags/example_xcom.py took 0.067 seconds
[2025-01-05T23:57:51.296+0000] {processor.py:186} INFO - Started process (PID=9157) to work on /home/airflow/.local/lib/python3.12/site-packages/airflow/example_dags/example_xcom.py
[2025-01-05T23:57:51.297+0000] {processor.py:914} INFO - Processing file /home/airflow/.local/lib/python3.12/site-packages/airflow/example_dags/example_xcom.py for tasks to queue
[2025-01-05T23:57:51.300+0000] {logging_mixin.py:190} INFO - [2025-01-05T23:57:51.299+0000] {dagbag.py:588} INFO - Filling up the DagBag from /home/airflow/.local/lib/python3.12/site-packages/airflow/example_dags/example_xcom.py
[2025-01-05T23:57:51.308+0000] {processor.py:925} INFO - DAG(s) 'example_xcom' retrieved from /home/airflow/.local/lib/python3.12/site-packages/airflow/example_dags/example_xcom.py
[2025-01-05T23:57:51.327+0000] {logging_mixin.py:190} INFO - [2025-01-05T23:57:51.326+0000] {dag.py:3239} INFO - Sync 1 DAGs
[2025-01-05T23:57:51.347+0000] {logging_mixin.py:190} INFO - [2025-01-05T23:57:51.347+0000] {dag.py:4180} INFO - Setting next_dagrun for example_xcom to 2021-01-01 00:00:00+00:00, run_after=2021-01-01 00:00:00+00:00
[2025-01-05T23:57:51.364+0000] {processor.py:208} INFO - Processing /home/airflow/.local/lib/python3.12/site-packages/airflow/example_dags/example_xcom.py took 0.074 seconds
[2025-01-05T23:58:21.860+0000] {processor.py:186} INFO - Started process (PID=9453) to work on /home/airflow/.local/lib/python3.12/site-packages/airflow/example_dags/example_xcom.py
[2025-01-05T23:58:21.861+0000] {processor.py:914} INFO - Processing file /home/airflow/.local/lib/python3.12/site-packages/airflow/example_dags/example_xcom.py for tasks to queue
[2025-01-05T23:58:21.863+0000] {logging_mixin.py:190} INFO - [2025-01-05T23:58:21.862+0000] {dagbag.py:588} INFO - Filling up the DagBag from /home/airflow/.local/lib/python3.12/site-packages/airflow/example_dags/example_xcom.py
[2025-01-05T23:58:21.870+0000] {processor.py:925} INFO - DAG(s) 'example_xcom' retrieved from /home/airflow/.local/lib/python3.12/site-packages/airflow/example_dags/example_xcom.py
[2025-01-05T23:58:21.887+0000] {logging_mixin.py:190} INFO - [2025-01-05T23:58:21.887+0000] {dag.py:3239} INFO - Sync 1 DAGs
[2025-01-05T23:58:21.904+0000] {logging_mixin.py:190} INFO - [2025-01-05T23:58:21.904+0000] {dag.py:4180} INFO - Setting next_dagrun for example_xcom to 2021-01-01 00:00:00+00:00, run_after=2021-01-01 00:00:00+00:00
[2025-01-05T23:58:21.923+0000] {processor.py:208} INFO - Processing /home/airflow/.local/lib/python3.12/site-packages/airflow/example_dags/example_xcom.py took 0.068 seconds
[2025-01-05T23:58:52.446+0000] {processor.py:186} INFO - Started process (PID=9755) to work on /home/airflow/.local/lib/python3.12/site-packages/airflow/example_dags/example_xcom.py
[2025-01-05T23:58:52.448+0000] {processor.py:914} INFO - Processing file /home/airflow/.local/lib/python3.12/site-packages/airflow/example_dags/example_xcom.py for tasks to queue
[2025-01-05T23:58:52.450+0000] {logging_mixin.py:190} INFO - [2025-01-05T23:58:52.450+0000] {dagbag.py:588} INFO - Filling up the DagBag from /home/airflow/.local/lib/python3.12/site-packages/airflow/example_dags/example_xcom.py
[2025-01-05T23:58:52.457+0000] {processor.py:925} INFO - DAG(s) 'example_xcom' retrieved from /home/airflow/.local/lib/python3.12/site-packages/airflow/example_dags/example_xcom.py
[2025-01-05T23:58:52.475+0000] {logging_mixin.py:190} INFO - [2025-01-05T23:58:52.475+0000] {dag.py:3239} INFO - Sync 1 DAGs
[2025-01-05T23:58:52.492+0000] {logging_mixin.py:190} INFO - [2025-01-05T23:58:52.492+0000] {dag.py:4180} INFO - Setting next_dagrun for example_xcom to 2021-01-01 00:00:00+00:00, run_after=2021-01-01 00:00:00+00:00
[2025-01-05T23:58:52.508+0000] {processor.py:208} INFO - Processing /home/airflow/.local/lib/python3.12/site-packages/airflow/example_dags/example_xcom.py took 0.065 seconds
[2025-01-05T23:59:23.122+0000] {processor.py:186} INFO - Started process (PID=10052) to work on /home/airflow/.local/lib/python3.12/site-packages/airflow/example_dags/example_xcom.py
[2025-01-05T23:59:23.123+0000] {processor.py:914} INFO - Processing file /home/airflow/.local/lib/python3.12/site-packages/airflow/example_dags/example_xcom.py for tasks to queue
[2025-01-05T23:59:23.126+0000] {logging_mixin.py:190} INFO - [2025-01-05T23:59:23.125+0000] {dagbag.py:588} INFO - Filling up the DagBag from /home/airflow/.local/lib/python3.12/site-packages/airflow/example_dags/example_xcom.py
[2025-01-05T23:59:23.133+0000] {processor.py:925} INFO - DAG(s) 'example_xcom' retrieved from /home/airflow/.local/lib/python3.12/site-packages/airflow/example_dags/example_xcom.py
[2025-01-05T23:59:23.151+0000] {logging_mixin.py:190} INFO - [2025-01-05T23:59:23.151+0000] {dag.py:3239} INFO - Sync 1 DAGs
[2025-01-05T23:59:23.169+0000] {logging_mixin.py:190} INFO - [2025-01-05T23:59:23.169+0000] {dag.py:4180} INFO - Setting next_dagrun for example_xcom to 2021-01-01 00:00:00+00:00, run_after=2021-01-01 00:00:00+00:00
[2025-01-05T23:59:23.190+0000] {processor.py:208} INFO - Processing /home/airflow/.local/lib/python3.12/site-packages/airflow/example_dags/example_xcom.py took 0.072 seconds
[2025-01-05T23:59:53.939+0000] {processor.py:186} INFO - Started process (PID=10345) to work on /home/airflow/.local/lib/python3.12/site-packages/airflow/example_dags/example_xcom.py
[2025-01-05T23:59:53.940+0000] {processor.py:914} INFO - Processing file /home/airflow/.local/lib/python3.12/site-packages/airflow/example_dags/example_xcom.py for tasks to queue
[2025-01-05T23:59:53.942+0000] {logging_mixin.py:190} INFO - [2025-01-05T23:59:53.941+0000] {dagbag.py:588} INFO - Filling up the DagBag from /home/airflow/.local/lib/python3.12/site-packages/airflow/example_dags/example_xcom.py
[2025-01-05T23:59:53.949+0000] {processor.py:925} INFO - DAG(s) 'example_xcom' retrieved from /home/airflow/.local/lib/python3.12/site-packages/airflow/example_dags/example_xcom.py
[2025-01-05T23:59:53.966+0000] {logging_mixin.py:190} INFO - [2025-01-05T23:59:53.966+0000] {dag.py:3239} INFO - Sync 1 DAGs
[2025-01-05T23:59:53.985+0000] {logging_mixin.py:190} INFO - [2025-01-05T23:59:53.985+0000] {dag.py:4180} INFO - Setting next_dagrun for example_xcom to 2021-01-01 00:00:00+00:00, run_after=2021-01-01 00:00:00+00:00
[2025-01-05T23:59:54.001+0000] {processor.py:208} INFO - Processing /home/airflow/.local/lib/python3.12/site-packages/airflow/example_dags/example_xcom.py took 0.067 seconds
