[2025-01-05T23:42:26.105+0000] {processor.py:186} INFO - Started process (PID=324) to work on /home/airflow/.local/lib/python3.12/site-packages/airflow/example_dags/example_branch_labels.py
[2025-01-05T23:42:26.111+0000] {processor.py:914} INFO - Processing file /home/airflow/.local/lib/python3.12/site-packages/airflow/example_dags/example_branch_labels.py for tasks to queue
[2025-01-05T23:42:26.123+0000] {logging_mixin.py:190} INFO - [2025-01-05T23:42:26.122+0000] {dagbag.py:588} INFO - Filling up the DagBag from /home/airflow/.local/lib/python3.12/site-packages/airflow/example_dags/example_branch_labels.py
[2025-01-05T23:42:26.146+0000] {processor.py:925} INFO - DAG(s) 'example_branch_labels' retrieved from /home/airflow/.local/lib/python3.12/site-packages/airflow/example_dags/example_branch_labels.py
[2025-01-05T23:42:26.197+0000] {logging_mixin.py:190} INFO - [2025-01-05T23:42:26.196+0000] {dag.py:3239} INFO - Sync 1 DAGs
[2025-01-05T23:42:26.244+0000] {logging_mixin.py:190} INFO - [2025-01-05T23:42:26.242+0000] {dag.py:4180} INFO - Setting next_dagrun for example_branch_labels to 2025-01-04 00:00:00+00:00, run_after=2025-01-05 00:00:00+00:00
[2025-01-05T23:42:26.283+0000] {processor.py:208} INFO - Processing /home/airflow/.local/lib/python3.12/site-packages/airflow/example_dags/example_branch_labels.py took 0.187 seconds
[2025-01-05T23:42:57.143+0000] {processor.py:186} INFO - Started process (PID=618) to work on /home/airflow/.local/lib/python3.12/site-packages/airflow/example_dags/example_branch_labels.py
[2025-01-05T23:42:57.145+0000] {processor.py:914} INFO - Processing file /home/airflow/.local/lib/python3.12/site-packages/airflow/example_dags/example_branch_labels.py for tasks to queue
[2025-01-05T23:42:57.148+0000] {logging_mixin.py:190} INFO - [2025-01-05T23:42:57.148+0000] {dagbag.py:588} INFO - Filling up the DagBag from /home/airflow/.local/lib/python3.12/site-packages/airflow/example_dags/example_branch_labels.py
[2025-01-05T23:42:57.169+0000] {processor.py:925} INFO - DAG(s) 'example_branch_labels' retrieved from /home/airflow/.local/lib/python3.12/site-packages/airflow/example_dags/example_branch_labels.py
[2025-01-05T23:42:57.199+0000] {logging_mixin.py:190} INFO - [2025-01-05T23:42:57.199+0000] {dag.py:3239} INFO - Sync 1 DAGs
[2025-01-05T23:42:57.236+0000] {logging_mixin.py:190} INFO - [2025-01-05T23:42:57.236+0000] {dag.py:4180} INFO - Setting next_dagrun for example_branch_labels to 2025-01-04 00:00:00+00:00, run_after=2025-01-05 00:00:00+00:00
[2025-01-05T23:42:57.258+0000] {processor.py:208} INFO - Processing /home/airflow/.local/lib/python3.12/site-packages/airflow/example_dags/example_branch_labels.py took 0.123 seconds
[2025-01-05T23:43:27.371+0000] {processor.py:186} INFO - Started process (PID=909) to work on /home/airflow/.local/lib/python3.12/site-packages/airflow/example_dags/example_branch_labels.py
[2025-01-05T23:43:27.372+0000] {processor.py:914} INFO - Processing file /home/airflow/.local/lib/python3.12/site-packages/airflow/example_dags/example_branch_labels.py for tasks to queue
[2025-01-05T23:43:27.374+0000] {logging_mixin.py:190} INFO - [2025-01-05T23:43:27.374+0000] {dagbag.py:588} INFO - Filling up the DagBag from /home/airflow/.local/lib/python3.12/site-packages/airflow/example_dags/example_branch_labels.py
[2025-01-05T23:43:27.381+0000] {processor.py:925} INFO - DAG(s) 'example_branch_labels' retrieved from /home/airflow/.local/lib/python3.12/site-packages/airflow/example_dags/example_branch_labels.py
[2025-01-05T23:43:27.405+0000] {logging_mixin.py:190} INFO - [2025-01-05T23:43:27.405+0000] {dag.py:3239} INFO - Sync 1 DAGs
[2025-01-05T23:43:27.430+0000] {logging_mixin.py:190} INFO - [2025-01-05T23:43:27.430+0000] {dag.py:4180} INFO - Setting next_dagrun for example_branch_labels to 2025-01-04 00:00:00+00:00, run_after=2025-01-05 00:00:00+00:00
[2025-01-05T23:43:27.449+0000] {processor.py:208} INFO - Processing /home/airflow/.local/lib/python3.12/site-packages/airflow/example_dags/example_branch_labels.py took 0.082 seconds
[2025-01-05T23:43:58.374+0000] {processor.py:186} INFO - Started process (PID=1207) to work on /home/airflow/.local/lib/python3.12/site-packages/airflow/example_dags/example_branch_labels.py
[2025-01-05T23:43:58.374+0000] {processor.py:914} INFO - Processing file /home/airflow/.local/lib/python3.12/site-packages/airflow/example_dags/example_branch_labels.py for tasks to queue
[2025-01-05T23:43:58.376+0000] {logging_mixin.py:190} INFO - [2025-01-05T23:43:58.376+0000] {dagbag.py:588} INFO - Filling up the DagBag from /home/airflow/.local/lib/python3.12/site-packages/airflow/example_dags/example_branch_labels.py
[2025-01-05T23:43:58.384+0000] {processor.py:925} INFO - DAG(s) 'example_branch_labels' retrieved from /home/airflow/.local/lib/python3.12/site-packages/airflow/example_dags/example_branch_labels.py
[2025-01-05T23:43:58.400+0000] {logging_mixin.py:190} INFO - [2025-01-05T23:43:58.400+0000] {dag.py:3239} INFO - Sync 1 DAGs
[2025-01-05T23:43:58.419+0000] {logging_mixin.py:190} INFO - [2025-01-05T23:43:58.418+0000] {dag.py:4180} INFO - Setting next_dagrun for example_branch_labels to 2025-01-04 00:00:00+00:00, run_after=2025-01-05 00:00:00+00:00
[2025-01-05T23:43:58.435+0000] {processor.py:208} INFO - Processing /home/airflow/.local/lib/python3.12/site-packages/airflow/example_dags/example_branch_labels.py took 0.066 seconds
[2025-01-05T23:44:29.035+0000] {processor.py:186} INFO - Started process (PID=1503) to work on /home/airflow/.local/lib/python3.12/site-packages/airflow/example_dags/example_branch_labels.py
[2025-01-05T23:44:29.036+0000] {processor.py:914} INFO - Processing file /home/airflow/.local/lib/python3.12/site-packages/airflow/example_dags/example_branch_labels.py for tasks to queue
[2025-01-05T23:44:29.038+0000] {logging_mixin.py:190} INFO - [2025-01-05T23:44:29.038+0000] {dagbag.py:588} INFO - Filling up the DagBag from /home/airflow/.local/lib/python3.12/site-packages/airflow/example_dags/example_branch_labels.py
[2025-01-05T23:44:29.045+0000] {processor.py:925} INFO - DAG(s) 'example_branch_labels' retrieved from /home/airflow/.local/lib/python3.12/site-packages/airflow/example_dags/example_branch_labels.py
[2025-01-05T23:44:29.062+0000] {logging_mixin.py:190} INFO - [2025-01-05T23:44:29.062+0000] {dag.py:3239} INFO - Sync 1 DAGs
[2025-01-05T23:44:29.080+0000] {logging_mixin.py:190} INFO - [2025-01-05T23:44:29.080+0000] {dag.py:4180} INFO - Setting next_dagrun for example_branch_labels to 2025-01-04 00:00:00+00:00, run_after=2025-01-05 00:00:00+00:00
[2025-01-05T23:44:29.095+0000] {processor.py:208} INFO - Processing /home/airflow/.local/lib/python3.12/site-packages/airflow/example_dags/example_branch_labels.py took 0.066 seconds
[2025-01-05T23:44:59.747+0000] {processor.py:186} INFO - Started process (PID=1799) to work on /home/airflow/.local/lib/python3.12/site-packages/airflow/example_dags/example_branch_labels.py
[2025-01-05T23:44:59.749+0000] {processor.py:914} INFO - Processing file /home/airflow/.local/lib/python3.12/site-packages/airflow/example_dags/example_branch_labels.py for tasks to queue
[2025-01-05T23:44:59.751+0000] {logging_mixin.py:190} INFO - [2025-01-05T23:44:59.750+0000] {dagbag.py:588} INFO - Filling up the DagBag from /home/airflow/.local/lib/python3.12/site-packages/airflow/example_dags/example_branch_labels.py
[2025-01-05T23:44:59.758+0000] {processor.py:925} INFO - DAG(s) 'example_branch_labels' retrieved from /home/airflow/.local/lib/python3.12/site-packages/airflow/example_dags/example_branch_labels.py
[2025-01-05T23:44:59.776+0000] {logging_mixin.py:190} INFO - [2025-01-05T23:44:59.776+0000] {dag.py:3239} INFO - Sync 1 DAGs
[2025-01-05T23:44:59.798+0000] {logging_mixin.py:190} INFO - [2025-01-05T23:44:59.798+0000] {dag.py:4180} INFO - Setting next_dagrun for example_branch_labels to 2025-01-04 00:00:00+00:00, run_after=2025-01-05 00:00:00+00:00
[2025-01-05T23:44:59.819+0000] {processor.py:208} INFO - Processing /home/airflow/.local/lib/python3.12/site-packages/airflow/example_dags/example_branch_labels.py took 0.076 seconds
[2025-01-05T23:45:30.445+0000] {processor.py:186} INFO - Started process (PID=2095) to work on /home/airflow/.local/lib/python3.12/site-packages/airflow/example_dags/example_branch_labels.py
[2025-01-05T23:45:30.446+0000] {processor.py:914} INFO - Processing file /home/airflow/.local/lib/python3.12/site-packages/airflow/example_dags/example_branch_labels.py for tasks to queue
[2025-01-05T23:45:30.448+0000] {logging_mixin.py:190} INFO - [2025-01-05T23:45:30.447+0000] {dagbag.py:588} INFO - Filling up the DagBag from /home/airflow/.local/lib/python3.12/site-packages/airflow/example_dags/example_branch_labels.py
[2025-01-05T23:45:30.455+0000] {processor.py:925} INFO - DAG(s) 'example_branch_labels' retrieved from /home/airflow/.local/lib/python3.12/site-packages/airflow/example_dags/example_branch_labels.py
[2025-01-05T23:45:30.473+0000] {logging_mixin.py:190} INFO - [2025-01-05T23:45:30.472+0000] {dag.py:3239} INFO - Sync 1 DAGs
[2025-01-05T23:45:30.492+0000] {logging_mixin.py:190} INFO - [2025-01-05T23:45:30.492+0000] {dag.py:4180} INFO - Setting next_dagrun for example_branch_labels to 2025-01-04 00:00:00+00:00, run_after=2025-01-05 00:00:00+00:00
[2025-01-05T23:45:30.507+0000] {processor.py:208} INFO - Processing /home/airflow/.local/lib/python3.12/site-packages/airflow/example_dags/example_branch_labels.py took 0.067 seconds
[2025-01-05T23:46:02.510+0000] {processor.py:186} INFO - Started process (PID=2389) to work on /home/airflow/.local/lib/python3.12/site-packages/airflow/example_dags/example_branch_labels.py
[2025-01-05T23:46:02.518+0000] {processor.py:914} INFO - Processing file /home/airflow/.local/lib/python3.12/site-packages/airflow/example_dags/example_branch_labels.py for tasks to queue
[2025-01-05T23:46:02.524+0000] {logging_mixin.py:190} INFO - [2025-01-05T23:46:02.524+0000] {dagbag.py:588} INFO - Filling up the DagBag from /home/airflow/.local/lib/python3.12/site-packages/airflow/example_dags/example_branch_labels.py
[2025-01-05T23:46:02.545+0000] {processor.py:925} INFO - DAG(s) 'example_branch_labels' retrieved from /home/airflow/.local/lib/python3.12/site-packages/airflow/example_dags/example_branch_labels.py
[2025-01-05T23:46:02.594+0000] {logging_mixin.py:190} INFO - [2025-01-05T23:46:02.594+0000] {dag.py:3239} INFO - Sync 1 DAGs
[2025-01-05T23:46:02.695+0000] {logging_mixin.py:190} INFO - [2025-01-05T23:46:02.695+0000] {dag.py:4180} INFO - Setting next_dagrun for example_branch_labels to 2025-01-04 00:00:00+00:00, run_after=2025-01-05 00:00:00+00:00
[2025-01-05T23:46:02.762+0000] {processor.py:208} INFO - Processing /home/airflow/.local/lib/python3.12/site-packages/airflow/example_dags/example_branch_labels.py took 0.269 seconds
[2025-01-05T23:46:33.299+0000] {processor.py:186} INFO - Started process (PID=2687) to work on /home/airflow/.local/lib/python3.12/site-packages/airflow/example_dags/example_branch_labels.py
[2025-01-05T23:46:33.300+0000] {processor.py:914} INFO - Processing file /home/airflow/.local/lib/python3.12/site-packages/airflow/example_dags/example_branch_labels.py for tasks to queue
[2025-01-05T23:46:33.303+0000] {logging_mixin.py:190} INFO - [2025-01-05T23:46:33.302+0000] {dagbag.py:588} INFO - Filling up the DagBag from /home/airflow/.local/lib/python3.12/site-packages/airflow/example_dags/example_branch_labels.py
[2025-01-05T23:46:33.312+0000] {processor.py:925} INFO - DAG(s) 'example_branch_labels' retrieved from /home/airflow/.local/lib/python3.12/site-packages/airflow/example_dags/example_branch_labels.py
[2025-01-05T23:46:33.330+0000] {logging_mixin.py:190} INFO - [2025-01-05T23:46:33.330+0000] {dag.py:3239} INFO - Sync 1 DAGs
[2025-01-05T23:46:33.352+0000] {logging_mixin.py:190} INFO - [2025-01-05T23:46:33.352+0000] {dag.py:4180} INFO - Setting next_dagrun for example_branch_labels to 2025-01-04 00:00:00+00:00, run_after=2025-01-05 00:00:00+00:00
[2025-01-05T23:46:33.368+0000] {processor.py:208} INFO - Processing /home/airflow/.local/lib/python3.12/site-packages/airflow/example_dags/example_branch_labels.py took 0.073 seconds
[2025-01-05T23:47:03.844+0000] {processor.py:186} INFO - Started process (PID=2983) to work on /home/airflow/.local/lib/python3.12/site-packages/airflow/example_dags/example_branch_labels.py
[2025-01-05T23:47:03.845+0000] {processor.py:914} INFO - Processing file /home/airflow/.local/lib/python3.12/site-packages/airflow/example_dags/example_branch_labels.py for tasks to queue
[2025-01-05T23:47:03.847+0000] {logging_mixin.py:190} INFO - [2025-01-05T23:47:03.847+0000] {dagbag.py:588} INFO - Filling up the DagBag from /home/airflow/.local/lib/python3.12/site-packages/airflow/example_dags/example_branch_labels.py
[2025-01-05T23:47:03.855+0000] {processor.py:925} INFO - DAG(s) 'example_branch_labels' retrieved from /home/airflow/.local/lib/python3.12/site-packages/airflow/example_dags/example_branch_labels.py
[2025-01-05T23:47:03.872+0000] {logging_mixin.py:190} INFO - [2025-01-05T23:47:03.871+0000] {dag.py:3239} INFO - Sync 1 DAGs
[2025-01-05T23:47:03.889+0000] {logging_mixin.py:190} INFO - [2025-01-05T23:47:03.889+0000] {dag.py:4180} INFO - Setting next_dagrun for example_branch_labels to 2025-01-04 00:00:00+00:00, run_after=2025-01-05 00:00:00+00:00
[2025-01-05T23:47:03.907+0000] {processor.py:208} INFO - Processing /home/airflow/.local/lib/python3.12/site-packages/airflow/example_dags/example_branch_labels.py took 0.067 seconds
[2025-01-05T23:47:34.636+0000] {processor.py:186} INFO - Started process (PID=3279) to work on /home/airflow/.local/lib/python3.12/site-packages/airflow/example_dags/example_branch_labels.py
[2025-01-05T23:47:34.637+0000] {processor.py:914} INFO - Processing file /home/airflow/.local/lib/python3.12/site-packages/airflow/example_dags/example_branch_labels.py for tasks to queue
[2025-01-05T23:47:34.639+0000] {logging_mixin.py:190} INFO - [2025-01-05T23:47:34.639+0000] {dagbag.py:588} INFO - Filling up the DagBag from /home/airflow/.local/lib/python3.12/site-packages/airflow/example_dags/example_branch_labels.py
[2025-01-05T23:47:34.647+0000] {processor.py:925} INFO - DAG(s) 'example_branch_labels' retrieved from /home/airflow/.local/lib/python3.12/site-packages/airflow/example_dags/example_branch_labels.py
[2025-01-05T23:47:34.664+0000] {logging_mixin.py:190} INFO - [2025-01-05T23:47:34.664+0000] {dag.py:3239} INFO - Sync 1 DAGs
[2025-01-05T23:47:34.684+0000] {logging_mixin.py:190} INFO - [2025-01-05T23:47:34.683+0000] {dag.py:4180} INFO - Setting next_dagrun for example_branch_labels to 2025-01-04 00:00:00+00:00, run_after=2025-01-05 00:00:00+00:00
[2025-01-05T23:47:34.698+0000] {processor.py:208} INFO - Processing /home/airflow/.local/lib/python3.12/site-packages/airflow/example_dags/example_branch_labels.py took 0.067 seconds
[2025-01-05T23:48:05.324+0000] {processor.py:186} INFO - Started process (PID=3575) to work on /home/airflow/.local/lib/python3.12/site-packages/airflow/example_dags/example_branch_labels.py
[2025-01-05T23:48:05.325+0000] {processor.py:914} INFO - Processing file /home/airflow/.local/lib/python3.12/site-packages/airflow/example_dags/example_branch_labels.py for tasks to queue
[2025-01-05T23:48:05.327+0000] {logging_mixin.py:190} INFO - [2025-01-05T23:48:05.327+0000] {dagbag.py:588} INFO - Filling up the DagBag from /home/airflow/.local/lib/python3.12/site-packages/airflow/example_dags/example_branch_labels.py
[2025-01-05T23:48:05.334+0000] {processor.py:925} INFO - DAG(s) 'example_branch_labels' retrieved from /home/airflow/.local/lib/python3.12/site-packages/airflow/example_dags/example_branch_labels.py
[2025-01-05T23:48:05.351+0000] {logging_mixin.py:190} INFO - [2025-01-05T23:48:05.351+0000] {dag.py:3239} INFO - Sync 1 DAGs
[2025-01-05T23:48:05.369+0000] {logging_mixin.py:190} INFO - [2025-01-05T23:48:05.369+0000] {dag.py:4180} INFO - Setting next_dagrun for example_branch_labels to 2025-01-04 00:00:00+00:00, run_after=2025-01-05 00:00:00+00:00
[2025-01-05T23:48:05.386+0000] {processor.py:208} INFO - Processing /home/airflow/.local/lib/python3.12/site-packages/airflow/example_dags/example_branch_labels.py took 0.066 seconds
[2025-01-05T23:48:36.137+0000] {processor.py:186} INFO - Started process (PID=3871) to work on /home/airflow/.local/lib/python3.12/site-packages/airflow/example_dags/example_branch_labels.py
[2025-01-05T23:48:36.138+0000] {processor.py:914} INFO - Processing file /home/airflow/.local/lib/python3.12/site-packages/airflow/example_dags/example_branch_labels.py for tasks to queue
[2025-01-05T23:48:36.142+0000] {logging_mixin.py:190} INFO - [2025-01-05T23:48:36.140+0000] {dagbag.py:588} INFO - Filling up the DagBag from /home/airflow/.local/lib/python3.12/site-packages/airflow/example_dags/example_branch_labels.py
[2025-01-05T23:48:36.153+0000] {processor.py:925} INFO - DAG(s) 'example_branch_labels' retrieved from /home/airflow/.local/lib/python3.12/site-packages/airflow/example_dags/example_branch_labels.py
[2025-01-05T23:48:36.177+0000] {logging_mixin.py:190} INFO - [2025-01-05T23:48:36.176+0000] {dag.py:3239} INFO - Sync 1 DAGs
[2025-01-05T23:48:36.206+0000] {logging_mixin.py:190} INFO - [2025-01-05T23:48:36.206+0000] {dag.py:4180} INFO - Setting next_dagrun for example_branch_labels to 2025-01-04 00:00:00+00:00, run_after=2025-01-05 00:00:00+00:00
[2025-01-05T23:48:36.229+0000] {processor.py:208} INFO - Processing /home/airflow/.local/lib/python3.12/site-packages/airflow/example_dags/example_branch_labels.py took 0.099 seconds
[2025-01-05T23:49:06.951+0000] {processor.py:186} INFO - Started process (PID=4167) to work on /home/airflow/.local/lib/python3.12/site-packages/airflow/example_dags/example_branch_labels.py
[2025-01-05T23:49:06.952+0000] {processor.py:914} INFO - Processing file /home/airflow/.local/lib/python3.12/site-packages/airflow/example_dags/example_branch_labels.py for tasks to queue
[2025-01-05T23:49:06.955+0000] {logging_mixin.py:190} INFO - [2025-01-05T23:49:06.954+0000] {dagbag.py:588} INFO - Filling up the DagBag from /home/airflow/.local/lib/python3.12/site-packages/airflow/example_dags/example_branch_labels.py
[2025-01-05T23:49:06.963+0000] {processor.py:925} INFO - DAG(s) 'example_branch_labels' retrieved from /home/airflow/.local/lib/python3.12/site-packages/airflow/example_dags/example_branch_labels.py
[2025-01-05T23:49:06.985+0000] {logging_mixin.py:190} INFO - [2025-01-05T23:49:06.985+0000] {dag.py:3239} INFO - Sync 1 DAGs
[2025-01-05T23:49:07.005+0000] {logging_mixin.py:190} INFO - [2025-01-05T23:49:07.005+0000] {dag.py:4180} INFO - Setting next_dagrun for example_branch_labels to 2025-01-04 00:00:00+00:00, run_after=2025-01-05 00:00:00+00:00
[2025-01-05T23:49:07.022+0000] {processor.py:208} INFO - Processing /home/airflow/.local/lib/python3.12/site-packages/airflow/example_dags/example_branch_labels.py took 0.076 seconds
[2025-01-05T23:49:37.795+0000] {processor.py:186} INFO - Started process (PID=4468) to work on /home/airflow/.local/lib/python3.12/site-packages/airflow/example_dags/example_branch_labels.py
[2025-01-05T23:49:37.796+0000] {processor.py:914} INFO - Processing file /home/airflow/.local/lib/python3.12/site-packages/airflow/example_dags/example_branch_labels.py for tasks to queue
[2025-01-05T23:49:37.798+0000] {logging_mixin.py:190} INFO - [2025-01-05T23:49:37.798+0000] {dagbag.py:588} INFO - Filling up the DagBag from /home/airflow/.local/lib/python3.12/site-packages/airflow/example_dags/example_branch_labels.py
[2025-01-05T23:49:37.806+0000] {processor.py:925} INFO - DAG(s) 'example_branch_labels' retrieved from /home/airflow/.local/lib/python3.12/site-packages/airflow/example_dags/example_branch_labels.py
[2025-01-05T23:49:37.823+0000] {logging_mixin.py:190} INFO - [2025-01-05T23:49:37.823+0000] {dag.py:3239} INFO - Sync 1 DAGs
[2025-01-05T23:49:37.843+0000] {logging_mixin.py:190} INFO - [2025-01-05T23:49:37.843+0000] {dag.py:4180} INFO - Setting next_dagrun for example_branch_labels to 2025-01-04 00:00:00+00:00, run_after=2025-01-05 00:00:00+00:00
[2025-01-05T23:49:37.860+0000] {processor.py:208} INFO - Processing /home/airflow/.local/lib/python3.12/site-packages/airflow/example_dags/example_branch_labels.py took 0.069 seconds
[2025-01-05T23:50:08.748+0000] {processor.py:186} INFO - Started process (PID=4757) to work on /home/airflow/.local/lib/python3.12/site-packages/airflow/example_dags/example_branch_labels.py
[2025-01-05T23:50:08.749+0000] {processor.py:914} INFO - Processing file /home/airflow/.local/lib/python3.12/site-packages/airflow/example_dags/example_branch_labels.py for tasks to queue
[2025-01-05T23:50:08.752+0000] {logging_mixin.py:190} INFO - [2025-01-05T23:50:08.751+0000] {dagbag.py:588} INFO - Filling up the DagBag from /home/airflow/.local/lib/python3.12/site-packages/airflow/example_dags/example_branch_labels.py
[2025-01-05T23:50:08.762+0000] {processor.py:925} INFO - DAG(s) 'example_branch_labels' retrieved from /home/airflow/.local/lib/python3.12/site-packages/airflow/example_dags/example_branch_labels.py
[2025-01-05T23:50:08.782+0000] {logging_mixin.py:190} INFO - [2025-01-05T23:50:08.782+0000] {dag.py:3239} INFO - Sync 1 DAGs
[2025-01-05T23:50:08.802+0000] {logging_mixin.py:190} INFO - [2025-01-05T23:50:08.802+0000] {dag.py:4180} INFO - Setting next_dagrun for example_branch_labels to 2025-01-04 00:00:00+00:00, run_after=2025-01-05 00:00:00+00:00
[2025-01-05T23:50:08.819+0000] {processor.py:208} INFO - Processing /home/airflow/.local/lib/python3.12/site-packages/airflow/example_dags/example_branch_labels.py took 0.076 seconds
[2025-01-05T23:50:39.784+0000] {processor.py:186} INFO - Started process (PID=5053) to work on /home/airflow/.local/lib/python3.12/site-packages/airflow/example_dags/example_branch_labels.py
[2025-01-05T23:50:39.785+0000] {processor.py:914} INFO - Processing file /home/airflow/.local/lib/python3.12/site-packages/airflow/example_dags/example_branch_labels.py for tasks to queue
[2025-01-05T23:50:39.788+0000] {logging_mixin.py:190} INFO - [2025-01-05T23:50:39.787+0000] {dagbag.py:588} INFO - Filling up the DagBag from /home/airflow/.local/lib/python3.12/site-packages/airflow/example_dags/example_branch_labels.py
[2025-01-05T23:50:39.798+0000] {processor.py:925} INFO - DAG(s) 'example_branch_labels' retrieved from /home/airflow/.local/lib/python3.12/site-packages/airflow/example_dags/example_branch_labels.py
[2025-01-05T23:50:39.818+0000] {logging_mixin.py:190} INFO - [2025-01-05T23:50:39.818+0000] {dag.py:3239} INFO - Sync 1 DAGs
[2025-01-05T23:50:39.839+0000] {logging_mixin.py:190} INFO - [2025-01-05T23:50:39.838+0000] {dag.py:4180} INFO - Setting next_dagrun for example_branch_labels to 2025-01-04 00:00:00+00:00, run_after=2025-01-05 00:00:00+00:00
[2025-01-05T23:50:39.857+0000] {processor.py:208} INFO - Processing /home/airflow/.local/lib/python3.12/site-packages/airflow/example_dags/example_branch_labels.py took 0.079 seconds
[2025-01-05T23:51:10.565+0000] {processor.py:186} INFO - Started process (PID=5351) to work on /home/airflow/.local/lib/python3.12/site-packages/airflow/example_dags/example_branch_labels.py
[2025-01-05T23:51:10.566+0000] {processor.py:914} INFO - Processing file /home/airflow/.local/lib/python3.12/site-packages/airflow/example_dags/example_branch_labels.py for tasks to queue
[2025-01-05T23:51:10.567+0000] {logging_mixin.py:190} INFO - [2025-01-05T23:51:10.567+0000] {dagbag.py:588} INFO - Filling up the DagBag from /home/airflow/.local/lib/python3.12/site-packages/airflow/example_dags/example_branch_labels.py
[2025-01-05T23:51:10.575+0000] {processor.py:925} INFO - DAG(s) 'example_branch_labels' retrieved from /home/airflow/.local/lib/python3.12/site-packages/airflow/example_dags/example_branch_labels.py
[2025-01-05T23:51:10.592+0000] {logging_mixin.py:190} INFO - [2025-01-05T23:51:10.592+0000] {dag.py:3239} INFO - Sync 1 DAGs
[2025-01-05T23:51:10.609+0000] {logging_mixin.py:190} INFO - [2025-01-05T23:51:10.609+0000] {dag.py:4180} INFO - Setting next_dagrun for example_branch_labels to 2025-01-04 00:00:00+00:00, run_after=2025-01-05 00:00:00+00:00
[2025-01-05T23:51:10.627+0000] {processor.py:208} INFO - Processing /home/airflow/.local/lib/python3.12/site-packages/airflow/example_dags/example_branch_labels.py took 0.067 seconds
[2025-01-05T23:51:41.497+0000] {processor.py:186} INFO - Started process (PID=5647) to work on /home/airflow/.local/lib/python3.12/site-packages/airflow/example_dags/example_branch_labels.py
[2025-01-05T23:51:41.498+0000] {processor.py:914} INFO - Processing file /home/airflow/.local/lib/python3.12/site-packages/airflow/example_dags/example_branch_labels.py for tasks to queue
[2025-01-05T23:51:41.500+0000] {logging_mixin.py:190} INFO - [2025-01-05T23:51:41.500+0000] {dagbag.py:588} INFO - Filling up the DagBag from /home/airflow/.local/lib/python3.12/site-packages/airflow/example_dags/example_branch_labels.py
[2025-01-05T23:51:41.508+0000] {processor.py:925} INFO - DAG(s) 'example_branch_labels' retrieved from /home/airflow/.local/lib/python3.12/site-packages/airflow/example_dags/example_branch_labels.py
[2025-01-05T23:51:41.523+0000] {logging_mixin.py:190} INFO - [2025-01-05T23:51:41.523+0000] {dag.py:3239} INFO - Sync 1 DAGs
[2025-01-05T23:51:41.540+0000] {logging_mixin.py:190} INFO - [2025-01-05T23:51:41.540+0000] {dag.py:4180} INFO - Setting next_dagrun for example_branch_labels to 2025-01-04 00:00:00+00:00, run_after=2025-01-05 00:00:00+00:00
[2025-01-05T23:51:41.555+0000] {processor.py:208} INFO - Processing /home/airflow/.local/lib/python3.12/site-packages/airflow/example_dags/example_branch_labels.py took 0.062 seconds
[2025-01-05T23:52:12.376+0000] {processor.py:186} INFO - Started process (PID=5943) to work on /home/airflow/.local/lib/python3.12/site-packages/airflow/example_dags/example_branch_labels.py
[2025-01-05T23:52:12.377+0000] {processor.py:914} INFO - Processing file /home/airflow/.local/lib/python3.12/site-packages/airflow/example_dags/example_branch_labels.py for tasks to queue
[2025-01-05T23:52:12.379+0000] {logging_mixin.py:190} INFO - [2025-01-05T23:52:12.378+0000] {dagbag.py:588} INFO - Filling up the DagBag from /home/airflow/.local/lib/python3.12/site-packages/airflow/example_dags/example_branch_labels.py
[2025-01-05T23:52:12.386+0000] {processor.py:925} INFO - DAG(s) 'example_branch_labels' retrieved from /home/airflow/.local/lib/python3.12/site-packages/airflow/example_dags/example_branch_labels.py
[2025-01-05T23:52:12.402+0000] {logging_mixin.py:190} INFO - [2025-01-05T23:52:12.402+0000] {dag.py:3239} INFO - Sync 1 DAGs
[2025-01-05T23:52:12.419+0000] {logging_mixin.py:190} INFO - [2025-01-05T23:52:12.419+0000] {dag.py:4180} INFO - Setting next_dagrun for example_branch_labels to 2025-01-04 00:00:00+00:00, run_after=2025-01-05 00:00:00+00:00
[2025-01-05T23:52:12.435+0000] {processor.py:208} INFO - Processing /home/airflow/.local/lib/python3.12/site-packages/airflow/example_dags/example_branch_labels.py took 0.064 seconds
[2025-01-05T23:52:43.303+0000] {processor.py:186} INFO - Started process (PID=6239) to work on /home/airflow/.local/lib/python3.12/site-packages/airflow/example_dags/example_branch_labels.py
[2025-01-05T23:52:43.304+0000] {processor.py:914} INFO - Processing file /home/airflow/.local/lib/python3.12/site-packages/airflow/example_dags/example_branch_labels.py for tasks to queue
[2025-01-05T23:52:43.306+0000] {logging_mixin.py:190} INFO - [2025-01-05T23:52:43.305+0000] {dagbag.py:588} INFO - Filling up the DagBag from /home/airflow/.local/lib/python3.12/site-packages/airflow/example_dags/example_branch_labels.py
[2025-01-05T23:52:43.313+0000] {processor.py:925} INFO - DAG(s) 'example_branch_labels' retrieved from /home/airflow/.local/lib/python3.12/site-packages/airflow/example_dags/example_branch_labels.py
[2025-01-05T23:52:43.330+0000] {logging_mixin.py:190} INFO - [2025-01-05T23:52:43.330+0000] {dag.py:3239} INFO - Sync 1 DAGs
[2025-01-05T23:52:43.348+0000] {logging_mixin.py:190} INFO - [2025-01-05T23:52:43.348+0000] {dag.py:4180} INFO - Setting next_dagrun for example_branch_labels to 2025-01-04 00:00:00+00:00, run_after=2025-01-05 00:00:00+00:00
[2025-01-05T23:52:43.364+0000] {processor.py:208} INFO - Processing /home/airflow/.local/lib/python3.12/site-packages/airflow/example_dags/example_branch_labels.py took 0.067 seconds
[2025-01-05T23:53:14.223+0000] {processor.py:186} INFO - Started process (PID=6535) to work on /home/airflow/.local/lib/python3.12/site-packages/airflow/example_dags/example_branch_labels.py
[2025-01-05T23:53:14.224+0000] {processor.py:914} INFO - Processing file /home/airflow/.local/lib/python3.12/site-packages/airflow/example_dags/example_branch_labels.py for tasks to queue
[2025-01-05T23:53:14.226+0000] {logging_mixin.py:190} INFO - [2025-01-05T23:53:14.226+0000] {dagbag.py:588} INFO - Filling up the DagBag from /home/airflow/.local/lib/python3.12/site-packages/airflow/example_dags/example_branch_labels.py
[2025-01-05T23:53:14.234+0000] {processor.py:925} INFO - DAG(s) 'example_branch_labels' retrieved from /home/airflow/.local/lib/python3.12/site-packages/airflow/example_dags/example_branch_labels.py
[2025-01-05T23:53:14.253+0000] {logging_mixin.py:190} INFO - [2025-01-05T23:53:14.252+0000] {dag.py:3239} INFO - Sync 1 DAGs
[2025-01-05T23:53:14.271+0000] {logging_mixin.py:190} INFO - [2025-01-05T23:53:14.270+0000] {dag.py:4180} INFO - Setting next_dagrun for example_branch_labels to 2025-01-04 00:00:00+00:00, run_after=2025-01-05 00:00:00+00:00
[2025-01-05T23:53:14.288+0000] {processor.py:208} INFO - Processing /home/airflow/.local/lib/python3.12/site-packages/airflow/example_dags/example_branch_labels.py took 0.069 seconds
[2025-01-05T23:53:44.869+0000] {processor.py:186} INFO - Started process (PID=6829) to work on /home/airflow/.local/lib/python3.12/site-packages/airflow/example_dags/example_branch_labels.py
[2025-01-05T23:53:44.870+0000] {processor.py:914} INFO - Processing file /home/airflow/.local/lib/python3.12/site-packages/airflow/example_dags/example_branch_labels.py for tasks to queue
[2025-01-05T23:53:44.872+0000] {logging_mixin.py:190} INFO - [2025-01-05T23:53:44.871+0000] {dagbag.py:588} INFO - Filling up the DagBag from /home/airflow/.local/lib/python3.12/site-packages/airflow/example_dags/example_branch_labels.py
[2025-01-05T23:53:44.880+0000] {processor.py:925} INFO - DAG(s) 'example_branch_labels' retrieved from /home/airflow/.local/lib/python3.12/site-packages/airflow/example_dags/example_branch_labels.py
[2025-01-05T23:53:44.899+0000] {logging_mixin.py:190} INFO - [2025-01-05T23:53:44.898+0000] {dag.py:3239} INFO - Sync 1 DAGs
[2025-01-05T23:53:44.917+0000] {logging_mixin.py:190} INFO - [2025-01-05T23:53:44.917+0000] {dag.py:4180} INFO - Setting next_dagrun for example_branch_labels to 2025-01-04 00:00:00+00:00, run_after=2025-01-05 00:00:00+00:00
[2025-01-05T23:53:44.932+0000] {processor.py:208} INFO - Processing /home/airflow/.local/lib/python3.12/site-packages/airflow/example_dags/example_branch_labels.py took 0.068 seconds
[2025-01-05T23:54:15.458+0000] {processor.py:186} INFO - Started process (PID=7125) to work on /home/airflow/.local/lib/python3.12/site-packages/airflow/example_dags/example_branch_labels.py
[2025-01-05T23:54:15.459+0000] {processor.py:914} INFO - Processing file /home/airflow/.local/lib/python3.12/site-packages/airflow/example_dags/example_branch_labels.py for tasks to queue
[2025-01-05T23:54:15.462+0000] {logging_mixin.py:190} INFO - [2025-01-05T23:54:15.461+0000] {dagbag.py:588} INFO - Filling up the DagBag from /home/airflow/.local/lib/python3.12/site-packages/airflow/example_dags/example_branch_labels.py
[2025-01-05T23:54:15.471+0000] {processor.py:925} INFO - DAG(s) 'example_branch_labels' retrieved from /home/airflow/.local/lib/python3.12/site-packages/airflow/example_dags/example_branch_labels.py
[2025-01-05T23:54:15.489+0000] {logging_mixin.py:190} INFO - [2025-01-05T23:54:15.489+0000] {dag.py:3239} INFO - Sync 1 DAGs
[2025-01-05T23:54:15.511+0000] {logging_mixin.py:190} INFO - [2025-01-05T23:54:15.511+0000] {dag.py:4180} INFO - Setting next_dagrun for example_branch_labels to 2025-01-04 00:00:00+00:00, run_after=2025-01-05 00:00:00+00:00
[2025-01-05T23:54:15.527+0000] {processor.py:208} INFO - Processing /home/airflow/.local/lib/python3.12/site-packages/airflow/example_dags/example_branch_labels.py took 0.074 seconds
[2025-01-05T23:54:46.538+0000] {processor.py:186} INFO - Started process (PID=7421) to work on /home/airflow/.local/lib/python3.12/site-packages/airflow/example_dags/example_branch_labels.py
[2025-01-05T23:54:46.539+0000] {processor.py:914} INFO - Processing file /home/airflow/.local/lib/python3.12/site-packages/airflow/example_dags/example_branch_labels.py for tasks to queue
[2025-01-05T23:54:46.542+0000] {logging_mixin.py:190} INFO - [2025-01-05T23:54:46.542+0000] {dagbag.py:588} INFO - Filling up the DagBag from /home/airflow/.local/lib/python3.12/site-packages/airflow/example_dags/example_branch_labels.py
[2025-01-05T23:54:46.554+0000] {processor.py:925} INFO - DAG(s) 'example_branch_labels' retrieved from /home/airflow/.local/lib/python3.12/site-packages/airflow/example_dags/example_branch_labels.py
[2025-01-05T23:54:46.577+0000] {logging_mixin.py:190} INFO - [2025-01-05T23:54:46.577+0000] {dag.py:3239} INFO - Sync 1 DAGs
[2025-01-05T23:54:46.602+0000] {logging_mixin.py:190} INFO - [2025-01-05T23:54:46.602+0000] {dag.py:4180} INFO - Setting next_dagrun for example_branch_labels to 2025-01-04 00:00:00+00:00, run_after=2025-01-05 00:00:00+00:00
[2025-01-05T23:54:46.623+0000] {processor.py:208} INFO - Processing /home/airflow/.local/lib/python3.12/site-packages/airflow/example_dags/example_branch_labels.py took 0.092 seconds
[2025-01-05T23:55:17.576+0000] {processor.py:186} INFO - Started process (PID=7719) to work on /home/airflow/.local/lib/python3.12/site-packages/airflow/example_dags/example_branch_labels.py
[2025-01-05T23:55:17.577+0000] {processor.py:914} INFO - Processing file /home/airflow/.local/lib/python3.12/site-packages/airflow/example_dags/example_branch_labels.py for tasks to queue
[2025-01-05T23:55:17.579+0000] {logging_mixin.py:190} INFO - [2025-01-05T23:55:17.579+0000] {dagbag.py:588} INFO - Filling up the DagBag from /home/airflow/.local/lib/python3.12/site-packages/airflow/example_dags/example_branch_labels.py
[2025-01-05T23:55:17.586+0000] {processor.py:925} INFO - DAG(s) 'example_branch_labels' retrieved from /home/airflow/.local/lib/python3.12/site-packages/airflow/example_dags/example_branch_labels.py
[2025-01-05T23:55:17.603+0000] {logging_mixin.py:190} INFO - [2025-01-05T23:55:17.603+0000] {dag.py:3239} INFO - Sync 1 DAGs
[2025-01-05T23:55:17.621+0000] {logging_mixin.py:190} INFO - [2025-01-05T23:55:17.620+0000] {dag.py:4180} INFO - Setting next_dagrun for example_branch_labels to 2025-01-04 00:00:00+00:00, run_after=2025-01-05 00:00:00+00:00
[2025-01-05T23:55:17.639+0000] {processor.py:208} INFO - Processing /home/airflow/.local/lib/python3.12/site-packages/airflow/example_dags/example_branch_labels.py took 0.067 seconds
[2025-01-05T23:55:48.552+0000] {processor.py:186} INFO - Started process (PID=8013) to work on /home/airflow/.local/lib/python3.12/site-packages/airflow/example_dags/example_branch_labels.py
[2025-01-05T23:55:48.553+0000] {processor.py:914} INFO - Processing file /home/airflow/.local/lib/python3.12/site-packages/airflow/example_dags/example_branch_labels.py for tasks to queue
[2025-01-05T23:55:48.555+0000] {logging_mixin.py:190} INFO - [2025-01-05T23:55:48.555+0000] {dagbag.py:588} INFO - Filling up the DagBag from /home/airflow/.local/lib/python3.12/site-packages/airflow/example_dags/example_branch_labels.py
[2025-01-05T23:55:48.562+0000] {processor.py:925} INFO - DAG(s) 'example_branch_labels' retrieved from /home/airflow/.local/lib/python3.12/site-packages/airflow/example_dags/example_branch_labels.py
[2025-01-05T23:55:48.579+0000] {logging_mixin.py:190} INFO - [2025-01-05T23:55:48.579+0000] {dag.py:3239} INFO - Sync 1 DAGs
[2025-01-05T23:55:48.598+0000] {logging_mixin.py:190} INFO - [2025-01-05T23:55:48.598+0000] {dag.py:4180} INFO - Setting next_dagrun for example_branch_labels to 2025-01-04 00:00:00+00:00, run_after=2025-01-05 00:00:00+00:00
[2025-01-05T23:55:48.614+0000] {processor.py:208} INFO - Processing /home/airflow/.local/lib/python3.12/site-packages/airflow/example_dags/example_branch_labels.py took 0.066 seconds
[2025-01-05T23:56:19.745+0000] {processor.py:186} INFO - Started process (PID=8311) to work on /home/airflow/.local/lib/python3.12/site-packages/airflow/example_dags/example_branch_labels.py
[2025-01-05T23:56:19.746+0000] {processor.py:914} INFO - Processing file /home/airflow/.local/lib/python3.12/site-packages/airflow/example_dags/example_branch_labels.py for tasks to queue
[2025-01-05T23:56:19.748+0000] {logging_mixin.py:190} INFO - [2025-01-05T23:56:19.748+0000] {dagbag.py:588} INFO - Filling up the DagBag from /home/airflow/.local/lib/python3.12/site-packages/airflow/example_dags/example_branch_labels.py
[2025-01-05T23:56:19.756+0000] {processor.py:925} INFO - DAG(s) 'example_branch_labels' retrieved from /home/airflow/.local/lib/python3.12/site-packages/airflow/example_dags/example_branch_labels.py
[2025-01-05T23:56:19.782+0000] {logging_mixin.py:190} INFO - [2025-01-05T23:56:19.782+0000] {dag.py:3239} INFO - Sync 1 DAGs
[2025-01-05T23:56:19.806+0000] {logging_mixin.py:190} INFO - [2025-01-05T23:56:19.806+0000] {dag.py:4180} INFO - Setting next_dagrun for example_branch_labels to 2025-01-04 00:00:00+00:00, run_after=2025-01-05 00:00:00+00:00
[2025-01-05T23:56:19.825+0000] {processor.py:208} INFO - Processing /home/airflow/.local/lib/python3.12/site-packages/airflow/example_dags/example_branch_labels.py took 0.085 seconds
[2025-01-05T23:56:50.615+0000] {processor.py:186} INFO - Started process (PID=8607) to work on /home/airflow/.local/lib/python3.12/site-packages/airflow/example_dags/example_branch_labels.py
[2025-01-05T23:56:50.616+0000] {processor.py:914} INFO - Processing file /home/airflow/.local/lib/python3.12/site-packages/airflow/example_dags/example_branch_labels.py for tasks to queue
[2025-01-05T23:56:50.618+0000] {logging_mixin.py:190} INFO - [2025-01-05T23:56:50.617+0000] {dagbag.py:588} INFO - Filling up the DagBag from /home/airflow/.local/lib/python3.12/site-packages/airflow/example_dags/example_branch_labels.py
[2025-01-05T23:56:50.626+0000] {processor.py:925} INFO - DAG(s) 'example_branch_labels' retrieved from /home/airflow/.local/lib/python3.12/site-packages/airflow/example_dags/example_branch_labels.py
[2025-01-05T23:56:50.645+0000] {logging_mixin.py:190} INFO - [2025-01-05T23:56:50.645+0000] {dag.py:3239} INFO - Sync 1 DAGs
[2025-01-05T23:56:50.665+0000] {logging_mixin.py:190} INFO - [2025-01-05T23:56:50.664+0000] {dag.py:4180} INFO - Setting next_dagrun for example_branch_labels to 2025-01-04 00:00:00+00:00, run_after=2025-01-05 00:00:00+00:00
[2025-01-05T23:56:50.686+0000] {processor.py:208} INFO - Processing /home/airflow/.local/lib/python3.12/site-packages/airflow/example_dags/example_branch_labels.py took 0.076 seconds
[2025-01-05T23:57:20.962+0000] {processor.py:186} INFO - Started process (PID=8901) to work on /home/airflow/.local/lib/python3.12/site-packages/airflow/example_dags/example_branch_labels.py
[2025-01-05T23:57:20.963+0000] {processor.py:914} INFO - Processing file /home/airflow/.local/lib/python3.12/site-packages/airflow/example_dags/example_branch_labels.py for tasks to queue
[2025-01-05T23:57:20.965+0000] {logging_mixin.py:190} INFO - [2025-01-05T23:57:20.965+0000] {dagbag.py:588} INFO - Filling up the DagBag from /home/airflow/.local/lib/python3.12/site-packages/airflow/example_dags/example_branch_labels.py
[2025-01-05T23:57:20.973+0000] {processor.py:925} INFO - DAG(s) 'example_branch_labels' retrieved from /home/airflow/.local/lib/python3.12/site-packages/airflow/example_dags/example_branch_labels.py
[2025-01-05T23:57:20.990+0000] {logging_mixin.py:190} INFO - [2025-01-05T23:57:20.990+0000] {dag.py:3239} INFO - Sync 1 DAGs
[2025-01-05T23:57:21.010+0000] {logging_mixin.py:190} INFO - [2025-01-05T23:57:21.010+0000] {dag.py:4180} INFO - Setting next_dagrun for example_branch_labels to 2025-01-04 00:00:00+00:00, run_after=2025-01-05 00:00:00+00:00
[2025-01-05T23:57:21.026+0000] {processor.py:208} INFO - Processing /home/airflow/.local/lib/python3.12/site-packages/airflow/example_dags/example_branch_labels.py took 0.068 seconds
[2025-01-05T23:57:51.782+0000] {processor.py:186} INFO - Started process (PID=9199) to work on /home/airflow/.local/lib/python3.12/site-packages/airflow/example_dags/example_branch_labels.py
[2025-01-05T23:57:51.783+0000] {processor.py:914} INFO - Processing file /home/airflow/.local/lib/python3.12/site-packages/airflow/example_dags/example_branch_labels.py for tasks to queue
[2025-01-05T23:57:51.785+0000] {logging_mixin.py:190} INFO - [2025-01-05T23:57:51.785+0000] {dagbag.py:588} INFO - Filling up the DagBag from /home/airflow/.local/lib/python3.12/site-packages/airflow/example_dags/example_branch_labels.py
[2025-01-05T23:57:51.792+0000] {processor.py:925} INFO - DAG(s) 'example_branch_labels' retrieved from /home/airflow/.local/lib/python3.12/site-packages/airflow/example_dags/example_branch_labels.py
[2025-01-05T23:57:51.810+0000] {logging_mixin.py:190} INFO - [2025-01-05T23:57:51.810+0000] {dag.py:3239} INFO - Sync 1 DAGs
[2025-01-05T23:57:51.827+0000] {logging_mixin.py:190} INFO - [2025-01-05T23:57:51.827+0000] {dag.py:4180} INFO - Setting next_dagrun for example_branch_labels to 2025-01-04 00:00:00+00:00, run_after=2025-01-05 00:00:00+00:00
[2025-01-05T23:57:51.843+0000] {processor.py:208} INFO - Processing /home/airflow/.local/lib/python3.12/site-packages/airflow/example_dags/example_branch_labels.py took 0.065 seconds
[2025-01-05T23:58:22.350+0000] {processor.py:186} INFO - Started process (PID=9499) to work on /home/airflow/.local/lib/python3.12/site-packages/airflow/example_dags/example_branch_labels.py
[2025-01-05T23:58:22.351+0000] {processor.py:914} INFO - Processing file /home/airflow/.local/lib/python3.12/site-packages/airflow/example_dags/example_branch_labels.py for tasks to queue
[2025-01-05T23:58:22.352+0000] {logging_mixin.py:190} INFO - [2025-01-05T23:58:22.352+0000] {dagbag.py:588} INFO - Filling up the DagBag from /home/airflow/.local/lib/python3.12/site-packages/airflow/example_dags/example_branch_labels.py
[2025-01-05T23:58:22.360+0000] {processor.py:925} INFO - DAG(s) 'example_branch_labels' retrieved from /home/airflow/.local/lib/python3.12/site-packages/airflow/example_dags/example_branch_labels.py
[2025-01-05T23:58:22.378+0000] {logging_mixin.py:190} INFO - [2025-01-05T23:58:22.378+0000] {dag.py:3239} INFO - Sync 1 DAGs
[2025-01-05T23:58:22.397+0000] {logging_mixin.py:190} INFO - [2025-01-05T23:58:22.397+0000] {dag.py:4180} INFO - Setting next_dagrun for example_branch_labels to 2025-01-04 00:00:00+00:00, run_after=2025-01-05 00:00:00+00:00
[2025-01-05T23:58:22.412+0000] {processor.py:208} INFO - Processing /home/airflow/.local/lib/python3.12/site-packages/airflow/example_dags/example_branch_labels.py took 0.067 seconds
[2025-01-05T23:58:52.935+0000] {processor.py:186} INFO - Started process (PID=9795) to work on /home/airflow/.local/lib/python3.12/site-packages/airflow/example_dags/example_branch_labels.py
[2025-01-05T23:58:52.936+0000] {processor.py:914} INFO - Processing file /home/airflow/.local/lib/python3.12/site-packages/airflow/example_dags/example_branch_labels.py for tasks to queue
[2025-01-05T23:58:52.938+0000] {logging_mixin.py:190} INFO - [2025-01-05T23:58:52.937+0000] {dagbag.py:588} INFO - Filling up the DagBag from /home/airflow/.local/lib/python3.12/site-packages/airflow/example_dags/example_branch_labels.py
[2025-01-05T23:58:52.948+0000] {processor.py:925} INFO - DAG(s) 'example_branch_labels' retrieved from /home/airflow/.local/lib/python3.12/site-packages/airflow/example_dags/example_branch_labels.py
[2025-01-05T23:58:52.965+0000] {logging_mixin.py:190} INFO - [2025-01-05T23:58:52.965+0000] {dag.py:3239} INFO - Sync 1 DAGs
[2025-01-05T23:58:52.984+0000] {logging_mixin.py:190} INFO - [2025-01-05T23:58:52.984+0000] {dag.py:4180} INFO - Setting next_dagrun for example_branch_labels to 2025-01-04 00:00:00+00:00, run_after=2025-01-05 00:00:00+00:00
[2025-01-05T23:58:52.999+0000] {processor.py:208} INFO - Processing /home/airflow/.local/lib/python3.12/site-packages/airflow/example_dags/example_branch_labels.py took 0.069 seconds
[2025-01-05T23:59:23.814+0000] {processor.py:186} INFO - Started process (PID=10094) to work on /home/airflow/.local/lib/python3.12/site-packages/airflow/example_dags/example_branch_labels.py
[2025-01-05T23:59:23.815+0000] {processor.py:914} INFO - Processing file /home/airflow/.local/lib/python3.12/site-packages/airflow/example_dags/example_branch_labels.py for tasks to queue
[2025-01-05T23:59:23.817+0000] {logging_mixin.py:190} INFO - [2025-01-05T23:59:23.817+0000] {dagbag.py:588} INFO - Filling up the DagBag from /home/airflow/.local/lib/python3.12/site-packages/airflow/example_dags/example_branch_labels.py
[2025-01-05T23:59:23.824+0000] {processor.py:925} INFO - DAG(s) 'example_branch_labels' retrieved from /home/airflow/.local/lib/python3.12/site-packages/airflow/example_dags/example_branch_labels.py
[2025-01-05T23:59:23.840+0000] {logging_mixin.py:190} INFO - [2025-01-05T23:59:23.840+0000] {dag.py:3239} INFO - Sync 1 DAGs
[2025-01-05T23:59:23.857+0000] {logging_mixin.py:190} INFO - [2025-01-05T23:59:23.857+0000] {dag.py:4180} INFO - Setting next_dagrun for example_branch_labels to 2025-01-04 00:00:00+00:00, run_after=2025-01-05 00:00:00+00:00
[2025-01-05T23:59:23.874+0000] {processor.py:208} INFO - Processing /home/airflow/.local/lib/python3.12/site-packages/airflow/example_dags/example_branch_labels.py took 0.064 seconds
[2025-01-05T23:59:54.679+0000] {processor.py:186} INFO - Started process (PID=10388) to work on /home/airflow/.local/lib/python3.12/site-packages/airflow/example_dags/example_branch_labels.py
[2025-01-05T23:59:54.680+0000] {processor.py:914} INFO - Processing file /home/airflow/.local/lib/python3.12/site-packages/airflow/example_dags/example_branch_labels.py for tasks to queue
[2025-01-05T23:59:54.682+0000] {logging_mixin.py:190} INFO - [2025-01-05T23:59:54.681+0000] {dagbag.py:588} INFO - Filling up the DagBag from /home/airflow/.local/lib/python3.12/site-packages/airflow/example_dags/example_branch_labels.py
[2025-01-05T23:59:54.691+0000] {processor.py:925} INFO - DAG(s) 'example_branch_labels' retrieved from /home/airflow/.local/lib/python3.12/site-packages/airflow/example_dags/example_branch_labels.py
[2025-01-05T23:59:54.709+0000] {logging_mixin.py:190} INFO - [2025-01-05T23:59:54.709+0000] {dag.py:3239} INFO - Sync 1 DAGs
[2025-01-05T23:59:54.729+0000] {logging_mixin.py:190} INFO - [2025-01-05T23:59:54.729+0000] {dag.py:4180} INFO - Setting next_dagrun for example_branch_labels to 2025-01-04 00:00:00+00:00, run_after=2025-01-05 00:00:00+00:00
[2025-01-05T23:59:54.745+0000] {processor.py:208} INFO - Processing /home/airflow/.local/lib/python3.12/site-packages/airflow/example_dags/example_branch_labels.py took 0.072 seconds
