[2025-01-05T23:42:28.558+0000] {processor.py:186} INFO - Started process (PID=402) to work on /home/airflow/.local/lib/python3.12/site-packages/airflow/example_dags/example_trigger_target_dag.py
[2025-01-05T23:42:28.559+0000] {processor.py:914} INFO - Processing file /home/airflow/.local/lib/python3.12/site-packages/airflow/example_dags/example_trigger_target_dag.py for tasks to queue
[2025-01-05T23:42:28.562+0000] {logging_mixin.py:190} INFO - [2025-01-05T23:42:28.562+0000] {dagbag.py:588} INFO - Filling up the DagBag from /home/airflow/.local/lib/python3.12/site-packages/airflow/example_dags/example_trigger_target_dag.py
[2025-01-05T23:42:28.571+0000] {processor.py:925} INFO - DAG(s) 'example_trigger_target_dag' retrieved from /home/airflow/.local/lib/python3.12/site-packages/airflow/example_dags/example_trigger_target_dag.py
[2025-01-05T23:42:28.593+0000] {logging_mixin.py:190} INFO - [2025-01-05T23:42:28.593+0000] {dag.py:3239} INFO - Sync 1 DAGs
[2025-01-05T23:42:28.610+0000] {logging_mixin.py:190} INFO - [2025-01-05T23:42:28.610+0000] {dag.py:4180} INFO - Setting next_dagrun for example_trigger_target_dag to None, run_after=None
[2025-01-05T23:42:28.630+0000] {processor.py:208} INFO - Processing /home/airflow/.local/lib/python3.12/site-packages/airflow/example_dags/example_trigger_target_dag.py took 0.078 seconds
[2025-01-05T23:42:59.866+0000] {processor.py:186} INFO - Started process (PID=698) to work on /home/airflow/.local/lib/python3.12/site-packages/airflow/example_dags/example_trigger_target_dag.py
[2025-01-05T23:42:59.867+0000] {processor.py:914} INFO - Processing file /home/airflow/.local/lib/python3.12/site-packages/airflow/example_dags/example_trigger_target_dag.py for tasks to queue
[2025-01-05T23:42:59.869+0000] {logging_mixin.py:190} INFO - [2025-01-05T23:42:59.869+0000] {dagbag.py:588} INFO - Filling up the DagBag from /home/airflow/.local/lib/python3.12/site-packages/airflow/example_dags/example_trigger_target_dag.py
[2025-01-05T23:42:59.877+0000] {processor.py:925} INFO - DAG(s) 'example_trigger_target_dag' retrieved from /home/airflow/.local/lib/python3.12/site-packages/airflow/example_dags/example_trigger_target_dag.py
[2025-01-05T23:42:59.894+0000] {logging_mixin.py:190} INFO - [2025-01-05T23:42:59.893+0000] {dag.py:3239} INFO - Sync 1 DAGs
[2025-01-05T23:42:59.906+0000] {logging_mixin.py:190} INFO - [2025-01-05T23:42:59.906+0000] {dag.py:4180} INFO - Setting next_dagrun for example_trigger_target_dag to None, run_after=None
[2025-01-05T23:42:59.925+0000] {processor.py:208} INFO - Processing /home/airflow/.local/lib/python3.12/site-packages/airflow/example_dags/example_trigger_target_dag.py took 0.063 seconds
[2025-01-05T23:43:31.800+0000] {processor.py:186} INFO - Started process (PID=996) to work on /home/airflow/.local/lib/python3.12/site-packages/airflow/example_dags/example_trigger_target_dag.py
[2025-01-05T23:43:31.804+0000] {processor.py:914} INFO - Processing file /home/airflow/.local/lib/python3.12/site-packages/airflow/example_dags/example_trigger_target_dag.py for tasks to queue
[2025-01-05T23:43:31.814+0000] {logging_mixin.py:190} INFO - [2025-01-05T23:43:31.813+0000] {dagbag.py:588} INFO - Filling up the DagBag from /home/airflow/.local/lib/python3.12/site-packages/airflow/example_dags/example_trigger_target_dag.py
[2025-01-05T23:43:31.828+0000] {processor.py:925} INFO - DAG(s) 'example_trigger_target_dag' retrieved from /home/airflow/.local/lib/python3.12/site-packages/airflow/example_dags/example_trigger_target_dag.py
[2025-01-05T23:43:31.881+0000] {logging_mixin.py:190} INFO - [2025-01-05T23:43:31.880+0000] {dag.py:3239} INFO - Sync 1 DAGs
[2025-01-05T23:43:31.904+0000] {logging_mixin.py:190} INFO - [2025-01-05T23:43:31.903+0000] {dag.py:4180} INFO - Setting next_dagrun for example_trigger_target_dag to None, run_after=None
[2025-01-05T23:43:31.927+0000] {processor.py:208} INFO - Processing /home/airflow/.local/lib/python3.12/site-packages/airflow/example_dags/example_trigger_target_dag.py took 0.145 seconds
[2025-01-05T23:44:02.037+0000] {processor.py:186} INFO - Started process (PID=1290) to work on /home/airflow/.local/lib/python3.12/site-packages/airflow/example_dags/example_trigger_target_dag.py
[2025-01-05T23:44:02.038+0000] {processor.py:914} INFO - Processing file /home/airflow/.local/lib/python3.12/site-packages/airflow/example_dags/example_trigger_target_dag.py for tasks to queue
[2025-01-05T23:44:02.040+0000] {logging_mixin.py:190} INFO - [2025-01-05T23:44:02.040+0000] {dagbag.py:588} INFO - Filling up the DagBag from /home/airflow/.local/lib/python3.12/site-packages/airflow/example_dags/example_trigger_target_dag.py
[2025-01-05T23:44:02.047+0000] {processor.py:925} INFO - DAG(s) 'example_trigger_target_dag' retrieved from /home/airflow/.local/lib/python3.12/site-packages/airflow/example_dags/example_trigger_target_dag.py
[2025-01-05T23:44:02.064+0000] {logging_mixin.py:190} INFO - [2025-01-05T23:44:02.064+0000] {dag.py:3239} INFO - Sync 1 DAGs
[2025-01-05T23:44:02.075+0000] {logging_mixin.py:190} INFO - [2025-01-05T23:44:02.075+0000] {dag.py:4180} INFO - Setting next_dagrun for example_trigger_target_dag to None, run_after=None
[2025-01-05T23:44:02.092+0000] {processor.py:208} INFO - Processing /home/airflow/.local/lib/python3.12/site-packages/airflow/example_dags/example_trigger_target_dag.py took 0.060 seconds
[2025-01-05T23:44:32.510+0000] {processor.py:186} INFO - Started process (PID=1586) to work on /home/airflow/.local/lib/python3.12/site-packages/airflow/example_dags/example_trigger_target_dag.py
[2025-01-05T23:44:32.511+0000] {processor.py:914} INFO - Processing file /home/airflow/.local/lib/python3.12/site-packages/airflow/example_dags/example_trigger_target_dag.py for tasks to queue
[2025-01-05T23:44:32.514+0000] {logging_mixin.py:190} INFO - [2025-01-05T23:44:32.513+0000] {dagbag.py:588} INFO - Filling up the DagBag from /home/airflow/.local/lib/python3.12/site-packages/airflow/example_dags/example_trigger_target_dag.py
[2025-01-05T23:44:32.520+0000] {processor.py:925} INFO - DAG(s) 'example_trigger_target_dag' retrieved from /home/airflow/.local/lib/python3.12/site-packages/airflow/example_dags/example_trigger_target_dag.py
[2025-01-05T23:44:32.539+0000] {logging_mixin.py:190} INFO - [2025-01-05T23:44:32.539+0000] {dag.py:3239} INFO - Sync 1 DAGs
[2025-01-05T23:44:32.550+0000] {logging_mixin.py:190} INFO - [2025-01-05T23:44:32.550+0000] {dag.py:4180} INFO - Setting next_dagrun for example_trigger_target_dag to None, run_after=None
[2025-01-05T23:44:32.571+0000] {processor.py:208} INFO - Processing /home/airflow/.local/lib/python3.12/site-packages/airflow/example_dags/example_trigger_target_dag.py took 0.066 seconds
[2025-01-05T23:45:03.490+0000] {processor.py:186} INFO - Started process (PID=1882) to work on /home/airflow/.local/lib/python3.12/site-packages/airflow/example_dags/example_trigger_target_dag.py
[2025-01-05T23:45:03.490+0000] {processor.py:914} INFO - Processing file /home/airflow/.local/lib/python3.12/site-packages/airflow/example_dags/example_trigger_target_dag.py for tasks to queue
[2025-01-05T23:45:03.492+0000] {logging_mixin.py:190} INFO - [2025-01-05T23:45:03.492+0000] {dagbag.py:588} INFO - Filling up the DagBag from /home/airflow/.local/lib/python3.12/site-packages/airflow/example_dags/example_trigger_target_dag.py
[2025-01-05T23:45:03.499+0000] {processor.py:925} INFO - DAG(s) 'example_trigger_target_dag' retrieved from /home/airflow/.local/lib/python3.12/site-packages/airflow/example_dags/example_trigger_target_dag.py
[2025-01-05T23:45:03.516+0000] {logging_mixin.py:190} INFO - [2025-01-05T23:45:03.516+0000] {dag.py:3239} INFO - Sync 1 DAGs
[2025-01-05T23:45:03.528+0000] {logging_mixin.py:190} INFO - [2025-01-05T23:45:03.528+0000] {dag.py:4180} INFO - Setting next_dagrun for example_trigger_target_dag to None, run_after=None
[2025-01-05T23:45:03.543+0000] {processor.py:208} INFO - Processing /home/airflow/.local/lib/python3.12/site-packages/airflow/example_dags/example_trigger_target_dag.py took 0.059 seconds
[2025-01-05T23:45:34.112+0000] {processor.py:186} INFO - Started process (PID=2178) to work on /home/airflow/.local/lib/python3.12/site-packages/airflow/example_dags/example_trigger_target_dag.py
[2025-01-05T23:45:34.114+0000] {processor.py:914} INFO - Processing file /home/airflow/.local/lib/python3.12/site-packages/airflow/example_dags/example_trigger_target_dag.py for tasks to queue
[2025-01-05T23:45:34.116+0000] {logging_mixin.py:190} INFO - [2025-01-05T23:45:34.116+0000] {dagbag.py:588} INFO - Filling up the DagBag from /home/airflow/.local/lib/python3.12/site-packages/airflow/example_dags/example_trigger_target_dag.py
[2025-01-05T23:45:34.123+0000] {processor.py:925} INFO - DAG(s) 'example_trigger_target_dag' retrieved from /home/airflow/.local/lib/python3.12/site-packages/airflow/example_dags/example_trigger_target_dag.py
[2025-01-05T23:45:34.139+0000] {logging_mixin.py:190} INFO - [2025-01-05T23:45:34.139+0000] {dag.py:3239} INFO - Sync 1 DAGs
[2025-01-05T23:45:34.150+0000] {logging_mixin.py:190} INFO - [2025-01-05T23:45:34.150+0000] {dag.py:4180} INFO - Setting next_dagrun for example_trigger_target_dag to None, run_after=None
[2025-01-05T23:45:34.166+0000] {processor.py:208} INFO - Processing /home/airflow/.local/lib/python3.12/site-packages/airflow/example_dags/example_trigger_target_dag.py took 0.059 seconds
[2025-01-05T23:46:05.535+0000] {processor.py:186} INFO - Started process (PID=2476) to work on /home/airflow/.local/lib/python3.12/site-packages/airflow/example_dags/example_trigger_target_dag.py
[2025-01-05T23:46:05.537+0000] {processor.py:914} INFO - Processing file /home/airflow/.local/lib/python3.12/site-packages/airflow/example_dags/example_trigger_target_dag.py for tasks to queue
[2025-01-05T23:46:05.539+0000] {logging_mixin.py:190} INFO - [2025-01-05T23:46:05.539+0000] {dagbag.py:588} INFO - Filling up the DagBag from /home/airflow/.local/lib/python3.12/site-packages/airflow/example_dags/example_trigger_target_dag.py
[2025-01-05T23:46:05.548+0000] {processor.py:925} INFO - DAG(s) 'example_trigger_target_dag' retrieved from /home/airflow/.local/lib/python3.12/site-packages/airflow/example_dags/example_trigger_target_dag.py
[2025-01-05T23:46:05.566+0000] {logging_mixin.py:190} INFO - [2025-01-05T23:46:05.566+0000] {dag.py:3239} INFO - Sync 1 DAGs
[2025-01-05T23:46:05.580+0000] {logging_mixin.py:190} INFO - [2025-01-05T23:46:05.579+0000] {dag.py:4180} INFO - Setting next_dagrun for example_trigger_target_dag to None, run_after=None
[2025-01-05T23:46:05.599+0000] {processor.py:208} INFO - Processing /home/airflow/.local/lib/python3.12/site-packages/airflow/example_dags/example_trigger_target_dag.py took 0.070 seconds
[2025-01-05T23:46:36.495+0000] {processor.py:186} INFO - Started process (PID=2770) to work on /home/airflow/.local/lib/python3.12/site-packages/airflow/example_dags/example_trigger_target_dag.py
[2025-01-05T23:46:36.498+0000] {processor.py:914} INFO - Processing file /home/airflow/.local/lib/python3.12/site-packages/airflow/example_dags/example_trigger_target_dag.py for tasks to queue
[2025-01-05T23:46:36.503+0000] {logging_mixin.py:190} INFO - [2025-01-05T23:46:36.502+0000] {dagbag.py:588} INFO - Filling up the DagBag from /home/airflow/.local/lib/python3.12/site-packages/airflow/example_dags/example_trigger_target_dag.py
[2025-01-05T23:46:36.522+0000] {processor.py:925} INFO - DAG(s) 'example_trigger_target_dag' retrieved from /home/airflow/.local/lib/python3.12/site-packages/airflow/example_dags/example_trigger_target_dag.py
[2025-01-05T23:46:36.555+0000] {logging_mixin.py:190} INFO - [2025-01-05T23:46:36.555+0000] {dag.py:3239} INFO - Sync 1 DAGs
[2025-01-05T23:46:36.566+0000] {logging_mixin.py:190} INFO - [2025-01-05T23:46:36.566+0000] {dag.py:4180} INFO - Setting next_dagrun for example_trigger_target_dag to None, run_after=None
[2025-01-05T23:46:36.581+0000] {processor.py:208} INFO - Processing /home/airflow/.local/lib/python3.12/site-packages/airflow/example_dags/example_trigger_target_dag.py took 0.098 seconds
[2025-01-05T23:47:07.519+0000] {processor.py:186} INFO - Started process (PID=3066) to work on /home/airflow/.local/lib/python3.12/site-packages/airflow/example_dags/example_trigger_target_dag.py
[2025-01-05T23:47:07.520+0000] {processor.py:914} INFO - Processing file /home/airflow/.local/lib/python3.12/site-packages/airflow/example_dags/example_trigger_target_dag.py for tasks to queue
[2025-01-05T23:47:07.523+0000] {logging_mixin.py:190} INFO - [2025-01-05T23:47:07.522+0000] {dagbag.py:588} INFO - Filling up the DagBag from /home/airflow/.local/lib/python3.12/site-packages/airflow/example_dags/example_trigger_target_dag.py
[2025-01-05T23:47:07.529+0000] {processor.py:925} INFO - DAG(s) 'example_trigger_target_dag' retrieved from /home/airflow/.local/lib/python3.12/site-packages/airflow/example_dags/example_trigger_target_dag.py
[2025-01-05T23:47:07.548+0000] {logging_mixin.py:190} INFO - [2025-01-05T23:47:07.547+0000] {dag.py:3239} INFO - Sync 1 DAGs
[2025-01-05T23:47:07.559+0000] {logging_mixin.py:190} INFO - [2025-01-05T23:47:07.559+0000] {dag.py:4180} INFO - Setting next_dagrun for example_trigger_target_dag to None, run_after=None
[2025-01-05T23:47:07.575+0000] {processor.py:208} INFO - Processing /home/airflow/.local/lib/python3.12/site-packages/airflow/example_dags/example_trigger_target_dag.py took 0.060 seconds
[2025-01-05T23:47:38.287+0000] {processor.py:186} INFO - Started process (PID=3362) to work on /home/airflow/.local/lib/python3.12/site-packages/airflow/example_dags/example_trigger_target_dag.py
[2025-01-05T23:47:38.288+0000] {processor.py:914} INFO - Processing file /home/airflow/.local/lib/python3.12/site-packages/airflow/example_dags/example_trigger_target_dag.py for tasks to queue
[2025-01-05T23:47:38.290+0000] {logging_mixin.py:190} INFO - [2025-01-05T23:47:38.290+0000] {dagbag.py:588} INFO - Filling up the DagBag from /home/airflow/.local/lib/python3.12/site-packages/airflow/example_dags/example_trigger_target_dag.py
[2025-01-05T23:47:38.297+0000] {processor.py:925} INFO - DAG(s) 'example_trigger_target_dag' retrieved from /home/airflow/.local/lib/python3.12/site-packages/airflow/example_dags/example_trigger_target_dag.py
[2025-01-05T23:47:38.316+0000] {logging_mixin.py:190} INFO - [2025-01-05T23:47:38.316+0000] {dag.py:3239} INFO - Sync 1 DAGs
[2025-01-05T23:47:38.329+0000] {logging_mixin.py:190} INFO - [2025-01-05T23:47:38.329+0000] {dag.py:4180} INFO - Setting next_dagrun for example_trigger_target_dag to None, run_after=None
[2025-01-05T23:47:38.352+0000] {processor.py:208} INFO - Processing /home/airflow/.local/lib/python3.12/site-packages/airflow/example_dags/example_trigger_target_dag.py took 0.069 seconds
[2025-01-05T23:48:08.975+0000] {processor.py:186} INFO - Started process (PID=3658) to work on /home/airflow/.local/lib/python3.12/site-packages/airflow/example_dags/example_trigger_target_dag.py
[2025-01-05T23:48:08.976+0000] {processor.py:914} INFO - Processing file /home/airflow/.local/lib/python3.12/site-packages/airflow/example_dags/example_trigger_target_dag.py for tasks to queue
[2025-01-05T23:48:08.979+0000] {logging_mixin.py:190} INFO - [2025-01-05T23:48:08.978+0000] {dagbag.py:588} INFO - Filling up the DagBag from /home/airflow/.local/lib/python3.12/site-packages/airflow/example_dags/example_trigger_target_dag.py
[2025-01-05T23:48:08.987+0000] {processor.py:925} INFO - DAG(s) 'example_trigger_target_dag' retrieved from /home/airflow/.local/lib/python3.12/site-packages/airflow/example_dags/example_trigger_target_dag.py
[2025-01-05T23:48:09.006+0000] {logging_mixin.py:190} INFO - [2025-01-05T23:48:09.006+0000] {dag.py:3239} INFO - Sync 1 DAGs
[2025-01-05T23:48:09.018+0000] {logging_mixin.py:190} INFO - [2025-01-05T23:48:09.018+0000] {dag.py:4180} INFO - Setting next_dagrun for example_trigger_target_dag to None, run_after=None
[2025-01-05T23:48:09.034+0000] {processor.py:208} INFO - Processing /home/airflow/.local/lib/python3.12/site-packages/airflow/example_dags/example_trigger_target_dag.py took 0.073 seconds
[2025-01-05T23:48:39.870+0000] {processor.py:186} INFO - Started process (PID=3956) to work on /home/airflow/.local/lib/python3.12/site-packages/airflow/example_dags/example_trigger_target_dag.py
[2025-01-05T23:48:39.871+0000] {processor.py:914} INFO - Processing file /home/airflow/.local/lib/python3.12/site-packages/airflow/example_dags/example_trigger_target_dag.py for tasks to queue
[2025-01-05T23:48:39.881+0000] {logging_mixin.py:190} INFO - [2025-01-05T23:48:39.881+0000] {dagbag.py:588} INFO - Filling up the DagBag from /home/airflow/.local/lib/python3.12/site-packages/airflow/example_dags/example_trigger_target_dag.py
[2025-01-05T23:48:39.902+0000] {processor.py:925} INFO - DAG(s) 'example_trigger_target_dag' retrieved from /home/airflow/.local/lib/python3.12/site-packages/airflow/example_dags/example_trigger_target_dag.py
[2025-01-05T23:48:39.918+0000] {logging_mixin.py:190} INFO - [2025-01-05T23:48:39.918+0000] {dag.py:3239} INFO - Sync 1 DAGs
[2025-01-05T23:48:39.930+0000] {logging_mixin.py:190} INFO - [2025-01-05T23:48:39.930+0000] {dag.py:4180} INFO - Setting next_dagrun for example_trigger_target_dag to None, run_after=None
[2025-01-05T23:48:39.946+0000] {processor.py:208} INFO - Processing /home/airflow/.local/lib/python3.12/site-packages/airflow/example_dags/example_trigger_target_dag.py took 0.081 seconds
[2025-01-05T23:49:10.601+0000] {processor.py:186} INFO - Started process (PID=4252) to work on /home/airflow/.local/lib/python3.12/site-packages/airflow/example_dags/example_trigger_target_dag.py
[2025-01-05T23:49:10.602+0000] {processor.py:914} INFO - Processing file /home/airflow/.local/lib/python3.12/site-packages/airflow/example_dags/example_trigger_target_dag.py for tasks to queue
[2025-01-05T23:49:10.604+0000] {logging_mixin.py:190} INFO - [2025-01-05T23:49:10.604+0000] {dagbag.py:588} INFO - Filling up the DagBag from /home/airflow/.local/lib/python3.12/site-packages/airflow/example_dags/example_trigger_target_dag.py
[2025-01-05T23:49:10.610+0000] {processor.py:925} INFO - DAG(s) 'example_trigger_target_dag' retrieved from /home/airflow/.local/lib/python3.12/site-packages/airflow/example_dags/example_trigger_target_dag.py
[2025-01-05T23:49:10.626+0000] {logging_mixin.py:190} INFO - [2025-01-05T23:49:10.626+0000] {dag.py:3239} INFO - Sync 1 DAGs
[2025-01-05T23:49:10.637+0000] {logging_mixin.py:190} INFO - [2025-01-05T23:49:10.637+0000] {dag.py:4180} INFO - Setting next_dagrun for example_trigger_target_dag to None, run_after=None
[2025-01-05T23:49:10.654+0000] {processor.py:208} INFO - Processing /home/airflow/.local/lib/python3.12/site-packages/airflow/example_dags/example_trigger_target_dag.py took 0.057 seconds
[2025-01-05T23:49:41.411+0000] {processor.py:186} INFO - Started process (PID=4546) to work on /home/airflow/.local/lib/python3.12/site-packages/airflow/example_dags/example_trigger_target_dag.py
[2025-01-05T23:49:41.412+0000] {processor.py:914} INFO - Processing file /home/airflow/.local/lib/python3.12/site-packages/airflow/example_dags/example_trigger_target_dag.py for tasks to queue
[2025-01-05T23:49:41.414+0000] {logging_mixin.py:190} INFO - [2025-01-05T23:49:41.414+0000] {dagbag.py:588} INFO - Filling up the DagBag from /home/airflow/.local/lib/python3.12/site-packages/airflow/example_dags/example_trigger_target_dag.py
[2025-01-05T23:49:41.422+0000] {processor.py:925} INFO - DAG(s) 'example_trigger_target_dag' retrieved from /home/airflow/.local/lib/python3.12/site-packages/airflow/example_dags/example_trigger_target_dag.py
[2025-01-05T23:49:41.439+0000] {logging_mixin.py:190} INFO - [2025-01-05T23:49:41.439+0000] {dag.py:3239} INFO - Sync 1 DAGs
[2025-01-05T23:49:41.449+0000] {logging_mixin.py:190} INFO - [2025-01-05T23:49:41.449+0000] {dag.py:4180} INFO - Setting next_dagrun for example_trigger_target_dag to None, run_after=None
[2025-01-05T23:49:41.466+0000] {processor.py:208} INFO - Processing /home/airflow/.local/lib/python3.12/site-packages/airflow/example_dags/example_trigger_target_dag.py took 0.059 seconds
[2025-01-05T23:50:12.419+0000] {processor.py:186} INFO - Started process (PID=4842) to work on /home/airflow/.local/lib/python3.12/site-packages/airflow/example_dags/example_trigger_target_dag.py
[2025-01-05T23:50:12.420+0000] {processor.py:914} INFO - Processing file /home/airflow/.local/lib/python3.12/site-packages/airflow/example_dags/example_trigger_target_dag.py for tasks to queue
[2025-01-05T23:50:12.423+0000] {logging_mixin.py:190} INFO - [2025-01-05T23:50:12.423+0000] {dagbag.py:588} INFO - Filling up the DagBag from /home/airflow/.local/lib/python3.12/site-packages/airflow/example_dags/example_trigger_target_dag.py
[2025-01-05T23:50:12.433+0000] {processor.py:925} INFO - DAG(s) 'example_trigger_target_dag' retrieved from /home/airflow/.local/lib/python3.12/site-packages/airflow/example_dags/example_trigger_target_dag.py
[2025-01-05T23:50:12.453+0000] {logging_mixin.py:190} INFO - [2025-01-05T23:50:12.453+0000] {dag.py:3239} INFO - Sync 1 DAGs
[2025-01-05T23:50:12.466+0000] {logging_mixin.py:190} INFO - [2025-01-05T23:50:12.466+0000] {dag.py:4180} INFO - Setting next_dagrun for example_trigger_target_dag to None, run_after=None
[2025-01-05T23:50:12.483+0000] {processor.py:208} INFO - Processing /home/airflow/.local/lib/python3.12/site-packages/airflow/example_dags/example_trigger_target_dag.py took 0.073 seconds
[2025-01-05T23:50:43.452+0000] {processor.py:186} INFO - Started process (PID=5138) to work on /home/airflow/.local/lib/python3.12/site-packages/airflow/example_dags/example_trigger_target_dag.py
[2025-01-05T23:50:43.453+0000] {processor.py:914} INFO - Processing file /home/airflow/.local/lib/python3.12/site-packages/airflow/example_dags/example_trigger_target_dag.py for tasks to queue
[2025-01-05T23:50:43.456+0000] {logging_mixin.py:190} INFO - [2025-01-05T23:50:43.455+0000] {dagbag.py:588} INFO - Filling up the DagBag from /home/airflow/.local/lib/python3.12/site-packages/airflow/example_dags/example_trigger_target_dag.py
[2025-01-05T23:50:43.463+0000] {processor.py:925} INFO - DAG(s) 'example_trigger_target_dag' retrieved from /home/airflow/.local/lib/python3.12/site-packages/airflow/example_dags/example_trigger_target_dag.py
[2025-01-05T23:50:43.480+0000] {logging_mixin.py:190} INFO - [2025-01-05T23:50:43.480+0000] {dag.py:3239} INFO - Sync 1 DAGs
[2025-01-05T23:50:43.492+0000] {logging_mixin.py:190} INFO - [2025-01-05T23:50:43.492+0000] {dag.py:4180} INFO - Setting next_dagrun for example_trigger_target_dag to None, run_after=None
[2025-01-05T23:50:43.508+0000] {processor.py:208} INFO - Processing /home/airflow/.local/lib/python3.12/site-packages/airflow/example_dags/example_trigger_target_dag.py took 0.062 seconds
[2025-01-05T23:51:14.325+0000] {processor.py:186} INFO - Started process (PID=5436) to work on /home/airflow/.local/lib/python3.12/site-packages/airflow/example_dags/example_trigger_target_dag.py
[2025-01-05T23:51:14.326+0000] {processor.py:914} INFO - Processing file /home/airflow/.local/lib/python3.12/site-packages/airflow/example_dags/example_trigger_target_dag.py for tasks to queue
[2025-01-05T23:51:14.328+0000] {logging_mixin.py:190} INFO - [2025-01-05T23:51:14.328+0000] {dagbag.py:588} INFO - Filling up the DagBag from /home/airflow/.local/lib/python3.12/site-packages/airflow/example_dags/example_trigger_target_dag.py
[2025-01-05T23:51:14.334+0000] {processor.py:925} INFO - DAG(s) 'example_trigger_target_dag' retrieved from /home/airflow/.local/lib/python3.12/site-packages/airflow/example_dags/example_trigger_target_dag.py
[2025-01-05T23:51:14.351+0000] {logging_mixin.py:190} INFO - [2025-01-05T23:51:14.350+0000] {dag.py:3239} INFO - Sync 1 DAGs
[2025-01-05T23:51:14.365+0000] {logging_mixin.py:190} INFO - [2025-01-05T23:51:14.365+0000] {dag.py:4180} INFO - Setting next_dagrun for example_trigger_target_dag to None, run_after=None
[2025-01-05T23:51:14.384+0000] {processor.py:208} INFO - Processing /home/airflow/.local/lib/python3.12/site-packages/airflow/example_dags/example_trigger_target_dag.py took 0.064 seconds
[2025-01-05T23:51:45.148+0000] {processor.py:186} INFO - Started process (PID=5732) to work on /home/airflow/.local/lib/python3.12/site-packages/airflow/example_dags/example_trigger_target_dag.py
[2025-01-05T23:51:45.149+0000] {processor.py:914} INFO - Processing file /home/airflow/.local/lib/python3.12/site-packages/airflow/example_dags/example_trigger_target_dag.py for tasks to queue
[2025-01-05T23:51:45.150+0000] {logging_mixin.py:190} INFO - [2025-01-05T23:51:45.150+0000] {dagbag.py:588} INFO - Filling up the DagBag from /home/airflow/.local/lib/python3.12/site-packages/airflow/example_dags/example_trigger_target_dag.py
[2025-01-05T23:51:45.157+0000] {processor.py:925} INFO - DAG(s) 'example_trigger_target_dag' retrieved from /home/airflow/.local/lib/python3.12/site-packages/airflow/example_dags/example_trigger_target_dag.py
[2025-01-05T23:51:45.173+0000] {logging_mixin.py:190} INFO - [2025-01-05T23:51:45.173+0000] {dag.py:3239} INFO - Sync 1 DAGs
[2025-01-05T23:51:45.184+0000] {logging_mixin.py:190} INFO - [2025-01-05T23:51:45.184+0000] {dag.py:4180} INFO - Setting next_dagrun for example_trigger_target_dag to None, run_after=None
[2025-01-05T23:51:45.203+0000] {processor.py:208} INFO - Processing /home/airflow/.local/lib/python3.12/site-packages/airflow/example_dags/example_trigger_target_dag.py took 0.060 seconds
[2025-01-05T23:52:16.150+0000] {processor.py:186} INFO - Started process (PID=6026) to work on /home/airflow/.local/lib/python3.12/site-packages/airflow/example_dags/example_trigger_target_dag.py
[2025-01-05T23:52:16.151+0000] {processor.py:914} INFO - Processing file /home/airflow/.local/lib/python3.12/site-packages/airflow/example_dags/example_trigger_target_dag.py for tasks to queue
[2025-01-05T23:52:16.153+0000] {logging_mixin.py:190} INFO - [2025-01-05T23:52:16.152+0000] {dagbag.py:588} INFO - Filling up the DagBag from /home/airflow/.local/lib/python3.12/site-packages/airflow/example_dags/example_trigger_target_dag.py
[2025-01-05T23:52:16.159+0000] {processor.py:925} INFO - DAG(s) 'example_trigger_target_dag' retrieved from /home/airflow/.local/lib/python3.12/site-packages/airflow/example_dags/example_trigger_target_dag.py
[2025-01-05T23:52:16.176+0000] {logging_mixin.py:190} INFO - [2025-01-05T23:52:16.176+0000] {dag.py:3239} INFO - Sync 1 DAGs
[2025-01-05T23:52:16.187+0000] {logging_mixin.py:190} INFO - [2025-01-05T23:52:16.187+0000] {dag.py:4180} INFO - Setting next_dagrun for example_trigger_target_dag to None, run_after=None
[2025-01-05T23:52:16.204+0000] {processor.py:208} INFO - Processing /home/airflow/.local/lib/python3.12/site-packages/airflow/example_dags/example_trigger_target_dag.py took 0.059 seconds
[2025-01-05T23:52:47.032+0000] {processor.py:186} INFO - Started process (PID=6322) to work on /home/airflow/.local/lib/python3.12/site-packages/airflow/example_dags/example_trigger_target_dag.py
[2025-01-05T23:52:47.033+0000] {processor.py:914} INFO - Processing file /home/airflow/.local/lib/python3.12/site-packages/airflow/example_dags/example_trigger_target_dag.py for tasks to queue
[2025-01-05T23:52:47.035+0000] {logging_mixin.py:190} INFO - [2025-01-05T23:52:47.035+0000] {dagbag.py:588} INFO - Filling up the DagBag from /home/airflow/.local/lib/python3.12/site-packages/airflow/example_dags/example_trigger_target_dag.py
[2025-01-05T23:52:47.042+0000] {processor.py:925} INFO - DAG(s) 'example_trigger_target_dag' retrieved from /home/airflow/.local/lib/python3.12/site-packages/airflow/example_dags/example_trigger_target_dag.py
[2025-01-05T23:52:47.058+0000] {logging_mixin.py:190} INFO - [2025-01-05T23:52:47.058+0000] {dag.py:3239} INFO - Sync 1 DAGs
[2025-01-05T23:52:47.069+0000] {logging_mixin.py:190} INFO - [2025-01-05T23:52:47.069+0000] {dag.py:4180} INFO - Setting next_dagrun for example_trigger_target_dag to None, run_after=None
[2025-01-05T23:52:47.084+0000] {processor.py:208} INFO - Processing /home/airflow/.local/lib/python3.12/site-packages/airflow/example_dags/example_trigger_target_dag.py took 0.057 seconds
[2025-01-05T23:53:18.044+0000] {processor.py:186} INFO - Started process (PID=6620) to work on /home/airflow/.local/lib/python3.12/site-packages/airflow/example_dags/example_trigger_target_dag.py
[2025-01-05T23:53:18.044+0000] {processor.py:914} INFO - Processing file /home/airflow/.local/lib/python3.12/site-packages/airflow/example_dags/example_trigger_target_dag.py for tasks to queue
[2025-01-05T23:53:18.046+0000] {logging_mixin.py:190} INFO - [2025-01-05T23:53:18.046+0000] {dagbag.py:588} INFO - Filling up the DagBag from /home/airflow/.local/lib/python3.12/site-packages/airflow/example_dags/example_trigger_target_dag.py
[2025-01-05T23:53:18.052+0000] {processor.py:925} INFO - DAG(s) 'example_trigger_target_dag' retrieved from /home/airflow/.local/lib/python3.12/site-packages/airflow/example_dags/example_trigger_target_dag.py
[2025-01-05T23:53:18.068+0000] {logging_mixin.py:190} INFO - [2025-01-05T23:53:18.068+0000] {dag.py:3239} INFO - Sync 1 DAGs
[2025-01-05T23:53:18.080+0000] {logging_mixin.py:190} INFO - [2025-01-05T23:53:18.080+0000] {dag.py:4180} INFO - Setting next_dagrun for example_trigger_target_dag to None, run_after=None
[2025-01-05T23:53:18.099+0000] {processor.py:208} INFO - Processing /home/airflow/.local/lib/python3.12/site-packages/airflow/example_dags/example_trigger_target_dag.py took 0.060 seconds
[2025-01-05T23:53:49.500+0000] {processor.py:186} INFO - Started process (PID=6914) to work on /home/airflow/.local/lib/python3.12/site-packages/airflow/example_dags/example_trigger_target_dag.py
[2025-01-05T23:53:49.501+0000] {processor.py:914} INFO - Processing file /home/airflow/.local/lib/python3.12/site-packages/airflow/example_dags/example_trigger_target_dag.py for tasks to queue
[2025-01-05T23:53:49.503+0000] {logging_mixin.py:190} INFO - [2025-01-05T23:53:49.503+0000] {dagbag.py:588} INFO - Filling up the DagBag from /home/airflow/.local/lib/python3.12/site-packages/airflow/example_dags/example_trigger_target_dag.py
[2025-01-05T23:53:49.509+0000] {processor.py:925} INFO - DAG(s) 'example_trigger_target_dag' retrieved from /home/airflow/.local/lib/python3.12/site-packages/airflow/example_dags/example_trigger_target_dag.py
[2025-01-05T23:53:49.526+0000] {logging_mixin.py:190} INFO - [2025-01-05T23:53:49.526+0000] {dag.py:3239} INFO - Sync 1 DAGs
[2025-01-05T23:53:49.538+0000] {logging_mixin.py:190} INFO - [2025-01-05T23:53:49.538+0000] {dag.py:4180} INFO - Setting next_dagrun for example_trigger_target_dag to None, run_after=None
[2025-01-05T23:53:49.557+0000] {processor.py:208} INFO - Processing /home/airflow/.local/lib/python3.12/site-packages/airflow/example_dags/example_trigger_target_dag.py took 0.061 seconds
[2025-01-05T23:54:20.684+0000] {processor.py:186} INFO - Started process (PID=7210) to work on /home/airflow/.local/lib/python3.12/site-packages/airflow/example_dags/example_trigger_target_dag.py
[2025-01-05T23:54:20.685+0000] {processor.py:914} INFO - Processing file /home/airflow/.local/lib/python3.12/site-packages/airflow/example_dags/example_trigger_target_dag.py for tasks to queue
[2025-01-05T23:54:20.688+0000] {logging_mixin.py:190} INFO - [2025-01-05T23:54:20.687+0000] {dagbag.py:588} INFO - Filling up the DagBag from /home/airflow/.local/lib/python3.12/site-packages/airflow/example_dags/example_trigger_target_dag.py
[2025-01-05T23:54:20.696+0000] {processor.py:925} INFO - DAG(s) 'example_trigger_target_dag' retrieved from /home/airflow/.local/lib/python3.12/site-packages/airflow/example_dags/example_trigger_target_dag.py
[2025-01-05T23:54:20.715+0000] {logging_mixin.py:190} INFO - [2025-01-05T23:54:20.715+0000] {dag.py:3239} INFO - Sync 1 DAGs
[2025-01-05T23:54:20.737+0000] {logging_mixin.py:190} INFO - [2025-01-05T23:54:20.737+0000] {dag.py:4180} INFO - Setting next_dagrun for example_trigger_target_dag to None, run_after=None
[2025-01-05T23:54:20.759+0000] {processor.py:208} INFO - Processing /home/airflow/.local/lib/python3.12/site-packages/airflow/example_dags/example_trigger_target_dag.py took 0.079 seconds
[2025-01-05T23:54:51.470+0000] {processor.py:186} INFO - Started process (PID=7506) to work on /home/airflow/.local/lib/python3.12/site-packages/airflow/example_dags/example_trigger_target_dag.py
[2025-01-05T23:54:51.472+0000] {processor.py:914} INFO - Processing file /home/airflow/.local/lib/python3.12/site-packages/airflow/example_dags/example_trigger_target_dag.py for tasks to queue
[2025-01-05T23:54:51.474+0000] {logging_mixin.py:190} INFO - [2025-01-05T23:54:51.474+0000] {dagbag.py:588} INFO - Filling up the DagBag from /home/airflow/.local/lib/python3.12/site-packages/airflow/example_dags/example_trigger_target_dag.py
[2025-01-05T23:54:51.480+0000] {processor.py:925} INFO - DAG(s) 'example_trigger_target_dag' retrieved from /home/airflow/.local/lib/python3.12/site-packages/airflow/example_dags/example_trigger_target_dag.py
[2025-01-05T23:54:51.495+0000] {logging_mixin.py:190} INFO - [2025-01-05T23:54:51.495+0000] {dag.py:3239} INFO - Sync 1 DAGs
[2025-01-05T23:54:51.508+0000] {logging_mixin.py:190} INFO - [2025-01-05T23:54:51.508+0000] {dag.py:4180} INFO - Setting next_dagrun for example_trigger_target_dag to None, run_after=None
[2025-01-05T23:54:51.530+0000] {processor.py:208} INFO - Processing /home/airflow/.local/lib/python3.12/site-packages/airflow/example_dags/example_trigger_target_dag.py took 0.064 seconds
[2025-01-05T23:55:22.652+0000] {processor.py:186} INFO - Started process (PID=7808) to work on /home/airflow/.local/lib/python3.12/site-packages/airflow/example_dags/example_trigger_target_dag.py
[2025-01-05T23:55:22.654+0000] {processor.py:914} INFO - Processing file /home/airflow/.local/lib/python3.12/site-packages/airflow/example_dags/example_trigger_target_dag.py for tasks to queue
[2025-01-05T23:55:22.656+0000] {logging_mixin.py:190} INFO - [2025-01-05T23:55:22.656+0000] {dagbag.py:588} INFO - Filling up the DagBag from /home/airflow/.local/lib/python3.12/site-packages/airflow/example_dags/example_trigger_target_dag.py
[2025-01-05T23:55:22.663+0000] {processor.py:925} INFO - DAG(s) 'example_trigger_target_dag' retrieved from /home/airflow/.local/lib/python3.12/site-packages/airflow/example_dags/example_trigger_target_dag.py
[2025-01-05T23:55:22.681+0000] {logging_mixin.py:190} INFO - [2025-01-05T23:55:22.680+0000] {dag.py:3239} INFO - Sync 1 DAGs
[2025-01-05T23:55:22.696+0000] {logging_mixin.py:190} INFO - [2025-01-05T23:55:22.696+0000] {dag.py:4180} INFO - Setting next_dagrun for example_trigger_target_dag to None, run_after=None
[2025-01-05T23:55:22.724+0000] {processor.py:208} INFO - Processing /home/airflow/.local/lib/python3.12/site-packages/airflow/example_dags/example_trigger_target_dag.py took 0.077 seconds
[2025-01-05T23:55:53.461+0000] {processor.py:186} INFO - Started process (PID=8104) to work on /home/airflow/.local/lib/python3.12/site-packages/airflow/example_dags/example_trigger_target_dag.py
[2025-01-05T23:55:53.463+0000] {processor.py:914} INFO - Processing file /home/airflow/.local/lib/python3.12/site-packages/airflow/example_dags/example_trigger_target_dag.py for tasks to queue
[2025-01-05T23:55:53.465+0000] {logging_mixin.py:190} INFO - [2025-01-05T23:55:53.465+0000] {dagbag.py:588} INFO - Filling up the DagBag from /home/airflow/.local/lib/python3.12/site-packages/airflow/example_dags/example_trigger_target_dag.py
[2025-01-05T23:55:53.474+0000] {processor.py:925} INFO - DAG(s) 'example_trigger_target_dag' retrieved from /home/airflow/.local/lib/python3.12/site-packages/airflow/example_dags/example_trigger_target_dag.py
[2025-01-05T23:55:53.493+0000] {logging_mixin.py:190} INFO - [2025-01-05T23:55:53.492+0000] {dag.py:3239} INFO - Sync 1 DAGs
[2025-01-05T23:55:53.508+0000] {logging_mixin.py:190} INFO - [2025-01-05T23:55:53.507+0000] {dag.py:4180} INFO - Setting next_dagrun for example_trigger_target_dag to None, run_after=None
[2025-01-05T23:55:53.528+0000] {processor.py:208} INFO - Processing /home/airflow/.local/lib/python3.12/site-packages/airflow/example_dags/example_trigger_target_dag.py took 0.073 seconds
[2025-01-05T23:56:24.294+0000] {processor.py:186} INFO - Started process (PID=8400) to work on /home/airflow/.local/lib/python3.12/site-packages/airflow/example_dags/example_trigger_target_dag.py
[2025-01-05T23:56:24.295+0000] {processor.py:914} INFO - Processing file /home/airflow/.local/lib/python3.12/site-packages/airflow/example_dags/example_trigger_target_dag.py for tasks to queue
[2025-01-05T23:56:24.297+0000] {logging_mixin.py:190} INFO - [2025-01-05T23:56:24.297+0000] {dagbag.py:588} INFO - Filling up the DagBag from /home/airflow/.local/lib/python3.12/site-packages/airflow/example_dags/example_trigger_target_dag.py
[2025-01-05T23:56:24.306+0000] {processor.py:925} INFO - DAG(s) 'example_trigger_target_dag' retrieved from /home/airflow/.local/lib/python3.12/site-packages/airflow/example_dags/example_trigger_target_dag.py
[2025-01-05T23:56:24.323+0000] {logging_mixin.py:190} INFO - [2025-01-05T23:56:24.323+0000] {dag.py:3239} INFO - Sync 1 DAGs
[2025-01-05T23:56:24.334+0000] {logging_mixin.py:190} INFO - [2025-01-05T23:56:24.334+0000] {dag.py:4180} INFO - Setting next_dagrun for example_trigger_target_dag to None, run_after=None
[2025-01-05T23:56:24.352+0000] {processor.py:208} INFO - Processing /home/airflow/.local/lib/python3.12/site-packages/airflow/example_dags/example_trigger_target_dag.py took 0.063 seconds
[2025-01-05T23:56:55.137+0000] {processor.py:186} INFO - Started process (PID=8696) to work on /home/airflow/.local/lib/python3.12/site-packages/airflow/example_dags/example_trigger_target_dag.py
[2025-01-05T23:56:55.138+0000] {processor.py:914} INFO - Processing file /home/airflow/.local/lib/python3.12/site-packages/airflow/example_dags/example_trigger_target_dag.py for tasks to queue
[2025-01-05T23:56:55.140+0000] {logging_mixin.py:190} INFO - [2025-01-05T23:56:55.140+0000] {dagbag.py:588} INFO - Filling up the DagBag from /home/airflow/.local/lib/python3.12/site-packages/airflow/example_dags/example_trigger_target_dag.py
[2025-01-05T23:56:55.146+0000] {processor.py:925} INFO - DAG(s) 'example_trigger_target_dag' retrieved from /home/airflow/.local/lib/python3.12/site-packages/airflow/example_dags/example_trigger_target_dag.py
[2025-01-05T23:56:55.163+0000] {logging_mixin.py:190} INFO - [2025-01-05T23:56:55.163+0000] {dag.py:3239} INFO - Sync 1 DAGs
[2025-01-05T23:56:55.175+0000] {logging_mixin.py:190} INFO - [2025-01-05T23:56:55.175+0000] {dag.py:4180} INFO - Setting next_dagrun for example_trigger_target_dag to None, run_after=None
[2025-01-05T23:56:55.194+0000] {processor.py:208} INFO - Processing /home/airflow/.local/lib/python3.12/site-packages/airflow/example_dags/example_trigger_target_dag.py took 0.062 seconds
[2025-01-05T23:57:26.663+0000] {processor.py:186} INFO - Started process (PID=8994) to work on /home/airflow/.local/lib/python3.12/site-packages/airflow/example_dags/example_trigger_target_dag.py
[2025-01-05T23:57:26.663+0000] {processor.py:914} INFO - Processing file /home/airflow/.local/lib/python3.12/site-packages/airflow/example_dags/example_trigger_target_dag.py for tasks to queue
[2025-01-05T23:57:26.665+0000] {logging_mixin.py:190} INFO - [2025-01-05T23:57:26.665+0000] {dagbag.py:588} INFO - Filling up the DagBag from /home/airflow/.local/lib/python3.12/site-packages/airflow/example_dags/example_trigger_target_dag.py
[2025-01-05T23:57:26.671+0000] {processor.py:925} INFO - DAG(s) 'example_trigger_target_dag' retrieved from /home/airflow/.local/lib/python3.12/site-packages/airflow/example_dags/example_trigger_target_dag.py
[2025-01-05T23:57:26.688+0000] {logging_mixin.py:190} INFO - [2025-01-05T23:57:26.687+0000] {dag.py:3239} INFO - Sync 1 DAGs
[2025-01-05T23:57:26.699+0000] {logging_mixin.py:190} INFO - [2025-01-05T23:57:26.698+0000] {dag.py:4180} INFO - Setting next_dagrun for example_trigger_target_dag to None, run_after=None
[2025-01-05T23:57:26.717+0000] {processor.py:208} INFO - Processing /home/airflow/.local/lib/python3.12/site-packages/airflow/example_dags/example_trigger_target_dag.py took 0.059 seconds
[2025-01-05T23:57:57.516+0000] {processor.py:186} INFO - Started process (PID=9288) to work on /home/airflow/.local/lib/python3.12/site-packages/airflow/example_dags/example_trigger_target_dag.py
[2025-01-05T23:57:57.517+0000] {processor.py:914} INFO - Processing file /home/airflow/.local/lib/python3.12/site-packages/airflow/example_dags/example_trigger_target_dag.py for tasks to queue
[2025-01-05T23:57:57.519+0000] {logging_mixin.py:190} INFO - [2025-01-05T23:57:57.519+0000] {dagbag.py:588} INFO - Filling up the DagBag from /home/airflow/.local/lib/python3.12/site-packages/airflow/example_dags/example_trigger_target_dag.py
[2025-01-05T23:57:57.525+0000] {processor.py:925} INFO - DAG(s) 'example_trigger_target_dag' retrieved from /home/airflow/.local/lib/python3.12/site-packages/airflow/example_dags/example_trigger_target_dag.py
[2025-01-05T23:57:57.541+0000] {logging_mixin.py:190} INFO - [2025-01-05T23:57:57.541+0000] {dag.py:3239} INFO - Sync 1 DAGs
[2025-01-05T23:57:57.553+0000] {logging_mixin.py:190} INFO - [2025-01-05T23:57:57.553+0000] {dag.py:4180} INFO - Setting next_dagrun for example_trigger_target_dag to None, run_after=None
[2025-01-05T23:57:57.570+0000] {processor.py:208} INFO - Processing /home/airflow/.local/lib/python3.12/site-packages/airflow/example_dags/example_trigger_target_dag.py took 0.058 seconds
[2025-01-05T23:58:28.292+0000] {processor.py:186} INFO - Started process (PID=9584) to work on /home/airflow/.local/lib/python3.12/site-packages/airflow/example_dags/example_trigger_target_dag.py
[2025-01-05T23:58:28.293+0000] {processor.py:914} INFO - Processing file /home/airflow/.local/lib/python3.12/site-packages/airflow/example_dags/example_trigger_target_dag.py for tasks to queue
[2025-01-05T23:58:28.295+0000] {logging_mixin.py:190} INFO - [2025-01-05T23:58:28.295+0000] {dagbag.py:588} INFO - Filling up the DagBag from /home/airflow/.local/lib/python3.12/site-packages/airflow/example_dags/example_trigger_target_dag.py
[2025-01-05T23:58:28.301+0000] {processor.py:925} INFO - DAG(s) 'example_trigger_target_dag' retrieved from /home/airflow/.local/lib/python3.12/site-packages/airflow/example_dags/example_trigger_target_dag.py
[2025-01-05T23:58:28.318+0000] {logging_mixin.py:190} INFO - [2025-01-05T23:58:28.317+0000] {dag.py:3239} INFO - Sync 1 DAGs
[2025-01-05T23:58:28.329+0000] {logging_mixin.py:190} INFO - [2025-01-05T23:58:28.329+0000] {dag.py:4180} INFO - Setting next_dagrun for example_trigger_target_dag to None, run_after=None
[2025-01-05T23:58:28.346+0000] {processor.py:208} INFO - Processing /home/airflow/.local/lib/python3.12/site-packages/airflow/example_dags/example_trigger_target_dag.py took 0.059 seconds
[2025-01-05T23:58:58.988+0000] {processor.py:186} INFO - Started process (PID=9880) to work on /home/airflow/.local/lib/python3.12/site-packages/airflow/example_dags/example_trigger_target_dag.py
[2025-01-05T23:58:58.989+0000] {processor.py:914} INFO - Processing file /home/airflow/.local/lib/python3.12/site-packages/airflow/example_dags/example_trigger_target_dag.py for tasks to queue
[2025-01-05T23:58:58.991+0000] {logging_mixin.py:190} INFO - [2025-01-05T23:58:58.991+0000] {dagbag.py:588} INFO - Filling up the DagBag from /home/airflow/.local/lib/python3.12/site-packages/airflow/example_dags/example_trigger_target_dag.py
[2025-01-05T23:58:58.998+0000] {processor.py:925} INFO - DAG(s) 'example_trigger_target_dag' retrieved from /home/airflow/.local/lib/python3.12/site-packages/airflow/example_dags/example_trigger_target_dag.py
[2025-01-05T23:58:59.016+0000] {logging_mixin.py:190} INFO - [2025-01-05T23:58:59.016+0000] {dag.py:3239} INFO - Sync 1 DAGs
[2025-01-05T23:58:59.028+0000] {logging_mixin.py:190} INFO - [2025-01-05T23:58:59.028+0000] {dag.py:4180} INFO - Setting next_dagrun for example_trigger_target_dag to None, run_after=None
[2025-01-05T23:58:59.051+0000] {processor.py:208} INFO - Processing /home/airflow/.local/lib/python3.12/site-packages/airflow/example_dags/example_trigger_target_dag.py took 0.068 seconds
[2025-01-05T23:59:30.413+0000] {processor.py:186} INFO - Started process (PID=10177) to work on /home/airflow/.local/lib/python3.12/site-packages/airflow/example_dags/example_trigger_target_dag.py
[2025-01-05T23:59:30.413+0000] {processor.py:914} INFO - Processing file /home/airflow/.local/lib/python3.12/site-packages/airflow/example_dags/example_trigger_target_dag.py for tasks to queue
[2025-01-05T23:59:30.416+0000] {logging_mixin.py:190} INFO - [2025-01-05T23:59:30.415+0000] {dagbag.py:588} INFO - Filling up the DagBag from /home/airflow/.local/lib/python3.12/site-packages/airflow/example_dags/example_trigger_target_dag.py
[2025-01-05T23:59:30.424+0000] {processor.py:925} INFO - DAG(s) 'example_trigger_target_dag' retrieved from /home/airflow/.local/lib/python3.12/site-packages/airflow/example_dags/example_trigger_target_dag.py
[2025-01-05T23:59:30.454+0000] {logging_mixin.py:190} INFO - [2025-01-05T23:59:30.453+0000] {dag.py:3239} INFO - Sync 1 DAGs
[2025-01-05T23:59:30.487+0000] {logging_mixin.py:190} INFO - [2025-01-05T23:59:30.487+0000] {dag.py:4180} INFO - Setting next_dagrun for example_trigger_target_dag to None, run_after=None
[2025-01-05T23:59:30.514+0000] {processor.py:208} INFO - Processing /home/airflow/.local/lib/python3.12/site-packages/airflow/example_dags/example_trigger_target_dag.py took 0.106 seconds
