[2025-01-05T23:42:27.887+0000] {processor.py:186} INFO - Started process (PID=367) to work on /home/airflow/.local/lib/python3.12/site-packages/airflow/example_dags/example_branch_operator.py
[2025-01-05T23:42:27.888+0000] {processor.py:914} INFO - Processing file /home/airflow/.local/lib/python3.12/site-packages/airflow/example_dags/example_branch_operator.py for tasks to queue
[2025-01-05T23:42:27.891+0000] {logging_mixin.py:190} INFO - [2025-01-05T23:42:27.890+0000] {dagbag.py:588} INFO - Filling up the DagBag from /home/airflow/.local/lib/python3.12/site-packages/airflow/example_dags/example_branch_operator.py
[2025-01-05T23:42:27.914+0000] {processor.py:925} INFO - DAG(s) 'example_branch_operator' retrieved from /home/airflow/.local/lib/python3.12/site-packages/airflow/example_dags/example_branch_operator.py
[2025-01-05T23:42:28.044+0000] {logging_mixin.py:190} INFO - [2025-01-05T23:42:28.044+0000] {dag.py:3239} INFO - Sync 1 DAGs
[2025-01-05T23:42:28.067+0000] {logging_mixin.py:190} INFO - [2025-01-05T23:42:28.067+0000] {dag.py:4180} INFO - Setting next_dagrun for example_branch_operator to 2025-01-04 00:00:00+00:00, run_after=2025-01-05 00:00:00+00:00
[2025-01-05T23:42:28.086+0000] {processor.py:208} INFO - Processing /home/airflow/.local/lib/python3.12/site-packages/airflow/example_dags/example_branch_operator.py took 0.207 seconds
[2025-01-05T23:42:59.285+0000] {processor.py:186} INFO - Started process (PID=663) to work on /home/airflow/.local/lib/python3.12/site-packages/airflow/example_dags/example_branch_operator.py
[2025-01-05T23:42:59.286+0000] {processor.py:914} INFO - Processing file /home/airflow/.local/lib/python3.12/site-packages/airflow/example_dags/example_branch_operator.py for tasks to queue
[2025-01-05T23:42:59.289+0000] {logging_mixin.py:190} INFO - [2025-01-05T23:42:59.289+0000] {dagbag.py:588} INFO - Filling up the DagBag from /home/airflow/.local/lib/python3.12/site-packages/airflow/example_dags/example_branch_operator.py
[2025-01-05T23:42:59.308+0000] {processor.py:925} INFO - DAG(s) 'example_branch_operator' retrieved from /home/airflow/.local/lib/python3.12/site-packages/airflow/example_dags/example_branch_operator.py
[2025-01-05T23:42:59.349+0000] {logging_mixin.py:190} INFO - [2025-01-05T23:42:59.348+0000] {dag.py:3239} INFO - Sync 1 DAGs
[2025-01-05T23:42:59.394+0000] {logging_mixin.py:190} INFO - [2025-01-05T23:42:59.393+0000] {dag.py:4180} INFO - Setting next_dagrun for example_branch_operator to 2025-01-04 00:00:00+00:00, run_after=2025-01-05 00:00:00+00:00
[2025-01-05T23:42:59.425+0000] {processor.py:208} INFO - Processing /home/airflow/.local/lib/python3.12/site-packages/airflow/example_dags/example_branch_operator.py took 0.147 seconds
[2025-01-05T23:43:30.589+0000] {processor.py:186} INFO - Started process (PID=959) to work on /home/airflow/.local/lib/python3.12/site-packages/airflow/example_dags/example_branch_operator.py
[2025-01-05T23:43:30.591+0000] {processor.py:914} INFO - Processing file /home/airflow/.local/lib/python3.12/site-packages/airflow/example_dags/example_branch_operator.py for tasks to queue
[2025-01-05T23:43:30.593+0000] {logging_mixin.py:190} INFO - [2025-01-05T23:43:30.593+0000] {dagbag.py:588} INFO - Filling up the DagBag from /home/airflow/.local/lib/python3.12/site-packages/airflow/example_dags/example_branch_operator.py
[2025-01-05T23:43:30.613+0000] {processor.py:925} INFO - DAG(s) 'example_branch_operator' retrieved from /home/airflow/.local/lib/python3.12/site-packages/airflow/example_dags/example_branch_operator.py
[2025-01-05T23:43:30.646+0000] {logging_mixin.py:190} INFO - [2025-01-05T23:43:30.645+0000] {dag.py:3239} INFO - Sync 1 DAGs
[2025-01-05T23:43:30.674+0000] {logging_mixin.py:190} INFO - [2025-01-05T23:43:30.673+0000] {dag.py:4180} INFO - Setting next_dagrun for example_branch_operator to 2025-01-04 00:00:00+00:00, run_after=2025-01-05 00:00:00+00:00
[2025-01-05T23:43:30.699+0000] {processor.py:208} INFO - Processing /home/airflow/.local/lib/python3.12/site-packages/airflow/example_dags/example_branch_operator.py took 0.118 seconds
[2025-01-05T23:44:01.390+0000] {processor.py:186} INFO - Started process (PID=1255) to work on /home/airflow/.local/lib/python3.12/site-packages/airflow/example_dags/example_branch_operator.py
[2025-01-05T23:44:01.391+0000] {processor.py:914} INFO - Processing file /home/airflow/.local/lib/python3.12/site-packages/airflow/example_dags/example_branch_operator.py for tasks to queue
[2025-01-05T23:44:01.394+0000] {logging_mixin.py:190} INFO - [2025-01-05T23:44:01.393+0000] {dagbag.py:588} INFO - Filling up the DagBag from /home/airflow/.local/lib/python3.12/site-packages/airflow/example_dags/example_branch_operator.py
[2025-01-05T23:44:01.409+0000] {processor.py:925} INFO - DAG(s) 'example_branch_operator' retrieved from /home/airflow/.local/lib/python3.12/site-packages/airflow/example_dags/example_branch_operator.py
[2025-01-05T23:44:01.436+0000] {logging_mixin.py:190} INFO - [2025-01-05T23:44:01.435+0000] {dag.py:3239} INFO - Sync 1 DAGs
[2025-01-05T23:44:01.457+0000] {logging_mixin.py:190} INFO - [2025-01-05T23:44:01.457+0000] {dag.py:4180} INFO - Setting next_dagrun for example_branch_operator to 2025-01-04 00:00:00+00:00, run_after=2025-01-05 00:00:00+00:00
[2025-01-05T23:44:01.477+0000] {processor.py:208} INFO - Processing /home/airflow/.local/lib/python3.12/site-packages/airflow/example_dags/example_branch_operator.py took 0.092 seconds
[2025-01-05T23:44:31.928+0000] {processor.py:186} INFO - Started process (PID=1546) to work on /home/airflow/.local/lib/python3.12/site-packages/airflow/example_dags/example_branch_operator.py
[2025-01-05T23:44:31.929+0000] {processor.py:914} INFO - Processing file /home/airflow/.local/lib/python3.12/site-packages/airflow/example_dags/example_branch_operator.py for tasks to queue
[2025-01-05T23:44:31.931+0000] {logging_mixin.py:190} INFO - [2025-01-05T23:44:31.931+0000] {dagbag.py:588} INFO - Filling up the DagBag from /home/airflow/.local/lib/python3.12/site-packages/airflow/example_dags/example_branch_operator.py
[2025-01-05T23:44:31.946+0000] {processor.py:925} INFO - DAG(s) 'example_branch_operator' retrieved from /home/airflow/.local/lib/python3.12/site-packages/airflow/example_dags/example_branch_operator.py
[2025-01-05T23:44:31.972+0000] {logging_mixin.py:190} INFO - [2025-01-05T23:44:31.971+0000] {dag.py:3239} INFO - Sync 1 DAGs
[2025-01-05T23:44:31.990+0000] {logging_mixin.py:190} INFO - [2025-01-05T23:44:31.990+0000] {dag.py:4180} INFO - Setting next_dagrun for example_branch_operator to 2025-01-04 00:00:00+00:00, run_after=2025-01-05 00:00:00+00:00
[2025-01-05T23:44:32.007+0000] {processor.py:208} INFO - Processing /home/airflow/.local/lib/python3.12/site-packages/airflow/example_dags/example_branch_operator.py took 0.083 seconds
[2025-01-05T23:45:02.759+0000] {processor.py:186} INFO - Started process (PID=1842) to work on /home/airflow/.local/lib/python3.12/site-packages/airflow/example_dags/example_branch_operator.py
[2025-01-05T23:45:02.761+0000] {processor.py:914} INFO - Processing file /home/airflow/.local/lib/python3.12/site-packages/airflow/example_dags/example_branch_operator.py for tasks to queue
[2025-01-05T23:45:02.763+0000] {logging_mixin.py:190} INFO - [2025-01-05T23:45:02.763+0000] {dagbag.py:588} INFO - Filling up the DagBag from /home/airflow/.local/lib/python3.12/site-packages/airflow/example_dags/example_branch_operator.py
[2025-01-05T23:45:02.779+0000] {processor.py:925} INFO - DAG(s) 'example_branch_operator' retrieved from /home/airflow/.local/lib/python3.12/site-packages/airflow/example_dags/example_branch_operator.py
[2025-01-05T23:45:02.801+0000] {logging_mixin.py:190} INFO - [2025-01-05T23:45:02.801+0000] {dag.py:3239} INFO - Sync 1 DAGs
[2025-01-05T23:45:02.829+0000] {logging_mixin.py:190} INFO - [2025-01-05T23:45:02.829+0000] {dag.py:4180} INFO - Setting next_dagrun for example_branch_operator to 2025-01-04 00:00:00+00:00, run_after=2025-01-05 00:00:00+00:00
[2025-01-05T23:45:02.845+0000] {processor.py:208} INFO - Processing /home/airflow/.local/lib/python3.12/site-packages/airflow/example_dags/example_branch_operator.py took 0.091 seconds
[2025-01-05T23:45:33.442+0000] {processor.py:186} INFO - Started process (PID=2143) to work on /home/airflow/.local/lib/python3.12/site-packages/airflow/example_dags/example_branch_operator.py
[2025-01-05T23:45:33.443+0000] {processor.py:914} INFO - Processing file /home/airflow/.local/lib/python3.12/site-packages/airflow/example_dags/example_branch_operator.py for tasks to queue
[2025-01-05T23:45:33.445+0000] {logging_mixin.py:190} INFO - [2025-01-05T23:45:33.444+0000] {dagbag.py:588} INFO - Filling up the DagBag from /home/airflow/.local/lib/python3.12/site-packages/airflow/example_dags/example_branch_operator.py
[2025-01-05T23:45:33.458+0000] {processor.py:925} INFO - DAG(s) 'example_branch_operator' retrieved from /home/airflow/.local/lib/python3.12/site-packages/airflow/example_dags/example_branch_operator.py
[2025-01-05T23:45:33.486+0000] {logging_mixin.py:190} INFO - [2025-01-05T23:45:33.486+0000] {dag.py:3239} INFO - Sync 1 DAGs
[2025-01-05T23:45:33.504+0000] {logging_mixin.py:190} INFO - [2025-01-05T23:45:33.504+0000] {dag.py:4180} INFO - Setting next_dagrun for example_branch_operator to 2025-01-04 00:00:00+00:00, run_after=2025-01-05 00:00:00+00:00
[2025-01-05T23:45:33.524+0000] {processor.py:208} INFO - Processing /home/airflow/.local/lib/python3.12/site-packages/airflow/example_dags/example_branch_operator.py took 0.087 seconds
[2025-01-05T23:46:05.025+0000] {processor.py:186} INFO - Started process (PID=2439) to work on /home/airflow/.local/lib/python3.12/site-packages/airflow/example_dags/example_branch_operator.py
[2025-01-05T23:46:05.026+0000] {processor.py:914} INFO - Processing file /home/airflow/.local/lib/python3.12/site-packages/airflow/example_dags/example_branch_operator.py for tasks to queue
[2025-01-05T23:46:05.028+0000] {logging_mixin.py:190} INFO - [2025-01-05T23:46:05.028+0000] {dagbag.py:588} INFO - Filling up the DagBag from /home/airflow/.local/lib/python3.12/site-packages/airflow/example_dags/example_branch_operator.py
[2025-01-05T23:46:05.043+0000] {processor.py:925} INFO - DAG(s) 'example_branch_operator' retrieved from /home/airflow/.local/lib/python3.12/site-packages/airflow/example_dags/example_branch_operator.py
[2025-01-05T23:46:05.064+0000] {logging_mixin.py:190} INFO - [2025-01-05T23:46:05.064+0000] {dag.py:3239} INFO - Sync 1 DAGs
[2025-01-05T23:46:05.084+0000] {logging_mixin.py:190} INFO - [2025-01-05T23:46:05.084+0000] {dag.py:4180} INFO - Setting next_dagrun for example_branch_operator to 2025-01-04 00:00:00+00:00, run_after=2025-01-05 00:00:00+00:00
[2025-01-05T23:46:05.102+0000] {processor.py:208} INFO - Processing /home/airflow/.local/lib/python3.12/site-packages/airflow/example_dags/example_branch_operator.py took 0.084 seconds
[2025-01-05T23:46:35.898+0000] {processor.py:186} INFO - Started process (PID=2735) to work on /home/airflow/.local/lib/python3.12/site-packages/airflow/example_dags/example_branch_operator.py
[2025-01-05T23:46:35.899+0000] {processor.py:914} INFO - Processing file /home/airflow/.local/lib/python3.12/site-packages/airflow/example_dags/example_branch_operator.py for tasks to queue
[2025-01-05T23:46:35.901+0000] {logging_mixin.py:190} INFO - [2025-01-05T23:46:35.901+0000] {dagbag.py:588} INFO - Filling up the DagBag from /home/airflow/.local/lib/python3.12/site-packages/airflow/example_dags/example_branch_operator.py
[2025-01-05T23:46:35.917+0000] {processor.py:925} INFO - DAG(s) 'example_branch_operator' retrieved from /home/airflow/.local/lib/python3.12/site-packages/airflow/example_dags/example_branch_operator.py
[2025-01-05T23:46:35.943+0000] {logging_mixin.py:190} INFO - [2025-01-05T23:46:35.942+0000] {dag.py:3239} INFO - Sync 1 DAGs
[2025-01-05T23:46:35.966+0000] {logging_mixin.py:190} INFO - [2025-01-05T23:46:35.966+0000] {dag.py:4180} INFO - Setting next_dagrun for example_branch_operator to 2025-01-04 00:00:00+00:00, run_after=2025-01-05 00:00:00+00:00
[2025-01-05T23:46:35.988+0000] {processor.py:208} INFO - Processing /home/airflow/.local/lib/python3.12/site-packages/airflow/example_dags/example_branch_operator.py took 0.095 seconds
[2025-01-05T23:47:06.946+0000] {processor.py:186} INFO - Started process (PID=3031) to work on /home/airflow/.local/lib/python3.12/site-packages/airflow/example_dags/example_branch_operator.py
[2025-01-05T23:47:06.947+0000] {processor.py:914} INFO - Processing file /home/airflow/.local/lib/python3.12/site-packages/airflow/example_dags/example_branch_operator.py for tasks to queue
[2025-01-05T23:47:06.949+0000] {logging_mixin.py:190} INFO - [2025-01-05T23:47:06.949+0000] {dagbag.py:588} INFO - Filling up the DagBag from /home/airflow/.local/lib/python3.12/site-packages/airflow/example_dags/example_branch_operator.py
[2025-01-05T23:47:06.964+0000] {processor.py:925} INFO - DAG(s) 'example_branch_operator' retrieved from /home/airflow/.local/lib/python3.12/site-packages/airflow/example_dags/example_branch_operator.py
[2025-01-05T23:47:06.986+0000] {logging_mixin.py:190} INFO - [2025-01-05T23:47:06.986+0000] {dag.py:3239} INFO - Sync 1 DAGs
[2025-01-05T23:47:07.004+0000] {logging_mixin.py:190} INFO - [2025-01-05T23:47:07.004+0000] {dag.py:4180} INFO - Setting next_dagrun for example_branch_operator to 2025-01-04 00:00:00+00:00, run_after=2025-01-05 00:00:00+00:00
[2025-01-05T23:47:07.020+0000] {processor.py:208} INFO - Processing /home/airflow/.local/lib/python3.12/site-packages/airflow/example_dags/example_branch_operator.py took 0.079 seconds
[2025-01-05T23:47:37.685+0000] {processor.py:186} INFO - Started process (PID=3327) to work on /home/airflow/.local/lib/python3.12/site-packages/airflow/example_dags/example_branch_operator.py
[2025-01-05T23:47:37.686+0000] {processor.py:914} INFO - Processing file /home/airflow/.local/lib/python3.12/site-packages/airflow/example_dags/example_branch_operator.py for tasks to queue
[2025-01-05T23:47:37.688+0000] {logging_mixin.py:190} INFO - [2025-01-05T23:47:37.688+0000] {dagbag.py:588} INFO - Filling up the DagBag from /home/airflow/.local/lib/python3.12/site-packages/airflow/example_dags/example_branch_operator.py
[2025-01-05T23:47:37.702+0000] {processor.py:925} INFO - DAG(s) 'example_branch_operator' retrieved from /home/airflow/.local/lib/python3.12/site-packages/airflow/example_dags/example_branch_operator.py
[2025-01-05T23:47:37.724+0000] {logging_mixin.py:190} INFO - [2025-01-05T23:47:37.724+0000] {dag.py:3239} INFO - Sync 1 DAGs
[2025-01-05T23:47:37.744+0000] {logging_mixin.py:190} INFO - [2025-01-05T23:47:37.744+0000] {dag.py:4180} INFO - Setting next_dagrun for example_branch_operator to 2025-01-04 00:00:00+00:00, run_after=2025-01-05 00:00:00+00:00
[2025-01-05T23:47:37.758+0000] {processor.py:208} INFO - Processing /home/airflow/.local/lib/python3.12/site-packages/airflow/example_dags/example_branch_operator.py took 0.079 seconds
[2025-01-05T23:48:08.317+0000] {processor.py:186} INFO - Started process (PID=3623) to work on /home/airflow/.local/lib/python3.12/site-packages/airflow/example_dags/example_branch_operator.py
[2025-01-05T23:48:08.318+0000] {processor.py:914} INFO - Processing file /home/airflow/.local/lib/python3.12/site-packages/airflow/example_dags/example_branch_operator.py for tasks to queue
[2025-01-05T23:48:08.320+0000] {logging_mixin.py:190} INFO - [2025-01-05T23:48:08.319+0000] {dagbag.py:588} INFO - Filling up the DagBag from /home/airflow/.local/lib/python3.12/site-packages/airflow/example_dags/example_branch_operator.py
[2025-01-05T23:48:08.334+0000] {processor.py:925} INFO - DAG(s) 'example_branch_operator' retrieved from /home/airflow/.local/lib/python3.12/site-packages/airflow/example_dags/example_branch_operator.py
[2025-01-05T23:48:08.357+0000] {logging_mixin.py:190} INFO - [2025-01-05T23:48:08.357+0000] {dag.py:3239} INFO - Sync 1 DAGs
[2025-01-05T23:48:08.375+0000] {logging_mixin.py:190} INFO - [2025-01-05T23:48:08.375+0000] {dag.py:4180} INFO - Setting next_dagrun for example_branch_operator to 2025-01-04 00:00:00+00:00, run_after=2025-01-05 00:00:00+00:00
[2025-01-05T23:48:08.391+0000] {processor.py:208} INFO - Processing /home/airflow/.local/lib/python3.12/site-packages/airflow/example_dags/example_branch_operator.py took 0.079 seconds
[2025-01-05T23:48:39.187+0000] {processor.py:186} INFO - Started process (PID=3919) to work on /home/airflow/.local/lib/python3.12/site-packages/airflow/example_dags/example_branch_operator.py
[2025-01-05T23:48:39.188+0000] {processor.py:914} INFO - Processing file /home/airflow/.local/lib/python3.12/site-packages/airflow/example_dags/example_branch_operator.py for tasks to queue
[2025-01-05T23:48:39.190+0000] {logging_mixin.py:190} INFO - [2025-01-05T23:48:39.190+0000] {dagbag.py:588} INFO - Filling up the DagBag from /home/airflow/.local/lib/python3.12/site-packages/airflow/example_dags/example_branch_operator.py
[2025-01-05T23:48:39.208+0000] {processor.py:925} INFO - DAG(s) 'example_branch_operator' retrieved from /home/airflow/.local/lib/python3.12/site-packages/airflow/example_dags/example_branch_operator.py
[2025-01-05T23:48:39.229+0000] {logging_mixin.py:190} INFO - [2025-01-05T23:48:39.229+0000] {dag.py:3239} INFO - Sync 1 DAGs
[2025-01-05T23:48:39.249+0000] {logging_mixin.py:190} INFO - [2025-01-05T23:48:39.249+0000] {dag.py:4180} INFO - Setting next_dagrun for example_branch_operator to 2025-01-04 00:00:00+00:00, run_after=2025-01-05 00:00:00+00:00
[2025-01-05T23:48:39.265+0000] {processor.py:208} INFO - Processing /home/airflow/.local/lib/python3.12/site-packages/airflow/example_dags/example_branch_operator.py took 0.082 seconds
[2025-01-05T23:49:09.901+0000] {processor.py:186} INFO - Started process (PID=4215) to work on /home/airflow/.local/lib/python3.12/site-packages/airflow/example_dags/example_branch_operator.py
[2025-01-05T23:49:09.902+0000] {processor.py:914} INFO - Processing file /home/airflow/.local/lib/python3.12/site-packages/airflow/example_dags/example_branch_operator.py for tasks to queue
[2025-01-05T23:49:09.904+0000] {logging_mixin.py:190} INFO - [2025-01-05T23:49:09.904+0000] {dagbag.py:588} INFO - Filling up the DagBag from /home/airflow/.local/lib/python3.12/site-packages/airflow/example_dags/example_branch_operator.py
[2025-01-05T23:49:09.917+0000] {processor.py:925} INFO - DAG(s) 'example_branch_operator' retrieved from /home/airflow/.local/lib/python3.12/site-packages/airflow/example_dags/example_branch_operator.py
[2025-01-05T23:49:09.940+0000] {logging_mixin.py:190} INFO - [2025-01-05T23:49:09.940+0000] {dag.py:3239} INFO - Sync 1 DAGs
[2025-01-05T23:49:09.959+0000] {logging_mixin.py:190} INFO - [2025-01-05T23:49:09.959+0000] {dag.py:4180} INFO - Setting next_dagrun for example_branch_operator to 2025-01-04 00:00:00+00:00, run_after=2025-01-05 00:00:00+00:00
[2025-01-05T23:49:09.975+0000] {processor.py:208} INFO - Processing /home/airflow/.local/lib/python3.12/site-packages/airflow/example_dags/example_branch_operator.py took 0.079 seconds
[2025-01-05T23:49:40.711+0000] {processor.py:186} INFO - Started process (PID=4506) to work on /home/airflow/.local/lib/python3.12/site-packages/airflow/example_dags/example_branch_operator.py
[2025-01-05T23:49:40.712+0000] {processor.py:914} INFO - Processing file /home/airflow/.local/lib/python3.12/site-packages/airflow/example_dags/example_branch_operator.py for tasks to queue
[2025-01-05T23:49:40.714+0000] {logging_mixin.py:190} INFO - [2025-01-05T23:49:40.714+0000] {dagbag.py:588} INFO - Filling up the DagBag from /home/airflow/.local/lib/python3.12/site-packages/airflow/example_dags/example_branch_operator.py
[2025-01-05T23:49:40.730+0000] {processor.py:925} INFO - DAG(s) 'example_branch_operator' retrieved from /home/airflow/.local/lib/python3.12/site-packages/airflow/example_dags/example_branch_operator.py
[2025-01-05T23:49:40.753+0000] {logging_mixin.py:190} INFO - [2025-01-05T23:49:40.753+0000] {dag.py:3239} INFO - Sync 1 DAGs
[2025-01-05T23:49:40.779+0000] {logging_mixin.py:190} INFO - [2025-01-05T23:49:40.779+0000] {dag.py:4180} INFO - Setting next_dagrun for example_branch_operator to 2025-01-04 00:00:00+00:00, run_after=2025-01-05 00:00:00+00:00
[2025-01-05T23:49:40.799+0000] {processor.py:208} INFO - Processing /home/airflow/.local/lib/python3.12/site-packages/airflow/example_dags/example_branch_operator.py took 0.092 seconds
[2025-01-05T23:50:11.679+0000] {processor.py:186} INFO - Started process (PID=4802) to work on /home/airflow/.local/lib/python3.12/site-packages/airflow/example_dags/example_branch_operator.py
[2025-01-05T23:50:11.680+0000] {processor.py:914} INFO - Processing file /home/airflow/.local/lib/python3.12/site-packages/airflow/example_dags/example_branch_operator.py for tasks to queue
[2025-01-05T23:50:11.682+0000] {logging_mixin.py:190} INFO - [2025-01-05T23:50:11.682+0000] {dagbag.py:588} INFO - Filling up the DagBag from /home/airflow/.local/lib/python3.12/site-packages/airflow/example_dags/example_branch_operator.py
[2025-01-05T23:50:11.698+0000] {processor.py:925} INFO - DAG(s) 'example_branch_operator' retrieved from /home/airflow/.local/lib/python3.12/site-packages/airflow/example_dags/example_branch_operator.py
[2025-01-05T23:50:11.724+0000] {logging_mixin.py:190} INFO - [2025-01-05T23:50:11.724+0000] {dag.py:3239} INFO - Sync 1 DAGs
[2025-01-05T23:50:11.743+0000] {logging_mixin.py:190} INFO - [2025-01-05T23:50:11.743+0000] {dag.py:4180} INFO - Setting next_dagrun for example_branch_operator to 2025-01-04 00:00:00+00:00, run_after=2025-01-05 00:00:00+00:00
[2025-01-05T23:50:11.759+0000] {processor.py:208} INFO - Processing /home/airflow/.local/lib/python3.12/site-packages/airflow/example_dags/example_branch_operator.py took 0.084 seconds
[2025-01-05T23:50:42.807+0000] {processor.py:186} INFO - Started process (PID=5098) to work on /home/airflow/.local/lib/python3.12/site-packages/airflow/example_dags/example_branch_operator.py
[2025-01-05T23:50:42.808+0000] {processor.py:914} INFO - Processing file /home/airflow/.local/lib/python3.12/site-packages/airflow/example_dags/example_branch_operator.py for tasks to queue
[2025-01-05T23:50:42.810+0000] {logging_mixin.py:190} INFO - [2025-01-05T23:50:42.810+0000] {dagbag.py:588} INFO - Filling up the DagBag from /home/airflow/.local/lib/python3.12/site-packages/airflow/example_dags/example_branch_operator.py
[2025-01-05T23:50:42.826+0000] {processor.py:925} INFO - DAG(s) 'example_branch_operator' retrieved from /home/airflow/.local/lib/python3.12/site-packages/airflow/example_dags/example_branch_operator.py
[2025-01-05T23:50:42.853+0000] {logging_mixin.py:190} INFO - [2025-01-05T23:50:42.853+0000] {dag.py:3239} INFO - Sync 1 DAGs
[2025-01-05T23:50:42.873+0000] {logging_mixin.py:190} INFO - [2025-01-05T23:50:42.873+0000] {dag.py:4180} INFO - Setting next_dagrun for example_branch_operator to 2025-01-04 00:00:00+00:00, run_after=2025-01-05 00:00:00+00:00
[2025-01-05T23:50:42.888+0000] {processor.py:208} INFO - Processing /home/airflow/.local/lib/python3.12/site-packages/airflow/example_dags/example_branch_operator.py took 0.086 seconds
[2025-01-05T23:51:13.572+0000] {processor.py:186} INFO - Started process (PID=5399) to work on /home/airflow/.local/lib/python3.12/site-packages/airflow/example_dags/example_branch_operator.py
[2025-01-05T23:51:13.574+0000] {processor.py:914} INFO - Processing file /home/airflow/.local/lib/python3.12/site-packages/airflow/example_dags/example_branch_operator.py for tasks to queue
[2025-01-05T23:51:13.576+0000] {logging_mixin.py:190} INFO - [2025-01-05T23:51:13.576+0000] {dagbag.py:588} INFO - Filling up the DagBag from /home/airflow/.local/lib/python3.12/site-packages/airflow/example_dags/example_branch_operator.py
[2025-01-05T23:51:13.592+0000] {processor.py:925} INFO - DAG(s) 'example_branch_operator' retrieved from /home/airflow/.local/lib/python3.12/site-packages/airflow/example_dags/example_branch_operator.py
[2025-01-05T23:51:13.621+0000] {logging_mixin.py:190} INFO - [2025-01-05T23:51:13.620+0000] {dag.py:3239} INFO - Sync 1 DAGs
[2025-01-05T23:51:13.649+0000] {logging_mixin.py:190} INFO - [2025-01-05T23:51:13.649+0000] {dag.py:4180} INFO - Setting next_dagrun for example_branch_operator to 2025-01-04 00:00:00+00:00, run_after=2025-01-05 00:00:00+00:00
[2025-01-05T23:51:13.673+0000] {processor.py:208} INFO - Processing /home/airflow/.local/lib/python3.12/site-packages/airflow/example_dags/example_branch_operator.py took 0.107 seconds
[2025-01-05T23:51:44.393+0000] {processor.py:186} INFO - Started process (PID=5690) to work on /home/airflow/.local/lib/python3.12/site-packages/airflow/example_dags/example_branch_operator.py
[2025-01-05T23:51:44.394+0000] {processor.py:914} INFO - Processing file /home/airflow/.local/lib/python3.12/site-packages/airflow/example_dags/example_branch_operator.py for tasks to queue
[2025-01-05T23:51:44.396+0000] {logging_mixin.py:190} INFO - [2025-01-05T23:51:44.396+0000] {dagbag.py:588} INFO - Filling up the DagBag from /home/airflow/.local/lib/python3.12/site-packages/airflow/example_dags/example_branch_operator.py
[2025-01-05T23:51:44.410+0000] {processor.py:925} INFO - DAG(s) 'example_branch_operator' retrieved from /home/airflow/.local/lib/python3.12/site-packages/airflow/example_dags/example_branch_operator.py
[2025-01-05T23:51:44.434+0000] {logging_mixin.py:190} INFO - [2025-01-05T23:51:44.433+0000] {dag.py:3239} INFO - Sync 1 DAGs
[2025-01-05T23:51:44.453+0000] {logging_mixin.py:190} INFO - [2025-01-05T23:51:44.453+0000] {dag.py:4180} INFO - Setting next_dagrun for example_branch_operator to 2025-01-04 00:00:00+00:00, run_after=2025-01-05 00:00:00+00:00
[2025-01-05T23:51:44.470+0000] {processor.py:208} INFO - Processing /home/airflow/.local/lib/python3.12/site-packages/airflow/example_dags/example_branch_operator.py took 0.081 seconds
[2025-01-05T23:52:15.297+0000] {processor.py:186} INFO - Started process (PID=5986) to work on /home/airflow/.local/lib/python3.12/site-packages/airflow/example_dags/example_branch_operator.py
[2025-01-05T23:52:15.299+0000] {processor.py:914} INFO - Processing file /home/airflow/.local/lib/python3.12/site-packages/airflow/example_dags/example_branch_operator.py for tasks to queue
[2025-01-05T23:52:15.301+0000] {logging_mixin.py:190} INFO - [2025-01-05T23:52:15.301+0000] {dagbag.py:588} INFO - Filling up the DagBag from /home/airflow/.local/lib/python3.12/site-packages/airflow/example_dags/example_branch_operator.py
[2025-01-05T23:52:15.316+0000] {processor.py:925} INFO - DAG(s) 'example_branch_operator' retrieved from /home/airflow/.local/lib/python3.12/site-packages/airflow/example_dags/example_branch_operator.py
[2025-01-05T23:52:15.339+0000] {logging_mixin.py:190} INFO - [2025-01-05T23:52:15.339+0000] {dag.py:3239} INFO - Sync 1 DAGs
[2025-01-05T23:52:15.358+0000] {logging_mixin.py:190} INFO - [2025-01-05T23:52:15.358+0000] {dag.py:4180} INFO - Setting next_dagrun for example_branch_operator to 2025-01-04 00:00:00+00:00, run_after=2025-01-05 00:00:00+00:00
[2025-01-05T23:52:15.377+0000] {processor.py:208} INFO - Processing /home/airflow/.local/lib/python3.12/site-packages/airflow/example_dags/example_branch_operator.py took 0.084 seconds
[2025-01-05T23:52:46.331+0000] {processor.py:186} INFO - Started process (PID=6282) to work on /home/airflow/.local/lib/python3.12/site-packages/airflow/example_dags/example_branch_operator.py
[2025-01-05T23:52:46.332+0000] {processor.py:914} INFO - Processing file /home/airflow/.local/lib/python3.12/site-packages/airflow/example_dags/example_branch_operator.py for tasks to queue
[2025-01-05T23:52:46.334+0000] {logging_mixin.py:190} INFO - [2025-01-05T23:52:46.334+0000] {dagbag.py:588} INFO - Filling up the DagBag from /home/airflow/.local/lib/python3.12/site-packages/airflow/example_dags/example_branch_operator.py
[2025-01-05T23:52:46.347+0000] {processor.py:925} INFO - DAG(s) 'example_branch_operator' retrieved from /home/airflow/.local/lib/python3.12/site-packages/airflow/example_dags/example_branch_operator.py
[2025-01-05T23:52:46.371+0000] {logging_mixin.py:190} INFO - [2025-01-05T23:52:46.370+0000] {dag.py:3239} INFO - Sync 1 DAGs
[2025-01-05T23:52:46.396+0000] {logging_mixin.py:190} INFO - [2025-01-05T23:52:46.396+0000] {dag.py:4180} INFO - Setting next_dagrun for example_branch_operator to 2025-01-04 00:00:00+00:00, run_after=2025-01-05 00:00:00+00:00
[2025-01-05T23:52:46.423+0000] {processor.py:208} INFO - Processing /home/airflow/.local/lib/python3.12/site-packages/airflow/example_dags/example_branch_operator.py took 0.096 seconds
[2025-01-05T23:53:17.265+0000] {processor.py:186} INFO - Started process (PID=6578) to work on /home/airflow/.local/lib/python3.12/site-packages/airflow/example_dags/example_branch_operator.py
[2025-01-05T23:53:17.266+0000] {processor.py:914} INFO - Processing file /home/airflow/.local/lib/python3.12/site-packages/airflow/example_dags/example_branch_operator.py for tasks to queue
[2025-01-05T23:53:17.268+0000] {logging_mixin.py:190} INFO - [2025-01-05T23:53:17.267+0000] {dagbag.py:588} INFO - Filling up the DagBag from /home/airflow/.local/lib/python3.12/site-packages/airflow/example_dags/example_branch_operator.py
[2025-01-05T23:53:17.284+0000] {processor.py:925} INFO - DAG(s) 'example_branch_operator' retrieved from /home/airflow/.local/lib/python3.12/site-packages/airflow/example_dags/example_branch_operator.py
[2025-01-05T23:53:17.309+0000] {logging_mixin.py:190} INFO - [2025-01-05T23:53:17.309+0000] {dag.py:3239} INFO - Sync 1 DAGs
[2025-01-05T23:53:17.329+0000] {logging_mixin.py:190} INFO - [2025-01-05T23:53:17.329+0000] {dag.py:4180} INFO - Setting next_dagrun for example_branch_operator to 2025-01-04 00:00:00+00:00, run_after=2025-01-05 00:00:00+00:00
[2025-01-05T23:53:17.345+0000] {processor.py:208} INFO - Processing /home/airflow/.local/lib/python3.12/site-packages/airflow/example_dags/example_branch_operator.py took 0.085 seconds
[2025-01-05T23:53:48.878+0000] {processor.py:186} INFO - Started process (PID=6879) to work on /home/airflow/.local/lib/python3.12/site-packages/airflow/example_dags/example_branch_operator.py
[2025-01-05T23:53:48.879+0000] {processor.py:914} INFO - Processing file /home/airflow/.local/lib/python3.12/site-packages/airflow/example_dags/example_branch_operator.py for tasks to queue
[2025-01-05T23:53:48.881+0000] {logging_mixin.py:190} INFO - [2025-01-05T23:53:48.881+0000] {dagbag.py:588} INFO - Filling up the DagBag from /home/airflow/.local/lib/python3.12/site-packages/airflow/example_dags/example_branch_operator.py
[2025-01-05T23:53:48.895+0000] {processor.py:925} INFO - DAG(s) 'example_branch_operator' retrieved from /home/airflow/.local/lib/python3.12/site-packages/airflow/example_dags/example_branch_operator.py
[2025-01-05T23:53:48.918+0000] {logging_mixin.py:190} INFO - [2025-01-05T23:53:48.918+0000] {dag.py:3239} INFO - Sync 1 DAGs
[2025-01-05T23:53:48.938+0000] {logging_mixin.py:190} INFO - [2025-01-05T23:53:48.937+0000] {dag.py:4180} INFO - Setting next_dagrun for example_branch_operator to 2025-01-04 00:00:00+00:00, run_after=2025-01-05 00:00:00+00:00
[2025-01-05T23:53:48.958+0000] {processor.py:208} INFO - Processing /home/airflow/.local/lib/python3.12/site-packages/airflow/example_dags/example_branch_operator.py took 0.085 seconds
[2025-01-05T23:54:20.056+0000] {processor.py:186} INFO - Started process (PID=7175) to work on /home/airflow/.local/lib/python3.12/site-packages/airflow/example_dags/example_branch_operator.py
[2025-01-05T23:54:20.057+0000] {processor.py:914} INFO - Processing file /home/airflow/.local/lib/python3.12/site-packages/airflow/example_dags/example_branch_operator.py for tasks to queue
[2025-01-05T23:54:20.059+0000] {logging_mixin.py:190} INFO - [2025-01-05T23:54:20.059+0000] {dagbag.py:588} INFO - Filling up the DagBag from /home/airflow/.local/lib/python3.12/site-packages/airflow/example_dags/example_branch_operator.py
[2025-01-05T23:54:20.075+0000] {processor.py:925} INFO - DAG(s) 'example_branch_operator' retrieved from /home/airflow/.local/lib/python3.12/site-packages/airflow/example_dags/example_branch_operator.py
[2025-01-05T23:54:20.097+0000] {logging_mixin.py:190} INFO - [2025-01-05T23:54:20.097+0000] {dag.py:3239} INFO - Sync 1 DAGs
[2025-01-05T23:54:20.117+0000] {logging_mixin.py:190} INFO - [2025-01-05T23:54:20.117+0000] {dag.py:4180} INFO - Setting next_dagrun for example_branch_operator to 2025-01-04 00:00:00+00:00, run_after=2025-01-05 00:00:00+00:00
[2025-01-05T23:54:20.137+0000] {processor.py:208} INFO - Processing /home/airflow/.local/lib/python3.12/site-packages/airflow/example_dags/example_branch_operator.py took 0.086 seconds
[2025-01-05T23:54:50.805+0000] {processor.py:186} INFO - Started process (PID=7471) to work on /home/airflow/.local/lib/python3.12/site-packages/airflow/example_dags/example_branch_operator.py
[2025-01-05T23:54:50.806+0000] {processor.py:914} INFO - Processing file /home/airflow/.local/lib/python3.12/site-packages/airflow/example_dags/example_branch_operator.py for tasks to queue
[2025-01-05T23:54:50.808+0000] {logging_mixin.py:190} INFO - [2025-01-05T23:54:50.808+0000] {dagbag.py:588} INFO - Filling up the DagBag from /home/airflow/.local/lib/python3.12/site-packages/airflow/example_dags/example_branch_operator.py
[2025-01-05T23:54:50.837+0000] {processor.py:925} INFO - DAG(s) 'example_branch_operator' retrieved from /home/airflow/.local/lib/python3.12/site-packages/airflow/example_dags/example_branch_operator.py
[2025-01-05T23:54:50.863+0000] {logging_mixin.py:190} INFO - [2025-01-05T23:54:50.863+0000] {dag.py:3239} INFO - Sync 1 DAGs
[2025-01-05T23:54:50.902+0000] {logging_mixin.py:190} INFO - [2025-01-05T23:54:50.901+0000] {dag.py:4180} INFO - Setting next_dagrun for example_branch_operator to 2025-01-04 00:00:00+00:00, run_after=2025-01-05 00:00:00+00:00
[2025-01-05T23:54:50.925+0000] {processor.py:208} INFO - Processing /home/airflow/.local/lib/python3.12/site-packages/airflow/example_dags/example_branch_operator.py took 0.129 seconds
[2025-01-05T23:55:21.910+0000] {processor.py:186} INFO - Started process (PID=7762) to work on /home/airflow/.local/lib/python3.12/site-packages/airflow/example_dags/example_branch_operator.py
[2025-01-05T23:55:21.911+0000] {processor.py:914} INFO - Processing file /home/airflow/.local/lib/python3.12/site-packages/airflow/example_dags/example_branch_operator.py for tasks to queue
[2025-01-05T23:55:21.914+0000] {logging_mixin.py:190} INFO - [2025-01-05T23:55:21.913+0000] {dagbag.py:588} INFO - Filling up the DagBag from /home/airflow/.local/lib/python3.12/site-packages/airflow/example_dags/example_branch_operator.py
[2025-01-05T23:55:21.933+0000] {processor.py:925} INFO - DAG(s) 'example_branch_operator' retrieved from /home/airflow/.local/lib/python3.12/site-packages/airflow/example_dags/example_branch_operator.py
[2025-01-05T23:55:21.973+0000] {logging_mixin.py:190} INFO - [2025-01-05T23:55:21.973+0000] {dag.py:3239} INFO - Sync 1 DAGs
[2025-01-05T23:55:22.012+0000] {logging_mixin.py:190} INFO - [2025-01-05T23:55:22.011+0000] {dag.py:4180} INFO - Setting next_dagrun for example_branch_operator to 2025-01-04 00:00:00+00:00, run_after=2025-01-05 00:00:00+00:00
[2025-01-05T23:55:22.030+0000] {processor.py:208} INFO - Processing /home/airflow/.local/lib/python3.12/site-packages/airflow/example_dags/example_branch_operator.py took 0.127 seconds
[2025-01-05T23:55:52.566+0000] {processor.py:186} INFO - Started process (PID=8064) to work on /home/airflow/.local/lib/python3.12/site-packages/airflow/example_dags/example_branch_operator.py
[2025-01-05T23:55:52.567+0000] {processor.py:914} INFO - Processing file /home/airflow/.local/lib/python3.12/site-packages/airflow/example_dags/example_branch_operator.py for tasks to queue
[2025-01-05T23:55:52.569+0000] {logging_mixin.py:190} INFO - [2025-01-05T23:55:52.568+0000] {dagbag.py:588} INFO - Filling up the DagBag from /home/airflow/.local/lib/python3.12/site-packages/airflow/example_dags/example_branch_operator.py
[2025-01-05T23:55:52.584+0000] {processor.py:925} INFO - DAG(s) 'example_branch_operator' retrieved from /home/airflow/.local/lib/python3.12/site-packages/airflow/example_dags/example_branch_operator.py
[2025-01-05T23:55:52.614+0000] {logging_mixin.py:190} INFO - [2025-01-05T23:55:52.613+0000] {dag.py:3239} INFO - Sync 1 DAGs
[2025-01-05T23:55:52.635+0000] {logging_mixin.py:190} INFO - [2025-01-05T23:55:52.634+0000] {dag.py:4180} INFO - Setting next_dagrun for example_branch_operator to 2025-01-04 00:00:00+00:00, run_after=2025-01-05 00:00:00+00:00
[2025-01-05T23:55:52.652+0000] {processor.py:208} INFO - Processing /home/airflow/.local/lib/python3.12/site-packages/airflow/example_dags/example_branch_operator.py took 0.091 seconds
[2025-01-05T23:56:23.681+0000] {processor.py:186} INFO - Started process (PID=8360) to work on /home/airflow/.local/lib/python3.12/site-packages/airflow/example_dags/example_branch_operator.py
[2025-01-05T23:56:23.682+0000] {processor.py:914} INFO - Processing file /home/airflow/.local/lib/python3.12/site-packages/airflow/example_dags/example_branch_operator.py for tasks to queue
[2025-01-05T23:56:23.684+0000] {logging_mixin.py:190} INFO - [2025-01-05T23:56:23.684+0000] {dagbag.py:588} INFO - Filling up the DagBag from /home/airflow/.local/lib/python3.12/site-packages/airflow/example_dags/example_branch_operator.py
[2025-01-05T23:56:23.697+0000] {processor.py:925} INFO - DAG(s) 'example_branch_operator' retrieved from /home/airflow/.local/lib/python3.12/site-packages/airflow/example_dags/example_branch_operator.py
[2025-01-05T23:56:23.721+0000] {logging_mixin.py:190} INFO - [2025-01-05T23:56:23.721+0000] {dag.py:3239} INFO - Sync 1 DAGs
[2025-01-05T23:56:23.741+0000] {logging_mixin.py:190} INFO - [2025-01-05T23:56:23.740+0000] {dag.py:4180} INFO - Setting next_dagrun for example_branch_operator to 2025-01-04 00:00:00+00:00, run_after=2025-01-05 00:00:00+00:00
[2025-01-05T23:56:23.757+0000] {processor.py:208} INFO - Processing /home/airflow/.local/lib/python3.12/site-packages/airflow/example_dags/example_branch_operator.py took 0.080 seconds
[2025-01-05T23:56:54.539+0000] {processor.py:186} INFO - Started process (PID=8656) to work on /home/airflow/.local/lib/python3.12/site-packages/airflow/example_dags/example_branch_operator.py
[2025-01-05T23:56:54.540+0000] {processor.py:914} INFO - Processing file /home/airflow/.local/lib/python3.12/site-packages/airflow/example_dags/example_branch_operator.py for tasks to queue
[2025-01-05T23:56:54.541+0000] {logging_mixin.py:190} INFO - [2025-01-05T23:56:54.541+0000] {dagbag.py:588} INFO - Filling up the DagBag from /home/airflow/.local/lib/python3.12/site-packages/airflow/example_dags/example_branch_operator.py
[2025-01-05T23:56:54.555+0000] {processor.py:925} INFO - DAG(s) 'example_branch_operator' retrieved from /home/airflow/.local/lib/python3.12/site-packages/airflow/example_dags/example_branch_operator.py
[2025-01-05T23:56:54.578+0000] {logging_mixin.py:190} INFO - [2025-01-05T23:56:54.578+0000] {dag.py:3239} INFO - Sync 1 DAGs
[2025-01-05T23:56:54.597+0000] {logging_mixin.py:190} INFO - [2025-01-05T23:56:54.597+0000] {dag.py:4180} INFO - Setting next_dagrun for example_branch_operator to 2025-01-04 00:00:00+00:00, run_after=2025-01-05 00:00:00+00:00
[2025-01-05T23:56:54.614+0000] {processor.py:208} INFO - Processing /home/airflow/.local/lib/python3.12/site-packages/airflow/example_dags/example_branch_operator.py took 0.080 seconds
[2025-01-05T23:57:25.967+0000] {processor.py:186} INFO - Started process (PID=8957) to work on /home/airflow/.local/lib/python3.12/site-packages/airflow/example_dags/example_branch_operator.py
[2025-01-05T23:57:25.968+0000] {processor.py:914} INFO - Processing file /home/airflow/.local/lib/python3.12/site-packages/airflow/example_dags/example_branch_operator.py for tasks to queue
[2025-01-05T23:57:25.970+0000] {logging_mixin.py:190} INFO - [2025-01-05T23:57:25.970+0000] {dagbag.py:588} INFO - Filling up the DagBag from /home/airflow/.local/lib/python3.12/site-packages/airflow/example_dags/example_branch_operator.py
[2025-01-05T23:57:25.984+0000] {processor.py:925} INFO - DAG(s) 'example_branch_operator' retrieved from /home/airflow/.local/lib/python3.12/site-packages/airflow/example_dags/example_branch_operator.py
[2025-01-05T23:57:26.009+0000] {logging_mixin.py:190} INFO - [2025-01-05T23:57:26.008+0000] {dag.py:3239} INFO - Sync 1 DAGs
[2025-01-05T23:57:26.032+0000] {logging_mixin.py:190} INFO - [2025-01-05T23:57:26.031+0000] {dag.py:4180} INFO - Setting next_dagrun for example_branch_operator to 2025-01-04 00:00:00+00:00, run_after=2025-01-05 00:00:00+00:00
[2025-01-05T23:57:26.052+0000] {processor.py:208} INFO - Processing /home/airflow/.local/lib/python3.12/site-packages/airflow/example_dags/example_branch_operator.py took 0.090 seconds
[2025-01-05T23:57:56.774+0000] {processor.py:186} INFO - Started process (PID=9248) to work on /home/airflow/.local/lib/python3.12/site-packages/airflow/example_dags/example_branch_operator.py
[2025-01-05T23:57:56.776+0000] {processor.py:914} INFO - Processing file /home/airflow/.local/lib/python3.12/site-packages/airflow/example_dags/example_branch_operator.py for tasks to queue
[2025-01-05T23:57:56.778+0000] {logging_mixin.py:190} INFO - [2025-01-05T23:57:56.778+0000] {dagbag.py:588} INFO - Filling up the DagBag from /home/airflow/.local/lib/python3.12/site-packages/airflow/example_dags/example_branch_operator.py
[2025-01-05T23:57:56.796+0000] {processor.py:925} INFO - DAG(s) 'example_branch_operator' retrieved from /home/airflow/.local/lib/python3.12/site-packages/airflow/example_dags/example_branch_operator.py
[2025-01-05T23:57:56.825+0000] {logging_mixin.py:190} INFO - [2025-01-05T23:57:56.825+0000] {dag.py:3239} INFO - Sync 1 DAGs
[2025-01-05T23:57:56.849+0000] {logging_mixin.py:190} INFO - [2025-01-05T23:57:56.849+0000] {dag.py:4180} INFO - Setting next_dagrun for example_branch_operator to 2025-01-04 00:00:00+00:00, run_after=2025-01-05 00:00:00+00:00
[2025-01-05T23:57:56.870+0000] {processor.py:208} INFO - Processing /home/airflow/.local/lib/python3.12/site-packages/airflow/example_dags/example_branch_operator.py took 0.101 seconds
[2025-01-05T23:58:27.415+0000] {processor.py:186} INFO - Started process (PID=9544) to work on /home/airflow/.local/lib/python3.12/site-packages/airflow/example_dags/example_branch_operator.py
[2025-01-05T23:58:27.416+0000] {processor.py:914} INFO - Processing file /home/airflow/.local/lib/python3.12/site-packages/airflow/example_dags/example_branch_operator.py for tasks to queue
[2025-01-05T23:58:27.419+0000] {logging_mixin.py:190} INFO - [2025-01-05T23:58:27.418+0000] {dagbag.py:588} INFO - Filling up the DagBag from /home/airflow/.local/lib/python3.12/site-packages/airflow/example_dags/example_branch_operator.py
[2025-01-05T23:58:27.432+0000] {processor.py:925} INFO - DAG(s) 'example_branch_operator' retrieved from /home/airflow/.local/lib/python3.12/site-packages/airflow/example_dags/example_branch_operator.py
[2025-01-05T23:58:27.456+0000] {logging_mixin.py:190} INFO - [2025-01-05T23:58:27.456+0000] {dag.py:3239} INFO - Sync 1 DAGs
[2025-01-05T23:58:27.475+0000] {logging_mixin.py:190} INFO - [2025-01-05T23:58:27.475+0000] {dag.py:4180} INFO - Setting next_dagrun for example_branch_operator to 2025-01-04 00:00:00+00:00, run_after=2025-01-05 00:00:00+00:00
[2025-01-05T23:58:27.496+0000] {processor.py:208} INFO - Processing /home/airflow/.local/lib/python3.12/site-packages/airflow/example_dags/example_branch_operator.py took 0.085 seconds
[2025-01-05T23:58:57.864+0000] {processor.py:186} INFO - Started process (PID=9835) to work on /home/airflow/.local/lib/python3.12/site-packages/airflow/example_dags/example_branch_operator.py
[2025-01-05T23:58:57.865+0000] {processor.py:914} INFO - Processing file /home/airflow/.local/lib/python3.12/site-packages/airflow/example_dags/example_branch_operator.py for tasks to queue
[2025-01-05T23:58:57.866+0000] {logging_mixin.py:190} INFO - [2025-01-05T23:58:57.866+0000] {dagbag.py:588} INFO - Filling up the DagBag from /home/airflow/.local/lib/python3.12/site-packages/airflow/example_dags/example_branch_operator.py
[2025-01-05T23:58:57.880+0000] {processor.py:925} INFO - DAG(s) 'example_branch_operator' retrieved from /home/airflow/.local/lib/python3.12/site-packages/airflow/example_dags/example_branch_operator.py
[2025-01-05T23:58:57.907+0000] {logging_mixin.py:190} INFO - [2025-01-05T23:58:57.907+0000] {dag.py:3239} INFO - Sync 1 DAGs
[2025-01-05T23:58:57.929+0000] {logging_mixin.py:190} INFO - [2025-01-05T23:58:57.928+0000] {dag.py:4180} INFO - Setting next_dagrun for example_branch_operator to 2025-01-04 00:00:00+00:00, run_after=2025-01-05 00:00:00+00:00
[2025-01-05T23:58:57.948+0000] {processor.py:208} INFO - Processing /home/airflow/.local/lib/python3.12/site-packages/airflow/example_dags/example_branch_operator.py took 0.089 seconds
[2025-01-05T23:59:28.245+0000] {processor.py:186} INFO - Started process (PID=10132) to work on /home/airflow/.local/lib/python3.12/site-packages/airflow/example_dags/example_branch_operator.py
[2025-01-05T23:59:28.246+0000] {processor.py:914} INFO - Processing file /home/airflow/.local/lib/python3.12/site-packages/airflow/example_dags/example_branch_operator.py for tasks to queue
[2025-01-05T23:59:28.248+0000] {logging_mixin.py:190} INFO - [2025-01-05T23:59:28.248+0000] {dagbag.py:588} INFO - Filling up the DagBag from /home/airflow/.local/lib/python3.12/site-packages/airflow/example_dags/example_branch_operator.py
[2025-01-05T23:59:28.261+0000] {processor.py:925} INFO - DAG(s) 'example_branch_operator' retrieved from /home/airflow/.local/lib/python3.12/site-packages/airflow/example_dags/example_branch_operator.py
[2025-01-05T23:59:28.284+0000] {logging_mixin.py:190} INFO - [2025-01-05T23:59:28.284+0000] {dag.py:3239} INFO - Sync 1 DAGs
[2025-01-05T23:59:28.303+0000] {logging_mixin.py:190} INFO - [2025-01-05T23:59:28.303+0000] {dag.py:4180} INFO - Setting next_dagrun for example_branch_operator to 2025-01-04 00:00:00+00:00, run_after=2025-01-05 00:00:00+00:00
[2025-01-05T23:59:28.324+0000] {processor.py:208} INFO - Processing /home/airflow/.local/lib/python3.12/site-packages/airflow/example_dags/example_branch_operator.py took 0.084 seconds
[2025-01-05T23:59:59.091+0000] {processor.py:186} INFO - Started process (PID=10428) to work on /home/airflow/.local/lib/python3.12/site-packages/airflow/example_dags/example_branch_operator.py
[2025-01-05T23:59:59.092+0000] {processor.py:914} INFO - Processing file /home/airflow/.local/lib/python3.12/site-packages/airflow/example_dags/example_branch_operator.py for tasks to queue
[2025-01-05T23:59:59.094+0000] {logging_mixin.py:190} INFO - [2025-01-05T23:59:59.094+0000] {dagbag.py:588} INFO - Filling up the DagBag from /home/airflow/.local/lib/python3.12/site-packages/airflow/example_dags/example_branch_operator.py
[2025-01-05T23:59:59.109+0000] {processor.py:925} INFO - DAG(s) 'example_branch_operator' retrieved from /home/airflow/.local/lib/python3.12/site-packages/airflow/example_dags/example_branch_operator.py
[2025-01-05T23:59:59.131+0000] {logging_mixin.py:190} INFO - [2025-01-05T23:59:59.131+0000] {dag.py:3239} INFO - Sync 1 DAGs
[2025-01-05T23:59:59.150+0000] {logging_mixin.py:190} INFO - [2025-01-05T23:59:59.150+0000] {dag.py:4180} INFO - Setting next_dagrun for example_branch_operator to 2025-01-04 00:00:00+00:00, run_after=2025-01-05 00:00:00+00:00
[2025-01-05T23:59:59.169+0000] {processor.py:208} INFO - Processing /home/airflow/.local/lib/python3.12/site-packages/airflow/example_dags/example_branch_operator.py took 0.085 seconds
