[2025-01-05T23:42:26.999+0000] {processor.py:186} INFO - Started process (PID=357) to work on /home/airflow/.local/lib/python3.12/site-packages/airflow/example_dags/example_inlet_event_extra.py
[2025-01-05T23:42:27.001+0000] {processor.py:914} INFO - Processing file /home/airflow/.local/lib/python3.12/site-packages/airflow/example_dags/example_inlet_event_extra.py for tasks to queue
[2025-01-05T23:42:27.004+0000] {logging_mixin.py:190} INFO - [2025-01-05T23:42:27.003+0000] {dagbag.py:588} INFO - Filling up the DagBag from /home/airflow/.local/lib/python3.12/site-packages/airflow/example_dags/example_inlet_event_extra.py
[2025-01-05T23:42:27.949+0000] {processor.py:925} INFO - DAG(s) 'read_dataset_event', 'read_dataset_event_from_classic' retrieved from /home/airflow/.local/lib/python3.12/site-packages/airflow/example_dags/example_inlet_event_extra.py
[2025-01-05T23:42:27.974+0000] {logging_mixin.py:190} INFO - [2025-01-05T23:42:27.974+0000] {dag.py:3239} INFO - Sync 2 DAGs
[2025-01-05T23:42:28.005+0000] {logging_mixin.py:190} INFO - [2025-01-05T23:42:28.004+0000] {dag.py:4180} INFO - Setting next_dagrun for read_dataset_event to 2025-01-04 00:00:00+00:00, run_after=2025-01-05 00:00:00+00:00
[2025-01-05T23:42:28.009+0000] {logging_mixin.py:190} INFO - [2025-01-05T23:42:28.009+0000] {dag.py:4180} INFO - Setting next_dagrun for read_dataset_event_from_classic to 2025-01-04 00:00:00+00:00, run_after=2025-01-05 00:00:00+00:00
[2025-01-05T23:42:28.024+0000] {processor.py:208} INFO - Processing /home/airflow/.local/lib/python3.12/site-packages/airflow/example_dags/example_inlet_event_extra.py took 1.032 seconds
[2025-01-05T23:42:58.118+0000] {processor.py:186} INFO - Started process (PID=653) to work on /home/airflow/.local/lib/python3.12/site-packages/airflow/example_dags/example_inlet_event_extra.py
[2025-01-05T23:42:58.119+0000] {processor.py:914} INFO - Processing file /home/airflow/.local/lib/python3.12/site-packages/airflow/example_dags/example_inlet_event_extra.py for tasks to queue
[2025-01-05T23:42:58.123+0000] {logging_mixin.py:190} INFO - [2025-01-05T23:42:58.122+0000] {dagbag.py:588} INFO - Filling up the DagBag from /home/airflow/.local/lib/python3.12/site-packages/airflow/example_dags/example_inlet_event_extra.py
[2025-01-05T23:42:59.064+0000] {processor.py:925} INFO - DAG(s) 'read_dataset_event', 'read_dataset_event_from_classic' retrieved from /home/airflow/.local/lib/python3.12/site-packages/airflow/example_dags/example_inlet_event_extra.py
[2025-01-05T23:42:59.091+0000] {logging_mixin.py:190} INFO - [2025-01-05T23:42:59.091+0000] {dag.py:3239} INFO - Sync 2 DAGs
[2025-01-05T23:42:59.131+0000] {logging_mixin.py:190} INFO - [2025-01-05T23:42:59.130+0000] {dag.py:4180} INFO - Setting next_dagrun for read_dataset_event to 2025-01-04 00:00:00+00:00, run_after=2025-01-05 00:00:00+00:00
[2025-01-05T23:42:59.142+0000] {logging_mixin.py:190} INFO - [2025-01-05T23:42:59.142+0000] {dag.py:4180} INFO - Setting next_dagrun for read_dataset_event_from_classic to 2025-01-04 00:00:00+00:00, run_after=2025-01-05 00:00:00+00:00
[2025-01-05T23:42:59.163+0000] {processor.py:208} INFO - Processing /home/airflow/.local/lib/python3.12/site-packages/airflow/example_dags/example_inlet_event_extra.py took 1.055 seconds
[2025-01-05T23:43:29.772+0000] {processor.py:186} INFO - Started process (PID=949) to work on /home/airflow/.local/lib/python3.12/site-packages/airflow/example_dags/example_inlet_event_extra.py
[2025-01-05T23:43:29.775+0000] {processor.py:914} INFO - Processing file /home/airflow/.local/lib/python3.12/site-packages/airflow/example_dags/example_inlet_event_extra.py for tasks to queue
[2025-01-05T23:43:29.778+0000] {logging_mixin.py:190} INFO - [2025-01-05T23:43:29.778+0000] {dagbag.py:588} INFO - Filling up the DagBag from /home/airflow/.local/lib/python3.12/site-packages/airflow/example_dags/example_inlet_event_extra.py
[2025-01-05T23:43:30.587+0000] {processor.py:925} INFO - DAG(s) 'read_dataset_event', 'read_dataset_event_from_classic' retrieved from /home/airflow/.local/lib/python3.12/site-packages/airflow/example_dags/example_inlet_event_extra.py
[2025-01-05T23:43:30.610+0000] {logging_mixin.py:190} INFO - [2025-01-05T23:43:30.609+0000] {dag.py:3239} INFO - Sync 2 DAGs
[2025-01-05T23:43:30.642+0000] {logging_mixin.py:190} INFO - [2025-01-05T23:43:30.642+0000] {dag.py:4180} INFO - Setting next_dagrun for read_dataset_event to 2025-01-04 00:00:00+00:00, run_after=2025-01-05 00:00:00+00:00
[2025-01-05T23:43:30.649+0000] {logging_mixin.py:190} INFO - [2025-01-05T23:43:30.649+0000] {dag.py:4180} INFO - Setting next_dagrun for read_dataset_event_from_classic to 2025-01-04 00:00:00+00:00, run_after=2025-01-05 00:00:00+00:00
[2025-01-05T23:43:30.668+0000] {processor.py:208} INFO - Processing /home/airflow/.local/lib/python3.12/site-packages/airflow/example_dags/example_inlet_event_extra.py took 0.903 seconds
[2025-01-05T23:44:01.327+0000] {processor.py:186} INFO - Started process (PID=1250) to work on /home/airflow/.local/lib/python3.12/site-packages/airflow/example_dags/example_inlet_event_extra.py
[2025-01-05T23:44:01.328+0000] {processor.py:914} INFO - Processing file /home/airflow/.local/lib/python3.12/site-packages/airflow/example_dags/example_inlet_event_extra.py for tasks to queue
[2025-01-05T23:44:01.330+0000] {logging_mixin.py:190} INFO - [2025-01-05T23:44:01.329+0000] {dagbag.py:588} INFO - Filling up the DagBag from /home/airflow/.local/lib/python3.12/site-packages/airflow/example_dags/example_inlet_event_extra.py
[2025-01-05T23:44:01.837+0000] {processor.py:925} INFO - DAG(s) 'read_dataset_event_from_classic', 'read_dataset_event' retrieved from /home/airflow/.local/lib/python3.12/site-packages/airflow/example_dags/example_inlet_event_extra.py
[2025-01-05T23:44:01.856+0000] {logging_mixin.py:190} INFO - [2025-01-05T23:44:01.856+0000] {dag.py:3239} INFO - Sync 2 DAGs
[2025-01-05T23:44:01.879+0000] {logging_mixin.py:190} INFO - [2025-01-05T23:44:01.879+0000] {dag.py:4180} INFO - Setting next_dagrun for read_dataset_event to 2025-01-04 00:00:00+00:00, run_after=2025-01-05 00:00:00+00:00
[2025-01-05T23:44:01.886+0000] {logging_mixin.py:190} INFO - [2025-01-05T23:44:01.886+0000] {dag.py:4180} INFO - Setting next_dagrun for read_dataset_event_from_classic to 2025-01-04 00:00:00+00:00, run_after=2025-01-05 00:00:00+00:00
[2025-01-05T23:44:01.902+0000] {processor.py:208} INFO - Processing /home/airflow/.local/lib/python3.12/site-packages/airflow/example_dags/example_inlet_event_extra.py took 0.580 seconds
[2025-01-05T23:44:32.203+0000] {processor.py:186} INFO - Started process (PID=1566) to work on /home/airflow/.local/lib/python3.12/site-packages/airflow/example_dags/example_inlet_event_extra.py
[2025-01-05T23:44:32.203+0000] {processor.py:914} INFO - Processing file /home/airflow/.local/lib/python3.12/site-packages/airflow/example_dags/example_inlet_event_extra.py for tasks to queue
[2025-01-05T23:44:32.205+0000] {logging_mixin.py:190} INFO - [2025-01-05T23:44:32.205+0000] {dagbag.py:588} INFO - Filling up the DagBag from /home/airflow/.local/lib/python3.12/site-packages/airflow/example_dags/example_inlet_event_extra.py
[2025-01-05T23:44:32.638+0000] {processor.py:925} INFO - DAG(s) 'read_dataset_event_from_classic', 'read_dataset_event' retrieved from /home/airflow/.local/lib/python3.12/site-packages/airflow/example_dags/example_inlet_event_extra.py
[2025-01-05T23:44:32.656+0000] {logging_mixin.py:190} INFO - [2025-01-05T23:44:32.656+0000] {dag.py:3239} INFO - Sync 2 DAGs
[2025-01-05T23:44:32.679+0000] {logging_mixin.py:190} INFO - [2025-01-05T23:44:32.679+0000] {dag.py:4180} INFO - Setting next_dagrun for read_dataset_event to 2025-01-04 00:00:00+00:00, run_after=2025-01-05 00:00:00+00:00
[2025-01-05T23:44:32.684+0000] {logging_mixin.py:190} INFO - [2025-01-05T23:44:32.684+0000] {dag.py:4180} INFO - Setting next_dagrun for read_dataset_event_from_classic to 2025-01-04 00:00:00+00:00, run_after=2025-01-05 00:00:00+00:00
[2025-01-05T23:44:32.698+0000] {processor.py:208} INFO - Processing /home/airflow/.local/lib/python3.12/site-packages/airflow/example_dags/example_inlet_event_extra.py took 0.500 seconds
[2025-01-05T23:45:02.804+0000] {processor.py:186} INFO - Started process (PID=1847) to work on /home/airflow/.local/lib/python3.12/site-packages/airflow/example_dags/example_inlet_event_extra.py
[2025-01-05T23:45:02.805+0000] {processor.py:914} INFO - Processing file /home/airflow/.local/lib/python3.12/site-packages/airflow/example_dags/example_inlet_event_extra.py for tasks to queue
[2025-01-05T23:45:02.808+0000] {logging_mixin.py:190} INFO - [2025-01-05T23:45:02.808+0000] {dagbag.py:588} INFO - Filling up the DagBag from /home/airflow/.local/lib/python3.12/site-packages/airflow/example_dags/example_inlet_event_extra.py
[2025-01-05T23:45:03.295+0000] {processor.py:925} INFO - DAG(s) 'read_dataset_event', 'read_dataset_event_from_classic' retrieved from /home/airflow/.local/lib/python3.12/site-packages/airflow/example_dags/example_inlet_event_extra.py
[2025-01-05T23:45:03.312+0000] {logging_mixin.py:190} INFO - [2025-01-05T23:45:03.312+0000] {dag.py:3239} INFO - Sync 2 DAGs
[2025-01-05T23:45:03.342+0000] {logging_mixin.py:190} INFO - [2025-01-05T23:45:03.341+0000] {dag.py:4180} INFO - Setting next_dagrun for read_dataset_event to 2025-01-04 00:00:00+00:00, run_after=2025-01-05 00:00:00+00:00
[2025-01-05T23:45:03.348+0000] {logging_mixin.py:190} INFO - [2025-01-05T23:45:03.348+0000] {dag.py:4180} INFO - Setting next_dagrun for read_dataset_event_from_classic to 2025-01-04 00:00:00+00:00, run_after=2025-01-05 00:00:00+00:00
[2025-01-05T23:45:03.372+0000] {processor.py:208} INFO - Processing /home/airflow/.local/lib/python3.12/site-packages/airflow/example_dags/example_inlet_event_extra.py took 0.573 seconds
[2025-01-05T23:45:33.432+0000] {processor.py:186} INFO - Started process (PID=2140) to work on /home/airflow/.local/lib/python3.12/site-packages/airflow/example_dags/example_inlet_event_extra.py
[2025-01-05T23:45:33.433+0000] {processor.py:914} INFO - Processing file /home/airflow/.local/lib/python3.12/site-packages/airflow/example_dags/example_inlet_event_extra.py for tasks to queue
[2025-01-05T23:45:33.435+0000] {logging_mixin.py:190} INFO - [2025-01-05T23:45:33.435+0000] {dagbag.py:588} INFO - Filling up the DagBag from /home/airflow/.local/lib/python3.12/site-packages/airflow/example_dags/example_inlet_event_extra.py
[2025-01-05T23:45:33.927+0000] {processor.py:925} INFO - DAG(s) 'read_dataset_event_from_classic', 'read_dataset_event' retrieved from /home/airflow/.local/lib/python3.12/site-packages/airflow/example_dags/example_inlet_event_extra.py
[2025-01-05T23:45:33.945+0000] {logging_mixin.py:190} INFO - [2025-01-05T23:45:33.944+0000] {dag.py:3239} INFO - Sync 2 DAGs
[2025-01-05T23:45:33.965+0000] {logging_mixin.py:190} INFO - [2025-01-05T23:45:33.965+0000] {dag.py:4180} INFO - Setting next_dagrun for read_dataset_event to 2025-01-04 00:00:00+00:00, run_after=2025-01-05 00:00:00+00:00
[2025-01-05T23:45:33.972+0000] {logging_mixin.py:190} INFO - [2025-01-05T23:45:33.971+0000] {dag.py:4180} INFO - Setting next_dagrun for read_dataset_event_from_classic to 2025-01-04 00:00:00+00:00, run_after=2025-01-05 00:00:00+00:00
[2025-01-05T23:45:33.990+0000] {processor.py:208} INFO - Processing /home/airflow/.local/lib/python3.12/site-packages/airflow/example_dags/example_inlet_event_extra.py took 0.563 seconds
[2025-01-05T23:46:04.323+0000] {processor.py:186} INFO - Started process (PID=2429) to work on /home/airflow/.local/lib/python3.12/site-packages/airflow/example_dags/example_inlet_event_extra.py
[2025-01-05T23:46:04.324+0000] {processor.py:914} INFO - Processing file /home/airflow/.local/lib/python3.12/site-packages/airflow/example_dags/example_inlet_event_extra.py for tasks to queue
[2025-01-05T23:46:04.326+0000] {logging_mixin.py:190} INFO - [2025-01-05T23:46:04.326+0000] {dagbag.py:588} INFO - Filling up the DagBag from /home/airflow/.local/lib/python3.12/site-packages/airflow/example_dags/example_inlet_event_extra.py
[2025-01-05T23:46:04.850+0000] {processor.py:925} INFO - DAG(s) 'read_dataset_event', 'read_dataset_event_from_classic' retrieved from /home/airflow/.local/lib/python3.12/site-packages/airflow/example_dags/example_inlet_event_extra.py
[2025-01-05T23:46:04.869+0000] {logging_mixin.py:190} INFO - [2025-01-05T23:46:04.869+0000] {dag.py:3239} INFO - Sync 2 DAGs
[2025-01-05T23:46:04.897+0000] {logging_mixin.py:190} INFO - [2025-01-05T23:46:04.897+0000] {dag.py:4180} INFO - Setting next_dagrun for read_dataset_event to 2025-01-04 00:00:00+00:00, run_after=2025-01-05 00:00:00+00:00
[2025-01-05T23:46:04.903+0000] {logging_mixin.py:190} INFO - [2025-01-05T23:46:04.903+0000] {dag.py:4180} INFO - Setting next_dagrun for read_dataset_event_from_classic to 2025-01-04 00:00:00+00:00, run_after=2025-01-05 00:00:00+00:00
[2025-01-05T23:46:04.920+0000] {processor.py:208} INFO - Processing /home/airflow/.local/lib/python3.12/site-packages/airflow/example_dags/example_inlet_event_extra.py took 0.602 seconds
[2025-01-05T23:46:35.324+0000] {processor.py:186} INFO - Started process (PID=2725) to work on /home/airflow/.local/lib/python3.12/site-packages/airflow/example_dags/example_inlet_event_extra.py
[2025-01-05T23:46:35.325+0000] {processor.py:914} INFO - Processing file /home/airflow/.local/lib/python3.12/site-packages/airflow/example_dags/example_inlet_event_extra.py for tasks to queue
[2025-01-05T23:46:35.327+0000] {logging_mixin.py:190} INFO - [2025-01-05T23:46:35.327+0000] {dagbag.py:588} INFO - Filling up the DagBag from /home/airflow/.local/lib/python3.12/site-packages/airflow/example_dags/example_inlet_event_extra.py
[2025-01-05T23:46:35.740+0000] {processor.py:925} INFO - DAG(s) 'read_dataset_event_from_classic', 'read_dataset_event' retrieved from /home/airflow/.local/lib/python3.12/site-packages/airflow/example_dags/example_inlet_event_extra.py
[2025-01-05T23:46:35.758+0000] {logging_mixin.py:190} INFO - [2025-01-05T23:46:35.758+0000] {dag.py:3239} INFO - Sync 2 DAGs
[2025-01-05T23:46:35.777+0000] {logging_mixin.py:190} INFO - [2025-01-05T23:46:35.776+0000] {dag.py:4180} INFO - Setting next_dagrun for read_dataset_event to 2025-01-04 00:00:00+00:00, run_after=2025-01-05 00:00:00+00:00
[2025-01-05T23:46:35.781+0000] {logging_mixin.py:190} INFO - [2025-01-05T23:46:35.781+0000] {dag.py:4180} INFO - Setting next_dagrun for read_dataset_event_from_classic to 2025-01-04 00:00:00+00:00, run_after=2025-01-05 00:00:00+00:00
[2025-01-05T23:46:35.796+0000] {processor.py:208} INFO - Processing /home/airflow/.local/lib/python3.12/site-packages/airflow/example_dags/example_inlet_event_extra.py took 0.476 seconds
[2025-01-05T23:47:06.804+0000] {processor.py:186} INFO - Started process (PID=3021) to work on /home/airflow/.local/lib/python3.12/site-packages/airflow/example_dags/example_inlet_event_extra.py
[2025-01-05T23:47:06.805+0000] {processor.py:914} INFO - Processing file /home/airflow/.local/lib/python3.12/site-packages/airflow/example_dags/example_inlet_event_extra.py for tasks to queue
[2025-01-05T23:47:06.807+0000] {logging_mixin.py:190} INFO - [2025-01-05T23:47:06.807+0000] {dagbag.py:588} INFO - Filling up the DagBag from /home/airflow/.local/lib/python3.12/site-packages/airflow/example_dags/example_inlet_event_extra.py
[2025-01-05T23:47:07.259+0000] {processor.py:925} INFO - DAG(s) 'read_dataset_event', 'read_dataset_event_from_classic' retrieved from /home/airflow/.local/lib/python3.12/site-packages/airflow/example_dags/example_inlet_event_extra.py
[2025-01-05T23:47:07.278+0000] {logging_mixin.py:190} INFO - [2025-01-05T23:47:07.278+0000] {dag.py:3239} INFO - Sync 2 DAGs
[2025-01-05T23:47:07.300+0000] {logging_mixin.py:190} INFO - [2025-01-05T23:47:07.299+0000] {dag.py:4180} INFO - Setting next_dagrun for read_dataset_event to 2025-01-04 00:00:00+00:00, run_after=2025-01-05 00:00:00+00:00
[2025-01-05T23:47:07.304+0000] {logging_mixin.py:190} INFO - [2025-01-05T23:47:07.304+0000] {dag.py:4180} INFO - Setting next_dagrun for read_dataset_event_from_classic to 2025-01-04 00:00:00+00:00, run_after=2025-01-05 00:00:00+00:00
[2025-01-05T23:47:07.317+0000] {processor.py:208} INFO - Processing /home/airflow/.local/lib/python3.12/site-packages/airflow/example_dags/example_inlet_event_extra.py took 0.517 seconds
[2025-01-05T23:47:37.647+0000] {processor.py:186} INFO - Started process (PID=3322) to work on /home/airflow/.local/lib/python3.12/site-packages/airflow/example_dags/example_inlet_event_extra.py
[2025-01-05T23:47:37.648+0000] {processor.py:914} INFO - Processing file /home/airflow/.local/lib/python3.12/site-packages/airflow/example_dags/example_inlet_event_extra.py for tasks to queue
[2025-01-05T23:47:37.650+0000] {logging_mixin.py:190} INFO - [2025-01-05T23:47:37.649+0000] {dagbag.py:588} INFO - Filling up the DagBag from /home/airflow/.local/lib/python3.12/site-packages/airflow/example_dags/example_inlet_event_extra.py
[2025-01-05T23:47:38.090+0000] {processor.py:925} INFO - DAG(s) 'read_dataset_event_from_classic', 'read_dataset_event' retrieved from /home/airflow/.local/lib/python3.12/site-packages/airflow/example_dags/example_inlet_event_extra.py
[2025-01-05T23:47:38.106+0000] {logging_mixin.py:190} INFO - [2025-01-05T23:47:38.105+0000] {dag.py:3239} INFO - Sync 2 DAGs
[2025-01-05T23:47:38.127+0000] {logging_mixin.py:190} INFO - [2025-01-05T23:47:38.127+0000] {dag.py:4180} INFO - Setting next_dagrun for read_dataset_event to 2025-01-04 00:00:00+00:00, run_after=2025-01-05 00:00:00+00:00
[2025-01-05T23:47:38.131+0000] {logging_mixin.py:190} INFO - [2025-01-05T23:47:38.131+0000] {dag.py:4180} INFO - Setting next_dagrun for read_dataset_event_from_classic to 2025-01-04 00:00:00+00:00, run_after=2025-01-05 00:00:00+00:00
[2025-01-05T23:47:38.144+0000] {processor.py:208} INFO - Processing /home/airflow/.local/lib/python3.12/site-packages/airflow/example_dags/example_inlet_event_extra.py took 0.502 seconds
[2025-01-05T23:48:08.303+0000] {processor.py:186} INFO - Started process (PID=3620) to work on /home/airflow/.local/lib/python3.12/site-packages/airflow/example_dags/example_inlet_event_extra.py
[2025-01-05T23:48:08.304+0000] {processor.py:914} INFO - Processing file /home/airflow/.local/lib/python3.12/site-packages/airflow/example_dags/example_inlet_event_extra.py for tasks to queue
[2025-01-05T23:48:08.306+0000] {logging_mixin.py:190} INFO - [2025-01-05T23:48:08.305+0000] {dagbag.py:588} INFO - Filling up the DagBag from /home/airflow/.local/lib/python3.12/site-packages/airflow/example_dags/example_inlet_event_extra.py
[2025-01-05T23:48:08.759+0000] {processor.py:925} INFO - DAG(s) 'read_dataset_event', 'read_dataset_event_from_classic' retrieved from /home/airflow/.local/lib/python3.12/site-packages/airflow/example_dags/example_inlet_event_extra.py
[2025-01-05T23:48:08.777+0000] {logging_mixin.py:190} INFO - [2025-01-05T23:48:08.777+0000] {dag.py:3239} INFO - Sync 2 DAGs
[2025-01-05T23:48:08.797+0000] {logging_mixin.py:190} INFO - [2025-01-05T23:48:08.796+0000] {dag.py:4180} INFO - Setting next_dagrun for read_dataset_event to 2025-01-04 00:00:00+00:00, run_after=2025-01-05 00:00:00+00:00
[2025-01-05T23:48:08.801+0000] {logging_mixin.py:190} INFO - [2025-01-05T23:48:08.801+0000] {dag.py:4180} INFO - Setting next_dagrun for read_dataset_event_from_classic to 2025-01-04 00:00:00+00:00, run_after=2025-01-05 00:00:00+00:00
[2025-01-05T23:48:08.819+0000] {processor.py:208} INFO - Processing /home/airflow/.local/lib/python3.12/site-packages/airflow/example_dags/example_inlet_event_extra.py took 0.521 seconds
[2025-01-05T23:48:39.123+0000] {processor.py:186} INFO - Started process (PID=3914) to work on /home/airflow/.local/lib/python3.12/site-packages/airflow/example_dags/example_inlet_event_extra.py
[2025-01-05T23:48:39.124+0000] {processor.py:914} INFO - Processing file /home/airflow/.local/lib/python3.12/site-packages/airflow/example_dags/example_inlet_event_extra.py for tasks to queue
[2025-01-05T23:48:39.126+0000] {logging_mixin.py:190} INFO - [2025-01-05T23:48:39.126+0000] {dagbag.py:588} INFO - Filling up the DagBag from /home/airflow/.local/lib/python3.12/site-packages/airflow/example_dags/example_inlet_event_extra.py
[2025-01-05T23:48:39.569+0000] {processor.py:925} INFO - DAG(s) 'read_dataset_event', 'read_dataset_event_from_classic' retrieved from /home/airflow/.local/lib/python3.12/site-packages/airflow/example_dags/example_inlet_event_extra.py
[2025-01-05T23:48:39.587+0000] {logging_mixin.py:190} INFO - [2025-01-05T23:48:39.587+0000] {dag.py:3239} INFO - Sync 2 DAGs
[2025-01-05T23:48:39.605+0000] {logging_mixin.py:190} INFO - [2025-01-05T23:48:39.605+0000] {dag.py:4180} INFO - Setting next_dagrun for read_dataset_event to 2025-01-04 00:00:00+00:00, run_after=2025-01-05 00:00:00+00:00
[2025-01-05T23:48:39.609+0000] {logging_mixin.py:190} INFO - [2025-01-05T23:48:39.609+0000] {dag.py:4180} INFO - Setting next_dagrun for read_dataset_event_from_classic to 2025-01-04 00:00:00+00:00, run_after=2025-01-05 00:00:00+00:00
[2025-01-05T23:48:39.625+0000] {processor.py:208} INFO - Processing /home/airflow/.local/lib/python3.12/site-packages/airflow/example_dags/example_inlet_event_extra.py took 0.506 seconds
[2025-01-05T23:49:09.846+0000] {processor.py:186} INFO - Started process (PID=4210) to work on /home/airflow/.local/lib/python3.12/site-packages/airflow/example_dags/example_inlet_event_extra.py
[2025-01-05T23:49:09.847+0000] {processor.py:914} INFO - Processing file /home/airflow/.local/lib/python3.12/site-packages/airflow/example_dags/example_inlet_event_extra.py for tasks to queue
[2025-01-05T23:49:09.849+0000] {logging_mixin.py:190} INFO - [2025-01-05T23:49:09.849+0000] {dagbag.py:588} INFO - Filling up the DagBag from /home/airflow/.local/lib/python3.12/site-packages/airflow/example_dags/example_inlet_event_extra.py
[2025-01-05T23:49:10.302+0000] {processor.py:925} INFO - DAG(s) 'read_dataset_event', 'read_dataset_event_from_classic' retrieved from /home/airflow/.local/lib/python3.12/site-packages/airflow/example_dags/example_inlet_event_extra.py
[2025-01-05T23:49:10.319+0000] {logging_mixin.py:190} INFO - [2025-01-05T23:49:10.319+0000] {dag.py:3239} INFO - Sync 2 DAGs
[2025-01-05T23:49:10.337+0000] {logging_mixin.py:190} INFO - [2025-01-05T23:49:10.337+0000] {dag.py:4180} INFO - Setting next_dagrun for read_dataset_event to 2025-01-04 00:00:00+00:00, run_after=2025-01-05 00:00:00+00:00
[2025-01-05T23:49:10.342+0000] {logging_mixin.py:190} INFO - [2025-01-05T23:49:10.341+0000] {dag.py:4180} INFO - Setting next_dagrun for read_dataset_event_from_classic to 2025-01-04 00:00:00+00:00, run_after=2025-01-05 00:00:00+00:00
[2025-01-05T23:49:10.356+0000] {processor.py:208} INFO - Processing /home/airflow/.local/lib/python3.12/site-packages/airflow/example_dags/example_inlet_event_extra.py took 0.515 seconds
[2025-01-05T23:49:40.842+0000] {processor.py:186} INFO - Started process (PID=4516) to work on /home/airflow/.local/lib/python3.12/site-packages/airflow/example_dags/example_inlet_event_extra.py
[2025-01-05T23:49:40.843+0000] {processor.py:914} INFO - Processing file /home/airflow/.local/lib/python3.12/site-packages/airflow/example_dags/example_inlet_event_extra.py for tasks to queue
[2025-01-05T23:49:40.845+0000] {logging_mixin.py:190} INFO - [2025-01-05T23:49:40.845+0000] {dagbag.py:588} INFO - Filling up the DagBag from /home/airflow/.local/lib/python3.12/site-packages/airflow/example_dags/example_inlet_event_extra.py
[2025-01-05T23:49:41.291+0000] {processor.py:925} INFO - DAG(s) 'read_dataset_event_from_classic', 'read_dataset_event' retrieved from /home/airflow/.local/lib/python3.12/site-packages/airflow/example_dags/example_inlet_event_extra.py
[2025-01-05T23:49:41.310+0000] {logging_mixin.py:190} INFO - [2025-01-05T23:49:41.310+0000] {dag.py:3239} INFO - Sync 2 DAGs
[2025-01-05T23:49:41.330+0000] {logging_mixin.py:190} INFO - [2025-01-05T23:49:41.330+0000] {dag.py:4180} INFO - Setting next_dagrun for read_dataset_event to 2025-01-04 00:00:00+00:00, run_after=2025-01-05 00:00:00+00:00
[2025-01-05T23:49:41.334+0000] {logging_mixin.py:190} INFO - [2025-01-05T23:49:41.334+0000] {dag.py:4180} INFO - Setting next_dagrun for read_dataset_event_from_classic to 2025-01-04 00:00:00+00:00, run_after=2025-01-05 00:00:00+00:00
[2025-01-05T23:49:41.349+0000] {processor.py:208} INFO - Processing /home/airflow/.local/lib/python3.12/site-packages/airflow/example_dags/example_inlet_event_extra.py took 0.514 seconds
[2025-01-05T23:50:11.793+0000] {processor.py:186} INFO - Started process (PID=4814) to work on /home/airflow/.local/lib/python3.12/site-packages/airflow/example_dags/example_inlet_event_extra.py
[2025-01-05T23:50:11.794+0000] {processor.py:914} INFO - Processing file /home/airflow/.local/lib/python3.12/site-packages/airflow/example_dags/example_inlet_event_extra.py for tasks to queue
[2025-01-05T23:50:11.796+0000] {logging_mixin.py:190} INFO - [2025-01-05T23:50:11.796+0000] {dagbag.py:588} INFO - Filling up the DagBag from /home/airflow/.local/lib/python3.12/site-packages/airflow/example_dags/example_inlet_event_extra.py
[2025-01-05T23:50:12.302+0000] {processor.py:925} INFO - DAG(s) 'read_dataset_event', 'read_dataset_event_from_classic' retrieved from /home/airflow/.local/lib/python3.12/site-packages/airflow/example_dags/example_inlet_event_extra.py
[2025-01-05T23:50:12.323+0000] {logging_mixin.py:190} INFO - [2025-01-05T23:50:12.322+0000] {dag.py:3239} INFO - Sync 2 DAGs
[2025-01-05T23:50:12.345+0000] {logging_mixin.py:190} INFO - [2025-01-05T23:50:12.344+0000] {dag.py:4180} INFO - Setting next_dagrun for read_dataset_event to 2025-01-04 00:00:00+00:00, run_after=2025-01-05 00:00:00+00:00
[2025-01-05T23:50:12.351+0000] {logging_mixin.py:190} INFO - [2025-01-05T23:50:12.351+0000] {dag.py:4180} INFO - Setting next_dagrun for read_dataset_event_from_classic to 2025-01-04 00:00:00+00:00, run_after=2025-01-05 00:00:00+00:00
[2025-01-05T23:50:12.371+0000] {processor.py:208} INFO - Processing /home/airflow/.local/lib/python3.12/site-packages/airflow/example_dags/example_inlet_event_extra.py took 0.582 seconds
[2025-01-05T23:50:42.937+0000] {processor.py:186} INFO - Started process (PID=5113) to work on /home/airflow/.local/lib/python3.12/site-packages/airflow/example_dags/example_inlet_event_extra.py
[2025-01-05T23:50:42.937+0000] {processor.py:914} INFO - Processing file /home/airflow/.local/lib/python3.12/site-packages/airflow/example_dags/example_inlet_event_extra.py for tasks to queue
[2025-01-05T23:50:42.939+0000] {logging_mixin.py:190} INFO - [2025-01-05T23:50:42.939+0000] {dagbag.py:588} INFO - Filling up the DagBag from /home/airflow/.local/lib/python3.12/site-packages/airflow/example_dags/example_inlet_event_extra.py
[2025-01-05T23:50:43.391+0000] {processor.py:925} INFO - DAG(s) 'read_dataset_event_from_classic', 'read_dataset_event' retrieved from /home/airflow/.local/lib/python3.12/site-packages/airflow/example_dags/example_inlet_event_extra.py
[2025-01-05T23:50:43.408+0000] {logging_mixin.py:190} INFO - [2025-01-05T23:50:43.408+0000] {dag.py:3239} INFO - Sync 2 DAGs
[2025-01-05T23:50:43.427+0000] {logging_mixin.py:190} INFO - [2025-01-05T23:50:43.427+0000] {dag.py:4180} INFO - Setting next_dagrun for read_dataset_event to 2025-01-04 00:00:00+00:00, run_after=2025-01-05 00:00:00+00:00
[2025-01-05T23:50:43.431+0000] {logging_mixin.py:190} INFO - [2025-01-05T23:50:43.431+0000] {dag.py:4180} INFO - Setting next_dagrun for read_dataset_event_from_classic to 2025-01-04 00:00:00+00:00, run_after=2025-01-05 00:00:00+00:00
[2025-01-05T23:50:43.448+0000] {processor.py:208} INFO - Processing /home/airflow/.local/lib/python3.12/site-packages/airflow/example_dags/example_inlet_event_extra.py took 0.516 seconds
[2025-01-05T23:51:13.520+0000] {processor.py:186} INFO - Started process (PID=5394) to work on /home/airflow/.local/lib/python3.12/site-packages/airflow/example_dags/example_inlet_event_extra.py
[2025-01-05T23:51:13.521+0000] {processor.py:914} INFO - Processing file /home/airflow/.local/lib/python3.12/site-packages/airflow/example_dags/example_inlet_event_extra.py for tasks to queue
[2025-01-05T23:51:13.524+0000] {logging_mixin.py:190} INFO - [2025-01-05T23:51:13.524+0000] {dagbag.py:588} INFO - Filling up the DagBag from /home/airflow/.local/lib/python3.12/site-packages/airflow/example_dags/example_inlet_event_extra.py
[2025-01-05T23:51:14.025+0000] {processor.py:925} INFO - DAG(s) 'read_dataset_event', 'read_dataset_event_from_classic' retrieved from /home/airflow/.local/lib/python3.12/site-packages/airflow/example_dags/example_inlet_event_extra.py
[2025-01-05T23:51:14.042+0000] {logging_mixin.py:190} INFO - [2025-01-05T23:51:14.041+0000] {dag.py:3239} INFO - Sync 2 DAGs
[2025-01-05T23:51:14.063+0000] {logging_mixin.py:190} INFO - [2025-01-05T23:51:14.063+0000] {dag.py:4180} INFO - Setting next_dagrun for read_dataset_event to 2025-01-04 00:00:00+00:00, run_after=2025-01-05 00:00:00+00:00
[2025-01-05T23:51:14.067+0000] {logging_mixin.py:190} INFO - [2025-01-05T23:51:14.067+0000] {dag.py:4180} INFO - Setting next_dagrun for read_dataset_event_from_classic to 2025-01-04 00:00:00+00:00, run_after=2025-01-05 00:00:00+00:00
[2025-01-05T23:51:14.083+0000] {processor.py:208} INFO - Processing /home/airflow/.local/lib/python3.12/site-packages/airflow/example_dags/example_inlet_event_extra.py took 0.567 seconds
[2025-01-05T23:51:44.506+0000] {processor.py:186} INFO - Started process (PID=5700) to work on /home/airflow/.local/lib/python3.12/site-packages/airflow/example_dags/example_inlet_event_extra.py
[2025-01-05T23:51:44.507+0000] {processor.py:914} INFO - Processing file /home/airflow/.local/lib/python3.12/site-packages/airflow/example_dags/example_inlet_event_extra.py for tasks to queue
[2025-01-05T23:51:44.510+0000] {logging_mixin.py:190} INFO - [2025-01-05T23:51:44.509+0000] {dagbag.py:588} INFO - Filling up the DagBag from /home/airflow/.local/lib/python3.12/site-packages/airflow/example_dags/example_inlet_event_extra.py
[2025-01-05T23:51:44.955+0000] {processor.py:925} INFO - DAG(s) 'read_dataset_event', 'read_dataset_event_from_classic' retrieved from /home/airflow/.local/lib/python3.12/site-packages/airflow/example_dags/example_inlet_event_extra.py
[2025-01-05T23:51:44.973+0000] {logging_mixin.py:190} INFO - [2025-01-05T23:51:44.973+0000] {dag.py:3239} INFO - Sync 2 DAGs
[2025-01-05T23:51:44.991+0000] {logging_mixin.py:190} INFO - [2025-01-05T23:51:44.991+0000] {dag.py:4180} INFO - Setting next_dagrun for read_dataset_event to 2025-01-04 00:00:00+00:00, run_after=2025-01-05 00:00:00+00:00
[2025-01-05T23:51:44.995+0000] {logging_mixin.py:190} INFO - [2025-01-05T23:51:44.995+0000] {dag.py:4180} INFO - Setting next_dagrun for read_dataset_event_from_classic to 2025-01-04 00:00:00+00:00, run_after=2025-01-05 00:00:00+00:00
[2025-01-05T23:51:45.009+0000] {processor.py:208} INFO - Processing /home/airflow/.local/lib/python3.12/site-packages/airflow/example_dags/example_inlet_event_extra.py took 0.507 seconds
[2025-01-05T23:52:15.411+0000] {processor.py:186} INFO - Started process (PID=5998) to work on /home/airflow/.local/lib/python3.12/site-packages/airflow/example_dags/example_inlet_event_extra.py
[2025-01-05T23:52:15.412+0000] {processor.py:914} INFO - Processing file /home/airflow/.local/lib/python3.12/site-packages/airflow/example_dags/example_inlet_event_extra.py for tasks to queue
[2025-01-05T23:52:15.414+0000] {logging_mixin.py:190} INFO - [2025-01-05T23:52:15.413+0000] {dagbag.py:588} INFO - Filling up the DagBag from /home/airflow/.local/lib/python3.12/site-packages/airflow/example_dags/example_inlet_event_extra.py
[2025-01-05T23:52:15.809+0000] {processor.py:925} INFO - DAG(s) 'read_dataset_event', 'read_dataset_event_from_classic' retrieved from /home/airflow/.local/lib/python3.12/site-packages/airflow/example_dags/example_inlet_event_extra.py
[2025-01-05T23:52:15.829+0000] {logging_mixin.py:190} INFO - [2025-01-05T23:52:15.829+0000] {dag.py:3239} INFO - Sync 2 DAGs
[2025-01-05T23:52:15.849+0000] {logging_mixin.py:190} INFO - [2025-01-05T23:52:15.849+0000] {dag.py:4180} INFO - Setting next_dagrun for read_dataset_event to 2025-01-04 00:00:00+00:00, run_after=2025-01-05 00:00:00+00:00
[2025-01-05T23:52:15.853+0000] {logging_mixin.py:190} INFO - [2025-01-05T23:52:15.853+0000] {dag.py:4180} INFO - Setting next_dagrun for read_dataset_event_from_classic to 2025-01-04 00:00:00+00:00, run_after=2025-01-05 00:00:00+00:00
[2025-01-05T23:52:15.870+0000] {processor.py:208} INFO - Processing /home/airflow/.local/lib/python3.12/site-packages/airflow/example_dags/example_inlet_event_extra.py took 0.464 seconds
[2025-01-05T23:52:46.463+0000] {processor.py:186} INFO - Started process (PID=6292) to work on /home/airflow/.local/lib/python3.12/site-packages/airflow/example_dags/example_inlet_event_extra.py
[2025-01-05T23:52:46.464+0000] {processor.py:914} INFO - Processing file /home/airflow/.local/lib/python3.12/site-packages/airflow/example_dags/example_inlet_event_extra.py for tasks to queue
[2025-01-05T23:52:46.467+0000] {logging_mixin.py:190} INFO - [2025-01-05T23:52:46.467+0000] {dagbag.py:588} INFO - Filling up the DagBag from /home/airflow/.local/lib/python3.12/site-packages/airflow/example_dags/example_inlet_event_extra.py
[2025-01-05T23:52:46.948+0000] {processor.py:925} INFO - DAG(s) 'read_dataset_event', 'read_dataset_event_from_classic' retrieved from /home/airflow/.local/lib/python3.12/site-packages/airflow/example_dags/example_inlet_event_extra.py
[2025-01-05T23:52:46.962+0000] {logging_mixin.py:190} INFO - [2025-01-05T23:52:46.962+0000] {dag.py:3239} INFO - Sync 2 DAGs
[2025-01-05T23:52:46.981+0000] {logging_mixin.py:190} INFO - [2025-01-05T23:52:46.980+0000] {dag.py:4180} INFO - Setting next_dagrun for read_dataset_event to 2025-01-04 00:00:00+00:00, run_after=2025-01-05 00:00:00+00:00
[2025-01-05T23:52:46.985+0000] {logging_mixin.py:190} INFO - [2025-01-05T23:52:46.985+0000] {dag.py:4180} INFO - Setting next_dagrun for read_dataset_event_from_classic to 2025-01-04 00:00:00+00:00, run_after=2025-01-05 00:00:00+00:00
[2025-01-05T23:52:46.999+0000] {processor.py:208} INFO - Processing /home/airflow/.local/lib/python3.12/site-packages/airflow/example_dags/example_inlet_event_extra.py took 0.543 seconds
[2025-01-05T23:53:17.380+0000] {processor.py:186} INFO - Started process (PID=6588) to work on /home/airflow/.local/lib/python3.12/site-packages/airflow/example_dags/example_inlet_event_extra.py
[2025-01-05T23:53:17.381+0000] {processor.py:914} INFO - Processing file /home/airflow/.local/lib/python3.12/site-packages/airflow/example_dags/example_inlet_event_extra.py for tasks to queue
[2025-01-05T23:53:17.382+0000] {logging_mixin.py:190} INFO - [2025-01-05T23:53:17.382+0000] {dagbag.py:588} INFO - Filling up the DagBag from /home/airflow/.local/lib/python3.12/site-packages/airflow/example_dags/example_inlet_event_extra.py
[2025-01-05T23:53:17.849+0000] {processor.py:925} INFO - DAG(s) 'read_dataset_event_from_classic', 'read_dataset_event' retrieved from /home/airflow/.local/lib/python3.12/site-packages/airflow/example_dags/example_inlet_event_extra.py
[2025-01-05T23:53:17.867+0000] {logging_mixin.py:190} INFO - [2025-01-05T23:53:17.867+0000] {dag.py:3239} INFO - Sync 2 DAGs
[2025-01-05T23:53:17.886+0000] {logging_mixin.py:190} INFO - [2025-01-05T23:53:17.886+0000] {dag.py:4180} INFO - Setting next_dagrun for read_dataset_event to 2025-01-04 00:00:00+00:00, run_after=2025-01-05 00:00:00+00:00
[2025-01-05T23:53:17.890+0000] {logging_mixin.py:190} INFO - [2025-01-05T23:53:17.890+0000] {dag.py:4180} INFO - Setting next_dagrun for read_dataset_event_from_classic to 2025-01-04 00:00:00+00:00, run_after=2025-01-05 00:00:00+00:00
[2025-01-05T23:53:17.904+0000] {processor.py:208} INFO - Processing /home/airflow/.local/lib/python3.12/site-packages/airflow/example_dags/example_inlet_event_extra.py took 0.529 seconds
[2025-01-05T23:53:48.746+0000] {processor.py:186} INFO - Started process (PID=6869) to work on /home/airflow/.local/lib/python3.12/site-packages/airflow/example_dags/example_inlet_event_extra.py
[2025-01-05T23:53:48.747+0000] {processor.py:914} INFO - Processing file /home/airflow/.local/lib/python3.12/site-packages/airflow/example_dags/example_inlet_event_extra.py for tasks to queue
[2025-01-05T23:53:48.749+0000] {logging_mixin.py:190} INFO - [2025-01-05T23:53:48.749+0000] {dagbag.py:588} INFO - Filling up the DagBag from /home/airflow/.local/lib/python3.12/site-packages/airflow/example_dags/example_inlet_event_extra.py
[2025-01-05T23:53:49.158+0000] {processor.py:925} INFO - DAG(s) 'read_dataset_event_from_classic', 'read_dataset_event' retrieved from /home/airflow/.local/lib/python3.12/site-packages/airflow/example_dags/example_inlet_event_extra.py
[2025-01-05T23:53:49.174+0000] {logging_mixin.py:190} INFO - [2025-01-05T23:53:49.174+0000] {dag.py:3239} INFO - Sync 2 DAGs
[2025-01-05T23:53:49.193+0000] {logging_mixin.py:190} INFO - [2025-01-05T23:53:49.193+0000] {dag.py:4180} INFO - Setting next_dagrun for read_dataset_event to 2025-01-04 00:00:00+00:00, run_after=2025-01-05 00:00:00+00:00
[2025-01-05T23:53:49.198+0000] {logging_mixin.py:190} INFO - [2025-01-05T23:53:49.198+0000] {dag.py:4180} INFO - Setting next_dagrun for read_dataset_event_from_classic to 2025-01-04 00:00:00+00:00, run_after=2025-01-05 00:00:00+00:00
[2025-01-05T23:53:49.213+0000] {processor.py:208} INFO - Processing /home/airflow/.local/lib/python3.12/site-packages/airflow/example_dags/example_inlet_event_extra.py took 0.472 seconds
[2025-01-05T23:54:19.870+0000] {processor.py:186} INFO - Started process (PID=7165) to work on /home/airflow/.local/lib/python3.12/site-packages/airflow/example_dags/example_inlet_event_extra.py
[2025-01-05T23:54:19.871+0000] {processor.py:914} INFO - Processing file /home/airflow/.local/lib/python3.12/site-packages/airflow/example_dags/example_inlet_event_extra.py for tasks to queue
[2025-01-05T23:54:19.875+0000] {logging_mixin.py:190} INFO - [2025-01-05T23:54:19.874+0000] {dagbag.py:588} INFO - Filling up the DagBag from /home/airflow/.local/lib/python3.12/site-packages/airflow/example_dags/example_inlet_event_extra.py
[2025-01-05T23:54:20.405+0000] {processor.py:925} INFO - DAG(s) 'read_dataset_event', 'read_dataset_event_from_classic' retrieved from /home/airflow/.local/lib/python3.12/site-packages/airflow/example_dags/example_inlet_event_extra.py
[2025-01-05T23:54:20.423+0000] {logging_mixin.py:190} INFO - [2025-01-05T23:54:20.423+0000] {dag.py:3239} INFO - Sync 2 DAGs
[2025-01-05T23:54:20.447+0000] {logging_mixin.py:190} INFO - [2025-01-05T23:54:20.447+0000] {dag.py:4180} INFO - Setting next_dagrun for read_dataset_event to 2025-01-04 00:00:00+00:00, run_after=2025-01-05 00:00:00+00:00
[2025-01-05T23:54:20.452+0000] {logging_mixin.py:190} INFO - [2025-01-05T23:54:20.452+0000] {dag.py:4180} INFO - Setting next_dagrun for read_dataset_event_from_classic to 2025-01-04 00:00:00+00:00, run_after=2025-01-05 00:00:00+00:00
[2025-01-05T23:54:20.469+0000] {processor.py:208} INFO - Processing /home/airflow/.local/lib/python3.12/site-packages/airflow/example_dags/example_inlet_event_extra.py took 0.608 seconds
[2025-01-05T23:54:50.587+0000] {processor.py:186} INFO - Started process (PID=7461) to work on /home/airflow/.local/lib/python3.12/site-packages/airflow/example_dags/example_inlet_event_extra.py
[2025-01-05T23:54:50.590+0000] {processor.py:914} INFO - Processing file /home/airflow/.local/lib/python3.12/site-packages/airflow/example_dags/example_inlet_event_extra.py for tasks to queue
[2025-01-05T23:54:50.594+0000] {logging_mixin.py:190} INFO - [2025-01-05T23:54:50.593+0000] {dagbag.py:588} INFO - Filling up the DagBag from /home/airflow/.local/lib/python3.12/site-packages/airflow/example_dags/example_inlet_event_extra.py
[2025-01-05T23:54:51.204+0000] {processor.py:925} INFO - DAG(s) 'read_dataset_event', 'read_dataset_event_from_classic' retrieved from /home/airflow/.local/lib/python3.12/site-packages/airflow/example_dags/example_inlet_event_extra.py
[2025-01-05T23:54:51.220+0000] {logging_mixin.py:190} INFO - [2025-01-05T23:54:51.220+0000] {dag.py:3239} INFO - Sync 2 DAGs
[2025-01-05T23:54:51.246+0000] {logging_mixin.py:190} INFO - [2025-01-05T23:54:51.245+0000] {dag.py:4180} INFO - Setting next_dagrun for read_dataset_event to 2025-01-04 00:00:00+00:00, run_after=2025-01-05 00:00:00+00:00
[2025-01-05T23:54:51.251+0000] {logging_mixin.py:190} INFO - [2025-01-05T23:54:51.251+0000] {dag.py:4180} INFO - Setting next_dagrun for read_dataset_event_from_classic to 2025-01-04 00:00:00+00:00, run_after=2025-01-05 00:00:00+00:00
[2025-01-05T23:54:51.273+0000] {processor.py:208} INFO - Processing /home/airflow/.local/lib/python3.12/site-packages/airflow/example_dags/example_inlet_event_extra.py took 0.692 seconds
[2025-01-05T23:55:22.009+0000] {processor.py:186} INFO - Started process (PID=7767) to work on /home/airflow/.local/lib/python3.12/site-packages/airflow/example_dags/example_inlet_event_extra.py
[2025-01-05T23:55:22.010+0000] {processor.py:914} INFO - Processing file /home/airflow/.local/lib/python3.12/site-packages/airflow/example_dags/example_inlet_event_extra.py for tasks to queue
[2025-01-05T23:55:22.013+0000] {logging_mixin.py:190} INFO - [2025-01-05T23:55:22.013+0000] {dagbag.py:588} INFO - Filling up the DagBag from /home/airflow/.local/lib/python3.12/site-packages/airflow/example_dags/example_inlet_event_extra.py
[2025-01-05T23:55:22.490+0000] {processor.py:925} INFO - DAG(s) 'read_dataset_event_from_classic', 'read_dataset_event' retrieved from /home/airflow/.local/lib/python3.12/site-packages/airflow/example_dags/example_inlet_event_extra.py
[2025-01-05T23:55:22.506+0000] {logging_mixin.py:190} INFO - [2025-01-05T23:55:22.506+0000] {dag.py:3239} INFO - Sync 2 DAGs
[2025-01-05T23:55:22.524+0000] {logging_mixin.py:190} INFO - [2025-01-05T23:55:22.523+0000] {dag.py:4180} INFO - Setting next_dagrun for read_dataset_event to 2025-01-04 00:00:00+00:00, run_after=2025-01-05 00:00:00+00:00
[2025-01-05T23:55:22.528+0000] {logging_mixin.py:190} INFO - [2025-01-05T23:55:22.528+0000] {dag.py:4180} INFO - Setting next_dagrun for read_dataset_event_from_classic to 2025-01-04 00:00:00+00:00, run_after=2025-01-05 00:00:00+00:00
[2025-01-05T23:55:22.544+0000] {processor.py:208} INFO - Processing /home/airflow/.local/lib/python3.12/site-packages/airflow/example_dags/example_inlet_event_extra.py took 0.543 seconds
[2025-01-05T23:55:52.832+0000] {processor.py:186} INFO - Started process (PID=8086) to work on /home/airflow/.local/lib/python3.12/site-packages/airflow/example_dags/example_inlet_event_extra.py
[2025-01-05T23:55:52.833+0000] {processor.py:914} INFO - Processing file /home/airflow/.local/lib/python3.12/site-packages/airflow/example_dags/example_inlet_event_extra.py for tasks to queue
[2025-01-05T23:55:52.835+0000] {logging_mixin.py:190} INFO - [2025-01-05T23:55:52.834+0000] {dagbag.py:588} INFO - Filling up the DagBag from /home/airflow/.local/lib/python3.12/site-packages/airflow/example_dags/example_inlet_event_extra.py
[2025-01-05T23:55:53.258+0000] {processor.py:925} INFO - DAG(s) 'read_dataset_event', 'read_dataset_event_from_classic' retrieved from /home/airflow/.local/lib/python3.12/site-packages/airflow/example_dags/example_inlet_event_extra.py
[2025-01-05T23:55:53.273+0000] {logging_mixin.py:190} INFO - [2025-01-05T23:55:53.273+0000] {dag.py:3239} INFO - Sync 2 DAGs
[2025-01-05T23:55:53.291+0000] {logging_mixin.py:190} INFO - [2025-01-05T23:55:53.291+0000] {dag.py:4180} INFO - Setting next_dagrun for read_dataset_event to 2025-01-04 00:00:00+00:00, run_after=2025-01-05 00:00:00+00:00
[2025-01-05T23:55:53.295+0000] {logging_mixin.py:190} INFO - [2025-01-05T23:55:53.295+0000] {dag.py:4180} INFO - Setting next_dagrun for read_dataset_event_from_classic to 2025-01-04 00:00:00+00:00, run_after=2025-01-05 00:00:00+00:00
[2025-01-05T23:55:53.310+0000] {processor.py:208} INFO - Processing /home/airflow/.local/lib/python3.12/site-packages/airflow/example_dags/example_inlet_event_extra.py took 0.483 seconds
[2025-01-05T23:56:23.954+0000] {processor.py:186} INFO - Started process (PID=8382) to work on /home/airflow/.local/lib/python3.12/site-packages/airflow/example_dags/example_inlet_event_extra.py
[2025-01-05T23:56:23.955+0000] {processor.py:914} INFO - Processing file /home/airflow/.local/lib/python3.12/site-packages/airflow/example_dags/example_inlet_event_extra.py for tasks to queue
[2025-01-05T23:56:23.956+0000] {logging_mixin.py:190} INFO - [2025-01-05T23:56:23.956+0000] {dagbag.py:588} INFO - Filling up the DagBag from /home/airflow/.local/lib/python3.12/site-packages/airflow/example_dags/example_inlet_event_extra.py
[2025-01-05T23:56:24.404+0000] {processor.py:925} INFO - DAG(s) 'read_dataset_event_from_classic', 'read_dataset_event' retrieved from /home/airflow/.local/lib/python3.12/site-packages/airflow/example_dags/example_inlet_event_extra.py
[2025-01-05T23:56:24.419+0000] {logging_mixin.py:190} INFO - [2025-01-05T23:56:24.419+0000] {dag.py:3239} INFO - Sync 2 DAGs
[2025-01-05T23:56:24.437+0000] {logging_mixin.py:190} INFO - [2025-01-05T23:56:24.437+0000] {dag.py:4180} INFO - Setting next_dagrun for read_dataset_event to 2025-01-04 00:00:00+00:00, run_after=2025-01-05 00:00:00+00:00
[2025-01-05T23:56:24.441+0000] {logging_mixin.py:190} INFO - [2025-01-05T23:56:24.441+0000] {dag.py:4180} INFO - Setting next_dagrun for read_dataset_event_from_classic to 2025-01-04 00:00:00+00:00, run_after=2025-01-05 00:00:00+00:00
[2025-01-05T23:56:24.455+0000] {processor.py:208} INFO - Processing /home/airflow/.local/lib/python3.12/site-packages/airflow/example_dags/example_inlet_event_extra.py took 0.505 seconds
[2025-01-05T23:56:54.750+0000] {processor.py:186} INFO - Started process (PID=8676) to work on /home/airflow/.local/lib/python3.12/site-packages/airflow/example_dags/example_inlet_event_extra.py
[2025-01-05T23:56:54.751+0000] {processor.py:914} INFO - Processing file /home/airflow/.local/lib/python3.12/site-packages/airflow/example_dags/example_inlet_event_extra.py for tasks to queue
[2025-01-05T23:56:54.753+0000] {logging_mixin.py:190} INFO - [2025-01-05T23:56:54.753+0000] {dagbag.py:588} INFO - Filling up the DagBag from /home/airflow/.local/lib/python3.12/site-packages/airflow/example_dags/example_inlet_event_extra.py
[2025-01-05T23:56:55.165+0000] {processor.py:925} INFO - DAG(s) 'read_dataset_event', 'read_dataset_event_from_classic' retrieved from /home/airflow/.local/lib/python3.12/site-packages/airflow/example_dags/example_inlet_event_extra.py
[2025-01-05T23:56:55.182+0000] {logging_mixin.py:190} INFO - [2025-01-05T23:56:55.182+0000] {dag.py:3239} INFO - Sync 2 DAGs
[2025-01-05T23:56:55.199+0000] {logging_mixin.py:190} INFO - [2025-01-05T23:56:55.199+0000] {dag.py:4180} INFO - Setting next_dagrun for read_dataset_event to 2025-01-04 00:00:00+00:00, run_after=2025-01-05 00:00:00+00:00
[2025-01-05T23:56:55.205+0000] {logging_mixin.py:190} INFO - [2025-01-05T23:56:55.205+0000] {dag.py:4180} INFO - Setting next_dagrun for read_dataset_event_from_classic to 2025-01-04 00:00:00+00:00, run_after=2025-01-05 00:00:00+00:00
[2025-01-05T23:56:55.220+0000] {processor.py:208} INFO - Processing /home/airflow/.local/lib/python3.12/site-packages/airflow/example_dags/example_inlet_event_extra.py took 0.474 seconds
[2025-01-05T23:57:25.832+0000] {processor.py:186} INFO - Started process (PID=8947) to work on /home/airflow/.local/lib/python3.12/site-packages/airflow/example_dags/example_inlet_event_extra.py
[2025-01-05T23:57:25.833+0000] {processor.py:914} INFO - Processing file /home/airflow/.local/lib/python3.12/site-packages/airflow/example_dags/example_inlet_event_extra.py for tasks to queue
[2025-01-05T23:57:25.835+0000] {logging_mixin.py:190} INFO - [2025-01-05T23:57:25.835+0000] {dagbag.py:588} INFO - Filling up the DagBag from /home/airflow/.local/lib/python3.12/site-packages/airflow/example_dags/example_inlet_event_extra.py
[2025-01-05T23:57:26.248+0000] {processor.py:925} INFO - DAG(s) 'read_dataset_event', 'read_dataset_event_from_classic' retrieved from /home/airflow/.local/lib/python3.12/site-packages/airflow/example_dags/example_inlet_event_extra.py
[2025-01-05T23:57:26.265+0000] {logging_mixin.py:190} INFO - [2025-01-05T23:57:26.265+0000] {dag.py:3239} INFO - Sync 2 DAGs
[2025-01-05T23:57:26.282+0000] {logging_mixin.py:190} INFO - [2025-01-05T23:57:26.282+0000] {dag.py:4180} INFO - Setting next_dagrun for read_dataset_event to 2025-01-04 00:00:00+00:00, run_after=2025-01-05 00:00:00+00:00
[2025-01-05T23:57:26.286+0000] {logging_mixin.py:190} INFO - [2025-01-05T23:57:26.286+0000] {dag.py:4180} INFO - Setting next_dagrun for read_dataset_event_from_classic to 2025-01-04 00:00:00+00:00, run_after=2025-01-05 00:00:00+00:00
[2025-01-05T23:57:26.303+0000] {processor.py:208} INFO - Processing /home/airflow/.local/lib/python3.12/site-packages/airflow/example_dags/example_inlet_event_extra.py took 0.476 seconds
[2025-01-05T23:57:56.834+0000] {processor.py:186} INFO - Started process (PID=9253) to work on /home/airflow/.local/lib/python3.12/site-packages/airflow/example_dags/example_inlet_event_extra.py
[2025-01-05T23:57:56.835+0000] {processor.py:914} INFO - Processing file /home/airflow/.local/lib/python3.12/site-packages/airflow/example_dags/example_inlet_event_extra.py for tasks to queue
[2025-01-05T23:57:56.837+0000] {logging_mixin.py:190} INFO - [2025-01-05T23:57:56.837+0000] {dagbag.py:588} INFO - Filling up the DagBag from /home/airflow/.local/lib/python3.12/site-packages/airflow/example_dags/example_inlet_event_extra.py
[2025-01-05T23:57:57.326+0000] {processor.py:925} INFO - DAG(s) 'read_dataset_event', 'read_dataset_event_from_classic' retrieved from /home/airflow/.local/lib/python3.12/site-packages/airflow/example_dags/example_inlet_event_extra.py
[2025-01-05T23:57:57.342+0000] {logging_mixin.py:190} INFO - [2025-01-05T23:57:57.342+0000] {dag.py:3239} INFO - Sync 2 DAGs
[2025-01-05T23:57:57.359+0000] {logging_mixin.py:190} INFO - [2025-01-05T23:57:57.359+0000] {dag.py:4180} INFO - Setting next_dagrun for read_dataset_event to 2025-01-04 00:00:00+00:00, run_after=2025-01-05 00:00:00+00:00
[2025-01-05T23:57:57.363+0000] {logging_mixin.py:190} INFO - [2025-01-05T23:57:57.363+0000] {dag.py:4180} INFO - Setting next_dagrun for read_dataset_event_from_classic to 2025-01-04 00:00:00+00:00, run_after=2025-01-05 00:00:00+00:00
[2025-01-05T23:57:57.381+0000] {processor.py:208} INFO - Processing /home/airflow/.local/lib/python3.12/site-packages/airflow/example_dags/example_inlet_event_extra.py took 0.552 seconds
[2025-01-05T23:58:27.777+0000] {processor.py:186} INFO - Started process (PID=9559) to work on /home/airflow/.local/lib/python3.12/site-packages/airflow/example_dags/example_inlet_event_extra.py
[2025-01-05T23:58:27.778+0000] {processor.py:914} INFO - Processing file /home/airflow/.local/lib/python3.12/site-packages/airflow/example_dags/example_inlet_event_extra.py for tasks to queue
[2025-01-05T23:58:27.780+0000] {logging_mixin.py:190} INFO - [2025-01-05T23:58:27.780+0000] {dagbag.py:588} INFO - Filling up the DagBag from /home/airflow/.local/lib/python3.12/site-packages/airflow/example_dags/example_inlet_event_extra.py
[2025-01-05T23:58:28.197+0000] {processor.py:925} INFO - DAG(s) 'read_dataset_event', 'read_dataset_event_from_classic' retrieved from /home/airflow/.local/lib/python3.12/site-packages/airflow/example_dags/example_inlet_event_extra.py
[2025-01-05T23:58:28.214+0000] {logging_mixin.py:190} INFO - [2025-01-05T23:58:28.214+0000] {dag.py:3239} INFO - Sync 2 DAGs
[2025-01-05T23:58:28.233+0000] {logging_mixin.py:190} INFO - [2025-01-05T23:58:28.232+0000] {dag.py:4180} INFO - Setting next_dagrun for read_dataset_event to 2025-01-04 00:00:00+00:00, run_after=2025-01-05 00:00:00+00:00
[2025-01-05T23:58:28.237+0000] {logging_mixin.py:190} INFO - [2025-01-05T23:58:28.237+0000] {dag.py:4180} INFO - Setting next_dagrun for read_dataset_event_from_classic to 2025-01-04 00:00:00+00:00, run_after=2025-01-05 00:00:00+00:00
[2025-01-05T23:58:28.253+0000] {processor.py:208} INFO - Processing /home/airflow/.local/lib/python3.12/site-packages/airflow/example_dags/example_inlet_event_extra.py took 0.481 seconds
[2025-01-05T23:58:58.325+0000] {processor.py:186} INFO - Started process (PID=9860) to work on /home/airflow/.local/lib/python3.12/site-packages/airflow/example_dags/example_inlet_event_extra.py
[2025-01-05T23:58:58.328+0000] {processor.py:914} INFO - Processing file /home/airflow/.local/lib/python3.12/site-packages/airflow/example_dags/example_inlet_event_extra.py for tasks to queue
[2025-01-05T23:58:58.333+0000] {logging_mixin.py:190} INFO - [2025-01-05T23:58:58.332+0000] {dagbag.py:588} INFO - Filling up the DagBag from /home/airflow/.local/lib/python3.12/site-packages/airflow/example_dags/example_inlet_event_extra.py
[2025-01-05T23:58:58.817+0000] {processor.py:925} INFO - DAG(s) 'read_dataset_event_from_classic', 'read_dataset_event' retrieved from /home/airflow/.local/lib/python3.12/site-packages/airflow/example_dags/example_inlet_event_extra.py
[2025-01-05T23:58:58.835+0000] {logging_mixin.py:190} INFO - [2025-01-05T23:58:58.835+0000] {dag.py:3239} INFO - Sync 2 DAGs
[2025-01-05T23:58:58.856+0000] {logging_mixin.py:190} INFO - [2025-01-05T23:58:58.856+0000] {dag.py:4180} INFO - Setting next_dagrun for read_dataset_event to 2025-01-04 00:00:00+00:00, run_after=2025-01-05 00:00:00+00:00
[2025-01-05T23:58:58.862+0000] {logging_mixin.py:190} INFO - [2025-01-05T23:58:58.862+0000] {dag.py:4180} INFO - Setting next_dagrun for read_dataset_event_from_classic to 2025-01-04 00:00:00+00:00, run_after=2025-01-05 00:00:00+00:00
[2025-01-05T23:58:58.879+0000] {processor.py:208} INFO - Processing /home/airflow/.local/lib/python3.12/site-packages/airflow/example_dags/example_inlet_event_extra.py took 0.566 seconds
[2025-01-05T23:59:29.677+0000] {processor.py:186} INFO - Started process (PID=10157) to work on /home/airflow/.local/lib/python3.12/site-packages/airflow/example_dags/example_inlet_event_extra.py
[2025-01-05T23:59:29.678+0000] {processor.py:914} INFO - Processing file /home/airflow/.local/lib/python3.12/site-packages/airflow/example_dags/example_inlet_event_extra.py for tasks to queue
[2025-01-05T23:59:29.680+0000] {logging_mixin.py:190} INFO - [2025-01-05T23:59:29.680+0000] {dagbag.py:588} INFO - Filling up the DagBag from /home/airflow/.local/lib/python3.12/site-packages/airflow/example_dags/example_inlet_event_extra.py
[2025-01-05T23:59:30.189+0000] {processor.py:925} INFO - DAG(s) 'read_dataset_event', 'read_dataset_event_from_classic' retrieved from /home/airflow/.local/lib/python3.12/site-packages/airflow/example_dags/example_inlet_event_extra.py
[2025-01-05T23:59:30.206+0000] {logging_mixin.py:190} INFO - [2025-01-05T23:59:30.206+0000] {dag.py:3239} INFO - Sync 2 DAGs
[2025-01-05T23:59:30.224+0000] {logging_mixin.py:190} INFO - [2025-01-05T23:59:30.224+0000] {dag.py:4180} INFO - Setting next_dagrun for read_dataset_event to 2025-01-04 00:00:00+00:00, run_after=2025-01-05 00:00:00+00:00
[2025-01-05T23:59:30.229+0000] {logging_mixin.py:190} INFO - [2025-01-05T23:59:30.228+0000] {dag.py:4180} INFO - Setting next_dagrun for read_dataset_event_from_classic to 2025-01-04 00:00:00+00:00, run_after=2025-01-05 00:00:00+00:00
[2025-01-05T23:59:30.246+0000] {processor.py:208} INFO - Processing /home/airflow/.local/lib/python3.12/site-packages/airflow/example_dags/example_inlet_event_extra.py took 0.576 seconds
