[2025-01-05T23:42:25.545+0000] {processor.py:186} INFO - Started process (PID=307) to work on /home/airflow/.local/lib/python3.12/site-packages/airflow/example_dags/example_skip_dag.py
[2025-01-05T23:42:25.546+0000] {processor.py:914} INFO - Processing file /home/airflow/.local/lib/python3.12/site-packages/airflow/example_dags/example_skip_dag.py for tasks to queue
[2025-01-05T23:42:25.549+0000] {logging_mixin.py:190} INFO - [2025-01-05T23:42:25.549+0000] {dagbag.py:588} INFO - Filling up the DagBag from /home/airflow/.local/lib/python3.12/site-packages/airflow/example_dags/example_skip_dag.py
[2025-01-05T23:42:25.560+0000] {processor.py:925} INFO - DAG(s) 'example_skip_dag' retrieved from /home/airflow/.local/lib/python3.12/site-packages/airflow/example_dags/example_skip_dag.py
[2025-01-05T23:42:25.594+0000] {logging_mixin.py:190} INFO - [2025-01-05T23:42:25.593+0000] {dag.py:3239} INFO - Sync 1 DAGs
[2025-01-05T23:42:25.622+0000] {logging_mixin.py:190} INFO - [2025-01-05T23:42:25.622+0000] {dag.py:4180} INFO - Setting next_dagrun for example_skip_dag to 2025-01-04 00:00:00+00:00, run_after=2025-01-05 00:00:00+00:00
[2025-01-05T23:42:25.646+0000] {processor.py:208} INFO - Processing /home/airflow/.local/lib/python3.12/site-packages/airflow/example_dags/example_skip_dag.py took 0.108 seconds
[2025-01-05T23:42:56.182+0000] {processor.py:186} INFO - Started process (PID=598) to work on /home/airflow/.local/lib/python3.12/site-packages/airflow/example_dags/example_skip_dag.py
[2025-01-05T23:42:56.184+0000] {processor.py:914} INFO - Processing file /home/airflow/.local/lib/python3.12/site-packages/airflow/example_dags/example_skip_dag.py for tasks to queue
[2025-01-05T23:42:56.206+0000] {logging_mixin.py:190} INFO - [2025-01-05T23:42:56.205+0000] {dagbag.py:588} INFO - Filling up the DagBag from /home/airflow/.local/lib/python3.12/site-packages/airflow/example_dags/example_skip_dag.py
[2025-01-05T23:42:56.230+0000] {processor.py:925} INFO - DAG(s) 'example_skip_dag' retrieved from /home/airflow/.local/lib/python3.12/site-packages/airflow/example_dags/example_skip_dag.py
[2025-01-05T23:42:56.283+0000] {logging_mixin.py:190} INFO - [2025-01-05T23:42:56.278+0000] {dag.py:3239} INFO - Sync 1 DAGs
[2025-01-05T23:42:56.340+0000] {logging_mixin.py:190} INFO - [2025-01-05T23:42:56.340+0000] {dag.py:4180} INFO - Setting next_dagrun for example_skip_dag to 2025-01-04 00:00:00+00:00, run_after=2025-01-05 00:00:00+00:00
[2025-01-05T23:42:56.411+0000] {processor.py:208} INFO - Processing /home/airflow/.local/lib/python3.12/site-packages/airflow/example_dags/example_skip_dag.py took 0.241 seconds
[2025-01-05T23:43:27.211+0000] {processor.py:186} INFO - Started process (PID=894) to work on /home/airflow/.local/lib/python3.12/site-packages/airflow/example_dags/example_skip_dag.py
[2025-01-05T23:43:27.212+0000] {processor.py:914} INFO - Processing file /home/airflow/.local/lib/python3.12/site-packages/airflow/example_dags/example_skip_dag.py for tasks to queue
[2025-01-05T23:43:27.215+0000] {logging_mixin.py:190} INFO - [2025-01-05T23:43:27.214+0000] {dagbag.py:588} INFO - Filling up the DagBag from /home/airflow/.local/lib/python3.12/site-packages/airflow/example_dags/example_skip_dag.py
[2025-01-05T23:43:27.224+0000] {processor.py:925} INFO - DAG(s) 'example_skip_dag' retrieved from /home/airflow/.local/lib/python3.12/site-packages/airflow/example_dags/example_skip_dag.py
[2025-01-05T23:43:27.243+0000] {logging_mixin.py:190} INFO - [2025-01-05T23:43:27.243+0000] {dag.py:3239} INFO - Sync 1 DAGs
[2025-01-05T23:43:27.266+0000] {logging_mixin.py:190} INFO - [2025-01-05T23:43:27.265+0000] {dag.py:4180} INFO - Setting next_dagrun for example_skip_dag to 2025-01-04 00:00:00+00:00, run_after=2025-01-05 00:00:00+00:00
[2025-01-05T23:43:27.284+0000] {processor.py:208} INFO - Processing /home/airflow/.local/lib/python3.12/site-packages/airflow/example_dags/example_skip_dag.py took 0.082 seconds
[2025-01-05T23:43:58.179+0000] {processor.py:186} INFO - Started process (PID=1192) to work on /home/airflow/.local/lib/python3.12/site-packages/airflow/example_dags/example_skip_dag.py
[2025-01-05T23:43:58.180+0000] {processor.py:914} INFO - Processing file /home/airflow/.local/lib/python3.12/site-packages/airflow/example_dags/example_skip_dag.py for tasks to queue
[2025-01-05T23:43:58.182+0000] {logging_mixin.py:190} INFO - [2025-01-05T23:43:58.182+0000] {dagbag.py:588} INFO - Filling up the DagBag from /home/airflow/.local/lib/python3.12/site-packages/airflow/example_dags/example_skip_dag.py
[2025-01-05T23:43:58.188+0000] {processor.py:925} INFO - DAG(s) 'example_skip_dag' retrieved from /home/airflow/.local/lib/python3.12/site-packages/airflow/example_dags/example_skip_dag.py
[2025-01-05T23:43:58.206+0000] {logging_mixin.py:190} INFO - [2025-01-05T23:43:58.206+0000] {dag.py:3239} INFO - Sync 1 DAGs
[2025-01-05T23:43:58.228+0000] {logging_mixin.py:190} INFO - [2025-01-05T23:43:58.227+0000] {dag.py:4180} INFO - Setting next_dagrun for example_skip_dag to 2025-01-04 00:00:00+00:00, run_after=2025-01-05 00:00:00+00:00
[2025-01-05T23:43:58.245+0000] {processor.py:208} INFO - Processing /home/airflow/.local/lib/python3.12/site-packages/airflow/example_dags/example_skip_dag.py took 0.070 seconds
[2025-01-05T23:44:28.842+0000] {processor.py:186} INFO - Started process (PID=1486) to work on /home/airflow/.local/lib/python3.12/site-packages/airflow/example_dags/example_skip_dag.py
[2025-01-05T23:44:28.842+0000] {processor.py:914} INFO - Processing file /home/airflow/.local/lib/python3.12/site-packages/airflow/example_dags/example_skip_dag.py for tasks to queue
[2025-01-05T23:44:28.844+0000] {logging_mixin.py:190} INFO - [2025-01-05T23:44:28.844+0000] {dagbag.py:588} INFO - Filling up the DagBag from /home/airflow/.local/lib/python3.12/site-packages/airflow/example_dags/example_skip_dag.py
[2025-01-05T23:44:28.851+0000] {processor.py:925} INFO - DAG(s) 'example_skip_dag' retrieved from /home/airflow/.local/lib/python3.12/site-packages/airflow/example_dags/example_skip_dag.py
[2025-01-05T23:44:28.867+0000] {logging_mixin.py:190} INFO - [2025-01-05T23:44:28.867+0000] {dag.py:3239} INFO - Sync 1 DAGs
[2025-01-05T23:44:28.887+0000] {logging_mixin.py:190} INFO - [2025-01-05T23:44:28.887+0000] {dag.py:4180} INFO - Setting next_dagrun for example_skip_dag to 2025-01-04 00:00:00+00:00, run_after=2025-01-05 00:00:00+00:00
[2025-01-05T23:44:28.910+0000] {processor.py:208} INFO - Processing /home/airflow/.local/lib/python3.12/site-packages/airflow/example_dags/example_skip_dag.py took 0.074 seconds
[2025-01-05T23:44:59.563+0000] {processor.py:186} INFO - Started process (PID=1784) to work on /home/airflow/.local/lib/python3.12/site-packages/airflow/example_dags/example_skip_dag.py
[2025-01-05T23:44:59.564+0000] {processor.py:914} INFO - Processing file /home/airflow/.local/lib/python3.12/site-packages/airflow/example_dags/example_skip_dag.py for tasks to queue
[2025-01-05T23:44:59.566+0000] {logging_mixin.py:190} INFO - [2025-01-05T23:44:59.565+0000] {dagbag.py:588} INFO - Filling up the DagBag from /home/airflow/.local/lib/python3.12/site-packages/airflow/example_dags/example_skip_dag.py
[2025-01-05T23:44:59.572+0000] {processor.py:925} INFO - DAG(s) 'example_skip_dag' retrieved from /home/airflow/.local/lib/python3.12/site-packages/airflow/example_dags/example_skip_dag.py
[2025-01-05T23:44:59.590+0000] {logging_mixin.py:190} INFO - [2025-01-05T23:44:59.590+0000] {dag.py:3239} INFO - Sync 1 DAGs
[2025-01-05T23:44:59.610+0000] {logging_mixin.py:190} INFO - [2025-01-05T23:44:59.610+0000] {dag.py:4180} INFO - Setting next_dagrun for example_skip_dag to 2025-01-04 00:00:00+00:00, run_after=2025-01-05 00:00:00+00:00
[2025-01-05T23:44:59.628+0000] {processor.py:208} INFO - Processing /home/airflow/.local/lib/python3.12/site-packages/airflow/example_dags/example_skip_dag.py took 0.070 seconds
[2025-01-05T23:45:30.259+0000] {processor.py:186} INFO - Started process (PID=2080) to work on /home/airflow/.local/lib/python3.12/site-packages/airflow/example_dags/example_skip_dag.py
[2025-01-05T23:45:30.260+0000] {processor.py:914} INFO - Processing file /home/airflow/.local/lib/python3.12/site-packages/airflow/example_dags/example_skip_dag.py for tasks to queue
[2025-01-05T23:45:30.262+0000] {logging_mixin.py:190} INFO - [2025-01-05T23:45:30.262+0000] {dagbag.py:588} INFO - Filling up the DagBag from /home/airflow/.local/lib/python3.12/site-packages/airflow/example_dags/example_skip_dag.py
[2025-01-05T23:45:30.269+0000] {processor.py:925} INFO - DAG(s) 'example_skip_dag' retrieved from /home/airflow/.local/lib/python3.12/site-packages/airflow/example_dags/example_skip_dag.py
[2025-01-05T23:45:30.285+0000] {logging_mixin.py:190} INFO - [2025-01-05T23:45:30.284+0000] {dag.py:3239} INFO - Sync 1 DAGs
[2025-01-05T23:45:30.302+0000] {logging_mixin.py:190} INFO - [2025-01-05T23:45:30.302+0000] {dag.py:4180} INFO - Setting next_dagrun for example_skip_dag to 2025-01-04 00:00:00+00:00, run_after=2025-01-05 00:00:00+00:00
[2025-01-05T23:45:30.319+0000] {processor.py:208} INFO - Processing /home/airflow/.local/lib/python3.12/site-packages/airflow/example_dags/example_skip_dag.py took 0.066 seconds
[2025-01-05T23:46:01.869+0000] {processor.py:186} INFO - Started process (PID=2374) to work on /home/airflow/.local/lib/python3.12/site-packages/airflow/example_dags/example_skip_dag.py
[2025-01-05T23:46:01.918+0000] {processor.py:914} INFO - Processing file /home/airflow/.local/lib/python3.12/site-packages/airflow/example_dags/example_skip_dag.py for tasks to queue
[2025-01-05T23:46:01.930+0000] {logging_mixin.py:190} INFO - [2025-01-05T23:46:01.929+0000] {dagbag.py:588} INFO - Filling up the DagBag from /home/airflow/.local/lib/python3.12/site-packages/airflow/example_dags/example_skip_dag.py
[2025-01-05T23:46:01.957+0000] {processor.py:925} INFO - DAG(s) 'example_skip_dag' retrieved from /home/airflow/.local/lib/python3.12/site-packages/airflow/example_dags/example_skip_dag.py
[2025-01-05T23:46:01.996+0000] {logging_mixin.py:190} INFO - [2025-01-05T23:46:01.996+0000] {dag.py:3239} INFO - Sync 1 DAGs
[2025-01-05T23:46:02.043+0000] {logging_mixin.py:190} INFO - [2025-01-05T23:46:02.043+0000] {dag.py:4180} INFO - Setting next_dagrun for example_skip_dag to 2025-01-04 00:00:00+00:00, run_after=2025-01-05 00:00:00+00:00
[2025-01-05T23:46:02.113+0000] {processor.py:208} INFO - Processing /home/airflow/.local/lib/python3.12/site-packages/airflow/example_dags/example_skip_dag.py took 0.250 seconds
[2025-01-05T23:46:32.191+0000] {processor.py:186} INFO - Started process (PID=2672) to work on /home/airflow/.local/lib/python3.12/site-packages/airflow/example_dags/example_skip_dag.py
[2025-01-05T23:46:32.192+0000] {processor.py:914} INFO - Processing file /home/airflow/.local/lib/python3.12/site-packages/airflow/example_dags/example_skip_dag.py for tasks to queue
[2025-01-05T23:46:32.193+0000] {logging_mixin.py:190} INFO - [2025-01-05T23:46:32.193+0000] {dagbag.py:588} INFO - Filling up the DagBag from /home/airflow/.local/lib/python3.12/site-packages/airflow/example_dags/example_skip_dag.py
[2025-01-05T23:46:32.201+0000] {processor.py:925} INFO - DAG(s) 'example_skip_dag' retrieved from /home/airflow/.local/lib/python3.12/site-packages/airflow/example_dags/example_skip_dag.py
[2025-01-05T23:46:32.218+0000] {logging_mixin.py:190} INFO - [2025-01-05T23:46:32.218+0000] {dag.py:3239} INFO - Sync 1 DAGs
[2025-01-05T23:46:32.236+0000] {logging_mixin.py:190} INFO - [2025-01-05T23:46:32.236+0000] {dag.py:4180} INFO - Setting next_dagrun for example_skip_dag to 2025-01-04 00:00:00+00:00, run_after=2025-01-05 00:00:00+00:00
[2025-01-05T23:46:32.253+0000] {processor.py:208} INFO - Processing /home/airflow/.local/lib/python3.12/site-packages/airflow/example_dags/example_skip_dag.py took 0.068 seconds
[2025-01-05T23:47:03.640+0000] {processor.py:186} INFO - Started process (PID=2968) to work on /home/airflow/.local/lib/python3.12/site-packages/airflow/example_dags/example_skip_dag.py
[2025-01-05T23:47:03.641+0000] {processor.py:914} INFO - Processing file /home/airflow/.local/lib/python3.12/site-packages/airflow/example_dags/example_skip_dag.py for tasks to queue
[2025-01-05T23:47:03.644+0000] {logging_mixin.py:190} INFO - [2025-01-05T23:47:03.643+0000] {dagbag.py:588} INFO - Filling up the DagBag from /home/airflow/.local/lib/python3.12/site-packages/airflow/example_dags/example_skip_dag.py
[2025-01-05T23:47:03.651+0000] {processor.py:925} INFO - DAG(s) 'example_skip_dag' retrieved from /home/airflow/.local/lib/python3.12/site-packages/airflow/example_dags/example_skip_dag.py
[2025-01-05T23:47:03.673+0000] {logging_mixin.py:190} INFO - [2025-01-05T23:47:03.672+0000] {dag.py:3239} INFO - Sync 1 DAGs
[2025-01-05T23:47:03.690+0000] {logging_mixin.py:190} INFO - [2025-01-05T23:47:03.690+0000] {dag.py:4180} INFO - Setting next_dagrun for example_skip_dag to 2025-01-04 00:00:00+00:00, run_after=2025-01-05 00:00:00+00:00
[2025-01-05T23:47:03.706+0000] {processor.py:208} INFO - Processing /home/airflow/.local/lib/python3.12/site-packages/airflow/example_dags/example_skip_dag.py took 0.070 seconds
[2025-01-05T23:47:34.443+0000] {processor.py:186} INFO - Started process (PID=3264) to work on /home/airflow/.local/lib/python3.12/site-packages/airflow/example_dags/example_skip_dag.py
[2025-01-05T23:47:34.444+0000] {processor.py:914} INFO - Processing file /home/airflow/.local/lib/python3.12/site-packages/airflow/example_dags/example_skip_dag.py for tasks to queue
[2025-01-05T23:47:34.445+0000] {logging_mixin.py:190} INFO - [2025-01-05T23:47:34.445+0000] {dagbag.py:588} INFO - Filling up the DagBag from /home/airflow/.local/lib/python3.12/site-packages/airflow/example_dags/example_skip_dag.py
[2025-01-05T23:47:34.451+0000] {processor.py:925} INFO - DAG(s) 'example_skip_dag' retrieved from /home/airflow/.local/lib/python3.12/site-packages/airflow/example_dags/example_skip_dag.py
[2025-01-05T23:47:34.468+0000] {logging_mixin.py:190} INFO - [2025-01-05T23:47:34.468+0000] {dag.py:3239} INFO - Sync 1 DAGs
[2025-01-05T23:47:34.488+0000] {logging_mixin.py:190} INFO - [2025-01-05T23:47:34.488+0000] {dag.py:4180} INFO - Setting next_dagrun for example_skip_dag to 2025-01-04 00:00:00+00:00, run_after=2025-01-05 00:00:00+00:00
[2025-01-05T23:47:34.505+0000] {processor.py:208} INFO - Processing /home/airflow/.local/lib/python3.12/site-packages/airflow/example_dags/example_skip_dag.py took 0.067 seconds
[2025-01-05T23:48:05.135+0000] {processor.py:186} INFO - Started process (PID=3560) to work on /home/airflow/.local/lib/python3.12/site-packages/airflow/example_dags/example_skip_dag.py
[2025-01-05T23:48:05.136+0000] {processor.py:914} INFO - Processing file /home/airflow/.local/lib/python3.12/site-packages/airflow/example_dags/example_skip_dag.py for tasks to queue
[2025-01-05T23:48:05.138+0000] {logging_mixin.py:190} INFO - [2025-01-05T23:48:05.137+0000] {dagbag.py:588} INFO - Filling up the DagBag from /home/airflow/.local/lib/python3.12/site-packages/airflow/example_dags/example_skip_dag.py
[2025-01-05T23:48:05.144+0000] {processor.py:925} INFO - DAG(s) 'example_skip_dag' retrieved from /home/airflow/.local/lib/python3.12/site-packages/airflow/example_dags/example_skip_dag.py
[2025-01-05T23:48:05.162+0000] {logging_mixin.py:190} INFO - [2025-01-05T23:48:05.162+0000] {dag.py:3239} INFO - Sync 1 DAGs
[2025-01-05T23:48:05.179+0000] {logging_mixin.py:190} INFO - [2025-01-05T23:48:05.179+0000] {dag.py:4180} INFO - Setting next_dagrun for example_skip_dag to 2025-01-04 00:00:00+00:00, run_after=2025-01-05 00:00:00+00:00
[2025-01-05T23:48:05.196+0000] {processor.py:208} INFO - Processing /home/airflow/.local/lib/python3.12/site-packages/airflow/example_dags/example_skip_dag.py took 0.066 seconds
[2025-01-05T23:48:35.935+0000] {processor.py:186} INFO - Started process (PID=3856) to work on /home/airflow/.local/lib/python3.12/site-packages/airflow/example_dags/example_skip_dag.py
[2025-01-05T23:48:35.936+0000] {processor.py:914} INFO - Processing file /home/airflow/.local/lib/python3.12/site-packages/airflow/example_dags/example_skip_dag.py for tasks to queue
[2025-01-05T23:48:35.938+0000] {logging_mixin.py:190} INFO - [2025-01-05T23:48:35.938+0000] {dagbag.py:588} INFO - Filling up the DagBag from /home/airflow/.local/lib/python3.12/site-packages/airflow/example_dags/example_skip_dag.py
[2025-01-05T23:48:35.944+0000] {processor.py:925} INFO - DAG(s) 'example_skip_dag' retrieved from /home/airflow/.local/lib/python3.12/site-packages/airflow/example_dags/example_skip_dag.py
[2025-01-05T23:48:35.963+0000] {logging_mixin.py:190} INFO - [2025-01-05T23:48:35.963+0000] {dag.py:3239} INFO - Sync 1 DAGs
[2025-01-05T23:48:35.980+0000] {logging_mixin.py:190} INFO - [2025-01-05T23:48:35.980+0000] {dag.py:4180} INFO - Setting next_dagrun for example_skip_dag to 2025-01-04 00:00:00+00:00, run_after=2025-01-05 00:00:00+00:00
[2025-01-05T23:48:35.998+0000] {processor.py:208} INFO - Processing /home/airflow/.local/lib/python3.12/site-packages/airflow/example_dags/example_skip_dag.py took 0.067 seconds
[2025-01-05T23:49:06.764+0000] {processor.py:186} INFO - Started process (PID=4152) to work on /home/airflow/.local/lib/python3.12/site-packages/airflow/example_dags/example_skip_dag.py
[2025-01-05T23:49:06.765+0000] {processor.py:914} INFO - Processing file /home/airflow/.local/lib/python3.12/site-packages/airflow/example_dags/example_skip_dag.py for tasks to queue
[2025-01-05T23:49:06.767+0000] {logging_mixin.py:190} INFO - [2025-01-05T23:49:06.766+0000] {dagbag.py:588} INFO - Filling up the DagBag from /home/airflow/.local/lib/python3.12/site-packages/airflow/example_dags/example_skip_dag.py
[2025-01-05T23:49:06.773+0000] {processor.py:925} INFO - DAG(s) 'example_skip_dag' retrieved from /home/airflow/.local/lib/python3.12/site-packages/airflow/example_dags/example_skip_dag.py
[2025-01-05T23:49:06.791+0000] {logging_mixin.py:190} INFO - [2025-01-05T23:49:06.790+0000] {dag.py:3239} INFO - Sync 1 DAGs
[2025-01-05T23:49:06.808+0000] {logging_mixin.py:190} INFO - [2025-01-05T23:49:06.808+0000] {dag.py:4180} INFO - Setting next_dagrun for example_skip_dag to 2025-01-04 00:00:00+00:00, run_after=2025-01-05 00:00:00+00:00
[2025-01-05T23:49:06.826+0000] {processor.py:208} INFO - Processing /home/airflow/.local/lib/python3.12/site-packages/airflow/example_dags/example_skip_dag.py took 0.066 seconds
[2025-01-05T23:49:37.482+0000] {processor.py:186} INFO - Started process (PID=4446) to work on /home/airflow/.local/lib/python3.12/site-packages/airflow/example_dags/example_skip_dag.py
[2025-01-05T23:49:37.483+0000] {processor.py:914} INFO - Processing file /home/airflow/.local/lib/python3.12/site-packages/airflow/example_dags/example_skip_dag.py for tasks to queue
[2025-01-05T23:49:37.485+0000] {logging_mixin.py:190} INFO - [2025-01-05T23:49:37.485+0000] {dagbag.py:588} INFO - Filling up the DagBag from /home/airflow/.local/lib/python3.12/site-packages/airflow/example_dags/example_skip_dag.py
[2025-01-05T23:49:37.492+0000] {processor.py:925} INFO - DAG(s) 'example_skip_dag' retrieved from /home/airflow/.local/lib/python3.12/site-packages/airflow/example_dags/example_skip_dag.py
[2025-01-05T23:49:37.516+0000] {logging_mixin.py:190} INFO - [2025-01-05T23:49:37.516+0000] {dag.py:3239} INFO - Sync 1 DAGs
[2025-01-05T23:49:37.540+0000] {logging_mixin.py:190} INFO - [2025-01-05T23:49:37.540+0000] {dag.py:4180} INFO - Setting next_dagrun for example_skip_dag to 2025-01-04 00:00:00+00:00, run_after=2025-01-05 00:00:00+00:00
[2025-01-05T23:49:37.559+0000] {processor.py:208} INFO - Processing /home/airflow/.local/lib/python3.12/site-packages/airflow/example_dags/example_skip_dag.py took 0.083 seconds
[2025-01-05T23:50:08.571+0000] {processor.py:186} INFO - Started process (PID=4742) to work on /home/airflow/.local/lib/python3.12/site-packages/airflow/example_dags/example_skip_dag.py
[2025-01-05T23:50:08.572+0000] {processor.py:914} INFO - Processing file /home/airflow/.local/lib/python3.12/site-packages/airflow/example_dags/example_skip_dag.py for tasks to queue
[2025-01-05T23:50:08.574+0000] {logging_mixin.py:190} INFO - [2025-01-05T23:50:08.573+0000] {dagbag.py:588} INFO - Filling up the DagBag from /home/airflow/.local/lib/python3.12/site-packages/airflow/example_dags/example_skip_dag.py
[2025-01-05T23:50:08.580+0000] {processor.py:925} INFO - DAG(s) 'example_skip_dag' retrieved from /home/airflow/.local/lib/python3.12/site-packages/airflow/example_dags/example_skip_dag.py
[2025-01-05T23:50:08.599+0000] {logging_mixin.py:190} INFO - [2025-01-05T23:50:08.599+0000] {dag.py:3239} INFO - Sync 1 DAGs
[2025-01-05T23:50:08.620+0000] {logging_mixin.py:190} INFO - [2025-01-05T23:50:08.620+0000] {dag.py:4180} INFO - Setting next_dagrun for example_skip_dag to 2025-01-04 00:00:00+00:00, run_after=2025-01-05 00:00:00+00:00
[2025-01-05T23:50:08.639+0000] {processor.py:208} INFO - Processing /home/airflow/.local/lib/python3.12/site-packages/airflow/example_dags/example_skip_dag.py took 0.073 seconds
[2025-01-05T23:50:39.589+0000] {processor.py:186} INFO - Started process (PID=5038) to work on /home/airflow/.local/lib/python3.12/site-packages/airflow/example_dags/example_skip_dag.py
[2025-01-05T23:50:39.590+0000] {processor.py:914} INFO - Processing file /home/airflow/.local/lib/python3.12/site-packages/airflow/example_dags/example_skip_dag.py for tasks to queue
[2025-01-05T23:50:39.593+0000] {logging_mixin.py:190} INFO - [2025-01-05T23:50:39.592+0000] {dagbag.py:588} INFO - Filling up the DagBag from /home/airflow/.local/lib/python3.12/site-packages/airflow/example_dags/example_skip_dag.py
[2025-01-05T23:50:39.602+0000] {processor.py:925} INFO - DAG(s) 'example_skip_dag' retrieved from /home/airflow/.local/lib/python3.12/site-packages/airflow/example_dags/example_skip_dag.py
[2025-01-05T23:50:39.634+0000] {logging_mixin.py:190} INFO - [2025-01-05T23:50:39.633+0000] {dag.py:3239} INFO - Sync 1 DAGs
[2025-01-05T23:50:39.657+0000] {logging_mixin.py:190} INFO - [2025-01-05T23:50:39.657+0000] {dag.py:4180} INFO - Setting next_dagrun for example_skip_dag to 2025-01-04 00:00:00+00:00, run_after=2025-01-05 00:00:00+00:00
[2025-01-05T23:50:39.675+0000] {processor.py:208} INFO - Processing /home/airflow/.local/lib/python3.12/site-packages/airflow/example_dags/example_skip_dag.py took 0.090 seconds
[2025-01-05T23:51:10.375+0000] {processor.py:186} INFO - Started process (PID=5336) to work on /home/airflow/.local/lib/python3.12/site-packages/airflow/example_dags/example_skip_dag.py
[2025-01-05T23:51:10.376+0000] {processor.py:914} INFO - Processing file /home/airflow/.local/lib/python3.12/site-packages/airflow/example_dags/example_skip_dag.py for tasks to queue
[2025-01-05T23:51:10.378+0000] {logging_mixin.py:190} INFO - [2025-01-05T23:51:10.378+0000] {dagbag.py:588} INFO - Filling up the DagBag from /home/airflow/.local/lib/python3.12/site-packages/airflow/example_dags/example_skip_dag.py
[2025-01-05T23:51:10.385+0000] {processor.py:925} INFO - DAG(s) 'example_skip_dag' retrieved from /home/airflow/.local/lib/python3.12/site-packages/airflow/example_dags/example_skip_dag.py
[2025-01-05T23:51:10.402+0000] {logging_mixin.py:190} INFO - [2025-01-05T23:51:10.402+0000] {dag.py:3239} INFO - Sync 1 DAGs
[2025-01-05T23:51:10.418+0000] {logging_mixin.py:190} INFO - [2025-01-05T23:51:10.418+0000] {dag.py:4180} INFO - Setting next_dagrun for example_skip_dag to 2025-01-04 00:00:00+00:00, run_after=2025-01-05 00:00:00+00:00
[2025-01-05T23:51:10.437+0000] {processor.py:208} INFO - Processing /home/airflow/.local/lib/python3.12/site-packages/airflow/example_dags/example_skip_dag.py took 0.067 seconds
[2025-01-05T23:51:41.313+0000] {processor.py:186} INFO - Started process (PID=5632) to work on /home/airflow/.local/lib/python3.12/site-packages/airflow/example_dags/example_skip_dag.py
[2025-01-05T23:51:41.314+0000] {processor.py:914} INFO - Processing file /home/airflow/.local/lib/python3.12/site-packages/airflow/example_dags/example_skip_dag.py for tasks to queue
[2025-01-05T23:51:41.316+0000] {logging_mixin.py:190} INFO - [2025-01-05T23:51:41.315+0000] {dagbag.py:588} INFO - Filling up the DagBag from /home/airflow/.local/lib/python3.12/site-packages/airflow/example_dags/example_skip_dag.py
[2025-01-05T23:51:41.322+0000] {processor.py:925} INFO - DAG(s) 'example_skip_dag' retrieved from /home/airflow/.local/lib/python3.12/site-packages/airflow/example_dags/example_skip_dag.py
[2025-01-05T23:51:41.340+0000] {logging_mixin.py:190} INFO - [2025-01-05T23:51:41.339+0000] {dag.py:3239} INFO - Sync 1 DAGs
[2025-01-05T23:51:41.357+0000] {logging_mixin.py:190} INFO - [2025-01-05T23:51:41.356+0000] {dag.py:4180} INFO - Setting next_dagrun for example_skip_dag to 2025-01-04 00:00:00+00:00, run_after=2025-01-05 00:00:00+00:00
[2025-01-05T23:51:41.372+0000] {processor.py:208} INFO - Processing /home/airflow/.local/lib/python3.12/site-packages/airflow/example_dags/example_skip_dag.py took 0.063 seconds
[2025-01-05T23:52:12.172+0000] {processor.py:186} INFO - Started process (PID=5928) to work on /home/airflow/.local/lib/python3.12/site-packages/airflow/example_dags/example_skip_dag.py
[2025-01-05T23:52:12.174+0000] {processor.py:914} INFO - Processing file /home/airflow/.local/lib/python3.12/site-packages/airflow/example_dags/example_skip_dag.py for tasks to queue
[2025-01-05T23:52:12.176+0000] {logging_mixin.py:190} INFO - [2025-01-05T23:52:12.175+0000] {dagbag.py:588} INFO - Filling up the DagBag from /home/airflow/.local/lib/python3.12/site-packages/airflow/example_dags/example_skip_dag.py
[2025-01-05T23:52:12.183+0000] {processor.py:925} INFO - DAG(s) 'example_skip_dag' retrieved from /home/airflow/.local/lib/python3.12/site-packages/airflow/example_dags/example_skip_dag.py
[2025-01-05T23:52:12.202+0000] {logging_mixin.py:190} INFO - [2025-01-05T23:52:12.202+0000] {dag.py:3239} INFO - Sync 1 DAGs
[2025-01-05T23:52:12.224+0000] {logging_mixin.py:190} INFO - [2025-01-05T23:52:12.223+0000] {dag.py:4180} INFO - Setting next_dagrun for example_skip_dag to 2025-01-04 00:00:00+00:00, run_after=2025-01-05 00:00:00+00:00
[2025-01-05T23:52:12.244+0000] {processor.py:208} INFO - Processing /home/airflow/.local/lib/python3.12/site-packages/airflow/example_dags/example_skip_dag.py took 0.076 seconds
[2025-01-05T23:52:43.117+0000] {processor.py:186} INFO - Started process (PID=6224) to work on /home/airflow/.local/lib/python3.12/site-packages/airflow/example_dags/example_skip_dag.py
[2025-01-05T23:52:43.117+0000] {processor.py:914} INFO - Processing file /home/airflow/.local/lib/python3.12/site-packages/airflow/example_dags/example_skip_dag.py for tasks to queue
[2025-01-05T23:52:43.119+0000] {logging_mixin.py:190} INFO - [2025-01-05T23:52:43.119+0000] {dagbag.py:588} INFO - Filling up the DagBag from /home/airflow/.local/lib/python3.12/site-packages/airflow/example_dags/example_skip_dag.py
[2025-01-05T23:52:43.125+0000] {processor.py:925} INFO - DAG(s) 'example_skip_dag' retrieved from /home/airflow/.local/lib/python3.12/site-packages/airflow/example_dags/example_skip_dag.py
[2025-01-05T23:52:43.142+0000] {logging_mixin.py:190} INFO - [2025-01-05T23:52:43.142+0000] {dag.py:3239} INFO - Sync 1 DAGs
[2025-01-05T23:52:43.159+0000] {logging_mixin.py:190} INFO - [2025-01-05T23:52:43.159+0000] {dag.py:4180} INFO - Setting next_dagrun for example_skip_dag to 2025-01-04 00:00:00+00:00, run_after=2025-01-05 00:00:00+00:00
[2025-01-05T23:52:43.178+0000] {processor.py:208} INFO - Processing /home/airflow/.local/lib/python3.12/site-packages/airflow/example_dags/example_skip_dag.py took 0.066 seconds
[2025-01-05T23:53:14.001+0000] {processor.py:186} INFO - Started process (PID=6520) to work on /home/airflow/.local/lib/python3.12/site-packages/airflow/example_dags/example_skip_dag.py
[2025-01-05T23:53:14.003+0000] {processor.py:914} INFO - Processing file /home/airflow/.local/lib/python3.12/site-packages/airflow/example_dags/example_skip_dag.py for tasks to queue
[2025-01-05T23:53:14.005+0000] {logging_mixin.py:190} INFO - [2025-01-05T23:53:14.005+0000] {dagbag.py:588} INFO - Filling up the DagBag from /home/airflow/.local/lib/python3.12/site-packages/airflow/example_dags/example_skip_dag.py
[2025-01-05T23:53:14.015+0000] {processor.py:925} INFO - DAG(s) 'example_skip_dag' retrieved from /home/airflow/.local/lib/python3.12/site-packages/airflow/example_dags/example_skip_dag.py
[2025-01-05T23:53:14.045+0000] {logging_mixin.py:190} INFO - [2025-01-05T23:53:14.045+0000] {dag.py:3239} INFO - Sync 1 DAGs
[2025-01-05T23:53:14.066+0000] {logging_mixin.py:190} INFO - [2025-01-05T23:53:14.066+0000] {dag.py:4180} INFO - Setting next_dagrun for example_skip_dag to 2025-01-04 00:00:00+00:00, run_after=2025-01-05 00:00:00+00:00
[2025-01-05T23:53:14.086+0000] {processor.py:208} INFO - Processing /home/airflow/.local/lib/python3.12/site-packages/airflow/example_dags/example_skip_dag.py took 0.090 seconds
[2025-01-05T23:53:44.720+0000] {processor.py:186} INFO - Started process (PID=6814) to work on /home/airflow/.local/lib/python3.12/site-packages/airflow/example_dags/example_skip_dag.py
[2025-01-05T23:53:44.721+0000] {processor.py:914} INFO - Processing file /home/airflow/.local/lib/python3.12/site-packages/airflow/example_dags/example_skip_dag.py for tasks to queue
[2025-01-05T23:53:44.722+0000] {logging_mixin.py:190} INFO - [2025-01-05T23:53:44.722+0000] {dagbag.py:588} INFO - Filling up the DagBag from /home/airflow/.local/lib/python3.12/site-packages/airflow/example_dags/example_skip_dag.py
[2025-01-05T23:53:44.729+0000] {processor.py:925} INFO - DAG(s) 'example_skip_dag' retrieved from /home/airflow/.local/lib/python3.12/site-packages/airflow/example_dags/example_skip_dag.py
[2025-01-05T23:53:44.747+0000] {logging_mixin.py:190} INFO - [2025-01-05T23:53:44.746+0000] {dag.py:3239} INFO - Sync 1 DAGs
[2025-01-05T23:53:44.765+0000] {logging_mixin.py:190} INFO - [2025-01-05T23:53:44.765+0000] {dag.py:4180} INFO - Setting next_dagrun for example_skip_dag to 2025-01-04 00:00:00+00:00, run_after=2025-01-05 00:00:00+00:00
[2025-01-05T23:53:44.781+0000] {processor.py:208} INFO - Processing /home/airflow/.local/lib/python3.12/site-packages/airflow/example_dags/example_skip_dag.py took 0.065 seconds
[2025-01-05T23:54:15.331+0000] {processor.py:186} INFO - Started process (PID=7110) to work on /home/airflow/.local/lib/python3.12/site-packages/airflow/example_dags/example_skip_dag.py
[2025-01-05T23:54:15.332+0000] {processor.py:914} INFO - Processing file /home/airflow/.local/lib/python3.12/site-packages/airflow/example_dags/example_skip_dag.py for tasks to queue
[2025-01-05T23:54:15.334+0000] {logging_mixin.py:190} INFO - [2025-01-05T23:54:15.334+0000] {dagbag.py:588} INFO - Filling up the DagBag from /home/airflow/.local/lib/python3.12/site-packages/airflow/example_dags/example_skip_dag.py
[2025-01-05T23:54:15.342+0000] {processor.py:925} INFO - DAG(s) 'example_skip_dag' retrieved from /home/airflow/.local/lib/python3.12/site-packages/airflow/example_dags/example_skip_dag.py
[2025-01-05T23:54:15.363+0000] {logging_mixin.py:190} INFO - [2025-01-05T23:54:15.363+0000] {dag.py:3239} INFO - Sync 1 DAGs
[2025-01-05T23:54:15.386+0000] {logging_mixin.py:190} INFO - [2025-01-05T23:54:15.386+0000] {dag.py:4180} INFO - Setting next_dagrun for example_skip_dag to 2025-01-04 00:00:00+00:00, run_after=2025-01-05 00:00:00+00:00
[2025-01-05T23:54:15.404+0000] {processor.py:208} INFO - Processing /home/airflow/.local/lib/python3.12/site-packages/airflow/example_dags/example_skip_dag.py took 0.078 seconds
[2025-01-05T23:54:46.432+0000] {processor.py:186} INFO - Started process (PID=7408) to work on /home/airflow/.local/lib/python3.12/site-packages/airflow/example_dags/example_skip_dag.py
[2025-01-05T23:54:46.433+0000] {processor.py:914} INFO - Processing file /home/airflow/.local/lib/python3.12/site-packages/airflow/example_dags/example_skip_dag.py for tasks to queue
[2025-01-05T23:54:46.434+0000] {logging_mixin.py:190} INFO - [2025-01-05T23:54:46.434+0000] {dagbag.py:588} INFO - Filling up the DagBag from /home/airflow/.local/lib/python3.12/site-packages/airflow/example_dags/example_skip_dag.py
[2025-01-05T23:54:46.441+0000] {processor.py:925} INFO - DAG(s) 'example_skip_dag' retrieved from /home/airflow/.local/lib/python3.12/site-packages/airflow/example_dags/example_skip_dag.py
[2025-01-05T23:54:46.459+0000] {logging_mixin.py:190} INFO - [2025-01-05T23:54:46.458+0000] {dag.py:3239} INFO - Sync 1 DAGs
[2025-01-05T23:54:46.481+0000] {logging_mixin.py:190} INFO - [2025-01-05T23:54:46.480+0000] {dag.py:4180} INFO - Setting next_dagrun for example_skip_dag to 2025-01-04 00:00:00+00:00, run_after=2025-01-05 00:00:00+00:00
[2025-01-05T23:54:46.501+0000] {processor.py:208} INFO - Processing /home/airflow/.local/lib/python3.12/site-packages/airflow/example_dags/example_skip_dag.py took 0.074 seconds
[2025-01-05T23:55:17.380+0000] {processor.py:186} INFO - Started process (PID=7704) to work on /home/airflow/.local/lib/python3.12/site-packages/airflow/example_dags/example_skip_dag.py
[2025-01-05T23:55:17.381+0000] {processor.py:914} INFO - Processing file /home/airflow/.local/lib/python3.12/site-packages/airflow/example_dags/example_skip_dag.py for tasks to queue
[2025-01-05T23:55:17.382+0000] {logging_mixin.py:190} INFO - [2025-01-05T23:55:17.382+0000] {dagbag.py:588} INFO - Filling up the DagBag from /home/airflow/.local/lib/python3.12/site-packages/airflow/example_dags/example_skip_dag.py
[2025-01-05T23:55:17.388+0000] {processor.py:925} INFO - DAG(s) 'example_skip_dag' retrieved from /home/airflow/.local/lib/python3.12/site-packages/airflow/example_dags/example_skip_dag.py
[2025-01-05T23:55:17.406+0000] {logging_mixin.py:190} INFO - [2025-01-05T23:55:17.406+0000] {dag.py:3239} INFO - Sync 1 DAGs
[2025-01-05T23:55:17.424+0000] {logging_mixin.py:190} INFO - [2025-01-05T23:55:17.424+0000] {dag.py:4180} INFO - Setting next_dagrun for example_skip_dag to 2025-01-04 00:00:00+00:00, run_after=2025-01-05 00:00:00+00:00
[2025-01-05T23:55:17.445+0000] {processor.py:208} INFO - Processing /home/airflow/.local/lib/python3.12/site-packages/airflow/example_dags/example_skip_dag.py took 0.069 seconds
[2025-01-05T23:55:48.359+0000] {processor.py:186} INFO - Started process (PID=7998) to work on /home/airflow/.local/lib/python3.12/site-packages/airflow/example_dags/example_skip_dag.py
[2025-01-05T23:55:48.360+0000] {processor.py:914} INFO - Processing file /home/airflow/.local/lib/python3.12/site-packages/airflow/example_dags/example_skip_dag.py for tasks to queue
[2025-01-05T23:55:48.362+0000] {logging_mixin.py:190} INFO - [2025-01-05T23:55:48.362+0000] {dagbag.py:588} INFO - Filling up the DagBag from /home/airflow/.local/lib/python3.12/site-packages/airflow/example_dags/example_skip_dag.py
[2025-01-05T23:55:48.369+0000] {processor.py:925} INFO - DAG(s) 'example_skip_dag' retrieved from /home/airflow/.local/lib/python3.12/site-packages/airflow/example_dags/example_skip_dag.py
[2025-01-05T23:55:48.388+0000] {logging_mixin.py:190} INFO - [2025-01-05T23:55:48.388+0000] {dag.py:3239} INFO - Sync 1 DAGs
[2025-01-05T23:55:48.407+0000] {logging_mixin.py:190} INFO - [2025-01-05T23:55:48.407+0000] {dag.py:4180} INFO - Setting next_dagrun for example_skip_dag to 2025-01-04 00:00:00+00:00, run_after=2025-01-05 00:00:00+00:00
[2025-01-05T23:55:48.425+0000] {processor.py:208} INFO - Processing /home/airflow/.local/lib/python3.12/site-packages/airflow/example_dags/example_skip_dag.py took 0.069 seconds
[2025-01-05T23:56:19.499+0000] {processor.py:186} INFO - Started process (PID=8296) to work on /home/airflow/.local/lib/python3.12/site-packages/airflow/example_dags/example_skip_dag.py
[2025-01-05T23:56:19.500+0000] {processor.py:914} INFO - Processing file /home/airflow/.local/lib/python3.12/site-packages/airflow/example_dags/example_skip_dag.py for tasks to queue
[2025-01-05T23:56:19.502+0000] {logging_mixin.py:190} INFO - [2025-01-05T23:56:19.502+0000] {dagbag.py:588} INFO - Filling up the DagBag from /home/airflow/.local/lib/python3.12/site-packages/airflow/example_dags/example_skip_dag.py
[2025-01-05T23:56:19.508+0000] {processor.py:925} INFO - DAG(s) 'example_skip_dag' retrieved from /home/airflow/.local/lib/python3.12/site-packages/airflow/example_dags/example_skip_dag.py
[2025-01-05T23:56:19.543+0000] {logging_mixin.py:190} INFO - [2025-01-05T23:56:19.543+0000] {dag.py:3239} INFO - Sync 1 DAGs
[2025-01-05T23:56:19.564+0000] {logging_mixin.py:190} INFO - [2025-01-05T23:56:19.563+0000] {dag.py:4180} INFO - Setting next_dagrun for example_skip_dag to 2025-01-04 00:00:00+00:00, run_after=2025-01-05 00:00:00+00:00
[2025-01-05T23:56:19.583+0000] {processor.py:208} INFO - Processing /home/airflow/.local/lib/python3.12/site-packages/airflow/example_dags/example_skip_dag.py took 0.088 seconds
[2025-01-05T23:56:50.404+0000] {processor.py:186} INFO - Started process (PID=8592) to work on /home/airflow/.local/lib/python3.12/site-packages/airflow/example_dags/example_skip_dag.py
[2025-01-05T23:56:50.405+0000] {processor.py:914} INFO - Processing file /home/airflow/.local/lib/python3.12/site-packages/airflow/example_dags/example_skip_dag.py for tasks to queue
[2025-01-05T23:56:50.407+0000] {logging_mixin.py:190} INFO - [2025-01-05T23:56:50.407+0000] {dagbag.py:588} INFO - Filling up the DagBag from /home/airflow/.local/lib/python3.12/site-packages/airflow/example_dags/example_skip_dag.py
[2025-01-05T23:56:50.414+0000] {processor.py:925} INFO - DAG(s) 'example_skip_dag' retrieved from /home/airflow/.local/lib/python3.12/site-packages/airflow/example_dags/example_skip_dag.py
[2025-01-05T23:56:50.434+0000] {logging_mixin.py:190} INFO - [2025-01-05T23:56:50.433+0000] {dag.py:3239} INFO - Sync 1 DAGs
[2025-01-05T23:56:50.453+0000] {logging_mixin.py:190} INFO - [2025-01-05T23:56:50.452+0000] {dag.py:4180} INFO - Setting next_dagrun for example_skip_dag to 2025-01-04 00:00:00+00:00, run_after=2025-01-05 00:00:00+00:00
[2025-01-05T23:56:50.472+0000] {processor.py:208} INFO - Processing /home/airflow/.local/lib/python3.12/site-packages/airflow/example_dags/example_skip_dag.py took 0.073 seconds
[2025-01-05T23:57:20.840+0000] {processor.py:186} INFO - Started process (PID=8886) to work on /home/airflow/.local/lib/python3.12/site-packages/airflow/example_dags/example_skip_dag.py
[2025-01-05T23:57:20.841+0000] {processor.py:914} INFO - Processing file /home/airflow/.local/lib/python3.12/site-packages/airflow/example_dags/example_skip_dag.py for tasks to queue
[2025-01-05T23:57:20.843+0000] {logging_mixin.py:190} INFO - [2025-01-05T23:57:20.842+0000] {dagbag.py:588} INFO - Filling up the DagBag from /home/airflow/.local/lib/python3.12/site-packages/airflow/example_dags/example_skip_dag.py
[2025-01-05T23:57:20.849+0000] {processor.py:925} INFO - DAG(s) 'example_skip_dag' retrieved from /home/airflow/.local/lib/python3.12/site-packages/airflow/example_dags/example_skip_dag.py
[2025-01-05T23:57:20.867+0000] {logging_mixin.py:190} INFO - [2025-01-05T23:57:20.867+0000] {dag.py:3239} INFO - Sync 1 DAGs
[2025-01-05T23:57:20.885+0000] {logging_mixin.py:190} INFO - [2025-01-05T23:57:20.885+0000] {dag.py:4180} INFO - Setting next_dagrun for example_skip_dag to 2025-01-04 00:00:00+00:00, run_after=2025-01-05 00:00:00+00:00
[2025-01-05T23:57:20.903+0000] {processor.py:208} INFO - Processing /home/airflow/.local/lib/python3.12/site-packages/airflow/example_dags/example_skip_dag.py took 0.068 seconds
[2025-01-05T23:57:51.578+0000] {processor.py:186} INFO - Started process (PID=9182) to work on /home/airflow/.local/lib/python3.12/site-packages/airflow/example_dags/example_skip_dag.py
[2025-01-05T23:57:51.579+0000] {processor.py:914} INFO - Processing file /home/airflow/.local/lib/python3.12/site-packages/airflow/example_dags/example_skip_dag.py for tasks to queue
[2025-01-05T23:57:51.581+0000] {logging_mixin.py:190} INFO - [2025-01-05T23:57:51.581+0000] {dagbag.py:588} INFO - Filling up the DagBag from /home/airflow/.local/lib/python3.12/site-packages/airflow/example_dags/example_skip_dag.py
[2025-01-05T23:57:51.588+0000] {processor.py:925} INFO - DAG(s) 'example_skip_dag' retrieved from /home/airflow/.local/lib/python3.12/site-packages/airflow/example_dags/example_skip_dag.py
[2025-01-05T23:57:51.605+0000] {logging_mixin.py:190} INFO - [2025-01-05T23:57:51.604+0000] {dag.py:3239} INFO - Sync 1 DAGs
[2025-01-05T23:57:51.624+0000] {logging_mixin.py:190} INFO - [2025-01-05T23:57:51.624+0000] {dag.py:4180} INFO - Setting next_dagrun for example_skip_dag to 2025-01-04 00:00:00+00:00, run_after=2025-01-05 00:00:00+00:00
[2025-01-05T23:57:51.644+0000] {processor.py:208} INFO - Processing /home/airflow/.local/lib/python3.12/site-packages/airflow/example_dags/example_skip_dag.py took 0.071 seconds
[2025-01-05T23:58:22.214+0000] {processor.py:186} INFO - Started process (PID=9478) to work on /home/airflow/.local/lib/python3.12/site-packages/airflow/example_dags/example_skip_dag.py
[2025-01-05T23:58:22.216+0000] {processor.py:914} INFO - Processing file /home/airflow/.local/lib/python3.12/site-packages/airflow/example_dags/example_skip_dag.py for tasks to queue
[2025-01-05T23:58:22.219+0000] {logging_mixin.py:190} INFO - [2025-01-05T23:58:22.218+0000] {dagbag.py:588} INFO - Filling up the DagBag from /home/airflow/.local/lib/python3.12/site-packages/airflow/example_dags/example_skip_dag.py
[2025-01-05T23:58:22.225+0000] {processor.py:925} INFO - DAG(s) 'example_skip_dag' retrieved from /home/airflow/.local/lib/python3.12/site-packages/airflow/example_dags/example_skip_dag.py
[2025-01-05T23:58:22.245+0000] {logging_mixin.py:190} INFO - [2025-01-05T23:58:22.245+0000] {dag.py:3239} INFO - Sync 1 DAGs
[2025-01-05T23:58:22.268+0000] {logging_mixin.py:190} INFO - [2025-01-05T23:58:22.268+0000] {dag.py:4180} INFO - Setting next_dagrun for example_skip_dag to 2025-01-04 00:00:00+00:00, run_after=2025-01-05 00:00:00+00:00
[2025-01-05T23:58:22.286+0000] {processor.py:208} INFO - Processing /home/airflow/.local/lib/python3.12/site-packages/airflow/example_dags/example_skip_dag.py took 0.076 seconds
[2025-01-05T23:58:52.802+0000] {processor.py:186} INFO - Started process (PID=9780) to work on /home/airflow/.local/lib/python3.12/site-packages/airflow/example_dags/example_skip_dag.py
[2025-01-05T23:58:52.803+0000] {processor.py:914} INFO - Processing file /home/airflow/.local/lib/python3.12/site-packages/airflow/example_dags/example_skip_dag.py for tasks to queue
[2025-01-05T23:58:52.805+0000] {logging_mixin.py:190} INFO - [2025-01-05T23:58:52.805+0000] {dagbag.py:588} INFO - Filling up the DagBag from /home/airflow/.local/lib/python3.12/site-packages/airflow/example_dags/example_skip_dag.py
[2025-01-05T23:58:52.811+0000] {processor.py:925} INFO - DAG(s) 'example_skip_dag' retrieved from /home/airflow/.local/lib/python3.12/site-packages/airflow/example_dags/example_skip_dag.py
[2025-01-05T23:58:52.831+0000] {logging_mixin.py:190} INFO - [2025-01-05T23:58:52.831+0000] {dag.py:3239} INFO - Sync 1 DAGs
[2025-01-05T23:58:52.850+0000] {logging_mixin.py:190} INFO - [2025-01-05T23:58:52.850+0000] {dag.py:4180} INFO - Setting next_dagrun for example_skip_dag to 2025-01-04 00:00:00+00:00, run_after=2025-01-05 00:00:00+00:00
[2025-01-05T23:58:52.867+0000] {processor.py:208} INFO - Processing /home/airflow/.local/lib/python3.12/site-packages/airflow/example_dags/example_skip_dag.py took 0.070 seconds
[2025-01-05T23:59:23.621+0000] {processor.py:186} INFO - Started process (PID=10079) to work on /home/airflow/.local/lib/python3.12/site-packages/airflow/example_dags/example_skip_dag.py
[2025-01-05T23:59:23.622+0000] {processor.py:914} INFO - Processing file /home/airflow/.local/lib/python3.12/site-packages/airflow/example_dags/example_skip_dag.py for tasks to queue
[2025-01-05T23:59:23.624+0000] {logging_mixin.py:190} INFO - [2025-01-05T23:59:23.623+0000] {dagbag.py:588} INFO - Filling up the DagBag from /home/airflow/.local/lib/python3.12/site-packages/airflow/example_dags/example_skip_dag.py
[2025-01-05T23:59:23.630+0000] {processor.py:925} INFO - DAG(s) 'example_skip_dag' retrieved from /home/airflow/.local/lib/python3.12/site-packages/airflow/example_dags/example_skip_dag.py
[2025-01-05T23:59:23.648+0000] {logging_mixin.py:190} INFO - [2025-01-05T23:59:23.647+0000] {dag.py:3239} INFO - Sync 1 DAGs
[2025-01-05T23:59:23.664+0000] {logging_mixin.py:190} INFO - [2025-01-05T23:59:23.664+0000] {dag.py:4180} INFO - Setting next_dagrun for example_skip_dag to 2025-01-04 00:00:00+00:00, run_after=2025-01-05 00:00:00+00:00
[2025-01-05T23:59:23.681+0000] {processor.py:208} INFO - Processing /home/airflow/.local/lib/python3.12/site-packages/airflow/example_dags/example_skip_dag.py took 0.065 seconds
[2025-01-05T23:59:54.487+0000] {processor.py:186} INFO - Started process (PID=10373) to work on /home/airflow/.local/lib/python3.12/site-packages/airflow/example_dags/example_skip_dag.py
[2025-01-05T23:59:54.488+0000] {processor.py:914} INFO - Processing file /home/airflow/.local/lib/python3.12/site-packages/airflow/example_dags/example_skip_dag.py for tasks to queue
[2025-01-05T23:59:54.491+0000] {logging_mixin.py:190} INFO - [2025-01-05T23:59:54.490+0000] {dagbag.py:588} INFO - Filling up the DagBag from /home/airflow/.local/lib/python3.12/site-packages/airflow/example_dags/example_skip_dag.py
[2025-01-05T23:59:54.497+0000] {processor.py:925} INFO - DAG(s) 'example_skip_dag' retrieved from /home/airflow/.local/lib/python3.12/site-packages/airflow/example_dags/example_skip_dag.py
[2025-01-05T23:59:54.516+0000] {logging_mixin.py:190} INFO - [2025-01-05T23:59:54.516+0000] {dag.py:3239} INFO - Sync 1 DAGs
[2025-01-05T23:59:54.535+0000] {logging_mixin.py:190} INFO - [2025-01-05T23:59:54.535+0000] {dag.py:4180} INFO - Setting next_dagrun for example_skip_dag to 2025-01-04 00:00:00+00:00, run_after=2025-01-05 00:00:00+00:00
[2025-01-05T23:59:54.551+0000] {processor.py:208} INFO - Processing /home/airflow/.local/lib/python3.12/site-packages/airflow/example_dags/example_skip_dag.py took 0.069 seconds
