[2025-01-05T23:42:30.356+0000] {processor.py:186} INFO - Started process (PID=452) to work on /home/airflow/.local/lib/python3.12/site-packages/airflow/example_dags/example_branch_python_dop_operator_3.py
[2025-01-05T23:42:30.358+0000] {processor.py:914} INFO - Processing file /home/airflow/.local/lib/python3.12/site-packages/airflow/example_dags/example_branch_python_dop_operator_3.py for tasks to queue
[2025-01-05T23:42:30.364+0000] {logging_mixin.py:190} INFO - [2025-01-05T23:42:30.363+0000] {dagbag.py:588} INFO - Filling up the DagBag from /home/airflow/.local/lib/python3.12/site-packages/airflow/example_dags/example_branch_python_dop_operator_3.py
[2025-01-05T23:42:30.391+0000] {processor.py:925} INFO - DAG(s) 'example_branch_dop_operator_v3' retrieved from /home/airflow/.local/lib/python3.12/site-packages/airflow/example_dags/example_branch_python_dop_operator_3.py
[2025-01-05T23:42:30.428+0000] {logging_mixin.py:190} INFO - [2025-01-05T23:42:30.427+0000] {dag.py:3239} INFO - Sync 1 DAGs
[2025-01-05T23:42:30.484+0000] {logging_mixin.py:190} INFO - [2025-01-05T23:42:30.483+0000] {dag.py:4180} INFO - Setting next_dagrun for example_branch_dop_operator_v3 to 2025-01-05 23:41:00+00:00, run_after=2025-01-05 23:42:00+00:00
[2025-01-05T23:42:30.516+0000] {processor.py:208} INFO - Processing /home/airflow/.local/lib/python3.12/site-packages/airflow/example_dags/example_branch_python_dop_operator_3.py took 0.171 seconds
[2025-01-05T23:43:00.671+0000] {processor.py:186} INFO - Started process (PID=750) to work on /home/airflow/.local/lib/python3.12/site-packages/airflow/example_dags/example_branch_python_dop_operator_3.py
[2025-01-05T23:43:00.673+0000] {processor.py:914} INFO - Processing file /home/airflow/.local/lib/python3.12/site-packages/airflow/example_dags/example_branch_python_dop_operator_3.py for tasks to queue
[2025-01-05T23:43:00.675+0000] {logging_mixin.py:190} INFO - [2025-01-05T23:43:00.674+0000] {dagbag.py:588} INFO - Filling up the DagBag from /home/airflow/.local/lib/python3.12/site-packages/airflow/example_dags/example_branch_python_dop_operator_3.py
[2025-01-05T23:43:00.686+0000] {processor.py:925} INFO - DAG(s) 'example_branch_dop_operator_v3' retrieved from /home/airflow/.local/lib/python3.12/site-packages/airflow/example_dags/example_branch_python_dop_operator_3.py
[2025-01-05T23:43:00.704+0000] {logging_mixin.py:190} INFO - [2025-01-05T23:43:00.704+0000] {dag.py:3239} INFO - Sync 1 DAGs
[2025-01-05T23:43:00.730+0000] {logging_mixin.py:190} INFO - [2025-01-05T23:43:00.730+0000] {dag.py:4180} INFO - Setting next_dagrun for example_branch_dop_operator_v3 to 2025-01-05 23:42:00+00:00, run_after=2025-01-05 23:43:00+00:00
[2025-01-05T23:43:00.747+0000] {processor.py:208} INFO - Processing /home/airflow/.local/lib/python3.12/site-packages/airflow/example_dags/example_branch_python_dop_operator_3.py took 0.081 seconds
[2025-01-05T23:43:32.699+0000] {processor.py:186} INFO - Started process (PID=1046) to work on /home/airflow/.local/lib/python3.12/site-packages/airflow/example_dags/example_branch_python_dop_operator_3.py
[2025-01-05T23:43:32.700+0000] {processor.py:914} INFO - Processing file /home/airflow/.local/lib/python3.12/site-packages/airflow/example_dags/example_branch_python_dop_operator_3.py for tasks to queue
[2025-01-05T23:43:32.704+0000] {logging_mixin.py:190} INFO - [2025-01-05T23:43:32.703+0000] {dagbag.py:588} INFO - Filling up the DagBag from /home/airflow/.local/lib/python3.12/site-packages/airflow/example_dags/example_branch_python_dop_operator_3.py
[2025-01-05T23:43:32.717+0000] {processor.py:925} INFO - DAG(s) 'example_branch_dop_operator_v3' retrieved from /home/airflow/.local/lib/python3.12/site-packages/airflow/example_dags/example_branch_python_dop_operator_3.py
[2025-01-05T23:43:32.740+0000] {logging_mixin.py:190} INFO - [2025-01-05T23:43:32.739+0000] {dag.py:3239} INFO - Sync 1 DAGs
[2025-01-05T23:43:32.781+0000] {logging_mixin.py:190} INFO - [2025-01-05T23:43:32.781+0000] {dag.py:4180} INFO - Setting next_dagrun for example_branch_dop_operator_v3 to 2025-01-05 23:42:00+00:00, run_after=2025-01-05 23:43:00+00:00
[2025-01-05T23:43:32.809+0000] {processor.py:208} INFO - Processing /home/airflow/.local/lib/python3.12/site-packages/airflow/example_dags/example_branch_python_dop_operator_3.py took 0.117 seconds
[2025-01-05T23:44:03.683+0000] {processor.py:186} INFO - Started process (PID=1342) to work on /home/airflow/.local/lib/python3.12/site-packages/airflow/example_dags/example_branch_python_dop_operator_3.py
[2025-01-05T23:44:03.684+0000] {processor.py:914} INFO - Processing file /home/airflow/.local/lib/python3.12/site-packages/airflow/example_dags/example_branch_python_dop_operator_3.py for tasks to queue
[2025-01-05T23:44:03.685+0000] {logging_mixin.py:190} INFO - [2025-01-05T23:44:03.685+0000] {dagbag.py:588} INFO - Filling up the DagBag from /home/airflow/.local/lib/python3.12/site-packages/airflow/example_dags/example_branch_python_dop_operator_3.py
[2025-01-05T23:44:03.693+0000] {processor.py:925} INFO - DAG(s) 'example_branch_dop_operator_v3' retrieved from /home/airflow/.local/lib/python3.12/site-packages/airflow/example_dags/example_branch_python_dop_operator_3.py
[2025-01-05T23:44:03.709+0000] {logging_mixin.py:190} INFO - [2025-01-05T23:44:03.709+0000] {dag.py:3239} INFO - Sync 1 DAGs
[2025-01-05T23:44:03.730+0000] {logging_mixin.py:190} INFO - [2025-01-05T23:44:03.730+0000] {dag.py:4180} INFO - Setting next_dagrun for example_branch_dop_operator_v3 to 2025-01-05 23:43:00+00:00, run_after=2025-01-05 23:44:00+00:00
[2025-01-05T23:44:03.749+0000] {processor.py:208} INFO - Processing /home/airflow/.local/lib/python3.12/site-packages/airflow/example_dags/example_branch_python_dop_operator_3.py took 0.071 seconds
[2025-01-05T23:44:34.198+0000] {processor.py:186} INFO - Started process (PID=1638) to work on /home/airflow/.local/lib/python3.12/site-packages/airflow/example_dags/example_branch_python_dop_operator_3.py
[2025-01-05T23:44:34.199+0000] {processor.py:914} INFO - Processing file /home/airflow/.local/lib/python3.12/site-packages/airflow/example_dags/example_branch_python_dop_operator_3.py for tasks to queue
[2025-01-05T23:44:34.201+0000] {logging_mixin.py:190} INFO - [2025-01-05T23:44:34.201+0000] {dagbag.py:588} INFO - Filling up the DagBag from /home/airflow/.local/lib/python3.12/site-packages/airflow/example_dags/example_branch_python_dop_operator_3.py
[2025-01-05T23:44:34.210+0000] {processor.py:925} INFO - DAG(s) 'example_branch_dop_operator_v3' retrieved from /home/airflow/.local/lib/python3.12/site-packages/airflow/example_dags/example_branch_python_dop_operator_3.py
[2025-01-05T23:44:34.229+0000] {logging_mixin.py:190} INFO - [2025-01-05T23:44:34.228+0000] {dag.py:3239} INFO - Sync 1 DAGs
[2025-01-05T23:44:34.257+0000] {logging_mixin.py:190} INFO - [2025-01-05T23:44:34.257+0000] {dag.py:4180} INFO - Setting next_dagrun for example_branch_dop_operator_v3 to 2025-01-05 23:43:00+00:00, run_after=2025-01-05 23:44:00+00:00
[2025-01-05T23:44:34.280+0000] {processor.py:208} INFO - Processing /home/airflow/.local/lib/python3.12/site-packages/airflow/example_dags/example_branch_python_dop_operator_3.py took 0.088 seconds
[2025-01-05T23:45:05.047+0000] {processor.py:186} INFO - Started process (PID=1934) to work on /home/airflow/.local/lib/python3.12/site-packages/airflow/example_dags/example_branch_python_dop_operator_3.py
[2025-01-05T23:45:05.047+0000] {processor.py:914} INFO - Processing file /home/airflow/.local/lib/python3.12/site-packages/airflow/example_dags/example_branch_python_dop_operator_3.py for tasks to queue
[2025-01-05T23:45:05.050+0000] {logging_mixin.py:190} INFO - [2025-01-05T23:45:05.049+0000] {dagbag.py:588} INFO - Filling up the DagBag from /home/airflow/.local/lib/python3.12/site-packages/airflow/example_dags/example_branch_python_dop_operator_3.py
[2025-01-05T23:45:05.058+0000] {processor.py:925} INFO - DAG(s) 'example_branch_dop_operator_v3' retrieved from /home/airflow/.local/lib/python3.12/site-packages/airflow/example_dags/example_branch_python_dop_operator_3.py
[2025-01-05T23:45:05.074+0000] {logging_mixin.py:190} INFO - [2025-01-05T23:45:05.074+0000] {dag.py:3239} INFO - Sync 1 DAGs
[2025-01-05T23:45:05.096+0000] {logging_mixin.py:190} INFO - [2025-01-05T23:45:05.096+0000] {dag.py:4180} INFO - Setting next_dagrun for example_branch_dop_operator_v3 to 2025-01-05 23:44:00+00:00, run_after=2025-01-05 23:45:00+00:00
[2025-01-05T23:45:05.112+0000] {processor.py:208} INFO - Processing /home/airflow/.local/lib/python3.12/site-packages/airflow/example_dags/example_branch_python_dop_operator_3.py took 0.070 seconds
[2025-01-05T23:45:35.693+0000] {processor.py:186} INFO - Started process (PID=2230) to work on /home/airflow/.local/lib/python3.12/site-packages/airflow/example_dags/example_branch_python_dop_operator_3.py
[2025-01-05T23:45:35.693+0000] {processor.py:914} INFO - Processing file /home/airflow/.local/lib/python3.12/site-packages/airflow/example_dags/example_branch_python_dop_operator_3.py for tasks to queue
[2025-01-05T23:45:35.695+0000] {logging_mixin.py:190} INFO - [2025-01-05T23:45:35.695+0000] {dagbag.py:588} INFO - Filling up the DagBag from /home/airflow/.local/lib/python3.12/site-packages/airflow/example_dags/example_branch_python_dop_operator_3.py
[2025-01-05T23:45:35.705+0000] {processor.py:925} INFO - DAG(s) 'example_branch_dop_operator_v3' retrieved from /home/airflow/.local/lib/python3.12/site-packages/airflow/example_dags/example_branch_python_dop_operator_3.py
[2025-01-05T23:45:35.720+0000] {logging_mixin.py:190} INFO - [2025-01-05T23:45:35.720+0000] {dag.py:3239} INFO - Sync 1 DAGs
[2025-01-05T23:45:35.741+0000] {logging_mixin.py:190} INFO - [2025-01-05T23:45:35.741+0000] {dag.py:4180} INFO - Setting next_dagrun for example_branch_dop_operator_v3 to 2025-01-05 23:44:00+00:00, run_after=2025-01-05 23:45:00+00:00
[2025-01-05T23:45:35.757+0000] {processor.py:208} INFO - Processing /home/airflow/.local/lib/python3.12/site-packages/airflow/example_dags/example_branch_python_dop_operator_3.py took 0.069 seconds
[2025-01-05T23:46:06.281+0000] {processor.py:186} INFO - Started process (PID=2524) to work on /home/airflow/.local/lib/python3.12/site-packages/airflow/example_dags/example_branch_python_dop_operator_3.py
[2025-01-05T23:46:06.282+0000] {processor.py:914} INFO - Processing file /home/airflow/.local/lib/python3.12/site-packages/airflow/example_dags/example_branch_python_dop_operator_3.py for tasks to queue
[2025-01-05T23:46:06.285+0000] {logging_mixin.py:190} INFO - [2025-01-05T23:46:06.285+0000] {dagbag.py:588} INFO - Filling up the DagBag from /home/airflow/.local/lib/python3.12/site-packages/airflow/example_dags/example_branch_python_dop_operator_3.py
[2025-01-05T23:46:06.304+0000] {processor.py:925} INFO - DAG(s) 'example_branch_dop_operator_v3' retrieved from /home/airflow/.local/lib/python3.12/site-packages/airflow/example_dags/example_branch_python_dop_operator_3.py
[2025-01-05T23:46:06.347+0000] {logging_mixin.py:190} INFO - [2025-01-05T23:46:06.347+0000] {dag.py:3239} INFO - Sync 1 DAGs
[2025-01-05T23:46:06.425+0000] {logging_mixin.py:190} INFO - [2025-01-05T23:46:06.425+0000] {dag.py:4180} INFO - Setting next_dagrun for example_branch_dop_operator_v3 to 2025-01-05 23:45:00+00:00, run_after=2025-01-05 23:46:00+00:00
[2025-01-05T23:46:06.468+0000] {processor.py:208} INFO - Processing /home/airflow/.local/lib/python3.12/site-packages/airflow/example_dags/example_branch_python_dop_operator_3.py took 0.194 seconds
[2025-01-05T23:46:37.208+0000] {processor.py:186} INFO - Started process (PID=2822) to work on /home/airflow/.local/lib/python3.12/site-packages/airflow/example_dags/example_branch_python_dop_operator_3.py
[2025-01-05T23:46:37.208+0000] {processor.py:914} INFO - Processing file /home/airflow/.local/lib/python3.12/site-packages/airflow/example_dags/example_branch_python_dop_operator_3.py for tasks to queue
[2025-01-05T23:46:37.210+0000] {logging_mixin.py:190} INFO - [2025-01-05T23:46:37.210+0000] {dagbag.py:588} INFO - Filling up the DagBag from /home/airflow/.local/lib/python3.12/site-packages/airflow/example_dags/example_branch_python_dop_operator_3.py
[2025-01-05T23:46:37.219+0000] {processor.py:925} INFO - DAG(s) 'example_branch_dop_operator_v3' retrieved from /home/airflow/.local/lib/python3.12/site-packages/airflow/example_dags/example_branch_python_dop_operator_3.py
[2025-01-05T23:46:37.236+0000] {logging_mixin.py:190} INFO - [2025-01-05T23:46:37.236+0000] {dag.py:3239} INFO - Sync 1 DAGs
[2025-01-05T23:46:37.255+0000] {logging_mixin.py:190} INFO - [2025-01-05T23:46:37.255+0000] {dag.py:4180} INFO - Setting next_dagrun for example_branch_dop_operator_v3 to 2025-01-05 23:45:00+00:00, run_after=2025-01-05 23:46:00+00:00
[2025-01-05T23:46:37.272+0000] {processor.py:208} INFO - Processing /home/airflow/.local/lib/python3.12/site-packages/airflow/example_dags/example_branch_python_dop_operator_3.py took 0.069 seconds
[2025-01-05T23:47:08.086+0000] {processor.py:186} INFO - Started process (PID=3118) to work on /home/airflow/.local/lib/python3.12/site-packages/airflow/example_dags/example_branch_python_dop_operator_3.py
[2025-01-05T23:47:08.087+0000] {processor.py:914} INFO - Processing file /home/airflow/.local/lib/python3.12/site-packages/airflow/example_dags/example_branch_python_dop_operator_3.py for tasks to queue
[2025-01-05T23:47:08.089+0000] {logging_mixin.py:190} INFO - [2025-01-05T23:47:08.089+0000] {dagbag.py:588} INFO - Filling up the DagBag from /home/airflow/.local/lib/python3.12/site-packages/airflow/example_dags/example_branch_python_dop_operator_3.py
[2025-01-05T23:47:08.097+0000] {processor.py:925} INFO - DAG(s) 'example_branch_dop_operator_v3' retrieved from /home/airflow/.local/lib/python3.12/site-packages/airflow/example_dags/example_branch_python_dop_operator_3.py
[2025-01-05T23:47:08.113+0000] {logging_mixin.py:190} INFO - [2025-01-05T23:47:08.113+0000] {dag.py:3239} INFO - Sync 1 DAGs
[2025-01-05T23:47:08.131+0000] {logging_mixin.py:190} INFO - [2025-01-05T23:47:08.131+0000] {dag.py:4180} INFO - Setting next_dagrun for example_branch_dop_operator_v3 to 2025-01-05 23:46:00+00:00, run_after=2025-01-05 23:47:00+00:00
[2025-01-05T23:47:08.148+0000] {processor.py:208} INFO - Processing /home/airflow/.local/lib/python3.12/site-packages/airflow/example_dags/example_branch_python_dop_operator_3.py took 0.067 seconds
[2025-01-05T23:47:38.804+0000] {processor.py:186} INFO - Started process (PID=3412) to work on /home/airflow/.local/lib/python3.12/site-packages/airflow/example_dags/example_branch_python_dop_operator_3.py
[2025-01-05T23:47:38.806+0000] {processor.py:914} INFO - Processing file /home/airflow/.local/lib/python3.12/site-packages/airflow/example_dags/example_branch_python_dop_operator_3.py for tasks to queue
[2025-01-05T23:47:38.808+0000] {logging_mixin.py:190} INFO - [2025-01-05T23:47:38.807+0000] {dagbag.py:588} INFO - Filling up the DagBag from /home/airflow/.local/lib/python3.12/site-packages/airflow/example_dags/example_branch_python_dop_operator_3.py
[2025-01-05T23:47:38.816+0000] {processor.py:925} INFO - DAG(s) 'example_branch_dop_operator_v3' retrieved from /home/airflow/.local/lib/python3.12/site-packages/airflow/example_dags/example_branch_python_dop_operator_3.py
[2025-01-05T23:47:38.836+0000] {logging_mixin.py:190} INFO - [2025-01-05T23:47:38.836+0000] {dag.py:3239} INFO - Sync 1 DAGs
[2025-01-05T23:47:38.861+0000] {logging_mixin.py:190} INFO - [2025-01-05T23:47:38.861+0000] {dag.py:4180} INFO - Setting next_dagrun for example_branch_dop_operator_v3 to 2025-01-05 23:46:00+00:00, run_after=2025-01-05 23:47:00+00:00
[2025-01-05T23:47:38.879+0000] {processor.py:208} INFO - Processing /home/airflow/.local/lib/python3.12/site-packages/airflow/example_dags/example_branch_python_dop_operator_3.py took 0.079 seconds
[2025-01-05T23:48:09.589+0000] {processor.py:186} INFO - Started process (PID=3708) to work on /home/airflow/.local/lib/python3.12/site-packages/airflow/example_dags/example_branch_python_dop_operator_3.py
[2025-01-05T23:48:09.590+0000] {processor.py:914} INFO - Processing file /home/airflow/.local/lib/python3.12/site-packages/airflow/example_dags/example_branch_python_dop_operator_3.py for tasks to queue
[2025-01-05T23:48:09.592+0000] {logging_mixin.py:190} INFO - [2025-01-05T23:48:09.592+0000] {dagbag.py:588} INFO - Filling up the DagBag from /home/airflow/.local/lib/python3.12/site-packages/airflow/example_dags/example_branch_python_dop_operator_3.py
[2025-01-05T23:48:09.600+0000] {processor.py:925} INFO - DAG(s) 'example_branch_dop_operator_v3' retrieved from /home/airflow/.local/lib/python3.12/site-packages/airflow/example_dags/example_branch_python_dop_operator_3.py
[2025-01-05T23:48:09.617+0000] {logging_mixin.py:190} INFO - [2025-01-05T23:48:09.617+0000] {dag.py:3239} INFO - Sync 1 DAGs
[2025-01-05T23:48:09.639+0000] {logging_mixin.py:190} INFO - [2025-01-05T23:48:09.639+0000] {dag.py:4180} INFO - Setting next_dagrun for example_branch_dop_operator_v3 to 2025-01-05 23:47:00+00:00, run_after=2025-01-05 23:48:00+00:00
[2025-01-05T23:48:09.657+0000] {processor.py:208} INFO - Processing /home/airflow/.local/lib/python3.12/site-packages/airflow/example_dags/example_branch_python_dop_operator_3.py took 0.073 seconds
[2025-01-05T23:48:40.356+0000] {processor.py:186} INFO - Started process (PID=4004) to work on /home/airflow/.local/lib/python3.12/site-packages/airflow/example_dags/example_branch_python_dop_operator_3.py
[2025-01-05T23:48:40.357+0000] {processor.py:914} INFO - Processing file /home/airflow/.local/lib/python3.12/site-packages/airflow/example_dags/example_branch_python_dop_operator_3.py for tasks to queue
[2025-01-05T23:48:40.359+0000] {logging_mixin.py:190} INFO - [2025-01-05T23:48:40.358+0000] {dagbag.py:588} INFO - Filling up the DagBag from /home/airflow/.local/lib/python3.12/site-packages/airflow/example_dags/example_branch_python_dop_operator_3.py
[2025-01-05T23:48:40.367+0000] {processor.py:925} INFO - DAG(s) 'example_branch_dop_operator_v3' retrieved from /home/airflow/.local/lib/python3.12/site-packages/airflow/example_dags/example_branch_python_dop_operator_3.py
[2025-01-05T23:48:40.384+0000] {logging_mixin.py:190} INFO - [2025-01-05T23:48:40.384+0000] {dag.py:3239} INFO - Sync 1 DAGs
[2025-01-05T23:48:40.404+0000] {logging_mixin.py:190} INFO - [2025-01-05T23:48:40.404+0000] {dag.py:4180} INFO - Setting next_dagrun for example_branch_dop_operator_v3 to 2025-01-05 23:47:00+00:00, run_after=2025-01-05 23:48:00+00:00
[2025-01-05T23:48:40.419+0000] {processor.py:208} INFO - Processing /home/airflow/.local/lib/python3.12/site-packages/airflow/example_dags/example_branch_python_dop_operator_3.py took 0.067 seconds
[2025-01-05T23:49:11.192+0000] {processor.py:186} INFO - Started process (PID=4300) to work on /home/airflow/.local/lib/python3.12/site-packages/airflow/example_dags/example_branch_python_dop_operator_3.py
[2025-01-05T23:49:11.193+0000] {processor.py:914} INFO - Processing file /home/airflow/.local/lib/python3.12/site-packages/airflow/example_dags/example_branch_python_dop_operator_3.py for tasks to queue
[2025-01-05T23:49:11.195+0000] {logging_mixin.py:190} INFO - [2025-01-05T23:49:11.195+0000] {dagbag.py:588} INFO - Filling up the DagBag from /home/airflow/.local/lib/python3.12/site-packages/airflow/example_dags/example_branch_python_dop_operator_3.py
[2025-01-05T23:49:11.203+0000] {processor.py:925} INFO - DAG(s) 'example_branch_dop_operator_v3' retrieved from /home/airflow/.local/lib/python3.12/site-packages/airflow/example_dags/example_branch_python_dop_operator_3.py
[2025-01-05T23:49:11.220+0000] {logging_mixin.py:190} INFO - [2025-01-05T23:49:11.220+0000] {dag.py:3239} INFO - Sync 1 DAGs
[2025-01-05T23:49:11.240+0000] {logging_mixin.py:190} INFO - [2025-01-05T23:49:11.240+0000] {dag.py:4180} INFO - Setting next_dagrun for example_branch_dop_operator_v3 to 2025-01-05 23:48:00+00:00, run_after=2025-01-05 23:49:00+00:00
[2025-01-05T23:49:11.259+0000] {processor.py:208} INFO - Processing /home/airflow/.local/lib/python3.12/site-packages/airflow/example_dags/example_branch_python_dop_operator_3.py took 0.072 seconds
[2025-01-05T23:49:42.086+0000] {processor.py:186} INFO - Started process (PID=4596) to work on /home/airflow/.local/lib/python3.12/site-packages/airflow/example_dags/example_branch_python_dop_operator_3.py
[2025-01-05T23:49:42.087+0000] {processor.py:914} INFO - Processing file /home/airflow/.local/lib/python3.12/site-packages/airflow/example_dags/example_branch_python_dop_operator_3.py for tasks to queue
[2025-01-05T23:49:42.089+0000] {logging_mixin.py:190} INFO - [2025-01-05T23:49:42.089+0000] {dagbag.py:588} INFO - Filling up the DagBag from /home/airflow/.local/lib/python3.12/site-packages/airflow/example_dags/example_branch_python_dop_operator_3.py
[2025-01-05T23:49:42.097+0000] {processor.py:925} INFO - DAG(s) 'example_branch_dop_operator_v3' retrieved from /home/airflow/.local/lib/python3.12/site-packages/airflow/example_dags/example_branch_python_dop_operator_3.py
[2025-01-05T23:49:42.113+0000] {logging_mixin.py:190} INFO - [2025-01-05T23:49:42.113+0000] {dag.py:3239} INFO - Sync 1 DAGs
[2025-01-05T23:49:42.134+0000] {logging_mixin.py:190} INFO - [2025-01-05T23:49:42.134+0000] {dag.py:4180} INFO - Setting next_dagrun for example_branch_dop_operator_v3 to 2025-01-05 23:48:00+00:00, run_after=2025-01-05 23:49:00+00:00
[2025-01-05T23:49:42.150+0000] {processor.py:208} INFO - Processing /home/airflow/.local/lib/python3.12/site-packages/airflow/example_dags/example_branch_python_dop_operator_3.py took 0.070 seconds
[2025-01-05T23:50:13.038+0000] {processor.py:186} INFO - Started process (PID=4894) to work on /home/airflow/.local/lib/python3.12/site-packages/airflow/example_dags/example_branch_python_dop_operator_3.py
[2025-01-05T23:50:13.039+0000] {processor.py:914} INFO - Processing file /home/airflow/.local/lib/python3.12/site-packages/airflow/example_dags/example_branch_python_dop_operator_3.py for tasks to queue
[2025-01-05T23:50:13.042+0000] {logging_mixin.py:190} INFO - [2025-01-05T23:50:13.041+0000] {dagbag.py:588} INFO - Filling up the DagBag from /home/airflow/.local/lib/python3.12/site-packages/airflow/example_dags/example_branch_python_dop_operator_3.py
[2025-01-05T23:50:13.051+0000] {processor.py:925} INFO - DAG(s) 'example_branch_dop_operator_v3' retrieved from /home/airflow/.local/lib/python3.12/site-packages/airflow/example_dags/example_branch_python_dop_operator_3.py
[2025-01-05T23:50:13.075+0000] {logging_mixin.py:190} INFO - [2025-01-05T23:50:13.075+0000] {dag.py:3239} INFO - Sync 1 DAGs
[2025-01-05T23:50:13.097+0000] {logging_mixin.py:190} INFO - [2025-01-05T23:50:13.097+0000] {dag.py:4180} INFO - Setting next_dagrun for example_branch_dop_operator_v3 to 2025-01-05 23:49:00+00:00, run_after=2025-01-05 23:50:00+00:00
[2025-01-05T23:50:13.116+0000] {processor.py:208} INFO - Processing /home/airflow/.local/lib/python3.12/site-packages/airflow/example_dags/example_branch_python_dop_operator_3.py took 0.083 seconds
[2025-01-05T23:50:43.922+0000] {processor.py:186} INFO - Started process (PID=5188) to work on /home/airflow/.local/lib/python3.12/site-packages/airflow/example_dags/example_branch_python_dop_operator_3.py
[2025-01-05T23:50:43.923+0000] {processor.py:914} INFO - Processing file /home/airflow/.local/lib/python3.12/site-packages/airflow/example_dags/example_branch_python_dop_operator_3.py for tasks to queue
[2025-01-05T23:50:43.925+0000] {logging_mixin.py:190} INFO - [2025-01-05T23:50:43.925+0000] {dagbag.py:588} INFO - Filling up the DagBag from /home/airflow/.local/lib/python3.12/site-packages/airflow/example_dags/example_branch_python_dop_operator_3.py
[2025-01-05T23:50:43.934+0000] {processor.py:925} INFO - DAG(s) 'example_branch_dop_operator_v3' retrieved from /home/airflow/.local/lib/python3.12/site-packages/airflow/example_dags/example_branch_python_dop_operator_3.py
[2025-01-05T23:50:43.951+0000] {logging_mixin.py:190} INFO - [2025-01-05T23:50:43.951+0000] {dag.py:3239} INFO - Sync 1 DAGs
[2025-01-05T23:50:43.972+0000] {logging_mixin.py:190} INFO - [2025-01-05T23:50:43.972+0000] {dag.py:4180} INFO - Setting next_dagrun for example_branch_dop_operator_v3 to 2025-01-05 23:49:00+00:00, run_after=2025-01-05 23:50:00+00:00
[2025-01-05T23:50:43.989+0000] {processor.py:208} INFO - Processing /home/airflow/.local/lib/python3.12/site-packages/airflow/example_dags/example_branch_python_dop_operator_3.py took 0.072 seconds
[2025-01-05T23:51:14.948+0000] {processor.py:186} INFO - Started process (PID=5486) to work on /home/airflow/.local/lib/python3.12/site-packages/airflow/example_dags/example_branch_python_dop_operator_3.py
[2025-01-05T23:51:14.948+0000] {processor.py:914} INFO - Processing file /home/airflow/.local/lib/python3.12/site-packages/airflow/example_dags/example_branch_python_dop_operator_3.py for tasks to queue
[2025-01-05T23:51:14.950+0000] {logging_mixin.py:190} INFO - [2025-01-05T23:51:14.950+0000] {dagbag.py:588} INFO - Filling up the DagBag from /home/airflow/.local/lib/python3.12/site-packages/airflow/example_dags/example_branch_python_dop_operator_3.py
[2025-01-05T23:51:14.960+0000] {processor.py:925} INFO - DAG(s) 'example_branch_dop_operator_v3' retrieved from /home/airflow/.local/lib/python3.12/site-packages/airflow/example_dags/example_branch_python_dop_operator_3.py
[2025-01-05T23:51:14.978+0000] {logging_mixin.py:190} INFO - [2025-01-05T23:51:14.978+0000] {dag.py:3239} INFO - Sync 1 DAGs
[2025-01-05T23:51:15.002+0000] {logging_mixin.py:190} INFO - [2025-01-05T23:51:15.002+0000] {dag.py:4180} INFO - Setting next_dagrun for example_branch_dop_operator_v3 to 2025-01-05 23:50:00+00:00, run_after=2025-01-05 23:51:00+00:00
[2025-01-05T23:51:15.021+0000] {processor.py:208} INFO - Processing /home/airflow/.local/lib/python3.12/site-packages/airflow/example_dags/example_branch_python_dop_operator_3.py took 0.078 seconds
[2025-01-05T23:51:45.776+0000] {processor.py:186} INFO - Started process (PID=5780) to work on /home/airflow/.local/lib/python3.12/site-packages/airflow/example_dags/example_branch_python_dop_operator_3.py
[2025-01-05T23:51:45.777+0000] {processor.py:914} INFO - Processing file /home/airflow/.local/lib/python3.12/site-packages/airflow/example_dags/example_branch_python_dop_operator_3.py for tasks to queue
[2025-01-05T23:51:45.780+0000] {logging_mixin.py:190} INFO - [2025-01-05T23:51:45.780+0000] {dagbag.py:588} INFO - Filling up the DagBag from /home/airflow/.local/lib/python3.12/site-packages/airflow/example_dags/example_branch_python_dop_operator_3.py
[2025-01-05T23:51:45.790+0000] {processor.py:925} INFO - DAG(s) 'example_branch_dop_operator_v3' retrieved from /home/airflow/.local/lib/python3.12/site-packages/airflow/example_dags/example_branch_python_dop_operator_3.py
[2025-01-05T23:51:45.811+0000] {logging_mixin.py:190} INFO - [2025-01-05T23:51:45.811+0000] {dag.py:3239} INFO - Sync 1 DAGs
[2025-01-05T23:51:45.840+0000] {logging_mixin.py:190} INFO - [2025-01-05T23:51:45.839+0000] {dag.py:4180} INFO - Setting next_dagrun for example_branch_dop_operator_v3 to 2025-01-05 23:50:00+00:00, run_after=2025-01-05 23:51:00+00:00
[2025-01-05T23:51:45.863+0000] {processor.py:208} INFO - Processing /home/airflow/.local/lib/python3.12/site-packages/airflow/example_dags/example_branch_python_dop_operator_3.py took 0.093 seconds
[2025-01-05T23:52:16.787+0000] {processor.py:186} INFO - Started process (PID=6076) to work on /home/airflow/.local/lib/python3.12/site-packages/airflow/example_dags/example_branch_python_dop_operator_3.py
[2025-01-05T23:52:16.788+0000] {processor.py:914} INFO - Processing file /home/airflow/.local/lib/python3.12/site-packages/airflow/example_dags/example_branch_python_dop_operator_3.py for tasks to queue
[2025-01-05T23:52:16.790+0000] {logging_mixin.py:190} INFO - [2025-01-05T23:52:16.790+0000] {dagbag.py:588} INFO - Filling up the DagBag from /home/airflow/.local/lib/python3.12/site-packages/airflow/example_dags/example_branch_python_dop_operator_3.py
[2025-01-05T23:52:16.799+0000] {processor.py:925} INFO - DAG(s) 'example_branch_dop_operator_v3' retrieved from /home/airflow/.local/lib/python3.12/site-packages/airflow/example_dags/example_branch_python_dop_operator_3.py
[2025-01-05T23:52:16.814+0000] {logging_mixin.py:190} INFO - [2025-01-05T23:52:16.813+0000] {dag.py:3239} INFO - Sync 1 DAGs
[2025-01-05T23:52:16.836+0000] {logging_mixin.py:190} INFO - [2025-01-05T23:52:16.836+0000] {dag.py:4180} INFO - Setting next_dagrun for example_branch_dop_operator_v3 to 2025-01-05 23:51:00+00:00, run_after=2025-01-05 23:52:00+00:00
[2025-01-05T23:52:16.852+0000] {processor.py:208} INFO - Processing /home/airflow/.local/lib/python3.12/site-packages/airflow/example_dags/example_branch_python_dop_operator_3.py took 0.070 seconds
[2025-01-05T23:52:47.724+0000] {processor.py:186} INFO - Started process (PID=6374) to work on /home/airflow/.local/lib/python3.12/site-packages/airflow/example_dags/example_branch_python_dop_operator_3.py
[2025-01-05T23:52:47.724+0000] {processor.py:914} INFO - Processing file /home/airflow/.local/lib/python3.12/site-packages/airflow/example_dags/example_branch_python_dop_operator_3.py for tasks to queue
[2025-01-05T23:52:47.726+0000] {logging_mixin.py:190} INFO - [2025-01-05T23:52:47.726+0000] {dagbag.py:588} INFO - Filling up the DagBag from /home/airflow/.local/lib/python3.12/site-packages/airflow/example_dags/example_branch_python_dop_operator_3.py
[2025-01-05T23:52:47.737+0000] {processor.py:925} INFO - DAG(s) 'example_branch_dop_operator_v3' retrieved from /home/airflow/.local/lib/python3.12/site-packages/airflow/example_dags/example_branch_python_dop_operator_3.py
[2025-01-05T23:52:47.754+0000] {logging_mixin.py:190} INFO - [2025-01-05T23:52:47.753+0000] {dag.py:3239} INFO - Sync 1 DAGs
[2025-01-05T23:52:47.775+0000] {logging_mixin.py:190} INFO - [2025-01-05T23:52:47.774+0000] {dag.py:4180} INFO - Setting next_dagrun for example_branch_dop_operator_v3 to 2025-01-05 23:51:00+00:00, run_after=2025-01-05 23:52:00+00:00
[2025-01-05T23:52:47.794+0000] {processor.py:208} INFO - Processing /home/airflow/.local/lib/python3.12/site-packages/airflow/example_dags/example_branch_python_dop_operator_3.py took 0.075 seconds
[2025-01-05T23:53:18.600+0000] {processor.py:186} INFO - Started process (PID=6668) to work on /home/airflow/.local/lib/python3.12/site-packages/airflow/example_dags/example_branch_python_dop_operator_3.py
[2025-01-05T23:53:18.600+0000] {processor.py:914} INFO - Processing file /home/airflow/.local/lib/python3.12/site-packages/airflow/example_dags/example_branch_python_dop_operator_3.py for tasks to queue
[2025-01-05T23:53:18.603+0000] {logging_mixin.py:190} INFO - [2025-01-05T23:53:18.602+0000] {dagbag.py:588} INFO - Filling up the DagBag from /home/airflow/.local/lib/python3.12/site-packages/airflow/example_dags/example_branch_python_dop_operator_3.py
[2025-01-05T23:53:18.611+0000] {processor.py:925} INFO - DAG(s) 'example_branch_dop_operator_v3' retrieved from /home/airflow/.local/lib/python3.12/site-packages/airflow/example_dags/example_branch_python_dop_operator_3.py
[2025-01-05T23:53:18.627+0000] {logging_mixin.py:190} INFO - [2025-01-05T23:53:18.627+0000] {dag.py:3239} INFO - Sync 1 DAGs
[2025-01-05T23:53:18.647+0000] {logging_mixin.py:190} INFO - [2025-01-05T23:53:18.647+0000] {dag.py:4180} INFO - Setting next_dagrun for example_branch_dop_operator_v3 to 2025-01-05 23:52:00+00:00, run_after=2025-01-05 23:53:00+00:00
[2025-01-05T23:53:18.671+0000] {processor.py:208} INFO - Processing /home/airflow/.local/lib/python3.12/site-packages/airflow/example_dags/example_branch_python_dop_operator_3.py took 0.076 seconds
[2025-01-05T23:53:50.216+0000] {processor.py:186} INFO - Started process (PID=6966) to work on /home/airflow/.local/lib/python3.12/site-packages/airflow/example_dags/example_branch_python_dop_operator_3.py
[2025-01-05T23:53:50.217+0000] {processor.py:914} INFO - Processing file /home/airflow/.local/lib/python3.12/site-packages/airflow/example_dags/example_branch_python_dop_operator_3.py for tasks to queue
[2025-01-05T23:53:50.219+0000] {logging_mixin.py:190} INFO - [2025-01-05T23:53:50.219+0000] {dagbag.py:588} INFO - Filling up the DagBag from /home/airflow/.local/lib/python3.12/site-packages/airflow/example_dags/example_branch_python_dop_operator_3.py
[2025-01-05T23:53:50.227+0000] {processor.py:925} INFO - DAG(s) 'example_branch_dop_operator_v3' retrieved from /home/airflow/.local/lib/python3.12/site-packages/airflow/example_dags/example_branch_python_dop_operator_3.py
[2025-01-05T23:53:50.244+0000] {logging_mixin.py:190} INFO - [2025-01-05T23:53:50.244+0000] {dag.py:3239} INFO - Sync 1 DAGs
[2025-01-05T23:53:50.266+0000] {logging_mixin.py:190} INFO - [2025-01-05T23:53:50.265+0000] {dag.py:4180} INFO - Setting next_dagrun for example_branch_dop_operator_v3 to 2025-01-05 23:52:00+00:00, run_after=2025-01-05 23:53:00+00:00
[2025-01-05T23:53:50.281+0000] {processor.py:208} INFO - Processing /home/airflow/.local/lib/python3.12/site-packages/airflow/example_dags/example_branch_python_dop_operator_3.py took 0.070 seconds
[2025-01-05T23:54:21.175+0000] {processor.py:186} INFO - Started process (PID=7260) to work on /home/airflow/.local/lib/python3.12/site-packages/airflow/example_dags/example_branch_python_dop_operator_3.py
[2025-01-05T23:54:21.176+0000] {processor.py:914} INFO - Processing file /home/airflow/.local/lib/python3.12/site-packages/airflow/example_dags/example_branch_python_dop_operator_3.py for tasks to queue
[2025-01-05T23:54:21.178+0000] {logging_mixin.py:190} INFO - [2025-01-05T23:54:21.177+0000] {dagbag.py:588} INFO - Filling up the DagBag from /home/airflow/.local/lib/python3.12/site-packages/airflow/example_dags/example_branch_python_dop_operator_3.py
[2025-01-05T23:54:21.187+0000] {processor.py:925} INFO - DAG(s) 'example_branch_dop_operator_v3' retrieved from /home/airflow/.local/lib/python3.12/site-packages/airflow/example_dags/example_branch_python_dop_operator_3.py
[2025-01-05T23:54:21.203+0000] {logging_mixin.py:190} INFO - [2025-01-05T23:54:21.203+0000] {dag.py:3239} INFO - Sync 1 DAGs
[2025-01-05T23:54:21.223+0000] {logging_mixin.py:190} INFO - [2025-01-05T23:54:21.223+0000] {dag.py:4180} INFO - Setting next_dagrun for example_branch_dop_operator_v3 to 2025-01-05 23:53:00+00:00, run_after=2025-01-05 23:54:00+00:00
[2025-01-05T23:54:21.240+0000] {processor.py:208} INFO - Processing /home/airflow/.local/lib/python3.12/site-packages/airflow/example_dags/example_branch_python_dop_operator_3.py took 0.070 seconds
[2025-01-05T23:54:52.067+0000] {processor.py:186} INFO - Started process (PID=7558) to work on /home/airflow/.local/lib/python3.12/site-packages/airflow/example_dags/example_branch_python_dop_operator_3.py
[2025-01-05T23:54:52.068+0000] {processor.py:914} INFO - Processing file /home/airflow/.local/lib/python3.12/site-packages/airflow/example_dags/example_branch_python_dop_operator_3.py for tasks to queue
[2025-01-05T23:54:52.070+0000] {logging_mixin.py:190} INFO - [2025-01-05T23:54:52.070+0000] {dagbag.py:588} INFO - Filling up the DagBag from /home/airflow/.local/lib/python3.12/site-packages/airflow/example_dags/example_branch_python_dop_operator_3.py
[2025-01-05T23:54:52.080+0000] {processor.py:925} INFO - DAG(s) 'example_branch_dop_operator_v3' retrieved from /home/airflow/.local/lib/python3.12/site-packages/airflow/example_dags/example_branch_python_dop_operator_3.py
[2025-01-05T23:54:52.096+0000] {logging_mixin.py:190} INFO - [2025-01-05T23:54:52.096+0000] {dag.py:3239} INFO - Sync 1 DAGs
[2025-01-05T23:54:52.117+0000] {logging_mixin.py:190} INFO - [2025-01-05T23:54:52.117+0000] {dag.py:4180} INFO - Setting next_dagrun for example_branch_dop_operator_v3 to 2025-01-05 23:53:00+00:00, run_after=2025-01-05 23:54:00+00:00
[2025-01-05T23:54:52.137+0000] {processor.py:208} INFO - Processing /home/airflow/.local/lib/python3.12/site-packages/airflow/example_dags/example_branch_python_dop_operator_3.py took 0.075 seconds
[2025-01-05T23:55:23.144+0000] {processor.py:186} INFO - Started process (PID=7858) to work on /home/airflow/.local/lib/python3.12/site-packages/airflow/example_dags/example_branch_python_dop_operator_3.py
[2025-01-05T23:55:23.145+0000] {processor.py:914} INFO - Processing file /home/airflow/.local/lib/python3.12/site-packages/airflow/example_dags/example_branch_python_dop_operator_3.py for tasks to queue
[2025-01-05T23:55:23.147+0000] {logging_mixin.py:190} INFO - [2025-01-05T23:55:23.147+0000] {dagbag.py:588} INFO - Filling up the DagBag from /home/airflow/.local/lib/python3.12/site-packages/airflow/example_dags/example_branch_python_dop_operator_3.py
[2025-01-05T23:55:23.158+0000] {processor.py:925} INFO - DAG(s) 'example_branch_dop_operator_v3' retrieved from /home/airflow/.local/lib/python3.12/site-packages/airflow/example_dags/example_branch_python_dop_operator_3.py
[2025-01-05T23:55:23.176+0000] {logging_mixin.py:190} INFO - [2025-01-05T23:55:23.176+0000] {dag.py:3239} INFO - Sync 1 DAGs
[2025-01-05T23:55:23.202+0000] {logging_mixin.py:190} INFO - [2025-01-05T23:55:23.202+0000] {dag.py:4180} INFO - Setting next_dagrun for example_branch_dop_operator_v3 to 2025-01-05 23:54:00+00:00, run_after=2025-01-05 23:55:00+00:00
[2025-01-05T23:55:23.220+0000] {processor.py:208} INFO - Processing /home/airflow/.local/lib/python3.12/site-packages/airflow/example_dags/example_branch_python_dop_operator_3.py took 0.080 seconds
[2025-01-05T23:55:54.163+0000] {processor.py:186} INFO - Started process (PID=8156) to work on /home/airflow/.local/lib/python3.12/site-packages/airflow/example_dags/example_branch_python_dop_operator_3.py
[2025-01-05T23:55:54.164+0000] {processor.py:914} INFO - Processing file /home/airflow/.local/lib/python3.12/site-packages/airflow/example_dags/example_branch_python_dop_operator_3.py for tasks to queue
[2025-01-05T23:55:54.166+0000] {logging_mixin.py:190} INFO - [2025-01-05T23:55:54.166+0000] {dagbag.py:588} INFO - Filling up the DagBag from /home/airflow/.local/lib/python3.12/site-packages/airflow/example_dags/example_branch_python_dop_operator_3.py
[2025-01-05T23:55:54.176+0000] {processor.py:925} INFO - DAG(s) 'example_branch_dop_operator_v3' retrieved from /home/airflow/.local/lib/python3.12/site-packages/airflow/example_dags/example_branch_python_dop_operator_3.py
[2025-01-05T23:55:54.190+0000] {logging_mixin.py:190} INFO - [2025-01-05T23:55:54.190+0000] {dag.py:3239} INFO - Sync 1 DAGs
[2025-01-05T23:55:54.212+0000] {logging_mixin.py:190} INFO - [2025-01-05T23:55:54.212+0000] {dag.py:4180} INFO - Setting next_dagrun for example_branch_dop_operator_v3 to 2025-01-05 23:54:00+00:00, run_after=2025-01-05 23:55:00+00:00
[2025-01-05T23:55:54.230+0000] {processor.py:208} INFO - Processing /home/airflow/.local/lib/python3.12/site-packages/airflow/example_dags/example_branch_python_dop_operator_3.py took 0.073 seconds
[2025-01-05T23:56:24.850+0000] {processor.py:186} INFO - Started process (PID=8450) to work on /home/airflow/.local/lib/python3.12/site-packages/airflow/example_dags/example_branch_python_dop_operator_3.py
[2025-01-05T23:56:24.851+0000] {processor.py:914} INFO - Processing file /home/airflow/.local/lib/python3.12/site-packages/airflow/example_dags/example_branch_python_dop_operator_3.py for tasks to queue
[2025-01-05T23:56:24.854+0000] {logging_mixin.py:190} INFO - [2025-01-05T23:56:24.854+0000] {dagbag.py:588} INFO - Filling up the DagBag from /home/airflow/.local/lib/python3.12/site-packages/airflow/example_dags/example_branch_python_dop_operator_3.py
[2025-01-05T23:56:24.863+0000] {processor.py:925} INFO - DAG(s) 'example_branch_dop_operator_v3' retrieved from /home/airflow/.local/lib/python3.12/site-packages/airflow/example_dags/example_branch_python_dop_operator_3.py
[2025-01-05T23:56:24.881+0000] {logging_mixin.py:190} INFO - [2025-01-05T23:56:24.881+0000] {dag.py:3239} INFO - Sync 1 DAGs
[2025-01-05T23:56:24.907+0000] {logging_mixin.py:190} INFO - [2025-01-05T23:56:24.906+0000] {dag.py:4180} INFO - Setting next_dagrun for example_branch_dop_operator_v3 to 2025-01-05 23:55:00+00:00, run_after=2025-01-05 23:56:00+00:00
[2025-01-05T23:56:24.925+0000] {processor.py:208} INFO - Processing /home/airflow/.local/lib/python3.12/site-packages/airflow/example_dags/example_branch_python_dop_operator_3.py took 0.079 seconds
[2025-01-05T23:56:55.741+0000] {processor.py:186} INFO - Started process (PID=8748) to work on /home/airflow/.local/lib/python3.12/site-packages/airflow/example_dags/example_branch_python_dop_operator_3.py
[2025-01-05T23:56:55.742+0000] {processor.py:914} INFO - Processing file /home/airflow/.local/lib/python3.12/site-packages/airflow/example_dags/example_branch_python_dop_operator_3.py for tasks to queue
[2025-01-05T23:56:55.743+0000] {logging_mixin.py:190} INFO - [2025-01-05T23:56:55.743+0000] {dagbag.py:588} INFO - Filling up the DagBag from /home/airflow/.local/lib/python3.12/site-packages/airflow/example_dags/example_branch_python_dop_operator_3.py
[2025-01-05T23:56:55.752+0000] {processor.py:925} INFO - DAG(s) 'example_branch_dop_operator_v3' retrieved from /home/airflow/.local/lib/python3.12/site-packages/airflow/example_dags/example_branch_python_dop_operator_3.py
[2025-01-05T23:56:55.768+0000] {logging_mixin.py:190} INFO - [2025-01-05T23:56:55.767+0000] {dag.py:3239} INFO - Sync 1 DAGs
[2025-01-05T23:56:55.789+0000] {logging_mixin.py:190} INFO - [2025-01-05T23:56:55.789+0000] {dag.py:4180} INFO - Setting next_dagrun for example_branch_dop_operator_v3 to 2025-01-05 23:55:00+00:00, run_after=2025-01-05 23:56:00+00:00
[2025-01-05T23:56:55.808+0000] {processor.py:208} INFO - Processing /home/airflow/.local/lib/python3.12/site-packages/airflow/example_dags/example_branch_python_dop_operator_3.py took 0.072 seconds
[2025-01-05T23:57:27.546+0000] {processor.py:186} INFO - Started process (PID=9044) to work on /home/airflow/.local/lib/python3.12/site-packages/airflow/example_dags/example_branch_python_dop_operator_3.py
[2025-01-05T23:57:27.547+0000] {processor.py:914} INFO - Processing file /home/airflow/.local/lib/python3.12/site-packages/airflow/example_dags/example_branch_python_dop_operator_3.py for tasks to queue
[2025-01-05T23:57:27.548+0000] {logging_mixin.py:190} INFO - [2025-01-05T23:57:27.548+0000] {dagbag.py:588} INFO - Filling up the DagBag from /home/airflow/.local/lib/python3.12/site-packages/airflow/example_dags/example_branch_python_dop_operator_3.py
[2025-01-05T23:57:27.559+0000] {processor.py:925} INFO - DAG(s) 'example_branch_dop_operator_v3' retrieved from /home/airflow/.local/lib/python3.12/site-packages/airflow/example_dags/example_branch_python_dop_operator_3.py
[2025-01-05T23:57:27.581+0000] {logging_mixin.py:190} INFO - [2025-01-05T23:57:27.581+0000] {dag.py:3239} INFO - Sync 1 DAGs
[2025-01-05T23:57:27.609+0000] {logging_mixin.py:190} INFO - [2025-01-05T23:57:27.608+0000] {dag.py:4180} INFO - Setting next_dagrun for example_branch_dop_operator_v3 to 2025-01-05 23:56:00+00:00, run_after=2025-01-05 23:57:00+00:00
[2025-01-05T23:57:27.625+0000] {processor.py:208} INFO - Processing /home/airflow/.local/lib/python3.12/site-packages/airflow/example_dags/example_branch_python_dop_operator_3.py took 0.083 seconds
[2025-01-05T23:57:58.087+0000] {processor.py:186} INFO - Started process (PID=9338) to work on /home/airflow/.local/lib/python3.12/site-packages/airflow/example_dags/example_branch_python_dop_operator_3.py
[2025-01-05T23:57:58.088+0000] {processor.py:914} INFO - Processing file /home/airflow/.local/lib/python3.12/site-packages/airflow/example_dags/example_branch_python_dop_operator_3.py for tasks to queue
[2025-01-05T23:57:58.090+0000] {logging_mixin.py:190} INFO - [2025-01-05T23:57:58.090+0000] {dagbag.py:588} INFO - Filling up the DagBag from /home/airflow/.local/lib/python3.12/site-packages/airflow/example_dags/example_branch_python_dop_operator_3.py
[2025-01-05T23:57:58.098+0000] {processor.py:925} INFO - DAG(s) 'example_branch_dop_operator_v3' retrieved from /home/airflow/.local/lib/python3.12/site-packages/airflow/example_dags/example_branch_python_dop_operator_3.py
[2025-01-05T23:57:58.114+0000] {logging_mixin.py:190} INFO - [2025-01-05T23:57:58.114+0000] {dag.py:3239} INFO - Sync 1 DAGs
[2025-01-05T23:57:58.134+0000] {logging_mixin.py:190} INFO - [2025-01-05T23:57:58.134+0000] {dag.py:4180} INFO - Setting next_dagrun for example_branch_dop_operator_v3 to 2025-01-05 23:56:00+00:00, run_after=2025-01-05 23:57:00+00:00
[2025-01-05T23:57:58.155+0000] {processor.py:208} INFO - Processing /home/airflow/.local/lib/python3.12/site-packages/airflow/example_dags/example_branch_python_dop_operator_3.py took 0.073 seconds
[2025-01-05T23:58:28.756+0000] {processor.py:186} INFO - Started process (PID=9634) to work on /home/airflow/.local/lib/python3.12/site-packages/airflow/example_dags/example_branch_python_dop_operator_3.py
[2025-01-05T23:58:28.756+0000] {processor.py:914} INFO - Processing file /home/airflow/.local/lib/python3.12/site-packages/airflow/example_dags/example_branch_python_dop_operator_3.py for tasks to queue
[2025-01-05T23:58:28.758+0000] {logging_mixin.py:190} INFO - [2025-01-05T23:58:28.758+0000] {dagbag.py:588} INFO - Filling up the DagBag from /home/airflow/.local/lib/python3.12/site-packages/airflow/example_dags/example_branch_python_dop_operator_3.py
[2025-01-05T23:58:28.766+0000] {processor.py:925} INFO - DAG(s) 'example_branch_dop_operator_v3' retrieved from /home/airflow/.local/lib/python3.12/site-packages/airflow/example_dags/example_branch_python_dop_operator_3.py
[2025-01-05T23:58:28.785+0000] {logging_mixin.py:190} INFO - [2025-01-05T23:58:28.785+0000] {dag.py:3239} INFO - Sync 1 DAGs
[2025-01-05T23:58:28.810+0000] {logging_mixin.py:190} INFO - [2025-01-05T23:58:28.809+0000] {dag.py:4180} INFO - Setting next_dagrun for example_branch_dop_operator_v3 to 2025-01-05 23:57:00+00:00, run_after=2025-01-05 23:58:00+00:00
[2025-01-05T23:58:28.827+0000] {processor.py:208} INFO - Processing /home/airflow/.local/lib/python3.12/site-packages/airflow/example_dags/example_branch_python_dop_operator_3.py took 0.075 seconds
[2025-01-05T23:58:59.508+0000] {processor.py:186} INFO - Started process (PID=9930) to work on /home/airflow/.local/lib/python3.12/site-packages/airflow/example_dags/example_branch_python_dop_operator_3.py
[2025-01-05T23:58:59.509+0000] {processor.py:914} INFO - Processing file /home/airflow/.local/lib/python3.12/site-packages/airflow/example_dags/example_branch_python_dop_operator_3.py for tasks to queue
[2025-01-05T23:58:59.511+0000] {logging_mixin.py:190} INFO - [2025-01-05T23:58:59.511+0000] {dagbag.py:588} INFO - Filling up the DagBag from /home/airflow/.local/lib/python3.12/site-packages/airflow/example_dags/example_branch_python_dop_operator_3.py
[2025-01-05T23:58:59.519+0000] {processor.py:925} INFO - DAG(s) 'example_branch_dop_operator_v3' retrieved from /home/airflow/.local/lib/python3.12/site-packages/airflow/example_dags/example_branch_python_dop_operator_3.py
[2025-01-05T23:58:59.541+0000] {logging_mixin.py:190} INFO - [2025-01-05T23:58:59.541+0000] {dag.py:3239} INFO - Sync 1 DAGs
[2025-01-05T23:58:59.567+0000] {logging_mixin.py:190} INFO - [2025-01-05T23:58:59.566+0000] {dag.py:4180} INFO - Setting next_dagrun for example_branch_dop_operator_v3 to 2025-01-05 23:57:00+00:00, run_after=2025-01-05 23:58:00+00:00
[2025-01-05T23:58:59.585+0000] {processor.py:208} INFO - Processing /home/airflow/.local/lib/python3.12/site-packages/airflow/example_dags/example_branch_python_dop_operator_3.py took 0.083 seconds
[2025-01-05T23:59:31.270+0000] {processor.py:186} INFO - Started process (PID=10229) to work on /home/airflow/.local/lib/python3.12/site-packages/airflow/example_dags/example_branch_python_dop_operator_3.py
[2025-01-05T23:59:31.270+0000] {processor.py:914} INFO - Processing file /home/airflow/.local/lib/python3.12/site-packages/airflow/example_dags/example_branch_python_dop_operator_3.py for tasks to queue
[2025-01-05T23:59:31.272+0000] {logging_mixin.py:190} INFO - [2025-01-05T23:59:31.272+0000] {dagbag.py:588} INFO - Filling up the DagBag from /home/airflow/.local/lib/python3.12/site-packages/airflow/example_dags/example_branch_python_dop_operator_3.py
[2025-01-05T23:59:31.281+0000] {processor.py:925} INFO - DAG(s) 'example_branch_dop_operator_v3' retrieved from /home/airflow/.local/lib/python3.12/site-packages/airflow/example_dags/example_branch_python_dop_operator_3.py
[2025-01-05T23:59:31.296+0000] {logging_mixin.py:190} INFO - [2025-01-05T23:59:31.296+0000] {dag.py:3239} INFO - Sync 1 DAGs
[2025-01-05T23:59:31.317+0000] {logging_mixin.py:190} INFO - [2025-01-05T23:59:31.317+0000] {dag.py:4180} INFO - Setting next_dagrun for example_branch_dop_operator_v3 to 2025-01-05 23:58:00+00:00, run_after=2025-01-05 23:59:00+00:00
[2025-01-05T23:59:31.336+0000] {processor.py:208} INFO - Processing /home/airflow/.local/lib/python3.12/site-packages/airflow/example_dags/example_branch_python_dop_operator_3.py took 0.071 seconds
