[2025-01-05T23:42:29.322+0000] {processor.py:186} INFO - Started process (PID=427) to work on /home/airflow/.local/lib/python3.12/site-packages/airflow/example_dags/example_nested_branch_dag.py
[2025-01-05T23:42:29.326+0000] {processor.py:914} INFO - Processing file /home/airflow/.local/lib/python3.12/site-packages/airflow/example_dags/example_nested_branch_dag.py for tasks to queue
[2025-01-05T23:42:29.346+0000] {logging_mixin.py:190} INFO - [2025-01-05T23:42:29.346+0000] {dagbag.py:588} INFO - Filling up the DagBag from /home/airflow/.local/lib/python3.12/site-packages/airflow/example_dags/example_nested_branch_dag.py
[2025-01-05T23:42:29.386+0000] {processor.py:925} INFO - DAG(s) 'example_nested_branch_dag' retrieved from /home/airflow/.local/lib/python3.12/site-packages/airflow/example_dags/example_nested_branch_dag.py
[2025-01-05T23:42:29.418+0000] {logging_mixin.py:190} INFO - [2025-01-05T23:42:29.418+0000] {dag.py:3239} INFO - Sync 1 DAGs
[2025-01-05T23:42:29.464+0000] {logging_mixin.py:190} INFO - [2025-01-05T23:42:29.464+0000] {dag.py:4180} INFO - Setting next_dagrun for example_nested_branch_dag to 2025-01-04 00:00:00+00:00, run_after=2025-01-05 00:00:00+00:00
[2025-01-05T23:42:29.505+0000] {processor.py:208} INFO - Processing /home/airflow/.local/lib/python3.12/site-packages/airflow/example_dags/example_nested_branch_dag.py took 0.196 seconds
[2025-01-05T23:43:00.318+0000] {processor.py:186} INFO - Started process (PID=725) to work on /home/airflow/.local/lib/python3.12/site-packages/airflow/example_dags/example_nested_branch_dag.py
[2025-01-05T23:43:00.320+0000] {processor.py:914} INFO - Processing file /home/airflow/.local/lib/python3.12/site-packages/airflow/example_dags/example_nested_branch_dag.py for tasks to queue
[2025-01-05T23:43:00.321+0000] {logging_mixin.py:190} INFO - [2025-01-05T23:43:00.321+0000] {dagbag.py:588} INFO - Filling up the DagBag from /home/airflow/.local/lib/python3.12/site-packages/airflow/example_dags/example_nested_branch_dag.py
[2025-01-05T23:43:00.331+0000] {processor.py:925} INFO - DAG(s) 'example_nested_branch_dag' retrieved from /home/airflow/.local/lib/python3.12/site-packages/airflow/example_dags/example_nested_branch_dag.py
[2025-01-05T23:43:00.359+0000] {logging_mixin.py:190} INFO - [2025-01-05T23:43:00.359+0000] {dag.py:3239} INFO - Sync 1 DAGs
[2025-01-05T23:43:00.388+0000] {logging_mixin.py:190} INFO - [2025-01-05T23:43:00.388+0000] {dag.py:4180} INFO - Setting next_dagrun for example_nested_branch_dag to 2025-01-04 00:00:00+00:00, run_after=2025-01-05 00:00:00+00:00
[2025-01-05T23:43:00.405+0000] {processor.py:208} INFO - Processing /home/airflow/.local/lib/python3.12/site-packages/airflow/example_dags/example_nested_branch_dag.py took 0.093 seconds
[2025-01-05T23:43:32.338+0000] {processor.py:186} INFO - Started process (PID=1021) to work on /home/airflow/.local/lib/python3.12/site-packages/airflow/example_dags/example_nested_branch_dag.py
[2025-01-05T23:43:32.340+0000] {processor.py:914} INFO - Processing file /home/airflow/.local/lib/python3.12/site-packages/airflow/example_dags/example_nested_branch_dag.py for tasks to queue
[2025-01-05T23:43:32.343+0000] {logging_mixin.py:190} INFO - [2025-01-05T23:43:32.343+0000] {dagbag.py:588} INFO - Filling up the DagBag from /home/airflow/.local/lib/python3.12/site-packages/airflow/example_dags/example_nested_branch_dag.py
[2025-01-05T23:43:32.358+0000] {processor.py:925} INFO - DAG(s) 'example_nested_branch_dag' retrieved from /home/airflow/.local/lib/python3.12/site-packages/airflow/example_dags/example_nested_branch_dag.py
[2025-01-05T23:43:32.383+0000] {logging_mixin.py:190} INFO - [2025-01-05T23:43:32.383+0000] {dag.py:3239} INFO - Sync 1 DAGs
[2025-01-05T23:43:32.415+0000] {logging_mixin.py:190} INFO - [2025-01-05T23:43:32.414+0000] {dag.py:4180} INFO - Setting next_dagrun for example_nested_branch_dag to 2025-01-04 00:00:00+00:00, run_after=2025-01-05 00:00:00+00:00
[2025-01-05T23:43:32.439+0000] {processor.py:208} INFO - Processing /home/airflow/.local/lib/python3.12/site-packages/airflow/example_dags/example_nested_branch_dag.py took 0.109 seconds
[2025-01-05T23:44:03.378+0000] {processor.py:186} INFO - Started process (PID=1317) to work on /home/airflow/.local/lib/python3.12/site-packages/airflow/example_dags/example_nested_branch_dag.py
[2025-01-05T23:44:03.379+0000] {processor.py:914} INFO - Processing file /home/airflow/.local/lib/python3.12/site-packages/airflow/example_dags/example_nested_branch_dag.py for tasks to queue
[2025-01-05T23:44:03.380+0000] {logging_mixin.py:190} INFO - [2025-01-05T23:44:03.380+0000] {dagbag.py:588} INFO - Filling up the DagBag from /home/airflow/.local/lib/python3.12/site-packages/airflow/example_dags/example_nested_branch_dag.py
[2025-01-05T23:44:03.389+0000] {processor.py:925} INFO - DAG(s) 'example_nested_branch_dag' retrieved from /home/airflow/.local/lib/python3.12/site-packages/airflow/example_dags/example_nested_branch_dag.py
[2025-01-05T23:44:03.407+0000] {logging_mixin.py:190} INFO - [2025-01-05T23:44:03.407+0000] {dag.py:3239} INFO - Sync 1 DAGs
[2025-01-05T23:44:03.425+0000] {logging_mixin.py:190} INFO - [2025-01-05T23:44:03.425+0000] {dag.py:4180} INFO - Setting next_dagrun for example_nested_branch_dag to 2025-01-04 00:00:00+00:00, run_after=2025-01-05 00:00:00+00:00
[2025-01-05T23:44:03.442+0000] {processor.py:208} INFO - Processing /home/airflow/.local/lib/python3.12/site-packages/airflow/example_dags/example_nested_branch_dag.py took 0.069 seconds
[2025-01-05T23:44:33.855+0000] {processor.py:186} INFO - Started process (PID=1613) to work on /home/airflow/.local/lib/python3.12/site-packages/airflow/example_dags/example_nested_branch_dag.py
[2025-01-05T23:44:33.855+0000] {processor.py:914} INFO - Processing file /home/airflow/.local/lib/python3.12/site-packages/airflow/example_dags/example_nested_branch_dag.py for tasks to queue
[2025-01-05T23:44:33.857+0000] {logging_mixin.py:190} INFO - [2025-01-05T23:44:33.857+0000] {dagbag.py:588} INFO - Filling up the DagBag from /home/airflow/.local/lib/python3.12/site-packages/airflow/example_dags/example_nested_branch_dag.py
[2025-01-05T23:44:33.867+0000] {processor.py:925} INFO - DAG(s) 'example_nested_branch_dag' retrieved from /home/airflow/.local/lib/python3.12/site-packages/airflow/example_dags/example_nested_branch_dag.py
[2025-01-05T23:44:33.888+0000] {logging_mixin.py:190} INFO - [2025-01-05T23:44:33.888+0000] {dag.py:3239} INFO - Sync 1 DAGs
[2025-01-05T23:44:33.907+0000] {logging_mixin.py:190} INFO - [2025-01-05T23:44:33.907+0000] {dag.py:4180} INFO - Setting next_dagrun for example_nested_branch_dag to 2025-01-04 00:00:00+00:00, run_after=2025-01-05 00:00:00+00:00
[2025-01-05T23:44:33.926+0000] {processor.py:208} INFO - Processing /home/airflow/.local/lib/python3.12/site-packages/airflow/example_dags/example_nested_branch_dag.py took 0.076 seconds
[2025-01-05T23:45:04.730+0000] {processor.py:186} INFO - Started process (PID=1909) to work on /home/airflow/.local/lib/python3.12/site-packages/airflow/example_dags/example_nested_branch_dag.py
[2025-01-05T23:45:04.731+0000] {processor.py:914} INFO - Processing file /home/airflow/.local/lib/python3.12/site-packages/airflow/example_dags/example_nested_branch_dag.py for tasks to queue
[2025-01-05T23:45:04.733+0000] {logging_mixin.py:190} INFO - [2025-01-05T23:45:04.733+0000] {dagbag.py:588} INFO - Filling up the DagBag from /home/airflow/.local/lib/python3.12/site-packages/airflow/example_dags/example_nested_branch_dag.py
[2025-01-05T23:45:04.742+0000] {processor.py:925} INFO - DAG(s) 'example_nested_branch_dag' retrieved from /home/airflow/.local/lib/python3.12/site-packages/airflow/example_dags/example_nested_branch_dag.py
[2025-01-05T23:45:04.760+0000] {logging_mixin.py:190} INFO - [2025-01-05T23:45:04.759+0000] {dag.py:3239} INFO - Sync 1 DAGs
[2025-01-05T23:45:04.779+0000] {logging_mixin.py:190} INFO - [2025-01-05T23:45:04.779+0000] {dag.py:4180} INFO - Setting next_dagrun for example_nested_branch_dag to 2025-01-04 00:00:00+00:00, run_after=2025-01-05 00:00:00+00:00
[2025-01-05T23:45:04.797+0000] {processor.py:208} INFO - Processing /home/airflow/.local/lib/python3.12/site-packages/airflow/example_dags/example_nested_branch_dag.py took 0.071 seconds
[2025-01-05T23:45:35.363+0000] {processor.py:186} INFO - Started process (PID=2205) to work on /home/airflow/.local/lib/python3.12/site-packages/airflow/example_dags/example_nested_branch_dag.py
[2025-01-05T23:45:35.365+0000] {processor.py:914} INFO - Processing file /home/airflow/.local/lib/python3.12/site-packages/airflow/example_dags/example_nested_branch_dag.py for tasks to queue
[2025-01-05T23:45:35.366+0000] {logging_mixin.py:190} INFO - [2025-01-05T23:45:35.366+0000] {dagbag.py:588} INFO - Filling up the DagBag from /home/airflow/.local/lib/python3.12/site-packages/airflow/example_dags/example_nested_branch_dag.py
[2025-01-05T23:45:35.376+0000] {processor.py:925} INFO - DAG(s) 'example_nested_branch_dag' retrieved from /home/airflow/.local/lib/python3.12/site-packages/airflow/example_dags/example_nested_branch_dag.py
[2025-01-05T23:45:35.395+0000] {logging_mixin.py:190} INFO - [2025-01-05T23:45:35.395+0000] {dag.py:3239} INFO - Sync 1 DAGs
[2025-01-05T23:45:35.414+0000] {logging_mixin.py:190} INFO - [2025-01-05T23:45:35.414+0000] {dag.py:4180} INFO - Setting next_dagrun for example_nested_branch_dag to 2025-01-04 00:00:00+00:00, run_after=2025-01-05 00:00:00+00:00
[2025-01-05T23:45:35.432+0000] {processor.py:208} INFO - Processing /home/airflow/.local/lib/python3.12/site-packages/airflow/example_dags/example_nested_branch_dag.py took 0.073 seconds
[2025-01-05T23:46:05.837+0000] {processor.py:186} INFO - Started process (PID=2501) to work on /home/airflow/.local/lib/python3.12/site-packages/airflow/example_dags/example_nested_branch_dag.py
[2025-01-05T23:46:05.839+0000] {processor.py:914} INFO - Processing file /home/airflow/.local/lib/python3.12/site-packages/airflow/example_dags/example_nested_branch_dag.py for tasks to queue
[2025-01-05T23:46:05.841+0000] {logging_mixin.py:190} INFO - [2025-01-05T23:46:05.841+0000] {dagbag.py:588} INFO - Filling up the DagBag from /home/airflow/.local/lib/python3.12/site-packages/airflow/example_dags/example_nested_branch_dag.py
[2025-01-05T23:46:05.854+0000] {processor.py:925} INFO - DAG(s) 'example_nested_branch_dag' retrieved from /home/airflow/.local/lib/python3.12/site-packages/airflow/example_dags/example_nested_branch_dag.py
[2025-01-05T23:46:05.875+0000] {logging_mixin.py:190} INFO - [2025-01-05T23:46:05.874+0000] {dag.py:3239} INFO - Sync 1 DAGs
[2025-01-05T23:46:05.899+0000] {logging_mixin.py:190} INFO - [2025-01-05T23:46:05.898+0000] {dag.py:4180} INFO - Setting next_dagrun for example_nested_branch_dag to 2025-01-04 00:00:00+00:00, run_after=2025-01-05 00:00:00+00:00
[2025-01-05T23:46:05.917+0000] {processor.py:208} INFO - Processing /home/airflow/.local/lib/python3.12/site-packages/airflow/example_dags/example_nested_branch_dag.py took 0.085 seconds
[2025-01-05T23:46:36.895+0000] {processor.py:186} INFO - Started process (PID=2797) to work on /home/airflow/.local/lib/python3.12/site-packages/airflow/example_dags/example_nested_branch_dag.py
[2025-01-05T23:46:36.896+0000] {processor.py:914} INFO - Processing file /home/airflow/.local/lib/python3.12/site-packages/airflow/example_dags/example_nested_branch_dag.py for tasks to queue
[2025-01-05T23:46:36.898+0000] {logging_mixin.py:190} INFO - [2025-01-05T23:46:36.898+0000] {dagbag.py:588} INFO - Filling up the DagBag from /home/airflow/.local/lib/python3.12/site-packages/airflow/example_dags/example_nested_branch_dag.py
[2025-01-05T23:46:36.907+0000] {processor.py:925} INFO - DAG(s) 'example_nested_branch_dag' retrieved from /home/airflow/.local/lib/python3.12/site-packages/airflow/example_dags/example_nested_branch_dag.py
[2025-01-05T23:46:36.924+0000] {logging_mixin.py:190} INFO - [2025-01-05T23:46:36.924+0000] {dag.py:3239} INFO - Sync 1 DAGs
[2025-01-05T23:46:36.944+0000] {logging_mixin.py:190} INFO - [2025-01-05T23:46:36.943+0000] {dag.py:4180} INFO - Setting next_dagrun for example_nested_branch_dag to 2025-01-04 00:00:00+00:00, run_after=2025-01-05 00:00:00+00:00
[2025-01-05T23:46:36.963+0000] {processor.py:208} INFO - Processing /home/airflow/.local/lib/python3.12/site-packages/airflow/example_dags/example_nested_branch_dag.py took 0.072 seconds
[2025-01-05T23:47:07.760+0000] {processor.py:186} INFO - Started process (PID=3091) to work on /home/airflow/.local/lib/python3.12/site-packages/airflow/example_dags/example_nested_branch_dag.py
[2025-01-05T23:47:07.761+0000] {processor.py:914} INFO - Processing file /home/airflow/.local/lib/python3.12/site-packages/airflow/example_dags/example_nested_branch_dag.py for tasks to queue
[2025-01-05T23:47:07.763+0000] {logging_mixin.py:190} INFO - [2025-01-05T23:47:07.762+0000] {dagbag.py:588} INFO - Filling up the DagBag from /home/airflow/.local/lib/python3.12/site-packages/airflow/example_dags/example_nested_branch_dag.py
[2025-01-05T23:47:07.773+0000] {processor.py:925} INFO - DAG(s) 'example_nested_branch_dag' retrieved from /home/airflow/.local/lib/python3.12/site-packages/airflow/example_dags/example_nested_branch_dag.py
[2025-01-05T23:47:07.792+0000] {logging_mixin.py:190} INFO - [2025-01-05T23:47:07.792+0000] {dag.py:3239} INFO - Sync 1 DAGs
[2025-01-05T23:47:07.814+0000] {logging_mixin.py:190} INFO - [2025-01-05T23:47:07.814+0000] {dag.py:4180} INFO - Setting next_dagrun for example_nested_branch_dag to 2025-01-04 00:00:00+00:00, run_after=2025-01-05 00:00:00+00:00
[2025-01-05T23:47:07.833+0000] {processor.py:208} INFO - Processing /home/airflow/.local/lib/python3.12/site-packages/airflow/example_dags/example_nested_branch_dag.py took 0.078 seconds
[2025-01-05T23:47:38.574+0000] {processor.py:186} INFO - Started process (PID=3389) to work on /home/airflow/.local/lib/python3.12/site-packages/airflow/example_dags/example_nested_branch_dag.py
[2025-01-05T23:47:38.575+0000] {processor.py:914} INFO - Processing file /home/airflow/.local/lib/python3.12/site-packages/airflow/example_dags/example_nested_branch_dag.py for tasks to queue
[2025-01-05T23:47:38.578+0000] {logging_mixin.py:190} INFO - [2025-01-05T23:47:38.577+0000] {dagbag.py:588} INFO - Filling up the DagBag from /home/airflow/.local/lib/python3.12/site-packages/airflow/example_dags/example_nested_branch_dag.py
[2025-01-05T23:47:38.587+0000] {processor.py:925} INFO - DAG(s) 'example_nested_branch_dag' retrieved from /home/airflow/.local/lib/python3.12/site-packages/airflow/example_dags/example_nested_branch_dag.py
[2025-01-05T23:47:38.606+0000] {logging_mixin.py:190} INFO - [2025-01-05T23:47:38.606+0000] {dag.py:3239} INFO - Sync 1 DAGs
[2025-01-05T23:47:38.627+0000] {logging_mixin.py:190} INFO - [2025-01-05T23:47:38.627+0000] {dag.py:4180} INFO - Setting next_dagrun for example_nested_branch_dag to 2025-01-04 00:00:00+00:00, run_after=2025-01-05 00:00:00+00:00
[2025-01-05T23:47:38.643+0000] {processor.py:208} INFO - Processing /home/airflow/.local/lib/python3.12/site-packages/airflow/example_dags/example_nested_branch_dag.py took 0.073 seconds
[2025-01-05T23:48:09.275+0000] {processor.py:186} INFO - Started process (PID=3683) to work on /home/airflow/.local/lib/python3.12/site-packages/airflow/example_dags/example_nested_branch_dag.py
[2025-01-05T23:48:09.276+0000] {processor.py:914} INFO - Processing file /home/airflow/.local/lib/python3.12/site-packages/airflow/example_dags/example_nested_branch_dag.py for tasks to queue
[2025-01-05T23:48:09.278+0000] {logging_mixin.py:190} INFO - [2025-01-05T23:48:09.278+0000] {dagbag.py:588} INFO - Filling up the DagBag from /home/airflow/.local/lib/python3.12/site-packages/airflow/example_dags/example_nested_branch_dag.py
[2025-01-05T23:48:09.287+0000] {processor.py:925} INFO - DAG(s) 'example_nested_branch_dag' retrieved from /home/airflow/.local/lib/python3.12/site-packages/airflow/example_dags/example_nested_branch_dag.py
[2025-01-05T23:48:09.305+0000] {logging_mixin.py:190} INFO - [2025-01-05T23:48:09.304+0000] {dag.py:3239} INFO - Sync 1 DAGs
[2025-01-05T23:48:09.324+0000] {logging_mixin.py:190} INFO - [2025-01-05T23:48:09.324+0000] {dag.py:4180} INFO - Setting next_dagrun for example_nested_branch_dag to 2025-01-04 00:00:00+00:00, run_after=2025-01-05 00:00:00+00:00
[2025-01-05T23:48:09.339+0000] {processor.py:208} INFO - Processing /home/airflow/.local/lib/python3.12/site-packages/airflow/example_dags/example_nested_branch_dag.py took 0.068 seconds
[2025-01-05T23:48:40.099+0000] {processor.py:186} INFO - Started process (PID=3979) to work on /home/airflow/.local/lib/python3.12/site-packages/airflow/example_dags/example_nested_branch_dag.py
[2025-01-05T23:48:40.100+0000] {processor.py:914} INFO - Processing file /home/airflow/.local/lib/python3.12/site-packages/airflow/example_dags/example_nested_branch_dag.py for tasks to queue
[2025-01-05T23:48:40.102+0000] {logging_mixin.py:190} INFO - [2025-01-05T23:48:40.102+0000] {dagbag.py:588} INFO - Filling up the DagBag from /home/airflow/.local/lib/python3.12/site-packages/airflow/example_dags/example_nested_branch_dag.py
[2025-01-05T23:48:40.114+0000] {processor.py:925} INFO - DAG(s) 'example_nested_branch_dag' retrieved from /home/airflow/.local/lib/python3.12/site-packages/airflow/example_dags/example_nested_branch_dag.py
[2025-01-05T23:48:40.133+0000] {logging_mixin.py:190} INFO - [2025-01-05T23:48:40.132+0000] {dag.py:3239} INFO - Sync 1 DAGs
[2025-01-05T23:48:40.152+0000] {logging_mixin.py:190} INFO - [2025-01-05T23:48:40.152+0000] {dag.py:4180} INFO - Setting next_dagrun for example_nested_branch_dag to 2025-01-04 00:00:00+00:00, run_after=2025-01-05 00:00:00+00:00
[2025-01-05T23:48:40.166+0000] {processor.py:208} INFO - Processing /home/airflow/.local/lib/python3.12/site-packages/airflow/example_dags/example_nested_branch_dag.py took 0.072 seconds
[2025-01-05T23:49:10.887+0000] {processor.py:186} INFO - Started process (PID=4275) to work on /home/airflow/.local/lib/python3.12/site-packages/airflow/example_dags/example_nested_branch_dag.py
[2025-01-05T23:49:10.888+0000] {processor.py:914} INFO - Processing file /home/airflow/.local/lib/python3.12/site-packages/airflow/example_dags/example_nested_branch_dag.py for tasks to queue
[2025-01-05T23:49:10.890+0000] {logging_mixin.py:190} INFO - [2025-01-05T23:49:10.890+0000] {dagbag.py:588} INFO - Filling up the DagBag from /home/airflow/.local/lib/python3.12/site-packages/airflow/example_dags/example_nested_branch_dag.py
[2025-01-05T23:49:10.899+0000] {processor.py:925} INFO - DAG(s) 'example_nested_branch_dag' retrieved from /home/airflow/.local/lib/python3.12/site-packages/airflow/example_dags/example_nested_branch_dag.py
[2025-01-05T23:49:10.916+0000] {logging_mixin.py:190} INFO - [2025-01-05T23:49:10.916+0000] {dag.py:3239} INFO - Sync 1 DAGs
[2025-01-05T23:49:10.934+0000] {logging_mixin.py:190} INFO - [2025-01-05T23:49:10.933+0000] {dag.py:4180} INFO - Setting next_dagrun for example_nested_branch_dag to 2025-01-04 00:00:00+00:00, run_after=2025-01-05 00:00:00+00:00
[2025-01-05T23:49:10.951+0000] {processor.py:208} INFO - Processing /home/airflow/.local/lib/python3.12/site-packages/airflow/example_dags/example_nested_branch_dag.py took 0.068 seconds
[2025-01-05T23:49:41.791+0000] {processor.py:186} INFO - Started process (PID=4573) to work on /home/airflow/.local/lib/python3.12/site-packages/airflow/example_dags/example_nested_branch_dag.py
[2025-01-05T23:49:41.792+0000] {processor.py:914} INFO - Processing file /home/airflow/.local/lib/python3.12/site-packages/airflow/example_dags/example_nested_branch_dag.py for tasks to queue
[2025-01-05T23:49:41.793+0000] {logging_mixin.py:190} INFO - [2025-01-05T23:49:41.793+0000] {dagbag.py:588} INFO - Filling up the DagBag from /home/airflow/.local/lib/python3.12/site-packages/airflow/example_dags/example_nested_branch_dag.py
[2025-01-05T23:49:41.802+0000] {processor.py:925} INFO - DAG(s) 'example_nested_branch_dag' retrieved from /home/airflow/.local/lib/python3.12/site-packages/airflow/example_dags/example_nested_branch_dag.py
[2025-01-05T23:49:41.821+0000] {logging_mixin.py:190} INFO - [2025-01-05T23:49:41.820+0000] {dag.py:3239} INFO - Sync 1 DAGs
[2025-01-05T23:49:41.838+0000] {logging_mixin.py:190} INFO - [2025-01-05T23:49:41.838+0000] {dag.py:4180} INFO - Setting next_dagrun for example_nested_branch_dag to 2025-01-04 00:00:00+00:00, run_after=2025-01-05 00:00:00+00:00
[2025-01-05T23:49:41.856+0000] {processor.py:208} INFO - Processing /home/airflow/.local/lib/python3.12/site-packages/airflow/example_dags/example_nested_branch_dag.py took 0.070 seconds
[2025-01-05T23:50:12.697+0000] {processor.py:186} INFO - Started process (PID=4867) to work on /home/airflow/.local/lib/python3.12/site-packages/airflow/example_dags/example_nested_branch_dag.py
[2025-01-05T23:50:12.698+0000] {processor.py:914} INFO - Processing file /home/airflow/.local/lib/python3.12/site-packages/airflow/example_dags/example_nested_branch_dag.py for tasks to queue
[2025-01-05T23:50:12.700+0000] {logging_mixin.py:190} INFO - [2025-01-05T23:50:12.699+0000] {dagbag.py:588} INFO - Filling up the DagBag from /home/airflow/.local/lib/python3.12/site-packages/airflow/example_dags/example_nested_branch_dag.py
[2025-01-05T23:50:12.712+0000] {processor.py:925} INFO - DAG(s) 'example_nested_branch_dag' retrieved from /home/airflow/.local/lib/python3.12/site-packages/airflow/example_dags/example_nested_branch_dag.py
[2025-01-05T23:50:12.732+0000] {logging_mixin.py:190} INFO - [2025-01-05T23:50:12.732+0000] {dag.py:3239} INFO - Sync 1 DAGs
[2025-01-05T23:50:12.751+0000] {logging_mixin.py:190} INFO - [2025-01-05T23:50:12.751+0000] {dag.py:4180} INFO - Setting next_dagrun for example_nested_branch_dag to 2025-01-04 00:00:00+00:00, run_after=2025-01-05 00:00:00+00:00
[2025-01-05T23:50:12.767+0000] {processor.py:208} INFO - Processing /home/airflow/.local/lib/python3.12/site-packages/airflow/example_dags/example_nested_branch_dag.py took 0.076 seconds
[2025-01-05T23:50:43.678+0000] {processor.py:186} INFO - Started process (PID=5163) to work on /home/airflow/.local/lib/python3.12/site-packages/airflow/example_dags/example_nested_branch_dag.py
[2025-01-05T23:50:43.679+0000] {processor.py:914} INFO - Processing file /home/airflow/.local/lib/python3.12/site-packages/airflow/example_dags/example_nested_branch_dag.py for tasks to queue
[2025-01-05T23:50:43.681+0000] {logging_mixin.py:190} INFO - [2025-01-05T23:50:43.681+0000] {dagbag.py:588} INFO - Filling up the DagBag from /home/airflow/.local/lib/python3.12/site-packages/airflow/example_dags/example_nested_branch_dag.py
[2025-01-05T23:50:43.690+0000] {processor.py:925} INFO - DAG(s) 'example_nested_branch_dag' retrieved from /home/airflow/.local/lib/python3.12/site-packages/airflow/example_dags/example_nested_branch_dag.py
[2025-01-05T23:50:43.709+0000] {logging_mixin.py:190} INFO - [2025-01-05T23:50:43.709+0000] {dag.py:3239} INFO - Sync 1 DAGs
[2025-01-05T23:50:43.730+0000] {logging_mixin.py:190} INFO - [2025-01-05T23:50:43.730+0000] {dag.py:4180} INFO - Setting next_dagrun for example_nested_branch_dag to 2025-01-04 00:00:00+00:00, run_after=2025-01-05 00:00:00+00:00
[2025-01-05T23:50:43.748+0000] {processor.py:208} INFO - Processing /home/airflow/.local/lib/python3.12/site-packages/airflow/example_dags/example_nested_branch_dag.py took 0.075 seconds
[2025-01-05T23:51:14.623+0000] {processor.py:186} INFO - Started process (PID=5461) to work on /home/airflow/.local/lib/python3.12/site-packages/airflow/example_dags/example_nested_branch_dag.py
[2025-01-05T23:51:14.624+0000] {processor.py:914} INFO - Processing file /home/airflow/.local/lib/python3.12/site-packages/airflow/example_dags/example_nested_branch_dag.py for tasks to queue
[2025-01-05T23:51:14.627+0000] {logging_mixin.py:190} INFO - [2025-01-05T23:51:14.627+0000] {dagbag.py:588} INFO - Filling up the DagBag from /home/airflow/.local/lib/python3.12/site-packages/airflow/example_dags/example_nested_branch_dag.py
[2025-01-05T23:51:14.638+0000] {processor.py:925} INFO - DAG(s) 'example_nested_branch_dag' retrieved from /home/airflow/.local/lib/python3.12/site-packages/airflow/example_dags/example_nested_branch_dag.py
[2025-01-05T23:51:14.657+0000] {logging_mixin.py:190} INFO - [2025-01-05T23:51:14.657+0000] {dag.py:3239} INFO - Sync 1 DAGs
[2025-01-05T23:51:14.679+0000] {logging_mixin.py:190} INFO - [2025-01-05T23:51:14.679+0000] {dag.py:4180} INFO - Setting next_dagrun for example_nested_branch_dag to 2025-01-04 00:00:00+00:00, run_after=2025-01-05 00:00:00+00:00
[2025-01-05T23:51:14.696+0000] {processor.py:208} INFO - Processing /home/airflow/.local/lib/python3.12/site-packages/airflow/example_dags/example_nested_branch_dag.py took 0.078 seconds
[2025-01-05T23:51:45.456+0000] {processor.py:186} INFO - Started process (PID=5757) to work on /home/airflow/.local/lib/python3.12/site-packages/airflow/example_dags/example_nested_branch_dag.py
[2025-01-05T23:51:45.457+0000] {processor.py:914} INFO - Processing file /home/airflow/.local/lib/python3.12/site-packages/airflow/example_dags/example_nested_branch_dag.py for tasks to queue
[2025-01-05T23:51:45.459+0000] {logging_mixin.py:190} INFO - [2025-01-05T23:51:45.459+0000] {dagbag.py:588} INFO - Filling up the DagBag from /home/airflow/.local/lib/python3.12/site-packages/airflow/example_dags/example_nested_branch_dag.py
[2025-01-05T23:51:45.468+0000] {processor.py:925} INFO - DAG(s) 'example_nested_branch_dag' retrieved from /home/airflow/.local/lib/python3.12/site-packages/airflow/example_dags/example_nested_branch_dag.py
[2025-01-05T23:51:45.487+0000] {logging_mixin.py:190} INFO - [2025-01-05T23:51:45.487+0000] {dag.py:3239} INFO - Sync 1 DAGs
[2025-01-05T23:51:45.506+0000] {logging_mixin.py:190} INFO - [2025-01-05T23:51:45.505+0000] {dag.py:4180} INFO - Setting next_dagrun for example_nested_branch_dag to 2025-01-04 00:00:00+00:00, run_after=2025-01-05 00:00:00+00:00
[2025-01-05T23:51:45.522+0000] {processor.py:208} INFO - Processing /home/airflow/.local/lib/python3.12/site-packages/airflow/example_dags/example_nested_branch_dag.py took 0.071 seconds
[2025-01-05T23:52:16.460+0000] {processor.py:186} INFO - Started process (PID=6053) to work on /home/airflow/.local/lib/python3.12/site-packages/airflow/example_dags/example_nested_branch_dag.py
[2025-01-05T23:52:16.461+0000] {processor.py:914} INFO - Processing file /home/airflow/.local/lib/python3.12/site-packages/airflow/example_dags/example_nested_branch_dag.py for tasks to queue
[2025-01-05T23:52:16.463+0000] {logging_mixin.py:190} INFO - [2025-01-05T23:52:16.463+0000] {dagbag.py:588} INFO - Filling up the DagBag from /home/airflow/.local/lib/python3.12/site-packages/airflow/example_dags/example_nested_branch_dag.py
[2025-01-05T23:52:16.475+0000] {processor.py:925} INFO - DAG(s) 'example_nested_branch_dag' retrieved from /home/airflow/.local/lib/python3.12/site-packages/airflow/example_dags/example_nested_branch_dag.py
[2025-01-05T23:52:16.494+0000] {logging_mixin.py:190} INFO - [2025-01-05T23:52:16.494+0000] {dag.py:3239} INFO - Sync 1 DAGs
[2025-01-05T23:52:16.516+0000] {logging_mixin.py:190} INFO - [2025-01-05T23:52:16.516+0000] {dag.py:4180} INFO - Setting next_dagrun for example_nested_branch_dag to 2025-01-04 00:00:00+00:00, run_after=2025-01-05 00:00:00+00:00
[2025-01-05T23:52:16.533+0000] {processor.py:208} INFO - Processing /home/airflow/.local/lib/python3.12/site-packages/airflow/example_dags/example_nested_branch_dag.py took 0.079 seconds
[2025-01-05T23:52:47.403+0000] {processor.py:186} INFO - Started process (PID=6349) to work on /home/airflow/.local/lib/python3.12/site-packages/airflow/example_dags/example_nested_branch_dag.py
[2025-01-05T23:52:47.404+0000] {processor.py:914} INFO - Processing file /home/airflow/.local/lib/python3.12/site-packages/airflow/example_dags/example_nested_branch_dag.py for tasks to queue
[2025-01-05T23:52:47.406+0000] {logging_mixin.py:190} INFO - [2025-01-05T23:52:47.406+0000] {dagbag.py:588} INFO - Filling up the DagBag from /home/airflow/.local/lib/python3.12/site-packages/airflow/example_dags/example_nested_branch_dag.py
[2025-01-05T23:52:47.416+0000] {processor.py:925} INFO - DAG(s) 'example_nested_branch_dag' retrieved from /home/airflow/.local/lib/python3.12/site-packages/airflow/example_dags/example_nested_branch_dag.py
[2025-01-05T23:52:47.433+0000] {logging_mixin.py:190} INFO - [2025-01-05T23:52:47.433+0000] {dag.py:3239} INFO - Sync 1 DAGs
[2025-01-05T23:52:47.450+0000] {logging_mixin.py:190} INFO - [2025-01-05T23:52:47.450+0000] {dag.py:4180} INFO - Setting next_dagrun for example_nested_branch_dag to 2025-01-04 00:00:00+00:00, run_after=2025-01-05 00:00:00+00:00
[2025-01-05T23:52:47.467+0000] {processor.py:208} INFO - Processing /home/airflow/.local/lib/python3.12/site-packages/airflow/example_dags/example_nested_branch_dag.py took 0.069 seconds
[2025-01-05T23:53:18.315+0000] {processor.py:186} INFO - Started process (PID=6643) to work on /home/airflow/.local/lib/python3.12/site-packages/airflow/example_dags/example_nested_branch_dag.py
[2025-01-05T23:53:18.316+0000] {processor.py:914} INFO - Processing file /home/airflow/.local/lib/python3.12/site-packages/airflow/example_dags/example_nested_branch_dag.py for tasks to queue
[2025-01-05T23:53:18.318+0000] {logging_mixin.py:190} INFO - [2025-01-05T23:53:18.318+0000] {dagbag.py:588} INFO - Filling up the DagBag from /home/airflow/.local/lib/python3.12/site-packages/airflow/example_dags/example_nested_branch_dag.py
[2025-01-05T23:53:18.327+0000] {processor.py:925} INFO - DAG(s) 'example_nested_branch_dag' retrieved from /home/airflow/.local/lib/python3.12/site-packages/airflow/example_dags/example_nested_branch_dag.py
[2025-01-05T23:53:18.343+0000] {logging_mixin.py:190} INFO - [2025-01-05T23:53:18.342+0000] {dag.py:3239} INFO - Sync 1 DAGs
[2025-01-05T23:53:18.360+0000] {logging_mixin.py:190} INFO - [2025-01-05T23:53:18.360+0000] {dag.py:4180} INFO - Setting next_dagrun for example_nested_branch_dag to 2025-01-04 00:00:00+00:00, run_after=2025-01-05 00:00:00+00:00
[2025-01-05T23:53:18.376+0000] {processor.py:208} INFO - Processing /home/airflow/.local/lib/python3.12/site-packages/airflow/example_dags/example_nested_branch_dag.py took 0.065 seconds
[2025-01-05T23:53:49.820+0000] {processor.py:186} INFO - Started process (PID=6939) to work on /home/airflow/.local/lib/python3.12/site-packages/airflow/example_dags/example_nested_branch_dag.py
[2025-01-05T23:53:49.820+0000] {processor.py:914} INFO - Processing file /home/airflow/.local/lib/python3.12/site-packages/airflow/example_dags/example_nested_branch_dag.py for tasks to queue
[2025-01-05T23:53:49.822+0000] {logging_mixin.py:190} INFO - [2025-01-05T23:53:49.822+0000] {dagbag.py:588} INFO - Filling up the DagBag from /home/airflow/.local/lib/python3.12/site-packages/airflow/example_dags/example_nested_branch_dag.py
[2025-01-05T23:53:49.831+0000] {processor.py:925} INFO - DAG(s) 'example_nested_branch_dag' retrieved from /home/airflow/.local/lib/python3.12/site-packages/airflow/example_dags/example_nested_branch_dag.py
[2025-01-05T23:53:49.848+0000] {logging_mixin.py:190} INFO - [2025-01-05T23:53:49.848+0000] {dag.py:3239} INFO - Sync 1 DAGs
[2025-01-05T23:53:49.866+0000] {logging_mixin.py:190} INFO - [2025-01-05T23:53:49.866+0000] {dag.py:4180} INFO - Setting next_dagrun for example_nested_branch_dag to 2025-01-04 00:00:00+00:00, run_after=2025-01-05 00:00:00+00:00
[2025-01-05T23:53:49.883+0000] {processor.py:208} INFO - Processing /home/airflow/.local/lib/python3.12/site-packages/airflow/example_dags/example_nested_branch_dag.py took 0.068 seconds
[2025-01-05T23:54:20.962+0000] {processor.py:186} INFO - Started process (PID=7235) to work on /home/airflow/.local/lib/python3.12/site-packages/airflow/example_dags/example_nested_branch_dag.py
[2025-01-05T23:54:20.963+0000] {processor.py:914} INFO - Processing file /home/airflow/.local/lib/python3.12/site-packages/airflow/example_dags/example_nested_branch_dag.py for tasks to queue
[2025-01-05T23:54:20.965+0000] {logging_mixin.py:190} INFO - [2025-01-05T23:54:20.965+0000] {dagbag.py:588} INFO - Filling up the DagBag from /home/airflow/.local/lib/python3.12/site-packages/airflow/example_dags/example_nested_branch_dag.py
[2025-01-05T23:54:20.975+0000] {processor.py:925} INFO - DAG(s) 'example_nested_branch_dag' retrieved from /home/airflow/.local/lib/python3.12/site-packages/airflow/example_dags/example_nested_branch_dag.py
[2025-01-05T23:54:20.991+0000] {logging_mixin.py:190} INFO - [2025-01-05T23:54:20.991+0000] {dag.py:3239} INFO - Sync 1 DAGs
[2025-01-05T23:54:21.010+0000] {logging_mixin.py:190} INFO - [2025-01-05T23:54:21.009+0000] {dag.py:4180} INFO - Setting next_dagrun for example_nested_branch_dag to 2025-01-04 00:00:00+00:00, run_after=2025-01-05 00:00:00+00:00
[2025-01-05T23:54:21.025+0000] {processor.py:208} INFO - Processing /home/airflow/.local/lib/python3.12/site-packages/airflow/example_dags/example_nested_branch_dag.py took 0.067 seconds
[2025-01-05T23:54:51.742+0000] {processor.py:186} INFO - Started process (PID=7531) to work on /home/airflow/.local/lib/python3.12/site-packages/airflow/example_dags/example_nested_branch_dag.py
[2025-01-05T23:54:51.743+0000] {processor.py:914} INFO - Processing file /home/airflow/.local/lib/python3.12/site-packages/airflow/example_dags/example_nested_branch_dag.py for tasks to queue
[2025-01-05T23:54:51.746+0000] {logging_mixin.py:190} INFO - [2025-01-05T23:54:51.745+0000] {dagbag.py:588} INFO - Filling up the DagBag from /home/airflow/.local/lib/python3.12/site-packages/airflow/example_dags/example_nested_branch_dag.py
[2025-01-05T23:54:51.756+0000] {processor.py:925} INFO - DAG(s) 'example_nested_branch_dag' retrieved from /home/airflow/.local/lib/python3.12/site-packages/airflow/example_dags/example_nested_branch_dag.py
[2025-01-05T23:54:51.775+0000] {logging_mixin.py:190} INFO - [2025-01-05T23:54:51.775+0000] {dag.py:3239} INFO - Sync 1 DAGs
[2025-01-05T23:54:51.794+0000] {logging_mixin.py:190} INFO - [2025-01-05T23:54:51.794+0000] {dag.py:4180} INFO - Setting next_dagrun for example_nested_branch_dag to 2025-01-04 00:00:00+00:00, run_after=2025-01-05 00:00:00+00:00
[2025-01-05T23:54:51.813+0000] {processor.py:208} INFO - Processing /home/airflow/.local/lib/python3.12/site-packages/airflow/example_dags/example_nested_branch_dag.py took 0.076 seconds
[2025-01-05T23:55:22.896+0000] {processor.py:186} INFO - Started process (PID=7833) to work on /home/airflow/.local/lib/python3.12/site-packages/airflow/example_dags/example_nested_branch_dag.py
[2025-01-05T23:55:22.897+0000] {processor.py:914} INFO - Processing file /home/airflow/.local/lib/python3.12/site-packages/airflow/example_dags/example_nested_branch_dag.py for tasks to queue
[2025-01-05T23:55:22.899+0000] {logging_mixin.py:190} INFO - [2025-01-05T23:55:22.899+0000] {dagbag.py:588} INFO - Filling up the DagBag from /home/airflow/.local/lib/python3.12/site-packages/airflow/example_dags/example_nested_branch_dag.py
[2025-01-05T23:55:22.909+0000] {processor.py:925} INFO - DAG(s) 'example_nested_branch_dag' retrieved from /home/airflow/.local/lib/python3.12/site-packages/airflow/example_dags/example_nested_branch_dag.py
[2025-01-05T23:55:22.935+0000] {logging_mixin.py:190} INFO - [2025-01-05T23:55:22.935+0000] {dag.py:3239} INFO - Sync 1 DAGs
[2025-01-05T23:55:22.956+0000] {logging_mixin.py:190} INFO - [2025-01-05T23:55:22.956+0000] {dag.py:4180} INFO - Setting next_dagrun for example_nested_branch_dag to 2025-01-04 00:00:00+00:00, run_after=2025-01-05 00:00:00+00:00
[2025-01-05T23:55:22.973+0000] {processor.py:208} INFO - Processing /home/airflow/.local/lib/python3.12/site-packages/airflow/example_dags/example_nested_branch_dag.py took 0.082 seconds
[2025-01-05T23:55:53.842+0000] {processor.py:186} INFO - Started process (PID=8131) to work on /home/airflow/.local/lib/python3.12/site-packages/airflow/example_dags/example_nested_branch_dag.py
[2025-01-05T23:55:53.843+0000] {processor.py:914} INFO - Processing file /home/airflow/.local/lib/python3.12/site-packages/airflow/example_dags/example_nested_branch_dag.py for tasks to queue
[2025-01-05T23:55:53.845+0000] {logging_mixin.py:190} INFO - [2025-01-05T23:55:53.845+0000] {dagbag.py:588} INFO - Filling up the DagBag from /home/airflow/.local/lib/python3.12/site-packages/airflow/example_dags/example_nested_branch_dag.py
[2025-01-05T23:55:53.856+0000] {processor.py:925} INFO - DAG(s) 'example_nested_branch_dag' retrieved from /home/airflow/.local/lib/python3.12/site-packages/airflow/example_dags/example_nested_branch_dag.py
[2025-01-05T23:55:53.872+0000] {logging_mixin.py:190} INFO - [2025-01-05T23:55:53.872+0000] {dag.py:3239} INFO - Sync 1 DAGs
[2025-01-05T23:55:53.890+0000] {logging_mixin.py:190} INFO - [2025-01-05T23:55:53.890+0000] {dag.py:4180} INFO - Setting next_dagrun for example_nested_branch_dag to 2025-01-04 00:00:00+00:00, run_after=2025-01-05 00:00:00+00:00
[2025-01-05T23:55:53.908+0000] {processor.py:208} INFO - Processing /home/airflow/.local/lib/python3.12/site-packages/airflow/example_dags/example_nested_branch_dag.py took 0.070 seconds
[2025-01-05T23:56:24.582+0000] {processor.py:186} INFO - Started process (PID=8425) to work on /home/airflow/.local/lib/python3.12/site-packages/airflow/example_dags/example_nested_branch_dag.py
[2025-01-05T23:56:24.583+0000] {processor.py:914} INFO - Processing file /home/airflow/.local/lib/python3.12/site-packages/airflow/example_dags/example_nested_branch_dag.py for tasks to queue
[2025-01-05T23:56:24.585+0000] {logging_mixin.py:190} INFO - [2025-01-05T23:56:24.584+0000] {dagbag.py:588} INFO - Filling up the DagBag from /home/airflow/.local/lib/python3.12/site-packages/airflow/example_dags/example_nested_branch_dag.py
[2025-01-05T23:56:24.593+0000] {processor.py:925} INFO - DAG(s) 'example_nested_branch_dag' retrieved from /home/airflow/.local/lib/python3.12/site-packages/airflow/example_dags/example_nested_branch_dag.py
[2025-01-05T23:56:24.612+0000] {logging_mixin.py:190} INFO - [2025-01-05T23:56:24.612+0000] {dag.py:3239} INFO - Sync 1 DAGs
[2025-01-05T23:56:24.635+0000] {logging_mixin.py:190} INFO - [2025-01-05T23:56:24.634+0000] {dag.py:4180} INFO - Setting next_dagrun for example_nested_branch_dag to 2025-01-04 00:00:00+00:00, run_after=2025-01-05 00:00:00+00:00
[2025-01-05T23:56:24.651+0000] {processor.py:208} INFO - Processing /home/airflow/.local/lib/python3.12/site-packages/airflow/example_dags/example_nested_branch_dag.py took 0.074 seconds
[2025-01-05T23:56:55.421+0000] {processor.py:186} INFO - Started process (PID=8722) to work on /home/airflow/.local/lib/python3.12/site-packages/airflow/example_dags/example_nested_branch_dag.py
[2025-01-05T23:56:55.422+0000] {processor.py:914} INFO - Processing file /home/airflow/.local/lib/python3.12/site-packages/airflow/example_dags/example_nested_branch_dag.py for tasks to queue
[2025-01-05T23:56:55.424+0000] {logging_mixin.py:190} INFO - [2025-01-05T23:56:55.424+0000] {dagbag.py:588} INFO - Filling up the DagBag from /home/airflow/.local/lib/python3.12/site-packages/airflow/example_dags/example_nested_branch_dag.py
[2025-01-05T23:56:55.435+0000] {processor.py:925} INFO - DAG(s) 'example_nested_branch_dag' retrieved from /home/airflow/.local/lib/python3.12/site-packages/airflow/example_dags/example_nested_branch_dag.py
[2025-01-05T23:56:55.451+0000] {logging_mixin.py:190} INFO - [2025-01-05T23:56:55.451+0000] {dag.py:3239} INFO - Sync 1 DAGs
[2025-01-05T23:56:55.469+0000] {logging_mixin.py:190} INFO - [2025-01-05T23:56:55.469+0000] {dag.py:4180} INFO - Setting next_dagrun for example_nested_branch_dag to 2025-01-04 00:00:00+00:00, run_after=2025-01-05 00:00:00+00:00
[2025-01-05T23:56:55.486+0000] {processor.py:208} INFO - Processing /home/airflow/.local/lib/python3.12/site-packages/airflow/example_dags/example_nested_branch_dag.py took 0.069 seconds
[2025-01-05T23:57:27.223+0000] {processor.py:186} INFO - Started process (PID=9017) to work on /home/airflow/.local/lib/python3.12/site-packages/airflow/example_dags/example_nested_branch_dag.py
[2025-01-05T23:57:27.225+0000] {processor.py:914} INFO - Processing file /home/airflow/.local/lib/python3.12/site-packages/airflow/example_dags/example_nested_branch_dag.py for tasks to queue
[2025-01-05T23:57:27.228+0000] {logging_mixin.py:190} INFO - [2025-01-05T23:57:27.228+0000] {dagbag.py:588} INFO - Filling up the DagBag from /home/airflow/.local/lib/python3.12/site-packages/airflow/example_dags/example_nested_branch_dag.py
[2025-01-05T23:57:27.242+0000] {processor.py:925} INFO - DAG(s) 'example_nested_branch_dag' retrieved from /home/airflow/.local/lib/python3.12/site-packages/airflow/example_dags/example_nested_branch_dag.py
[2025-01-05T23:57:27.262+0000] {logging_mixin.py:190} INFO - [2025-01-05T23:57:27.261+0000] {dag.py:3239} INFO - Sync 1 DAGs
[2025-01-05T23:57:27.284+0000] {logging_mixin.py:190} INFO - [2025-01-05T23:57:27.284+0000] {dag.py:4180} INFO - Setting next_dagrun for example_nested_branch_dag to 2025-01-04 00:00:00+00:00, run_after=2025-01-05 00:00:00+00:00
[2025-01-05T23:57:27.305+0000] {processor.py:208} INFO - Processing /home/airflow/.local/lib/python3.12/site-packages/airflow/example_dags/example_nested_branch_dag.py took 0.089 seconds
[2025-01-05T23:57:57.810+0000] {processor.py:186} INFO - Started process (PID=9313) to work on /home/airflow/.local/lib/python3.12/site-packages/airflow/example_dags/example_nested_branch_dag.py
[2025-01-05T23:57:57.811+0000] {processor.py:914} INFO - Processing file /home/airflow/.local/lib/python3.12/site-packages/airflow/example_dags/example_nested_branch_dag.py for tasks to queue
[2025-01-05T23:57:57.812+0000] {logging_mixin.py:190} INFO - [2025-01-05T23:57:57.812+0000] {dagbag.py:588} INFO - Filling up the DagBag from /home/airflow/.local/lib/python3.12/site-packages/airflow/example_dags/example_nested_branch_dag.py
[2025-01-05T23:57:57.822+0000] {processor.py:925} INFO - DAG(s) 'example_nested_branch_dag' retrieved from /home/airflow/.local/lib/python3.12/site-packages/airflow/example_dags/example_nested_branch_dag.py
[2025-01-05T23:57:57.838+0000] {logging_mixin.py:190} INFO - [2025-01-05T23:57:57.838+0000] {dag.py:3239} INFO - Sync 1 DAGs
[2025-01-05T23:57:57.857+0000] {logging_mixin.py:190} INFO - [2025-01-05T23:57:57.856+0000] {dag.py:4180} INFO - Setting next_dagrun for example_nested_branch_dag to 2025-01-04 00:00:00+00:00, run_after=2025-01-05 00:00:00+00:00
[2025-01-05T23:57:57.873+0000] {processor.py:208} INFO - Processing /home/airflow/.local/lib/python3.12/site-packages/airflow/example_dags/example_nested_branch_dag.py took 0.068 seconds
[2025-01-05T23:58:28.510+0000] {processor.py:186} INFO - Started process (PID=9609) to work on /home/airflow/.local/lib/python3.12/site-packages/airflow/example_dags/example_nested_branch_dag.py
[2025-01-05T23:58:28.511+0000] {processor.py:914} INFO - Processing file /home/airflow/.local/lib/python3.12/site-packages/airflow/example_dags/example_nested_branch_dag.py for tasks to queue
[2025-01-05T23:58:28.513+0000] {logging_mixin.py:190} INFO - [2025-01-05T23:58:28.512+0000] {dagbag.py:588} INFO - Filling up the DagBag from /home/airflow/.local/lib/python3.12/site-packages/airflow/example_dags/example_nested_branch_dag.py
[2025-01-05T23:58:28.522+0000] {processor.py:925} INFO - DAG(s) 'example_nested_branch_dag' retrieved from /home/airflow/.local/lib/python3.12/site-packages/airflow/example_dags/example_nested_branch_dag.py
[2025-01-05T23:58:28.541+0000] {logging_mixin.py:190} INFO - [2025-01-05T23:58:28.540+0000] {dag.py:3239} INFO - Sync 1 DAGs
[2025-01-05T23:58:28.560+0000] {logging_mixin.py:190} INFO - [2025-01-05T23:58:28.559+0000] {dag.py:4180} INFO - Setting next_dagrun for example_nested_branch_dag to 2025-01-04 00:00:00+00:00, run_after=2025-01-05 00:00:00+00:00
[2025-01-05T23:58:28.575+0000] {processor.py:208} INFO - Processing /home/airflow/.local/lib/python3.12/site-packages/airflow/example_dags/example_nested_branch_dag.py took 0.070 seconds
[2025-01-05T23:58:59.253+0000] {processor.py:186} INFO - Started process (PID=9905) to work on /home/airflow/.local/lib/python3.12/site-packages/airflow/example_dags/example_nested_branch_dag.py
[2025-01-05T23:58:59.254+0000] {processor.py:914} INFO - Processing file /home/airflow/.local/lib/python3.12/site-packages/airflow/example_dags/example_nested_branch_dag.py for tasks to queue
[2025-01-05T23:58:59.257+0000] {logging_mixin.py:190} INFO - [2025-01-05T23:58:59.256+0000] {dagbag.py:588} INFO - Filling up the DagBag from /home/airflow/.local/lib/python3.12/site-packages/airflow/example_dags/example_nested_branch_dag.py
[2025-01-05T23:58:59.266+0000] {processor.py:925} INFO - DAG(s) 'example_nested_branch_dag' retrieved from /home/airflow/.local/lib/python3.12/site-packages/airflow/example_dags/example_nested_branch_dag.py
[2025-01-05T23:58:59.287+0000] {logging_mixin.py:190} INFO - [2025-01-05T23:58:59.287+0000] {dag.py:3239} INFO - Sync 1 DAGs
[2025-01-05T23:58:59.307+0000] {logging_mixin.py:190} INFO - [2025-01-05T23:58:59.306+0000] {dag.py:4180} INFO - Setting next_dagrun for example_nested_branch_dag to 2025-01-04 00:00:00+00:00, run_after=2025-01-05 00:00:00+00:00
[2025-01-05T23:58:59.323+0000] {processor.py:208} INFO - Processing /home/airflow/.local/lib/python3.12/site-packages/airflow/example_dags/example_nested_branch_dag.py took 0.075 seconds
[2025-01-05T23:59:30.926+0000] {processor.py:186} INFO - Started process (PID=10204) to work on /home/airflow/.local/lib/python3.12/site-packages/airflow/example_dags/example_nested_branch_dag.py
[2025-01-05T23:59:30.927+0000] {processor.py:914} INFO - Processing file /home/airflow/.local/lib/python3.12/site-packages/airflow/example_dags/example_nested_branch_dag.py for tasks to queue
[2025-01-05T23:59:30.929+0000] {logging_mixin.py:190} INFO - [2025-01-05T23:59:30.929+0000] {dagbag.py:588} INFO - Filling up the DagBag from /home/airflow/.local/lib/python3.12/site-packages/airflow/example_dags/example_nested_branch_dag.py
[2025-01-05T23:59:30.938+0000] {processor.py:925} INFO - DAG(s) 'example_nested_branch_dag' retrieved from /home/airflow/.local/lib/python3.12/site-packages/airflow/example_dags/example_nested_branch_dag.py
[2025-01-05T23:59:30.955+0000] {logging_mixin.py:190} INFO - [2025-01-05T23:59:30.954+0000] {dag.py:3239} INFO - Sync 1 DAGs
[2025-01-05T23:59:30.974+0000] {logging_mixin.py:190} INFO - [2025-01-05T23:59:30.973+0000] {dag.py:4180} INFO - Setting next_dagrun for example_nested_branch_dag to 2025-01-04 00:00:00+00:00, run_after=2025-01-05 00:00:00+00:00
[2025-01-05T23:59:30.990+0000] {processor.py:208} INFO - Processing /home/airflow/.local/lib/python3.12/site-packages/airflow/example_dags/example_nested_branch_dag.py took 0.069 seconds
