[2025-01-05T23:42:28.415+0000] {processor.py:186} INFO - Started process (PID=392) to work on /home/airflow/.local/lib/python3.12/site-packages/airflow/example_dags/example_short_circuit_operator.py
[2025-01-05T23:42:28.417+0000] {processor.py:914} INFO - Processing file /home/airflow/.local/lib/python3.12/site-packages/airflow/example_dags/example_short_circuit_operator.py for tasks to queue
[2025-01-05T23:42:28.421+0000] {logging_mixin.py:190} INFO - [2025-01-05T23:42:28.420+0000] {dagbag.py:588} INFO - Filling up the DagBag from /home/airflow/.local/lib/python3.12/site-packages/airflow/example_dags/example_short_circuit_operator.py
[2025-01-05T23:42:28.432+0000] {processor.py:925} INFO - DAG(s) 'example_short_circuit_operator' retrieved from /home/airflow/.local/lib/python3.12/site-packages/airflow/example_dags/example_short_circuit_operator.py
[2025-01-05T23:42:28.462+0000] {logging_mixin.py:190} INFO - [2025-01-05T23:42:28.462+0000] {dag.py:3239} INFO - Sync 1 DAGs
[2025-01-05T23:42:28.480+0000] {logging_mixin.py:190} INFO - [2025-01-05T23:42:28.480+0000] {dag.py:4180} INFO - Setting next_dagrun for example_short_circuit_operator to None, run_after=None
[2025-01-05T23:42:28.506+0000] {processor.py:208} INFO - Processing /home/airflow/.local/lib/python3.12/site-packages/airflow/example_dags/example_short_circuit_operator.py took 0.103 seconds
[2025-01-05T23:42:59.746+0000] {processor.py:186} INFO - Started process (PID=688) to work on /home/airflow/.local/lib/python3.12/site-packages/airflow/example_dags/example_short_circuit_operator.py
[2025-01-05T23:42:59.748+0000] {processor.py:914} INFO - Processing file /home/airflow/.local/lib/python3.12/site-packages/airflow/example_dags/example_short_circuit_operator.py for tasks to queue
[2025-01-05T23:42:59.751+0000] {logging_mixin.py:190} INFO - [2025-01-05T23:42:59.751+0000] {dagbag.py:588} INFO - Filling up the DagBag from /home/airflow/.local/lib/python3.12/site-packages/airflow/example_dags/example_short_circuit_operator.py
[2025-01-05T23:42:59.762+0000] {processor.py:925} INFO - DAG(s) 'example_short_circuit_operator' retrieved from /home/airflow/.local/lib/python3.12/site-packages/airflow/example_dags/example_short_circuit_operator.py
[2025-01-05T23:42:59.798+0000] {logging_mixin.py:190} INFO - [2025-01-05T23:42:59.798+0000] {dag.py:3239} INFO - Sync 1 DAGs
[2025-01-05T23:42:59.814+0000] {logging_mixin.py:190} INFO - [2025-01-05T23:42:59.814+0000] {dag.py:4180} INFO - Setting next_dagrun for example_short_circuit_operator to None, run_after=None
[2025-01-05T23:42:59.834+0000] {processor.py:208} INFO - Processing /home/airflow/.local/lib/python3.12/site-packages/airflow/example_dags/example_short_circuit_operator.py took 0.094 seconds
[2025-01-05T23:43:31.432+0000] {processor.py:186} INFO - Started process (PID=986) to work on /home/airflow/.local/lib/python3.12/site-packages/airflow/example_dags/example_short_circuit_operator.py
[2025-01-05T23:43:31.433+0000] {processor.py:914} INFO - Processing file /home/airflow/.local/lib/python3.12/site-packages/airflow/example_dags/example_short_circuit_operator.py for tasks to queue
[2025-01-05T23:43:31.438+0000] {logging_mixin.py:190} INFO - [2025-01-05T23:43:31.438+0000] {dagbag.py:588} INFO - Filling up the DagBag from /home/airflow/.local/lib/python3.12/site-packages/airflow/example_dags/example_short_circuit_operator.py
[2025-01-05T23:43:31.468+0000] {processor.py:925} INFO - DAG(s) 'example_short_circuit_operator' retrieved from /home/airflow/.local/lib/python3.12/site-packages/airflow/example_dags/example_short_circuit_operator.py
[2025-01-05T23:43:31.544+0000] {logging_mixin.py:190} INFO - [2025-01-05T23:43:31.544+0000] {dag.py:3239} INFO - Sync 1 DAGs
[2025-01-05T23:43:31.594+0000] {logging_mixin.py:190} INFO - [2025-01-05T23:43:31.593+0000] {dag.py:4180} INFO - Setting next_dagrun for example_short_circuit_operator to None, run_after=None
[2025-01-05T23:43:31.705+0000] {processor.py:208} INFO - Processing /home/airflow/.local/lib/python3.12/site-packages/airflow/example_dags/example_short_circuit_operator.py took 0.291 seconds
[2025-01-05T23:44:01.939+0000] {processor.py:186} INFO - Started process (PID=1280) to work on /home/airflow/.local/lib/python3.12/site-packages/airflow/example_dags/example_short_circuit_operator.py
[2025-01-05T23:44:01.940+0000] {processor.py:914} INFO - Processing file /home/airflow/.local/lib/python3.12/site-packages/airflow/example_dags/example_short_circuit_operator.py for tasks to queue
[2025-01-05T23:44:01.942+0000] {logging_mixin.py:190} INFO - [2025-01-05T23:44:01.942+0000] {dagbag.py:588} INFO - Filling up the DagBag from /home/airflow/.local/lib/python3.12/site-packages/airflow/example_dags/example_short_circuit_operator.py
[2025-01-05T23:44:01.949+0000] {processor.py:925} INFO - DAG(s) 'example_short_circuit_operator' retrieved from /home/airflow/.local/lib/python3.12/site-packages/airflow/example_dags/example_short_circuit_operator.py
[2025-01-05T23:44:01.969+0000] {logging_mixin.py:190} INFO - [2025-01-05T23:44:01.969+0000] {dag.py:3239} INFO - Sync 1 DAGs
[2025-01-05T23:44:01.981+0000] {logging_mixin.py:190} INFO - [2025-01-05T23:44:01.981+0000] {dag.py:4180} INFO - Setting next_dagrun for example_short_circuit_operator to None, run_after=None
[2025-01-05T23:44:01.999+0000] {processor.py:208} INFO - Processing /home/airflow/.local/lib/python3.12/site-packages/airflow/example_dags/example_short_circuit_operator.py took 0.065 seconds
[2025-01-05T23:44:32.322+0000] {processor.py:186} INFO - Started process (PID=1576) to work on /home/airflow/.local/lib/python3.12/site-packages/airflow/example_dags/example_short_circuit_operator.py
[2025-01-05T23:44:32.323+0000] {processor.py:914} INFO - Processing file /home/airflow/.local/lib/python3.12/site-packages/airflow/example_dags/example_short_circuit_operator.py for tasks to queue
[2025-01-05T23:44:32.325+0000] {logging_mixin.py:190} INFO - [2025-01-05T23:44:32.325+0000] {dagbag.py:588} INFO - Filling up the DagBag from /home/airflow/.local/lib/python3.12/site-packages/airflow/example_dags/example_short_circuit_operator.py
[2025-01-05T23:44:32.333+0000] {processor.py:925} INFO - DAG(s) 'example_short_circuit_operator' retrieved from /home/airflow/.local/lib/python3.12/site-packages/airflow/example_dags/example_short_circuit_operator.py
[2025-01-05T23:44:32.352+0000] {logging_mixin.py:190} INFO - [2025-01-05T23:44:32.352+0000] {dag.py:3239} INFO - Sync 1 DAGs
[2025-01-05T23:44:32.365+0000] {logging_mixin.py:190} INFO - [2025-01-05T23:44:32.365+0000] {dag.py:4180} INFO - Setting next_dagrun for example_short_circuit_operator to None, run_after=None
[2025-01-05T23:44:32.380+0000] {processor.py:208} INFO - Processing /home/airflow/.local/lib/python3.12/site-packages/airflow/example_dags/example_short_circuit_operator.py took 0.063 seconds
[2025-01-05T23:45:03.396+0000] {processor.py:186} INFO - Started process (PID=1872) to work on /home/airflow/.local/lib/python3.12/site-packages/airflow/example_dags/example_short_circuit_operator.py
[2025-01-05T23:45:03.398+0000] {processor.py:914} INFO - Processing file /home/airflow/.local/lib/python3.12/site-packages/airflow/example_dags/example_short_circuit_operator.py for tasks to queue
[2025-01-05T23:45:03.400+0000] {logging_mixin.py:190} INFO - [2025-01-05T23:45:03.400+0000] {dagbag.py:588} INFO - Filling up the DagBag from /home/airflow/.local/lib/python3.12/site-packages/airflow/example_dags/example_short_circuit_operator.py
[2025-01-05T23:45:03.408+0000] {processor.py:925} INFO - DAG(s) 'example_short_circuit_operator' retrieved from /home/airflow/.local/lib/python3.12/site-packages/airflow/example_dags/example_short_circuit_operator.py
[2025-01-05T23:45:03.428+0000] {logging_mixin.py:190} INFO - [2025-01-05T23:45:03.428+0000] {dag.py:3239} INFO - Sync 1 DAGs
[2025-01-05T23:45:03.439+0000] {logging_mixin.py:190} INFO - [2025-01-05T23:45:03.439+0000] {dag.py:4180} INFO - Setting next_dagrun for example_short_circuit_operator to None, run_after=None
[2025-01-05T23:45:03.456+0000] {processor.py:208} INFO - Processing /home/airflow/.local/lib/python3.12/site-packages/airflow/example_dags/example_short_circuit_operator.py took 0.064 seconds
[2025-01-05T23:45:34.023+0000] {processor.py:186} INFO - Started process (PID=2168) to work on /home/airflow/.local/lib/python3.12/site-packages/airflow/example_dags/example_short_circuit_operator.py
[2025-01-05T23:45:34.024+0000] {processor.py:914} INFO - Processing file /home/airflow/.local/lib/python3.12/site-packages/airflow/example_dags/example_short_circuit_operator.py for tasks to queue
[2025-01-05T23:45:34.026+0000] {logging_mixin.py:190} INFO - [2025-01-05T23:45:34.025+0000] {dagbag.py:588} INFO - Filling up the DagBag from /home/airflow/.local/lib/python3.12/site-packages/airflow/example_dags/example_short_circuit_operator.py
[2025-01-05T23:45:34.032+0000] {processor.py:925} INFO - DAG(s) 'example_short_circuit_operator' retrieved from /home/airflow/.local/lib/python3.12/site-packages/airflow/example_dags/example_short_circuit_operator.py
[2025-01-05T23:45:34.049+0000] {logging_mixin.py:190} INFO - [2025-01-05T23:45:34.049+0000] {dag.py:3239} INFO - Sync 1 DAGs
[2025-01-05T23:45:34.061+0000] {logging_mixin.py:190} INFO - [2025-01-05T23:45:34.061+0000] {dag.py:4180} INFO - Setting next_dagrun for example_short_circuit_operator to None, run_after=None
[2025-01-05T23:45:34.078+0000] {processor.py:208} INFO - Processing /home/airflow/.local/lib/python3.12/site-packages/airflow/example_dags/example_short_circuit_operator.py took 0.060 seconds
[2025-01-05T23:46:05.303+0000] {processor.py:186} INFO - Started process (PID=2464) to work on /home/airflow/.local/lib/python3.12/site-packages/airflow/example_dags/example_short_circuit_operator.py
[2025-01-05T23:46:05.304+0000] {processor.py:914} INFO - Processing file /home/airflow/.local/lib/python3.12/site-packages/airflow/example_dags/example_short_circuit_operator.py for tasks to queue
[2025-01-05T23:46:05.306+0000] {logging_mixin.py:190} INFO - [2025-01-05T23:46:05.306+0000] {dagbag.py:588} INFO - Filling up the DagBag from /home/airflow/.local/lib/python3.12/site-packages/airflow/example_dags/example_short_circuit_operator.py
[2025-01-05T23:46:05.314+0000] {processor.py:925} INFO - DAG(s) 'example_short_circuit_operator' retrieved from /home/airflow/.local/lib/python3.12/site-packages/airflow/example_dags/example_short_circuit_operator.py
[2025-01-05T23:46:05.335+0000] {logging_mixin.py:190} INFO - [2025-01-05T23:46:05.335+0000] {dag.py:3239} INFO - Sync 1 DAGs
[2025-01-05T23:46:05.352+0000] {logging_mixin.py:190} INFO - [2025-01-05T23:46:05.351+0000] {dag.py:4180} INFO - Setting next_dagrun for example_short_circuit_operator to None, run_after=None
[2025-01-05T23:46:05.371+0000] {processor.py:208} INFO - Processing /home/airflow/.local/lib/python3.12/site-packages/airflow/example_dags/example_short_circuit_operator.py took 0.073 seconds
[2025-01-05T23:46:36.368+0000] {processor.py:186} INFO - Started process (PID=2760) to work on /home/airflow/.local/lib/python3.12/site-packages/airflow/example_dags/example_short_circuit_operator.py
[2025-01-05T23:46:36.369+0000] {processor.py:914} INFO - Processing file /home/airflow/.local/lib/python3.12/site-packages/airflow/example_dags/example_short_circuit_operator.py for tasks to queue
[2025-01-05T23:46:36.371+0000] {logging_mixin.py:190} INFO - [2025-01-05T23:46:36.371+0000] {dagbag.py:588} INFO - Filling up the DagBag from /home/airflow/.local/lib/python3.12/site-packages/airflow/example_dags/example_short_circuit_operator.py
[2025-01-05T23:46:36.380+0000] {processor.py:925} INFO - DAG(s) 'example_short_circuit_operator' retrieved from /home/airflow/.local/lib/python3.12/site-packages/airflow/example_dags/example_short_circuit_operator.py
[2025-01-05T23:46:36.403+0000] {logging_mixin.py:190} INFO - [2025-01-05T23:46:36.403+0000] {dag.py:3239} INFO - Sync 1 DAGs
[2025-01-05T23:46:36.416+0000] {logging_mixin.py:190} INFO - [2025-01-05T23:46:36.416+0000] {dag.py:4180} INFO - Setting next_dagrun for example_short_circuit_operator to None, run_after=None
[2025-01-05T23:46:36.433+0000] {processor.py:208} INFO - Processing /home/airflow/.local/lib/python3.12/site-packages/airflow/example_dags/example_short_circuit_operator.py took 0.071 seconds
[2025-01-05T23:47:07.424+0000] {processor.py:186} INFO - Started process (PID=3056) to work on /home/airflow/.local/lib/python3.12/site-packages/airflow/example_dags/example_short_circuit_operator.py
[2025-01-05T23:47:07.425+0000] {processor.py:914} INFO - Processing file /home/airflow/.local/lib/python3.12/site-packages/airflow/example_dags/example_short_circuit_operator.py for tasks to queue
[2025-01-05T23:47:07.427+0000] {logging_mixin.py:190} INFO - [2025-01-05T23:47:07.427+0000] {dagbag.py:588} INFO - Filling up the DagBag from /home/airflow/.local/lib/python3.12/site-packages/airflow/example_dags/example_short_circuit_operator.py
[2025-01-05T23:47:07.434+0000] {processor.py:925} INFO - DAG(s) 'example_short_circuit_operator' retrieved from /home/airflow/.local/lib/python3.12/site-packages/airflow/example_dags/example_short_circuit_operator.py
[2025-01-05T23:47:07.454+0000] {logging_mixin.py:190} INFO - [2025-01-05T23:47:07.454+0000] {dag.py:3239} INFO - Sync 1 DAGs
[2025-01-05T23:47:07.466+0000] {logging_mixin.py:190} INFO - [2025-01-05T23:47:07.466+0000] {dag.py:4180} INFO - Setting next_dagrun for example_short_circuit_operator to None, run_after=None
[2025-01-05T23:47:07.484+0000] {processor.py:208} INFO - Processing /home/airflow/.local/lib/python3.12/site-packages/airflow/example_dags/example_short_circuit_operator.py took 0.065 seconds
[2025-01-05T23:47:38.180+0000] {processor.py:186} INFO - Started process (PID=3352) to work on /home/airflow/.local/lib/python3.12/site-packages/airflow/example_dags/example_short_circuit_operator.py
[2025-01-05T23:47:38.181+0000] {processor.py:914} INFO - Processing file /home/airflow/.local/lib/python3.12/site-packages/airflow/example_dags/example_short_circuit_operator.py for tasks to queue
[2025-01-05T23:47:38.184+0000] {logging_mixin.py:190} INFO - [2025-01-05T23:47:38.184+0000] {dagbag.py:588} INFO - Filling up the DagBag from /home/airflow/.local/lib/python3.12/site-packages/airflow/example_dags/example_short_circuit_operator.py
[2025-01-05T23:47:38.191+0000] {processor.py:925} INFO - DAG(s) 'example_short_circuit_operator' retrieved from /home/airflow/.local/lib/python3.12/site-packages/airflow/example_dags/example_short_circuit_operator.py
[2025-01-05T23:47:38.213+0000] {logging_mixin.py:190} INFO - [2025-01-05T23:47:38.213+0000] {dag.py:3239} INFO - Sync 1 DAGs
[2025-01-05T23:47:38.230+0000] {logging_mixin.py:190} INFO - [2025-01-05T23:47:38.230+0000] {dag.py:4180} INFO - Setting next_dagrun for example_short_circuit_operator to None, run_after=None
[2025-01-05T23:47:38.256+0000] {processor.py:208} INFO - Processing /home/airflow/.local/lib/python3.12/site-packages/airflow/example_dags/example_short_circuit_operator.py took 0.081 seconds
[2025-01-05T23:48:08.866+0000] {processor.py:186} INFO - Started process (PID=3648) to work on /home/airflow/.local/lib/python3.12/site-packages/airflow/example_dags/example_short_circuit_operator.py
[2025-01-05T23:48:08.867+0000] {processor.py:914} INFO - Processing file /home/airflow/.local/lib/python3.12/site-packages/airflow/example_dags/example_short_circuit_operator.py for tasks to queue
[2025-01-05T23:48:08.870+0000] {logging_mixin.py:190} INFO - [2025-01-05T23:48:08.869+0000] {dagbag.py:588} INFO - Filling up the DagBag from /home/airflow/.local/lib/python3.12/site-packages/airflow/example_dags/example_short_circuit_operator.py
[2025-01-05T23:48:08.880+0000] {processor.py:925} INFO - DAG(s) 'example_short_circuit_operator' retrieved from /home/airflow/.local/lib/python3.12/site-packages/airflow/example_dags/example_short_circuit_operator.py
[2025-01-05T23:48:08.901+0000] {logging_mixin.py:190} INFO - [2025-01-05T23:48:08.901+0000] {dag.py:3239} INFO - Sync 1 DAGs
[2025-01-05T23:48:08.914+0000] {logging_mixin.py:190} INFO - [2025-01-05T23:48:08.914+0000] {dag.py:4180} INFO - Setting next_dagrun for example_short_circuit_operator to None, run_after=None
[2025-01-05T23:48:08.931+0000] {processor.py:208} INFO - Processing /home/airflow/.local/lib/python3.12/site-packages/airflow/example_dags/example_short_circuit_operator.py took 0.070 seconds
[2025-01-05T23:48:39.776+0000] {processor.py:186} INFO - Started process (PID=3946) to work on /home/airflow/.local/lib/python3.12/site-packages/airflow/example_dags/example_short_circuit_operator.py
[2025-01-05T23:48:39.777+0000] {processor.py:914} INFO - Processing file /home/airflow/.local/lib/python3.12/site-packages/airflow/example_dags/example_short_circuit_operator.py for tasks to queue
[2025-01-05T23:48:39.778+0000] {logging_mixin.py:190} INFO - [2025-01-05T23:48:39.778+0000] {dagbag.py:588} INFO - Filling up the DagBag from /home/airflow/.local/lib/python3.12/site-packages/airflow/example_dags/example_short_circuit_operator.py
[2025-01-05T23:48:39.785+0000] {processor.py:925} INFO - DAG(s) 'example_short_circuit_operator' retrieved from /home/airflow/.local/lib/python3.12/site-packages/airflow/example_dags/example_short_circuit_operator.py
[2025-01-05T23:48:39.805+0000] {logging_mixin.py:190} INFO - [2025-01-05T23:48:39.805+0000] {dag.py:3239} INFO - Sync 1 DAGs
[2025-01-05T23:48:39.816+0000] {logging_mixin.py:190} INFO - [2025-01-05T23:48:39.816+0000] {dag.py:4180} INFO - Setting next_dagrun for example_short_circuit_operator to None, run_after=None
[2025-01-05T23:48:39.832+0000] {processor.py:208} INFO - Processing /home/airflow/.local/lib/python3.12/site-packages/airflow/example_dags/example_short_circuit_operator.py took 0.060 seconds
[2025-01-05T23:49:10.510+0000] {processor.py:186} INFO - Started process (PID=4242) to work on /home/airflow/.local/lib/python3.12/site-packages/airflow/example_dags/example_short_circuit_operator.py
[2025-01-05T23:49:10.511+0000] {processor.py:914} INFO - Processing file /home/airflow/.local/lib/python3.12/site-packages/airflow/example_dags/example_short_circuit_operator.py for tasks to queue
[2025-01-05T23:49:10.513+0000] {logging_mixin.py:190} INFO - [2025-01-05T23:49:10.512+0000] {dagbag.py:588} INFO - Filling up the DagBag from /home/airflow/.local/lib/python3.12/site-packages/airflow/example_dags/example_short_circuit_operator.py
[2025-01-05T23:49:10.519+0000] {processor.py:925} INFO - DAG(s) 'example_short_circuit_operator' retrieved from /home/airflow/.local/lib/python3.12/site-packages/airflow/example_dags/example_short_circuit_operator.py
[2025-01-05T23:49:10.539+0000] {logging_mixin.py:190} INFO - [2025-01-05T23:49:10.539+0000] {dag.py:3239} INFO - Sync 1 DAGs
[2025-01-05T23:49:10.550+0000] {logging_mixin.py:190} INFO - [2025-01-05T23:49:10.550+0000] {dag.py:4180} INFO - Setting next_dagrun for example_short_circuit_operator to None, run_after=None
[2025-01-05T23:49:10.566+0000] {processor.py:208} INFO - Processing /home/airflow/.local/lib/python3.12/site-packages/airflow/example_dags/example_short_circuit_operator.py took 0.060 seconds
[2025-01-05T23:49:41.318+0000] {processor.py:186} INFO - Started process (PID=4536) to work on /home/airflow/.local/lib/python3.12/site-packages/airflow/example_dags/example_short_circuit_operator.py
[2025-01-05T23:49:41.320+0000] {processor.py:914} INFO - Processing file /home/airflow/.local/lib/python3.12/site-packages/airflow/example_dags/example_short_circuit_operator.py for tasks to queue
[2025-01-05T23:49:41.322+0000] {logging_mixin.py:190} INFO - [2025-01-05T23:49:41.321+0000] {dagbag.py:588} INFO - Filling up the DagBag from /home/airflow/.local/lib/python3.12/site-packages/airflow/example_dags/example_short_circuit_operator.py
[2025-01-05T23:49:41.329+0000] {processor.py:925} INFO - DAG(s) 'example_short_circuit_operator' retrieved from /home/airflow/.local/lib/python3.12/site-packages/airflow/example_dags/example_short_circuit_operator.py
[2025-01-05T23:49:41.348+0000] {logging_mixin.py:190} INFO - [2025-01-05T23:49:41.348+0000] {dag.py:3239} INFO - Sync 1 DAGs
[2025-01-05T23:49:41.360+0000] {logging_mixin.py:190} INFO - [2025-01-05T23:49:41.360+0000] {dag.py:4180} INFO - Setting next_dagrun for example_short_circuit_operator to None, run_after=None
[2025-01-05T23:49:41.378+0000] {processor.py:208} INFO - Processing /home/airflow/.local/lib/python3.12/site-packages/airflow/example_dags/example_short_circuit_operator.py took 0.064 seconds
[2025-01-05T23:50:12.231+0000] {processor.py:186} INFO - Started process (PID=4832) to work on /home/airflow/.local/lib/python3.12/site-packages/airflow/example_dags/example_short_circuit_operator.py
[2025-01-05T23:50:12.232+0000] {processor.py:914} INFO - Processing file /home/airflow/.local/lib/python3.12/site-packages/airflow/example_dags/example_short_circuit_operator.py for tasks to queue
[2025-01-05T23:50:12.235+0000] {logging_mixin.py:190} INFO - [2025-01-05T23:50:12.235+0000] {dagbag.py:588} INFO - Filling up the DagBag from /home/airflow/.local/lib/python3.12/site-packages/airflow/example_dags/example_short_circuit_operator.py
[2025-01-05T23:50:12.244+0000] {processor.py:925} INFO - DAG(s) 'example_short_circuit_operator' retrieved from /home/airflow/.local/lib/python3.12/site-packages/airflow/example_dags/example_short_circuit_operator.py
[2025-01-05T23:50:12.266+0000] {logging_mixin.py:190} INFO - [2025-01-05T23:50:12.266+0000] {dag.py:3239} INFO - Sync 1 DAGs
[2025-01-05T23:50:12.282+0000] {logging_mixin.py:190} INFO - [2025-01-05T23:50:12.281+0000] {dag.py:4180} INFO - Setting next_dagrun for example_short_circuit_operator to None, run_after=None
[2025-01-05T23:50:12.304+0000] {processor.py:208} INFO - Processing /home/airflow/.local/lib/python3.12/site-packages/airflow/example_dags/example_short_circuit_operator.py took 0.079 seconds
[2025-01-05T23:50:43.254+0000] {processor.py:186} INFO - Started process (PID=5128) to work on /home/airflow/.local/lib/python3.12/site-packages/airflow/example_dags/example_short_circuit_operator.py
[2025-01-05T23:50:43.255+0000] {processor.py:914} INFO - Processing file /home/airflow/.local/lib/python3.12/site-packages/airflow/example_dags/example_short_circuit_operator.py for tasks to queue
[2025-01-05T23:50:43.257+0000] {logging_mixin.py:190} INFO - [2025-01-05T23:50:43.257+0000] {dagbag.py:588} INFO - Filling up the DagBag from /home/airflow/.local/lib/python3.12/site-packages/airflow/example_dags/example_short_circuit_operator.py
[2025-01-05T23:50:43.264+0000] {processor.py:925} INFO - DAG(s) 'example_short_circuit_operator' retrieved from /home/airflow/.local/lib/python3.12/site-packages/airflow/example_dags/example_short_circuit_operator.py
[2025-01-05T23:50:43.284+0000] {logging_mixin.py:190} INFO - [2025-01-05T23:50:43.284+0000] {dag.py:3239} INFO - Sync 1 DAGs
[2025-01-05T23:50:43.296+0000] {logging_mixin.py:190} INFO - [2025-01-05T23:50:43.296+0000] {dag.py:4180} INFO - Setting next_dagrun for example_short_circuit_operator to None, run_after=None
[2025-01-05T23:50:43.314+0000] {processor.py:208} INFO - Processing /home/airflow/.local/lib/python3.12/site-packages/airflow/example_dags/example_short_circuit_operator.py took 0.064 seconds
[2025-01-05T23:51:14.116+0000] {processor.py:186} INFO - Started process (PID=5426) to work on /home/airflow/.local/lib/python3.12/site-packages/airflow/example_dags/example_short_circuit_operator.py
[2025-01-05T23:51:14.117+0000] {processor.py:914} INFO - Processing file /home/airflow/.local/lib/python3.12/site-packages/airflow/example_dags/example_short_circuit_operator.py for tasks to queue
[2025-01-05T23:51:14.119+0000] {logging_mixin.py:190} INFO - [2025-01-05T23:51:14.119+0000] {dagbag.py:588} INFO - Filling up the DagBag from /home/airflow/.local/lib/python3.12/site-packages/airflow/example_dags/example_short_circuit_operator.py
[2025-01-05T23:51:14.128+0000] {processor.py:925} INFO - DAG(s) 'example_short_circuit_operator' retrieved from /home/airflow/.local/lib/python3.12/site-packages/airflow/example_dags/example_short_circuit_operator.py
[2025-01-05T23:51:14.146+0000] {logging_mixin.py:190} INFO - [2025-01-05T23:51:14.146+0000] {dag.py:3239} INFO - Sync 1 DAGs
[2025-01-05T23:51:14.159+0000] {logging_mixin.py:190} INFO - [2025-01-05T23:51:14.158+0000] {dag.py:4180} INFO - Setting next_dagrun for example_short_circuit_operator to None, run_after=None
[2025-01-05T23:51:14.177+0000] {processor.py:208} INFO - Processing /home/airflow/.local/lib/python3.12/site-packages/airflow/example_dags/example_short_circuit_operator.py took 0.066 seconds
[2025-01-05T23:51:44.951+0000] {processor.py:186} INFO - Started process (PID=5720) to work on /home/airflow/.local/lib/python3.12/site-packages/airflow/example_dags/example_short_circuit_operator.py
[2025-01-05T23:51:44.952+0000] {processor.py:914} INFO - Processing file /home/airflow/.local/lib/python3.12/site-packages/airflow/example_dags/example_short_circuit_operator.py for tasks to queue
[2025-01-05T23:51:44.954+0000] {logging_mixin.py:190} INFO - [2025-01-05T23:51:44.954+0000] {dagbag.py:588} INFO - Filling up the DagBag from /home/airflow/.local/lib/python3.12/site-packages/airflow/example_dags/example_short_circuit_operator.py
[2025-01-05T23:51:44.961+0000] {processor.py:925} INFO - DAG(s) 'example_short_circuit_operator' retrieved from /home/airflow/.local/lib/python3.12/site-packages/airflow/example_dags/example_short_circuit_operator.py
[2025-01-05T23:51:44.979+0000] {logging_mixin.py:190} INFO - [2025-01-05T23:51:44.979+0000] {dag.py:3239} INFO - Sync 1 DAGs
[2025-01-05T23:51:44.990+0000] {logging_mixin.py:190} INFO - [2025-01-05T23:51:44.989+0000] {dag.py:4180} INFO - Setting next_dagrun for example_short_circuit_operator to None, run_after=None
[2025-01-05T23:51:45.009+0000] {processor.py:208} INFO - Processing /home/airflow/.local/lib/python3.12/site-packages/airflow/example_dags/example_short_circuit_operator.py took 0.063 seconds
[2025-01-05T23:52:16.063+0000] {processor.py:186} INFO - Started process (PID=6016) to work on /home/airflow/.local/lib/python3.12/site-packages/airflow/example_dags/example_short_circuit_operator.py
[2025-01-05T23:52:16.064+0000] {processor.py:914} INFO - Processing file /home/airflow/.local/lib/python3.12/site-packages/airflow/example_dags/example_short_circuit_operator.py for tasks to queue
[2025-01-05T23:52:16.066+0000] {logging_mixin.py:190} INFO - [2025-01-05T23:52:16.066+0000] {dagbag.py:588} INFO - Filling up the DagBag from /home/airflow/.local/lib/python3.12/site-packages/airflow/example_dags/example_short_circuit_operator.py
[2025-01-05T23:52:16.073+0000] {processor.py:925} INFO - DAG(s) 'example_short_circuit_operator' retrieved from /home/airflow/.local/lib/python3.12/site-packages/airflow/example_dags/example_short_circuit_operator.py
[2025-01-05T23:52:16.091+0000] {logging_mixin.py:190} INFO - [2025-01-05T23:52:16.091+0000] {dag.py:3239} INFO - Sync 1 DAGs
[2025-01-05T23:52:16.102+0000] {logging_mixin.py:190} INFO - [2025-01-05T23:52:16.102+0000] {dag.py:4180} INFO - Setting next_dagrun for example_short_circuit_operator to None, run_after=None
[2025-01-05T23:52:16.119+0000] {processor.py:208} INFO - Processing /home/airflow/.local/lib/python3.12/site-packages/airflow/example_dags/example_short_circuit_operator.py took 0.061 seconds
[2025-01-05T23:52:46.927+0000] {processor.py:186} INFO - Started process (PID=6312) to work on /home/airflow/.local/lib/python3.12/site-packages/airflow/example_dags/example_short_circuit_operator.py
[2025-01-05T23:52:46.928+0000] {processor.py:914} INFO - Processing file /home/airflow/.local/lib/python3.12/site-packages/airflow/example_dags/example_short_circuit_operator.py for tasks to queue
[2025-01-05T23:52:46.930+0000] {logging_mixin.py:190} INFO - [2025-01-05T23:52:46.930+0000] {dagbag.py:588} INFO - Filling up the DagBag from /home/airflow/.local/lib/python3.12/site-packages/airflow/example_dags/example_short_circuit_operator.py
[2025-01-05T23:52:46.937+0000] {processor.py:925} INFO - DAG(s) 'example_short_circuit_operator' retrieved from /home/airflow/.local/lib/python3.12/site-packages/airflow/example_dags/example_short_circuit_operator.py
[2025-01-05T23:52:46.954+0000] {logging_mixin.py:190} INFO - [2025-01-05T23:52:46.954+0000] {dag.py:3239} INFO - Sync 1 DAGs
[2025-01-05T23:52:46.965+0000] {logging_mixin.py:190} INFO - [2025-01-05T23:52:46.965+0000] {dag.py:4180} INFO - Setting next_dagrun for example_short_circuit_operator to None, run_after=None
[2025-01-05T23:52:46.984+0000] {processor.py:208} INFO - Processing /home/airflow/.local/lib/python3.12/site-packages/airflow/example_dags/example_short_circuit_operator.py took 0.061 seconds
[2025-01-05T23:53:17.840+0000] {processor.py:186} INFO - Started process (PID=6608) to work on /home/airflow/.local/lib/python3.12/site-packages/airflow/example_dags/example_short_circuit_operator.py
[2025-01-05T23:53:17.841+0000] {processor.py:914} INFO - Processing file /home/airflow/.local/lib/python3.12/site-packages/airflow/example_dags/example_short_circuit_operator.py for tasks to queue
[2025-01-05T23:53:17.843+0000] {logging_mixin.py:190} INFO - [2025-01-05T23:53:17.843+0000] {dagbag.py:588} INFO - Filling up the DagBag from /home/airflow/.local/lib/python3.12/site-packages/airflow/example_dags/example_short_circuit_operator.py
[2025-01-05T23:53:17.850+0000] {processor.py:925} INFO - DAG(s) 'example_short_circuit_operator' retrieved from /home/airflow/.local/lib/python3.12/site-packages/airflow/example_dags/example_short_circuit_operator.py
[2025-01-05T23:53:17.872+0000] {logging_mixin.py:190} INFO - [2025-01-05T23:53:17.872+0000] {dag.py:3239} INFO - Sync 1 DAGs
[2025-01-05T23:53:17.883+0000] {logging_mixin.py:190} INFO - [2025-01-05T23:53:17.883+0000] {dag.py:4180} INFO - Setting next_dagrun for example_short_circuit_operator to None, run_after=None
[2025-01-05T23:53:17.902+0000] {processor.py:208} INFO - Processing /home/airflow/.local/lib/python3.12/site-packages/airflow/example_dags/example_short_circuit_operator.py took 0.067 seconds
[2025-01-05T23:53:49.373+0000] {processor.py:186} INFO - Started process (PID=6906) to work on /home/airflow/.local/lib/python3.12/site-packages/airflow/example_dags/example_short_circuit_operator.py
[2025-01-05T23:53:49.374+0000] {processor.py:914} INFO - Processing file /home/airflow/.local/lib/python3.12/site-packages/airflow/example_dags/example_short_circuit_operator.py for tasks to queue
[2025-01-05T23:53:49.376+0000] {logging_mixin.py:190} INFO - [2025-01-05T23:53:49.376+0000] {dagbag.py:588} INFO - Filling up the DagBag from /home/airflow/.local/lib/python3.12/site-packages/airflow/example_dags/example_short_circuit_operator.py
[2025-01-05T23:53:49.383+0000] {processor.py:925} INFO - DAG(s) 'example_short_circuit_operator' retrieved from /home/airflow/.local/lib/python3.12/site-packages/airflow/example_dags/example_short_circuit_operator.py
[2025-01-05T23:53:49.410+0000] {logging_mixin.py:190} INFO - [2025-01-05T23:53:49.410+0000] {dag.py:3239} INFO - Sync 1 DAGs
[2025-01-05T23:53:49.422+0000] {logging_mixin.py:190} INFO - [2025-01-05T23:53:49.422+0000] {dag.py:4180} INFO - Setting next_dagrun for example_short_circuit_operator to None, run_after=None
[2025-01-05T23:53:49.455+0000] {processor.py:208} INFO - Processing /home/airflow/.local/lib/python3.12/site-packages/airflow/example_dags/example_short_circuit_operator.py took 0.087 seconds
[2025-01-05T23:54:20.589+0000] {processor.py:186} INFO - Started process (PID=7200) to work on /home/airflow/.local/lib/python3.12/site-packages/airflow/example_dags/example_short_circuit_operator.py
[2025-01-05T23:54:20.590+0000] {processor.py:914} INFO - Processing file /home/airflow/.local/lib/python3.12/site-packages/airflow/example_dags/example_short_circuit_operator.py for tasks to queue
[2025-01-05T23:54:20.593+0000] {logging_mixin.py:190} INFO - [2025-01-05T23:54:20.593+0000] {dagbag.py:588} INFO - Filling up the DagBag from /home/airflow/.local/lib/python3.12/site-packages/airflow/example_dags/example_short_circuit_operator.py
[2025-01-05T23:54:20.602+0000] {processor.py:925} INFO - DAG(s) 'example_short_circuit_operator' retrieved from /home/airflow/.local/lib/python3.12/site-packages/airflow/example_dags/example_short_circuit_operator.py
[2025-01-05T23:54:20.622+0000] {logging_mixin.py:190} INFO - [2025-01-05T23:54:20.622+0000] {dag.py:3239} INFO - Sync 1 DAGs
[2025-01-05T23:54:20.634+0000] {logging_mixin.py:190} INFO - [2025-01-05T23:54:20.633+0000] {dag.py:4180} INFO - Setting next_dagrun for example_short_circuit_operator to None, run_after=None
[2025-01-05T23:54:20.650+0000] {processor.py:208} INFO - Processing /home/airflow/.local/lib/python3.12/site-packages/airflow/example_dags/example_short_circuit_operator.py took 0.067 seconds
[2025-01-05T23:54:51.394+0000] {processor.py:186} INFO - Started process (PID=7496) to work on /home/airflow/.local/lib/python3.12/site-packages/airflow/example_dags/example_short_circuit_operator.py
[2025-01-05T23:54:51.395+0000] {processor.py:914} INFO - Processing file /home/airflow/.local/lib/python3.12/site-packages/airflow/example_dags/example_short_circuit_operator.py for tasks to queue
[2025-01-05T23:54:51.396+0000] {logging_mixin.py:190} INFO - [2025-01-05T23:54:51.396+0000] {dagbag.py:588} INFO - Filling up the DagBag from /home/airflow/.local/lib/python3.12/site-packages/airflow/example_dags/example_short_circuit_operator.py
[2025-01-05T23:54:51.403+0000] {processor.py:925} INFO - DAG(s) 'example_short_circuit_operator' retrieved from /home/airflow/.local/lib/python3.12/site-packages/airflow/example_dags/example_short_circuit_operator.py
[2025-01-05T23:54:51.420+0000] {logging_mixin.py:190} INFO - [2025-01-05T23:54:51.420+0000] {dag.py:3239} INFO - Sync 1 DAGs
[2025-01-05T23:54:51.431+0000] {logging_mixin.py:190} INFO - [2025-01-05T23:54:51.431+0000] {dag.py:4180} INFO - Setting next_dagrun for example_short_circuit_operator to None, run_after=None
[2025-01-05T23:54:51.444+0000] {processor.py:208} INFO - Processing /home/airflow/.local/lib/python3.12/site-packages/airflow/example_dags/example_short_circuit_operator.py took 0.056 seconds
[2025-01-05T23:55:22.557+0000] {processor.py:186} INFO - Started process (PID=7798) to work on /home/airflow/.local/lib/python3.12/site-packages/airflow/example_dags/example_short_circuit_operator.py
[2025-01-05T23:55:22.558+0000] {processor.py:914} INFO - Processing file /home/airflow/.local/lib/python3.12/site-packages/airflow/example_dags/example_short_circuit_operator.py for tasks to queue
[2025-01-05T23:55:22.560+0000] {logging_mixin.py:190} INFO - [2025-01-05T23:55:22.560+0000] {dagbag.py:588} INFO - Filling up the DagBag from /home/airflow/.local/lib/python3.12/site-packages/airflow/example_dags/example_short_circuit_operator.py
[2025-01-05T23:55:22.567+0000] {processor.py:925} INFO - DAG(s) 'example_short_circuit_operator' retrieved from /home/airflow/.local/lib/python3.12/site-packages/airflow/example_dags/example_short_circuit_operator.py
[2025-01-05T23:55:22.586+0000] {logging_mixin.py:190} INFO - [2025-01-05T23:55:22.586+0000] {dag.py:3239} INFO - Sync 1 DAGs
[2025-01-05T23:55:22.597+0000] {logging_mixin.py:190} INFO - [2025-01-05T23:55:22.597+0000] {dag.py:4180} INFO - Setting next_dagrun for example_short_circuit_operator to None, run_after=None
[2025-01-05T23:55:22.617+0000] {processor.py:208} INFO - Processing /home/airflow/.local/lib/python3.12/site-packages/airflow/example_dags/example_short_circuit_operator.py took 0.065 seconds
[2025-01-05T23:55:53.355+0000] {processor.py:186} INFO - Started process (PID=8094) to work on /home/airflow/.local/lib/python3.12/site-packages/airflow/example_dags/example_short_circuit_operator.py
[2025-01-05T23:55:53.356+0000] {processor.py:914} INFO - Processing file /home/airflow/.local/lib/python3.12/site-packages/airflow/example_dags/example_short_circuit_operator.py for tasks to queue
[2025-01-05T23:55:53.358+0000] {logging_mixin.py:190} INFO - [2025-01-05T23:55:53.358+0000] {dagbag.py:588} INFO - Filling up the DagBag from /home/airflow/.local/lib/python3.12/site-packages/airflow/example_dags/example_short_circuit_operator.py
[2025-01-05T23:55:53.365+0000] {processor.py:925} INFO - DAG(s) 'example_short_circuit_operator' retrieved from /home/airflow/.local/lib/python3.12/site-packages/airflow/example_dags/example_short_circuit_operator.py
[2025-01-05T23:55:53.385+0000] {logging_mixin.py:190} INFO - [2025-01-05T23:55:53.385+0000] {dag.py:3239} INFO - Sync 1 DAGs
[2025-01-05T23:55:53.397+0000] {logging_mixin.py:190} INFO - [2025-01-05T23:55:53.396+0000] {dag.py:4180} INFO - Setting next_dagrun for example_short_circuit_operator to None, run_after=None
[2025-01-05T23:55:53.413+0000] {processor.py:208} INFO - Processing /home/airflow/.local/lib/python3.12/site-packages/airflow/example_dags/example_short_circuit_operator.py took 0.063 seconds
[2025-01-05T23:56:24.069+0000] {processor.py:186} INFO - Started process (PID=8390) to work on /home/airflow/.local/lib/python3.12/site-packages/airflow/example_dags/example_short_circuit_operator.py
[2025-01-05T23:56:24.070+0000] {processor.py:914} INFO - Processing file /home/airflow/.local/lib/python3.12/site-packages/airflow/example_dags/example_short_circuit_operator.py for tasks to queue
[2025-01-05T23:56:24.072+0000] {logging_mixin.py:190} INFO - [2025-01-05T23:56:24.071+0000] {dagbag.py:588} INFO - Filling up the DagBag from /home/airflow/.local/lib/python3.12/site-packages/airflow/example_dags/example_short_circuit_operator.py
[2025-01-05T23:56:24.079+0000] {processor.py:925} INFO - DAG(s) 'example_short_circuit_operator' retrieved from /home/airflow/.local/lib/python3.12/site-packages/airflow/example_dags/example_short_circuit_operator.py
[2025-01-05T23:56:24.099+0000] {logging_mixin.py:190} INFO - [2025-01-05T23:56:24.098+0000] {dag.py:3239} INFO - Sync 1 DAGs
[2025-01-05T23:56:24.110+0000] {logging_mixin.py:190} INFO - [2025-01-05T23:56:24.110+0000] {dag.py:4180} INFO - Setting next_dagrun for example_short_circuit_operator to None, run_after=None
[2025-01-05T23:56:24.126+0000] {processor.py:208} INFO - Processing /home/airflow/.local/lib/python3.12/site-packages/airflow/example_dags/example_short_circuit_operator.py took 0.062 seconds
[2025-01-05T23:56:54.940+0000] {processor.py:186} INFO - Started process (PID=8686) to work on /home/airflow/.local/lib/python3.12/site-packages/airflow/example_dags/example_short_circuit_operator.py
[2025-01-05T23:56:54.942+0000] {processor.py:914} INFO - Processing file /home/airflow/.local/lib/python3.12/site-packages/airflow/example_dags/example_short_circuit_operator.py for tasks to queue
[2025-01-05T23:56:54.944+0000] {logging_mixin.py:190} INFO - [2025-01-05T23:56:54.944+0000] {dagbag.py:588} INFO - Filling up the DagBag from /home/airflow/.local/lib/python3.12/site-packages/airflow/example_dags/example_short_circuit_operator.py
[2025-01-05T23:56:54.951+0000] {processor.py:925} INFO - DAG(s) 'example_short_circuit_operator' retrieved from /home/airflow/.local/lib/python3.12/site-packages/airflow/example_dags/example_short_circuit_operator.py
[2025-01-05T23:56:54.971+0000] {logging_mixin.py:190} INFO - [2025-01-05T23:56:54.970+0000] {dag.py:3239} INFO - Sync 1 DAGs
[2025-01-05T23:56:54.982+0000] {logging_mixin.py:190} INFO - [2025-01-05T23:56:54.982+0000] {dag.py:4180} INFO - Setting next_dagrun for example_short_circuit_operator to None, run_after=None
[2025-01-05T23:56:55.001+0000] {processor.py:208} INFO - Processing /home/airflow/.local/lib/python3.12/site-packages/airflow/example_dags/example_short_circuit_operator.py took 0.065 seconds
[2025-01-05T23:57:26.462+0000] {processor.py:186} INFO - Started process (PID=8982) to work on /home/airflow/.local/lib/python3.12/site-packages/airflow/example_dags/example_short_circuit_operator.py
[2025-01-05T23:57:26.463+0000] {processor.py:914} INFO - Processing file /home/airflow/.local/lib/python3.12/site-packages/airflow/example_dags/example_short_circuit_operator.py for tasks to queue
[2025-01-05T23:57:26.464+0000] {logging_mixin.py:190} INFO - [2025-01-05T23:57:26.464+0000] {dagbag.py:588} INFO - Filling up the DagBag from /home/airflow/.local/lib/python3.12/site-packages/airflow/example_dags/example_short_circuit_operator.py
[2025-01-05T23:57:26.471+0000] {processor.py:925} INFO - DAG(s) 'example_short_circuit_operator' retrieved from /home/airflow/.local/lib/python3.12/site-packages/airflow/example_dags/example_short_circuit_operator.py
[2025-01-05T23:57:26.491+0000] {logging_mixin.py:190} INFO - [2025-01-05T23:57:26.490+0000] {dag.py:3239} INFO - Sync 1 DAGs
[2025-01-05T23:57:26.502+0000] {logging_mixin.py:190} INFO - [2025-01-05T23:57:26.502+0000] {dag.py:4180} INFO - Setting next_dagrun for example_short_circuit_operator to None, run_after=None
[2025-01-05T23:57:26.521+0000] {processor.py:208} INFO - Processing /home/airflow/.local/lib/python3.12/site-packages/airflow/example_dags/example_short_circuit_operator.py took 0.063 seconds
[2025-01-05T23:57:57.418+0000] {processor.py:186} INFO - Started process (PID=9280) to work on /home/airflow/.local/lib/python3.12/site-packages/airflow/example_dags/example_short_circuit_operator.py
[2025-01-05T23:57:57.418+0000] {processor.py:914} INFO - Processing file /home/airflow/.local/lib/python3.12/site-packages/airflow/example_dags/example_short_circuit_operator.py for tasks to queue
[2025-01-05T23:57:57.420+0000] {logging_mixin.py:190} INFO - [2025-01-05T23:57:57.420+0000] {dagbag.py:588} INFO - Filling up the DagBag from /home/airflow/.local/lib/python3.12/site-packages/airflow/example_dags/example_short_circuit_operator.py
[2025-01-05T23:57:57.427+0000] {processor.py:925} INFO - DAG(s) 'example_short_circuit_operator' retrieved from /home/airflow/.local/lib/python3.12/site-packages/airflow/example_dags/example_short_circuit_operator.py
[2025-01-05T23:57:57.449+0000] {logging_mixin.py:190} INFO - [2025-01-05T23:57:57.448+0000] {dag.py:3239} INFO - Sync 1 DAGs
[2025-01-05T23:57:57.462+0000] {logging_mixin.py:190} INFO - [2025-01-05T23:57:57.462+0000] {dag.py:4180} INFO - Setting next_dagrun for example_short_circuit_operator to None, run_after=None
[2025-01-05T23:57:57.481+0000] {processor.py:208} INFO - Processing /home/airflow/.local/lib/python3.12/site-packages/airflow/example_dags/example_short_circuit_operator.py took 0.068 seconds
[2025-01-05T23:58:28.125+0000] {processor.py:186} INFO - Started process (PID=9574) to work on /home/airflow/.local/lib/python3.12/site-packages/airflow/example_dags/example_short_circuit_operator.py
[2025-01-05T23:58:28.126+0000] {processor.py:914} INFO - Processing file /home/airflow/.local/lib/python3.12/site-packages/airflow/example_dags/example_short_circuit_operator.py for tasks to queue
[2025-01-05T23:58:28.128+0000] {logging_mixin.py:190} INFO - [2025-01-05T23:58:28.128+0000] {dagbag.py:588} INFO - Filling up the DagBag from /home/airflow/.local/lib/python3.12/site-packages/airflow/example_dags/example_short_circuit_operator.py
[2025-01-05T23:58:28.135+0000] {processor.py:925} INFO - DAG(s) 'example_short_circuit_operator' retrieved from /home/airflow/.local/lib/python3.12/site-packages/airflow/example_dags/example_short_circuit_operator.py
[2025-01-05T23:58:28.154+0000] {logging_mixin.py:190} INFO - [2025-01-05T23:58:28.154+0000] {dag.py:3239} INFO - Sync 1 DAGs
[2025-01-05T23:58:28.165+0000] {logging_mixin.py:190} INFO - [2025-01-05T23:58:28.165+0000] {dag.py:4180} INFO - Setting next_dagrun for example_short_circuit_operator to None, run_after=None
[2025-01-05T23:58:28.184+0000] {processor.py:208} INFO - Processing /home/airflow/.local/lib/python3.12/site-packages/airflow/example_dags/example_short_circuit_operator.py took 0.063 seconds
[2025-01-05T23:58:58.884+0000] {processor.py:186} INFO - Started process (PID=9870) to work on /home/airflow/.local/lib/python3.12/site-packages/airflow/example_dags/example_short_circuit_operator.py
[2025-01-05T23:58:58.885+0000] {processor.py:914} INFO - Processing file /home/airflow/.local/lib/python3.12/site-packages/airflow/example_dags/example_short_circuit_operator.py for tasks to queue
[2025-01-05T23:58:58.887+0000] {logging_mixin.py:190} INFO - [2025-01-05T23:58:58.887+0000] {dagbag.py:588} INFO - Filling up the DagBag from /home/airflow/.local/lib/python3.12/site-packages/airflow/example_dags/example_short_circuit_operator.py
[2025-01-05T23:58:58.895+0000] {processor.py:925} INFO - DAG(s) 'example_short_circuit_operator' retrieved from /home/airflow/.local/lib/python3.12/site-packages/airflow/example_dags/example_short_circuit_operator.py
[2025-01-05T23:58:58.918+0000] {logging_mixin.py:190} INFO - [2025-01-05T23:58:58.918+0000] {dag.py:3239} INFO - Sync 1 DAGs
[2025-01-05T23:58:58.931+0000] {logging_mixin.py:190} INFO - [2025-01-05T23:58:58.931+0000] {dag.py:4180} INFO - Setting next_dagrun for example_short_circuit_operator to None, run_after=None
[2025-01-05T23:58:58.951+0000] {processor.py:208} INFO - Processing /home/airflow/.local/lib/python3.12/site-packages/airflow/example_dags/example_short_circuit_operator.py took 0.073 seconds
[2025-01-05T23:59:30.308+0000] {processor.py:186} INFO - Started process (PID=10167) to work on /home/airflow/.local/lib/python3.12/site-packages/airflow/example_dags/example_short_circuit_operator.py
[2025-01-05T23:59:30.309+0000] {processor.py:914} INFO - Processing file /home/airflow/.local/lib/python3.12/site-packages/airflow/example_dags/example_short_circuit_operator.py for tasks to queue
[2025-01-05T23:59:30.312+0000] {logging_mixin.py:190} INFO - [2025-01-05T23:59:30.311+0000] {dagbag.py:588} INFO - Filling up the DagBag from /home/airflow/.local/lib/python3.12/site-packages/airflow/example_dags/example_short_circuit_operator.py
[2025-01-05T23:59:30.322+0000] {processor.py:925} INFO - DAG(s) 'example_short_circuit_operator' retrieved from /home/airflow/.local/lib/python3.12/site-packages/airflow/example_dags/example_short_circuit_operator.py
[2025-01-05T23:59:30.344+0000] {logging_mixin.py:190} INFO - [2025-01-05T23:59:30.344+0000] {dag.py:3239} INFO - Sync 1 DAGs
[2025-01-05T23:59:30.357+0000] {logging_mixin.py:190} INFO - [2025-01-05T23:59:30.357+0000] {dag.py:4180} INFO - Setting next_dagrun for example_short_circuit_operator to None, run_after=None
[2025-01-05T23:59:30.378+0000] {processor.py:208} INFO - Processing /home/airflow/.local/lib/python3.12/site-packages/airflow/example_dags/example_short_circuit_operator.py took 0.076 seconds
