[2025-01-05T23:42:21.929+0000] {processor.py:186} INFO - Started process (PID=197) to work on /home/airflow/.local/lib/python3.12/site-packages/airflow/example_dags/example_dynamic_task_mapping.py
[2025-01-05T23:42:21.930+0000] {processor.py:914} INFO - Processing file /home/airflow/.local/lib/python3.12/site-packages/airflow/example_dags/example_dynamic_task_mapping.py for tasks to queue
[2025-01-05T23:42:21.932+0000] {logging_mixin.py:190} INFO - [2025-01-05T23:42:21.932+0000] {dagbag.py:588} INFO - Filling up the DagBag from /home/airflow/.local/lib/python3.12/site-packages/airflow/example_dags/example_dynamic_task_mapping.py
[2025-01-05T23:42:21.942+0000] {processor.py:925} INFO - DAG(s) 'example_dynamic_task_mapping' retrieved from /home/airflow/.local/lib/python3.12/site-packages/airflow/example_dags/example_dynamic_task_mapping.py
[2025-01-05T23:42:21.976+0000] {logging_mixin.py:190} INFO - [2025-01-05T23:42:21.976+0000] {dag.py:3239} INFO - Sync 1 DAGs
[2025-01-05T23:42:21.990+0000] {logging_mixin.py:190} INFO - [2025-01-05T23:42:21.990+0000] {dag.py:4180} INFO - Setting next_dagrun for example_dynamic_task_mapping to None, run_after=None
[2025-01-05T23:42:22.010+0000] {processor.py:208} INFO - Processing /home/airflow/.local/lib/python3.12/site-packages/airflow/example_dags/example_dynamic_task_mapping.py took 0.088 seconds
[2025-01-05T23:42:52.964+0000] {processor.py:186} INFO - Started process (PID=493) to work on /home/airflow/.local/lib/python3.12/site-packages/airflow/example_dags/example_dynamic_task_mapping.py
[2025-01-05T23:42:52.965+0000] {processor.py:914} INFO - Processing file /home/airflow/.local/lib/python3.12/site-packages/airflow/example_dags/example_dynamic_task_mapping.py for tasks to queue
[2025-01-05T23:42:52.967+0000] {logging_mixin.py:190} INFO - [2025-01-05T23:42:52.967+0000] {dagbag.py:588} INFO - Filling up the DagBag from /home/airflow/.local/lib/python3.12/site-packages/airflow/example_dags/example_dynamic_task_mapping.py
[2025-01-05T23:42:52.975+0000] {processor.py:925} INFO - DAG(s) 'example_dynamic_task_mapping' retrieved from /home/airflow/.local/lib/python3.12/site-packages/airflow/example_dags/example_dynamic_task_mapping.py
[2025-01-05T23:42:52.992+0000] {logging_mixin.py:190} INFO - [2025-01-05T23:42:52.992+0000] {dag.py:3239} INFO - Sync 1 DAGs
[2025-01-05T23:42:53.006+0000] {logging_mixin.py:190} INFO - [2025-01-05T23:42:53.005+0000] {dag.py:4180} INFO - Setting next_dagrun for example_dynamic_task_mapping to None, run_after=None
[2025-01-05T23:42:53.020+0000] {processor.py:208} INFO - Processing /home/airflow/.local/lib/python3.12/site-packages/airflow/example_dags/example_dynamic_task_mapping.py took 0.061 seconds
[2025-01-05T23:43:23.137+0000] {processor.py:186} INFO - Started process (PID=789) to work on /home/airflow/.local/lib/python3.12/site-packages/airflow/example_dags/example_dynamic_task_mapping.py
[2025-01-05T23:43:23.140+0000] {processor.py:914} INFO - Processing file /home/airflow/.local/lib/python3.12/site-packages/airflow/example_dags/example_dynamic_task_mapping.py for tasks to queue
[2025-01-05T23:43:23.147+0000] {logging_mixin.py:190} INFO - [2025-01-05T23:43:23.147+0000] {dagbag.py:588} INFO - Filling up the DagBag from /home/airflow/.local/lib/python3.12/site-packages/airflow/example_dags/example_dynamic_task_mapping.py
[2025-01-05T23:43:23.169+0000] {processor.py:925} INFO - DAG(s) 'example_dynamic_task_mapping' retrieved from /home/airflow/.local/lib/python3.12/site-packages/airflow/example_dags/example_dynamic_task_mapping.py
[2025-01-05T23:43:23.216+0000] {logging_mixin.py:190} INFO - [2025-01-05T23:43:23.215+0000] {dag.py:3239} INFO - Sync 1 DAGs
[2025-01-05T23:43:23.245+0000] {logging_mixin.py:190} INFO - [2025-01-05T23:43:23.244+0000] {dag.py:4180} INFO - Setting next_dagrun for example_dynamic_task_mapping to None, run_after=None
[2025-01-05T23:43:23.273+0000] {processor.py:208} INFO - Processing /home/airflow/.local/lib/python3.12/site-packages/airflow/example_dags/example_dynamic_task_mapping.py took 0.150 seconds
[2025-01-05T23:43:54.150+0000] {processor.py:186} INFO - Started process (PID=1085) to work on /home/airflow/.local/lib/python3.12/site-packages/airflow/example_dags/example_dynamic_task_mapping.py
[2025-01-05T23:43:54.150+0000] {processor.py:914} INFO - Processing file /home/airflow/.local/lib/python3.12/site-packages/airflow/example_dags/example_dynamic_task_mapping.py for tasks to queue
[2025-01-05T23:43:54.152+0000] {logging_mixin.py:190} INFO - [2025-01-05T23:43:54.152+0000] {dagbag.py:588} INFO - Filling up the DagBag from /home/airflow/.local/lib/python3.12/site-packages/airflow/example_dags/example_dynamic_task_mapping.py
[2025-01-05T23:43:54.159+0000] {processor.py:925} INFO - DAG(s) 'example_dynamic_task_mapping' retrieved from /home/airflow/.local/lib/python3.12/site-packages/airflow/example_dags/example_dynamic_task_mapping.py
[2025-01-05T23:43:54.175+0000] {logging_mixin.py:190} INFO - [2025-01-05T23:43:54.175+0000] {dag.py:3239} INFO - Sync 1 DAGs
[2025-01-05T23:43:54.186+0000] {logging_mixin.py:190} INFO - [2025-01-05T23:43:54.186+0000] {dag.py:4180} INFO - Setting next_dagrun for example_dynamic_task_mapping to None, run_after=None
[2025-01-05T23:43:54.203+0000] {processor.py:208} INFO - Processing /home/airflow/.local/lib/python3.12/site-packages/airflow/example_dags/example_dynamic_task_mapping.py took 0.058 seconds
[2025-01-05T23:44:25.124+0000] {processor.py:186} INFO - Started process (PID=1381) to work on /home/airflow/.local/lib/python3.12/site-packages/airflow/example_dags/example_dynamic_task_mapping.py
[2025-01-05T23:44:25.125+0000] {processor.py:914} INFO - Processing file /home/airflow/.local/lib/python3.12/site-packages/airflow/example_dags/example_dynamic_task_mapping.py for tasks to queue
[2025-01-05T23:44:25.126+0000] {logging_mixin.py:190} INFO - [2025-01-05T23:44:25.126+0000] {dagbag.py:588} INFO - Filling up the DagBag from /home/airflow/.local/lib/python3.12/site-packages/airflow/example_dags/example_dynamic_task_mapping.py
[2025-01-05T23:44:25.133+0000] {processor.py:925} INFO - DAG(s) 'example_dynamic_task_mapping' retrieved from /home/airflow/.local/lib/python3.12/site-packages/airflow/example_dags/example_dynamic_task_mapping.py
[2025-01-05T23:44:25.148+0000] {logging_mixin.py:190} INFO - [2025-01-05T23:44:25.148+0000] {dag.py:3239} INFO - Sync 1 DAGs
[2025-01-05T23:44:25.162+0000] {logging_mixin.py:190} INFO - [2025-01-05T23:44:25.162+0000] {dag.py:4180} INFO - Setting next_dagrun for example_dynamic_task_mapping to None, run_after=None
[2025-01-05T23:44:25.182+0000] {processor.py:208} INFO - Processing /home/airflow/.local/lib/python3.12/site-packages/airflow/example_dags/example_dynamic_task_mapping.py took 0.062 seconds
[2025-01-05T23:44:55.646+0000] {processor.py:186} INFO - Started process (PID=1677) to work on /home/airflow/.local/lib/python3.12/site-packages/airflow/example_dags/example_dynamic_task_mapping.py
[2025-01-05T23:44:55.647+0000] {processor.py:914} INFO - Processing file /home/airflow/.local/lib/python3.12/site-packages/airflow/example_dags/example_dynamic_task_mapping.py for tasks to queue
[2025-01-05T23:44:55.649+0000] {logging_mixin.py:190} INFO - [2025-01-05T23:44:55.649+0000] {dagbag.py:588} INFO - Filling up the DagBag from /home/airflow/.local/lib/python3.12/site-packages/airflow/example_dags/example_dynamic_task_mapping.py
[2025-01-05T23:44:55.656+0000] {processor.py:925} INFO - DAG(s) 'example_dynamic_task_mapping' retrieved from /home/airflow/.local/lib/python3.12/site-packages/airflow/example_dags/example_dynamic_task_mapping.py
[2025-01-05T23:44:55.674+0000] {logging_mixin.py:190} INFO - [2025-01-05T23:44:55.674+0000] {dag.py:3239} INFO - Sync 1 DAGs
[2025-01-05T23:44:55.685+0000] {logging_mixin.py:190} INFO - [2025-01-05T23:44:55.685+0000] {dag.py:4180} INFO - Setting next_dagrun for example_dynamic_task_mapping to None, run_after=None
[2025-01-05T23:44:55.704+0000] {processor.py:208} INFO - Processing /home/airflow/.local/lib/python3.12/site-packages/airflow/example_dags/example_dynamic_task_mapping.py took 0.062 seconds
[2025-01-05T23:45:26.398+0000] {processor.py:186} INFO - Started process (PID=1973) to work on /home/airflow/.local/lib/python3.12/site-packages/airflow/example_dags/example_dynamic_task_mapping.py
[2025-01-05T23:45:26.399+0000] {processor.py:914} INFO - Processing file /home/airflow/.local/lib/python3.12/site-packages/airflow/example_dags/example_dynamic_task_mapping.py for tasks to queue
[2025-01-05T23:45:26.400+0000] {logging_mixin.py:190} INFO - [2025-01-05T23:45:26.400+0000] {dagbag.py:588} INFO - Filling up the DagBag from /home/airflow/.local/lib/python3.12/site-packages/airflow/example_dags/example_dynamic_task_mapping.py
[2025-01-05T23:45:26.407+0000] {processor.py:925} INFO - DAG(s) 'example_dynamic_task_mapping' retrieved from /home/airflow/.local/lib/python3.12/site-packages/airflow/example_dags/example_dynamic_task_mapping.py
[2025-01-05T23:45:26.423+0000] {logging_mixin.py:190} INFO - [2025-01-05T23:45:26.422+0000] {dag.py:3239} INFO - Sync 1 DAGs
[2025-01-05T23:45:26.435+0000] {logging_mixin.py:190} INFO - [2025-01-05T23:45:26.434+0000] {dag.py:4180} INFO - Setting next_dagrun for example_dynamic_task_mapping to None, run_after=None
[2025-01-05T23:45:26.450+0000] {processor.py:208} INFO - Processing /home/airflow/.local/lib/python3.12/site-packages/airflow/example_dags/example_dynamic_task_mapping.py took 0.057 seconds
[2025-01-05T23:45:57.101+0000] {processor.py:186} INFO - Started process (PID=2269) to work on /home/airflow/.local/lib/python3.12/site-packages/airflow/example_dags/example_dynamic_task_mapping.py
[2025-01-05T23:45:57.102+0000] {processor.py:914} INFO - Processing file /home/airflow/.local/lib/python3.12/site-packages/airflow/example_dags/example_dynamic_task_mapping.py for tasks to queue
[2025-01-05T23:45:57.105+0000] {logging_mixin.py:190} INFO - [2025-01-05T23:45:57.104+0000] {dagbag.py:588} INFO - Filling up the DagBag from /home/airflow/.local/lib/python3.12/site-packages/airflow/example_dags/example_dynamic_task_mapping.py
[2025-01-05T23:45:57.112+0000] {processor.py:925} INFO - DAG(s) 'example_dynamic_task_mapping' retrieved from /home/airflow/.local/lib/python3.12/site-packages/airflow/example_dags/example_dynamic_task_mapping.py
[2025-01-05T23:45:57.131+0000] {logging_mixin.py:190} INFO - [2025-01-05T23:45:57.130+0000] {dag.py:3239} INFO - Sync 1 DAGs
[2025-01-05T23:45:57.145+0000] {logging_mixin.py:190} INFO - [2025-01-05T23:45:57.145+0000] {dag.py:4180} INFO - Setting next_dagrun for example_dynamic_task_mapping to None, run_after=None
[2025-01-05T23:45:57.165+0000] {processor.py:208} INFO - Processing /home/airflow/.local/lib/python3.12/site-packages/airflow/example_dags/example_dynamic_task_mapping.py took 0.070 seconds
[2025-01-05T23:46:27.284+0000] {processor.py:186} INFO - Started process (PID=2565) to work on /home/airflow/.local/lib/python3.12/site-packages/airflow/example_dags/example_dynamic_task_mapping.py
[2025-01-05T23:46:27.285+0000] {processor.py:914} INFO - Processing file /home/airflow/.local/lib/python3.12/site-packages/airflow/example_dags/example_dynamic_task_mapping.py for tasks to queue
[2025-01-05T23:46:27.287+0000] {logging_mixin.py:190} INFO - [2025-01-05T23:46:27.287+0000] {dagbag.py:588} INFO - Filling up the DagBag from /home/airflow/.local/lib/python3.12/site-packages/airflow/example_dags/example_dynamic_task_mapping.py
[2025-01-05T23:46:27.296+0000] {processor.py:925} INFO - DAG(s) 'example_dynamic_task_mapping' retrieved from /home/airflow/.local/lib/python3.12/site-packages/airflow/example_dags/example_dynamic_task_mapping.py
[2025-01-05T23:46:27.314+0000] {logging_mixin.py:190} INFO - [2025-01-05T23:46:27.314+0000] {dag.py:3239} INFO - Sync 1 DAGs
[2025-01-05T23:46:27.326+0000] {logging_mixin.py:190} INFO - [2025-01-05T23:46:27.325+0000] {dag.py:4180} INFO - Setting next_dagrun for example_dynamic_task_mapping to None, run_after=None
[2025-01-05T23:46:27.342+0000] {processor.py:208} INFO - Processing /home/airflow/.local/lib/python3.12/site-packages/airflow/example_dags/example_dynamic_task_mapping.py took 0.061 seconds
[2025-01-05T23:46:57.653+0000] {processor.py:186} INFO - Started process (PID=2861) to work on /home/airflow/.local/lib/python3.12/site-packages/airflow/example_dags/example_dynamic_task_mapping.py
[2025-01-05T23:46:57.654+0000] {processor.py:914} INFO - Processing file /home/airflow/.local/lib/python3.12/site-packages/airflow/example_dags/example_dynamic_task_mapping.py for tasks to queue
[2025-01-05T23:46:57.657+0000] {logging_mixin.py:190} INFO - [2025-01-05T23:46:57.656+0000] {dagbag.py:588} INFO - Filling up the DagBag from /home/airflow/.local/lib/python3.12/site-packages/airflow/example_dags/example_dynamic_task_mapping.py
[2025-01-05T23:46:57.668+0000] {processor.py:925} INFO - DAG(s) 'example_dynamic_task_mapping' retrieved from /home/airflow/.local/lib/python3.12/site-packages/airflow/example_dags/example_dynamic_task_mapping.py
[2025-01-05T23:46:57.687+0000] {logging_mixin.py:190} INFO - [2025-01-05T23:46:57.686+0000] {dag.py:3239} INFO - Sync 1 DAGs
[2025-01-05T23:46:57.700+0000] {logging_mixin.py:190} INFO - [2025-01-05T23:46:57.699+0000] {dag.py:4180} INFO - Setting next_dagrun for example_dynamic_task_mapping to None, run_after=None
[2025-01-05T23:46:57.717+0000] {processor.py:208} INFO - Processing /home/airflow/.local/lib/python3.12/site-packages/airflow/example_dags/example_dynamic_task_mapping.py took 0.068 seconds
[2025-01-05T23:47:28.604+0000] {processor.py:186} INFO - Started process (PID=3157) to work on /home/airflow/.local/lib/python3.12/site-packages/airflow/example_dags/example_dynamic_task_mapping.py
[2025-01-05T23:47:28.605+0000] {processor.py:914} INFO - Processing file /home/airflow/.local/lib/python3.12/site-packages/airflow/example_dags/example_dynamic_task_mapping.py for tasks to queue
[2025-01-05T23:47:28.607+0000] {logging_mixin.py:190} INFO - [2025-01-05T23:47:28.607+0000] {dagbag.py:588} INFO - Filling up the DagBag from /home/airflow/.local/lib/python3.12/site-packages/airflow/example_dags/example_dynamic_task_mapping.py
[2025-01-05T23:47:28.615+0000] {processor.py:925} INFO - DAG(s) 'example_dynamic_task_mapping' retrieved from /home/airflow/.local/lib/python3.12/site-packages/airflow/example_dags/example_dynamic_task_mapping.py
[2025-01-05T23:47:28.632+0000] {logging_mixin.py:190} INFO - [2025-01-05T23:47:28.632+0000] {dag.py:3239} INFO - Sync 1 DAGs
[2025-01-05T23:47:28.645+0000] {logging_mixin.py:190} INFO - [2025-01-05T23:47:28.644+0000] {dag.py:4180} INFO - Setting next_dagrun for example_dynamic_task_mapping to None, run_after=None
[2025-01-05T23:47:28.663+0000] {processor.py:208} INFO - Processing /home/airflow/.local/lib/python3.12/site-packages/airflow/example_dags/example_dynamic_task_mapping.py took 0.063 seconds
[2025-01-05T23:47:59.293+0000] {processor.py:186} INFO - Started process (PID=3453) to work on /home/airflow/.local/lib/python3.12/site-packages/airflow/example_dags/example_dynamic_task_mapping.py
[2025-01-05T23:47:59.294+0000] {processor.py:914} INFO - Processing file /home/airflow/.local/lib/python3.12/site-packages/airflow/example_dags/example_dynamic_task_mapping.py for tasks to queue
[2025-01-05T23:47:59.297+0000] {logging_mixin.py:190} INFO - [2025-01-05T23:47:59.297+0000] {dagbag.py:588} INFO - Filling up the DagBag from /home/airflow/.local/lib/python3.12/site-packages/airflow/example_dags/example_dynamic_task_mapping.py
[2025-01-05T23:47:59.305+0000] {processor.py:925} INFO - DAG(s) 'example_dynamic_task_mapping' retrieved from /home/airflow/.local/lib/python3.12/site-packages/airflow/example_dags/example_dynamic_task_mapping.py
[2025-01-05T23:47:59.326+0000] {logging_mixin.py:190} INFO - [2025-01-05T23:47:59.326+0000] {dag.py:3239} INFO - Sync 1 DAGs
[2025-01-05T23:47:59.338+0000] {logging_mixin.py:190} INFO - [2025-01-05T23:47:59.338+0000] {dag.py:4180} INFO - Setting next_dagrun for example_dynamic_task_mapping to None, run_after=None
[2025-01-05T23:47:59.354+0000] {processor.py:208} INFO - Processing /home/airflow/.local/lib/python3.12/site-packages/airflow/example_dags/example_dynamic_task_mapping.py took 0.065 seconds
[2025-01-05T23:48:30.029+0000] {processor.py:186} INFO - Started process (PID=3749) to work on /home/airflow/.local/lib/python3.12/site-packages/airflow/example_dags/example_dynamic_task_mapping.py
[2025-01-05T23:48:30.029+0000] {processor.py:914} INFO - Processing file /home/airflow/.local/lib/python3.12/site-packages/airflow/example_dags/example_dynamic_task_mapping.py for tasks to queue
[2025-01-05T23:48:30.031+0000] {logging_mixin.py:190} INFO - [2025-01-05T23:48:30.031+0000] {dagbag.py:588} INFO - Filling up the DagBag from /home/airflow/.local/lib/python3.12/site-packages/airflow/example_dags/example_dynamic_task_mapping.py
[2025-01-05T23:48:30.038+0000] {processor.py:925} INFO - DAG(s) 'example_dynamic_task_mapping' retrieved from /home/airflow/.local/lib/python3.12/site-packages/airflow/example_dags/example_dynamic_task_mapping.py
[2025-01-05T23:48:30.053+0000] {logging_mixin.py:190} INFO - [2025-01-05T23:48:30.053+0000] {dag.py:3239} INFO - Sync 1 DAGs
[2025-01-05T23:48:30.064+0000] {logging_mixin.py:190} INFO - [2025-01-05T23:48:30.064+0000] {dag.py:4180} INFO - Setting next_dagrun for example_dynamic_task_mapping to None, run_after=None
[2025-01-05T23:48:30.080+0000] {processor.py:208} INFO - Processing /home/airflow/.local/lib/python3.12/site-packages/airflow/example_dags/example_dynamic_task_mapping.py took 0.056 seconds
[2025-01-05T23:49:00.838+0000] {processor.py:186} INFO - Started process (PID=4045) to work on /home/airflow/.local/lib/python3.12/site-packages/airflow/example_dags/example_dynamic_task_mapping.py
[2025-01-05T23:49:00.839+0000] {processor.py:914} INFO - Processing file /home/airflow/.local/lib/python3.12/site-packages/airflow/example_dags/example_dynamic_task_mapping.py for tasks to queue
[2025-01-05T23:49:00.841+0000] {logging_mixin.py:190} INFO - [2025-01-05T23:49:00.841+0000] {dagbag.py:588} INFO - Filling up the DagBag from /home/airflow/.local/lib/python3.12/site-packages/airflow/example_dags/example_dynamic_task_mapping.py
[2025-01-05T23:49:00.847+0000] {processor.py:925} INFO - DAG(s) 'example_dynamic_task_mapping' retrieved from /home/airflow/.local/lib/python3.12/site-packages/airflow/example_dags/example_dynamic_task_mapping.py
[2025-01-05T23:49:00.862+0000] {logging_mixin.py:190} INFO - [2025-01-05T23:49:00.862+0000] {dag.py:3239} INFO - Sync 1 DAGs
[2025-01-05T23:49:00.875+0000] {logging_mixin.py:190} INFO - [2025-01-05T23:49:00.875+0000] {dag.py:4180} INFO - Setting next_dagrun for example_dynamic_task_mapping to None, run_after=None
[2025-01-05T23:49:00.891+0000] {processor.py:208} INFO - Processing /home/airflow/.local/lib/python3.12/site-packages/airflow/example_dags/example_dynamic_task_mapping.py took 0.057 seconds
[2025-01-05T23:49:31.627+0000] {processor.py:186} INFO - Started process (PID=4341) to work on /home/airflow/.local/lib/python3.12/site-packages/airflow/example_dags/example_dynamic_task_mapping.py
[2025-01-05T23:49:31.628+0000] {processor.py:914} INFO - Processing file /home/airflow/.local/lib/python3.12/site-packages/airflow/example_dags/example_dynamic_task_mapping.py for tasks to queue
[2025-01-05T23:49:31.630+0000] {logging_mixin.py:190} INFO - [2025-01-05T23:49:31.630+0000] {dagbag.py:588} INFO - Filling up the DagBag from /home/airflow/.local/lib/python3.12/site-packages/airflow/example_dags/example_dynamic_task_mapping.py
[2025-01-05T23:49:31.637+0000] {processor.py:925} INFO - DAG(s) 'example_dynamic_task_mapping' retrieved from /home/airflow/.local/lib/python3.12/site-packages/airflow/example_dags/example_dynamic_task_mapping.py
[2025-01-05T23:49:31.652+0000] {logging_mixin.py:190} INFO - [2025-01-05T23:49:31.652+0000] {dag.py:3239} INFO - Sync 1 DAGs
[2025-01-05T23:49:31.663+0000] {logging_mixin.py:190} INFO - [2025-01-05T23:49:31.663+0000] {dag.py:4180} INFO - Setting next_dagrun for example_dynamic_task_mapping to None, run_after=None
[2025-01-05T23:49:31.679+0000] {processor.py:208} INFO - Processing /home/airflow/.local/lib/python3.12/site-packages/airflow/example_dags/example_dynamic_task_mapping.py took 0.057 seconds
[2025-01-05T23:50:02.496+0000] {processor.py:186} INFO - Started process (PID=4637) to work on /home/airflow/.local/lib/python3.12/site-packages/airflow/example_dags/example_dynamic_task_mapping.py
[2025-01-05T23:50:02.497+0000] {processor.py:914} INFO - Processing file /home/airflow/.local/lib/python3.12/site-packages/airflow/example_dags/example_dynamic_task_mapping.py for tasks to queue
[2025-01-05T23:50:02.500+0000] {logging_mixin.py:190} INFO - [2025-01-05T23:50:02.499+0000] {dagbag.py:588} INFO - Filling up the DagBag from /home/airflow/.local/lib/python3.12/site-packages/airflow/example_dags/example_dynamic_task_mapping.py
[2025-01-05T23:50:02.510+0000] {processor.py:925} INFO - DAG(s) 'example_dynamic_task_mapping' retrieved from /home/airflow/.local/lib/python3.12/site-packages/airflow/example_dags/example_dynamic_task_mapping.py
[2025-01-05T23:50:02.530+0000] {logging_mixin.py:190} INFO - [2025-01-05T23:50:02.529+0000] {dag.py:3239} INFO - Sync 1 DAGs
[2025-01-05T23:50:02.541+0000] {logging_mixin.py:190} INFO - [2025-01-05T23:50:02.541+0000] {dag.py:4180} INFO - Setting next_dagrun for example_dynamic_task_mapping to None, run_after=None
[2025-01-05T23:50:02.555+0000] {processor.py:208} INFO - Processing /home/airflow/.local/lib/python3.12/site-packages/airflow/example_dags/example_dynamic_task_mapping.py took 0.063 seconds
[2025-01-05T23:50:33.456+0000] {processor.py:186} INFO - Started process (PID=4933) to work on /home/airflow/.local/lib/python3.12/site-packages/airflow/example_dags/example_dynamic_task_mapping.py
[2025-01-05T23:50:33.457+0000] {processor.py:914} INFO - Processing file /home/airflow/.local/lib/python3.12/site-packages/airflow/example_dags/example_dynamic_task_mapping.py for tasks to queue
[2025-01-05T23:50:33.460+0000] {logging_mixin.py:190} INFO - [2025-01-05T23:50:33.459+0000] {dagbag.py:588} INFO - Filling up the DagBag from /home/airflow/.local/lib/python3.12/site-packages/airflow/example_dags/example_dynamic_task_mapping.py
[2025-01-05T23:50:33.466+0000] {processor.py:925} INFO - DAG(s) 'example_dynamic_task_mapping' retrieved from /home/airflow/.local/lib/python3.12/site-packages/airflow/example_dags/example_dynamic_task_mapping.py
[2025-01-05T23:50:33.481+0000] {logging_mixin.py:190} INFO - [2025-01-05T23:50:33.481+0000] {dag.py:3239} INFO - Sync 1 DAGs
[2025-01-05T23:50:33.494+0000] {logging_mixin.py:190} INFO - [2025-01-05T23:50:33.494+0000] {dag.py:4180} INFO - Setting next_dagrun for example_dynamic_task_mapping to None, run_after=None
[2025-01-05T23:50:33.510+0000] {processor.py:208} INFO - Processing /home/airflow/.local/lib/python3.12/site-packages/airflow/example_dags/example_dynamic_task_mapping.py took 0.058 seconds
[2025-01-05T23:51:04.325+0000] {processor.py:186} INFO - Started process (PID=5229) to work on /home/airflow/.local/lib/python3.12/site-packages/airflow/example_dags/example_dynamic_task_mapping.py
[2025-01-05T23:51:04.326+0000] {processor.py:914} INFO - Processing file /home/airflow/.local/lib/python3.12/site-packages/airflow/example_dags/example_dynamic_task_mapping.py for tasks to queue
[2025-01-05T23:51:04.329+0000] {logging_mixin.py:190} INFO - [2025-01-05T23:51:04.328+0000] {dagbag.py:588} INFO - Filling up the DagBag from /home/airflow/.local/lib/python3.12/site-packages/airflow/example_dags/example_dynamic_task_mapping.py
[2025-01-05T23:51:04.336+0000] {processor.py:925} INFO - DAG(s) 'example_dynamic_task_mapping' retrieved from /home/airflow/.local/lib/python3.12/site-packages/airflow/example_dags/example_dynamic_task_mapping.py
[2025-01-05T23:51:04.355+0000] {logging_mixin.py:190} INFO - [2025-01-05T23:51:04.355+0000] {dag.py:3239} INFO - Sync 1 DAGs
[2025-01-05T23:51:04.365+0000] {logging_mixin.py:190} INFO - [2025-01-05T23:51:04.365+0000] {dag.py:4180} INFO - Setting next_dagrun for example_dynamic_task_mapping to None, run_after=None
[2025-01-05T23:51:04.383+0000] {processor.py:208} INFO - Processing /home/airflow/.local/lib/python3.12/site-packages/airflow/example_dags/example_dynamic_task_mapping.py took 0.063 seconds
[2025-01-05T23:51:35.441+0000] {processor.py:186} INFO - Started process (PID=5525) to work on /home/airflow/.local/lib/python3.12/site-packages/airflow/example_dags/example_dynamic_task_mapping.py
[2025-01-05T23:51:35.442+0000] {processor.py:914} INFO - Processing file /home/airflow/.local/lib/python3.12/site-packages/airflow/example_dags/example_dynamic_task_mapping.py for tasks to queue
[2025-01-05T23:51:35.444+0000] {logging_mixin.py:190} INFO - [2025-01-05T23:51:35.443+0000] {dagbag.py:588} INFO - Filling up the DagBag from /home/airflow/.local/lib/python3.12/site-packages/airflow/example_dags/example_dynamic_task_mapping.py
[2025-01-05T23:51:35.450+0000] {processor.py:925} INFO - DAG(s) 'example_dynamic_task_mapping' retrieved from /home/airflow/.local/lib/python3.12/site-packages/airflow/example_dags/example_dynamic_task_mapping.py
[2025-01-05T23:51:35.466+0000] {logging_mixin.py:190} INFO - [2025-01-05T23:51:35.466+0000] {dag.py:3239} INFO - Sync 1 DAGs
[2025-01-05T23:51:35.477+0000] {logging_mixin.py:190} INFO - [2025-01-05T23:51:35.476+0000] {dag.py:4180} INFO - Setting next_dagrun for example_dynamic_task_mapping to None, run_after=None
[2025-01-05T23:51:35.498+0000] {processor.py:208} INFO - Processing /home/airflow/.local/lib/python3.12/site-packages/airflow/example_dags/example_dynamic_task_mapping.py took 0.062 seconds
[2025-01-05T23:52:06.219+0000] {processor.py:186} INFO - Started process (PID=5821) to work on /home/airflow/.local/lib/python3.12/site-packages/airflow/example_dags/example_dynamic_task_mapping.py
[2025-01-05T23:52:06.220+0000] {processor.py:914} INFO - Processing file /home/airflow/.local/lib/python3.12/site-packages/airflow/example_dags/example_dynamic_task_mapping.py for tasks to queue
[2025-01-05T23:52:06.222+0000] {logging_mixin.py:190} INFO - [2025-01-05T23:52:06.222+0000] {dagbag.py:588} INFO - Filling up the DagBag from /home/airflow/.local/lib/python3.12/site-packages/airflow/example_dags/example_dynamic_task_mapping.py
[2025-01-05T23:52:06.230+0000] {processor.py:925} INFO - DAG(s) 'example_dynamic_task_mapping' retrieved from /home/airflow/.local/lib/python3.12/site-packages/airflow/example_dags/example_dynamic_task_mapping.py
[2025-01-05T23:52:06.247+0000] {logging_mixin.py:190} INFO - [2025-01-05T23:52:06.247+0000] {dag.py:3239} INFO - Sync 1 DAGs
[2025-01-05T23:52:06.259+0000] {logging_mixin.py:190} INFO - [2025-01-05T23:52:06.259+0000] {dag.py:4180} INFO - Setting next_dagrun for example_dynamic_task_mapping to None, run_after=None
[2025-01-05T23:52:06.275+0000] {processor.py:208} INFO - Processing /home/airflow/.local/lib/python3.12/site-packages/airflow/example_dags/example_dynamic_task_mapping.py took 0.060 seconds
[2025-01-05T23:52:37.252+0000] {processor.py:186} INFO - Started process (PID=6117) to work on /home/airflow/.local/lib/python3.12/site-packages/airflow/example_dags/example_dynamic_task_mapping.py
[2025-01-05T23:52:37.253+0000] {processor.py:914} INFO - Processing file /home/airflow/.local/lib/python3.12/site-packages/airflow/example_dags/example_dynamic_task_mapping.py for tasks to queue
[2025-01-05T23:52:37.256+0000] {logging_mixin.py:190} INFO - [2025-01-05T23:52:37.255+0000] {dagbag.py:588} INFO - Filling up the DagBag from /home/airflow/.local/lib/python3.12/site-packages/airflow/example_dags/example_dynamic_task_mapping.py
[2025-01-05T23:52:37.265+0000] {processor.py:925} INFO - DAG(s) 'example_dynamic_task_mapping' retrieved from /home/airflow/.local/lib/python3.12/site-packages/airflow/example_dags/example_dynamic_task_mapping.py
[2025-01-05T23:52:37.286+0000] {logging_mixin.py:190} INFO - [2025-01-05T23:52:37.285+0000] {dag.py:3239} INFO - Sync 1 DAGs
[2025-01-05T23:52:37.300+0000] {logging_mixin.py:190} INFO - [2025-01-05T23:52:37.299+0000] {dag.py:4180} INFO - Setting next_dagrun for example_dynamic_task_mapping to None, run_after=None
[2025-01-05T23:52:37.316+0000] {processor.py:208} INFO - Processing /home/airflow/.local/lib/python3.12/site-packages/airflow/example_dags/example_dynamic_task_mapping.py took 0.070 seconds
[2025-01-05T23:53:08.196+0000] {processor.py:186} INFO - Started process (PID=6413) to work on /home/airflow/.local/lib/python3.12/site-packages/airflow/example_dags/example_dynamic_task_mapping.py
[2025-01-05T23:53:08.197+0000] {processor.py:914} INFO - Processing file /home/airflow/.local/lib/python3.12/site-packages/airflow/example_dags/example_dynamic_task_mapping.py for tasks to queue
[2025-01-05T23:53:08.199+0000] {logging_mixin.py:190} INFO - [2025-01-05T23:53:08.199+0000] {dagbag.py:588} INFO - Filling up the DagBag from /home/airflow/.local/lib/python3.12/site-packages/airflow/example_dags/example_dynamic_task_mapping.py
[2025-01-05T23:53:08.207+0000] {processor.py:925} INFO - DAG(s) 'example_dynamic_task_mapping' retrieved from /home/airflow/.local/lib/python3.12/site-packages/airflow/example_dags/example_dynamic_task_mapping.py
[2025-01-05T23:53:08.222+0000] {logging_mixin.py:190} INFO - [2025-01-05T23:53:08.222+0000] {dag.py:3239} INFO - Sync 1 DAGs
[2025-01-05T23:53:08.234+0000] {logging_mixin.py:190} INFO - [2025-01-05T23:53:08.234+0000] {dag.py:4180} INFO - Setting next_dagrun for example_dynamic_task_mapping to None, run_after=None
[2025-01-05T23:53:08.256+0000] {processor.py:208} INFO - Processing /home/airflow/.local/lib/python3.12/site-packages/airflow/example_dags/example_dynamic_task_mapping.py took 0.065 seconds
[2025-01-05T23:53:39.027+0000] {processor.py:186} INFO - Started process (PID=6709) to work on /home/airflow/.local/lib/python3.12/site-packages/airflow/example_dags/example_dynamic_task_mapping.py
[2025-01-05T23:53:39.028+0000] {processor.py:914} INFO - Processing file /home/airflow/.local/lib/python3.12/site-packages/airflow/example_dags/example_dynamic_task_mapping.py for tasks to queue
[2025-01-05T23:53:39.031+0000] {logging_mixin.py:190} INFO - [2025-01-05T23:53:39.030+0000] {dagbag.py:588} INFO - Filling up the DagBag from /home/airflow/.local/lib/python3.12/site-packages/airflow/example_dags/example_dynamic_task_mapping.py
[2025-01-05T23:53:39.038+0000] {processor.py:925} INFO - DAG(s) 'example_dynamic_task_mapping' retrieved from /home/airflow/.local/lib/python3.12/site-packages/airflow/example_dags/example_dynamic_task_mapping.py
[2025-01-05T23:53:39.054+0000] {logging_mixin.py:190} INFO - [2025-01-05T23:53:39.053+0000] {dag.py:3239} INFO - Sync 1 DAGs
[2025-01-05T23:53:39.066+0000] {logging_mixin.py:190} INFO - [2025-01-05T23:53:39.066+0000] {dag.py:4180} INFO - Setting next_dagrun for example_dynamic_task_mapping to None, run_after=None
[2025-01-05T23:53:39.084+0000] {processor.py:208} INFO - Processing /home/airflow/.local/lib/python3.12/site-packages/airflow/example_dags/example_dynamic_task_mapping.py took 0.062 seconds
[2025-01-05T23:54:09.615+0000] {processor.py:186} INFO - Started process (PID=7005) to work on /home/airflow/.local/lib/python3.12/site-packages/airflow/example_dags/example_dynamic_task_mapping.py
[2025-01-05T23:54:09.616+0000] {processor.py:914} INFO - Processing file /home/airflow/.local/lib/python3.12/site-packages/airflow/example_dags/example_dynamic_task_mapping.py for tasks to queue
[2025-01-05T23:54:09.618+0000] {logging_mixin.py:190} INFO - [2025-01-05T23:54:09.618+0000] {dagbag.py:588} INFO - Filling up the DagBag from /home/airflow/.local/lib/python3.12/site-packages/airflow/example_dags/example_dynamic_task_mapping.py
[2025-01-05T23:54:09.627+0000] {processor.py:925} INFO - DAG(s) 'example_dynamic_task_mapping' retrieved from /home/airflow/.local/lib/python3.12/site-packages/airflow/example_dags/example_dynamic_task_mapping.py
[2025-01-05T23:54:09.643+0000] {logging_mixin.py:190} INFO - [2025-01-05T23:54:09.643+0000] {dag.py:3239} INFO - Sync 1 DAGs
[2025-01-05T23:54:09.657+0000] {logging_mixin.py:190} INFO - [2025-01-05T23:54:09.657+0000] {dag.py:4180} INFO - Setting next_dagrun for example_dynamic_task_mapping to None, run_after=None
[2025-01-05T23:54:09.678+0000] {processor.py:208} INFO - Processing /home/airflow/.local/lib/python3.12/site-packages/airflow/example_dags/example_dynamic_task_mapping.py took 0.068 seconds
[2025-01-05T23:54:40.630+0000] {processor.py:186} INFO - Started process (PID=7301) to work on /home/airflow/.local/lib/python3.12/site-packages/airflow/example_dags/example_dynamic_task_mapping.py
[2025-01-05T23:54:40.630+0000] {processor.py:914} INFO - Processing file /home/airflow/.local/lib/python3.12/site-packages/airflow/example_dags/example_dynamic_task_mapping.py for tasks to queue
[2025-01-05T23:54:40.632+0000] {logging_mixin.py:190} INFO - [2025-01-05T23:54:40.632+0000] {dagbag.py:588} INFO - Filling up the DagBag from /home/airflow/.local/lib/python3.12/site-packages/airflow/example_dags/example_dynamic_task_mapping.py
[2025-01-05T23:54:40.639+0000] {processor.py:925} INFO - DAG(s) 'example_dynamic_task_mapping' retrieved from /home/airflow/.local/lib/python3.12/site-packages/airflow/example_dags/example_dynamic_task_mapping.py
[2025-01-05T23:54:40.654+0000] {logging_mixin.py:190} INFO - [2025-01-05T23:54:40.654+0000] {dag.py:3239} INFO - Sync 1 DAGs
[2025-01-05T23:54:40.666+0000] {logging_mixin.py:190} INFO - [2025-01-05T23:54:40.666+0000] {dag.py:4180} INFO - Setting next_dagrun for example_dynamic_task_mapping to None, run_after=None
[2025-01-05T23:54:40.683+0000] {processor.py:208} INFO - Processing /home/airflow/.local/lib/python3.12/site-packages/airflow/example_dags/example_dynamic_task_mapping.py took 0.057 seconds
[2025-01-05T23:55:11.557+0000] {processor.py:186} INFO - Started process (PID=7597) to work on /home/airflow/.local/lib/python3.12/site-packages/airflow/example_dags/example_dynamic_task_mapping.py
[2025-01-05T23:55:11.557+0000] {processor.py:914} INFO - Processing file /home/airflow/.local/lib/python3.12/site-packages/airflow/example_dags/example_dynamic_task_mapping.py for tasks to queue
[2025-01-05T23:55:11.559+0000] {logging_mixin.py:190} INFO - [2025-01-05T23:55:11.559+0000] {dagbag.py:588} INFO - Filling up the DagBag from /home/airflow/.local/lib/python3.12/site-packages/airflow/example_dags/example_dynamic_task_mapping.py
[2025-01-05T23:55:11.566+0000] {processor.py:925} INFO - DAG(s) 'example_dynamic_task_mapping' retrieved from /home/airflow/.local/lib/python3.12/site-packages/airflow/example_dags/example_dynamic_task_mapping.py
[2025-01-05T23:55:11.581+0000] {logging_mixin.py:190} INFO - [2025-01-05T23:55:11.581+0000] {dag.py:3239} INFO - Sync 1 DAGs
[2025-01-05T23:55:11.592+0000] {logging_mixin.py:190} INFO - [2025-01-05T23:55:11.592+0000] {dag.py:4180} INFO - Setting next_dagrun for example_dynamic_task_mapping to None, run_after=None
[2025-01-05T23:55:11.609+0000] {processor.py:208} INFO - Processing /home/airflow/.local/lib/python3.12/site-packages/airflow/example_dags/example_dynamic_task_mapping.py took 0.057 seconds
[2025-01-05T23:55:42.618+0000] {processor.py:186} INFO - Started process (PID=7893) to work on /home/airflow/.local/lib/python3.12/site-packages/airflow/example_dags/example_dynamic_task_mapping.py
[2025-01-05T23:55:42.619+0000] {processor.py:914} INFO - Processing file /home/airflow/.local/lib/python3.12/site-packages/airflow/example_dags/example_dynamic_task_mapping.py for tasks to queue
[2025-01-05T23:55:42.621+0000] {logging_mixin.py:190} INFO - [2025-01-05T23:55:42.620+0000] {dagbag.py:588} INFO - Filling up the DagBag from /home/airflow/.local/lib/python3.12/site-packages/airflow/example_dags/example_dynamic_task_mapping.py
[2025-01-05T23:55:42.628+0000] {processor.py:925} INFO - DAG(s) 'example_dynamic_task_mapping' retrieved from /home/airflow/.local/lib/python3.12/site-packages/airflow/example_dags/example_dynamic_task_mapping.py
[2025-01-05T23:55:42.644+0000] {logging_mixin.py:190} INFO - [2025-01-05T23:55:42.644+0000] {dag.py:3239} INFO - Sync 1 DAGs
[2025-01-05T23:55:42.655+0000] {logging_mixin.py:190} INFO - [2025-01-05T23:55:42.655+0000] {dag.py:4180} INFO - Setting next_dagrun for example_dynamic_task_mapping to None, run_after=None
[2025-01-05T23:55:42.677+0000] {processor.py:208} INFO - Processing /home/airflow/.local/lib/python3.12/site-packages/airflow/example_dags/example_dynamic_task_mapping.py took 0.063 seconds
[2025-01-05T23:56:13.623+0000] {processor.py:186} INFO - Started process (PID=8189) to work on /home/airflow/.local/lib/python3.12/site-packages/airflow/example_dags/example_dynamic_task_mapping.py
[2025-01-05T23:56:13.624+0000] {processor.py:914} INFO - Processing file /home/airflow/.local/lib/python3.12/site-packages/airflow/example_dags/example_dynamic_task_mapping.py for tasks to queue
[2025-01-05T23:56:13.625+0000] {logging_mixin.py:190} INFO - [2025-01-05T23:56:13.625+0000] {dagbag.py:588} INFO - Filling up the DagBag from /home/airflow/.local/lib/python3.12/site-packages/airflow/example_dags/example_dynamic_task_mapping.py
[2025-01-05T23:56:13.632+0000] {processor.py:925} INFO - DAG(s) 'example_dynamic_task_mapping' retrieved from /home/airflow/.local/lib/python3.12/site-packages/airflow/example_dags/example_dynamic_task_mapping.py
[2025-01-05T23:56:13.648+0000] {logging_mixin.py:190} INFO - [2025-01-05T23:56:13.648+0000] {dag.py:3239} INFO - Sync 1 DAGs
[2025-01-05T23:56:13.659+0000] {logging_mixin.py:190} INFO - [2025-01-05T23:56:13.659+0000] {dag.py:4180} INFO - Setting next_dagrun for example_dynamic_task_mapping to None, run_after=None
[2025-01-05T23:56:13.679+0000] {processor.py:208} INFO - Processing /home/airflow/.local/lib/python3.12/site-packages/airflow/example_dags/example_dynamic_task_mapping.py took 0.060 seconds
[2025-01-05T23:56:44.328+0000] {processor.py:186} INFO - Started process (PID=8485) to work on /home/airflow/.local/lib/python3.12/site-packages/airflow/example_dags/example_dynamic_task_mapping.py
[2025-01-05T23:56:44.329+0000] {processor.py:914} INFO - Processing file /home/airflow/.local/lib/python3.12/site-packages/airflow/example_dags/example_dynamic_task_mapping.py for tasks to queue
[2025-01-05T23:56:44.330+0000] {logging_mixin.py:190} INFO - [2025-01-05T23:56:44.330+0000] {dagbag.py:588} INFO - Filling up the DagBag from /home/airflow/.local/lib/python3.12/site-packages/airflow/example_dags/example_dynamic_task_mapping.py
[2025-01-05T23:56:44.338+0000] {processor.py:925} INFO - DAG(s) 'example_dynamic_task_mapping' retrieved from /home/airflow/.local/lib/python3.12/site-packages/airflow/example_dags/example_dynamic_task_mapping.py
[2025-01-05T23:56:44.353+0000] {logging_mixin.py:190} INFO - [2025-01-05T23:56:44.353+0000] {dag.py:3239} INFO - Sync 1 DAGs
[2025-01-05T23:56:44.367+0000] {logging_mixin.py:190} INFO - [2025-01-05T23:56:44.366+0000] {dag.py:4180} INFO - Setting next_dagrun for example_dynamic_task_mapping to None, run_after=None
[2025-01-05T23:56:44.387+0000] {processor.py:208} INFO - Processing /home/airflow/.local/lib/python3.12/site-packages/airflow/example_dags/example_dynamic_task_mapping.py took 0.063 seconds
[2025-01-05T23:57:15.154+0000] {processor.py:186} INFO - Started process (PID=8781) to work on /home/airflow/.local/lib/python3.12/site-packages/airflow/example_dags/example_dynamic_task_mapping.py
[2025-01-05T23:57:15.154+0000] {processor.py:914} INFO - Processing file /home/airflow/.local/lib/python3.12/site-packages/airflow/example_dags/example_dynamic_task_mapping.py for tasks to queue
[2025-01-05T23:57:15.156+0000] {logging_mixin.py:190} INFO - [2025-01-05T23:57:15.156+0000] {dagbag.py:588} INFO - Filling up the DagBag from /home/airflow/.local/lib/python3.12/site-packages/airflow/example_dags/example_dynamic_task_mapping.py
[2025-01-05T23:57:15.163+0000] {processor.py:925} INFO - DAG(s) 'example_dynamic_task_mapping' retrieved from /home/airflow/.local/lib/python3.12/site-packages/airflow/example_dags/example_dynamic_task_mapping.py
[2025-01-05T23:57:15.178+0000] {logging_mixin.py:190} INFO - [2025-01-05T23:57:15.178+0000] {dag.py:3239} INFO - Sync 1 DAGs
[2025-01-05T23:57:15.189+0000] {logging_mixin.py:190} INFO - [2025-01-05T23:57:15.189+0000] {dag.py:4180} INFO - Setting next_dagrun for example_dynamic_task_mapping to None, run_after=None
[2025-01-05T23:57:15.208+0000] {processor.py:208} INFO - Processing /home/airflow/.local/lib/python3.12/site-packages/airflow/example_dags/example_dynamic_task_mapping.py took 0.058 seconds
[2025-01-05T23:57:45.965+0000] {processor.py:186} INFO - Started process (PID=9077) to work on /home/airflow/.local/lib/python3.12/site-packages/airflow/example_dags/example_dynamic_task_mapping.py
[2025-01-05T23:57:45.966+0000] {processor.py:914} INFO - Processing file /home/airflow/.local/lib/python3.12/site-packages/airflow/example_dags/example_dynamic_task_mapping.py for tasks to queue
[2025-01-05T23:57:45.967+0000] {logging_mixin.py:190} INFO - [2025-01-05T23:57:45.967+0000] {dagbag.py:588} INFO - Filling up the DagBag from /home/airflow/.local/lib/python3.12/site-packages/airflow/example_dags/example_dynamic_task_mapping.py
[2025-01-05T23:57:45.974+0000] {processor.py:925} INFO - DAG(s) 'example_dynamic_task_mapping' retrieved from /home/airflow/.local/lib/python3.12/site-packages/airflow/example_dags/example_dynamic_task_mapping.py
[2025-01-05T23:57:45.989+0000] {logging_mixin.py:190} INFO - [2025-01-05T23:57:45.989+0000] {dag.py:3239} INFO - Sync 1 DAGs
[2025-01-05T23:57:46.000+0000] {logging_mixin.py:190} INFO - [2025-01-05T23:57:46.000+0000] {dag.py:4180} INFO - Setting next_dagrun for example_dynamic_task_mapping to None, run_after=None
[2025-01-05T23:57:46.022+0000] {processor.py:208} INFO - Processing /home/airflow/.local/lib/python3.12/site-packages/airflow/example_dags/example_dynamic_task_mapping.py took 0.061 seconds
[2025-01-05T23:58:16.508+0000] {processor.py:186} INFO - Started process (PID=9373) to work on /home/airflow/.local/lib/python3.12/site-packages/airflow/example_dags/example_dynamic_task_mapping.py
[2025-01-05T23:58:16.509+0000] {processor.py:914} INFO - Processing file /home/airflow/.local/lib/python3.12/site-packages/airflow/example_dags/example_dynamic_task_mapping.py for tasks to queue
[2025-01-05T23:58:16.511+0000] {logging_mixin.py:190} INFO - [2025-01-05T23:58:16.511+0000] {dagbag.py:588} INFO - Filling up the DagBag from /home/airflow/.local/lib/python3.12/site-packages/airflow/example_dags/example_dynamic_task_mapping.py
[2025-01-05T23:58:16.518+0000] {processor.py:925} INFO - DAG(s) 'example_dynamic_task_mapping' retrieved from /home/airflow/.local/lib/python3.12/site-packages/airflow/example_dags/example_dynamic_task_mapping.py
[2025-01-05T23:58:16.533+0000] {logging_mixin.py:190} INFO - [2025-01-05T23:58:16.533+0000] {dag.py:3239} INFO - Sync 1 DAGs
[2025-01-05T23:58:16.544+0000] {logging_mixin.py:190} INFO - [2025-01-05T23:58:16.544+0000] {dag.py:4180} INFO - Setting next_dagrun for example_dynamic_task_mapping to None, run_after=None
[2025-01-05T23:58:16.565+0000] {processor.py:208} INFO - Processing /home/airflow/.local/lib/python3.12/site-packages/airflow/example_dags/example_dynamic_task_mapping.py took 0.061 seconds
[2025-01-05T23:58:47.153+0000] {processor.py:186} INFO - Started process (PID=9669) to work on /home/airflow/.local/lib/python3.12/site-packages/airflow/example_dags/example_dynamic_task_mapping.py
[2025-01-05T23:58:47.154+0000] {processor.py:914} INFO - Processing file /home/airflow/.local/lib/python3.12/site-packages/airflow/example_dags/example_dynamic_task_mapping.py for tasks to queue
[2025-01-05T23:58:47.156+0000] {logging_mixin.py:190} INFO - [2025-01-05T23:58:47.155+0000] {dagbag.py:588} INFO - Filling up the DagBag from /home/airflow/.local/lib/python3.12/site-packages/airflow/example_dags/example_dynamic_task_mapping.py
[2025-01-05T23:58:47.162+0000] {processor.py:925} INFO - DAG(s) 'example_dynamic_task_mapping' retrieved from /home/airflow/.local/lib/python3.12/site-packages/airflow/example_dags/example_dynamic_task_mapping.py
[2025-01-05T23:58:47.177+0000] {logging_mixin.py:190} INFO - [2025-01-05T23:58:47.176+0000] {dag.py:3239} INFO - Sync 1 DAGs
[2025-01-05T23:58:47.188+0000] {logging_mixin.py:190} INFO - [2025-01-05T23:58:47.188+0000] {dag.py:4180} INFO - Setting next_dagrun for example_dynamic_task_mapping to None, run_after=None
[2025-01-05T23:58:47.206+0000] {processor.py:208} INFO - Processing /home/airflow/.local/lib/python3.12/site-packages/airflow/example_dags/example_dynamic_task_mapping.py took 0.057 seconds
[2025-01-05T23:59:17.984+0000] {processor.py:186} INFO - Started process (PID=9965) to work on /home/airflow/.local/lib/python3.12/site-packages/airflow/example_dags/example_dynamic_task_mapping.py
[2025-01-05T23:59:17.985+0000] {processor.py:914} INFO - Processing file /home/airflow/.local/lib/python3.12/site-packages/airflow/example_dags/example_dynamic_task_mapping.py for tasks to queue
[2025-01-05T23:59:17.986+0000] {logging_mixin.py:190} INFO - [2025-01-05T23:59:17.986+0000] {dagbag.py:588} INFO - Filling up the DagBag from /home/airflow/.local/lib/python3.12/site-packages/airflow/example_dags/example_dynamic_task_mapping.py
[2025-01-05T23:59:17.993+0000] {processor.py:925} INFO - DAG(s) 'example_dynamic_task_mapping' retrieved from /home/airflow/.local/lib/python3.12/site-packages/airflow/example_dags/example_dynamic_task_mapping.py
[2025-01-05T23:59:18.008+0000] {logging_mixin.py:190} INFO - [2025-01-05T23:59:18.008+0000] {dag.py:3239} INFO - Sync 1 DAGs
[2025-01-05T23:59:18.019+0000] {logging_mixin.py:190} INFO - [2025-01-05T23:59:18.019+0000] {dag.py:4180} INFO - Setting next_dagrun for example_dynamic_task_mapping to None, run_after=None
[2025-01-05T23:59:18.042+0000] {processor.py:208} INFO - Processing /home/airflow/.local/lib/python3.12/site-packages/airflow/example_dags/example_dynamic_task_mapping.py took 0.063 seconds
[2025-01-05T23:59:48.666+0000] {processor.py:186} INFO - Started process (PID=10262) to work on /home/airflow/.local/lib/python3.12/site-packages/airflow/example_dags/example_dynamic_task_mapping.py
[2025-01-05T23:59:48.667+0000] {processor.py:914} INFO - Processing file /home/airflow/.local/lib/python3.12/site-packages/airflow/example_dags/example_dynamic_task_mapping.py for tasks to queue
[2025-01-05T23:59:48.669+0000] {logging_mixin.py:190} INFO - [2025-01-05T23:59:48.669+0000] {dagbag.py:588} INFO - Filling up the DagBag from /home/airflow/.local/lib/python3.12/site-packages/airflow/example_dags/example_dynamic_task_mapping.py
[2025-01-05T23:59:48.676+0000] {processor.py:925} INFO - DAG(s) 'example_dynamic_task_mapping' retrieved from /home/airflow/.local/lib/python3.12/site-packages/airflow/example_dags/example_dynamic_task_mapping.py
[2025-01-05T23:59:48.691+0000] {logging_mixin.py:190} INFO - [2025-01-05T23:59:48.691+0000] {dag.py:3239} INFO - Sync 1 DAGs
[2025-01-05T23:59:48.703+0000] {logging_mixin.py:190} INFO - [2025-01-05T23:59:48.703+0000] {dag.py:4180} INFO - Setting next_dagrun for example_dynamic_task_mapping to None, run_after=None
[2025-01-05T23:59:48.721+0000] {processor.py:208} INFO - Processing /home/airflow/.local/lib/python3.12/site-packages/airflow/example_dags/example_dynamic_task_mapping.py took 0.059 seconds
