[2025-01-05T23:42:22.433+0000] {processor.py:186} INFO - Started process (PID=212) to work on /home/airflow/.local/lib/python3.12/site-packages/airflow/example_dags/example_params_trigger_ui.py
[2025-01-05T23:42:22.434+0000] {processor.py:914} INFO - Processing file /home/airflow/.local/lib/python3.12/site-packages/airflow/example_dags/example_params_trigger_ui.py for tasks to queue
[2025-01-05T23:42:22.437+0000] {logging_mixin.py:190} INFO - [2025-01-05T23:42:22.436+0000] {dagbag.py:588} INFO - Filling up the DagBag from /home/airflow/.local/lib/python3.12/site-packages/airflow/example_dags/example_params_trigger_ui.py
[2025-01-05T23:42:22.451+0000] {processor.py:925} INFO - DAG(s) 'example_params_trigger_ui' retrieved from /home/airflow/.local/lib/python3.12/site-packages/airflow/example_dags/example_params_trigger_ui.py
[2025-01-05T23:42:22.501+0000] {logging_mixin.py:190} INFO - [2025-01-05T23:42:22.501+0000] {dag.py:3239} INFO - Sync 1 DAGs
[2025-01-05T23:42:22.524+0000] {logging_mixin.py:190} INFO - [2025-01-05T23:42:22.524+0000] {dag.py:4180} INFO - Setting next_dagrun for example_params_trigger_ui to None, run_after=None
[2025-01-05T23:42:22.550+0000] {processor.py:208} INFO - Processing /home/airflow/.local/lib/python3.12/site-packages/airflow/example_dags/example_params_trigger_ui.py took 0.123 seconds
[2025-01-05T23:42:53.146+0000] {processor.py:186} INFO - Started process (PID=505) to work on /home/airflow/.local/lib/python3.12/site-packages/airflow/example_dags/example_params_trigger_ui.py
[2025-01-05T23:42:53.148+0000] {processor.py:914} INFO - Processing file /home/airflow/.local/lib/python3.12/site-packages/airflow/example_dags/example_params_trigger_ui.py for tasks to queue
[2025-01-05T23:42:53.149+0000] {logging_mixin.py:190} INFO - [2025-01-05T23:42:53.149+0000] {dagbag.py:588} INFO - Filling up the DagBag from /home/airflow/.local/lib/python3.12/site-packages/airflow/example_dags/example_params_trigger_ui.py
[2025-01-05T23:42:53.158+0000] {processor.py:925} INFO - DAG(s) 'example_params_trigger_ui' retrieved from /home/airflow/.local/lib/python3.12/site-packages/airflow/example_dags/example_params_trigger_ui.py
[2025-01-05T23:42:53.192+0000] {logging_mixin.py:190} INFO - [2025-01-05T23:42:53.192+0000] {dag.py:3239} INFO - Sync 1 DAGs
[2025-01-05T23:42:53.203+0000] {logging_mixin.py:190} INFO - [2025-01-05T23:42:53.202+0000] {dag.py:4180} INFO - Setting next_dagrun for example_params_trigger_ui to None, run_after=None
[2025-01-05T23:42:53.221+0000] {processor.py:208} INFO - Processing /home/airflow/.local/lib/python3.12/site-packages/airflow/example_dags/example_params_trigger_ui.py took 0.079 seconds
[2025-01-05T23:43:23.504+0000] {processor.py:186} INFO - Started process (PID=801) to work on /home/airflow/.local/lib/python3.12/site-packages/airflow/example_dags/example_params_trigger_ui.py
[2025-01-05T23:43:23.509+0000] {processor.py:914} INFO - Processing file /home/airflow/.local/lib/python3.12/site-packages/airflow/example_dags/example_params_trigger_ui.py for tasks to queue
[2025-01-05T23:43:23.513+0000] {logging_mixin.py:190} INFO - [2025-01-05T23:43:23.512+0000] {dagbag.py:588} INFO - Filling up the DagBag from /home/airflow/.local/lib/python3.12/site-packages/airflow/example_dags/example_params_trigger_ui.py
[2025-01-05T23:43:23.529+0000] {processor.py:925} INFO - DAG(s) 'example_params_trigger_ui' retrieved from /home/airflow/.local/lib/python3.12/site-packages/airflow/example_dags/example_params_trigger_ui.py
[2025-01-05T23:43:23.575+0000] {logging_mixin.py:190} INFO - [2025-01-05T23:43:23.575+0000] {dag.py:3239} INFO - Sync 1 DAGs
[2025-01-05T23:43:23.591+0000] {logging_mixin.py:190} INFO - [2025-01-05T23:43:23.591+0000] {dag.py:4180} INFO - Setting next_dagrun for example_params_trigger_ui to None, run_after=None
[2025-01-05T23:43:23.615+0000] {processor.py:208} INFO - Processing /home/airflow/.local/lib/python3.12/site-packages/airflow/example_dags/example_params_trigger_ui.py took 0.117 seconds
[2025-01-05T23:43:54.322+0000] {processor.py:186} INFO - Started process (PID=1097) to work on /home/airflow/.local/lib/python3.12/site-packages/airflow/example_dags/example_params_trigger_ui.py
[2025-01-05T23:43:54.323+0000] {processor.py:914} INFO - Processing file /home/airflow/.local/lib/python3.12/site-packages/airflow/example_dags/example_params_trigger_ui.py for tasks to queue
[2025-01-05T23:43:54.325+0000] {logging_mixin.py:190} INFO - [2025-01-05T23:43:54.325+0000] {dagbag.py:588} INFO - Filling up the DagBag from /home/airflow/.local/lib/python3.12/site-packages/airflow/example_dags/example_params_trigger_ui.py
[2025-01-05T23:43:54.334+0000] {processor.py:925} INFO - DAG(s) 'example_params_trigger_ui' retrieved from /home/airflow/.local/lib/python3.12/site-packages/airflow/example_dags/example_params_trigger_ui.py
[2025-01-05T23:43:54.368+0000] {logging_mixin.py:190} INFO - [2025-01-05T23:43:54.367+0000] {dag.py:3239} INFO - Sync 1 DAGs
[2025-01-05T23:43:54.379+0000] {logging_mixin.py:190} INFO - [2025-01-05T23:43:54.379+0000] {dag.py:4180} INFO - Setting next_dagrun for example_params_trigger_ui to None, run_after=None
[2025-01-05T23:43:54.394+0000] {processor.py:208} INFO - Processing /home/airflow/.local/lib/python3.12/site-packages/airflow/example_dags/example_params_trigger_ui.py took 0.076 seconds
[2025-01-05T23:44:25.333+0000] {processor.py:186} INFO - Started process (PID=1393) to work on /home/airflow/.local/lib/python3.12/site-packages/airflow/example_dags/example_params_trigger_ui.py
[2025-01-05T23:44:25.334+0000] {processor.py:914} INFO - Processing file /home/airflow/.local/lib/python3.12/site-packages/airflow/example_dags/example_params_trigger_ui.py for tasks to queue
[2025-01-05T23:44:25.336+0000] {logging_mixin.py:190} INFO - [2025-01-05T23:44:25.336+0000] {dagbag.py:588} INFO - Filling up the DagBag from /home/airflow/.local/lib/python3.12/site-packages/airflow/example_dags/example_params_trigger_ui.py
[2025-01-05T23:44:25.345+0000] {processor.py:925} INFO - DAG(s) 'example_params_trigger_ui' retrieved from /home/airflow/.local/lib/python3.12/site-packages/airflow/example_dags/example_params_trigger_ui.py
[2025-01-05T23:44:25.377+0000] {logging_mixin.py:190} INFO - [2025-01-05T23:44:25.377+0000] {dag.py:3239} INFO - Sync 1 DAGs
[2025-01-05T23:44:25.388+0000] {logging_mixin.py:190} INFO - [2025-01-05T23:44:25.388+0000] {dag.py:4180} INFO - Setting next_dagrun for example_params_trigger_ui to None, run_after=None
[2025-01-05T23:44:25.406+0000] {processor.py:208} INFO - Processing /home/airflow/.local/lib/python3.12/site-packages/airflow/example_dags/example_params_trigger_ui.py took 0.077 seconds
[2025-01-05T23:44:55.832+0000] {processor.py:186} INFO - Started process (PID=1689) to work on /home/airflow/.local/lib/python3.12/site-packages/airflow/example_dags/example_params_trigger_ui.py
[2025-01-05T23:44:55.833+0000] {processor.py:914} INFO - Processing file /home/airflow/.local/lib/python3.12/site-packages/airflow/example_dags/example_params_trigger_ui.py for tasks to queue
[2025-01-05T23:44:55.835+0000] {logging_mixin.py:190} INFO - [2025-01-05T23:44:55.835+0000] {dagbag.py:588} INFO - Filling up the DagBag from /home/airflow/.local/lib/python3.12/site-packages/airflow/example_dags/example_params_trigger_ui.py
[2025-01-05T23:44:55.843+0000] {processor.py:925} INFO - DAG(s) 'example_params_trigger_ui' retrieved from /home/airflow/.local/lib/python3.12/site-packages/airflow/example_dags/example_params_trigger_ui.py
[2025-01-05T23:44:55.883+0000] {logging_mixin.py:190} INFO - [2025-01-05T23:44:55.883+0000] {dag.py:3239} INFO - Sync 1 DAGs
[2025-01-05T23:44:55.896+0000] {logging_mixin.py:190} INFO - [2025-01-05T23:44:55.895+0000] {dag.py:4180} INFO - Setting next_dagrun for example_params_trigger_ui to None, run_after=None
[2025-01-05T23:44:55.915+0000] {processor.py:208} INFO - Processing /home/airflow/.local/lib/python3.12/site-packages/airflow/example_dags/example_params_trigger_ui.py took 0.087 seconds
[2025-01-05T23:45:26.590+0000] {processor.py:186} INFO - Started process (PID=1985) to work on /home/airflow/.local/lib/python3.12/site-packages/airflow/example_dags/example_params_trigger_ui.py
[2025-01-05T23:45:26.591+0000] {processor.py:914} INFO - Processing file /home/airflow/.local/lib/python3.12/site-packages/airflow/example_dags/example_params_trigger_ui.py for tasks to queue
[2025-01-05T23:45:26.593+0000] {logging_mixin.py:190} INFO - [2025-01-05T23:45:26.593+0000] {dagbag.py:588} INFO - Filling up the DagBag from /home/airflow/.local/lib/python3.12/site-packages/airflow/example_dags/example_params_trigger_ui.py
[2025-01-05T23:45:26.601+0000] {processor.py:925} INFO - DAG(s) 'example_params_trigger_ui' retrieved from /home/airflow/.local/lib/python3.12/site-packages/airflow/example_dags/example_params_trigger_ui.py
[2025-01-05T23:45:26.636+0000] {logging_mixin.py:190} INFO - [2025-01-05T23:45:26.636+0000] {dag.py:3239} INFO - Sync 1 DAGs
[2025-01-05T23:45:26.648+0000] {logging_mixin.py:190} INFO - [2025-01-05T23:45:26.648+0000] {dag.py:4180} INFO - Setting next_dagrun for example_params_trigger_ui to None, run_after=None
[2025-01-05T23:45:26.668+0000] {processor.py:208} INFO - Processing /home/airflow/.local/lib/python3.12/site-packages/airflow/example_dags/example_params_trigger_ui.py took 0.082 seconds
[2025-01-05T23:45:57.299+0000] {processor.py:186} INFO - Started process (PID=2281) to work on /home/airflow/.local/lib/python3.12/site-packages/airflow/example_dags/example_params_trigger_ui.py
[2025-01-05T23:45:57.300+0000] {processor.py:914} INFO - Processing file /home/airflow/.local/lib/python3.12/site-packages/airflow/example_dags/example_params_trigger_ui.py for tasks to queue
[2025-01-05T23:45:57.305+0000] {logging_mixin.py:190} INFO - [2025-01-05T23:45:57.305+0000] {dagbag.py:588} INFO - Filling up the DagBag from /home/airflow/.local/lib/python3.12/site-packages/airflow/example_dags/example_params_trigger_ui.py
[2025-01-05T23:45:57.316+0000] {processor.py:925} INFO - DAG(s) 'example_params_trigger_ui' retrieved from /home/airflow/.local/lib/python3.12/site-packages/airflow/example_dags/example_params_trigger_ui.py
[2025-01-05T23:45:57.366+0000] {logging_mixin.py:190} INFO - [2025-01-05T23:45:57.366+0000] {dag.py:3239} INFO - Sync 1 DAGs
[2025-01-05T23:45:57.384+0000] {logging_mixin.py:190} INFO - [2025-01-05T23:45:57.384+0000] {dag.py:4180} INFO - Setting next_dagrun for example_params_trigger_ui to None, run_after=None
[2025-01-05T23:45:57.403+0000] {processor.py:208} INFO - Processing /home/airflow/.local/lib/python3.12/site-packages/airflow/example_dags/example_params_trigger_ui.py took 0.110 seconds
[2025-01-05T23:46:27.477+0000] {processor.py:186} INFO - Started process (PID=2577) to work on /home/airflow/.local/lib/python3.12/site-packages/airflow/example_dags/example_params_trigger_ui.py
[2025-01-05T23:46:27.477+0000] {processor.py:914} INFO - Processing file /home/airflow/.local/lib/python3.12/site-packages/airflow/example_dags/example_params_trigger_ui.py for tasks to queue
[2025-01-05T23:46:27.479+0000] {logging_mixin.py:190} INFO - [2025-01-05T23:46:27.479+0000] {dagbag.py:588} INFO - Filling up the DagBag from /home/airflow/.local/lib/python3.12/site-packages/airflow/example_dags/example_params_trigger_ui.py
[2025-01-05T23:46:27.487+0000] {processor.py:925} INFO - DAG(s) 'example_params_trigger_ui' retrieved from /home/airflow/.local/lib/python3.12/site-packages/airflow/example_dags/example_params_trigger_ui.py
[2025-01-05T23:46:27.522+0000] {logging_mixin.py:190} INFO - [2025-01-05T23:46:27.521+0000] {dag.py:3239} INFO - Sync 1 DAGs
[2025-01-05T23:46:27.533+0000] {logging_mixin.py:190} INFO - [2025-01-05T23:46:27.532+0000] {dag.py:4180} INFO - Setting next_dagrun for example_params_trigger_ui to None, run_after=None
[2025-01-05T23:46:27.548+0000] {processor.py:208} INFO - Processing /home/airflow/.local/lib/python3.12/site-packages/airflow/example_dags/example_params_trigger_ui.py took 0.076 seconds
[2025-01-05T23:46:57.864+0000] {processor.py:186} INFO - Started process (PID=2873) to work on /home/airflow/.local/lib/python3.12/site-packages/airflow/example_dags/example_params_trigger_ui.py
[2025-01-05T23:46:57.865+0000] {processor.py:914} INFO - Processing file /home/airflow/.local/lib/python3.12/site-packages/airflow/example_dags/example_params_trigger_ui.py for tasks to queue
[2025-01-05T23:46:57.867+0000] {logging_mixin.py:190} INFO - [2025-01-05T23:46:57.867+0000] {dagbag.py:588} INFO - Filling up the DagBag from /home/airflow/.local/lib/python3.12/site-packages/airflow/example_dags/example_params_trigger_ui.py
[2025-01-05T23:46:57.876+0000] {processor.py:925} INFO - DAG(s) 'example_params_trigger_ui' retrieved from /home/airflow/.local/lib/python3.12/site-packages/airflow/example_dags/example_params_trigger_ui.py
[2025-01-05T23:46:57.921+0000] {logging_mixin.py:190} INFO - [2025-01-05T23:46:57.921+0000] {dag.py:3239} INFO - Sync 1 DAGs
[2025-01-05T23:46:57.935+0000] {logging_mixin.py:190} INFO - [2025-01-05T23:46:57.934+0000] {dag.py:4180} INFO - Setting next_dagrun for example_params_trigger_ui to None, run_after=None
[2025-01-05T23:46:57.952+0000] {processor.py:208} INFO - Processing /home/airflow/.local/lib/python3.12/site-packages/airflow/example_dags/example_params_trigger_ui.py took 0.094 seconds
[2025-01-05T23:47:28.828+0000] {processor.py:186} INFO - Started process (PID=3169) to work on /home/airflow/.local/lib/python3.12/site-packages/airflow/example_dags/example_params_trigger_ui.py
[2025-01-05T23:47:28.829+0000] {processor.py:914} INFO - Processing file /home/airflow/.local/lib/python3.12/site-packages/airflow/example_dags/example_params_trigger_ui.py for tasks to queue
[2025-01-05T23:47:28.831+0000] {logging_mixin.py:190} INFO - [2025-01-05T23:47:28.831+0000] {dagbag.py:588} INFO - Filling up the DagBag from /home/airflow/.local/lib/python3.12/site-packages/airflow/example_dags/example_params_trigger_ui.py
[2025-01-05T23:47:28.842+0000] {processor.py:925} INFO - DAG(s) 'example_params_trigger_ui' retrieved from /home/airflow/.local/lib/python3.12/site-packages/airflow/example_dags/example_params_trigger_ui.py
[2025-01-05T23:47:28.877+0000] {logging_mixin.py:190} INFO - [2025-01-05T23:47:28.876+0000] {dag.py:3239} INFO - Sync 1 DAGs
[2025-01-05T23:47:28.903+0000] {logging_mixin.py:190} INFO - [2025-01-05T23:47:28.903+0000] {dag.py:4180} INFO - Setting next_dagrun for example_params_trigger_ui to None, run_after=None
[2025-01-05T23:47:28.918+0000] {processor.py:208} INFO - Processing /home/airflow/.local/lib/python3.12/site-packages/airflow/example_dags/example_params_trigger_ui.py took 0.095 seconds
[2025-01-05T23:47:59.489+0000] {processor.py:186} INFO - Started process (PID=3465) to work on /home/airflow/.local/lib/python3.12/site-packages/airflow/example_dags/example_params_trigger_ui.py
[2025-01-05T23:47:59.490+0000] {processor.py:914} INFO - Processing file /home/airflow/.local/lib/python3.12/site-packages/airflow/example_dags/example_params_trigger_ui.py for tasks to queue
[2025-01-05T23:47:59.492+0000] {logging_mixin.py:190} INFO - [2025-01-05T23:47:59.492+0000] {dagbag.py:588} INFO - Filling up the DagBag from /home/airflow/.local/lib/python3.12/site-packages/airflow/example_dags/example_params_trigger_ui.py
[2025-01-05T23:47:59.502+0000] {processor.py:925} INFO - DAG(s) 'example_params_trigger_ui' retrieved from /home/airflow/.local/lib/python3.12/site-packages/airflow/example_dags/example_params_trigger_ui.py
[2025-01-05T23:47:59.536+0000] {logging_mixin.py:190} INFO - [2025-01-05T23:47:59.536+0000] {dag.py:3239} INFO - Sync 1 DAGs
[2025-01-05T23:47:59.548+0000] {logging_mixin.py:190} INFO - [2025-01-05T23:47:59.548+0000] {dag.py:4180} INFO - Setting next_dagrun for example_params_trigger_ui to None, run_after=None
[2025-01-05T23:47:59.566+0000] {processor.py:208} INFO - Processing /home/airflow/.local/lib/python3.12/site-packages/airflow/example_dags/example_params_trigger_ui.py took 0.081 seconds
[2025-01-05T23:48:30.216+0000] {processor.py:186} INFO - Started process (PID=3761) to work on /home/airflow/.local/lib/python3.12/site-packages/airflow/example_dags/example_params_trigger_ui.py
[2025-01-05T23:48:30.217+0000] {processor.py:914} INFO - Processing file /home/airflow/.local/lib/python3.12/site-packages/airflow/example_dags/example_params_trigger_ui.py for tasks to queue
[2025-01-05T23:48:30.219+0000] {logging_mixin.py:190} INFO - [2025-01-05T23:48:30.218+0000] {dagbag.py:588} INFO - Filling up the DagBag from /home/airflow/.local/lib/python3.12/site-packages/airflow/example_dags/example_params_trigger_ui.py
[2025-01-05T23:48:30.227+0000] {processor.py:925} INFO - DAG(s) 'example_params_trigger_ui' retrieved from /home/airflow/.local/lib/python3.12/site-packages/airflow/example_dags/example_params_trigger_ui.py
[2025-01-05T23:48:30.264+0000] {logging_mixin.py:190} INFO - [2025-01-05T23:48:30.264+0000] {dag.py:3239} INFO - Sync 1 DAGs
[2025-01-05T23:48:30.276+0000] {logging_mixin.py:190} INFO - [2025-01-05T23:48:30.276+0000] {dag.py:4180} INFO - Setting next_dagrun for example_params_trigger_ui to None, run_after=None
[2025-01-05T23:48:30.292+0000] {processor.py:208} INFO - Processing /home/airflow/.local/lib/python3.12/site-packages/airflow/example_dags/example_params_trigger_ui.py took 0.081 seconds
[2025-01-05T23:49:00.934+0000] {processor.py:186} INFO - Started process (PID=4055) to work on /home/airflow/.local/lib/python3.12/site-packages/airflow/example_dags/example_params_trigger_ui.py
[2025-01-05T23:49:00.935+0000] {processor.py:914} INFO - Processing file /home/airflow/.local/lib/python3.12/site-packages/airflow/example_dags/example_params_trigger_ui.py for tasks to queue
[2025-01-05T23:49:00.937+0000] {logging_mixin.py:190} INFO - [2025-01-05T23:49:00.937+0000] {dagbag.py:588} INFO - Filling up the DagBag from /home/airflow/.local/lib/python3.12/site-packages/airflow/example_dags/example_params_trigger_ui.py
[2025-01-05T23:49:00.947+0000] {processor.py:925} INFO - DAG(s) 'example_params_trigger_ui' retrieved from /home/airflow/.local/lib/python3.12/site-packages/airflow/example_dags/example_params_trigger_ui.py
[2025-01-05T23:49:00.987+0000] {logging_mixin.py:190} INFO - [2025-01-05T23:49:00.987+0000] {dag.py:3239} INFO - Sync 1 DAGs
[2025-01-05T23:49:01.002+0000] {logging_mixin.py:190} INFO - [2025-01-05T23:49:01.002+0000] {dag.py:4180} INFO - Setting next_dagrun for example_params_trigger_ui to None, run_after=None
[2025-01-05T23:49:01.023+0000] {processor.py:208} INFO - Processing /home/airflow/.local/lib/python3.12/site-packages/airflow/example_dags/example_params_trigger_ui.py took 0.093 seconds
[2025-01-05T23:49:31.815+0000] {processor.py:186} INFO - Started process (PID=4353) to work on /home/airflow/.local/lib/python3.12/site-packages/airflow/example_dags/example_params_trigger_ui.py
[2025-01-05T23:49:31.816+0000] {processor.py:914} INFO - Processing file /home/airflow/.local/lib/python3.12/site-packages/airflow/example_dags/example_params_trigger_ui.py for tasks to queue
[2025-01-05T23:49:31.818+0000] {logging_mixin.py:190} INFO - [2025-01-05T23:49:31.817+0000] {dagbag.py:588} INFO - Filling up the DagBag from /home/airflow/.local/lib/python3.12/site-packages/airflow/example_dags/example_params_trigger_ui.py
[2025-01-05T23:49:31.827+0000] {processor.py:925} INFO - DAG(s) 'example_params_trigger_ui' retrieved from /home/airflow/.local/lib/python3.12/site-packages/airflow/example_dags/example_params_trigger_ui.py
[2025-01-05T23:49:31.860+0000] {logging_mixin.py:190} INFO - [2025-01-05T23:49:31.860+0000] {dag.py:3239} INFO - Sync 1 DAGs
[2025-01-05T23:49:31.871+0000] {logging_mixin.py:190} INFO - [2025-01-05T23:49:31.871+0000] {dag.py:4180} INFO - Setting next_dagrun for example_params_trigger_ui to None, run_after=None
[2025-01-05T23:49:31.889+0000] {processor.py:208} INFO - Processing /home/airflow/.local/lib/python3.12/site-packages/airflow/example_dags/example_params_trigger_ui.py took 0.079 seconds
[2025-01-05T23:50:02.607+0000] {processor.py:186} INFO - Started process (PID=4647) to work on /home/airflow/.local/lib/python3.12/site-packages/airflow/example_dags/example_params_trigger_ui.py
[2025-01-05T23:50:02.608+0000] {processor.py:914} INFO - Processing file /home/airflow/.local/lib/python3.12/site-packages/airflow/example_dags/example_params_trigger_ui.py for tasks to queue
[2025-01-05T23:50:02.610+0000] {logging_mixin.py:190} INFO - [2025-01-05T23:50:02.610+0000] {dagbag.py:588} INFO - Filling up the DagBag from /home/airflow/.local/lib/python3.12/site-packages/airflow/example_dags/example_params_trigger_ui.py
[2025-01-05T23:50:02.618+0000] {processor.py:925} INFO - DAG(s) 'example_params_trigger_ui' retrieved from /home/airflow/.local/lib/python3.12/site-packages/airflow/example_dags/example_params_trigger_ui.py
[2025-01-05T23:50:02.655+0000] {logging_mixin.py:190} INFO - [2025-01-05T23:50:02.655+0000] {dag.py:3239} INFO - Sync 1 DAGs
[2025-01-05T23:50:02.666+0000] {logging_mixin.py:190} INFO - [2025-01-05T23:50:02.666+0000] {dag.py:4180} INFO - Setting next_dagrun for example_params_trigger_ui to None, run_after=None
[2025-01-05T23:50:02.681+0000] {processor.py:208} INFO - Processing /home/airflow/.local/lib/python3.12/site-packages/airflow/example_dags/example_params_trigger_ui.py took 0.079 seconds
[2025-01-05T23:50:33.641+0000] {processor.py:186} INFO - Started process (PID=4945) to work on /home/airflow/.local/lib/python3.12/site-packages/airflow/example_dags/example_params_trigger_ui.py
[2025-01-05T23:50:33.642+0000] {processor.py:914} INFO - Processing file /home/airflow/.local/lib/python3.12/site-packages/airflow/example_dags/example_params_trigger_ui.py for tasks to queue
[2025-01-05T23:50:33.644+0000] {logging_mixin.py:190} INFO - [2025-01-05T23:50:33.644+0000] {dagbag.py:588} INFO - Filling up the DagBag from /home/airflow/.local/lib/python3.12/site-packages/airflow/example_dags/example_params_trigger_ui.py
[2025-01-05T23:50:33.653+0000] {processor.py:925} INFO - DAG(s) 'example_params_trigger_ui' retrieved from /home/airflow/.local/lib/python3.12/site-packages/airflow/example_dags/example_params_trigger_ui.py
[2025-01-05T23:50:33.688+0000] {logging_mixin.py:190} INFO - [2025-01-05T23:50:33.688+0000] {dag.py:3239} INFO - Sync 1 DAGs
[2025-01-05T23:50:33.701+0000] {logging_mixin.py:190} INFO - [2025-01-05T23:50:33.701+0000] {dag.py:4180} INFO - Setting next_dagrun for example_params_trigger_ui to None, run_after=None
[2025-01-05T23:50:33.718+0000] {processor.py:208} INFO - Processing /home/airflow/.local/lib/python3.12/site-packages/airflow/example_dags/example_params_trigger_ui.py took 0.081 seconds
[2025-01-05T23:51:04.523+0000] {processor.py:186} INFO - Started process (PID=5241) to work on /home/airflow/.local/lib/python3.12/site-packages/airflow/example_dags/example_params_trigger_ui.py
[2025-01-05T23:51:04.524+0000] {processor.py:914} INFO - Processing file /home/airflow/.local/lib/python3.12/site-packages/airflow/example_dags/example_params_trigger_ui.py for tasks to queue
[2025-01-05T23:51:04.526+0000] {logging_mixin.py:190} INFO - [2025-01-05T23:51:04.526+0000] {dagbag.py:588} INFO - Filling up the DagBag from /home/airflow/.local/lib/python3.12/site-packages/airflow/example_dags/example_params_trigger_ui.py
[2025-01-05T23:51:04.534+0000] {processor.py:925} INFO - DAG(s) 'example_params_trigger_ui' retrieved from /home/airflow/.local/lib/python3.12/site-packages/airflow/example_dags/example_params_trigger_ui.py
[2025-01-05T23:51:04.568+0000] {logging_mixin.py:190} INFO - [2025-01-05T23:51:04.567+0000] {dag.py:3239} INFO - Sync 1 DAGs
[2025-01-05T23:51:04.578+0000] {logging_mixin.py:190} INFO - [2025-01-05T23:51:04.578+0000] {dag.py:4180} INFO - Setting next_dagrun for example_params_trigger_ui to None, run_after=None
[2025-01-05T23:51:04.594+0000] {processor.py:208} INFO - Processing /home/airflow/.local/lib/python3.12/site-packages/airflow/example_dags/example_params_trigger_ui.py took 0.075 seconds
[2025-01-05T23:51:35.635+0000] {processor.py:186} INFO - Started process (PID=5537) to work on /home/airflow/.local/lib/python3.12/site-packages/airflow/example_dags/example_params_trigger_ui.py
[2025-01-05T23:51:35.636+0000] {processor.py:914} INFO - Processing file /home/airflow/.local/lib/python3.12/site-packages/airflow/example_dags/example_params_trigger_ui.py for tasks to queue
[2025-01-05T23:51:35.638+0000] {logging_mixin.py:190} INFO - [2025-01-05T23:51:35.638+0000] {dagbag.py:588} INFO - Filling up the DagBag from /home/airflow/.local/lib/python3.12/site-packages/airflow/example_dags/example_params_trigger_ui.py
[2025-01-05T23:51:35.646+0000] {processor.py:925} INFO - DAG(s) 'example_params_trigger_ui' retrieved from /home/airflow/.local/lib/python3.12/site-packages/airflow/example_dags/example_params_trigger_ui.py
[2025-01-05T23:51:35.679+0000] {logging_mixin.py:190} INFO - [2025-01-05T23:51:35.679+0000] {dag.py:3239} INFO - Sync 1 DAGs
[2025-01-05T23:51:35.689+0000] {logging_mixin.py:190} INFO - [2025-01-05T23:51:35.689+0000] {dag.py:4180} INFO - Setting next_dagrun for example_params_trigger_ui to None, run_after=None
[2025-01-05T23:51:35.707+0000] {processor.py:208} INFO - Processing /home/airflow/.local/lib/python3.12/site-packages/airflow/example_dags/example_params_trigger_ui.py took 0.077 seconds
[2025-01-05T23:52:06.414+0000] {processor.py:186} INFO - Started process (PID=5833) to work on /home/airflow/.local/lib/python3.12/site-packages/airflow/example_dags/example_params_trigger_ui.py
[2025-01-05T23:52:06.415+0000] {processor.py:914} INFO - Processing file /home/airflow/.local/lib/python3.12/site-packages/airflow/example_dags/example_params_trigger_ui.py for tasks to queue
[2025-01-05T23:52:06.418+0000] {logging_mixin.py:190} INFO - [2025-01-05T23:52:06.418+0000] {dagbag.py:588} INFO - Filling up the DagBag from /home/airflow/.local/lib/python3.12/site-packages/airflow/example_dags/example_params_trigger_ui.py
[2025-01-05T23:52:06.431+0000] {processor.py:925} INFO - DAG(s) 'example_params_trigger_ui' retrieved from /home/airflow/.local/lib/python3.12/site-packages/airflow/example_dags/example_params_trigger_ui.py
[2025-01-05T23:52:06.477+0000] {logging_mixin.py:190} INFO - [2025-01-05T23:52:06.477+0000] {dag.py:3239} INFO - Sync 1 DAGs
[2025-01-05T23:52:06.494+0000] {logging_mixin.py:190} INFO - [2025-01-05T23:52:06.493+0000] {dag.py:4180} INFO - Setting next_dagrun for example_params_trigger_ui to None, run_after=None
[2025-01-05T23:52:06.511+0000] {processor.py:208} INFO - Processing /home/airflow/.local/lib/python3.12/site-packages/airflow/example_dags/example_params_trigger_ui.py took 0.104 seconds
[2025-01-05T23:52:37.441+0000] {processor.py:186} INFO - Started process (PID=6129) to work on /home/airflow/.local/lib/python3.12/site-packages/airflow/example_dags/example_params_trigger_ui.py
[2025-01-05T23:52:37.442+0000] {processor.py:914} INFO - Processing file /home/airflow/.local/lib/python3.12/site-packages/airflow/example_dags/example_params_trigger_ui.py for tasks to queue
[2025-01-05T23:52:37.444+0000] {logging_mixin.py:190} INFO - [2025-01-05T23:52:37.444+0000] {dagbag.py:588} INFO - Filling up the DagBag from /home/airflow/.local/lib/python3.12/site-packages/airflow/example_dags/example_params_trigger_ui.py
[2025-01-05T23:52:37.453+0000] {processor.py:925} INFO - DAG(s) 'example_params_trigger_ui' retrieved from /home/airflow/.local/lib/python3.12/site-packages/airflow/example_dags/example_params_trigger_ui.py
[2025-01-05T23:52:37.488+0000] {logging_mixin.py:190} INFO - [2025-01-05T23:52:37.488+0000] {dag.py:3239} INFO - Sync 1 DAGs
[2025-01-05T23:52:37.500+0000] {logging_mixin.py:190} INFO - [2025-01-05T23:52:37.500+0000] {dag.py:4180} INFO - Setting next_dagrun for example_params_trigger_ui to None, run_after=None
[2025-01-05T23:52:37.517+0000] {processor.py:208} INFO - Processing /home/airflow/.local/lib/python3.12/site-packages/airflow/example_dags/example_params_trigger_ui.py took 0.081 seconds
[2025-01-05T23:53:08.295+0000] {processor.py:186} INFO - Started process (PID=6423) to work on /home/airflow/.local/lib/python3.12/site-packages/airflow/example_dags/example_params_trigger_ui.py
[2025-01-05T23:53:08.296+0000] {processor.py:914} INFO - Processing file /home/airflow/.local/lib/python3.12/site-packages/airflow/example_dags/example_params_trigger_ui.py for tasks to queue
[2025-01-05T23:53:08.298+0000] {logging_mixin.py:190} INFO - [2025-01-05T23:53:08.298+0000] {dagbag.py:588} INFO - Filling up the DagBag from /home/airflow/.local/lib/python3.12/site-packages/airflow/example_dags/example_params_trigger_ui.py
[2025-01-05T23:53:08.307+0000] {processor.py:925} INFO - DAG(s) 'example_params_trigger_ui' retrieved from /home/airflow/.local/lib/python3.12/site-packages/airflow/example_dags/example_params_trigger_ui.py
[2025-01-05T23:53:08.339+0000] {logging_mixin.py:190} INFO - [2025-01-05T23:53:08.339+0000] {dag.py:3239} INFO - Sync 1 DAGs
[2025-01-05T23:53:08.350+0000] {logging_mixin.py:190} INFO - [2025-01-05T23:53:08.350+0000] {dag.py:4180} INFO - Setting next_dagrun for example_params_trigger_ui to None, run_after=None
[2025-01-05T23:53:08.369+0000] {processor.py:208} INFO - Processing /home/airflow/.local/lib/python3.12/site-packages/airflow/example_dags/example_params_trigger_ui.py took 0.078 seconds
[2025-01-05T23:53:39.219+0000] {processor.py:186} INFO - Started process (PID=6721) to work on /home/airflow/.local/lib/python3.12/site-packages/airflow/example_dags/example_params_trigger_ui.py
[2025-01-05T23:53:39.220+0000] {processor.py:914} INFO - Processing file /home/airflow/.local/lib/python3.12/site-packages/airflow/example_dags/example_params_trigger_ui.py for tasks to queue
[2025-01-05T23:53:39.222+0000] {logging_mixin.py:190} INFO - [2025-01-05T23:53:39.222+0000] {dagbag.py:588} INFO - Filling up the DagBag from /home/airflow/.local/lib/python3.12/site-packages/airflow/example_dags/example_params_trigger_ui.py
[2025-01-05T23:53:39.231+0000] {processor.py:925} INFO - DAG(s) 'example_params_trigger_ui' retrieved from /home/airflow/.local/lib/python3.12/site-packages/airflow/example_dags/example_params_trigger_ui.py
[2025-01-05T23:53:39.270+0000] {logging_mixin.py:190} INFO - [2025-01-05T23:53:39.269+0000] {dag.py:3239} INFO - Sync 1 DAGs
[2025-01-05T23:53:39.284+0000] {logging_mixin.py:190} INFO - [2025-01-05T23:53:39.283+0000] {dag.py:4180} INFO - Setting next_dagrun for example_params_trigger_ui to None, run_after=None
[2025-01-05T23:53:39.303+0000] {processor.py:208} INFO - Processing /home/airflow/.local/lib/python3.12/site-packages/airflow/example_dags/example_params_trigger_ui.py took 0.092 seconds
[2025-01-05T23:54:09.815+0000] {processor.py:186} INFO - Started process (PID=7017) to work on /home/airflow/.local/lib/python3.12/site-packages/airflow/example_dags/example_params_trigger_ui.py
[2025-01-05T23:54:09.816+0000] {processor.py:914} INFO - Processing file /home/airflow/.local/lib/python3.12/site-packages/airflow/example_dags/example_params_trigger_ui.py for tasks to queue
[2025-01-05T23:54:09.818+0000] {logging_mixin.py:190} INFO - [2025-01-05T23:54:09.818+0000] {dagbag.py:588} INFO - Filling up the DagBag from /home/airflow/.local/lib/python3.12/site-packages/airflow/example_dags/example_params_trigger_ui.py
[2025-01-05T23:54:09.828+0000] {processor.py:925} INFO - DAG(s) 'example_params_trigger_ui' retrieved from /home/airflow/.local/lib/python3.12/site-packages/airflow/example_dags/example_params_trigger_ui.py
[2025-01-05T23:54:09.864+0000] {logging_mixin.py:190} INFO - [2025-01-05T23:54:09.864+0000] {dag.py:3239} INFO - Sync 1 DAGs
[2025-01-05T23:54:09.877+0000] {logging_mixin.py:190} INFO - [2025-01-05T23:54:09.876+0000] {dag.py:4180} INFO - Setting next_dagrun for example_params_trigger_ui to None, run_after=None
[2025-01-05T23:54:09.897+0000] {processor.py:208} INFO - Processing /home/airflow/.local/lib/python3.12/site-packages/airflow/example_dags/example_params_trigger_ui.py took 0.086 seconds
[2025-01-05T23:54:40.817+0000] {processor.py:186} INFO - Started process (PID=7313) to work on /home/airflow/.local/lib/python3.12/site-packages/airflow/example_dags/example_params_trigger_ui.py
[2025-01-05T23:54:40.818+0000] {processor.py:914} INFO - Processing file /home/airflow/.local/lib/python3.12/site-packages/airflow/example_dags/example_params_trigger_ui.py for tasks to queue
[2025-01-05T23:54:40.820+0000] {logging_mixin.py:190} INFO - [2025-01-05T23:54:40.819+0000] {dagbag.py:588} INFO - Filling up the DagBag from /home/airflow/.local/lib/python3.12/site-packages/airflow/example_dags/example_params_trigger_ui.py
[2025-01-05T23:54:40.828+0000] {processor.py:925} INFO - DAG(s) 'example_params_trigger_ui' retrieved from /home/airflow/.local/lib/python3.12/site-packages/airflow/example_dags/example_params_trigger_ui.py
[2025-01-05T23:54:40.870+0000] {logging_mixin.py:190} INFO - [2025-01-05T23:54:40.869+0000] {dag.py:3239} INFO - Sync 1 DAGs
[2025-01-05T23:54:40.885+0000] {logging_mixin.py:190} INFO - [2025-01-05T23:54:40.885+0000] {dag.py:4180} INFO - Setting next_dagrun for example_params_trigger_ui to None, run_after=None
[2025-01-05T23:54:40.905+0000] {processor.py:208} INFO - Processing /home/airflow/.local/lib/python3.12/site-packages/airflow/example_dags/example_params_trigger_ui.py took 0.092 seconds
[2025-01-05T23:55:11.652+0000] {processor.py:186} INFO - Started process (PID=7607) to work on /home/airflow/.local/lib/python3.12/site-packages/airflow/example_dags/example_params_trigger_ui.py
[2025-01-05T23:55:11.653+0000] {processor.py:914} INFO - Processing file /home/airflow/.local/lib/python3.12/site-packages/airflow/example_dags/example_params_trigger_ui.py for tasks to queue
[2025-01-05T23:55:11.655+0000] {logging_mixin.py:190} INFO - [2025-01-05T23:55:11.654+0000] {dagbag.py:588} INFO - Filling up the DagBag from /home/airflow/.local/lib/python3.12/site-packages/airflow/example_dags/example_params_trigger_ui.py
[2025-01-05T23:55:11.663+0000] {processor.py:925} INFO - DAG(s) 'example_params_trigger_ui' retrieved from /home/airflow/.local/lib/python3.12/site-packages/airflow/example_dags/example_params_trigger_ui.py
[2025-01-05T23:55:11.696+0000] {logging_mixin.py:190} INFO - [2025-01-05T23:55:11.696+0000] {dag.py:3239} INFO - Sync 1 DAGs
[2025-01-05T23:55:11.708+0000] {logging_mixin.py:190} INFO - [2025-01-05T23:55:11.708+0000] {dag.py:4180} INFO - Setting next_dagrun for example_params_trigger_ui to None, run_after=None
[2025-01-05T23:55:11.726+0000] {processor.py:208} INFO - Processing /home/airflow/.local/lib/python3.12/site-packages/airflow/example_dags/example_params_trigger_ui.py took 0.078 seconds
[2025-01-05T23:55:42.809+0000] {processor.py:186} INFO - Started process (PID=7905) to work on /home/airflow/.local/lib/python3.12/site-packages/airflow/example_dags/example_params_trigger_ui.py
[2025-01-05T23:55:42.809+0000] {processor.py:914} INFO - Processing file /home/airflow/.local/lib/python3.12/site-packages/airflow/example_dags/example_params_trigger_ui.py for tasks to queue
[2025-01-05T23:55:42.811+0000] {logging_mixin.py:190} INFO - [2025-01-05T23:55:42.811+0000] {dagbag.py:588} INFO - Filling up the DagBag from /home/airflow/.local/lib/python3.12/site-packages/airflow/example_dags/example_params_trigger_ui.py
[2025-01-05T23:55:42.819+0000] {processor.py:925} INFO - DAG(s) 'example_params_trigger_ui' retrieved from /home/airflow/.local/lib/python3.12/site-packages/airflow/example_dags/example_params_trigger_ui.py
[2025-01-05T23:55:42.851+0000] {logging_mixin.py:190} INFO - [2025-01-05T23:55:42.851+0000] {dag.py:3239} INFO - Sync 1 DAGs
[2025-01-05T23:55:42.862+0000] {logging_mixin.py:190} INFO - [2025-01-05T23:55:42.861+0000] {dag.py:4180} INFO - Setting next_dagrun for example_params_trigger_ui to None, run_after=None
[2025-01-05T23:55:42.882+0000] {processor.py:208} INFO - Processing /home/airflow/.local/lib/python3.12/site-packages/airflow/example_dags/example_params_trigger_ui.py took 0.077 seconds
[2025-01-05T23:56:13.816+0000] {processor.py:186} INFO - Started process (PID=8201) to work on /home/airflow/.local/lib/python3.12/site-packages/airflow/example_dags/example_params_trigger_ui.py
[2025-01-05T23:56:13.817+0000] {processor.py:914} INFO - Processing file /home/airflow/.local/lib/python3.12/site-packages/airflow/example_dags/example_params_trigger_ui.py for tasks to queue
[2025-01-05T23:56:13.819+0000] {logging_mixin.py:190} INFO - [2025-01-05T23:56:13.819+0000] {dagbag.py:588} INFO - Filling up the DagBag from /home/airflow/.local/lib/python3.12/site-packages/airflow/example_dags/example_params_trigger_ui.py
[2025-01-05T23:56:13.827+0000] {processor.py:925} INFO - DAG(s) 'example_params_trigger_ui' retrieved from /home/airflow/.local/lib/python3.12/site-packages/airflow/example_dags/example_params_trigger_ui.py
[2025-01-05T23:56:13.860+0000] {logging_mixin.py:190} INFO - [2025-01-05T23:56:13.860+0000] {dag.py:3239} INFO - Sync 1 DAGs
[2025-01-05T23:56:13.871+0000] {logging_mixin.py:190} INFO - [2025-01-05T23:56:13.871+0000] {dag.py:4180} INFO - Setting next_dagrun for example_params_trigger_ui to None, run_after=None
[2025-01-05T23:56:13.892+0000] {processor.py:208} INFO - Processing /home/airflow/.local/lib/python3.12/site-packages/airflow/example_dags/example_params_trigger_ui.py took 0.080 seconds
[2025-01-05T23:56:44.432+0000] {processor.py:186} INFO - Started process (PID=8495) to work on /home/airflow/.local/lib/python3.12/site-packages/airflow/example_dags/example_params_trigger_ui.py
[2025-01-05T23:56:44.435+0000] {processor.py:914} INFO - Processing file /home/airflow/.local/lib/python3.12/site-packages/airflow/example_dags/example_params_trigger_ui.py for tasks to queue
[2025-01-05T23:56:44.439+0000] {logging_mixin.py:190} INFO - [2025-01-05T23:56:44.439+0000] {dagbag.py:588} INFO - Filling up the DagBag from /home/airflow/.local/lib/python3.12/site-packages/airflow/example_dags/example_params_trigger_ui.py
[2025-01-05T23:56:44.448+0000] {processor.py:925} INFO - DAG(s) 'example_params_trigger_ui' retrieved from /home/airflow/.local/lib/python3.12/site-packages/airflow/example_dags/example_params_trigger_ui.py
[2025-01-05T23:56:44.480+0000] {logging_mixin.py:190} INFO - [2025-01-05T23:56:44.479+0000] {dag.py:3239} INFO - Sync 1 DAGs
[2025-01-05T23:56:44.491+0000] {logging_mixin.py:190} INFO - [2025-01-05T23:56:44.491+0000] {dag.py:4180} INFO - Setting next_dagrun for example_params_trigger_ui to None, run_after=None
[2025-01-05T23:56:44.508+0000] {processor.py:208} INFO - Processing /home/airflow/.local/lib/python3.12/site-packages/airflow/example_dags/example_params_trigger_ui.py took 0.089 seconds
[2025-01-05T23:57:15.338+0000] {processor.py:186} INFO - Started process (PID=8793) to work on /home/airflow/.local/lib/python3.12/site-packages/airflow/example_dags/example_params_trigger_ui.py
[2025-01-05T23:57:15.338+0000] {processor.py:914} INFO - Processing file /home/airflow/.local/lib/python3.12/site-packages/airflow/example_dags/example_params_trigger_ui.py for tasks to queue
[2025-01-05T23:57:15.340+0000] {logging_mixin.py:190} INFO - [2025-01-05T23:57:15.340+0000] {dagbag.py:588} INFO - Filling up the DagBag from /home/airflow/.local/lib/python3.12/site-packages/airflow/example_dags/example_params_trigger_ui.py
[2025-01-05T23:57:15.348+0000] {processor.py:925} INFO - DAG(s) 'example_params_trigger_ui' retrieved from /home/airflow/.local/lib/python3.12/site-packages/airflow/example_dags/example_params_trigger_ui.py
[2025-01-05T23:57:15.381+0000] {logging_mixin.py:190} INFO - [2025-01-05T23:57:15.381+0000] {dag.py:3239} INFO - Sync 1 DAGs
[2025-01-05T23:57:15.392+0000] {logging_mixin.py:190} INFO - [2025-01-05T23:57:15.391+0000] {dag.py:4180} INFO - Setting next_dagrun for example_params_trigger_ui to None, run_after=None
[2025-01-05T23:57:15.413+0000] {processor.py:208} INFO - Processing /home/airflow/.local/lib/python3.12/site-packages/airflow/example_dags/example_params_trigger_ui.py took 0.080 seconds
[2025-01-05T23:57:46.060+0000] {processor.py:186} INFO - Started process (PID=9087) to work on /home/airflow/.local/lib/python3.12/site-packages/airflow/example_dags/example_params_trigger_ui.py
[2025-01-05T23:57:46.061+0000] {processor.py:914} INFO - Processing file /home/airflow/.local/lib/python3.12/site-packages/airflow/example_dags/example_params_trigger_ui.py for tasks to queue
[2025-01-05T23:57:46.062+0000] {logging_mixin.py:190} INFO - [2025-01-05T23:57:46.062+0000] {dagbag.py:588} INFO - Filling up the DagBag from /home/airflow/.local/lib/python3.12/site-packages/airflow/example_dags/example_params_trigger_ui.py
[2025-01-05T23:57:46.070+0000] {processor.py:925} INFO - DAG(s) 'example_params_trigger_ui' retrieved from /home/airflow/.local/lib/python3.12/site-packages/airflow/example_dags/example_params_trigger_ui.py
[2025-01-05T23:57:46.102+0000] {logging_mixin.py:190} INFO - [2025-01-05T23:57:46.102+0000] {dag.py:3239} INFO - Sync 1 DAGs
[2025-01-05T23:57:46.113+0000] {logging_mixin.py:190} INFO - [2025-01-05T23:57:46.113+0000] {dag.py:4180} INFO - Setting next_dagrun for example_params_trigger_ui to None, run_after=None
[2025-01-05T23:57:46.131+0000] {processor.py:208} INFO - Processing /home/airflow/.local/lib/python3.12/site-packages/airflow/example_dags/example_params_trigger_ui.py took 0.076 seconds
[2025-01-05T23:58:16.704+0000] {processor.py:186} INFO - Started process (PID=9385) to work on /home/airflow/.local/lib/python3.12/site-packages/airflow/example_dags/example_params_trigger_ui.py
[2025-01-05T23:58:16.705+0000] {processor.py:914} INFO - Processing file /home/airflow/.local/lib/python3.12/site-packages/airflow/example_dags/example_params_trigger_ui.py for tasks to queue
[2025-01-05T23:58:16.707+0000] {logging_mixin.py:190} INFO - [2025-01-05T23:58:16.707+0000] {dagbag.py:588} INFO - Filling up the DagBag from /home/airflow/.local/lib/python3.12/site-packages/airflow/example_dags/example_params_trigger_ui.py
[2025-01-05T23:58:16.716+0000] {processor.py:925} INFO - DAG(s) 'example_params_trigger_ui' retrieved from /home/airflow/.local/lib/python3.12/site-packages/airflow/example_dags/example_params_trigger_ui.py
[2025-01-05T23:58:16.750+0000] {logging_mixin.py:190} INFO - [2025-01-05T23:58:16.750+0000] {dag.py:3239} INFO - Sync 1 DAGs
[2025-01-05T23:58:16.761+0000] {logging_mixin.py:190} INFO - [2025-01-05T23:58:16.760+0000] {dag.py:4180} INFO - Setting next_dagrun for example_params_trigger_ui to None, run_after=None
[2025-01-05T23:58:16.781+0000] {processor.py:208} INFO - Processing /home/airflow/.local/lib/python3.12/site-packages/airflow/example_dags/example_params_trigger_ui.py took 0.081 seconds
[2025-01-05T23:58:47.326+0000] {processor.py:186} INFO - Started process (PID=9681) to work on /home/airflow/.local/lib/python3.12/site-packages/airflow/example_dags/example_params_trigger_ui.py
[2025-01-05T23:58:47.327+0000] {processor.py:914} INFO - Processing file /home/airflow/.local/lib/python3.12/site-packages/airflow/example_dags/example_params_trigger_ui.py for tasks to queue
[2025-01-05T23:58:47.329+0000] {logging_mixin.py:190} INFO - [2025-01-05T23:58:47.329+0000] {dagbag.py:588} INFO - Filling up the DagBag from /home/airflow/.local/lib/python3.12/site-packages/airflow/example_dags/example_params_trigger_ui.py
[2025-01-05T23:58:47.339+0000] {processor.py:925} INFO - DAG(s) 'example_params_trigger_ui' retrieved from /home/airflow/.local/lib/python3.12/site-packages/airflow/example_dags/example_params_trigger_ui.py
[2025-01-05T23:58:47.371+0000] {logging_mixin.py:190} INFO - [2025-01-05T23:58:47.371+0000] {dag.py:3239} INFO - Sync 1 DAGs
[2025-01-05T23:58:47.382+0000] {logging_mixin.py:190} INFO - [2025-01-05T23:58:47.381+0000] {dag.py:4180} INFO - Setting next_dagrun for example_params_trigger_ui to None, run_after=None
[2025-01-05T23:58:47.401+0000] {processor.py:208} INFO - Processing /home/airflow/.local/lib/python3.12/site-packages/airflow/example_dags/example_params_trigger_ui.py took 0.080 seconds
[2025-01-05T23:59:18.084+0000] {processor.py:186} INFO - Started process (PID=9975) to work on /home/airflow/.local/lib/python3.12/site-packages/airflow/example_dags/example_params_trigger_ui.py
[2025-01-05T23:59:18.085+0000] {processor.py:914} INFO - Processing file /home/airflow/.local/lib/python3.12/site-packages/airflow/example_dags/example_params_trigger_ui.py for tasks to queue
[2025-01-05T23:59:18.086+0000] {logging_mixin.py:190} INFO - [2025-01-05T23:59:18.086+0000] {dagbag.py:588} INFO - Filling up the DagBag from /home/airflow/.local/lib/python3.12/site-packages/airflow/example_dags/example_params_trigger_ui.py
[2025-01-05T23:59:18.094+0000] {processor.py:925} INFO - DAG(s) 'example_params_trigger_ui' retrieved from /home/airflow/.local/lib/python3.12/site-packages/airflow/example_dags/example_params_trigger_ui.py
[2025-01-05T23:59:18.125+0000] {logging_mixin.py:190} INFO - [2025-01-05T23:59:18.125+0000] {dag.py:3239} INFO - Sync 1 DAGs
[2025-01-05T23:59:18.136+0000] {logging_mixin.py:190} INFO - [2025-01-05T23:59:18.136+0000] {dag.py:4180} INFO - Setting next_dagrun for example_params_trigger_ui to None, run_after=None
[2025-01-05T23:59:18.153+0000] {processor.py:208} INFO - Processing /home/airflow/.local/lib/python3.12/site-packages/airflow/example_dags/example_params_trigger_ui.py took 0.075 seconds
[2025-01-05T23:59:48.858+0000] {processor.py:186} INFO - Started process (PID=10274) to work on /home/airflow/.local/lib/python3.12/site-packages/airflow/example_dags/example_params_trigger_ui.py
[2025-01-05T23:59:48.860+0000] {processor.py:914} INFO - Processing file /home/airflow/.local/lib/python3.12/site-packages/airflow/example_dags/example_params_trigger_ui.py for tasks to queue
[2025-01-05T23:59:48.862+0000] {logging_mixin.py:190} INFO - [2025-01-05T23:59:48.861+0000] {dagbag.py:588} INFO - Filling up the DagBag from /home/airflow/.local/lib/python3.12/site-packages/airflow/example_dags/example_params_trigger_ui.py
[2025-01-05T23:59:48.873+0000] {processor.py:925} INFO - DAG(s) 'example_params_trigger_ui' retrieved from /home/airflow/.local/lib/python3.12/site-packages/airflow/example_dags/example_params_trigger_ui.py
[2025-01-05T23:59:48.909+0000] {logging_mixin.py:190} INFO - [2025-01-05T23:59:48.909+0000] {dag.py:3239} INFO - Sync 1 DAGs
[2025-01-05T23:59:48.921+0000] {logging_mixin.py:190} INFO - [2025-01-05T23:59:48.921+0000] {dag.py:4180} INFO - Setting next_dagrun for example_params_trigger_ui to None, run_after=None
[2025-01-05T23:59:48.939+0000] {processor.py:208} INFO - Processing /home/airflow/.local/lib/python3.12/site-packages/airflow/example_dags/example_params_trigger_ui.py took 0.085 seconds
