[2025-01-05T23:42:29.559+0000] {processor.py:186} INFO - Started process (PID=432) to work on /home/airflow/.local/lib/python3.12/site-packages/airflow/example_dags/example_setup_teardown_taskflow.py
[2025-01-05T23:42:29.562+0000] {processor.py:914} INFO - Processing file /home/airflow/.local/lib/python3.12/site-packages/airflow/example_dags/example_setup_teardown_taskflow.py for tasks to queue
[2025-01-05T23:42:29.567+0000] {logging_mixin.py:190} INFO - [2025-01-05T23:42:29.566+0000] {dagbag.py:588} INFO - Filling up the DagBag from /home/airflow/.local/lib/python3.12/site-packages/airflow/example_dags/example_setup_teardown_taskflow.py
[2025-01-05T23:42:29.585+0000] {processor.py:925} INFO - DAG(s) 'example_setup_teardown_taskflow' retrieved from /home/airflow/.local/lib/python3.12/site-packages/airflow/example_dags/example_setup_teardown_taskflow.py
[2025-01-05T23:42:29.641+0000] {logging_mixin.py:190} INFO - [2025-01-05T23:42:29.641+0000] {dag.py:3239} INFO - Sync 1 DAGs
[2025-01-05T23:42:29.680+0000] {logging_mixin.py:190} INFO - [2025-01-05T23:42:29.680+0000] {dag.py:4180} INFO - Setting next_dagrun for example_setup_teardown_taskflow to None, run_after=None
[2025-01-05T23:42:29.734+0000] {processor.py:208} INFO - Processing /home/airflow/.local/lib/python3.12/site-packages/airflow/example_dags/example_setup_teardown_taskflow.py took 0.192 seconds
[2025-01-05T23:43:00.318+0000] {processor.py:186} INFO - Started process (PID=728) to work on /home/airflow/.local/lib/python3.12/site-packages/airflow/example_dags/example_setup_teardown_taskflow.py
[2025-01-05T23:43:00.320+0000] {processor.py:914} INFO - Processing file /home/airflow/.local/lib/python3.12/site-packages/airflow/example_dags/example_setup_teardown_taskflow.py for tasks to queue
[2025-01-05T23:43:00.321+0000] {logging_mixin.py:190} INFO - [2025-01-05T23:43:00.321+0000] {dagbag.py:588} INFO - Filling up the DagBag from /home/airflow/.local/lib/python3.12/site-packages/airflow/example_dags/example_setup_teardown_taskflow.py
[2025-01-05T23:43:00.331+0000] {processor.py:925} INFO - DAG(s) 'example_setup_teardown_taskflow' retrieved from /home/airflow/.local/lib/python3.12/site-packages/airflow/example_dags/example_setup_teardown_taskflow.py
[2025-01-05T23:43:00.358+0000] {logging_mixin.py:190} INFO - [2025-01-05T23:43:00.358+0000] {dag.py:3239} INFO - Sync 1 DAGs
[2025-01-05T23:43:00.379+0000] {logging_mixin.py:190} INFO - [2025-01-05T23:43:00.379+0000] {dag.py:4180} INFO - Setting next_dagrun for example_setup_teardown_taskflow to None, run_after=None
[2025-01-05T23:43:00.399+0000] {processor.py:208} INFO - Processing /home/airflow/.local/lib/python3.12/site-packages/airflow/example_dags/example_setup_teardown_taskflow.py took 0.084 seconds
[2025-01-05T23:43:32.343+0000] {processor.py:186} INFO - Started process (PID=1024) to work on /home/airflow/.local/lib/python3.12/site-packages/airflow/example_dags/example_setup_teardown_taskflow.py
[2025-01-05T23:43:32.344+0000] {processor.py:914} INFO - Processing file /home/airflow/.local/lib/python3.12/site-packages/airflow/example_dags/example_setup_teardown_taskflow.py for tasks to queue
[2025-01-05T23:43:32.347+0000] {logging_mixin.py:190} INFO - [2025-01-05T23:43:32.346+0000] {dagbag.py:588} INFO - Filling up the DagBag from /home/airflow/.local/lib/python3.12/site-packages/airflow/example_dags/example_setup_teardown_taskflow.py
[2025-01-05T23:43:32.361+0000] {processor.py:925} INFO - DAG(s) 'example_setup_teardown_taskflow' retrieved from /home/airflow/.local/lib/python3.12/site-packages/airflow/example_dags/example_setup_teardown_taskflow.py
[2025-01-05T23:43:32.383+0000] {logging_mixin.py:190} INFO - [2025-01-05T23:43:32.383+0000] {dag.py:3239} INFO - Sync 1 DAGs
[2025-01-05T23:43:32.403+0000] {logging_mixin.py:190} INFO - [2025-01-05T23:43:32.403+0000] {dag.py:4180} INFO - Setting next_dagrun for example_setup_teardown_taskflow to None, run_after=None
[2025-01-05T23:43:32.425+0000] {processor.py:208} INFO - Processing /home/airflow/.local/lib/python3.12/site-packages/airflow/example_dags/example_setup_teardown_taskflow.py took 0.091 seconds
[2025-01-05T23:44:03.378+0000] {processor.py:186} INFO - Started process (PID=1320) to work on /home/airflow/.local/lib/python3.12/site-packages/airflow/example_dags/example_setup_teardown_taskflow.py
[2025-01-05T23:44:03.379+0000] {processor.py:914} INFO - Processing file /home/airflow/.local/lib/python3.12/site-packages/airflow/example_dags/example_setup_teardown_taskflow.py for tasks to queue
[2025-01-05T23:44:03.380+0000] {logging_mixin.py:190} INFO - [2025-01-05T23:44:03.380+0000] {dagbag.py:588} INFO - Filling up the DagBag from /home/airflow/.local/lib/python3.12/site-packages/airflow/example_dags/example_setup_teardown_taskflow.py
[2025-01-05T23:44:03.389+0000] {processor.py:925} INFO - DAG(s) 'example_setup_teardown_taskflow' retrieved from /home/airflow/.local/lib/python3.12/site-packages/airflow/example_dags/example_setup_teardown_taskflow.py
[2025-01-05T23:44:03.407+0000] {logging_mixin.py:190} INFO - [2025-01-05T23:44:03.407+0000] {dag.py:3239} INFO - Sync 1 DAGs
[2025-01-05T23:44:03.418+0000] {logging_mixin.py:190} INFO - [2025-01-05T23:44:03.417+0000] {dag.py:4180} INFO - Setting next_dagrun for example_setup_teardown_taskflow to None, run_after=None
[2025-01-05T23:44:03.434+0000] {processor.py:208} INFO - Processing /home/airflow/.local/lib/python3.12/site-packages/airflow/example_dags/example_setup_teardown_taskflow.py took 0.061 seconds
[2025-01-05T23:44:33.855+0000] {processor.py:186} INFO - Started process (PID=1616) to work on /home/airflow/.local/lib/python3.12/site-packages/airflow/example_dags/example_setup_teardown_taskflow.py
[2025-01-05T23:44:33.856+0000] {processor.py:914} INFO - Processing file /home/airflow/.local/lib/python3.12/site-packages/airflow/example_dags/example_setup_teardown_taskflow.py for tasks to queue
[2025-01-05T23:44:33.858+0000] {logging_mixin.py:190} INFO - [2025-01-05T23:44:33.858+0000] {dagbag.py:588} INFO - Filling up the DagBag from /home/airflow/.local/lib/python3.12/site-packages/airflow/example_dags/example_setup_teardown_taskflow.py
[2025-01-05T23:44:33.867+0000] {processor.py:925} INFO - DAG(s) 'example_setup_teardown_taskflow' retrieved from /home/airflow/.local/lib/python3.12/site-packages/airflow/example_dags/example_setup_teardown_taskflow.py
[2025-01-05T23:44:33.887+0000] {logging_mixin.py:190} INFO - [2025-01-05T23:44:33.886+0000] {dag.py:3239} INFO - Sync 1 DAGs
[2025-01-05T23:44:33.899+0000] {logging_mixin.py:190} INFO - [2025-01-05T23:44:33.898+0000] {dag.py:4180} INFO - Setting next_dagrun for example_setup_teardown_taskflow to None, run_after=None
[2025-01-05T23:44:33.916+0000] {processor.py:208} INFO - Processing /home/airflow/.local/lib/python3.12/site-packages/airflow/example_dags/example_setup_teardown_taskflow.py took 0.065 seconds
[2025-01-05T23:45:04.732+0000] {processor.py:186} INFO - Started process (PID=1912) to work on /home/airflow/.local/lib/python3.12/site-packages/airflow/example_dags/example_setup_teardown_taskflow.py
[2025-01-05T23:45:04.733+0000] {processor.py:914} INFO - Processing file /home/airflow/.local/lib/python3.12/site-packages/airflow/example_dags/example_setup_teardown_taskflow.py for tasks to queue
[2025-01-05T23:45:04.735+0000] {logging_mixin.py:190} INFO - [2025-01-05T23:45:04.735+0000] {dagbag.py:588} INFO - Filling up the DagBag from /home/airflow/.local/lib/python3.12/site-packages/airflow/example_dags/example_setup_teardown_taskflow.py
[2025-01-05T23:45:04.743+0000] {processor.py:925} INFO - DAG(s) 'example_setup_teardown_taskflow' retrieved from /home/airflow/.local/lib/python3.12/site-packages/airflow/example_dags/example_setup_teardown_taskflow.py
[2025-01-05T23:45:04.760+0000] {logging_mixin.py:190} INFO - [2025-01-05T23:45:04.759+0000] {dag.py:3239} INFO - Sync 1 DAGs
[2025-01-05T23:45:04.771+0000] {logging_mixin.py:190} INFO - [2025-01-05T23:45:04.771+0000] {dag.py:4180} INFO - Setting next_dagrun for example_setup_teardown_taskflow to None, run_after=None
[2025-01-05T23:45:04.789+0000] {processor.py:208} INFO - Processing /home/airflow/.local/lib/python3.12/site-packages/airflow/example_dags/example_setup_teardown_taskflow.py took 0.061 seconds
[2025-01-05T23:45:35.365+0000] {processor.py:186} INFO - Started process (PID=2208) to work on /home/airflow/.local/lib/python3.12/site-packages/airflow/example_dags/example_setup_teardown_taskflow.py
[2025-01-05T23:45:35.365+0000] {processor.py:914} INFO - Processing file /home/airflow/.local/lib/python3.12/site-packages/airflow/example_dags/example_setup_teardown_taskflow.py for tasks to queue
[2025-01-05T23:45:35.367+0000] {logging_mixin.py:190} INFO - [2025-01-05T23:45:35.367+0000] {dagbag.py:588} INFO - Filling up the DagBag from /home/airflow/.local/lib/python3.12/site-packages/airflow/example_dags/example_setup_teardown_taskflow.py
[2025-01-05T23:45:35.376+0000] {processor.py:925} INFO - DAG(s) 'example_setup_teardown_taskflow' retrieved from /home/airflow/.local/lib/python3.12/site-packages/airflow/example_dags/example_setup_teardown_taskflow.py
[2025-01-05T23:45:35.395+0000] {logging_mixin.py:190} INFO - [2025-01-05T23:45:35.395+0000] {dag.py:3239} INFO - Sync 1 DAGs
[2025-01-05T23:45:35.406+0000] {logging_mixin.py:190} INFO - [2025-01-05T23:45:35.406+0000] {dag.py:4180} INFO - Setting next_dagrun for example_setup_teardown_taskflow to None, run_after=None
[2025-01-05T23:45:35.428+0000] {processor.py:208} INFO - Processing /home/airflow/.local/lib/python3.12/site-packages/airflow/example_dags/example_setup_teardown_taskflow.py took 0.068 seconds
[2025-01-05T23:46:05.960+0000] {processor.py:186} INFO - Started process (PID=2506) to work on /home/airflow/.local/lib/python3.12/site-packages/airflow/example_dags/example_setup_teardown_taskflow.py
[2025-01-05T23:46:05.961+0000] {processor.py:914} INFO - Processing file /home/airflow/.local/lib/python3.12/site-packages/airflow/example_dags/example_setup_teardown_taskflow.py for tasks to queue
[2025-01-05T23:46:05.963+0000] {logging_mixin.py:190} INFO - [2025-01-05T23:46:05.963+0000] {dagbag.py:588} INFO - Filling up the DagBag from /home/airflow/.local/lib/python3.12/site-packages/airflow/example_dags/example_setup_teardown_taskflow.py
[2025-01-05T23:46:05.974+0000] {processor.py:925} INFO - DAG(s) 'example_setup_teardown_taskflow' retrieved from /home/airflow/.local/lib/python3.12/site-packages/airflow/example_dags/example_setup_teardown_taskflow.py
[2025-01-05T23:46:06.000+0000] {logging_mixin.py:190} INFO - [2025-01-05T23:46:06.000+0000] {dag.py:3239} INFO - Sync 1 DAGs
[2025-01-05T23:46:06.019+0000] {logging_mixin.py:190} INFO - [2025-01-05T23:46:06.018+0000] {dag.py:4180} INFO - Setting next_dagrun for example_setup_teardown_taskflow to None, run_after=None
[2025-01-05T23:46:06.045+0000] {processor.py:208} INFO - Processing /home/airflow/.local/lib/python3.12/site-packages/airflow/example_dags/example_setup_teardown_taskflow.py took 0.091 seconds
[2025-01-05T23:46:36.895+0000] {processor.py:186} INFO - Started process (PID=2800) to work on /home/airflow/.local/lib/python3.12/site-packages/airflow/example_dags/example_setup_teardown_taskflow.py
[2025-01-05T23:46:36.896+0000] {processor.py:914} INFO - Processing file /home/airflow/.local/lib/python3.12/site-packages/airflow/example_dags/example_setup_teardown_taskflow.py for tasks to queue
[2025-01-05T23:46:36.898+0000] {logging_mixin.py:190} INFO - [2025-01-05T23:46:36.898+0000] {dagbag.py:588} INFO - Filling up the DagBag from /home/airflow/.local/lib/python3.12/site-packages/airflow/example_dags/example_setup_teardown_taskflow.py
[2025-01-05T23:46:36.906+0000] {processor.py:925} INFO - DAG(s) 'example_setup_teardown_taskflow' retrieved from /home/airflow/.local/lib/python3.12/site-packages/airflow/example_dags/example_setup_teardown_taskflow.py
[2025-01-05T23:46:36.924+0000] {logging_mixin.py:190} INFO - [2025-01-05T23:46:36.924+0000] {dag.py:3239} INFO - Sync 1 DAGs
[2025-01-05T23:46:36.935+0000] {logging_mixin.py:190} INFO - [2025-01-05T23:46:36.935+0000] {dag.py:4180} INFO - Setting next_dagrun for example_setup_teardown_taskflow to None, run_after=None
[2025-01-05T23:46:36.953+0000] {processor.py:208} INFO - Processing /home/airflow/.local/lib/python3.12/site-packages/airflow/example_dags/example_setup_teardown_taskflow.py took 0.062 seconds
[2025-01-05T23:47:07.791+0000] {processor.py:186} INFO - Started process (PID=3096) to work on /home/airflow/.local/lib/python3.12/site-packages/airflow/example_dags/example_setup_teardown_taskflow.py
[2025-01-05T23:47:07.792+0000] {processor.py:914} INFO - Processing file /home/airflow/.local/lib/python3.12/site-packages/airflow/example_dags/example_setup_teardown_taskflow.py for tasks to queue
[2025-01-05T23:47:07.794+0000] {logging_mixin.py:190} INFO - [2025-01-05T23:47:07.793+0000] {dagbag.py:588} INFO - Filling up the DagBag from /home/airflow/.local/lib/python3.12/site-packages/airflow/example_dags/example_setup_teardown_taskflow.py
[2025-01-05T23:47:07.803+0000] {processor.py:925} INFO - DAG(s) 'example_setup_teardown_taskflow' retrieved from /home/airflow/.local/lib/python3.12/site-packages/airflow/example_dags/example_setup_teardown_taskflow.py
[2025-01-05T23:47:07.823+0000] {logging_mixin.py:190} INFO - [2025-01-05T23:47:07.823+0000] {dag.py:3239} INFO - Sync 1 DAGs
[2025-01-05T23:47:07.837+0000] {logging_mixin.py:190} INFO - [2025-01-05T23:47:07.837+0000] {dag.py:4180} INFO - Setting next_dagrun for example_setup_teardown_taskflow to None, run_after=None
[2025-01-05T23:47:07.856+0000] {processor.py:208} INFO - Processing /home/airflow/.local/lib/python3.12/site-packages/airflow/example_dags/example_setup_teardown_taskflow.py took 0.070 seconds
[2025-01-05T23:47:38.581+0000] {processor.py:186} INFO - Started process (PID=3392) to work on /home/airflow/.local/lib/python3.12/site-packages/airflow/example_dags/example_setup_teardown_taskflow.py
[2025-01-05T23:47:38.582+0000] {processor.py:914} INFO - Processing file /home/airflow/.local/lib/python3.12/site-packages/airflow/example_dags/example_setup_teardown_taskflow.py for tasks to queue
[2025-01-05T23:47:38.585+0000] {logging_mixin.py:190} INFO - [2025-01-05T23:47:38.584+0000] {dagbag.py:588} INFO - Filling up the DagBag from /home/airflow/.local/lib/python3.12/site-packages/airflow/example_dags/example_setup_teardown_taskflow.py
[2025-01-05T23:47:38.596+0000] {processor.py:925} INFO - DAG(s) 'example_setup_teardown_taskflow' retrieved from /home/airflow/.local/lib/python3.12/site-packages/airflow/example_dags/example_setup_teardown_taskflow.py
[2025-01-05T23:47:38.614+0000] {logging_mixin.py:190} INFO - [2025-01-05T23:47:38.614+0000] {dag.py:3239} INFO - Sync 1 DAGs
[2025-01-05T23:47:38.627+0000] {logging_mixin.py:190} INFO - [2025-01-05T23:47:38.627+0000] {dag.py:4180} INFO - Setting next_dagrun for example_setup_teardown_taskflow to None, run_after=None
[2025-01-05T23:47:38.644+0000] {processor.py:208} INFO - Processing /home/airflow/.local/lib/python3.12/site-packages/airflow/example_dags/example_setup_teardown_taskflow.py took 0.067 seconds
[2025-01-05T23:48:09.369+0000] {processor.py:186} INFO - Started process (PID=3690) to work on /home/airflow/.local/lib/python3.12/site-packages/airflow/example_dags/example_setup_teardown_taskflow.py
[2025-01-05T23:48:09.370+0000] {processor.py:914} INFO - Processing file /home/airflow/.local/lib/python3.12/site-packages/airflow/example_dags/example_setup_teardown_taskflow.py for tasks to queue
[2025-01-05T23:48:09.372+0000] {logging_mixin.py:190} INFO - [2025-01-05T23:48:09.372+0000] {dagbag.py:588} INFO - Filling up the DagBag from /home/airflow/.local/lib/python3.12/site-packages/airflow/example_dags/example_setup_teardown_taskflow.py
[2025-01-05T23:48:09.381+0000] {processor.py:925} INFO - DAG(s) 'example_setup_teardown_taskflow' retrieved from /home/airflow/.local/lib/python3.12/site-packages/airflow/example_dags/example_setup_teardown_taskflow.py
[2025-01-05T23:48:09.407+0000] {logging_mixin.py:190} INFO - [2025-01-05T23:48:09.406+0000] {dag.py:3239} INFO - Sync 1 DAGs
[2025-01-05T23:48:09.418+0000] {logging_mixin.py:190} INFO - [2025-01-05T23:48:09.417+0000] {dag.py:4180} INFO - Setting next_dagrun for example_setup_teardown_taskflow to None, run_after=None
[2025-01-05T23:48:09.432+0000] {processor.py:208} INFO - Processing /home/airflow/.local/lib/python3.12/site-packages/airflow/example_dags/example_setup_teardown_taskflow.py took 0.067 seconds
[2025-01-05T23:48:40.164+0000] {processor.py:186} INFO - Started process (PID=3984) to work on /home/airflow/.local/lib/python3.12/site-packages/airflow/example_dags/example_setup_teardown_taskflow.py
[2025-01-05T23:48:40.165+0000] {processor.py:914} INFO - Processing file /home/airflow/.local/lib/python3.12/site-packages/airflow/example_dags/example_setup_teardown_taskflow.py for tasks to queue
[2025-01-05T23:48:40.167+0000] {logging_mixin.py:190} INFO - [2025-01-05T23:48:40.167+0000] {dagbag.py:588} INFO - Filling up the DagBag from /home/airflow/.local/lib/python3.12/site-packages/airflow/example_dags/example_setup_teardown_taskflow.py
[2025-01-05T23:48:40.176+0000] {processor.py:925} INFO - DAG(s) 'example_setup_teardown_taskflow' retrieved from /home/airflow/.local/lib/python3.12/site-packages/airflow/example_dags/example_setup_teardown_taskflow.py
[2025-01-05T23:48:40.195+0000] {logging_mixin.py:190} INFO - [2025-01-05T23:48:40.195+0000] {dag.py:3239} INFO - Sync 1 DAGs
[2025-01-05T23:48:40.206+0000] {logging_mixin.py:190} INFO - [2025-01-05T23:48:40.206+0000] {dag.py:4180} INFO - Setting next_dagrun for example_setup_teardown_taskflow to None, run_after=None
[2025-01-05T23:48:40.221+0000] {processor.py:208} INFO - Processing /home/airflow/.local/lib/python3.12/site-packages/airflow/example_dags/example_setup_teardown_taskflow.py took 0.062 seconds
[2025-01-05T23:49:10.981+0000] {processor.py:186} INFO - Started process (PID=4282) to work on /home/airflow/.local/lib/python3.12/site-packages/airflow/example_dags/example_setup_teardown_taskflow.py
[2025-01-05T23:49:10.982+0000] {processor.py:914} INFO - Processing file /home/airflow/.local/lib/python3.12/site-packages/airflow/example_dags/example_setup_teardown_taskflow.py for tasks to queue
[2025-01-05T23:49:10.984+0000] {logging_mixin.py:190} INFO - [2025-01-05T23:49:10.984+0000] {dagbag.py:588} INFO - Filling up the DagBag from /home/airflow/.local/lib/python3.12/site-packages/airflow/example_dags/example_setup_teardown_taskflow.py
[2025-01-05T23:49:10.992+0000] {processor.py:925} INFO - DAG(s) 'example_setup_teardown_taskflow' retrieved from /home/airflow/.local/lib/python3.12/site-packages/airflow/example_dags/example_setup_teardown_taskflow.py
[2025-01-05T23:49:11.012+0000] {logging_mixin.py:190} INFO - [2025-01-05T23:49:11.012+0000] {dag.py:3239} INFO - Sync 1 DAGs
[2025-01-05T23:49:11.023+0000] {logging_mixin.py:190} INFO - [2025-01-05T23:49:11.023+0000] {dag.py:4180} INFO - Setting next_dagrun for example_setup_teardown_taskflow to None, run_after=None
[2025-01-05T23:49:11.038+0000] {processor.py:208} INFO - Processing /home/airflow/.local/lib/python3.12/site-packages/airflow/example_dags/example_setup_teardown_taskflow.py took 0.061 seconds
[2025-01-05T23:49:41.896+0000] {processor.py:186} INFO - Started process (PID=4578) to work on /home/airflow/.local/lib/python3.12/site-packages/airflow/example_dags/example_setup_teardown_taskflow.py
[2025-01-05T23:49:41.897+0000] {processor.py:914} INFO - Processing file /home/airflow/.local/lib/python3.12/site-packages/airflow/example_dags/example_setup_teardown_taskflow.py for tasks to queue
[2025-01-05T23:49:41.899+0000] {logging_mixin.py:190} INFO - [2025-01-05T23:49:41.899+0000] {dagbag.py:588} INFO - Filling up the DagBag from /home/airflow/.local/lib/python3.12/site-packages/airflow/example_dags/example_setup_teardown_taskflow.py
[2025-01-05T23:49:41.907+0000] {processor.py:925} INFO - DAG(s) 'example_setup_teardown_taskflow' retrieved from /home/airflow/.local/lib/python3.12/site-packages/airflow/example_dags/example_setup_teardown_taskflow.py
[2025-01-05T23:49:41.926+0000] {logging_mixin.py:190} INFO - [2025-01-05T23:49:41.926+0000] {dag.py:3239} INFO - Sync 1 DAGs
[2025-01-05T23:49:41.937+0000] {logging_mixin.py:190} INFO - [2025-01-05T23:49:41.937+0000] {dag.py:4180} INFO - Setting next_dagrun for example_setup_teardown_taskflow to None, run_after=None
[2025-01-05T23:49:41.957+0000] {processor.py:208} INFO - Processing /home/airflow/.local/lib/python3.12/site-packages/airflow/example_dags/example_setup_teardown_taskflow.py took 0.066 seconds
[2025-01-05T23:50:12.734+0000] {processor.py:186} INFO - Started process (PID=4872) to work on /home/airflow/.local/lib/python3.12/site-packages/airflow/example_dags/example_setup_teardown_taskflow.py
[2025-01-05T23:50:12.735+0000] {processor.py:914} INFO - Processing file /home/airflow/.local/lib/python3.12/site-packages/airflow/example_dags/example_setup_teardown_taskflow.py for tasks to queue
[2025-01-05T23:50:12.737+0000] {logging_mixin.py:190} INFO - [2025-01-05T23:50:12.737+0000] {dagbag.py:588} INFO - Filling up the DagBag from /home/airflow/.local/lib/python3.12/site-packages/airflow/example_dags/example_setup_teardown_taskflow.py
[2025-01-05T23:50:12.746+0000] {processor.py:925} INFO - DAG(s) 'example_setup_teardown_taskflow' retrieved from /home/airflow/.local/lib/python3.12/site-packages/airflow/example_dags/example_setup_teardown_taskflow.py
[2025-01-05T23:50:12.762+0000] {logging_mixin.py:190} INFO - [2025-01-05T23:50:12.762+0000] {dag.py:3239} INFO - Sync 1 DAGs
[2025-01-05T23:50:12.778+0000] {logging_mixin.py:190} INFO - [2025-01-05T23:50:12.777+0000] {dag.py:4180} INFO - Setting next_dagrun for example_setup_teardown_taskflow to None, run_after=None
[2025-01-05T23:50:12.801+0000] {processor.py:208} INFO - Processing /home/airflow/.local/lib/python3.12/site-packages/airflow/example_dags/example_setup_teardown_taskflow.py took 0.071 seconds
[2025-01-05T23:50:43.728+0000] {processor.py:186} INFO - Started process (PID=5168) to work on /home/airflow/.local/lib/python3.12/site-packages/airflow/example_dags/example_setup_teardown_taskflow.py
[2025-01-05T23:50:43.729+0000] {processor.py:914} INFO - Processing file /home/airflow/.local/lib/python3.12/site-packages/airflow/example_dags/example_setup_teardown_taskflow.py for tasks to queue
[2025-01-05T23:50:43.732+0000] {logging_mixin.py:190} INFO - [2025-01-05T23:50:43.731+0000] {dagbag.py:588} INFO - Filling up the DagBag from /home/airflow/.local/lib/python3.12/site-packages/airflow/example_dags/example_setup_teardown_taskflow.py
[2025-01-05T23:50:43.741+0000] {processor.py:925} INFO - DAG(s) 'example_setup_teardown_taskflow' retrieved from /home/airflow/.local/lib/python3.12/site-packages/airflow/example_dags/example_setup_teardown_taskflow.py
[2025-01-05T23:50:43.761+0000] {logging_mixin.py:190} INFO - [2025-01-05T23:50:43.761+0000] {dag.py:3239} INFO - Sync 1 DAGs
[2025-01-05T23:50:43.772+0000] {logging_mixin.py:190} INFO - [2025-01-05T23:50:43.772+0000] {dag.py:4180} INFO - Setting next_dagrun for example_setup_teardown_taskflow to None, run_after=None
[2025-01-05T23:50:43.789+0000] {processor.py:208} INFO - Processing /home/airflow/.local/lib/python3.12/site-packages/airflow/example_dags/example_setup_teardown_taskflow.py took 0.066 seconds
[2025-01-05T23:51:14.627+0000] {processor.py:186} INFO - Started process (PID=5464) to work on /home/airflow/.local/lib/python3.12/site-packages/airflow/example_dags/example_setup_teardown_taskflow.py
[2025-01-05T23:51:14.628+0000] {processor.py:914} INFO - Processing file /home/airflow/.local/lib/python3.12/site-packages/airflow/example_dags/example_setup_teardown_taskflow.py for tasks to queue
[2025-01-05T23:51:14.630+0000] {logging_mixin.py:190} INFO - [2025-01-05T23:51:14.630+0000] {dagbag.py:588} INFO - Filling up the DagBag from /home/airflow/.local/lib/python3.12/site-packages/airflow/example_dags/example_setup_teardown_taskflow.py
[2025-01-05T23:51:14.639+0000] {processor.py:925} INFO - DAG(s) 'example_setup_teardown_taskflow' retrieved from /home/airflow/.local/lib/python3.12/site-packages/airflow/example_dags/example_setup_teardown_taskflow.py
[2025-01-05T23:51:14.657+0000] {logging_mixin.py:190} INFO - [2025-01-05T23:51:14.656+0000] {dag.py:3239} INFO - Sync 1 DAGs
[2025-01-05T23:51:14.672+0000] {logging_mixin.py:190} INFO - [2025-01-05T23:51:14.672+0000] {dag.py:4180} INFO - Setting next_dagrun for example_setup_teardown_taskflow to None, run_after=None
[2025-01-05T23:51:14.694+0000] {processor.py:208} INFO - Processing /home/airflow/.local/lib/python3.12/site-packages/airflow/example_dags/example_setup_teardown_taskflow.py took 0.073 seconds
[2025-01-05T23:51:45.558+0000] {processor.py:186} INFO - Started process (PID=5762) to work on /home/airflow/.local/lib/python3.12/site-packages/airflow/example_dags/example_setup_teardown_taskflow.py
[2025-01-05T23:51:45.559+0000] {processor.py:914} INFO - Processing file /home/airflow/.local/lib/python3.12/site-packages/airflow/example_dags/example_setup_teardown_taskflow.py for tasks to queue
[2025-01-05T23:51:45.561+0000] {logging_mixin.py:190} INFO - [2025-01-05T23:51:45.561+0000] {dagbag.py:588} INFO - Filling up the DagBag from /home/airflow/.local/lib/python3.12/site-packages/airflow/example_dags/example_setup_teardown_taskflow.py
[2025-01-05T23:51:45.570+0000] {processor.py:925} INFO - DAG(s) 'example_setup_teardown_taskflow' retrieved from /home/airflow/.local/lib/python3.12/site-packages/airflow/example_dags/example_setup_teardown_taskflow.py
[2025-01-05T23:51:45.593+0000] {logging_mixin.py:190} INFO - [2025-01-05T23:51:45.592+0000] {dag.py:3239} INFO - Sync 1 DAGs
[2025-01-05T23:51:45.608+0000] {logging_mixin.py:190} INFO - [2025-01-05T23:51:45.608+0000] {dag.py:4180} INFO - Setting next_dagrun for example_setup_teardown_taskflow to None, run_after=None
[2025-01-05T23:51:45.629+0000] {processor.py:208} INFO - Processing /home/airflow/.local/lib/python3.12/site-packages/airflow/example_dags/example_setup_teardown_taskflow.py took 0.076 seconds
[2025-01-05T23:52:16.580+0000] {processor.py:186} INFO - Started process (PID=6058) to work on /home/airflow/.local/lib/python3.12/site-packages/airflow/example_dags/example_setup_teardown_taskflow.py
[2025-01-05T23:52:16.583+0000] {processor.py:914} INFO - Processing file /home/airflow/.local/lib/python3.12/site-packages/airflow/example_dags/example_setup_teardown_taskflow.py for tasks to queue
[2025-01-05T23:52:16.586+0000] {logging_mixin.py:190} INFO - [2025-01-05T23:52:16.585+0000] {dagbag.py:588} INFO - Filling up the DagBag from /home/airflow/.local/lib/python3.12/site-packages/airflow/example_dags/example_setup_teardown_taskflow.py
[2025-01-05T23:52:16.612+0000] {processor.py:925} INFO - DAG(s) 'example_setup_teardown_taskflow' retrieved from /home/airflow/.local/lib/python3.12/site-packages/airflow/example_dags/example_setup_teardown_taskflow.py
[2025-01-05T23:52:16.636+0000] {logging_mixin.py:190} INFO - [2025-01-05T23:52:16.636+0000] {dag.py:3239} INFO - Sync 1 DAGs
[2025-01-05T23:52:16.649+0000] {logging_mixin.py:190} INFO - [2025-01-05T23:52:16.648+0000] {dag.py:4180} INFO - Setting next_dagrun for example_setup_teardown_taskflow to None, run_after=None
[2025-01-05T23:52:16.663+0000] {processor.py:208} INFO - Processing /home/airflow/.local/lib/python3.12/site-packages/airflow/example_dags/example_setup_teardown_taskflow.py took 0.097 seconds
[2025-01-05T23:52:47.402+0000] {processor.py:186} INFO - Started process (PID=6352) to work on /home/airflow/.local/lib/python3.12/site-packages/airflow/example_dags/example_setup_teardown_taskflow.py
[2025-01-05T23:52:47.403+0000] {processor.py:914} INFO - Processing file /home/airflow/.local/lib/python3.12/site-packages/airflow/example_dags/example_setup_teardown_taskflow.py for tasks to queue
[2025-01-05T23:52:47.405+0000] {logging_mixin.py:190} INFO - [2025-01-05T23:52:47.405+0000] {dagbag.py:588} INFO - Filling up the DagBag from /home/airflow/.local/lib/python3.12/site-packages/airflow/example_dags/example_setup_teardown_taskflow.py
[2025-01-05T23:52:47.413+0000] {processor.py:925} INFO - DAG(s) 'example_setup_teardown_taskflow' retrieved from /home/airflow/.local/lib/python3.12/site-packages/airflow/example_dags/example_setup_teardown_taskflow.py
[2025-01-05T23:52:47.432+0000] {logging_mixin.py:190} INFO - [2025-01-05T23:52:47.432+0000] {dag.py:3239} INFO - Sync 1 DAGs
[2025-01-05T23:52:47.443+0000] {logging_mixin.py:190} INFO - [2025-01-05T23:52:47.443+0000] {dag.py:4180} INFO - Setting next_dagrun for example_setup_teardown_taskflow to None, run_after=None
[2025-01-05T23:52:47.462+0000] {processor.py:208} INFO - Processing /home/airflow/.local/lib/python3.12/site-packages/airflow/example_dags/example_setup_teardown_taskflow.py took 0.064 seconds
[2025-01-05T23:53:18.414+0000] {processor.py:186} INFO - Started process (PID=6650) to work on /home/airflow/.local/lib/python3.12/site-packages/airflow/example_dags/example_setup_teardown_taskflow.py
[2025-01-05T23:53:18.415+0000] {processor.py:914} INFO - Processing file /home/airflow/.local/lib/python3.12/site-packages/airflow/example_dags/example_setup_teardown_taskflow.py for tasks to queue
[2025-01-05T23:53:18.417+0000] {logging_mixin.py:190} INFO - [2025-01-05T23:53:18.416+0000] {dagbag.py:588} INFO - Filling up the DagBag from /home/airflow/.local/lib/python3.12/site-packages/airflow/example_dags/example_setup_teardown_taskflow.py
[2025-01-05T23:53:18.425+0000] {processor.py:925} INFO - DAG(s) 'example_setup_teardown_taskflow' retrieved from /home/airflow/.local/lib/python3.12/site-packages/airflow/example_dags/example_setup_teardown_taskflow.py
[2025-01-05T23:53:18.443+0000] {logging_mixin.py:190} INFO - [2025-01-05T23:53:18.442+0000] {dag.py:3239} INFO - Sync 1 DAGs
[2025-01-05T23:53:18.453+0000] {logging_mixin.py:190} INFO - [2025-01-05T23:53:18.453+0000] {dag.py:4180} INFO - Setting next_dagrun for example_setup_teardown_taskflow to None, run_after=None
[2025-01-05T23:53:18.472+0000] {processor.py:208} INFO - Processing /home/airflow/.local/lib/python3.12/site-packages/airflow/example_dags/example_setup_teardown_taskflow.py took 0.062 seconds
[2025-01-05T23:53:49.911+0000] {processor.py:186} INFO - Started process (PID=6946) to work on /home/airflow/.local/lib/python3.12/site-packages/airflow/example_dags/example_setup_teardown_taskflow.py
[2025-01-05T23:53:49.912+0000] {processor.py:914} INFO - Processing file /home/airflow/.local/lib/python3.12/site-packages/airflow/example_dags/example_setup_teardown_taskflow.py for tasks to queue
[2025-01-05T23:53:49.914+0000] {logging_mixin.py:190} INFO - [2025-01-05T23:53:49.913+0000] {dagbag.py:588} INFO - Filling up the DagBag from /home/airflow/.local/lib/python3.12/site-packages/airflow/example_dags/example_setup_teardown_taskflow.py
[2025-01-05T23:53:49.922+0000] {processor.py:925} INFO - DAG(s) 'example_setup_teardown_taskflow' retrieved from /home/airflow/.local/lib/python3.12/site-packages/airflow/example_dags/example_setup_teardown_taskflow.py
[2025-01-05T23:53:49.940+0000] {logging_mixin.py:190} INFO - [2025-01-05T23:53:49.939+0000] {dag.py:3239} INFO - Sync 1 DAGs
[2025-01-05T23:53:49.950+0000] {logging_mixin.py:190} INFO - [2025-01-05T23:53:49.950+0000] {dag.py:4180} INFO - Setting next_dagrun for example_setup_teardown_taskflow to None, run_after=None
[2025-01-05T23:53:49.970+0000] {processor.py:208} INFO - Processing /home/airflow/.local/lib/python3.12/site-packages/airflow/example_dags/example_setup_teardown_taskflow.py took 0.064 seconds
[2025-01-05T23:54:20.980+0000] {processor.py:186} INFO - Started process (PID=7240) to work on /home/airflow/.local/lib/python3.12/site-packages/airflow/example_dags/example_setup_teardown_taskflow.py
[2025-01-05T23:54:20.982+0000] {processor.py:914} INFO - Processing file /home/airflow/.local/lib/python3.12/site-packages/airflow/example_dags/example_setup_teardown_taskflow.py for tasks to queue
[2025-01-05T23:54:20.984+0000] {logging_mixin.py:190} INFO - [2025-01-05T23:54:20.983+0000] {dagbag.py:588} INFO - Filling up the DagBag from /home/airflow/.local/lib/python3.12/site-packages/airflow/example_dags/example_setup_teardown_taskflow.py
[2025-01-05T23:54:20.992+0000] {processor.py:925} INFO - DAG(s) 'example_setup_teardown_taskflow' retrieved from /home/airflow/.local/lib/python3.12/site-packages/airflow/example_dags/example_setup_teardown_taskflow.py
[2025-01-05T23:54:21.009+0000] {logging_mixin.py:190} INFO - [2025-01-05T23:54:21.009+0000] {dag.py:3239} INFO - Sync 1 DAGs
[2025-01-05T23:54:21.021+0000] {logging_mixin.py:190} INFO - [2025-01-05T23:54:21.020+0000] {dag.py:4180} INFO - Setting next_dagrun for example_setup_teardown_taskflow to None, run_after=None
[2025-01-05T23:54:21.036+0000] {processor.py:208} INFO - Processing /home/airflow/.local/lib/python3.12/site-packages/airflow/example_dags/example_setup_teardown_taskflow.py took 0.060 seconds
[2025-01-05T23:54:51.773+0000] {processor.py:186} INFO - Started process (PID=7536) to work on /home/airflow/.local/lib/python3.12/site-packages/airflow/example_dags/example_setup_teardown_taskflow.py
[2025-01-05T23:54:51.774+0000] {processor.py:914} INFO - Processing file /home/airflow/.local/lib/python3.12/site-packages/airflow/example_dags/example_setup_teardown_taskflow.py for tasks to queue
[2025-01-05T23:54:51.776+0000] {logging_mixin.py:190} INFO - [2025-01-05T23:54:51.776+0000] {dagbag.py:588} INFO - Filling up the DagBag from /home/airflow/.local/lib/python3.12/site-packages/airflow/example_dags/example_setup_teardown_taskflow.py
[2025-01-05T23:54:51.785+0000] {processor.py:925} INFO - DAG(s) 'example_setup_teardown_taskflow' retrieved from /home/airflow/.local/lib/python3.12/site-packages/airflow/example_dags/example_setup_teardown_taskflow.py
[2025-01-05T23:54:51.803+0000] {logging_mixin.py:190} INFO - [2025-01-05T23:54:51.803+0000] {dag.py:3239} INFO - Sync 1 DAGs
[2025-01-05T23:54:51.815+0000] {logging_mixin.py:190} INFO - [2025-01-05T23:54:51.814+0000] {dag.py:4180} INFO - Setting next_dagrun for example_setup_teardown_taskflow to None, run_after=None
[2025-01-05T23:54:51.832+0000] {processor.py:208} INFO - Processing /home/airflow/.local/lib/python3.12/site-packages/airflow/example_dags/example_setup_teardown_taskflow.py took 0.063 seconds
[2025-01-05T23:55:22.949+0000] {processor.py:186} INFO - Started process (PID=7838) to work on /home/airflow/.local/lib/python3.12/site-packages/airflow/example_dags/example_setup_teardown_taskflow.py
[2025-01-05T23:55:22.950+0000] {processor.py:914} INFO - Processing file /home/airflow/.local/lib/python3.12/site-packages/airflow/example_dags/example_setup_teardown_taskflow.py for tasks to queue
[2025-01-05T23:55:22.952+0000] {logging_mixin.py:190} INFO - [2025-01-05T23:55:22.952+0000] {dagbag.py:588} INFO - Filling up the DagBag from /home/airflow/.local/lib/python3.12/site-packages/airflow/example_dags/example_setup_teardown_taskflow.py
[2025-01-05T23:55:22.961+0000] {processor.py:925} INFO - DAG(s) 'example_setup_teardown_taskflow' retrieved from /home/airflow/.local/lib/python3.12/site-packages/airflow/example_dags/example_setup_teardown_taskflow.py
[2025-01-05T23:55:22.981+0000] {logging_mixin.py:190} INFO - [2025-01-05T23:55:22.981+0000] {dag.py:3239} INFO - Sync 1 DAGs
[2025-01-05T23:55:22.994+0000] {logging_mixin.py:190} INFO - [2025-01-05T23:55:22.993+0000] {dag.py:4180} INFO - Setting next_dagrun for example_setup_teardown_taskflow to None, run_after=None
[2025-01-05T23:55:23.010+0000] {processor.py:208} INFO - Processing /home/airflow/.local/lib/python3.12/site-packages/airflow/example_dags/example_setup_teardown_taskflow.py took 0.065 seconds
[2025-01-05T23:55:53.843+0000] {processor.py:186} INFO - Started process (PID=8134) to work on /home/airflow/.local/lib/python3.12/site-packages/airflow/example_dags/example_setup_teardown_taskflow.py
[2025-01-05T23:55:53.844+0000] {processor.py:914} INFO - Processing file /home/airflow/.local/lib/python3.12/site-packages/airflow/example_dags/example_setup_teardown_taskflow.py for tasks to queue
[2025-01-05T23:55:53.846+0000] {logging_mixin.py:190} INFO - [2025-01-05T23:55:53.846+0000] {dagbag.py:588} INFO - Filling up the DagBag from /home/airflow/.local/lib/python3.12/site-packages/airflow/example_dags/example_setup_teardown_taskflow.py
[2025-01-05T23:55:53.854+0000] {processor.py:925} INFO - DAG(s) 'example_setup_teardown_taskflow' retrieved from /home/airflow/.local/lib/python3.12/site-packages/airflow/example_dags/example_setup_teardown_taskflow.py
[2025-01-05T23:55:53.872+0000] {logging_mixin.py:190} INFO - [2025-01-05T23:55:53.872+0000] {dag.py:3239} INFO - Sync 1 DAGs
[2025-01-05T23:55:53.883+0000] {logging_mixin.py:190} INFO - [2025-01-05T23:55:53.883+0000] {dag.py:4180} INFO - Setting next_dagrun for example_setup_teardown_taskflow to None, run_after=None
[2025-01-05T23:55:53.899+0000] {processor.py:208} INFO - Processing /home/airflow/.local/lib/python3.12/site-packages/airflow/example_dags/example_setup_teardown_taskflow.py took 0.061 seconds
[2025-01-05T23:56:24.653+0000] {processor.py:186} INFO - Started process (PID=8430) to work on /home/airflow/.local/lib/python3.12/site-packages/airflow/example_dags/example_setup_teardown_taskflow.py
[2025-01-05T23:56:24.654+0000] {processor.py:914} INFO - Processing file /home/airflow/.local/lib/python3.12/site-packages/airflow/example_dags/example_setup_teardown_taskflow.py for tasks to queue
[2025-01-05T23:56:24.656+0000] {logging_mixin.py:190} INFO - [2025-01-05T23:56:24.656+0000] {dagbag.py:588} INFO - Filling up the DagBag from /home/airflow/.local/lib/python3.12/site-packages/airflow/example_dags/example_setup_teardown_taskflow.py
[2025-01-05T23:56:24.666+0000] {processor.py:925} INFO - DAG(s) 'example_setup_teardown_taskflow' retrieved from /home/airflow/.local/lib/python3.12/site-packages/airflow/example_dags/example_setup_teardown_taskflow.py
[2025-01-05T23:56:24.685+0000] {logging_mixin.py:190} INFO - [2025-01-05T23:56:24.684+0000] {dag.py:3239} INFO - Sync 1 DAGs
[2025-01-05T23:56:24.696+0000] {logging_mixin.py:190} INFO - [2025-01-05T23:56:24.696+0000] {dag.py:4180} INFO - Setting next_dagrun for example_setup_teardown_taskflow to None, run_after=None
[2025-01-05T23:56:24.714+0000] {processor.py:208} INFO - Processing /home/airflow/.local/lib/python3.12/site-packages/airflow/example_dags/example_setup_teardown_taskflow.py took 0.065 seconds
[2025-01-05T23:56:55.437+0000] {processor.py:186} INFO - Started process (PID=8726) to work on /home/airflow/.local/lib/python3.12/site-packages/airflow/example_dags/example_setup_teardown_taskflow.py
[2025-01-05T23:56:55.438+0000] {processor.py:914} INFO - Processing file /home/airflow/.local/lib/python3.12/site-packages/airflow/example_dags/example_setup_teardown_taskflow.py for tasks to queue
[2025-01-05T23:56:55.440+0000] {logging_mixin.py:190} INFO - [2025-01-05T23:56:55.440+0000] {dagbag.py:588} INFO - Filling up the DagBag from /home/airflow/.local/lib/python3.12/site-packages/airflow/example_dags/example_setup_teardown_taskflow.py
[2025-01-05T23:56:55.448+0000] {processor.py:925} INFO - DAG(s) 'example_setup_teardown_taskflow' retrieved from /home/airflow/.local/lib/python3.12/site-packages/airflow/example_dags/example_setup_teardown_taskflow.py
[2025-01-05T23:56:55.467+0000] {logging_mixin.py:190} INFO - [2025-01-05T23:56:55.467+0000] {dag.py:3239} INFO - Sync 1 DAGs
[2025-01-05T23:56:55.478+0000] {logging_mixin.py:190} INFO - [2025-01-05T23:56:55.478+0000] {dag.py:4180} INFO - Setting next_dagrun for example_setup_teardown_taskflow to None, run_after=None
[2025-01-05T23:56:55.496+0000] {processor.py:208} INFO - Processing /home/airflow/.local/lib/python3.12/site-packages/airflow/example_dags/example_setup_teardown_taskflow.py took 0.064 seconds
[2025-01-05T23:57:27.325+0000] {processor.py:186} INFO - Started process (PID=9024) to work on /home/airflow/.local/lib/python3.12/site-packages/airflow/example_dags/example_setup_teardown_taskflow.py
[2025-01-05T23:57:27.326+0000] {processor.py:914} INFO - Processing file /home/airflow/.local/lib/python3.12/site-packages/airflow/example_dags/example_setup_teardown_taskflow.py for tasks to queue
[2025-01-05T23:57:27.327+0000] {logging_mixin.py:190} INFO - [2025-01-05T23:57:27.327+0000] {dagbag.py:588} INFO - Filling up the DagBag from /home/airflow/.local/lib/python3.12/site-packages/airflow/example_dags/example_setup_teardown_taskflow.py
[2025-01-05T23:57:27.336+0000] {processor.py:925} INFO - DAG(s) 'example_setup_teardown_taskflow' retrieved from /home/airflow/.local/lib/python3.12/site-packages/airflow/example_dags/example_setup_teardown_taskflow.py
[2025-01-05T23:57:27.352+0000] {logging_mixin.py:190} INFO - [2025-01-05T23:57:27.352+0000] {dag.py:3239} INFO - Sync 1 DAGs
[2025-01-05T23:57:27.363+0000] {logging_mixin.py:190} INFO - [2025-01-05T23:57:27.363+0000] {dag.py:4180} INFO - Setting next_dagrun for example_setup_teardown_taskflow to None, run_after=None
[2025-01-05T23:57:27.380+0000] {processor.py:208} INFO - Processing /home/airflow/.local/lib/python3.12/site-packages/airflow/example_dags/example_setup_teardown_taskflow.py took 0.060 seconds
[2025-01-05T23:57:57.898+0000] {processor.py:186} INFO - Started process (PID=9320) to work on /home/airflow/.local/lib/python3.12/site-packages/airflow/example_dags/example_setup_teardown_taskflow.py
[2025-01-05T23:57:57.899+0000] {processor.py:914} INFO - Processing file /home/airflow/.local/lib/python3.12/site-packages/airflow/example_dags/example_setup_teardown_taskflow.py for tasks to queue
[2025-01-05T23:57:57.901+0000] {logging_mixin.py:190} INFO - [2025-01-05T23:57:57.901+0000] {dagbag.py:588} INFO - Filling up the DagBag from /home/airflow/.local/lib/python3.12/site-packages/airflow/example_dags/example_setup_teardown_taskflow.py
[2025-01-05T23:57:57.909+0000] {processor.py:925} INFO - DAG(s) 'example_setup_teardown_taskflow' retrieved from /home/airflow/.local/lib/python3.12/site-packages/airflow/example_dags/example_setup_teardown_taskflow.py
[2025-01-05T23:57:57.925+0000] {logging_mixin.py:190} INFO - [2025-01-05T23:57:57.925+0000] {dag.py:3239} INFO - Sync 1 DAGs
[2025-01-05T23:57:57.937+0000] {logging_mixin.py:190} INFO - [2025-01-05T23:57:57.937+0000] {dag.py:4180} INFO - Setting next_dagrun for example_setup_teardown_taskflow to None, run_after=None
[2025-01-05T23:57:57.953+0000] {processor.py:208} INFO - Processing /home/airflow/.local/lib/python3.12/site-packages/airflow/example_dags/example_setup_teardown_taskflow.py took 0.059 seconds
[2025-01-05T23:58:28.568+0000] {processor.py:186} INFO - Started process (PID=9614) to work on /home/airflow/.local/lib/python3.12/site-packages/airflow/example_dags/example_setup_teardown_taskflow.py
[2025-01-05T23:58:28.569+0000] {processor.py:914} INFO - Processing file /home/airflow/.local/lib/python3.12/site-packages/airflow/example_dags/example_setup_teardown_taskflow.py for tasks to queue
[2025-01-05T23:58:28.571+0000] {logging_mixin.py:190} INFO - [2025-01-05T23:58:28.571+0000] {dagbag.py:588} INFO - Filling up the DagBag from /home/airflow/.local/lib/python3.12/site-packages/airflow/example_dags/example_setup_teardown_taskflow.py
[2025-01-05T23:58:28.580+0000] {processor.py:925} INFO - DAG(s) 'example_setup_teardown_taskflow' retrieved from /home/airflow/.local/lib/python3.12/site-packages/airflow/example_dags/example_setup_teardown_taskflow.py
[2025-01-05T23:58:28.599+0000] {logging_mixin.py:190} INFO - [2025-01-05T23:58:28.599+0000] {dag.py:3239} INFO - Sync 1 DAGs
[2025-01-05T23:58:28.610+0000] {logging_mixin.py:190} INFO - [2025-01-05T23:58:28.610+0000] {dag.py:4180} INFO - Setting next_dagrun for example_setup_teardown_taskflow to None, run_after=None
[2025-01-05T23:58:28.626+0000] {processor.py:208} INFO - Processing /home/airflow/.local/lib/python3.12/site-packages/airflow/example_dags/example_setup_teardown_taskflow.py took 0.063 seconds
[2025-01-05T23:58:59.310+0000] {processor.py:186} INFO - Started process (PID=9910) to work on /home/airflow/.local/lib/python3.12/site-packages/airflow/example_dags/example_setup_teardown_taskflow.py
[2025-01-05T23:58:59.311+0000] {processor.py:914} INFO - Processing file /home/airflow/.local/lib/python3.12/site-packages/airflow/example_dags/example_setup_teardown_taskflow.py for tasks to queue
[2025-01-05T23:58:59.313+0000] {logging_mixin.py:190} INFO - [2025-01-05T23:58:59.313+0000] {dagbag.py:588} INFO - Filling up the DagBag from /home/airflow/.local/lib/python3.12/site-packages/airflow/example_dags/example_setup_teardown_taskflow.py
[2025-01-05T23:58:59.322+0000] {processor.py:925} INFO - DAG(s) 'example_setup_teardown_taskflow' retrieved from /home/airflow/.local/lib/python3.12/site-packages/airflow/example_dags/example_setup_teardown_taskflow.py
[2025-01-05T23:58:59.341+0000] {logging_mixin.py:190} INFO - [2025-01-05T23:58:59.341+0000] {dag.py:3239} INFO - Sync 1 DAGs
[2025-01-05T23:58:59.354+0000] {logging_mixin.py:190} INFO - [2025-01-05T23:58:59.353+0000] {dag.py:4180} INFO - Setting next_dagrun for example_setup_teardown_taskflow to None, run_after=None
[2025-01-05T23:58:59.370+0000] {processor.py:208} INFO - Processing /home/airflow/.local/lib/python3.12/site-packages/airflow/example_dags/example_setup_teardown_taskflow.py took 0.064 seconds
[2025-01-05T23:59:30.930+0000] {processor.py:186} INFO - Started process (PID=10207) to work on /home/airflow/.local/lib/python3.12/site-packages/airflow/example_dags/example_setup_teardown_taskflow.py
[2025-01-05T23:59:30.931+0000] {processor.py:914} INFO - Processing file /home/airflow/.local/lib/python3.12/site-packages/airflow/example_dags/example_setup_teardown_taskflow.py for tasks to queue
[2025-01-05T23:59:30.933+0000] {logging_mixin.py:190} INFO - [2025-01-05T23:59:30.933+0000] {dagbag.py:588} INFO - Filling up the DagBag from /home/airflow/.local/lib/python3.12/site-packages/airflow/example_dags/example_setup_teardown_taskflow.py
[2025-01-05T23:59:30.941+0000] {processor.py:925} INFO - DAG(s) 'example_setup_teardown_taskflow' retrieved from /home/airflow/.local/lib/python3.12/site-packages/airflow/example_dags/example_setup_teardown_taskflow.py
[2025-01-05T23:59:30.957+0000] {logging_mixin.py:190} INFO - [2025-01-05T23:59:30.957+0000] {dag.py:3239} INFO - Sync 1 DAGs
[2025-01-05T23:59:30.969+0000] {logging_mixin.py:190} INFO - [2025-01-05T23:59:30.969+0000] {dag.py:4180} INFO - Setting next_dagrun for example_setup_teardown_taskflow to None, run_after=None
[2025-01-05T23:59:30.989+0000] {processor.py:208} INFO - Processing /home/airflow/.local/lib/python3.12/site-packages/airflow/example_dags/example_setup_teardown_taskflow.py took 0.064 seconds
