[2025-01-05T23:42:28.368+0000] {processor.py:186} INFO - Started process (PID=387) to work on /home/airflow/.local/lib/python3.12/site-packages/airflow/example_dags/example_bash_operator.py
[2025-01-05T23:42:28.370+0000] {processor.py:914} INFO - Processing file /home/airflow/.local/lib/python3.12/site-packages/airflow/example_dags/example_bash_operator.py for tasks to queue
[2025-01-05T23:42:28.374+0000] {logging_mixin.py:190} INFO - [2025-01-05T23:42:28.373+0000] {dagbag.py:588} INFO - Filling up the DagBag from /home/airflow/.local/lib/python3.12/site-packages/airflow/example_dags/example_bash_operator.py
[2025-01-05T23:42:28.392+0000] {processor.py:925} INFO - DAG(s) 'example_bash_operator' retrieved from /home/airflow/.local/lib/python3.12/site-packages/airflow/example_dags/example_bash_operator.py
[2025-01-05T23:42:28.429+0000] {logging_mixin.py:190} INFO - [2025-01-05T23:42:28.429+0000] {dag.py:3239} INFO - Sync 1 DAGs
[2025-01-05T23:42:28.460+0000] {logging_mixin.py:190} INFO - [2025-01-05T23:42:28.459+0000] {dag.py:4180} INFO - Setting next_dagrun for example_bash_operator to 2025-01-04 00:00:00+00:00, run_after=2025-01-05 00:00:00+00:00
[2025-01-05T23:42:28.484+0000] {processor.py:208} INFO - Processing /home/airflow/.local/lib/python3.12/site-packages/airflow/example_dags/example_bash_operator.py took 0.124 seconds
[2025-01-05T23:42:59.698+0000] {processor.py:186} INFO - Started process (PID=683) to work on /home/airflow/.local/lib/python3.12/site-packages/airflow/example_dags/example_bash_operator.py
[2025-01-05T23:42:59.699+0000] {processor.py:914} INFO - Processing file /home/airflow/.local/lib/python3.12/site-packages/airflow/example_dags/example_bash_operator.py for tasks to queue
[2025-01-05T23:42:59.703+0000] {logging_mixin.py:190} INFO - [2025-01-05T23:42:59.702+0000] {dagbag.py:588} INFO - Filling up the DagBag from /home/airflow/.local/lib/python3.12/site-packages/airflow/example_dags/example_bash_operator.py
[2025-01-05T23:42:59.721+0000] {processor.py:925} INFO - DAG(s) 'example_bash_operator' retrieved from /home/airflow/.local/lib/python3.12/site-packages/airflow/example_dags/example_bash_operator.py
[2025-01-05T23:42:59.757+0000] {logging_mixin.py:190} INFO - [2025-01-05T23:42:59.756+0000] {dag.py:3239} INFO - Sync 1 DAGs
[2025-01-05T23:42:59.794+0000] {logging_mixin.py:190} INFO - [2025-01-05T23:42:59.793+0000] {dag.py:4180} INFO - Setting next_dagrun for example_bash_operator to 2025-01-04 00:00:00+00:00, run_after=2025-01-05 00:00:00+00:00
[2025-01-05T23:42:59.815+0000] {processor.py:208} INFO - Processing /home/airflow/.local/lib/python3.12/site-packages/airflow/example_dags/example_bash_operator.py took 0.125 seconds
[2025-01-05T23:43:31.088+0000] {processor.py:186} INFO - Started process (PID=981) to work on /home/airflow/.local/lib/python3.12/site-packages/airflow/example_dags/example_bash_operator.py
[2025-01-05T23:43:31.089+0000] {processor.py:914} INFO - Processing file /home/airflow/.local/lib/python3.12/site-packages/airflow/example_dags/example_bash_operator.py for tasks to queue
[2025-01-05T23:43:31.093+0000] {logging_mixin.py:190} INFO - [2025-01-05T23:43:31.092+0000] {dagbag.py:588} INFO - Filling up the DagBag from /home/airflow/.local/lib/python3.12/site-packages/airflow/example_dags/example_bash_operator.py
[2025-01-05T23:43:31.118+0000] {processor.py:925} INFO - DAG(s) 'example_bash_operator' retrieved from /home/airflow/.local/lib/python3.12/site-packages/airflow/example_dags/example_bash_operator.py
[2025-01-05T23:43:31.172+0000] {logging_mixin.py:190} INFO - [2025-01-05T23:43:31.171+0000] {dag.py:3239} INFO - Sync 1 DAGs
[2025-01-05T23:43:31.221+0000] {logging_mixin.py:190} INFO - [2025-01-05T23:43:31.220+0000] {dag.py:4180} INFO - Setting next_dagrun for example_bash_operator to 2025-01-04 00:00:00+00:00, run_after=2025-01-05 00:00:00+00:00
[2025-01-05T23:43:31.305+0000] {processor.py:208} INFO - Processing /home/airflow/.local/lib/python3.12/site-packages/airflow/example_dags/example_bash_operator.py took 0.228 seconds
[2025-01-05T23:44:01.901+0000] {processor.py:186} INFO - Started process (PID=1275) to work on /home/airflow/.local/lib/python3.12/site-packages/airflow/example_dags/example_bash_operator.py
[2025-01-05T23:44:01.902+0000] {processor.py:914} INFO - Processing file /home/airflow/.local/lib/python3.12/site-packages/airflow/example_dags/example_bash_operator.py for tasks to queue
[2025-01-05T23:44:01.905+0000] {logging_mixin.py:190} INFO - [2025-01-05T23:44:01.904+0000] {dagbag.py:588} INFO - Filling up the DagBag from /home/airflow/.local/lib/python3.12/site-packages/airflow/example_dags/example_bash_operator.py
[2025-01-05T23:44:01.919+0000] {processor.py:925} INFO - DAG(s) 'example_bash_operator' retrieved from /home/airflow/.local/lib/python3.12/site-packages/airflow/example_dags/example_bash_operator.py
[2025-01-05T23:44:01.942+0000] {logging_mixin.py:190} INFO - [2025-01-05T23:44:01.942+0000] {dag.py:3239} INFO - Sync 1 DAGs
[2025-01-05T23:44:01.967+0000] {logging_mixin.py:190} INFO - [2025-01-05T23:44:01.967+0000] {dag.py:4180} INFO - Setting next_dagrun for example_bash_operator to 2025-01-04 00:00:00+00:00, run_after=2025-01-05 00:00:00+00:00
[2025-01-05T23:44:01.984+0000] {processor.py:208} INFO - Processing /home/airflow/.local/lib/python3.12/site-packages/airflow/example_dags/example_bash_operator.py took 0.089 seconds
[2025-01-05T23:44:32.218+0000] {processor.py:186} INFO - Started process (PID=1571) to work on /home/airflow/.local/lib/python3.12/site-packages/airflow/example_dags/example_bash_operator.py
[2025-01-05T23:44:32.219+0000] {processor.py:914} INFO - Processing file /home/airflow/.local/lib/python3.12/site-packages/airflow/example_dags/example_bash_operator.py for tasks to queue
[2025-01-05T23:44:32.221+0000] {logging_mixin.py:190} INFO - [2025-01-05T23:44:32.221+0000] {dagbag.py:588} INFO - Filling up the DagBag from /home/airflow/.local/lib/python3.12/site-packages/airflow/example_dags/example_bash_operator.py
[2025-01-05T23:44:32.232+0000] {processor.py:925} INFO - DAG(s) 'example_bash_operator' retrieved from /home/airflow/.local/lib/python3.12/site-packages/airflow/example_dags/example_bash_operator.py
[2025-01-05T23:44:32.254+0000] {logging_mixin.py:190} INFO - [2025-01-05T23:44:32.254+0000] {dag.py:3239} INFO - Sync 1 DAGs
[2025-01-05T23:44:32.272+0000] {logging_mixin.py:190} INFO - [2025-01-05T23:44:32.272+0000] {dag.py:4180} INFO - Setting next_dagrun for example_bash_operator to 2025-01-04 00:00:00+00:00, run_after=2025-01-05 00:00:00+00:00
[2025-01-05T23:44:32.288+0000] {processor.py:208} INFO - Processing /home/airflow/.local/lib/python3.12/site-packages/airflow/example_dags/example_bash_operator.py took 0.075 seconds
[2025-01-05T23:45:03.263+0000] {processor.py:186} INFO - Started process (PID=1867) to work on /home/airflow/.local/lib/python3.12/site-packages/airflow/example_dags/example_bash_operator.py
[2025-01-05T23:45:03.263+0000] {processor.py:914} INFO - Processing file /home/airflow/.local/lib/python3.12/site-packages/airflow/example_dags/example_bash_operator.py for tasks to queue
[2025-01-05T23:45:03.265+0000] {logging_mixin.py:190} INFO - [2025-01-05T23:45:03.265+0000] {dagbag.py:588} INFO - Filling up the DagBag from /home/airflow/.local/lib/python3.12/site-packages/airflow/example_dags/example_bash_operator.py
[2025-01-05T23:45:03.277+0000] {processor.py:925} INFO - DAG(s) 'example_bash_operator' retrieved from /home/airflow/.local/lib/python3.12/site-packages/airflow/example_dags/example_bash_operator.py
[2025-01-05T23:45:03.300+0000] {logging_mixin.py:190} INFO - [2025-01-05T23:45:03.300+0000] {dag.py:3239} INFO - Sync 1 DAGs
[2025-01-05T23:45:03.322+0000] {logging_mixin.py:190} INFO - [2025-01-05T23:45:03.322+0000] {dag.py:4180} INFO - Setting next_dagrun for example_bash_operator to 2025-01-04 00:00:00+00:00, run_after=2025-01-05 00:00:00+00:00
[2025-01-05T23:45:03.348+0000] {processor.py:208} INFO - Processing /home/airflow/.local/lib/python3.12/site-packages/airflow/example_dags/example_bash_operator.py took 0.090 seconds
[2025-01-05T23:45:33.944+0000] {processor.py:186} INFO - Started process (PID=2163) to work on /home/airflow/.local/lib/python3.12/site-packages/airflow/example_dags/example_bash_operator.py
[2025-01-05T23:45:33.945+0000] {processor.py:914} INFO - Processing file /home/airflow/.local/lib/python3.12/site-packages/airflow/example_dags/example_bash_operator.py for tasks to queue
[2025-01-05T23:45:33.947+0000] {logging_mixin.py:190} INFO - [2025-01-05T23:45:33.947+0000] {dagbag.py:588} INFO - Filling up the DagBag from /home/airflow/.local/lib/python3.12/site-packages/airflow/example_dags/example_bash_operator.py
[2025-01-05T23:45:33.958+0000] {processor.py:925} INFO - DAG(s) 'example_bash_operator' retrieved from /home/airflow/.local/lib/python3.12/site-packages/airflow/example_dags/example_bash_operator.py
[2025-01-05T23:45:33.982+0000] {logging_mixin.py:190} INFO - [2025-01-05T23:45:33.982+0000] {dag.py:3239} INFO - Sync 1 DAGs
[2025-01-05T23:45:34.000+0000] {logging_mixin.py:190} INFO - [2025-01-05T23:45:34.000+0000] {dag.py:4180} INFO - Setting next_dagrun for example_bash_operator to 2025-01-04 00:00:00+00:00, run_after=2025-01-05 00:00:00+00:00
[2025-01-05T23:45:34.015+0000] {processor.py:208} INFO - Processing /home/airflow/.local/lib/python3.12/site-packages/airflow/example_dags/example_bash_operator.py took 0.077 seconds
[2025-01-05T23:46:05.276+0000] {processor.py:186} INFO - Started process (PID=2459) to work on /home/airflow/.local/lib/python3.12/site-packages/airflow/example_dags/example_bash_operator.py
[2025-01-05T23:46:05.277+0000] {processor.py:914} INFO - Processing file /home/airflow/.local/lib/python3.12/site-packages/airflow/example_dags/example_bash_operator.py for tasks to queue
[2025-01-05T23:46:05.279+0000] {logging_mixin.py:190} INFO - [2025-01-05T23:46:05.279+0000] {dagbag.py:588} INFO - Filling up the DagBag from /home/airflow/.local/lib/python3.12/site-packages/airflow/example_dags/example_bash_operator.py
[2025-01-05T23:46:05.292+0000] {processor.py:925} INFO - DAG(s) 'example_bash_operator' retrieved from /home/airflow/.local/lib/python3.12/site-packages/airflow/example_dags/example_bash_operator.py
[2025-01-05T23:46:05.313+0000] {logging_mixin.py:190} INFO - [2025-01-05T23:46:05.313+0000] {dag.py:3239} INFO - Sync 1 DAGs
[2025-01-05T23:46:05.338+0000] {logging_mixin.py:190} INFO - [2025-01-05T23:46:05.338+0000] {dag.py:4180} INFO - Setting next_dagrun for example_bash_operator to 2025-01-04 00:00:00+00:00, run_after=2025-01-05 00:00:00+00:00
[2025-01-05T23:46:05.358+0000] {processor.py:208} INFO - Processing /home/airflow/.local/lib/python3.12/site-packages/airflow/example_dags/example_bash_operator.py took 0.088 seconds
[2025-01-05T23:46:36.367+0000] {processor.py:186} INFO - Started process (PID=2757) to work on /home/airflow/.local/lib/python3.12/site-packages/airflow/example_dags/example_bash_operator.py
[2025-01-05T23:46:36.368+0000] {processor.py:914} INFO - Processing file /home/airflow/.local/lib/python3.12/site-packages/airflow/example_dags/example_bash_operator.py for tasks to queue
[2025-01-05T23:46:36.371+0000] {logging_mixin.py:190} INFO - [2025-01-05T23:46:36.370+0000] {dagbag.py:588} INFO - Filling up the DagBag from /home/airflow/.local/lib/python3.12/site-packages/airflow/example_dags/example_bash_operator.py
[2025-01-05T23:46:36.388+0000] {processor.py:925} INFO - DAG(s) 'example_bash_operator' retrieved from /home/airflow/.local/lib/python3.12/site-packages/airflow/example_dags/example_bash_operator.py
[2025-01-05T23:46:36.412+0000] {logging_mixin.py:190} INFO - [2025-01-05T23:46:36.412+0000] {dag.py:3239} INFO - Sync 1 DAGs
[2025-01-05T23:46:36.435+0000] {logging_mixin.py:190} INFO - [2025-01-05T23:46:36.435+0000] {dag.py:4180} INFO - Setting next_dagrun for example_bash_operator to 2025-01-04 00:00:00+00:00, run_after=2025-01-05 00:00:00+00:00
[2025-01-05T23:46:36.453+0000] {processor.py:208} INFO - Processing /home/airflow/.local/lib/python3.12/site-packages/airflow/example_dags/example_bash_operator.py took 0.093 seconds
[2025-01-05T23:47:07.356+0000] {processor.py:186} INFO - Started process (PID=3051) to work on /home/airflow/.local/lib/python3.12/site-packages/airflow/example_dags/example_bash_operator.py
[2025-01-05T23:47:07.357+0000] {processor.py:914} INFO - Processing file /home/airflow/.local/lib/python3.12/site-packages/airflow/example_dags/example_bash_operator.py for tasks to queue
[2025-01-05T23:47:07.359+0000] {logging_mixin.py:190} INFO - [2025-01-05T23:47:07.359+0000] {dagbag.py:588} INFO - Filling up the DagBag from /home/airflow/.local/lib/python3.12/site-packages/airflow/example_dags/example_bash_operator.py
[2025-01-05T23:47:07.369+0000] {processor.py:925} INFO - DAG(s) 'example_bash_operator' retrieved from /home/airflow/.local/lib/python3.12/site-packages/airflow/example_dags/example_bash_operator.py
[2025-01-05T23:47:07.390+0000] {logging_mixin.py:190} INFO - [2025-01-05T23:47:07.390+0000] {dag.py:3239} INFO - Sync 1 DAGs
[2025-01-05T23:47:07.410+0000] {logging_mixin.py:190} INFO - [2025-01-05T23:47:07.410+0000] {dag.py:4180} INFO - Setting next_dagrun for example_bash_operator to 2025-01-04 00:00:00+00:00, run_after=2025-01-05 00:00:00+00:00
[2025-01-05T23:47:07.429+0000] {processor.py:208} INFO - Processing /home/airflow/.local/lib/python3.12/site-packages/airflow/example_dags/example_bash_operator.py took 0.078 seconds
[2025-01-05T23:47:38.136+0000] {processor.py:186} INFO - Started process (PID=3347) to work on /home/airflow/.local/lib/python3.12/site-packages/airflow/example_dags/example_bash_operator.py
[2025-01-05T23:47:38.137+0000] {processor.py:914} INFO - Processing file /home/airflow/.local/lib/python3.12/site-packages/airflow/example_dags/example_bash_operator.py for tasks to queue
[2025-01-05T23:47:38.139+0000] {logging_mixin.py:190} INFO - [2025-01-05T23:47:38.138+0000] {dagbag.py:588} INFO - Filling up the DagBag from /home/airflow/.local/lib/python3.12/site-packages/airflow/example_dags/example_bash_operator.py
[2025-01-05T23:47:38.149+0000] {processor.py:925} INFO - DAG(s) 'example_bash_operator' retrieved from /home/airflow/.local/lib/python3.12/site-packages/airflow/example_dags/example_bash_operator.py
[2025-01-05T23:47:38.170+0000] {logging_mixin.py:190} INFO - [2025-01-05T23:47:38.170+0000] {dag.py:3239} INFO - Sync 1 DAGs
[2025-01-05T23:47:38.192+0000] {logging_mixin.py:190} INFO - [2025-01-05T23:47:38.192+0000] {dag.py:4180} INFO - Setting next_dagrun for example_bash_operator to 2025-01-04 00:00:00+00:00, run_after=2025-01-05 00:00:00+00:00
[2025-01-05T23:47:38.209+0000] {processor.py:208} INFO - Processing /home/airflow/.local/lib/python3.12/site-packages/airflow/example_dags/example_bash_operator.py took 0.077 seconds
[2025-01-05T23:48:08.814+0000] {processor.py:186} INFO - Started process (PID=3643) to work on /home/airflow/.local/lib/python3.12/site-packages/airflow/example_dags/example_bash_operator.py
[2025-01-05T23:48:08.816+0000] {processor.py:914} INFO - Processing file /home/airflow/.local/lib/python3.12/site-packages/airflow/example_dags/example_bash_operator.py for tasks to queue
[2025-01-05T23:48:08.819+0000] {logging_mixin.py:190} INFO - [2025-01-05T23:48:08.818+0000] {dagbag.py:588} INFO - Filling up the DagBag from /home/airflow/.local/lib/python3.12/site-packages/airflow/example_dags/example_bash_operator.py
[2025-01-05T23:48:08.835+0000] {processor.py:925} INFO - DAG(s) 'example_bash_operator' retrieved from /home/airflow/.local/lib/python3.12/site-packages/airflow/example_dags/example_bash_operator.py
[2025-01-05T23:48:08.858+0000] {logging_mixin.py:190} INFO - [2025-01-05T23:48:08.858+0000] {dag.py:3239} INFO - Sync 1 DAGs
[2025-01-05T23:48:08.879+0000] {logging_mixin.py:190} INFO - [2025-01-05T23:48:08.879+0000] {dag.py:4180} INFO - Setting next_dagrun for example_bash_operator to 2025-01-04 00:00:00+00:00, run_after=2025-01-05 00:00:00+00:00
[2025-01-05T23:48:08.898+0000] {processor.py:208} INFO - Processing /home/airflow/.local/lib/python3.12/site-packages/airflow/example_dags/example_bash_operator.py took 0.091 seconds
[2025-01-05T23:48:39.667+0000] {processor.py:186} INFO - Started process (PID=3941) to work on /home/airflow/.local/lib/python3.12/site-packages/airflow/example_dags/example_bash_operator.py
[2025-01-05T23:48:39.668+0000] {processor.py:914} INFO - Processing file /home/airflow/.local/lib/python3.12/site-packages/airflow/example_dags/example_bash_operator.py for tasks to queue
[2025-01-05T23:48:39.670+0000] {logging_mixin.py:190} INFO - [2025-01-05T23:48:39.670+0000] {dagbag.py:588} INFO - Filling up the DagBag from /home/airflow/.local/lib/python3.12/site-packages/airflow/example_dags/example_bash_operator.py
[2025-01-05T23:48:39.681+0000] {processor.py:925} INFO - DAG(s) 'example_bash_operator' retrieved from /home/airflow/.local/lib/python3.12/site-packages/airflow/example_dags/example_bash_operator.py
[2025-01-05T23:48:39.702+0000] {logging_mixin.py:190} INFO - [2025-01-05T23:48:39.702+0000] {dag.py:3239} INFO - Sync 1 DAGs
[2025-01-05T23:48:39.720+0000] {logging_mixin.py:190} INFO - [2025-01-05T23:48:39.720+0000] {dag.py:4180} INFO - Setting next_dagrun for example_bash_operator to 2025-01-04 00:00:00+00:00, run_after=2025-01-05 00:00:00+00:00
[2025-01-05T23:48:39.737+0000] {processor.py:208} INFO - Processing /home/airflow/.local/lib/python3.12/site-packages/airflow/example_dags/example_bash_operator.py took 0.074 seconds
[2025-01-05T23:49:10.400+0000] {processor.py:186} INFO - Started process (PID=4237) to work on /home/airflow/.local/lib/python3.12/site-packages/airflow/example_dags/example_bash_operator.py
[2025-01-05T23:49:10.401+0000] {processor.py:914} INFO - Processing file /home/airflow/.local/lib/python3.12/site-packages/airflow/example_dags/example_bash_operator.py for tasks to queue
[2025-01-05T23:49:10.403+0000] {logging_mixin.py:190} INFO - [2025-01-05T23:49:10.403+0000] {dagbag.py:588} INFO - Filling up the DagBag from /home/airflow/.local/lib/python3.12/site-packages/airflow/example_dags/example_bash_operator.py
[2025-01-05T23:49:10.413+0000] {processor.py:925} INFO - DAG(s) 'example_bash_operator' retrieved from /home/airflow/.local/lib/python3.12/site-packages/airflow/example_dags/example_bash_operator.py
[2025-01-05T23:49:10.436+0000] {logging_mixin.py:190} INFO - [2025-01-05T23:49:10.435+0000] {dag.py:3239} INFO - Sync 1 DAGs
[2025-01-05T23:49:10.455+0000] {logging_mixin.py:190} INFO - [2025-01-05T23:49:10.454+0000] {dag.py:4180} INFO - Setting next_dagrun for example_bash_operator to 2025-01-04 00:00:00+00:00, run_after=2025-01-05 00:00:00+00:00
[2025-01-05T23:49:10.471+0000] {processor.py:208} INFO - Processing /home/airflow/.local/lib/python3.12/site-packages/airflow/example_dags/example_bash_operator.py took 0.075 seconds
[2025-01-05T23:49:41.212+0000] {processor.py:186} INFO - Started process (PID=4531) to work on /home/airflow/.local/lib/python3.12/site-packages/airflow/example_dags/example_bash_operator.py
[2025-01-05T23:49:41.213+0000] {processor.py:914} INFO - Processing file /home/airflow/.local/lib/python3.12/site-packages/airflow/example_dags/example_bash_operator.py for tasks to queue
[2025-01-05T23:49:41.215+0000] {logging_mixin.py:190} INFO - [2025-01-05T23:49:41.215+0000] {dagbag.py:588} INFO - Filling up the DagBag from /home/airflow/.local/lib/python3.12/site-packages/airflow/example_dags/example_bash_operator.py
[2025-01-05T23:49:41.225+0000] {processor.py:925} INFO - DAG(s) 'example_bash_operator' retrieved from /home/airflow/.local/lib/python3.12/site-packages/airflow/example_dags/example_bash_operator.py
[2025-01-05T23:49:41.249+0000] {logging_mixin.py:190} INFO - [2025-01-05T23:49:41.249+0000] {dag.py:3239} INFO - Sync 1 DAGs
[2025-01-05T23:49:41.266+0000] {logging_mixin.py:190} INFO - [2025-01-05T23:49:41.266+0000] {dag.py:4180} INFO - Setting next_dagrun for example_bash_operator to 2025-01-04 00:00:00+00:00, run_after=2025-01-05 00:00:00+00:00
[2025-01-05T23:49:41.283+0000] {processor.py:208} INFO - Processing /home/airflow/.local/lib/python3.12/site-packages/airflow/example_dags/example_bash_operator.py took 0.075 seconds
[2025-01-05T23:50:12.111+0000] {processor.py:186} INFO - Started process (PID=4827) to work on /home/airflow/.local/lib/python3.12/site-packages/airflow/example_dags/example_bash_operator.py
[2025-01-05T23:50:12.112+0000] {processor.py:914} INFO - Processing file /home/airflow/.local/lib/python3.12/site-packages/airflow/example_dags/example_bash_operator.py for tasks to queue
[2025-01-05T23:50:12.114+0000] {logging_mixin.py:190} INFO - [2025-01-05T23:50:12.114+0000] {dagbag.py:588} INFO - Filling up the DagBag from /home/airflow/.local/lib/python3.12/site-packages/airflow/example_dags/example_bash_operator.py
[2025-01-05T23:50:12.135+0000] {processor.py:925} INFO - DAG(s) 'example_bash_operator' retrieved from /home/airflow/.local/lib/python3.12/site-packages/airflow/example_dags/example_bash_operator.py
[2025-01-05T23:50:12.164+0000] {logging_mixin.py:190} INFO - [2025-01-05T23:50:12.164+0000] {dag.py:3239} INFO - Sync 1 DAGs
[2025-01-05T23:50:12.186+0000] {logging_mixin.py:190} INFO - [2025-01-05T23:50:12.186+0000] {dag.py:4180} INFO - Setting next_dagrun for example_bash_operator to 2025-01-04 00:00:00+00:00, run_after=2025-01-05 00:00:00+00:00
[2025-01-05T23:50:12.201+0000] {processor.py:208} INFO - Processing /home/airflow/.local/lib/python3.12/site-packages/airflow/example_dags/example_bash_operator.py took 0.100 seconds
[2025-01-05T23:50:43.146+0000] {processor.py:186} INFO - Started process (PID=5123) to work on /home/airflow/.local/lib/python3.12/site-packages/airflow/example_dags/example_bash_operator.py
[2025-01-05T23:50:43.147+0000] {processor.py:914} INFO - Processing file /home/airflow/.local/lib/python3.12/site-packages/airflow/example_dags/example_bash_operator.py for tasks to queue
[2025-01-05T23:50:43.149+0000] {logging_mixin.py:190} INFO - [2025-01-05T23:50:43.149+0000] {dagbag.py:588} INFO - Filling up the DagBag from /home/airflow/.local/lib/python3.12/site-packages/airflow/example_dags/example_bash_operator.py
[2025-01-05T23:50:43.161+0000] {processor.py:925} INFO - DAG(s) 'example_bash_operator' retrieved from /home/airflow/.local/lib/python3.12/site-packages/airflow/example_dags/example_bash_operator.py
[2025-01-05T23:50:43.186+0000] {logging_mixin.py:190} INFO - [2025-01-05T23:50:43.186+0000] {dag.py:3239} INFO - Sync 1 DAGs
[2025-01-05T23:50:43.205+0000] {logging_mixin.py:190} INFO - [2025-01-05T23:50:43.205+0000] {dag.py:4180} INFO - Setting next_dagrun for example_bash_operator to 2025-01-04 00:00:00+00:00, run_after=2025-01-05 00:00:00+00:00
[2025-01-05T23:50:43.223+0000] {processor.py:208} INFO - Processing /home/airflow/.local/lib/python3.12/site-packages/airflow/example_dags/example_bash_operator.py took 0.082 seconds
[2025-01-05T23:51:14.004+0000] {processor.py:186} INFO - Started process (PID=5419) to work on /home/airflow/.local/lib/python3.12/site-packages/airflow/example_dags/example_bash_operator.py
[2025-01-05T23:51:14.005+0000] {processor.py:914} INFO - Processing file /home/airflow/.local/lib/python3.12/site-packages/airflow/example_dags/example_bash_operator.py for tasks to queue
[2025-01-05T23:51:14.007+0000] {logging_mixin.py:190} INFO - [2025-01-05T23:51:14.007+0000] {dagbag.py:588} INFO - Filling up the DagBag from /home/airflow/.local/lib/python3.12/site-packages/airflow/example_dags/example_bash_operator.py
[2025-01-05T23:51:14.018+0000] {processor.py:925} INFO - DAG(s) 'example_bash_operator' retrieved from /home/airflow/.local/lib/python3.12/site-packages/airflow/example_dags/example_bash_operator.py
[2025-01-05T23:51:14.041+0000] {logging_mixin.py:190} INFO - [2025-01-05T23:51:14.040+0000] {dag.py:3239} INFO - Sync 1 DAGs
[2025-01-05T23:51:14.063+0000] {logging_mixin.py:190} INFO - [2025-01-05T23:51:14.063+0000] {dag.py:4180} INFO - Setting next_dagrun for example_bash_operator to 2025-01-04 00:00:00+00:00, run_after=2025-01-05 00:00:00+00:00
[2025-01-05T23:51:14.083+0000] {processor.py:208} INFO - Processing /home/airflow/.local/lib/python3.12/site-packages/airflow/example_dags/example_bash_operator.py took 0.084 seconds
[2025-01-05T23:51:44.840+0000] {processor.py:186} INFO - Started process (PID=5715) to work on /home/airflow/.local/lib/python3.12/site-packages/airflow/example_dags/example_bash_operator.py
[2025-01-05T23:51:44.841+0000] {processor.py:914} INFO - Processing file /home/airflow/.local/lib/python3.12/site-packages/airflow/example_dags/example_bash_operator.py for tasks to queue
[2025-01-05T23:51:44.844+0000] {logging_mixin.py:190} INFO - [2025-01-05T23:51:44.843+0000] {dagbag.py:588} INFO - Filling up the DagBag from /home/airflow/.local/lib/python3.12/site-packages/airflow/example_dags/example_bash_operator.py
[2025-01-05T23:51:44.858+0000] {processor.py:925} INFO - DAG(s) 'example_bash_operator' retrieved from /home/airflow/.local/lib/python3.12/site-packages/airflow/example_dags/example_bash_operator.py
[2025-01-05T23:51:44.884+0000] {logging_mixin.py:190} INFO - [2025-01-05T23:51:44.884+0000] {dag.py:3239} INFO - Sync 1 DAGs
[2025-01-05T23:51:44.905+0000] {logging_mixin.py:190} INFO - [2025-01-05T23:51:44.905+0000] {dag.py:4180} INFO - Setting next_dagrun for example_bash_operator to 2025-01-04 00:00:00+00:00, run_after=2025-01-05 00:00:00+00:00
[2025-01-05T23:51:44.920+0000] {processor.py:208} INFO - Processing /home/airflow/.local/lib/python3.12/site-packages/airflow/example_dags/example_bash_operator.py took 0.088 seconds
[2025-01-05T23:52:16.026+0000] {processor.py:186} INFO - Started process (PID=6011) to work on /home/airflow/.local/lib/python3.12/site-packages/airflow/example_dags/example_bash_operator.py
[2025-01-05T23:52:16.027+0000] {processor.py:914} INFO - Processing file /home/airflow/.local/lib/python3.12/site-packages/airflow/example_dags/example_bash_operator.py for tasks to queue
[2025-01-05T23:52:16.029+0000] {logging_mixin.py:190} INFO - [2025-01-05T23:52:16.029+0000] {dagbag.py:588} INFO - Filling up the DagBag from /home/airflow/.local/lib/python3.12/site-packages/airflow/example_dags/example_bash_operator.py
[2025-01-05T23:52:16.040+0000] {processor.py:925} INFO - DAG(s) 'example_bash_operator' retrieved from /home/airflow/.local/lib/python3.12/site-packages/airflow/example_dags/example_bash_operator.py
[2025-01-05T23:52:16.063+0000] {logging_mixin.py:190} INFO - [2025-01-05T23:52:16.063+0000] {dag.py:3239} INFO - Sync 1 DAGs
[2025-01-05T23:52:16.081+0000] {logging_mixin.py:190} INFO - [2025-01-05T23:52:16.081+0000] {dag.py:4180} INFO - Setting next_dagrun for example_bash_operator to 2025-01-04 00:00:00+00:00, run_after=2025-01-05 00:00:00+00:00
[2025-01-05T23:52:16.101+0000] {processor.py:208} INFO - Processing /home/airflow/.local/lib/python3.12/site-packages/airflow/example_dags/example_bash_operator.py took 0.080 seconds
[2025-01-05T23:52:46.808+0000] {processor.py:186} INFO - Started process (PID=6307) to work on /home/airflow/.local/lib/python3.12/site-packages/airflow/example_dags/example_bash_operator.py
[2025-01-05T23:52:46.809+0000] {processor.py:914} INFO - Processing file /home/airflow/.local/lib/python3.12/site-packages/airflow/example_dags/example_bash_operator.py for tasks to queue
[2025-01-05T23:52:46.811+0000] {logging_mixin.py:190} INFO - [2025-01-05T23:52:46.811+0000] {dagbag.py:588} INFO - Filling up the DagBag from /home/airflow/.local/lib/python3.12/site-packages/airflow/example_dags/example_bash_operator.py
[2025-01-05T23:52:46.823+0000] {processor.py:925} INFO - DAG(s) 'example_bash_operator' retrieved from /home/airflow/.local/lib/python3.12/site-packages/airflow/example_dags/example_bash_operator.py
[2025-01-05T23:52:46.855+0000] {logging_mixin.py:190} INFO - [2025-01-05T23:52:46.855+0000] {dag.py:3239} INFO - Sync 1 DAGs
[2025-01-05T23:52:46.875+0000] {logging_mixin.py:190} INFO - [2025-01-05T23:52:46.875+0000] {dag.py:4180} INFO - Setting next_dagrun for example_bash_operator to 2025-01-04 00:00:00+00:00, run_after=2025-01-05 00:00:00+00:00
[2025-01-05T23:52:46.894+0000] {processor.py:208} INFO - Processing /home/airflow/.local/lib/python3.12/site-packages/airflow/example_dags/example_bash_operator.py took 0.091 seconds
[2025-01-05T23:53:17.729+0000] {processor.py:186} INFO - Started process (PID=6603) to work on /home/airflow/.local/lib/python3.12/site-packages/airflow/example_dags/example_bash_operator.py
[2025-01-05T23:53:17.730+0000] {processor.py:914} INFO - Processing file /home/airflow/.local/lib/python3.12/site-packages/airflow/example_dags/example_bash_operator.py for tasks to queue
[2025-01-05T23:53:17.732+0000] {logging_mixin.py:190} INFO - [2025-01-05T23:53:17.732+0000] {dagbag.py:588} INFO - Filling up the DagBag from /home/airflow/.local/lib/python3.12/site-packages/airflow/example_dags/example_bash_operator.py
[2025-01-05T23:53:17.744+0000] {processor.py:925} INFO - DAG(s) 'example_bash_operator' retrieved from /home/airflow/.local/lib/python3.12/site-packages/airflow/example_dags/example_bash_operator.py
[2025-01-05T23:53:17.766+0000] {logging_mixin.py:190} INFO - [2025-01-05T23:53:17.766+0000] {dag.py:3239} INFO - Sync 1 DAGs
[2025-01-05T23:53:17.786+0000] {logging_mixin.py:190} INFO - [2025-01-05T23:53:17.786+0000] {dag.py:4180} INFO - Setting next_dagrun for example_bash_operator to 2025-01-04 00:00:00+00:00, run_after=2025-01-05 00:00:00+00:00
[2025-01-05T23:53:17.806+0000] {processor.py:208} INFO - Processing /home/airflow/.local/lib/python3.12/site-packages/airflow/example_dags/example_bash_operator.py took 0.082 seconds
[2025-01-05T23:53:49.256+0000] {processor.py:186} INFO - Started process (PID=6899) to work on /home/airflow/.local/lib/python3.12/site-packages/airflow/example_dags/example_bash_operator.py
[2025-01-05T23:53:49.257+0000] {processor.py:914} INFO - Processing file /home/airflow/.local/lib/python3.12/site-packages/airflow/example_dags/example_bash_operator.py for tasks to queue
[2025-01-05T23:53:49.259+0000] {logging_mixin.py:190} INFO - [2025-01-05T23:53:49.259+0000] {dagbag.py:588} INFO - Filling up the DagBag from /home/airflow/.local/lib/python3.12/site-packages/airflow/example_dags/example_bash_operator.py
[2025-01-05T23:53:49.270+0000] {processor.py:925} INFO - DAG(s) 'example_bash_operator' retrieved from /home/airflow/.local/lib/python3.12/site-packages/airflow/example_dags/example_bash_operator.py
[2025-01-05T23:53:49.293+0000] {logging_mixin.py:190} INFO - [2025-01-05T23:53:49.292+0000] {dag.py:3239} INFO - Sync 1 DAGs
[2025-01-05T23:53:49.311+0000] {logging_mixin.py:190} INFO - [2025-01-05T23:53:49.311+0000] {dag.py:4180} INFO - Setting next_dagrun for example_bash_operator to 2025-01-04 00:00:00+00:00, run_after=2025-01-05 00:00:00+00:00
[2025-01-05T23:53:49.331+0000] {processor.py:208} INFO - Processing /home/airflow/.local/lib/python3.12/site-packages/airflow/example_dags/example_bash_operator.py took 0.080 seconds
[2025-01-05T23:54:20.516+0000] {processor.py:186} INFO - Started process (PID=7195) to work on /home/airflow/.local/lib/python3.12/site-packages/airflow/example_dags/example_bash_operator.py
[2025-01-05T23:54:20.516+0000] {processor.py:914} INFO - Processing file /home/airflow/.local/lib/python3.12/site-packages/airflow/example_dags/example_bash_operator.py for tasks to queue
[2025-01-05T23:54:20.519+0000] {logging_mixin.py:190} INFO - [2025-01-05T23:54:20.518+0000] {dagbag.py:588} INFO - Filling up the DagBag from /home/airflow/.local/lib/python3.12/site-packages/airflow/example_dags/example_bash_operator.py
[2025-01-05T23:54:20.533+0000] {processor.py:925} INFO - DAG(s) 'example_bash_operator' retrieved from /home/airflow/.local/lib/python3.12/site-packages/airflow/example_dags/example_bash_operator.py
[2025-01-05T23:54:20.564+0000] {logging_mixin.py:190} INFO - [2025-01-05T23:54:20.564+0000] {dag.py:3239} INFO - Sync 1 DAGs
[2025-01-05T23:54:20.589+0000] {logging_mixin.py:190} INFO - [2025-01-05T23:54:20.589+0000] {dag.py:4180} INFO - Setting next_dagrun for example_bash_operator to 2025-01-04 00:00:00+00:00, run_after=2025-01-05 00:00:00+00:00
[2025-01-05T23:54:20.609+0000] {processor.py:208} INFO - Processing /home/airflow/.local/lib/python3.12/site-packages/airflow/example_dags/example_bash_operator.py took 0.098 seconds
[2025-01-05T23:54:51.316+0000] {processor.py:186} INFO - Started process (PID=7491) to work on /home/airflow/.local/lib/python3.12/site-packages/airflow/example_dags/example_bash_operator.py
[2025-01-05T23:54:51.317+0000] {processor.py:914} INFO - Processing file /home/airflow/.local/lib/python3.12/site-packages/airflow/example_dags/example_bash_operator.py for tasks to queue
[2025-01-05T23:54:51.320+0000] {logging_mixin.py:190} INFO - [2025-01-05T23:54:51.319+0000] {dagbag.py:588} INFO - Filling up the DagBag from /home/airflow/.local/lib/python3.12/site-packages/airflow/example_dags/example_bash_operator.py
[2025-01-05T23:54:51.333+0000] {processor.py:925} INFO - DAG(s) 'example_bash_operator' retrieved from /home/airflow/.local/lib/python3.12/site-packages/airflow/example_dags/example_bash_operator.py
[2025-01-05T23:54:51.358+0000] {logging_mixin.py:190} INFO - [2025-01-05T23:54:51.358+0000] {dag.py:3239} INFO - Sync 1 DAGs
[2025-01-05T23:54:51.381+0000] {logging_mixin.py:190} INFO - [2025-01-05T23:54:51.381+0000] {dag.py:4180} INFO - Setting next_dagrun for example_bash_operator to 2025-01-04 00:00:00+00:00, run_after=2025-01-05 00:00:00+00:00
[2025-01-05T23:54:51.397+0000] {processor.py:208} INFO - Processing /home/airflow/.local/lib/python3.12/site-packages/airflow/example_dags/example_bash_operator.py took 0.087 seconds
[2025-01-05T23:55:22.453+0000] {processor.py:186} INFO - Started process (PID=7793) to work on /home/airflow/.local/lib/python3.12/site-packages/airflow/example_dags/example_bash_operator.py
[2025-01-05T23:55:22.453+0000] {processor.py:914} INFO - Processing file /home/airflow/.local/lib/python3.12/site-packages/airflow/example_dags/example_bash_operator.py for tasks to queue
[2025-01-05T23:55:22.455+0000] {logging_mixin.py:190} INFO - [2025-01-05T23:55:22.455+0000] {dagbag.py:588} INFO - Filling up the DagBag from /home/airflow/.local/lib/python3.12/site-packages/airflow/example_dags/example_bash_operator.py
[2025-01-05T23:55:22.468+0000] {processor.py:925} INFO - DAG(s) 'example_bash_operator' retrieved from /home/airflow/.local/lib/python3.12/site-packages/airflow/example_dags/example_bash_operator.py
[2025-01-05T23:55:22.491+0000] {logging_mixin.py:190} INFO - [2025-01-05T23:55:22.490+0000] {dag.py:3239} INFO - Sync 1 DAGs
[2025-01-05T23:55:22.509+0000] {logging_mixin.py:190} INFO - [2025-01-05T23:55:22.509+0000] {dag.py:4180} INFO - Setting next_dagrun for example_bash_operator to 2025-01-04 00:00:00+00:00, run_after=2025-01-05 00:00:00+00:00
[2025-01-05T23:55:22.524+0000] {processor.py:208} INFO - Processing /home/airflow/.local/lib/python3.12/site-packages/airflow/example_dags/example_bash_operator.py took 0.076 seconds
[2025-01-05T23:55:53.355+0000] {processor.py:186} INFO - Started process (PID=8091) to work on /home/airflow/.local/lib/python3.12/site-packages/airflow/example_dags/example_bash_operator.py
[2025-01-05T23:55:53.356+0000] {processor.py:914} INFO - Processing file /home/airflow/.local/lib/python3.12/site-packages/airflow/example_dags/example_bash_operator.py for tasks to queue
[2025-01-05T23:55:53.358+0000] {logging_mixin.py:190} INFO - [2025-01-05T23:55:53.358+0000] {dagbag.py:588} INFO - Filling up the DagBag from /home/airflow/.local/lib/python3.12/site-packages/airflow/example_dags/example_bash_operator.py
[2025-01-05T23:55:53.369+0000] {processor.py:925} INFO - DAG(s) 'example_bash_operator' retrieved from /home/airflow/.local/lib/python3.12/site-packages/airflow/example_dags/example_bash_operator.py
[2025-01-05T23:55:53.390+0000] {logging_mixin.py:190} INFO - [2025-01-05T23:55:53.390+0000] {dag.py:3239} INFO - Sync 1 DAGs
[2025-01-05T23:55:53.410+0000] {logging_mixin.py:190} INFO - [2025-01-05T23:55:53.410+0000] {dag.py:4180} INFO - Setting next_dagrun for example_bash_operator to 2025-01-04 00:00:00+00:00, run_after=2025-01-05 00:00:00+00:00
[2025-01-05T23:55:53.428+0000] {processor.py:208} INFO - Processing /home/airflow/.local/lib/python3.12/site-packages/airflow/example_dags/example_bash_operator.py took 0.078 seconds
[2025-01-05T23:56:23.961+0000] {processor.py:186} INFO - Started process (PID=8385) to work on /home/airflow/.local/lib/python3.12/site-packages/airflow/example_dags/example_bash_operator.py
[2025-01-05T23:56:23.962+0000] {processor.py:914} INFO - Processing file /home/airflow/.local/lib/python3.12/site-packages/airflow/example_dags/example_bash_operator.py for tasks to queue
[2025-01-05T23:56:23.964+0000] {logging_mixin.py:190} INFO - [2025-01-05T23:56:23.963+0000] {dagbag.py:588} INFO - Filling up the DagBag from /home/airflow/.local/lib/python3.12/site-packages/airflow/example_dags/example_bash_operator.py
[2025-01-05T23:56:23.976+0000] {processor.py:925} INFO - DAG(s) 'example_bash_operator' retrieved from /home/airflow/.local/lib/python3.12/site-packages/airflow/example_dags/example_bash_operator.py
[2025-01-05T23:56:23.998+0000] {logging_mixin.py:190} INFO - [2025-01-05T23:56:23.997+0000] {dag.py:3239} INFO - Sync 1 DAGs
[2025-01-05T23:56:24.016+0000] {logging_mixin.py:190} INFO - [2025-01-05T23:56:24.015+0000] {dag.py:4180} INFO - Setting next_dagrun for example_bash_operator to 2025-01-04 00:00:00+00:00, run_after=2025-01-05 00:00:00+00:00
[2025-01-05T23:56:24.033+0000] {processor.py:208} INFO - Processing /home/airflow/.local/lib/python3.12/site-packages/airflow/example_dags/example_bash_operator.py took 0.077 seconds
[2025-01-05T23:56:54.829+0000] {processor.py:186} INFO - Started process (PID=8681) to work on /home/airflow/.local/lib/python3.12/site-packages/airflow/example_dags/example_bash_operator.py
[2025-01-05T23:56:54.830+0000] {processor.py:914} INFO - Processing file /home/airflow/.local/lib/python3.12/site-packages/airflow/example_dags/example_bash_operator.py for tasks to queue
[2025-01-05T23:56:54.832+0000] {logging_mixin.py:190} INFO - [2025-01-05T23:56:54.832+0000] {dagbag.py:588} INFO - Filling up the DagBag from /home/airflow/.local/lib/python3.12/site-packages/airflow/example_dags/example_bash_operator.py
[2025-01-05T23:56:54.842+0000] {processor.py:925} INFO - DAG(s) 'example_bash_operator' retrieved from /home/airflow/.local/lib/python3.12/site-packages/airflow/example_dags/example_bash_operator.py
[2025-01-05T23:56:54.865+0000] {logging_mixin.py:190} INFO - [2025-01-05T23:56:54.864+0000] {dag.py:3239} INFO - Sync 1 DAGs
[2025-01-05T23:56:54.883+0000] {logging_mixin.py:190} INFO - [2025-01-05T23:56:54.883+0000] {dag.py:4180} INFO - Setting next_dagrun for example_bash_operator to 2025-01-04 00:00:00+00:00, run_after=2025-01-05 00:00:00+00:00
[2025-01-05T23:56:54.902+0000] {processor.py:208} INFO - Processing /home/airflow/.local/lib/python3.12/site-packages/airflow/example_dags/example_bash_operator.py took 0.078 seconds
[2025-01-05T23:57:26.461+0000] {processor.py:186} INFO - Started process (PID=8979) to work on /home/airflow/.local/lib/python3.12/site-packages/airflow/example_dags/example_bash_operator.py
[2025-01-05T23:57:26.462+0000] {processor.py:914} INFO - Processing file /home/airflow/.local/lib/python3.12/site-packages/airflow/example_dags/example_bash_operator.py for tasks to queue
[2025-01-05T23:57:26.464+0000] {logging_mixin.py:190} INFO - [2025-01-05T23:57:26.464+0000] {dagbag.py:588} INFO - Filling up the DagBag from /home/airflow/.local/lib/python3.12/site-packages/airflow/example_dags/example_bash_operator.py
[2025-01-05T23:57:26.474+0000] {processor.py:925} INFO - DAG(s) 'example_bash_operator' retrieved from /home/airflow/.local/lib/python3.12/site-packages/airflow/example_dags/example_bash_operator.py
[2025-01-05T23:57:26.496+0000] {logging_mixin.py:190} INFO - [2025-01-05T23:57:26.496+0000] {dag.py:3239} INFO - Sync 1 DAGs
[2025-01-05T23:57:26.514+0000] {logging_mixin.py:190} INFO - [2025-01-05T23:57:26.513+0000] {dag.py:4180} INFO - Setting next_dagrun for example_bash_operator to 2025-01-04 00:00:00+00:00, run_after=2025-01-05 00:00:00+00:00
[2025-01-05T23:57:26.530+0000] {processor.py:208} INFO - Processing /home/airflow/.local/lib/python3.12/site-packages/airflow/example_dags/example_bash_operator.py took 0.073 seconds
[2025-01-05T23:57:57.306+0000] {processor.py:186} INFO - Started process (PID=9273) to work on /home/airflow/.local/lib/python3.12/site-packages/airflow/example_dags/example_bash_operator.py
[2025-01-05T23:57:57.307+0000] {processor.py:914} INFO - Processing file /home/airflow/.local/lib/python3.12/site-packages/airflow/example_dags/example_bash_operator.py for tasks to queue
[2025-01-05T23:57:57.309+0000] {logging_mixin.py:190} INFO - [2025-01-05T23:57:57.309+0000] {dagbag.py:588} INFO - Filling up the DagBag from /home/airflow/.local/lib/python3.12/site-packages/airflow/example_dags/example_bash_operator.py
[2025-01-05T23:57:57.319+0000] {processor.py:925} INFO - DAG(s) 'example_bash_operator' retrieved from /home/airflow/.local/lib/python3.12/site-packages/airflow/example_dags/example_bash_operator.py
[2025-01-05T23:57:57.341+0000] {logging_mixin.py:190} INFO - [2025-01-05T23:57:57.341+0000] {dag.py:3239} INFO - Sync 1 DAGs
[2025-01-05T23:57:57.359+0000] {logging_mixin.py:190} INFO - [2025-01-05T23:57:57.359+0000] {dag.py:4180} INFO - Setting next_dagrun for example_bash_operator to 2025-01-04 00:00:00+00:00, run_after=2025-01-05 00:00:00+00:00
[2025-01-05T23:57:57.380+0000] {processor.py:208} INFO - Processing /home/airflow/.local/lib/python3.12/site-packages/airflow/example_dags/example_bash_operator.py took 0.079 seconds
[2025-01-05T23:58:28.020+0000] {processor.py:186} INFO - Started process (PID=9569) to work on /home/airflow/.local/lib/python3.12/site-packages/airflow/example_dags/example_bash_operator.py
[2025-01-05T23:58:28.021+0000] {processor.py:914} INFO - Processing file /home/airflow/.local/lib/python3.12/site-packages/airflow/example_dags/example_bash_operator.py for tasks to queue
[2025-01-05T23:58:28.023+0000] {logging_mixin.py:190} INFO - [2025-01-05T23:58:28.023+0000] {dagbag.py:588} INFO - Filling up the DagBag from /home/airflow/.local/lib/python3.12/site-packages/airflow/example_dags/example_bash_operator.py
[2025-01-05T23:58:28.036+0000] {processor.py:925} INFO - DAG(s) 'example_bash_operator' retrieved from /home/airflow/.local/lib/python3.12/site-packages/airflow/example_dags/example_bash_operator.py
[2025-01-05T23:58:28.058+0000] {logging_mixin.py:190} INFO - [2025-01-05T23:58:28.058+0000] {dag.py:3239} INFO - Sync 1 DAGs
[2025-01-05T23:58:28.076+0000] {logging_mixin.py:190} INFO - [2025-01-05T23:58:28.076+0000] {dag.py:4180} INFO - Setting next_dagrun for example_bash_operator to 2025-01-04 00:00:00+00:00, run_after=2025-01-05 00:00:00+00:00
[2025-01-05T23:58:28.095+0000] {processor.py:208} INFO - Processing /home/airflow/.local/lib/python3.12/site-packages/airflow/example_dags/example_bash_operator.py took 0.081 seconds
[2025-01-05T23:58:58.768+0000] {processor.py:186} INFO - Started process (PID=9865) to work on /home/airflow/.local/lib/python3.12/site-packages/airflow/example_dags/example_bash_operator.py
[2025-01-05T23:58:58.769+0000] {processor.py:914} INFO - Processing file /home/airflow/.local/lib/python3.12/site-packages/airflow/example_dags/example_bash_operator.py for tasks to queue
[2025-01-05T23:58:58.771+0000] {logging_mixin.py:190} INFO - [2025-01-05T23:58:58.771+0000] {dagbag.py:588} INFO - Filling up the DagBag from /home/airflow/.local/lib/python3.12/site-packages/airflow/example_dags/example_bash_operator.py
[2025-01-05T23:58:58.783+0000] {processor.py:925} INFO - DAG(s) 'example_bash_operator' retrieved from /home/airflow/.local/lib/python3.12/site-packages/airflow/example_dags/example_bash_operator.py
[2025-01-05T23:58:58.807+0000] {logging_mixin.py:190} INFO - [2025-01-05T23:58:58.806+0000] {dag.py:3239} INFO - Sync 1 DAGs
[2025-01-05T23:58:58.827+0000] {logging_mixin.py:190} INFO - [2025-01-05T23:58:58.827+0000] {dag.py:4180} INFO - Setting next_dagrun for example_bash_operator to 2025-01-04 00:00:00+00:00, run_after=2025-01-05 00:00:00+00:00
[2025-01-05T23:58:58.848+0000] {processor.py:208} INFO - Processing /home/airflow/.local/lib/python3.12/site-packages/airflow/example_dags/example_bash_operator.py took 0.085 seconds
[2025-01-05T23:59:30.282+0000] {processor.py:186} INFO - Started process (PID=10164) to work on /home/airflow/.local/lib/python3.12/site-packages/airflow/example_dags/example_bash_operator.py
[2025-01-05T23:59:30.283+0000] {processor.py:914} INFO - Processing file /home/airflow/.local/lib/python3.12/site-packages/airflow/example_dags/example_bash_operator.py for tasks to queue
[2025-01-05T23:59:30.285+0000] {logging_mixin.py:190} INFO - [2025-01-05T23:59:30.284+0000] {dagbag.py:588} INFO - Filling up the DagBag from /home/airflow/.local/lib/python3.12/site-packages/airflow/example_dags/example_bash_operator.py
[2025-01-05T23:59:30.296+0000] {processor.py:925} INFO - DAG(s) 'example_bash_operator' retrieved from /home/airflow/.local/lib/python3.12/site-packages/airflow/example_dags/example_bash_operator.py
[2025-01-05T23:59:30.319+0000] {logging_mixin.py:190} INFO - [2025-01-05T23:59:30.319+0000] {dag.py:3239} INFO - Sync 1 DAGs
[2025-01-05T23:59:30.340+0000] {logging_mixin.py:190} INFO - [2025-01-05T23:59:30.340+0000] {dag.py:4180} INFO - Setting next_dagrun for example_bash_operator to 2025-01-04 00:00:00+00:00, run_after=2025-01-05 00:00:00+00:00
[2025-01-05T23:59:30.361+0000] {processor.py:208} INFO - Processing /home/airflow/.local/lib/python3.12/site-packages/airflow/example_dags/example_bash_operator.py took 0.085 seconds
