[2025-01-05T23:42:24.605+0000] {processor.py:186} INFO - Started process (PID=264) to work on /home/airflow/.local/lib/python3.12/site-packages/airflow/example_dags/example_latest_only.py
[2025-01-05T23:42:24.606+0000] {processor.py:914} INFO - Processing file /home/airflow/.local/lib/python3.12/site-packages/airflow/example_dags/example_latest_only.py for tasks to queue
[2025-01-05T23:42:24.608+0000] {logging_mixin.py:190} INFO - [2025-01-05T23:42:24.608+0000] {dagbag.py:588} INFO - Filling up the DagBag from /home/airflow/.local/lib/python3.12/site-packages/airflow/example_dags/example_latest_only.py
[2025-01-05T23:42:24.616+0000] {processor.py:925} INFO - DAG(s) 'latest_only' retrieved from /home/airflow/.local/lib/python3.12/site-packages/airflow/example_dags/example_latest_only.py
[2025-01-05T23:42:24.650+0000] {logging_mixin.py:190} INFO - [2025-01-05T23:42:24.649+0000] {dag.py:3239} INFO - Sync 1 DAGs
[2025-01-05T23:42:24.675+0000] {logging_mixin.py:190} INFO - [2025-01-05T23:42:24.674+0000] {dag.py:4180} INFO - Setting next_dagrun for latest_only to 2025-01-05 16:00:00+00:00, run_after=2025-01-05 20:00:00+00:00
[2025-01-05T23:42:24.693+0000] {processor.py:208} INFO - Processing /home/airflow/.local/lib/python3.12/site-packages/airflow/example_dags/example_latest_only.py took 0.094 seconds
[2025-01-05T23:42:55.346+0000] {processor.py:186} INFO - Started process (PID=560) to work on /home/airflow/.local/lib/python3.12/site-packages/airflow/example_dags/example_latest_only.py
[2025-01-05T23:42:55.347+0000] {processor.py:914} INFO - Processing file /home/airflow/.local/lib/python3.12/site-packages/airflow/example_dags/example_latest_only.py for tasks to queue
[2025-01-05T23:42:55.349+0000] {logging_mixin.py:190} INFO - [2025-01-05T23:42:55.349+0000] {dagbag.py:588} INFO - Filling up the DagBag from /home/airflow/.local/lib/python3.12/site-packages/airflow/example_dags/example_latest_only.py
[2025-01-05T23:42:55.355+0000] {processor.py:925} INFO - DAG(s) 'latest_only' retrieved from /home/airflow/.local/lib/python3.12/site-packages/airflow/example_dags/example_latest_only.py
[2025-01-05T23:42:55.374+0000] {logging_mixin.py:190} INFO - [2025-01-05T23:42:55.373+0000] {dag.py:3239} INFO - Sync 1 DAGs
[2025-01-05T23:42:55.397+0000] {logging_mixin.py:190} INFO - [2025-01-05T23:42:55.397+0000] {dag.py:4180} INFO - Setting next_dagrun for latest_only to 2025-01-05 16:00:00+00:00, run_after=2025-01-05 20:00:00+00:00
[2025-01-05T23:42:55.417+0000] {processor.py:208} INFO - Processing /home/airflow/.local/lib/python3.12/site-packages/airflow/example_dags/example_latest_only.py took 0.076 seconds
[2025-01-05T23:43:26.758+0000] {processor.py:186} INFO - Started process (PID=854) to work on /home/airflow/.local/lib/python3.12/site-packages/airflow/example_dags/example_latest_only.py
[2025-01-05T23:43:26.760+0000] {processor.py:914} INFO - Processing file /home/airflow/.local/lib/python3.12/site-packages/airflow/example_dags/example_latest_only.py for tasks to queue
[2025-01-05T23:43:26.762+0000] {logging_mixin.py:190} INFO - [2025-01-05T23:43:26.762+0000] {dagbag.py:588} INFO - Filling up the DagBag from /home/airflow/.local/lib/python3.12/site-packages/airflow/example_dags/example_latest_only.py
[2025-01-05T23:43:26.768+0000] {processor.py:925} INFO - DAG(s) 'latest_only' retrieved from /home/airflow/.local/lib/python3.12/site-packages/airflow/example_dags/example_latest_only.py
[2025-01-05T23:43:26.789+0000] {logging_mixin.py:190} INFO - [2025-01-05T23:43:26.789+0000] {dag.py:3239} INFO - Sync 1 DAGs
[2025-01-05T23:43:26.810+0000] {logging_mixin.py:190} INFO - [2025-01-05T23:43:26.809+0000] {dag.py:4180} INFO - Setting next_dagrun for latest_only to 2025-01-05 16:00:00+00:00, run_after=2025-01-05 20:00:00+00:00
[2025-01-05T23:43:26.829+0000] {processor.py:208} INFO - Processing /home/airflow/.local/lib/python3.12/site-packages/airflow/example_dags/example_latest_only.py took 0.075 seconds
[2025-01-05T23:43:57.624+0000] {processor.py:186} INFO - Started process (PID=1152) to work on /home/airflow/.local/lib/python3.12/site-packages/airflow/example_dags/example_latest_only.py
[2025-01-05T23:43:57.625+0000] {processor.py:914} INFO - Processing file /home/airflow/.local/lib/python3.12/site-packages/airflow/example_dags/example_latest_only.py for tasks to queue
[2025-01-05T23:43:57.627+0000] {logging_mixin.py:190} INFO - [2025-01-05T23:43:57.627+0000] {dagbag.py:588} INFO - Filling up the DagBag from /home/airflow/.local/lib/python3.12/site-packages/airflow/example_dags/example_latest_only.py
[2025-01-05T23:43:57.633+0000] {processor.py:925} INFO - DAG(s) 'latest_only' retrieved from /home/airflow/.local/lib/python3.12/site-packages/airflow/example_dags/example_latest_only.py
[2025-01-05T23:43:57.649+0000] {logging_mixin.py:190} INFO - [2025-01-05T23:43:57.648+0000] {dag.py:3239} INFO - Sync 1 DAGs
[2025-01-05T23:43:57.668+0000] {logging_mixin.py:190} INFO - [2025-01-05T23:43:57.668+0000] {dag.py:4180} INFO - Setting next_dagrun for latest_only to 2025-01-05 16:00:00+00:00, run_after=2025-01-05 20:00:00+00:00
[2025-01-05T23:43:57.686+0000] {processor.py:208} INFO - Processing /home/airflow/.local/lib/python3.12/site-packages/airflow/example_dags/example_latest_only.py took 0.066 seconds
[2025-01-05T23:44:28.387+0000] {processor.py:186} INFO - Started process (PID=1446) to work on /home/airflow/.local/lib/python3.12/site-packages/airflow/example_dags/example_latest_only.py
[2025-01-05T23:44:28.388+0000] {processor.py:914} INFO - Processing file /home/airflow/.local/lib/python3.12/site-packages/airflow/example_dags/example_latest_only.py for tasks to queue
[2025-01-05T23:44:28.389+0000] {logging_mixin.py:190} INFO - [2025-01-05T23:44:28.389+0000] {dagbag.py:588} INFO - Filling up the DagBag from /home/airflow/.local/lib/python3.12/site-packages/airflow/example_dags/example_latest_only.py
[2025-01-05T23:44:28.395+0000] {processor.py:925} INFO - DAG(s) 'latest_only' retrieved from /home/airflow/.local/lib/python3.12/site-packages/airflow/example_dags/example_latest_only.py
[2025-01-05T23:44:28.413+0000] {logging_mixin.py:190} INFO - [2025-01-05T23:44:28.412+0000] {dag.py:3239} INFO - Sync 1 DAGs
[2025-01-05T23:44:28.431+0000] {logging_mixin.py:190} INFO - [2025-01-05T23:44:28.431+0000] {dag.py:4180} INFO - Setting next_dagrun for latest_only to 2025-01-05 16:00:00+00:00, run_after=2025-01-05 20:00:00+00:00
[2025-01-05T23:44:28.447+0000] {processor.py:208} INFO - Processing /home/airflow/.local/lib/python3.12/site-packages/airflow/example_dags/example_latest_only.py took 0.065 seconds
[2025-01-05T23:44:59.045+0000] {processor.py:186} INFO - Started process (PID=1742) to work on /home/airflow/.local/lib/python3.12/site-packages/airflow/example_dags/example_latest_only.py
[2025-01-05T23:44:59.046+0000] {processor.py:914} INFO - Processing file /home/airflow/.local/lib/python3.12/site-packages/airflow/example_dags/example_latest_only.py for tasks to queue
[2025-01-05T23:44:59.048+0000] {logging_mixin.py:190} INFO - [2025-01-05T23:44:59.048+0000] {dagbag.py:588} INFO - Filling up the DagBag from /home/airflow/.local/lib/python3.12/site-packages/airflow/example_dags/example_latest_only.py
[2025-01-05T23:44:59.053+0000] {processor.py:925} INFO - DAG(s) 'latest_only' retrieved from /home/airflow/.local/lib/python3.12/site-packages/airflow/example_dags/example_latest_only.py
[2025-01-05T23:44:59.068+0000] {logging_mixin.py:190} INFO - [2025-01-05T23:44:59.068+0000] {dag.py:3239} INFO - Sync 1 DAGs
[2025-01-05T23:44:59.091+0000] {logging_mixin.py:190} INFO - [2025-01-05T23:44:59.090+0000] {dag.py:4180} INFO - Setting next_dagrun for latest_only to 2025-01-05 16:00:00+00:00, run_after=2025-01-05 20:00:00+00:00
[2025-01-05T23:44:59.110+0000] {processor.py:208} INFO - Processing /home/airflow/.local/lib/python3.12/site-packages/airflow/example_dags/example_latest_only.py took 0.070 seconds
[2025-01-05T23:45:29.725+0000] {processor.py:186} INFO - Started process (PID=2040) to work on /home/airflow/.local/lib/python3.12/site-packages/airflow/example_dags/example_latest_only.py
[2025-01-05T23:45:29.726+0000] {processor.py:914} INFO - Processing file /home/airflow/.local/lib/python3.12/site-packages/airflow/example_dags/example_latest_only.py for tasks to queue
[2025-01-05T23:45:29.728+0000] {logging_mixin.py:190} INFO - [2025-01-05T23:45:29.727+0000] {dagbag.py:588} INFO - Filling up the DagBag from /home/airflow/.local/lib/python3.12/site-packages/airflow/example_dags/example_latest_only.py
[2025-01-05T23:45:29.733+0000] {processor.py:925} INFO - DAG(s) 'latest_only' retrieved from /home/airflow/.local/lib/python3.12/site-packages/airflow/example_dags/example_latest_only.py
[2025-01-05T23:45:29.747+0000] {logging_mixin.py:190} INFO - [2025-01-05T23:45:29.747+0000] {dag.py:3239} INFO - Sync 1 DAGs
[2025-01-05T23:45:29.765+0000] {logging_mixin.py:190} INFO - [2025-01-05T23:45:29.764+0000] {dag.py:4180} INFO - Setting next_dagrun for latest_only to 2025-01-05 16:00:00+00:00, run_after=2025-01-05 20:00:00+00:00
[2025-01-05T23:45:29.787+0000] {processor.py:208} INFO - Processing /home/airflow/.local/lib/python3.12/site-packages/airflow/example_dags/example_latest_only.py took 0.066 seconds
[2025-01-05T23:46:00.917+0000] {processor.py:186} INFO - Started process (PID=2336) to work on /home/airflow/.local/lib/python3.12/site-packages/airflow/example_dags/example_latest_only.py
[2025-01-05T23:46:00.918+0000] {processor.py:914} INFO - Processing file /home/airflow/.local/lib/python3.12/site-packages/airflow/example_dags/example_latest_only.py for tasks to queue
[2025-01-05T23:46:00.930+0000] {logging_mixin.py:190} INFO - [2025-01-05T23:46:00.926+0000] {dagbag.py:588} INFO - Filling up the DagBag from /home/airflow/.local/lib/python3.12/site-packages/airflow/example_dags/example_latest_only.py
[2025-01-05T23:46:00.970+0000] {processor.py:925} INFO - DAG(s) 'latest_only' retrieved from /home/airflow/.local/lib/python3.12/site-packages/airflow/example_dags/example_latest_only.py
[2025-01-05T23:46:01.005+0000] {logging_mixin.py:190} INFO - [2025-01-05T23:46:01.005+0000] {dag.py:3239} INFO - Sync 1 DAGs
[2025-01-05T23:46:01.076+0000] {logging_mixin.py:190} INFO - [2025-01-05T23:46:01.076+0000] {dag.py:4180} INFO - Setting next_dagrun for latest_only to 2025-01-05 16:00:00+00:00, run_after=2025-01-05 20:00:00+00:00
[2025-01-05T23:46:01.110+0000] {processor.py:208} INFO - Processing /home/airflow/.local/lib/python3.12/site-packages/airflow/example_dags/example_latest_only.py took 0.236 seconds
[2025-01-05T23:46:31.655+0000] {processor.py:186} INFO - Started process (PID=2632) to work on /home/airflow/.local/lib/python3.12/site-packages/airflow/example_dags/example_latest_only.py
[2025-01-05T23:46:31.656+0000] {processor.py:914} INFO - Processing file /home/airflow/.local/lib/python3.12/site-packages/airflow/example_dags/example_latest_only.py for tasks to queue
[2025-01-05T23:46:31.658+0000] {logging_mixin.py:190} INFO - [2025-01-05T23:46:31.658+0000] {dagbag.py:588} INFO - Filling up the DagBag from /home/airflow/.local/lib/python3.12/site-packages/airflow/example_dags/example_latest_only.py
[2025-01-05T23:46:31.664+0000] {processor.py:925} INFO - DAG(s) 'latest_only' retrieved from /home/airflow/.local/lib/python3.12/site-packages/airflow/example_dags/example_latest_only.py
[2025-01-05T23:46:31.680+0000] {logging_mixin.py:190} INFO - [2025-01-05T23:46:31.679+0000] {dag.py:3239} INFO - Sync 1 DAGs
[2025-01-05T23:46:31.697+0000] {logging_mixin.py:190} INFO - [2025-01-05T23:46:31.697+0000] {dag.py:4180} INFO - Setting next_dagrun for latest_only to 2025-01-05 16:00:00+00:00, run_after=2025-01-05 20:00:00+00:00
[2025-01-05T23:46:31.715+0000] {processor.py:208} INFO - Processing /home/airflow/.local/lib/python3.12/site-packages/airflow/example_dags/example_latest_only.py took 0.064 seconds
[2025-01-05T23:47:03.127+0000] {processor.py:186} INFO - Started process (PID=2928) to work on /home/airflow/.local/lib/python3.12/site-packages/airflow/example_dags/example_latest_only.py
[2025-01-05T23:47:03.128+0000] {processor.py:914} INFO - Processing file /home/airflow/.local/lib/python3.12/site-packages/airflow/example_dags/example_latest_only.py for tasks to queue
[2025-01-05T23:47:03.130+0000] {logging_mixin.py:190} INFO - [2025-01-05T23:47:03.130+0000] {dagbag.py:588} INFO - Filling up the DagBag from /home/airflow/.local/lib/python3.12/site-packages/airflow/example_dags/example_latest_only.py
[2025-01-05T23:47:03.136+0000] {processor.py:925} INFO - DAG(s) 'latest_only' retrieved from /home/airflow/.local/lib/python3.12/site-packages/airflow/example_dags/example_latest_only.py
[2025-01-05T23:47:03.153+0000] {logging_mixin.py:190} INFO - [2025-01-05T23:47:03.153+0000] {dag.py:3239} INFO - Sync 1 DAGs
[2025-01-05T23:47:03.172+0000] {logging_mixin.py:190} INFO - [2025-01-05T23:47:03.172+0000] {dag.py:4180} INFO - Setting next_dagrun for latest_only to 2025-01-05 16:00:00+00:00, run_after=2025-01-05 20:00:00+00:00
[2025-01-05T23:47:03.188+0000] {processor.py:208} INFO - Processing /home/airflow/.local/lib/python3.12/site-packages/airflow/example_dags/example_latest_only.py took 0.064 seconds
[2025-01-05T23:47:33.934+0000] {processor.py:186} INFO - Started process (PID=3224) to work on /home/airflow/.local/lib/python3.12/site-packages/airflow/example_dags/example_latest_only.py
[2025-01-05T23:47:33.935+0000] {processor.py:914} INFO - Processing file /home/airflow/.local/lib/python3.12/site-packages/airflow/example_dags/example_latest_only.py for tasks to queue
[2025-01-05T23:47:33.937+0000] {logging_mixin.py:190} INFO - [2025-01-05T23:47:33.937+0000] {dagbag.py:588} INFO - Filling up the DagBag from /home/airflow/.local/lib/python3.12/site-packages/airflow/example_dags/example_latest_only.py
[2025-01-05T23:47:33.942+0000] {processor.py:925} INFO - DAG(s) 'latest_only' retrieved from /home/airflow/.local/lib/python3.12/site-packages/airflow/example_dags/example_latest_only.py
[2025-01-05T23:47:33.959+0000] {logging_mixin.py:190} INFO - [2025-01-05T23:47:33.959+0000] {dag.py:3239} INFO - Sync 1 DAGs
[2025-01-05T23:47:33.977+0000] {logging_mixin.py:190} INFO - [2025-01-05T23:47:33.977+0000] {dag.py:4180} INFO - Setting next_dagrun for latest_only to 2025-01-05 16:00:00+00:00, run_after=2025-01-05 20:00:00+00:00
[2025-01-05T23:47:33.993+0000] {processor.py:208} INFO - Processing /home/airflow/.local/lib/python3.12/site-packages/airflow/example_dags/example_latest_only.py took 0.063 seconds
[2025-01-05T23:48:04.603+0000] {processor.py:186} INFO - Started process (PID=3518) to work on /home/airflow/.local/lib/python3.12/site-packages/airflow/example_dags/example_latest_only.py
[2025-01-05T23:48:04.606+0000] {processor.py:914} INFO - Processing file /home/airflow/.local/lib/python3.12/site-packages/airflow/example_dags/example_latest_only.py for tasks to queue
[2025-01-05T23:48:04.608+0000] {logging_mixin.py:190} INFO - [2025-01-05T23:48:04.608+0000] {dagbag.py:588} INFO - Filling up the DagBag from /home/airflow/.local/lib/python3.12/site-packages/airflow/example_dags/example_latest_only.py
[2025-01-05T23:48:04.617+0000] {processor.py:925} INFO - DAG(s) 'latest_only' retrieved from /home/airflow/.local/lib/python3.12/site-packages/airflow/example_dags/example_latest_only.py
[2025-01-05T23:48:04.632+0000] {logging_mixin.py:190} INFO - [2025-01-05T23:48:04.632+0000] {dag.py:3239} INFO - Sync 1 DAGs
[2025-01-05T23:48:04.650+0000] {logging_mixin.py:190} INFO - [2025-01-05T23:48:04.650+0000] {dag.py:4180} INFO - Setting next_dagrun for latest_only to 2025-01-05 16:00:00+00:00, run_after=2025-01-05 20:00:00+00:00
[2025-01-05T23:48:04.666+0000] {processor.py:208} INFO - Processing /home/airflow/.local/lib/python3.12/site-packages/airflow/example_dags/example_latest_only.py took 0.069 seconds
[2025-01-05T23:48:35.407+0000] {processor.py:186} INFO - Started process (PID=3816) to work on /home/airflow/.local/lib/python3.12/site-packages/airflow/example_dags/example_latest_only.py
[2025-01-05T23:48:35.408+0000] {processor.py:914} INFO - Processing file /home/airflow/.local/lib/python3.12/site-packages/airflow/example_dags/example_latest_only.py for tasks to queue
[2025-01-05T23:48:35.410+0000] {logging_mixin.py:190} INFO - [2025-01-05T23:48:35.410+0000] {dagbag.py:588} INFO - Filling up the DagBag from /home/airflow/.local/lib/python3.12/site-packages/airflow/example_dags/example_latest_only.py
[2025-01-05T23:48:35.417+0000] {processor.py:925} INFO - DAG(s) 'latest_only' retrieved from /home/airflow/.local/lib/python3.12/site-packages/airflow/example_dags/example_latest_only.py
[2025-01-05T23:48:35.437+0000] {logging_mixin.py:190} INFO - [2025-01-05T23:48:35.437+0000] {dag.py:3239} INFO - Sync 1 DAGs
[2025-01-05T23:48:35.459+0000] {logging_mixin.py:190} INFO - [2025-01-05T23:48:35.459+0000] {dag.py:4180} INFO - Setting next_dagrun for latest_only to 2025-01-05 16:00:00+00:00, run_after=2025-01-05 20:00:00+00:00
[2025-01-05T23:48:35.477+0000] {processor.py:208} INFO - Processing /home/airflow/.local/lib/python3.12/site-packages/airflow/example_dags/example_latest_only.py took 0.075 seconds
[2025-01-05T23:49:06.162+0000] {processor.py:186} INFO - Started process (PID=4112) to work on /home/airflow/.local/lib/python3.12/site-packages/airflow/example_dags/example_latest_only.py
[2025-01-05T23:49:06.163+0000] {processor.py:914} INFO - Processing file /home/airflow/.local/lib/python3.12/site-packages/airflow/example_dags/example_latest_only.py for tasks to queue
[2025-01-05T23:49:06.166+0000] {logging_mixin.py:190} INFO - [2025-01-05T23:49:06.166+0000] {dagbag.py:588} INFO - Filling up the DagBag from /home/airflow/.local/lib/python3.12/site-packages/airflow/example_dags/example_latest_only.py
[2025-01-05T23:49:06.183+0000] {processor.py:925} INFO - DAG(s) 'latest_only' retrieved from /home/airflow/.local/lib/python3.12/site-packages/airflow/example_dags/example_latest_only.py
[2025-01-05T23:49:06.206+0000] {logging_mixin.py:190} INFO - [2025-01-05T23:49:06.206+0000] {dag.py:3239} INFO - Sync 1 DAGs
[2025-01-05T23:49:06.237+0000] {logging_mixin.py:190} INFO - [2025-01-05T23:49:06.237+0000] {dag.py:4180} INFO - Setting next_dagrun for latest_only to 2025-01-05 16:00:00+00:00, run_after=2025-01-05 20:00:00+00:00
[2025-01-05T23:49:06.266+0000] {processor.py:208} INFO - Processing /home/airflow/.local/lib/python3.12/site-packages/airflow/example_dags/example_latest_only.py took 0.110 seconds
[2025-01-05T23:49:37.043+0000] {processor.py:186} INFO - Started process (PID=4406) to work on /home/airflow/.local/lib/python3.12/site-packages/airflow/example_dags/example_latest_only.py
[2025-01-05T23:49:37.044+0000] {processor.py:914} INFO - Processing file /home/airflow/.local/lib/python3.12/site-packages/airflow/example_dags/example_latest_only.py for tasks to queue
[2025-01-05T23:49:37.046+0000] {logging_mixin.py:190} INFO - [2025-01-05T23:49:37.046+0000] {dagbag.py:588} INFO - Filling up the DagBag from /home/airflow/.local/lib/python3.12/site-packages/airflow/example_dags/example_latest_only.py
[2025-01-05T23:49:37.052+0000] {processor.py:925} INFO - DAG(s) 'latest_only' retrieved from /home/airflow/.local/lib/python3.12/site-packages/airflow/example_dags/example_latest_only.py
[2025-01-05T23:49:37.067+0000] {logging_mixin.py:190} INFO - [2025-01-05T23:49:37.067+0000] {dag.py:3239} INFO - Sync 1 DAGs
[2025-01-05T23:49:37.087+0000] {logging_mixin.py:190} INFO - [2025-01-05T23:49:37.087+0000] {dag.py:4180} INFO - Setting next_dagrun for latest_only to 2025-01-05 16:00:00+00:00, run_after=2025-01-05 20:00:00+00:00
[2025-01-05T23:49:37.104+0000] {processor.py:208} INFO - Processing /home/airflow/.local/lib/python3.12/site-packages/airflow/example_dags/example_latest_only.py took 0.066 seconds
[2025-01-05T23:50:08.150+0000] {processor.py:186} INFO - Started process (PID=4704) to work on /home/airflow/.local/lib/python3.12/site-packages/airflow/example_dags/example_latest_only.py
[2025-01-05T23:50:08.152+0000] {processor.py:914} INFO - Processing file /home/airflow/.local/lib/python3.12/site-packages/airflow/example_dags/example_latest_only.py for tasks to queue
[2025-01-05T23:50:08.154+0000] {logging_mixin.py:190} INFO - [2025-01-05T23:50:08.154+0000] {dagbag.py:588} INFO - Filling up the DagBag from /home/airflow/.local/lib/python3.12/site-packages/airflow/example_dags/example_latest_only.py
[2025-01-05T23:50:08.161+0000] {processor.py:925} INFO - DAG(s) 'latest_only' retrieved from /home/airflow/.local/lib/python3.12/site-packages/airflow/example_dags/example_latest_only.py
[2025-01-05T23:50:08.179+0000] {logging_mixin.py:190} INFO - [2025-01-05T23:50:08.179+0000] {dag.py:3239} INFO - Sync 1 DAGs
[2025-01-05T23:50:08.203+0000] {logging_mixin.py:190} INFO - [2025-01-05T23:50:08.203+0000] {dag.py:4180} INFO - Setting next_dagrun for latest_only to 2025-01-05 16:00:00+00:00, run_after=2025-01-05 20:00:00+00:00
[2025-01-05T23:50:08.222+0000] {processor.py:208} INFO - Processing /home/airflow/.local/lib/python3.12/site-packages/airflow/example_dags/example_latest_only.py took 0.080 seconds
[2025-01-05T23:50:39.128+0000] {processor.py:186} INFO - Started process (PID=4998) to work on /home/airflow/.local/lib/python3.12/site-packages/airflow/example_dags/example_latest_only.py
[2025-01-05T23:50:39.129+0000] {processor.py:914} INFO - Processing file /home/airflow/.local/lib/python3.12/site-packages/airflow/example_dags/example_latest_only.py for tasks to queue
[2025-01-05T23:50:39.131+0000] {logging_mixin.py:190} INFO - [2025-01-05T23:50:39.131+0000] {dagbag.py:588} INFO - Filling up the DagBag from /home/airflow/.local/lib/python3.12/site-packages/airflow/example_dags/example_latest_only.py
[2025-01-05T23:50:39.143+0000] {processor.py:925} INFO - DAG(s) 'latest_only' retrieved from /home/airflow/.local/lib/python3.12/site-packages/airflow/example_dags/example_latest_only.py
[2025-01-05T23:50:39.169+0000] {logging_mixin.py:190} INFO - [2025-01-05T23:50:39.169+0000] {dag.py:3239} INFO - Sync 1 DAGs
[2025-01-05T23:50:39.195+0000] {logging_mixin.py:190} INFO - [2025-01-05T23:50:39.194+0000] {dag.py:4180} INFO - Setting next_dagrun for latest_only to 2025-01-05 16:00:00+00:00, run_after=2025-01-05 20:00:00+00:00
[2025-01-05T23:50:39.214+0000] {processor.py:208} INFO - Processing /home/airflow/.local/lib/python3.12/site-packages/airflow/example_dags/example_latest_only.py took 0.091 seconds
[2025-01-05T23:51:09.855+0000] {processor.py:186} INFO - Started process (PID=5296) to work on /home/airflow/.local/lib/python3.12/site-packages/airflow/example_dags/example_latest_only.py
[2025-01-05T23:51:09.856+0000] {processor.py:914} INFO - Processing file /home/airflow/.local/lib/python3.12/site-packages/airflow/example_dags/example_latest_only.py for tasks to queue
[2025-01-05T23:51:09.858+0000] {logging_mixin.py:190} INFO - [2025-01-05T23:51:09.858+0000] {dagbag.py:588} INFO - Filling up the DagBag from /home/airflow/.local/lib/python3.12/site-packages/airflow/example_dags/example_latest_only.py
[2025-01-05T23:51:09.863+0000] {processor.py:925} INFO - DAG(s) 'latest_only' retrieved from /home/airflow/.local/lib/python3.12/site-packages/airflow/example_dags/example_latest_only.py
[2025-01-05T23:51:09.879+0000] {logging_mixin.py:190} INFO - [2025-01-05T23:51:09.879+0000] {dag.py:3239} INFO - Sync 1 DAGs
[2025-01-05T23:51:09.897+0000] {logging_mixin.py:190} INFO - [2025-01-05T23:51:09.897+0000] {dag.py:4180} INFO - Setting next_dagrun for latest_only to 2025-01-05 16:00:00+00:00, run_after=2025-01-05 20:00:00+00:00
[2025-01-05T23:51:09.914+0000] {processor.py:208} INFO - Processing /home/airflow/.local/lib/python3.12/site-packages/airflow/example_dags/example_latest_only.py took 0.064 seconds
[2025-01-05T23:51:40.810+0000] {processor.py:186} INFO - Started process (PID=5592) to work on /home/airflow/.local/lib/python3.12/site-packages/airflow/example_dags/example_latest_only.py
[2025-01-05T23:51:40.811+0000] {processor.py:914} INFO - Processing file /home/airflow/.local/lib/python3.12/site-packages/airflow/example_dags/example_latest_only.py for tasks to queue
[2025-01-05T23:51:40.812+0000] {logging_mixin.py:190} INFO - [2025-01-05T23:51:40.812+0000] {dagbag.py:588} INFO - Filling up the DagBag from /home/airflow/.local/lib/python3.12/site-packages/airflow/example_dags/example_latest_only.py
[2025-01-05T23:51:40.818+0000] {processor.py:925} INFO - DAG(s) 'latest_only' retrieved from /home/airflow/.local/lib/python3.12/site-packages/airflow/example_dags/example_latest_only.py
[2025-01-05T23:51:40.835+0000] {logging_mixin.py:190} INFO - [2025-01-05T23:51:40.835+0000] {dag.py:3239} INFO - Sync 1 DAGs
[2025-01-05T23:51:40.856+0000] {logging_mixin.py:190} INFO - [2025-01-05T23:51:40.856+0000] {dag.py:4180} INFO - Setting next_dagrun for latest_only to 2025-01-05 16:00:00+00:00, run_after=2025-01-05 20:00:00+00:00
[2025-01-05T23:51:40.875+0000] {processor.py:208} INFO - Processing /home/airflow/.local/lib/python3.12/site-packages/airflow/example_dags/example_latest_only.py took 0.070 seconds
[2025-01-05T23:52:11.650+0000] {processor.py:186} INFO - Started process (PID=5888) to work on /home/airflow/.local/lib/python3.12/site-packages/airflow/example_dags/example_latest_only.py
[2025-01-05T23:52:11.651+0000] {processor.py:914} INFO - Processing file /home/airflow/.local/lib/python3.12/site-packages/airflow/example_dags/example_latest_only.py for tasks to queue
[2025-01-05T23:52:11.652+0000] {logging_mixin.py:190} INFO - [2025-01-05T23:52:11.652+0000] {dagbag.py:588} INFO - Filling up the DagBag from /home/airflow/.local/lib/python3.12/site-packages/airflow/example_dags/example_latest_only.py
[2025-01-05T23:52:11.658+0000] {processor.py:925} INFO - DAG(s) 'latest_only' retrieved from /home/airflow/.local/lib/python3.12/site-packages/airflow/example_dags/example_latest_only.py
[2025-01-05T23:52:11.673+0000] {logging_mixin.py:190} INFO - [2025-01-05T23:52:11.673+0000] {dag.py:3239} INFO - Sync 1 DAGs
[2025-01-05T23:52:11.691+0000] {logging_mixin.py:190} INFO - [2025-01-05T23:52:11.691+0000] {dag.py:4180} INFO - Setting next_dagrun for latest_only to 2025-01-05 16:00:00+00:00, run_after=2025-01-05 20:00:00+00:00
[2025-01-05T23:52:11.708+0000] {processor.py:208} INFO - Processing /home/airflow/.local/lib/python3.12/site-packages/airflow/example_dags/example_latest_only.py took 0.063 seconds
[2025-01-05T23:52:42.599+0000] {processor.py:186} INFO - Started process (PID=6184) to work on /home/airflow/.local/lib/python3.12/site-packages/airflow/example_dags/example_latest_only.py
[2025-01-05T23:52:42.599+0000] {processor.py:914} INFO - Processing file /home/airflow/.local/lib/python3.12/site-packages/airflow/example_dags/example_latest_only.py for tasks to queue
[2025-01-05T23:52:42.601+0000] {logging_mixin.py:190} INFO - [2025-01-05T23:52:42.601+0000] {dagbag.py:588} INFO - Filling up the DagBag from /home/airflow/.local/lib/python3.12/site-packages/airflow/example_dags/example_latest_only.py
[2025-01-05T23:52:42.607+0000] {processor.py:925} INFO - DAG(s) 'latest_only' retrieved from /home/airflow/.local/lib/python3.12/site-packages/airflow/example_dags/example_latest_only.py
[2025-01-05T23:52:42.623+0000] {logging_mixin.py:190} INFO - [2025-01-05T23:52:42.622+0000] {dag.py:3239} INFO - Sync 1 DAGs
[2025-01-05T23:52:42.640+0000] {logging_mixin.py:190} INFO - [2025-01-05T23:52:42.640+0000] {dag.py:4180} INFO - Setting next_dagrun for latest_only to 2025-01-05 16:00:00+00:00, run_after=2025-01-05 20:00:00+00:00
[2025-01-05T23:52:42.657+0000] {processor.py:208} INFO - Processing /home/airflow/.local/lib/python3.12/site-packages/airflow/example_dags/example_latest_only.py took 0.062 seconds
[2025-01-05T23:53:13.470+0000] {processor.py:186} INFO - Started process (PID=6480) to work on /home/airflow/.local/lib/python3.12/site-packages/airflow/example_dags/example_latest_only.py
[2025-01-05T23:53:13.470+0000] {processor.py:914} INFO - Processing file /home/airflow/.local/lib/python3.12/site-packages/airflow/example_dags/example_latest_only.py for tasks to queue
[2025-01-05T23:53:13.472+0000] {logging_mixin.py:190} INFO - [2025-01-05T23:53:13.472+0000] {dagbag.py:588} INFO - Filling up the DagBag from /home/airflow/.local/lib/python3.12/site-packages/airflow/example_dags/example_latest_only.py
[2025-01-05T23:53:13.479+0000] {processor.py:925} INFO - DAG(s) 'latest_only' retrieved from /home/airflow/.local/lib/python3.12/site-packages/airflow/example_dags/example_latest_only.py
[2025-01-05T23:53:13.495+0000] {logging_mixin.py:190} INFO - [2025-01-05T23:53:13.495+0000] {dag.py:3239} INFO - Sync 1 DAGs
[2025-01-05T23:53:13.513+0000] {logging_mixin.py:190} INFO - [2025-01-05T23:53:13.512+0000] {dag.py:4180} INFO - Setting next_dagrun for latest_only to 2025-01-05 16:00:00+00:00, run_after=2025-01-05 20:00:00+00:00
[2025-01-05T23:53:13.531+0000] {processor.py:208} INFO - Processing /home/airflow/.local/lib/python3.12/site-packages/airflow/example_dags/example_latest_only.py took 0.066 seconds
[2025-01-05T23:53:44.299+0000] {processor.py:186} INFO - Started process (PID=6774) to work on /home/airflow/.local/lib/python3.12/site-packages/airflow/example_dags/example_latest_only.py
[2025-01-05T23:53:44.300+0000] {processor.py:914} INFO - Processing file /home/airflow/.local/lib/python3.12/site-packages/airflow/example_dags/example_latest_only.py for tasks to queue
[2025-01-05T23:53:44.302+0000] {logging_mixin.py:190} INFO - [2025-01-05T23:53:44.302+0000] {dagbag.py:588} INFO - Filling up the DagBag from /home/airflow/.local/lib/python3.12/site-packages/airflow/example_dags/example_latest_only.py
[2025-01-05T23:53:44.308+0000] {processor.py:925} INFO - DAG(s) 'latest_only' retrieved from /home/airflow/.local/lib/python3.12/site-packages/airflow/example_dags/example_latest_only.py
[2025-01-05T23:53:44.326+0000] {logging_mixin.py:190} INFO - [2025-01-05T23:53:44.326+0000] {dag.py:3239} INFO - Sync 1 DAGs
[2025-01-05T23:53:44.348+0000] {logging_mixin.py:190} INFO - [2025-01-05T23:53:44.348+0000] {dag.py:4180} INFO - Setting next_dagrun for latest_only to 2025-01-05 16:00:00+00:00, run_after=2025-01-05 20:00:00+00:00
[2025-01-05T23:53:44.367+0000] {processor.py:208} INFO - Processing /home/airflow/.local/lib/python3.12/site-packages/airflow/example_dags/example_latest_only.py took 0.073 seconds
[2025-01-05T23:54:14.915+0000] {processor.py:186} INFO - Started process (PID=7070) to work on /home/airflow/.local/lib/python3.12/site-packages/airflow/example_dags/example_latest_only.py
[2025-01-05T23:54:14.917+0000] {processor.py:914} INFO - Processing file /home/airflow/.local/lib/python3.12/site-packages/airflow/example_dags/example_latest_only.py for tasks to queue
[2025-01-05T23:54:14.918+0000] {logging_mixin.py:190} INFO - [2025-01-05T23:54:14.918+0000] {dagbag.py:588} INFO - Filling up the DagBag from /home/airflow/.local/lib/python3.12/site-packages/airflow/example_dags/example_latest_only.py
[2025-01-05T23:54:14.924+0000] {processor.py:925} INFO - DAG(s) 'latest_only' retrieved from /home/airflow/.local/lib/python3.12/site-packages/airflow/example_dags/example_latest_only.py
[2025-01-05T23:54:14.942+0000] {logging_mixin.py:190} INFO - [2025-01-05T23:54:14.942+0000] {dag.py:3239} INFO - Sync 1 DAGs
[2025-01-05T23:54:14.964+0000] {logging_mixin.py:190} INFO - [2025-01-05T23:54:14.963+0000] {dag.py:4180} INFO - Setting next_dagrun for latest_only to 2025-01-05 16:00:00+00:00, run_after=2025-01-05 20:00:00+00:00
[2025-01-05T23:54:14.979+0000] {processor.py:208} INFO - Processing /home/airflow/.local/lib/python3.12/site-packages/airflow/example_dags/example_latest_only.py took 0.069 seconds
[2025-01-05T23:54:45.924+0000] {processor.py:186} INFO - Started process (PID=7368) to work on /home/airflow/.local/lib/python3.12/site-packages/airflow/example_dags/example_latest_only.py
[2025-01-05T23:54:45.925+0000] {processor.py:914} INFO - Processing file /home/airflow/.local/lib/python3.12/site-packages/airflow/example_dags/example_latest_only.py for tasks to queue
[2025-01-05T23:54:45.927+0000] {logging_mixin.py:190} INFO - [2025-01-05T23:54:45.927+0000] {dagbag.py:588} INFO - Filling up the DagBag from /home/airflow/.local/lib/python3.12/site-packages/airflow/example_dags/example_latest_only.py
[2025-01-05T23:54:45.932+0000] {processor.py:925} INFO - DAG(s) 'latest_only' retrieved from /home/airflow/.local/lib/python3.12/site-packages/airflow/example_dags/example_latest_only.py
[2025-01-05T23:54:45.949+0000] {logging_mixin.py:190} INFO - [2025-01-05T23:54:45.949+0000] {dag.py:3239} INFO - Sync 1 DAGs
[2025-01-05T23:54:45.966+0000] {logging_mixin.py:190} INFO - [2025-01-05T23:54:45.966+0000] {dag.py:4180} INFO - Setting next_dagrun for latest_only to 2025-01-05 16:00:00+00:00, run_after=2025-01-05 20:00:00+00:00
[2025-01-05T23:54:45.982+0000] {processor.py:208} INFO - Processing /home/airflow/.local/lib/python3.12/site-packages/airflow/example_dags/example_latest_only.py took 0.062 seconds
[2025-01-05T23:55:16.857+0000] {processor.py:186} INFO - Started process (PID=7664) to work on /home/airflow/.local/lib/python3.12/site-packages/airflow/example_dags/example_latest_only.py
[2025-01-05T23:55:16.858+0000] {processor.py:914} INFO - Processing file /home/airflow/.local/lib/python3.12/site-packages/airflow/example_dags/example_latest_only.py for tasks to queue
[2025-01-05T23:55:16.861+0000] {logging_mixin.py:190} INFO - [2025-01-05T23:55:16.860+0000] {dagbag.py:588} INFO - Filling up the DagBag from /home/airflow/.local/lib/python3.12/site-packages/airflow/example_dags/example_latest_only.py
[2025-01-05T23:55:16.866+0000] {processor.py:925} INFO - DAG(s) 'latest_only' retrieved from /home/airflow/.local/lib/python3.12/site-packages/airflow/example_dags/example_latest_only.py
[2025-01-05T23:55:16.881+0000] {logging_mixin.py:190} INFO - [2025-01-05T23:55:16.881+0000] {dag.py:3239} INFO - Sync 1 DAGs
[2025-01-05T23:55:16.899+0000] {logging_mixin.py:190} INFO - [2025-01-05T23:55:16.899+0000] {dag.py:4180} INFO - Setting next_dagrun for latest_only to 2025-01-05 16:00:00+00:00, run_after=2025-01-05 20:00:00+00:00
[2025-01-05T23:55:16.916+0000] {processor.py:208} INFO - Processing /home/airflow/.local/lib/python3.12/site-packages/airflow/example_dags/example_latest_only.py took 0.063 seconds
[2025-01-05T23:55:47.867+0000] {processor.py:186} INFO - Started process (PID=7960) to work on /home/airflow/.local/lib/python3.12/site-packages/airflow/example_dags/example_latest_only.py
[2025-01-05T23:55:47.869+0000] {processor.py:914} INFO - Processing file /home/airflow/.local/lib/python3.12/site-packages/airflow/example_dags/example_latest_only.py for tasks to queue
[2025-01-05T23:55:47.871+0000] {logging_mixin.py:190} INFO - [2025-01-05T23:55:47.870+0000] {dagbag.py:588} INFO - Filling up the DagBag from /home/airflow/.local/lib/python3.12/site-packages/airflow/example_dags/example_latest_only.py
[2025-01-05T23:55:47.876+0000] {processor.py:925} INFO - DAG(s) 'latest_only' retrieved from /home/airflow/.local/lib/python3.12/site-packages/airflow/example_dags/example_latest_only.py
[2025-01-05T23:55:47.896+0000] {logging_mixin.py:190} INFO - [2025-01-05T23:55:47.895+0000] {dag.py:3239} INFO - Sync 1 DAGs
[2025-01-05T23:55:47.918+0000] {logging_mixin.py:190} INFO - [2025-01-05T23:55:47.918+0000] {dag.py:4180} INFO - Setting next_dagrun for latest_only to 2025-01-05 16:00:00+00:00, run_after=2025-01-05 20:00:00+00:00
[2025-01-05T23:55:47.938+0000] {processor.py:208} INFO - Processing /home/airflow/.local/lib/python3.12/site-packages/airflow/example_dags/example_latest_only.py took 0.077 seconds
[2025-01-05T23:56:18.994+0000] {processor.py:186} INFO - Started process (PID=8254) to work on /home/airflow/.local/lib/python3.12/site-packages/airflow/example_dags/example_latest_only.py
[2025-01-05T23:56:18.994+0000] {processor.py:914} INFO - Processing file /home/airflow/.local/lib/python3.12/site-packages/airflow/example_dags/example_latest_only.py for tasks to queue
[2025-01-05T23:56:18.996+0000] {logging_mixin.py:190} INFO - [2025-01-05T23:56:18.996+0000] {dagbag.py:588} INFO - Filling up the DagBag from /home/airflow/.local/lib/python3.12/site-packages/airflow/example_dags/example_latest_only.py
[2025-01-05T23:56:19.002+0000] {processor.py:925} INFO - DAG(s) 'latest_only' retrieved from /home/airflow/.local/lib/python3.12/site-packages/airflow/example_dags/example_latest_only.py
[2025-01-05T23:56:19.017+0000] {logging_mixin.py:190} INFO - [2025-01-05T23:56:19.017+0000] {dag.py:3239} INFO - Sync 1 DAGs
[2025-01-05T23:56:19.035+0000] {logging_mixin.py:190} INFO - [2025-01-05T23:56:19.035+0000] {dag.py:4180} INFO - Setting next_dagrun for latest_only to 2025-01-05 16:00:00+00:00, run_after=2025-01-05 20:00:00+00:00
[2025-01-05T23:56:19.052+0000] {processor.py:208} INFO - Processing /home/airflow/.local/lib/python3.12/site-packages/airflow/example_dags/example_latest_only.py took 0.063 seconds
[2025-01-05T23:56:49.771+0000] {processor.py:186} INFO - Started process (PID=8550) to work on /home/airflow/.local/lib/python3.12/site-packages/airflow/example_dags/example_latest_only.py
[2025-01-05T23:56:49.772+0000] {processor.py:914} INFO - Processing file /home/airflow/.local/lib/python3.12/site-packages/airflow/example_dags/example_latest_only.py for tasks to queue
[2025-01-05T23:56:49.774+0000] {logging_mixin.py:190} INFO - [2025-01-05T23:56:49.774+0000] {dagbag.py:588} INFO - Filling up the DagBag from /home/airflow/.local/lib/python3.12/site-packages/airflow/example_dags/example_latest_only.py
[2025-01-05T23:56:49.782+0000] {processor.py:925} INFO - DAG(s) 'latest_only' retrieved from /home/airflow/.local/lib/python3.12/site-packages/airflow/example_dags/example_latest_only.py
[2025-01-05T23:56:49.805+0000] {logging_mixin.py:190} INFO - [2025-01-05T23:56:49.805+0000] {dag.py:3239} INFO - Sync 1 DAGs
[2025-01-05T23:56:49.832+0000] {logging_mixin.py:190} INFO - [2025-01-05T23:56:49.832+0000] {dag.py:4180} INFO - Setting next_dagrun for latest_only to 2025-01-05 16:00:00+00:00, run_after=2025-01-05 20:00:00+00:00
[2025-01-05T23:56:49.852+0000] {processor.py:208} INFO - Processing /home/airflow/.local/lib/python3.12/site-packages/airflow/example_dags/example_latest_only.py took 0.097 seconds
[2025-01-05T23:57:20.386+0000] {processor.py:186} INFO - Started process (PID=8846) to work on /home/airflow/.local/lib/python3.12/site-packages/airflow/example_dags/example_latest_only.py
[2025-01-05T23:57:20.387+0000] {processor.py:914} INFO - Processing file /home/airflow/.local/lib/python3.12/site-packages/airflow/example_dags/example_latest_only.py for tasks to queue
[2025-01-05T23:57:20.389+0000] {logging_mixin.py:190} INFO - [2025-01-05T23:57:20.388+0000] {dagbag.py:588} INFO - Filling up the DagBag from /home/airflow/.local/lib/python3.12/site-packages/airflow/example_dags/example_latest_only.py
[2025-01-05T23:57:20.394+0000] {processor.py:925} INFO - DAG(s) 'latest_only' retrieved from /home/airflow/.local/lib/python3.12/site-packages/airflow/example_dags/example_latest_only.py
[2025-01-05T23:57:20.410+0000] {logging_mixin.py:190} INFO - [2025-01-05T23:57:20.410+0000] {dag.py:3239} INFO - Sync 1 DAGs
[2025-01-05T23:57:20.428+0000] {logging_mixin.py:190} INFO - [2025-01-05T23:57:20.427+0000] {dag.py:4180} INFO - Setting next_dagrun for latest_only to 2025-01-05 16:00:00+00:00, run_after=2025-01-05 20:00:00+00:00
[2025-01-05T23:57:20.447+0000] {processor.py:208} INFO - Processing /home/airflow/.local/lib/python3.12/site-packages/airflow/example_dags/example_latest_only.py took 0.066 seconds
[2025-01-05T23:57:50.987+0000] {processor.py:186} INFO - Started process (PID=9142) to work on /home/airflow/.local/lib/python3.12/site-packages/airflow/example_dags/example_latest_only.py
[2025-01-05T23:57:50.987+0000] {processor.py:914} INFO - Processing file /home/airflow/.local/lib/python3.12/site-packages/airflow/example_dags/example_latest_only.py for tasks to queue
[2025-01-05T23:57:50.989+0000] {logging_mixin.py:190} INFO - [2025-01-05T23:57:50.989+0000] {dagbag.py:588} INFO - Filling up the DagBag from /home/airflow/.local/lib/python3.12/site-packages/airflow/example_dags/example_latest_only.py
[2025-01-05T23:57:50.996+0000] {processor.py:925} INFO - DAG(s) 'latest_only' retrieved from /home/airflow/.local/lib/python3.12/site-packages/airflow/example_dags/example_latest_only.py
[2025-01-05T23:57:51.014+0000] {logging_mixin.py:190} INFO - [2025-01-05T23:57:51.014+0000] {dag.py:3239} INFO - Sync 1 DAGs
[2025-01-05T23:57:51.033+0000] {logging_mixin.py:190} INFO - [2025-01-05T23:57:51.033+0000] {dag.py:4180} INFO - Setting next_dagrun for latest_only to 2025-01-05 16:00:00+00:00, run_after=2025-01-05 20:00:00+00:00
[2025-01-05T23:57:51.053+0000] {processor.py:208} INFO - Processing /home/airflow/.local/lib/python3.12/site-packages/airflow/example_dags/example_latest_only.py took 0.071 seconds
[2025-01-05T23:58:21.482+0000] {processor.py:186} INFO - Started process (PID=9433) to work on /home/airflow/.local/lib/python3.12/site-packages/airflow/example_dags/example_latest_only.py
[2025-01-05T23:58:21.483+0000] {processor.py:914} INFO - Processing file /home/airflow/.local/lib/python3.12/site-packages/airflow/example_dags/example_latest_only.py for tasks to queue
[2025-01-05T23:58:21.485+0000] {logging_mixin.py:190} INFO - [2025-01-05T23:58:21.485+0000] {dagbag.py:588} INFO - Filling up the DagBag from /home/airflow/.local/lib/python3.12/site-packages/airflow/example_dags/example_latest_only.py
[2025-01-05T23:58:21.491+0000] {processor.py:925} INFO - DAG(s) 'latest_only' retrieved from /home/airflow/.local/lib/python3.12/site-packages/airflow/example_dags/example_latest_only.py
[2025-01-05T23:58:21.508+0000] {logging_mixin.py:190} INFO - [2025-01-05T23:58:21.508+0000] {dag.py:3239} INFO - Sync 1 DAGs
[2025-01-05T23:58:21.525+0000] {logging_mixin.py:190} INFO - [2025-01-05T23:58:21.525+0000] {dag.py:4180} INFO - Setting next_dagrun for latest_only to 2025-01-05 16:00:00+00:00, run_after=2025-01-05 20:00:00+00:00
[2025-01-05T23:58:21.545+0000] {processor.py:208} INFO - Processing /home/airflow/.local/lib/python3.12/site-packages/airflow/example_dags/example_latest_only.py took 0.067 seconds
[2025-01-05T23:58:52.078+0000] {processor.py:186} INFO - Started process (PID=9729) to work on /home/airflow/.local/lib/python3.12/site-packages/airflow/example_dags/example_latest_only.py
[2025-01-05T23:58:52.079+0000] {processor.py:914} INFO - Processing file /home/airflow/.local/lib/python3.12/site-packages/airflow/example_dags/example_latest_only.py for tasks to queue
[2025-01-05T23:58:52.081+0000] {logging_mixin.py:190} INFO - [2025-01-05T23:58:52.081+0000] {dagbag.py:588} INFO - Filling up the DagBag from /home/airflow/.local/lib/python3.12/site-packages/airflow/example_dags/example_latest_only.py
[2025-01-05T23:58:52.087+0000] {processor.py:925} INFO - DAG(s) 'latest_only' retrieved from /home/airflow/.local/lib/python3.12/site-packages/airflow/example_dags/example_latest_only.py
[2025-01-05T23:58:52.103+0000] {logging_mixin.py:190} INFO - [2025-01-05T23:58:52.103+0000] {dag.py:3239} INFO - Sync 1 DAGs
[2025-01-05T23:58:52.121+0000] {logging_mixin.py:190} INFO - [2025-01-05T23:58:52.121+0000] {dag.py:4180} INFO - Setting next_dagrun for latest_only to 2025-01-05 16:00:00+00:00, run_after=2025-01-05 20:00:00+00:00
[2025-01-05T23:58:52.137+0000] {processor.py:208} INFO - Processing /home/airflow/.local/lib/python3.12/site-packages/airflow/example_dags/example_latest_only.py took 0.064 seconds
[2025-01-05T23:59:22.815+0000] {processor.py:186} INFO - Started process (PID=10032) to work on /home/airflow/.local/lib/python3.12/site-packages/airflow/example_dags/example_latest_only.py
[2025-01-05T23:59:22.816+0000] {processor.py:914} INFO - Processing file /home/airflow/.local/lib/python3.12/site-packages/airflow/example_dags/example_latest_only.py for tasks to queue
[2025-01-05T23:59:22.818+0000] {logging_mixin.py:190} INFO - [2025-01-05T23:59:22.818+0000] {dagbag.py:588} INFO - Filling up the DagBag from /home/airflow/.local/lib/python3.12/site-packages/airflow/example_dags/example_latest_only.py
[2025-01-05T23:59:22.824+0000] {processor.py:925} INFO - DAG(s) 'latest_only' retrieved from /home/airflow/.local/lib/python3.12/site-packages/airflow/example_dags/example_latest_only.py
[2025-01-05T23:59:22.841+0000] {logging_mixin.py:190} INFO - [2025-01-05T23:59:22.840+0000] {dag.py:3239} INFO - Sync 1 DAGs
[2025-01-05T23:59:22.858+0000] {logging_mixin.py:190} INFO - [2025-01-05T23:59:22.858+0000] {dag.py:4180} INFO - Setting next_dagrun for latest_only to 2025-01-05 16:00:00+00:00, run_after=2025-01-05 20:00:00+00:00
[2025-01-05T23:59:22.878+0000] {processor.py:208} INFO - Processing /home/airflow/.local/lib/python3.12/site-packages/airflow/example_dags/example_latest_only.py took 0.067 seconds
[2025-01-05T23:59:53.656+0000] {processor.py:186} INFO - Started process (PID=10328) to work on /home/airflow/.local/lib/python3.12/site-packages/airflow/example_dags/example_latest_only.py
[2025-01-05T23:59:53.657+0000] {processor.py:914} INFO - Processing file /home/airflow/.local/lib/python3.12/site-packages/airflow/example_dags/example_latest_only.py for tasks to queue
[2025-01-05T23:59:53.659+0000] {logging_mixin.py:190} INFO - [2025-01-05T23:59:53.659+0000] {dagbag.py:588} INFO - Filling up the DagBag from /home/airflow/.local/lib/python3.12/site-packages/airflow/example_dags/example_latest_only.py
[2025-01-05T23:59:53.665+0000] {processor.py:925} INFO - DAG(s) 'latest_only' retrieved from /home/airflow/.local/lib/python3.12/site-packages/airflow/example_dags/example_latest_only.py
[2025-01-05T23:59:53.679+0000] {logging_mixin.py:190} INFO - [2025-01-05T23:59:53.679+0000] {dag.py:3239} INFO - Sync 1 DAGs
[2025-01-05T23:59:53.697+0000] {logging_mixin.py:190} INFO - [2025-01-05T23:59:53.697+0000] {dag.py:4180} INFO - Setting next_dagrun for latest_only to 2025-01-05 16:00:00+00:00, run_after=2025-01-05 20:00:00+00:00
[2025-01-05T23:59:53.712+0000] {processor.py:208} INFO - Processing /home/airflow/.local/lib/python3.12/site-packages/airflow/example_dags/example_latest_only.py took 0.061 seconds
