[2025-01-05T23:42:22.945+0000] {processor.py:186} INFO - Started process (PID=227) to work on /home/airflow/.local/lib/python3.12/site-packages/airflow/example_dags/tutorial.py
[2025-01-05T23:42:22.946+0000] {processor.py:914} INFO - Processing file /home/airflow/.local/lib/python3.12/site-packages/airflow/example_dags/tutorial.py for tasks to queue
[2025-01-05T23:42:22.948+0000] {logging_mixin.py:190} INFO - [2025-01-05T23:42:22.948+0000] {dagbag.py:588} INFO - Filling up the DagBag from /home/airflow/.local/lib/python3.12/site-packages/airflow/example_dags/tutorial.py
[2025-01-05T23:42:22.959+0000] {processor.py:925} INFO - DAG(s) 'tutorial' retrieved from /home/airflow/.local/lib/python3.12/site-packages/airflow/example_dags/tutorial.py
[2025-01-05T23:42:22.992+0000] {logging_mixin.py:190} INFO - [2025-01-05T23:42:22.992+0000] {dag.py:3239} INFO - Sync 1 DAGs
[2025-01-05T23:42:23.021+0000] {logging_mixin.py:190} INFO - [2025-01-05T23:42:23.020+0000] {dag.py:4180} INFO - Setting next_dagrun for tutorial to 2025-01-04 00:00:00+00:00, run_after=2025-01-05 00:00:00+00:00
[2025-01-05T23:42:23.042+0000] {processor.py:208} INFO - Processing /home/airflow/.local/lib/python3.12/site-packages/airflow/example_dags/tutorial.py took 0.103 seconds
[2025-01-05T23:42:53.258+0000] {processor.py:186} INFO - Started process (PID=518) to work on /home/airflow/.local/lib/python3.12/site-packages/airflow/example_dags/tutorial.py
[2025-01-05T23:42:53.259+0000] {processor.py:914} INFO - Processing file /home/airflow/.local/lib/python3.12/site-packages/airflow/example_dags/tutorial.py for tasks to queue
[2025-01-05T23:42:53.261+0000] {logging_mixin.py:190} INFO - [2025-01-05T23:42:53.261+0000] {dagbag.py:588} INFO - Filling up the DagBag from /home/airflow/.local/lib/python3.12/site-packages/airflow/example_dags/tutorial.py
[2025-01-05T23:42:53.268+0000] {processor.py:925} INFO - DAG(s) 'tutorial' retrieved from /home/airflow/.local/lib/python3.12/site-packages/airflow/example_dags/tutorial.py
[2025-01-05T23:42:53.289+0000] {logging_mixin.py:190} INFO - [2025-01-05T23:42:53.288+0000] {dag.py:3239} INFO - Sync 1 DAGs
[2025-01-05T23:42:53.318+0000] {logging_mixin.py:190} INFO - [2025-01-05T23:42:53.317+0000] {dag.py:4180} INFO - Setting next_dagrun for tutorial to 2025-01-04 00:00:00+00:00, run_after=2025-01-05 00:00:00+00:00
[2025-01-05T23:42:53.339+0000] {processor.py:208} INFO - Processing /home/airflow/.local/lib/python3.12/site-packages/airflow/example_dags/tutorial.py took 0.085 seconds
[2025-01-05T23:43:23.654+0000] {processor.py:186} INFO - Started process (PID=814) to work on /home/airflow/.local/lib/python3.12/site-packages/airflow/example_dags/tutorial.py
[2025-01-05T23:43:23.655+0000] {processor.py:914} INFO - Processing file /home/airflow/.local/lib/python3.12/site-packages/airflow/example_dags/tutorial.py for tasks to queue
[2025-01-05T23:43:23.657+0000] {logging_mixin.py:190} INFO - [2025-01-05T23:43:23.656+0000] {dagbag.py:588} INFO - Filling up the DagBag from /home/airflow/.local/lib/python3.12/site-packages/airflow/example_dags/tutorial.py
[2025-01-05T23:43:23.664+0000] {processor.py:925} INFO - DAG(s) 'tutorial' retrieved from /home/airflow/.local/lib/python3.12/site-packages/airflow/example_dags/tutorial.py
[2025-01-05T23:43:23.680+0000] {logging_mixin.py:190} INFO - [2025-01-05T23:43:23.680+0000] {dag.py:3239} INFO - Sync 1 DAGs
[2025-01-05T23:43:23.699+0000] {logging_mixin.py:190} INFO - [2025-01-05T23:43:23.699+0000] {dag.py:4180} INFO - Setting next_dagrun for tutorial to 2025-01-04 00:00:00+00:00, run_after=2025-01-05 00:00:00+00:00
[2025-01-05T23:43:23.718+0000] {processor.py:208} INFO - Processing /home/airflow/.local/lib/python3.12/site-packages/airflow/example_dags/tutorial.py took 0.069 seconds
[2025-01-05T23:43:54.518+0000] {processor.py:186} INFO - Started process (PID=1112) to work on /home/airflow/.local/lib/python3.12/site-packages/airflow/example_dags/tutorial.py
[2025-01-05T23:43:54.519+0000] {processor.py:914} INFO - Processing file /home/airflow/.local/lib/python3.12/site-packages/airflow/example_dags/tutorial.py for tasks to queue
[2025-01-05T23:43:54.522+0000] {logging_mixin.py:190} INFO - [2025-01-05T23:43:54.522+0000] {dagbag.py:588} INFO - Filling up the DagBag from /home/airflow/.local/lib/python3.12/site-packages/airflow/example_dags/tutorial.py
[2025-01-05T23:43:54.531+0000] {processor.py:925} INFO - DAG(s) 'tutorial' retrieved from /home/airflow/.local/lib/python3.12/site-packages/airflow/example_dags/tutorial.py
[2025-01-05T23:43:54.551+0000] {logging_mixin.py:190} INFO - [2025-01-05T23:43:54.551+0000] {dag.py:3239} INFO - Sync 1 DAGs
[2025-01-05T23:43:54.573+0000] {logging_mixin.py:190} INFO - [2025-01-05T23:43:54.573+0000] {dag.py:4180} INFO - Setting next_dagrun for tutorial to 2025-01-04 00:00:00+00:00, run_after=2025-01-05 00:00:00+00:00
[2025-01-05T23:43:54.590+0000] {processor.py:208} INFO - Processing /home/airflow/.local/lib/python3.12/site-packages/airflow/example_dags/tutorial.py took 0.077 seconds
[2025-01-05T23:44:25.529+0000] {processor.py:186} INFO - Started process (PID=1408) to work on /home/airflow/.local/lib/python3.12/site-packages/airflow/example_dags/tutorial.py
[2025-01-05T23:44:25.529+0000] {processor.py:914} INFO - Processing file /home/airflow/.local/lib/python3.12/site-packages/airflow/example_dags/tutorial.py for tasks to queue
[2025-01-05T23:44:25.531+0000] {logging_mixin.py:190} INFO - [2025-01-05T23:44:25.531+0000] {dagbag.py:588} INFO - Filling up the DagBag from /home/airflow/.local/lib/python3.12/site-packages/airflow/example_dags/tutorial.py
[2025-01-05T23:44:25.537+0000] {processor.py:925} INFO - DAG(s) 'tutorial' retrieved from /home/airflow/.local/lib/python3.12/site-packages/airflow/example_dags/tutorial.py
[2025-01-05T23:44:25.551+0000] {logging_mixin.py:190} INFO - [2025-01-05T23:44:25.551+0000] {dag.py:3239} INFO - Sync 1 DAGs
[2025-01-05T23:44:25.569+0000] {logging_mixin.py:190} INFO - [2025-01-05T23:44:25.569+0000] {dag.py:4180} INFO - Setting next_dagrun for tutorial to 2025-01-04 00:00:00+00:00, run_after=2025-01-05 00:00:00+00:00
[2025-01-05T23:44:25.590+0000] {processor.py:208} INFO - Processing /home/airflow/.local/lib/python3.12/site-packages/airflow/example_dags/tutorial.py took 0.067 seconds
[2025-01-05T23:44:56.078+0000] {processor.py:186} INFO - Started process (PID=1704) to work on /home/airflow/.local/lib/python3.12/site-packages/airflow/example_dags/tutorial.py
[2025-01-05T23:44:56.079+0000] {processor.py:914} INFO - Processing file /home/airflow/.local/lib/python3.12/site-packages/airflow/example_dags/tutorial.py for tasks to queue
[2025-01-05T23:44:56.082+0000] {logging_mixin.py:190} INFO - [2025-01-05T23:44:56.081+0000] {dagbag.py:588} INFO - Filling up the DagBag from /home/airflow/.local/lib/python3.12/site-packages/airflow/example_dags/tutorial.py
[2025-01-05T23:44:56.090+0000] {processor.py:925} INFO - DAG(s) 'tutorial' retrieved from /home/airflow/.local/lib/python3.12/site-packages/airflow/example_dags/tutorial.py
[2025-01-05T23:44:56.107+0000] {logging_mixin.py:190} INFO - [2025-01-05T23:44:56.107+0000] {dag.py:3239} INFO - Sync 1 DAGs
[2025-01-05T23:44:56.130+0000] {logging_mixin.py:190} INFO - [2025-01-05T23:44:56.130+0000] {dag.py:4180} INFO - Setting next_dagrun for tutorial to 2025-01-04 00:00:00+00:00, run_after=2025-01-05 00:00:00+00:00
[2025-01-05T23:44:56.153+0000] {processor.py:208} INFO - Processing /home/airflow/.local/lib/python3.12/site-packages/airflow/example_dags/tutorial.py took 0.083 seconds
[2025-01-05T23:45:26.705+0000] {processor.py:186} INFO - Started process (PID=1998) to work on /home/airflow/.local/lib/python3.12/site-packages/airflow/example_dags/tutorial.py
[2025-01-05T23:45:26.706+0000] {processor.py:914} INFO - Processing file /home/airflow/.local/lib/python3.12/site-packages/airflow/example_dags/tutorial.py for tasks to queue
[2025-01-05T23:45:26.708+0000] {logging_mixin.py:190} INFO - [2025-01-05T23:45:26.707+0000] {dagbag.py:588} INFO - Filling up the DagBag from /home/airflow/.local/lib/python3.12/site-packages/airflow/example_dags/tutorial.py
[2025-01-05T23:45:26.714+0000] {processor.py:925} INFO - DAG(s) 'tutorial' retrieved from /home/airflow/.local/lib/python3.12/site-packages/airflow/example_dags/tutorial.py
[2025-01-05T23:45:26.729+0000] {logging_mixin.py:190} INFO - [2025-01-05T23:45:26.729+0000] {dag.py:3239} INFO - Sync 1 DAGs
[2025-01-05T23:45:26.746+0000] {logging_mixin.py:190} INFO - [2025-01-05T23:45:26.746+0000] {dag.py:4180} INFO - Setting next_dagrun for tutorial to 2025-01-04 00:00:00+00:00, run_after=2025-01-05 00:00:00+00:00
[2025-01-05T23:45:26.766+0000] {processor.py:208} INFO - Processing /home/airflow/.local/lib/python3.12/site-packages/airflow/example_dags/tutorial.py took 0.065 seconds
[2025-01-05T23:45:57.539+0000] {processor.py:186} INFO - Started process (PID=2296) to work on /home/airflow/.local/lib/python3.12/site-packages/airflow/example_dags/tutorial.py
[2025-01-05T23:45:57.540+0000] {processor.py:914} INFO - Processing file /home/airflow/.local/lib/python3.12/site-packages/airflow/example_dags/tutorial.py for tasks to queue
[2025-01-05T23:45:57.543+0000] {logging_mixin.py:190} INFO - [2025-01-05T23:45:57.543+0000] {dagbag.py:588} INFO - Filling up the DagBag from /home/airflow/.local/lib/python3.12/site-packages/airflow/example_dags/tutorial.py
[2025-01-05T23:45:57.550+0000] {processor.py:925} INFO - DAG(s) 'tutorial' retrieved from /home/airflow/.local/lib/python3.12/site-packages/airflow/example_dags/tutorial.py
[2025-01-05T23:45:57.567+0000] {logging_mixin.py:190} INFO - [2025-01-05T23:45:57.566+0000] {dag.py:3239} INFO - Sync 1 DAGs
[2025-01-05T23:45:57.586+0000] {logging_mixin.py:190} INFO - [2025-01-05T23:45:57.586+0000] {dag.py:4180} INFO - Setting next_dagrun for tutorial to 2025-01-04 00:00:00+00:00, run_after=2025-01-05 00:00:00+00:00
[2025-01-05T23:45:57.624+0000] {processor.py:208} INFO - Processing /home/airflow/.local/lib/python3.12/site-packages/airflow/example_dags/tutorial.py took 0.091 seconds
[2025-01-05T23:46:27.678+0000] {processor.py:186} INFO - Started process (PID=2592) to work on /home/airflow/.local/lib/python3.12/site-packages/airflow/example_dags/tutorial.py
[2025-01-05T23:46:27.679+0000] {processor.py:914} INFO - Processing file /home/airflow/.local/lib/python3.12/site-packages/airflow/example_dags/tutorial.py for tasks to queue
[2025-01-05T23:46:27.681+0000] {logging_mixin.py:190} INFO - [2025-01-05T23:46:27.681+0000] {dagbag.py:588} INFO - Filling up the DagBag from /home/airflow/.local/lib/python3.12/site-packages/airflow/example_dags/tutorial.py
[2025-01-05T23:46:27.687+0000] {processor.py:925} INFO - DAG(s) 'tutorial' retrieved from /home/airflow/.local/lib/python3.12/site-packages/airflow/example_dags/tutorial.py
[2025-01-05T23:46:27.701+0000] {logging_mixin.py:190} INFO - [2025-01-05T23:46:27.701+0000] {dag.py:3239} INFO - Sync 1 DAGs
[2025-01-05T23:46:27.720+0000] {logging_mixin.py:190} INFO - [2025-01-05T23:46:27.720+0000] {dag.py:4180} INFO - Setting next_dagrun for tutorial to 2025-01-04 00:00:00+00:00, run_after=2025-01-05 00:00:00+00:00
[2025-01-05T23:46:27.734+0000] {processor.py:208} INFO - Processing /home/airflow/.local/lib/python3.12/site-packages/airflow/example_dags/tutorial.py took 0.060 seconds
[2025-01-05T23:46:58.103+0000] {processor.py:186} INFO - Started process (PID=2888) to work on /home/airflow/.local/lib/python3.12/site-packages/airflow/example_dags/tutorial.py
[2025-01-05T23:46:58.104+0000] {processor.py:914} INFO - Processing file /home/airflow/.local/lib/python3.12/site-packages/airflow/example_dags/tutorial.py for tasks to queue
[2025-01-05T23:46:58.106+0000] {logging_mixin.py:190} INFO - [2025-01-05T23:46:58.106+0000] {dagbag.py:588} INFO - Filling up the DagBag from /home/airflow/.local/lib/python3.12/site-packages/airflow/example_dags/tutorial.py
[2025-01-05T23:46:58.113+0000] {processor.py:925} INFO - DAG(s) 'tutorial' retrieved from /home/airflow/.local/lib/python3.12/site-packages/airflow/example_dags/tutorial.py
[2025-01-05T23:46:58.133+0000] {logging_mixin.py:190} INFO - [2025-01-05T23:46:58.133+0000] {dag.py:3239} INFO - Sync 1 DAGs
[2025-01-05T23:46:58.152+0000] {logging_mixin.py:190} INFO - [2025-01-05T23:46:58.151+0000] {dag.py:4180} INFO - Setting next_dagrun for tutorial to 2025-01-04 00:00:00+00:00, run_after=2025-01-05 00:00:00+00:00
[2025-01-05T23:46:58.168+0000] {processor.py:208} INFO - Processing /home/airflow/.local/lib/python3.12/site-packages/airflow/example_dags/tutorial.py took 0.070 seconds
[2025-01-05T23:47:29.066+0000] {processor.py:186} INFO - Started process (PID=3184) to work on /home/airflow/.local/lib/python3.12/site-packages/airflow/example_dags/tutorial.py
[2025-01-05T23:47:29.067+0000] {processor.py:914} INFO - Processing file /home/airflow/.local/lib/python3.12/site-packages/airflow/example_dags/tutorial.py for tasks to queue
[2025-01-05T23:47:29.070+0000] {logging_mixin.py:190} INFO - [2025-01-05T23:47:29.070+0000] {dagbag.py:588} INFO - Filling up the DagBag from /home/airflow/.local/lib/python3.12/site-packages/airflow/example_dags/tutorial.py
[2025-01-05T23:47:29.092+0000] {processor.py:925} INFO - DAG(s) 'tutorial' retrieved from /home/airflow/.local/lib/python3.12/site-packages/airflow/example_dags/tutorial.py
[2025-01-05T23:47:29.120+0000] {logging_mixin.py:190} INFO - [2025-01-05T23:47:29.120+0000] {dag.py:3239} INFO - Sync 1 DAGs
[2025-01-05T23:47:29.148+0000] {logging_mixin.py:190} INFO - [2025-01-05T23:47:29.148+0000] {dag.py:4180} INFO - Setting next_dagrun for tutorial to 2025-01-04 00:00:00+00:00, run_after=2025-01-05 00:00:00+00:00
[2025-01-05T23:47:29.167+0000] {processor.py:208} INFO - Processing /home/airflow/.local/lib/python3.12/site-packages/airflow/example_dags/tutorial.py took 0.107 seconds
[2025-01-05T23:47:59.723+0000] {processor.py:186} INFO - Started process (PID=3480) to work on /home/airflow/.local/lib/python3.12/site-packages/airflow/example_dags/tutorial.py
[2025-01-05T23:47:59.724+0000] {processor.py:914} INFO - Processing file /home/airflow/.local/lib/python3.12/site-packages/airflow/example_dags/tutorial.py for tasks to queue
[2025-01-05T23:47:59.726+0000] {logging_mixin.py:190} INFO - [2025-01-05T23:47:59.726+0000] {dagbag.py:588} INFO - Filling up the DagBag from /home/airflow/.local/lib/python3.12/site-packages/airflow/example_dags/tutorial.py
[2025-01-05T23:47:59.733+0000] {processor.py:925} INFO - DAG(s) 'tutorial' retrieved from /home/airflow/.local/lib/python3.12/site-packages/airflow/example_dags/tutorial.py
[2025-01-05T23:47:59.753+0000] {logging_mixin.py:190} INFO - [2025-01-05T23:47:59.752+0000] {dag.py:3239} INFO - Sync 1 DAGs
[2025-01-05T23:47:59.772+0000] {logging_mixin.py:190} INFO - [2025-01-05T23:47:59.771+0000] {dag.py:4180} INFO - Setting next_dagrun for tutorial to 2025-01-04 00:00:00+00:00, run_after=2025-01-05 00:00:00+00:00
[2025-01-05T23:47:59.786+0000] {processor.py:208} INFO - Processing /home/airflow/.local/lib/python3.12/site-packages/airflow/example_dags/tutorial.py took 0.069 seconds
[2025-01-05T23:48:30.433+0000] {processor.py:186} INFO - Started process (PID=3776) to work on /home/airflow/.local/lib/python3.12/site-packages/airflow/example_dags/tutorial.py
[2025-01-05T23:48:30.434+0000] {processor.py:914} INFO - Processing file /home/airflow/.local/lib/python3.12/site-packages/airflow/example_dags/tutorial.py for tasks to queue
[2025-01-05T23:48:30.436+0000] {logging_mixin.py:190} INFO - [2025-01-05T23:48:30.435+0000] {dagbag.py:588} INFO - Filling up the DagBag from /home/airflow/.local/lib/python3.12/site-packages/airflow/example_dags/tutorial.py
[2025-01-05T23:48:30.442+0000] {processor.py:925} INFO - DAG(s) 'tutorial' retrieved from /home/airflow/.local/lib/python3.12/site-packages/airflow/example_dags/tutorial.py
[2025-01-05T23:48:30.459+0000] {logging_mixin.py:190} INFO - [2025-01-05T23:48:30.459+0000] {dag.py:3239} INFO - Sync 1 DAGs
[2025-01-05T23:48:30.478+0000] {logging_mixin.py:190} INFO - [2025-01-05T23:48:30.478+0000] {dag.py:4180} INFO - Setting next_dagrun for tutorial to 2025-01-04 00:00:00+00:00, run_after=2025-01-05 00:00:00+00:00
[2025-01-05T23:48:30.495+0000] {processor.py:208} INFO - Processing /home/airflow/.local/lib/python3.12/site-packages/airflow/example_dags/tutorial.py took 0.066 seconds
[2025-01-05T23:49:01.137+0000] {processor.py:186} INFO - Started process (PID=4070) to work on /home/airflow/.local/lib/python3.12/site-packages/airflow/example_dags/tutorial.py
[2025-01-05T23:49:01.139+0000] {processor.py:914} INFO - Processing file /home/airflow/.local/lib/python3.12/site-packages/airflow/example_dags/tutorial.py for tasks to queue
[2025-01-05T23:49:01.141+0000] {logging_mixin.py:190} INFO - [2025-01-05T23:49:01.141+0000] {dagbag.py:588} INFO - Filling up the DagBag from /home/airflow/.local/lib/python3.12/site-packages/airflow/example_dags/tutorial.py
[2025-01-05T23:49:01.147+0000] {processor.py:925} INFO - DAG(s) 'tutorial' retrieved from /home/airflow/.local/lib/python3.12/site-packages/airflow/example_dags/tutorial.py
[2025-01-05T23:49:01.163+0000] {logging_mixin.py:190} INFO - [2025-01-05T23:49:01.163+0000] {dag.py:3239} INFO - Sync 1 DAGs
[2025-01-05T23:49:01.181+0000] {logging_mixin.py:190} INFO - [2025-01-05T23:49:01.181+0000] {dag.py:4180} INFO - Setting next_dagrun for tutorial to 2025-01-04 00:00:00+00:00, run_after=2025-01-05 00:00:00+00:00
[2025-01-05T23:49:01.197+0000] {processor.py:208} INFO - Processing /home/airflow/.local/lib/python3.12/site-packages/airflow/example_dags/tutorial.py took 0.065 seconds
[2025-01-05T23:49:32.039+0000] {processor.py:186} INFO - Started process (PID=4368) to work on /home/airflow/.local/lib/python3.12/site-packages/airflow/example_dags/tutorial.py
[2025-01-05T23:49:32.040+0000] {processor.py:914} INFO - Processing file /home/airflow/.local/lib/python3.12/site-packages/airflow/example_dags/tutorial.py for tasks to queue
[2025-01-05T23:49:32.042+0000] {logging_mixin.py:190} INFO - [2025-01-05T23:49:32.042+0000] {dagbag.py:588} INFO - Filling up the DagBag from /home/airflow/.local/lib/python3.12/site-packages/airflow/example_dags/tutorial.py
[2025-01-05T23:49:32.048+0000] {processor.py:925} INFO - DAG(s) 'tutorial' retrieved from /home/airflow/.local/lib/python3.12/site-packages/airflow/example_dags/tutorial.py
[2025-01-05T23:49:32.065+0000] {logging_mixin.py:190} INFO - [2025-01-05T23:49:32.065+0000] {dag.py:3239} INFO - Sync 1 DAGs
[2025-01-05T23:49:32.082+0000] {logging_mixin.py:190} INFO - [2025-01-05T23:49:32.082+0000] {dag.py:4180} INFO - Setting next_dagrun for tutorial to 2025-01-04 00:00:00+00:00, run_after=2025-01-05 00:00:00+00:00
[2025-01-05T23:49:32.101+0000] {processor.py:208} INFO - Processing /home/airflow/.local/lib/python3.12/site-packages/airflow/example_dags/tutorial.py took 0.067 seconds
[2025-01-05T23:50:02.787+0000] {processor.py:186} INFO - Started process (PID=4662) to work on /home/airflow/.local/lib/python3.12/site-packages/airflow/example_dags/tutorial.py
[2025-01-05T23:50:02.788+0000] {processor.py:914} INFO - Processing file /home/airflow/.local/lib/python3.12/site-packages/airflow/example_dags/tutorial.py for tasks to queue
[2025-01-05T23:50:02.790+0000] {logging_mixin.py:190} INFO - [2025-01-05T23:50:02.790+0000] {dagbag.py:588} INFO - Filling up the DagBag from /home/airflow/.local/lib/python3.12/site-packages/airflow/example_dags/tutorial.py
[2025-01-05T23:50:02.797+0000] {processor.py:925} INFO - DAG(s) 'tutorial' retrieved from /home/airflow/.local/lib/python3.12/site-packages/airflow/example_dags/tutorial.py
[2025-01-05T23:50:02.813+0000] {logging_mixin.py:190} INFO - [2025-01-05T23:50:02.812+0000] {dag.py:3239} INFO - Sync 1 DAGs
[2025-01-05T23:50:02.830+0000] {logging_mixin.py:190} INFO - [2025-01-05T23:50:02.830+0000] {dag.py:4180} INFO - Setting next_dagrun for tutorial to 2025-01-04 00:00:00+00:00, run_after=2025-01-05 00:00:00+00:00
[2025-01-05T23:50:02.847+0000] {processor.py:208} INFO - Processing /home/airflow/.local/lib/python3.12/site-packages/airflow/example_dags/tutorial.py took 0.067 seconds
[2025-01-05T23:50:33.853+0000] {processor.py:186} INFO - Started process (PID=4960) to work on /home/airflow/.local/lib/python3.12/site-packages/airflow/example_dags/tutorial.py
[2025-01-05T23:50:33.854+0000] {processor.py:914} INFO - Processing file /home/airflow/.local/lib/python3.12/site-packages/airflow/example_dags/tutorial.py for tasks to queue
[2025-01-05T23:50:33.856+0000] {logging_mixin.py:190} INFO - [2025-01-05T23:50:33.856+0000] {dagbag.py:588} INFO - Filling up the DagBag from /home/airflow/.local/lib/python3.12/site-packages/airflow/example_dags/tutorial.py
[2025-01-05T23:50:33.862+0000] {processor.py:925} INFO - DAG(s) 'tutorial' retrieved from /home/airflow/.local/lib/python3.12/site-packages/airflow/example_dags/tutorial.py
[2025-01-05T23:50:33.879+0000] {logging_mixin.py:190} INFO - [2025-01-05T23:50:33.879+0000] {dag.py:3239} INFO - Sync 1 DAGs
[2025-01-05T23:50:33.896+0000] {logging_mixin.py:190} INFO - [2025-01-05T23:50:33.896+0000] {dag.py:4180} INFO - Setting next_dagrun for tutorial to 2025-01-04 00:00:00+00:00, run_after=2025-01-05 00:00:00+00:00
[2025-01-05T23:50:33.914+0000] {processor.py:208} INFO - Processing /home/airflow/.local/lib/python3.12/site-packages/airflow/example_dags/tutorial.py took 0.065 seconds
[2025-01-05T23:51:04.729+0000] {processor.py:186} INFO - Started process (PID=5256) to work on /home/airflow/.local/lib/python3.12/site-packages/airflow/example_dags/tutorial.py
[2025-01-05T23:51:04.729+0000] {processor.py:914} INFO - Processing file /home/airflow/.local/lib/python3.12/site-packages/airflow/example_dags/tutorial.py for tasks to queue
[2025-01-05T23:51:04.731+0000] {logging_mixin.py:190} INFO - [2025-01-05T23:51:04.731+0000] {dagbag.py:588} INFO - Filling up the DagBag from /home/airflow/.local/lib/python3.12/site-packages/airflow/example_dags/tutorial.py
[2025-01-05T23:51:04.737+0000] {processor.py:925} INFO - DAG(s) 'tutorial' retrieved from /home/airflow/.local/lib/python3.12/site-packages/airflow/example_dags/tutorial.py
[2025-01-05T23:51:04.754+0000] {logging_mixin.py:190} INFO - [2025-01-05T23:51:04.754+0000] {dag.py:3239} INFO - Sync 1 DAGs
[2025-01-05T23:51:04.770+0000] {logging_mixin.py:190} INFO - [2025-01-05T23:51:04.770+0000] {dag.py:4180} INFO - Setting next_dagrun for tutorial to 2025-01-04 00:00:00+00:00, run_after=2025-01-05 00:00:00+00:00
[2025-01-05T23:51:04.791+0000] {processor.py:208} INFO - Processing /home/airflow/.local/lib/python3.12/site-packages/airflow/example_dags/tutorial.py took 0.067 seconds
[2025-01-05T23:51:35.842+0000] {processor.py:186} INFO - Started process (PID=5552) to work on /home/airflow/.local/lib/python3.12/site-packages/airflow/example_dags/tutorial.py
[2025-01-05T23:51:35.843+0000] {processor.py:914} INFO - Processing file /home/airflow/.local/lib/python3.12/site-packages/airflow/example_dags/tutorial.py for tasks to queue
[2025-01-05T23:51:35.845+0000] {logging_mixin.py:190} INFO - [2025-01-05T23:51:35.845+0000] {dagbag.py:588} INFO - Filling up the DagBag from /home/airflow/.local/lib/python3.12/site-packages/airflow/example_dags/tutorial.py
[2025-01-05T23:51:35.851+0000] {processor.py:925} INFO - DAG(s) 'tutorial' retrieved from /home/airflow/.local/lib/python3.12/site-packages/airflow/example_dags/tutorial.py
[2025-01-05T23:51:35.867+0000] {logging_mixin.py:190} INFO - [2025-01-05T23:51:35.867+0000] {dag.py:3239} INFO - Sync 1 DAGs
[2025-01-05T23:51:35.885+0000] {logging_mixin.py:190} INFO - [2025-01-05T23:51:35.884+0000] {dag.py:4180} INFO - Setting next_dagrun for tutorial to 2025-01-04 00:00:00+00:00, run_after=2025-01-05 00:00:00+00:00
[2025-01-05T23:51:35.903+0000] {processor.py:208} INFO - Processing /home/airflow/.local/lib/python3.12/site-packages/airflow/example_dags/tutorial.py took 0.066 seconds
[2025-01-05T23:52:06.659+0000] {processor.py:186} INFO - Started process (PID=5848) to work on /home/airflow/.local/lib/python3.12/site-packages/airflow/example_dags/tutorial.py
[2025-01-05T23:52:06.661+0000] {processor.py:914} INFO - Processing file /home/airflow/.local/lib/python3.12/site-packages/airflow/example_dags/tutorial.py for tasks to queue
[2025-01-05T23:52:06.663+0000] {logging_mixin.py:190} INFO - [2025-01-05T23:52:06.663+0000] {dagbag.py:588} INFO - Filling up the DagBag from /home/airflow/.local/lib/python3.12/site-packages/airflow/example_dags/tutorial.py
[2025-01-05T23:52:06.670+0000] {processor.py:925} INFO - DAG(s) 'tutorial' retrieved from /home/airflow/.local/lib/python3.12/site-packages/airflow/example_dags/tutorial.py
[2025-01-05T23:52:06.689+0000] {logging_mixin.py:190} INFO - [2025-01-05T23:52:06.689+0000] {dag.py:3239} INFO - Sync 1 DAGs
[2025-01-05T23:52:06.711+0000] {logging_mixin.py:190} INFO - [2025-01-05T23:52:06.711+0000] {dag.py:4180} INFO - Setting next_dagrun for tutorial to 2025-01-04 00:00:00+00:00, run_after=2025-01-05 00:00:00+00:00
[2025-01-05T23:52:06.735+0000] {processor.py:208} INFO - Processing /home/airflow/.local/lib/python3.12/site-packages/airflow/example_dags/tutorial.py took 0.083 seconds
[2025-01-05T23:52:37.644+0000] {processor.py:186} INFO - Started process (PID=6144) to work on /home/airflow/.local/lib/python3.12/site-packages/airflow/example_dags/tutorial.py
[2025-01-05T23:52:37.645+0000] {processor.py:914} INFO - Processing file /home/airflow/.local/lib/python3.12/site-packages/airflow/example_dags/tutorial.py for tasks to queue
[2025-01-05T23:52:37.648+0000] {logging_mixin.py:190} INFO - [2025-01-05T23:52:37.647+0000] {dagbag.py:588} INFO - Filling up the DagBag from /home/airflow/.local/lib/python3.12/site-packages/airflow/example_dags/tutorial.py
[2025-01-05T23:52:37.654+0000] {processor.py:925} INFO - DAG(s) 'tutorial' retrieved from /home/airflow/.local/lib/python3.12/site-packages/airflow/example_dags/tutorial.py
[2025-01-05T23:52:37.670+0000] {logging_mixin.py:190} INFO - [2025-01-05T23:52:37.670+0000] {dag.py:3239} INFO - Sync 1 DAGs
[2025-01-05T23:52:37.688+0000] {logging_mixin.py:190} INFO - [2025-01-05T23:52:37.688+0000] {dag.py:4180} INFO - Setting next_dagrun for tutorial to 2025-01-04 00:00:00+00:00, run_after=2025-01-05 00:00:00+00:00
[2025-01-05T23:52:37.708+0000] {processor.py:208} INFO - Processing /home/airflow/.local/lib/python3.12/site-packages/airflow/example_dags/tutorial.py took 0.068 seconds
[2025-01-05T23:53:08.490+0000] {processor.py:186} INFO - Started process (PID=6440) to work on /home/airflow/.local/lib/python3.12/site-packages/airflow/example_dags/tutorial.py
[2025-01-05T23:53:08.491+0000] {processor.py:914} INFO - Processing file /home/airflow/.local/lib/python3.12/site-packages/airflow/example_dags/tutorial.py for tasks to queue
[2025-01-05T23:53:08.493+0000] {logging_mixin.py:190} INFO - [2025-01-05T23:53:08.493+0000] {dagbag.py:588} INFO - Filling up the DagBag from /home/airflow/.local/lib/python3.12/site-packages/airflow/example_dags/tutorial.py
[2025-01-05T23:53:08.499+0000] {processor.py:925} INFO - DAG(s) 'tutorial' retrieved from /home/airflow/.local/lib/python3.12/site-packages/airflow/example_dags/tutorial.py
[2025-01-05T23:53:08.516+0000] {logging_mixin.py:190} INFO - [2025-01-05T23:53:08.516+0000] {dag.py:3239} INFO - Sync 1 DAGs
[2025-01-05T23:53:08.533+0000] {logging_mixin.py:190} INFO - [2025-01-05T23:53:08.533+0000] {dag.py:4180} INFO - Setting next_dagrun for tutorial to 2025-01-04 00:00:00+00:00, run_after=2025-01-05 00:00:00+00:00
[2025-01-05T23:53:08.553+0000] {processor.py:208} INFO - Processing /home/airflow/.local/lib/python3.12/site-packages/airflow/example_dags/tutorial.py took 0.067 seconds
[2025-01-05T23:53:39.356+0000] {processor.py:186} INFO - Started process (PID=6734) to work on /home/airflow/.local/lib/python3.12/site-packages/airflow/example_dags/tutorial.py
[2025-01-05T23:53:39.357+0000] {processor.py:914} INFO - Processing file /home/airflow/.local/lib/python3.12/site-packages/airflow/example_dags/tutorial.py for tasks to queue
[2025-01-05T23:53:39.359+0000] {logging_mixin.py:190} INFO - [2025-01-05T23:53:39.359+0000] {dagbag.py:588} INFO - Filling up the DagBag from /home/airflow/.local/lib/python3.12/site-packages/airflow/example_dags/tutorial.py
[2025-01-05T23:53:39.370+0000] {processor.py:925} INFO - DAG(s) 'tutorial' retrieved from /home/airflow/.local/lib/python3.12/site-packages/airflow/example_dags/tutorial.py
[2025-01-05T23:53:39.390+0000] {logging_mixin.py:190} INFO - [2025-01-05T23:53:39.389+0000] {dag.py:3239} INFO - Sync 1 DAGs
[2025-01-05T23:53:39.410+0000] {logging_mixin.py:190} INFO - [2025-01-05T23:53:39.410+0000] {dag.py:4180} INFO - Setting next_dagrun for tutorial to 2025-01-04 00:00:00+00:00, run_after=2025-01-05 00:00:00+00:00
[2025-01-05T23:53:39.428+0000] {processor.py:208} INFO - Processing /home/airflow/.local/lib/python3.12/site-packages/airflow/example_dags/tutorial.py took 0.089 seconds
[2025-01-05T23:54:10.038+0000] {processor.py:186} INFO - Started process (PID=7032) to work on /home/airflow/.local/lib/python3.12/site-packages/airflow/example_dags/tutorial.py
[2025-01-05T23:54:10.039+0000] {processor.py:914} INFO - Processing file /home/airflow/.local/lib/python3.12/site-packages/airflow/example_dags/tutorial.py for tasks to queue
[2025-01-05T23:54:10.041+0000] {logging_mixin.py:190} INFO - [2025-01-05T23:54:10.041+0000] {dagbag.py:588} INFO - Filling up the DagBag from /home/airflow/.local/lib/python3.12/site-packages/airflow/example_dags/tutorial.py
[2025-01-05T23:54:10.048+0000] {processor.py:925} INFO - DAG(s) 'tutorial' retrieved from /home/airflow/.local/lib/python3.12/site-packages/airflow/example_dags/tutorial.py
[2025-01-05T23:54:10.066+0000] {logging_mixin.py:190} INFO - [2025-01-05T23:54:10.065+0000] {dag.py:3239} INFO - Sync 1 DAGs
[2025-01-05T23:54:10.084+0000] {logging_mixin.py:190} INFO - [2025-01-05T23:54:10.083+0000] {dag.py:4180} INFO - Setting next_dagrun for tutorial to 2025-01-04 00:00:00+00:00, run_after=2025-01-05 00:00:00+00:00
[2025-01-05T23:54:10.101+0000] {processor.py:208} INFO - Processing /home/airflow/.local/lib/python3.12/site-packages/airflow/example_dags/tutorial.py took 0.067 seconds
[2025-01-05T23:54:40.943+0000] {processor.py:186} INFO - Started process (PID=7326) to work on /home/airflow/.local/lib/python3.12/site-packages/airflow/example_dags/tutorial.py
[2025-01-05T23:54:40.944+0000] {processor.py:914} INFO - Processing file /home/airflow/.local/lib/python3.12/site-packages/airflow/example_dags/tutorial.py for tasks to queue
[2025-01-05T23:54:40.946+0000] {logging_mixin.py:190} INFO - [2025-01-05T23:54:40.946+0000] {dagbag.py:588} INFO - Filling up the DagBag from /home/airflow/.local/lib/python3.12/site-packages/airflow/example_dags/tutorial.py
[2025-01-05T23:54:40.952+0000] {processor.py:925} INFO - DAG(s) 'tutorial' retrieved from /home/airflow/.local/lib/python3.12/site-packages/airflow/example_dags/tutorial.py
[2025-01-05T23:54:40.968+0000] {logging_mixin.py:190} INFO - [2025-01-05T23:54:40.968+0000] {dag.py:3239} INFO - Sync 1 DAGs
[2025-01-05T23:54:40.986+0000] {logging_mixin.py:190} INFO - [2025-01-05T23:54:40.986+0000] {dag.py:4180} INFO - Setting next_dagrun for tutorial to 2025-01-04 00:00:00+00:00, run_after=2025-01-05 00:00:00+00:00
[2025-01-05T23:54:41.003+0000] {processor.py:208} INFO - Processing /home/airflow/.local/lib/python3.12/site-packages/airflow/example_dags/tutorial.py took 0.064 seconds
[2025-01-05T23:55:11.839+0000] {processor.py:186} INFO - Started process (PID=7624) to work on /home/airflow/.local/lib/python3.12/site-packages/airflow/example_dags/tutorial.py
[2025-01-05T23:55:11.840+0000] {processor.py:914} INFO - Processing file /home/airflow/.local/lib/python3.12/site-packages/airflow/example_dags/tutorial.py for tasks to queue
[2025-01-05T23:55:11.843+0000] {logging_mixin.py:190} INFO - [2025-01-05T23:55:11.843+0000] {dagbag.py:588} INFO - Filling up the DagBag from /home/airflow/.local/lib/python3.12/site-packages/airflow/example_dags/tutorial.py
[2025-01-05T23:55:11.849+0000] {processor.py:925} INFO - DAG(s) 'tutorial' retrieved from /home/airflow/.local/lib/python3.12/site-packages/airflow/example_dags/tutorial.py
[2025-01-05T23:55:11.864+0000] {logging_mixin.py:190} INFO - [2025-01-05T23:55:11.864+0000] {dag.py:3239} INFO - Sync 1 DAGs
[2025-01-05T23:55:11.882+0000] {logging_mixin.py:190} INFO - [2025-01-05T23:55:11.882+0000] {dag.py:4180} INFO - Setting next_dagrun for tutorial to 2025-01-04 00:00:00+00:00, run_after=2025-01-05 00:00:00+00:00
[2025-01-05T23:55:11.902+0000] {processor.py:208} INFO - Processing /home/airflow/.local/lib/python3.12/site-packages/airflow/example_dags/tutorial.py took 0.067 seconds
[2025-01-05T23:55:42.920+0000] {processor.py:186} INFO - Started process (PID=7918) to work on /home/airflow/.local/lib/python3.12/site-packages/airflow/example_dags/tutorial.py
[2025-01-05T23:55:42.921+0000] {processor.py:914} INFO - Processing file /home/airflow/.local/lib/python3.12/site-packages/airflow/example_dags/tutorial.py for tasks to queue
[2025-01-05T23:55:42.922+0000] {logging_mixin.py:190} INFO - [2025-01-05T23:55:42.922+0000] {dagbag.py:588} INFO - Filling up the DagBag from /home/airflow/.local/lib/python3.12/site-packages/airflow/example_dags/tutorial.py
[2025-01-05T23:55:42.929+0000] {processor.py:925} INFO - DAG(s) 'tutorial' retrieved from /home/airflow/.local/lib/python3.12/site-packages/airflow/example_dags/tutorial.py
[2025-01-05T23:55:42.944+0000] {logging_mixin.py:190} INFO - [2025-01-05T23:55:42.943+0000] {dag.py:3239} INFO - Sync 1 DAGs
[2025-01-05T23:55:42.962+0000] {logging_mixin.py:190} INFO - [2025-01-05T23:55:42.962+0000] {dag.py:4180} INFO - Setting next_dagrun for tutorial to 2025-01-04 00:00:00+00:00, run_after=2025-01-05 00:00:00+00:00
[2025-01-05T23:55:42.980+0000] {processor.py:208} INFO - Processing /home/airflow/.local/lib/python3.12/site-packages/airflow/example_dags/tutorial.py took 0.065 seconds
[2025-01-05T23:56:14.027+0000] {processor.py:186} INFO - Started process (PID=8216) to work on /home/airflow/.local/lib/python3.12/site-packages/airflow/example_dags/tutorial.py
[2025-01-05T23:56:14.027+0000] {processor.py:914} INFO - Processing file /home/airflow/.local/lib/python3.12/site-packages/airflow/example_dags/tutorial.py for tasks to queue
[2025-01-05T23:56:14.029+0000] {logging_mixin.py:190} INFO - [2025-01-05T23:56:14.029+0000] {dagbag.py:588} INFO - Filling up the DagBag from /home/airflow/.local/lib/python3.12/site-packages/airflow/example_dags/tutorial.py
[2025-01-05T23:56:14.036+0000] {processor.py:925} INFO - DAG(s) 'tutorial' retrieved from /home/airflow/.local/lib/python3.12/site-packages/airflow/example_dags/tutorial.py
[2025-01-05T23:56:14.051+0000] {logging_mixin.py:190} INFO - [2025-01-05T23:56:14.050+0000] {dag.py:3239} INFO - Sync 1 DAGs
[2025-01-05T23:56:14.067+0000] {logging_mixin.py:190} INFO - [2025-01-05T23:56:14.067+0000] {dag.py:4180} INFO - Setting next_dagrun for tutorial to 2025-01-04 00:00:00+00:00, run_after=2025-01-05 00:00:00+00:00
[2025-01-05T23:56:14.088+0000] {processor.py:208} INFO - Processing /home/airflow/.local/lib/python3.12/site-packages/airflow/example_dags/tutorial.py took 0.066 seconds
[2025-01-05T23:56:44.638+0000] {processor.py:186} INFO - Started process (PID=8512) to work on /home/airflow/.local/lib/python3.12/site-packages/airflow/example_dags/tutorial.py
[2025-01-05T23:56:44.639+0000] {processor.py:914} INFO - Processing file /home/airflow/.local/lib/python3.12/site-packages/airflow/example_dags/tutorial.py for tasks to queue
[2025-01-05T23:56:44.640+0000] {logging_mixin.py:190} INFO - [2025-01-05T23:56:44.640+0000] {dagbag.py:588} INFO - Filling up the DagBag from /home/airflow/.local/lib/python3.12/site-packages/airflow/example_dags/tutorial.py
[2025-01-05T23:56:44.646+0000] {processor.py:925} INFO - DAG(s) 'tutorial' retrieved from /home/airflow/.local/lib/python3.12/site-packages/airflow/example_dags/tutorial.py
[2025-01-05T23:56:44.662+0000] {logging_mixin.py:190} INFO - [2025-01-05T23:56:44.662+0000] {dag.py:3239} INFO - Sync 1 DAGs
[2025-01-05T23:56:44.679+0000] {logging_mixin.py:190} INFO - [2025-01-05T23:56:44.679+0000] {dag.py:4180} INFO - Setting next_dagrun for tutorial to 2025-01-04 00:00:00+00:00, run_after=2025-01-05 00:00:00+00:00
[2025-01-05T23:56:44.696+0000] {processor.py:208} INFO - Processing /home/airflow/.local/lib/python3.12/site-packages/airflow/example_dags/tutorial.py took 0.063 seconds
[2025-01-05T23:57:15.547+0000] {processor.py:186} INFO - Started process (PID=8808) to work on /home/airflow/.local/lib/python3.12/site-packages/airflow/example_dags/tutorial.py
[2025-01-05T23:57:15.547+0000] {processor.py:914} INFO - Processing file /home/airflow/.local/lib/python3.12/site-packages/airflow/example_dags/tutorial.py for tasks to queue
[2025-01-05T23:57:15.549+0000] {logging_mixin.py:190} INFO - [2025-01-05T23:57:15.549+0000] {dagbag.py:588} INFO - Filling up the DagBag from /home/airflow/.local/lib/python3.12/site-packages/airflow/example_dags/tutorial.py
[2025-01-05T23:57:15.557+0000] {processor.py:925} INFO - DAG(s) 'tutorial' retrieved from /home/airflow/.local/lib/python3.12/site-packages/airflow/example_dags/tutorial.py
[2025-01-05T23:57:15.576+0000] {logging_mixin.py:190} INFO - [2025-01-05T23:57:15.576+0000] {dag.py:3239} INFO - Sync 1 DAGs
[2025-01-05T23:57:15.598+0000] {logging_mixin.py:190} INFO - [2025-01-05T23:57:15.598+0000] {dag.py:4180} INFO - Setting next_dagrun for tutorial to 2025-01-04 00:00:00+00:00, run_after=2025-01-05 00:00:00+00:00
[2025-01-05T23:57:15.621+0000] {processor.py:208} INFO - Processing /home/airflow/.local/lib/python3.12/site-packages/airflow/example_dags/tutorial.py took 0.079 seconds
[2025-01-05T23:57:46.264+0000] {processor.py:186} INFO - Started process (PID=9104) to work on /home/airflow/.local/lib/python3.12/site-packages/airflow/example_dags/tutorial.py
[2025-01-05T23:57:46.265+0000] {processor.py:914} INFO - Processing file /home/airflow/.local/lib/python3.12/site-packages/airflow/example_dags/tutorial.py for tasks to queue
[2025-01-05T23:57:46.267+0000] {logging_mixin.py:190} INFO - [2025-01-05T23:57:46.267+0000] {dagbag.py:588} INFO - Filling up the DagBag from /home/airflow/.local/lib/python3.12/site-packages/airflow/example_dags/tutorial.py
[2025-01-05T23:57:46.273+0000] {processor.py:925} INFO - DAG(s) 'tutorial' retrieved from /home/airflow/.local/lib/python3.12/site-packages/airflow/example_dags/tutorial.py
[2025-01-05T23:57:46.288+0000] {logging_mixin.py:190} INFO - [2025-01-05T23:57:46.288+0000] {dag.py:3239} INFO - Sync 1 DAGs
[2025-01-05T23:57:46.305+0000] {logging_mixin.py:190} INFO - [2025-01-05T23:57:46.305+0000] {dag.py:4180} INFO - Setting next_dagrun for tutorial to 2025-01-04 00:00:00+00:00, run_after=2025-01-05 00:00:00+00:00
[2025-01-05T23:57:46.325+0000] {processor.py:208} INFO - Processing /home/airflow/.local/lib/python3.12/site-packages/airflow/example_dags/tutorial.py took 0.066 seconds
[2025-01-05T23:58:16.927+0000] {processor.py:186} INFO - Started process (PID=9400) to work on /home/airflow/.local/lib/python3.12/site-packages/airflow/example_dags/tutorial.py
[2025-01-05T23:58:16.928+0000] {processor.py:914} INFO - Processing file /home/airflow/.local/lib/python3.12/site-packages/airflow/example_dags/tutorial.py for tasks to queue
[2025-01-05T23:58:16.930+0000] {logging_mixin.py:190} INFO - [2025-01-05T23:58:16.930+0000] {dagbag.py:588} INFO - Filling up the DagBag from /home/airflow/.local/lib/python3.12/site-packages/airflow/example_dags/tutorial.py
[2025-01-05T23:58:16.939+0000] {processor.py:925} INFO - DAG(s) 'tutorial' retrieved from /home/airflow/.local/lib/python3.12/site-packages/airflow/example_dags/tutorial.py
[2025-01-05T23:58:16.960+0000] {logging_mixin.py:190} INFO - [2025-01-05T23:58:16.960+0000] {dag.py:3239} INFO - Sync 1 DAGs
[2025-01-05T23:58:16.985+0000] {logging_mixin.py:190} INFO - [2025-01-05T23:58:16.985+0000] {dag.py:4180} INFO - Setting next_dagrun for tutorial to 2025-01-04 00:00:00+00:00, run_after=2025-01-05 00:00:00+00:00
[2025-01-05T23:58:17.011+0000] {processor.py:208} INFO - Processing /home/airflow/.local/lib/python3.12/site-packages/airflow/example_dags/tutorial.py took 0.091 seconds
[2025-01-05T23:58:47.537+0000] {processor.py:186} INFO - Started process (PID=9696) to work on /home/airflow/.local/lib/python3.12/site-packages/airflow/example_dags/tutorial.py
[2025-01-05T23:58:47.538+0000] {processor.py:914} INFO - Processing file /home/airflow/.local/lib/python3.12/site-packages/airflow/example_dags/tutorial.py for tasks to queue
[2025-01-05T23:58:47.540+0000] {logging_mixin.py:190} INFO - [2025-01-05T23:58:47.540+0000] {dagbag.py:588} INFO - Filling up the DagBag from /home/airflow/.local/lib/python3.12/site-packages/airflow/example_dags/tutorial.py
[2025-01-05T23:58:47.546+0000] {processor.py:925} INFO - DAG(s) 'tutorial' retrieved from /home/airflow/.local/lib/python3.12/site-packages/airflow/example_dags/tutorial.py
[2025-01-05T23:58:47.562+0000] {logging_mixin.py:190} INFO - [2025-01-05T23:58:47.562+0000] {dag.py:3239} INFO - Sync 1 DAGs
[2025-01-05T23:58:47.583+0000] {logging_mixin.py:190} INFO - [2025-01-05T23:58:47.583+0000] {dag.py:4180} INFO - Setting next_dagrun for tutorial to 2025-01-04 00:00:00+00:00, run_after=2025-01-05 00:00:00+00:00
[2025-01-05T23:58:47.606+0000] {processor.py:208} INFO - Processing /home/airflow/.local/lib/python3.12/site-packages/airflow/example_dags/tutorial.py took 0.073 seconds
[2025-01-05T23:59:18.277+0000] {processor.py:186} INFO - Started process (PID=9992) to work on /home/airflow/.local/lib/python3.12/site-packages/airflow/example_dags/tutorial.py
[2025-01-05T23:59:18.278+0000] {processor.py:914} INFO - Processing file /home/airflow/.local/lib/python3.12/site-packages/airflow/example_dags/tutorial.py for tasks to queue
[2025-01-05T23:59:18.280+0000] {logging_mixin.py:190} INFO - [2025-01-05T23:59:18.279+0000] {dagbag.py:588} INFO - Filling up the DagBag from /home/airflow/.local/lib/python3.12/site-packages/airflow/example_dags/tutorial.py
[2025-01-05T23:59:18.286+0000] {processor.py:925} INFO - DAG(s) 'tutorial' retrieved from /home/airflow/.local/lib/python3.12/site-packages/airflow/example_dags/tutorial.py
[2025-01-05T23:59:18.302+0000] {logging_mixin.py:190} INFO - [2025-01-05T23:59:18.301+0000] {dag.py:3239} INFO - Sync 1 DAGs
[2025-01-05T23:59:18.319+0000] {logging_mixin.py:190} INFO - [2025-01-05T23:59:18.318+0000] {dag.py:4180} INFO - Setting next_dagrun for tutorial to 2025-01-04 00:00:00+00:00, run_after=2025-01-05 00:00:00+00:00
[2025-01-05T23:59:18.335+0000] {processor.py:208} INFO - Processing /home/airflow/.local/lib/python3.12/site-packages/airflow/example_dags/tutorial.py took 0.062 seconds
[2025-01-05T23:59:49.086+0000] {processor.py:186} INFO - Started process (PID=10289) to work on /home/airflow/.local/lib/python3.12/site-packages/airflow/example_dags/tutorial.py
[2025-01-05T23:59:49.088+0000] {processor.py:914} INFO - Processing file /home/airflow/.local/lib/python3.12/site-packages/airflow/example_dags/tutorial.py for tasks to queue
[2025-01-05T23:59:49.090+0000] {logging_mixin.py:190} INFO - [2025-01-05T23:59:49.090+0000] {dagbag.py:588} INFO - Filling up the DagBag from /home/airflow/.local/lib/python3.12/site-packages/airflow/example_dags/tutorial.py
[2025-01-05T23:59:49.098+0000] {processor.py:925} INFO - DAG(s) 'tutorial' retrieved from /home/airflow/.local/lib/python3.12/site-packages/airflow/example_dags/tutorial.py
[2025-01-05T23:59:49.115+0000] {logging_mixin.py:190} INFO - [2025-01-05T23:59:49.115+0000] {dag.py:3239} INFO - Sync 1 DAGs
[2025-01-05T23:59:49.133+0000] {logging_mixin.py:190} INFO - [2025-01-05T23:59:49.133+0000] {dag.py:4180} INFO - Setting next_dagrun for tutorial to 2025-01-04 00:00:00+00:00, run_after=2025-01-05 00:00:00+00:00
[2025-01-05T23:59:49.153+0000] {processor.py:208} INFO - Processing /home/airflow/.local/lib/python3.12/site-packages/airflow/example_dags/tutorial.py took 0.073 seconds
