[2024-12-06T05:04:05.084+0000] {local_task_job_runner.py:123} INFO - ::group::Pre task execution logs
[2024-12-06T05:04:05.295+0000] {taskinstance.py:2613} INFO - Dependencies all met for dep_context=non-requeueable deps ti=<TaskInstance: dag_with_postgres_operator_v02.create_noncurr_table manual__2024-12-06T04:56:43.927065+00:00 [queued]>
[2024-12-06T05:04:05.311+0000] {taskinstance.py:2613} INFO - Dependencies all met for dep_context=requeueable deps ti=<TaskInstance: dag_with_postgres_operator_v02.create_noncurr_table manual__2024-12-06T04:56:43.927065+00:00 [queued]>
[2024-12-06T05:04:05.313+0000] {taskinstance.py:2866} INFO - Starting attempt 1 of 6
[2024-12-06T05:04:05.345+0000] {taskinstance.py:2889} INFO - Executing <Task(PostgresOperator): create_noncurr_table> on 2024-12-06 04:56:43.927065+00:00
[2024-12-06T05:04:05.364+0000] {standard_task_runner.py:104} INFO - Running: ['***', 'tasks', 'run', 'dag_with_postgres_operator_v02', 'create_noncurr_table', 'manual__2024-12-06T04:56:43.927065+00:00', '--job-id', '603', '--raw', '--subdir', 'DAGS_FOLDER/dag.py', '--cfg-path', '/tmp/tmpbbbuoilz']
[2024-12-06T05:04:05.368+0000] {standard_task_runner.py:105} INFO - Job 603: Subtask create_noncurr_table
[2024-12-06T05:04:05.361+0000] {warnings.py:112} WARNING - /home/***/.local/lib/python3.12/site-packages/***/task/task_runner/standard_task_runner.py:70: DeprecationWarning: This process (pid=2661) is multi-threaded, use of fork() may lead to deadlocks in the child.
  pid = os.fork()

[2024-12-06T05:04:05.371+0000] {standard_task_runner.py:72} INFO - Started process 2667 to run task
[2024-12-06T05:04:05.490+0000] {task_command.py:467} INFO - Running <TaskInstance: dag_with_postgres_operator_v02.create_noncurr_table manual__2024-12-06T04:56:43.927065+00:00 [running]> on host 9ed27289a118
[2024-12-06T05:04:05.615+0000] {taskinstance.py:3132} INFO - Exporting env vars: AIRFLOW_CTX_DAG_OWNER='coder2j' AIRFLOW_CTX_DAG_ID='dag_with_postgres_operator_v02' AIRFLOW_CTX_TASK_ID='create_noncurr_table' AIRFLOW_CTX_EXECUTION_DATE='2024-12-06T04:56:43.927065+00:00' AIRFLOW_CTX_TRY_NUMBER='1' AIRFLOW_CTX_DAG_RUN_ID='manual__2024-12-06T04:56:43.927065+00:00'
[2024-12-06T05:04:05.617+0000] {logging_mixin.py:190} INFO - Task instance is in running state
[2024-12-06T05:04:05.618+0000] {logging_mixin.py:190} INFO -  Previous state of the Task instance: queued
[2024-12-06T05:04:05.619+0000] {logging_mixin.py:190} INFO - Current task name:create_noncurr_table state:running start_date:2024-12-06 05:04:05.297523+00:00
[2024-12-06T05:04:05.619+0000] {logging_mixin.py:190} INFO - Dag name:dag_with_postgres_operator_v02 and current dag run status:running
[2024-12-06T05:04:05.620+0000] {taskinstance.py:731} INFO - ::endgroup::
[2024-12-06T05:04:05.621+0000] {sql.py:278} INFO - Executing: 
            CREATE TABLE IF NOT EXISTS NonCurr (
                PPE DECIMAL PRIMARY KEY,
                Intangibles DECIMAL NOT NULL,
                Investments DECIMAL NOT NULL,
                OtherNonCurrentAssets DECIMAL NOT NULL,
                Company VARCHAR(255) NOT NULL
            );
        
[2024-12-06T05:04:05.632+0000] {base.py:84} INFO - Retrieving connection 'postgres_localhost'
[2024-12-06T05:04:05.645+0000] {base.py:84} INFO - Retrieving connection 'postgres_localhost'
[2024-12-06T05:04:05.652+0000] {sql.py:544} INFO - Running statement: 
            CREATE TABLE IF NOT EXISTS NonCurr (
                PPE DECIMAL PRIMARY KEY,
                Intangibles DECIMAL NOT NULL,
                Investments DECIMAL NOT NULL,
                OtherNonCurrentAssets DECIMAL NOT NULL,
                Company VARCHAR(255) NOT NULL
            );
        , parameters: None
[2024-12-06T05:04:05.681+0000] {taskinstance.py:340} INFO - ::group::Post task execution logs
[2024-12-06T05:04:05.682+0000] {taskinstance.py:352} INFO - Marking task as SUCCESS. dag_id=dag_with_postgres_operator_v02, task_id=create_noncurr_table, run_id=manual__2024-12-06T04:56:43.927065+00:00, execution_date=20241206T045643, start_date=20241206T050405, end_date=20241206T050405
[2024-12-06T05:04:05.699+0000] {logging_mixin.py:190} INFO - Task instance in success state
[2024-12-06T05:04:05.703+0000] {logging_mixin.py:190} INFO -  Previous state of the Task instance: running
[2024-12-06T05:04:05.704+0000] {logging_mixin.py:190} INFO - Dag name:dag_with_postgres_operator_v02 queued_at:2024-12-06 04:56:44.175593+00:00
[2024-12-06T05:04:05.705+0000] {logging_mixin.py:190} INFO - Task hostname:9ed27289a118 operator:PostgresOperator
[2024-12-06T05:04:05.749+0000] {local_task_job_runner.py:266} INFO - Task exited with return code 0
[2024-12-06T05:04:05.797+0000] {taskinstance.py:3895} INFO - 1 downstream tasks scheduled from follow-on schedule check
[2024-12-06T05:04:05.800+0000] {local_task_job_runner.py:245} INFO - ::endgroup::
