[2024-12-06T05:03:42.627+0000] {local_task_job_runner.py:123} INFO - ::group::Pre task execution logs
[2024-12-06T05:03:42.766+0000] {taskinstance.py:2613} INFO - Dependencies all met for dep_context=non-requeueable deps ti=<TaskInstance: dag_with_postgres_operator_v02.create_prices_table manual__2024-12-06T04:56:43.927065+00:00 [queued]>
[2024-12-06T05:03:42.805+0000] {taskinstance.py:2613} INFO - Dependencies all met for dep_context=requeueable deps ti=<TaskInstance: dag_with_postgres_operator_v02.create_prices_table manual__2024-12-06T04:56:43.927065+00:00 [queued]>
[2024-12-06T05:03:42.815+0000] {taskinstance.py:2866} INFO - Starting attempt 2 of 6
[2024-12-06T05:03:42.915+0000] {taskinstance.py:2889} INFO - Executing <Task(PostgresOperator): create_prices_table> on 2024-12-06 04:56:43.927065+00:00
[2024-12-06T05:03:42.938+0000] {warnings.py:112} WARNING - /home/***/.local/lib/python3.12/site-packages/***/task/task_runner/standard_task_runner.py:70: DeprecationWarning: This process (pid=2571) is multi-threaded, use of fork() may lead to deadlocks in the child.
  pid = os.fork()

[2024-12-06T05:03:42.943+0000] {standard_task_runner.py:72} INFO - Started process 2612 to run task
[2024-12-06T05:03:42.952+0000] {standard_task_runner.py:104} INFO - Running: ['***', 'tasks', 'run', 'dag_with_postgres_operator_v02', 'create_prices_table', 'manual__2024-12-06T04:56:43.927065+00:00', '--job-id', '590', '--raw', '--subdir', 'DAGS_FOLDER/dag.py', '--cfg-path', '/tmp/tmpz_qpkc5p']
[2024-12-06T05:03:42.956+0000] {standard_task_runner.py:105} INFO - Job 590: Subtask create_prices_table
[2024-12-06T05:03:43.200+0000] {task_command.py:467} INFO - Running <TaskInstance: dag_with_postgres_operator_v02.create_prices_table manual__2024-12-06T04:56:43.927065+00:00 [running]> on host 9ed27289a118
[2024-12-06T05:03:43.680+0000] {taskinstance.py:3132} INFO - Exporting env vars: AIRFLOW_CTX_DAG_OWNER='coder2j' AIRFLOW_CTX_DAG_ID='dag_with_postgres_operator_v02' AIRFLOW_CTX_TASK_ID='create_prices_table' AIRFLOW_CTX_EXECUTION_DATE='2024-12-06T04:56:43.927065+00:00' AIRFLOW_CTX_TRY_NUMBER='2' AIRFLOW_CTX_DAG_RUN_ID='manual__2024-12-06T04:56:43.927065+00:00'
[2024-12-06T05:03:43.686+0000] {logging_mixin.py:190} INFO - Task instance is in running state
[2024-12-06T05:03:43.690+0000] {logging_mixin.py:190} INFO -  Previous state of the Task instance: queued
[2024-12-06T05:03:43.698+0000] {logging_mixin.py:190} INFO - Current task name:create_prices_table state:running start_date:2024-12-06 05:03:42.767699+00:00
[2024-12-06T05:03:43.721+0000] {logging_mixin.py:190} INFO - Dag name:dag_with_postgres_operator_v02 and current dag run status:running
[2024-12-06T05:03:43.730+0000] {taskinstance.py:731} INFO - ::endgroup::
[2024-12-06T05:03:43.748+0000] {sql.py:278} INFO - Executing: 
            CREATE TABLE IF NOT EXISTS Pricees (
                Price SERIAL PRIMARY KEY,
                Year SERIAL NOT NULL,
                Company VARCHAR(255) NOT NULL
            );
        
[2024-12-06T05:03:43.788+0000] {base.py:84} INFO - Retrieving connection 'postgres_localhost'
[2024-12-06T05:03:43.842+0000] {base.py:84} INFO - Retrieving connection 'postgres_localhost'
[2024-12-06T05:03:43.856+0000] {sql.py:544} INFO - Running statement: 
            CREATE TABLE IF NOT EXISTS Pricees (
                Price SERIAL PRIMARY KEY,
                Year SERIAL NOT NULL,
                Company VARCHAR(255) NOT NULL
            );
        , parameters: None
[2024-12-06T05:03:43.930+0000] {taskinstance.py:340} INFO - ::group::Post task execution logs
[2024-12-06T05:03:43.931+0000] {taskinstance.py:352} INFO - Marking task as SUCCESS. dag_id=dag_with_postgres_operator_v02, task_id=create_prices_table, run_id=manual__2024-12-06T04:56:43.927065+00:00, execution_date=20241206T045643, start_date=20241206T050342, end_date=20241206T050343
[2024-12-06T05:03:43.974+0000] {logging_mixin.py:190} INFO - Task instance in success state
[2024-12-06T05:03:43.982+0000] {logging_mixin.py:190} INFO -  Previous state of the Task instance: running
[2024-12-06T05:03:43.987+0000] {logging_mixin.py:190} INFO - Dag name:dag_with_postgres_operator_v02 queued_at:2024-12-06 04:56:44.175593+00:00
[2024-12-06T05:03:43.993+0000] {logging_mixin.py:190} INFO - Task hostname:9ed27289a118 operator:PostgresOperator
[2024-12-06T05:03:44.088+0000] {local_task_job_runner.py:266} INFO - Task exited with return code 0
[2024-12-06T05:03:44.183+0000] {taskinstance.py:3895} INFO - 1 downstream tasks scheduled from follow-on schedule check
[2024-12-06T05:03:44.198+0000] {local_task_job_runner.py:245} INFO - ::endgroup::
