[2025-01-08T02:19:45.400+0000] {local_task_job_runner.py:123} INFO - ::group::Pre task execution logs
[2025-01-08T02:19:45.419+0000] {taskinstance.py:2613} INFO - Dependencies all met for dep_context=non-requeueable deps ti=<TaskInstance: dag_with_postgres_operator_v02.create_noncurr_table manual__2025-01-08T02:19:12.605178+00:00 [queued]>
[2025-01-08T02:19:45.430+0000] {taskinstance.py:2613} INFO - Dependencies all met for dep_context=requeueable deps ti=<TaskInstance: dag_with_postgres_operator_v02.create_noncurr_table manual__2025-01-08T02:19:12.605178+00:00 [queued]>
[2025-01-08T02:19:45.431+0000] {taskinstance.py:2866} INFO - Starting attempt 1 of 6
[2025-01-08T02:19:45.446+0000] {taskinstance.py:2889} INFO - Executing <Task(PostgresOperator): create_noncurr_table> on 2025-01-08 02:19:12.605178+00:00
[2025-01-08T02:19:45.459+0000] {logging_mixin.py:190} WARNING - /home/***/.local/lib/python3.12/site-packages/***/task/task_runner/standard_task_runner.py:70 DeprecationWarning: This process (pid=16442) is multi-threaded, use of fork() may lead to deadlocks in the child.
[2025-01-08T02:19:45.459+0000] {standard_task_runner.py:104} INFO - Running: ['***', 'tasks', 'run', 'dag_with_postgres_operator_v02', 'create_noncurr_table', 'manual__2025-01-08T02:19:12.605178+00:00', '--job-id', '749', '--raw', '--subdir', 'DAGS_FOLDER/dag.py', '--cfg-path', '/tmp/tmp0atkpl7b']
[2025-01-08T02:19:45.460+0000] {standard_task_runner.py:72} INFO - Started process 16485 to run task
[2025-01-08T02:19:45.460+0000] {standard_task_runner.py:105} INFO - Job 749: Subtask create_noncurr_table
[2025-01-08T02:19:45.558+0000] {task_command.py:467} INFO - Running <TaskInstance: dag_with_postgres_operator_v02.create_noncurr_table manual__2025-01-08T02:19:12.605178+00:00 [running]> on host ec6dd3d48f26
[2025-01-08T02:19:45.683+0000] {taskinstance.py:3132} INFO - Exporting env vars: AIRFLOW_CTX_DAG_OWNER='coder2j' AIRFLOW_CTX_DAG_ID='dag_with_postgres_operator_v02' AIRFLOW_CTX_TASK_ID='create_noncurr_table' AIRFLOW_CTX_EXECUTION_DATE='2025-01-08T02:19:12.605178+00:00' AIRFLOW_CTX_TRY_NUMBER='1' AIRFLOW_CTX_DAG_RUN_ID='manual__2025-01-08T02:19:12.605178+00:00'
[2025-01-08T02:19:45.685+0000] {logging_mixin.py:190} INFO - Task instance is in running state
[2025-01-08T02:19:45.686+0000] {logging_mixin.py:190} INFO -  Previous state of the Task instance: queued
[2025-01-08T02:19:45.687+0000] {logging_mixin.py:190} INFO - Current task name:create_noncurr_table state:running start_date:2025-01-08 02:19:45.420592+00:00
[2025-01-08T02:19:45.687+0000] {logging_mixin.py:190} INFO - Dag name:dag_with_postgres_operator_v02 and current dag run status:running
[2025-01-08T02:19:45.688+0000] {taskinstance.py:731} INFO - ::endgroup::
[2025-01-08T02:19:45.689+0000] {sql.py:278} INFO - Executing: 
            CREATE TABLE IF NOT EXISTS NonCurr (
                PPE DECIMAL PRIMARY KEY,
                Intangibles DECIMAL NOT NULL,
                Investments DECIMAL NOT NULL,
                OtherNonCurrentAssets DECIMAL NOT NULL,
                Company VARCHAR(255) NOT NULL
            );
        
[2025-01-08T02:19:45.701+0000] {base.py:84} INFO - Retrieving connection 'postgres_localhost'
[2025-01-08T02:19:45.712+0000] {base.py:84} INFO - Retrieving connection 'postgres_localhost'
[2025-01-08T02:19:45.716+0000] {sql.py:544} INFO - Running statement: 
            CREATE TABLE IF NOT EXISTS NonCurr (
                PPE DECIMAL PRIMARY KEY,
                Intangibles DECIMAL NOT NULL,
                Investments DECIMAL NOT NULL,
                OtherNonCurrentAssets DECIMAL NOT NULL,
                Company VARCHAR(255) NOT NULL
            );
        , parameters: None
[2025-01-08T02:19:45.730+0000] {taskinstance.py:340} INFO - ::group::Post task execution logs
[2025-01-08T02:19:45.731+0000] {taskinstance.py:352} INFO - Marking task as SUCCESS. dag_id=dag_with_postgres_operator_v02, task_id=create_noncurr_table, run_id=manual__2025-01-08T02:19:12.605178+00:00, execution_date=20250108T021912, start_date=20250108T021945, end_date=20250108T021945
[2025-01-08T02:19:45.742+0000] {logging_mixin.py:190} INFO - Task instance in success state
[2025-01-08T02:19:45.743+0000] {logging_mixin.py:190} INFO -  Previous state of the Task instance: running
[2025-01-08T02:19:45.743+0000] {logging_mixin.py:190} INFO - Dag name:dag_with_postgres_operator_v02 queued_at:2025-01-08 02:19:12.637288+00:00
[2025-01-08T02:19:45.744+0000] {logging_mixin.py:190} INFO - Task hostname:ec6dd3d48f26 operator:PostgresOperator
[2025-01-08T02:19:45.757+0000] {local_task_job_runner.py:266} INFO - Task exited with return code 0
[2025-01-08T02:19:45.807+0000] {taskinstance.py:3895} INFO - 1 downstream tasks scheduled from follow-on schedule check
[2025-01-08T02:19:45.810+0000] {local_task_job_runner.py:245} INFO - ::endgroup::
