[2025-01-08T02:46:47.578+0000] {local_task_job_runner.py:123} INFO - ::group::Pre task execution logs
[2025-01-08T02:46:47.590+0000] {taskinstance.py:2613} INFO - Dependencies all met for dep_context=non-requeueable deps ti=<TaskInstance: dag_with_postgres_operator_v02.create_curr_table manual__2025-01-08T02:46:37.243913+00:00 [queued]>
[2025-01-08T02:46:47.598+0000] {taskinstance.py:2613} INFO - Dependencies all met for dep_context=requeueable deps ti=<TaskInstance: dag_with_postgres_operator_v02.create_curr_table manual__2025-01-08T02:46:37.243913+00:00 [queued]>
[2025-01-08T02:46:47.598+0000] {taskinstance.py:2866} INFO - Starting attempt 1 of 6
[2025-01-08T02:46:47.610+0000] {taskinstance.py:2889} INFO - Executing <Task(PostgresOperator): create_curr_table> on 2025-01-08 02:46:37.243913+00:00
[2025-01-08T02:46:47.620+0000] {logging_mixin.py:190} WARNING - /home/***/.local/lib/python3.12/site-packages/***/task/task_runner/standard_task_runner.py:70 DeprecationWarning: This process (pid=32278) is multi-threaded, use of fork() may lead to deadlocks in the child.
[2025-01-08T02:46:47.619+0000] {standard_task_runner.py:104} INFO - Running: ['***', 'tasks', 'run', 'dag_with_postgres_operator_v02', 'create_curr_table', 'manual__2025-01-08T02:46:37.243913+00:00', '--job-id', '822', '--raw', '--subdir', 'DAGS_FOLDER/dag.py', '--cfg-path', '/tmp/tmpclqrjmnb']
[2025-01-08T02:46:47.621+0000] {standard_task_runner.py:72} INFO - Started process 32279 to run task
[2025-01-08T02:46:47.621+0000] {standard_task_runner.py:105} INFO - Job 822: Subtask create_curr_table
[2025-01-08T02:46:47.661+0000] {task_command.py:467} INFO - Running <TaskInstance: dag_with_postgres_operator_v02.create_curr_table manual__2025-01-08T02:46:37.243913+00:00 [running]> on host ec6dd3d48f26
[2025-01-08T02:46:47.721+0000] {taskinstance.py:3132} INFO - Exporting env vars: AIRFLOW_CTX_DAG_OWNER='coder2j' AIRFLOW_CTX_DAG_ID='dag_with_postgres_operator_v02' AIRFLOW_CTX_TASK_ID='create_curr_table' AIRFLOW_CTX_EXECUTION_DATE='2025-01-08T02:46:37.243913+00:00' AIRFLOW_CTX_TRY_NUMBER='1' AIRFLOW_CTX_DAG_RUN_ID='manual__2025-01-08T02:46:37.243913+00:00'
[2025-01-08T02:46:47.723+0000] {logging_mixin.py:190} INFO - Task instance is in running state
[2025-01-08T02:46:47.723+0000] {logging_mixin.py:190} INFO -  Previous state of the Task instance: queued
[2025-01-08T02:46:47.724+0000] {logging_mixin.py:190} INFO - Current task name:create_curr_table state:running start_date:2025-01-08 02:46:47.591832+00:00
[2025-01-08T02:46:47.725+0000] {logging_mixin.py:190} INFO - Dag name:dag_with_postgres_operator_v02 and current dag run status:running
[2025-01-08T02:46:47.725+0000] {taskinstance.py:731} INFO - ::endgroup::
[2025-01-08T02:46:47.726+0000] {sql.py:278} INFO - Executing: 
            CREATE TABLE IF NOT EXISTS Curr (
                ShortTerm DECIMAL PRIMARY KEY,
                Receivables DECIMAL NOT NULL,
                Inventory DECIMAL NOT NULL,
                HedgingAssetsCurrently DECIMAL NOT NULL,
                OtherCurrentAssets DECIMAL NOT NULL,
                Company VARCHAR(255) NOT NULL
            );
        
[2025-01-08T02:46:47.734+0000] {base.py:84} INFO - Retrieving connection 'postgres_localhost'
[2025-01-08T02:46:47.744+0000] {base.py:84} INFO - Retrieving connection 'postgres_localhost'
[2025-01-08T02:46:47.748+0000] {sql.py:544} INFO - Running statement: 
            CREATE TABLE IF NOT EXISTS Curr (
                ShortTerm DECIMAL PRIMARY KEY,
                Receivables DECIMAL NOT NULL,
                Inventory DECIMAL NOT NULL,
                HedgingAssetsCurrently DECIMAL NOT NULL,
                OtherCurrentAssets DECIMAL NOT NULL,
                Company VARCHAR(255) NOT NULL
            );
        , parameters: None
[2025-01-08T02:46:47.758+0000] {taskinstance.py:340} INFO - ::group::Post task execution logs
[2025-01-08T02:46:47.759+0000] {taskinstance.py:352} INFO - Marking task as SUCCESS. dag_id=dag_with_postgres_operator_v02, task_id=create_curr_table, run_id=manual__2025-01-08T02:46:37.243913+00:00, execution_date=20250108T024637, start_date=20250108T024647, end_date=20250108T024647
[2025-01-08T02:46:47.768+0000] {logging_mixin.py:190} INFO - Task instance in success state
[2025-01-08T02:46:47.769+0000] {logging_mixin.py:190} INFO -  Previous state of the Task instance: running
[2025-01-08T02:46:47.769+0000] {logging_mixin.py:190} INFO - Dag name:dag_with_postgres_operator_v02 queued_at:2025-01-08 02:46:37.254149+00:00
[2025-01-08T02:46:47.770+0000] {logging_mixin.py:190} INFO - Task hostname:ec6dd3d48f26 operator:PostgresOperator
[2025-01-08T02:46:47.797+0000] {local_task_job_runner.py:266} INFO - Task exited with return code 0
[2025-01-08T02:46:47.821+0000] {taskinstance.py:3895} INFO - 1 downstream tasks scheduled from follow-on schedule check
[2025-01-08T02:46:47.824+0000] {local_task_job_runner.py:245} INFO - ::endgroup::
