[2025-01-08T01:57:46.228+0000] {local_task_job_runner.py:123} INFO - ::group::Pre task execution logs
[2025-01-08T01:57:46.245+0000] {taskinstance.py:2613} INFO - Dependencies all met for dep_context=non-requeueable deps ti=<TaskInstance: dag_with_postgres_operator_v02.create_curr_table manual__2025-01-08T01:57:22.741560+00:00 [queued]>
[2025-01-08T01:57:46.254+0000] {taskinstance.py:2613} INFO - Dependencies all met for dep_context=requeueable deps ti=<TaskInstance: dag_with_postgres_operator_v02.create_curr_table manual__2025-01-08T01:57:22.741560+00:00 [queued]>
[2025-01-08T01:57:46.255+0000] {taskinstance.py:2866} INFO - Starting attempt 1 of 6
[2025-01-08T01:57:46.273+0000] {taskinstance.py:2889} INFO - Executing <Task(PostgresOperator): create_curr_table> on 2025-01-08 01:57:22.741560+00:00
[2025-01-08T01:57:46.287+0000] {logging_mixin.py:190} WARNING - /home/***/.local/lib/python3.12/site-packages/***/task/task_runner/standard_task_runner.py:70 DeprecationWarning: This process (pid=3649) is multi-threaded, use of fork() may lead to deadlocks in the child.
[2025-01-08T01:57:46.286+0000] {standard_task_runner.py:104} INFO - Running: ['***', 'tasks', 'run', 'dag_with_postgres_operator_v02', 'create_curr_table', 'manual__2025-01-08T01:57:22.741560+00:00', '--job-id', '711', '--raw', '--subdir', 'DAGS_FOLDER/dag.py', '--cfg-path', '/tmp/tmpydx4yi08']
[2025-01-08T01:57:46.288+0000] {standard_task_runner.py:72} INFO - Started process 3653 to run task
[2025-01-08T01:57:46.288+0000] {standard_task_runner.py:105} INFO - Job 711: Subtask create_curr_table
[2025-01-08T01:57:46.333+0000] {task_command.py:467} INFO - Running <TaskInstance: dag_with_postgres_operator_v02.create_curr_table manual__2025-01-08T01:57:22.741560+00:00 [running]> on host ec6dd3d48f26
[2025-01-08T01:57:46.414+0000] {taskinstance.py:3132} INFO - Exporting env vars: AIRFLOW_CTX_DAG_OWNER='coder2j' AIRFLOW_CTX_DAG_ID='dag_with_postgres_operator_v02' AIRFLOW_CTX_TASK_ID='create_curr_table' AIRFLOW_CTX_EXECUTION_DATE='2025-01-08T01:57:22.741560+00:00' AIRFLOW_CTX_TRY_NUMBER='1' AIRFLOW_CTX_DAG_RUN_ID='manual__2025-01-08T01:57:22.741560+00:00'
[2025-01-08T01:57:46.416+0000] {logging_mixin.py:190} INFO - Task instance is in running state
[2025-01-08T01:57:46.416+0000] {logging_mixin.py:190} INFO -  Previous state of the Task instance: queued
[2025-01-08T01:57:46.417+0000] {logging_mixin.py:190} INFO - Current task name:create_curr_table state:running start_date:2025-01-08 01:57:46.246717+00:00
[2025-01-08T01:57:46.417+0000] {logging_mixin.py:190} INFO - Dag name:dag_with_postgres_operator_v02 and current dag run status:running
[2025-01-08T01:57:46.417+0000] {taskinstance.py:731} INFO - ::endgroup::
[2025-01-08T01:57:46.418+0000] {sql.py:278} INFO - Executing: 
            CREATE TABLE IF NOT EXISTS Curr (
                ShortTerm DECIMAL PRIMARY KEY,
                Receivables DECIMAL NOT NULL,
                Inventory DECIMAL NOT NULL,
                HedgingAssetsCurrently DECIMAL NOT NULL,
                OtherCurrentAssets DECIMAL NOT NULL,
                Company VARCHAR(255) NOT NULL
            );
        
[2025-01-08T01:57:46.426+0000] {base.py:84} INFO - Retrieving connection 'postgres_localhost'
[2025-01-08T01:57:46.435+0000] {base.py:84} INFO - Retrieving connection 'postgres_localhost'
[2025-01-08T01:57:46.438+0000] {sql.py:544} INFO - Running statement: 
            CREATE TABLE IF NOT EXISTS Curr (
                ShortTerm DECIMAL PRIMARY KEY,
                Receivables DECIMAL NOT NULL,
                Inventory DECIMAL NOT NULL,
                HedgingAssetsCurrently DECIMAL NOT NULL,
                OtherCurrentAssets DECIMAL NOT NULL,
                Company VARCHAR(255) NOT NULL
            );
        , parameters: None
[2025-01-08T01:57:46.447+0000] {taskinstance.py:340} INFO - ::group::Post task execution logs
[2025-01-08T01:57:46.448+0000] {taskinstance.py:352} INFO - Marking task as SUCCESS. dag_id=dag_with_postgres_operator_v02, task_id=create_curr_table, run_id=manual__2025-01-08T01:57:22.741560+00:00, execution_date=20250108T015722, start_date=20250108T015746, end_date=20250108T015746
[2025-01-08T01:57:46.457+0000] {logging_mixin.py:190} INFO - Task instance in success state
[2025-01-08T01:57:46.458+0000] {logging_mixin.py:190} INFO -  Previous state of the Task instance: running
[2025-01-08T01:57:46.458+0000] {logging_mixin.py:190} INFO - Dag name:dag_with_postgres_operator_v02 queued_at:2025-01-08 01:57:22.791217+00:00
[2025-01-08T01:57:46.458+0000] {logging_mixin.py:190} INFO - Task hostname:ec6dd3d48f26 operator:PostgresOperator
[2025-01-08T01:57:46.504+0000] {local_task_job_runner.py:266} INFO - Task exited with return code 0
[2025-01-08T01:57:46.531+0000] {taskinstance.py:3895} INFO - 1 downstream tasks scheduled from follow-on schedule check
[2025-01-08T01:57:46.533+0000] {local_task_job_runner.py:245} INFO - ::endgroup::
