[2025-01-08T02:46:31.805+0000] {local_task_job_runner.py:123} INFO - ::group::Pre task execution logs
[2025-01-08T02:46:31.827+0000] {taskinstance.py:2613} INFO - Dependencies all met for dep_context=non-requeueable deps ti=<TaskInstance: dag_with_postgres_operator_v02.create_prices_table manual__2025-01-08T02:46:29.637599+00:00 [queued]>
[2025-01-08T02:46:31.838+0000] {taskinstance.py:2613} INFO - Dependencies all met for dep_context=requeueable deps ti=<TaskInstance: dag_with_postgres_operator_v02.create_prices_table manual__2025-01-08T02:46:29.637599+00:00 [queued]>
[2025-01-08T02:46:31.838+0000] {taskinstance.py:2866} INFO - Starting attempt 1 of 6
[2025-01-08T02:46:31.858+0000] {taskinstance.py:2889} INFO - Executing <Task(PostgresOperator): create_prices_table> on 2025-01-08 02:46:29.637599+00:00
[2025-01-08T02:46:31.878+0000] {logging_mixin.py:190} WARNING - /home/***/.local/lib/python3.12/site-packages/***/task/task_runner/standard_task_runner.py:70 DeprecationWarning: This process (pid=32048) is multi-threaded, use of fork() may lead to deadlocks in the child.
[2025-01-08T02:46:31.881+0000] {standard_task_runner.py:72} INFO - Started process 32070 to run task
[2025-01-08T02:46:31.874+0000] {standard_task_runner.py:104} INFO - Running: ['***', 'tasks', 'run', 'dag_with_postgres_operator_v02', 'create_prices_table', 'manual__2025-01-08T02:46:29.637599+00:00', '--job-id', '803', '--raw', '--subdir', 'DAGS_FOLDER/dag.py', '--cfg-path', '/tmp/tmpyb5v45xv']
[2025-01-08T02:46:31.890+0000] {standard_task_runner.py:105} INFO - Job 803: Subtask create_prices_table
[2025-01-08T02:46:31.995+0000] {task_command.py:467} INFO - Running <TaskInstance: dag_with_postgres_operator_v02.create_prices_table manual__2025-01-08T02:46:29.637599+00:00 [running]> on host ec6dd3d48f26
[2025-01-08T02:46:32.130+0000] {taskinstance.py:3132} INFO - Exporting env vars: AIRFLOW_CTX_DAG_OWNER='coder2j' AIRFLOW_CTX_DAG_ID='dag_with_postgres_operator_v02' AIRFLOW_CTX_TASK_ID='create_prices_table' AIRFLOW_CTX_EXECUTION_DATE='2025-01-08T02:46:29.637599+00:00' AIRFLOW_CTX_TRY_NUMBER='1' AIRFLOW_CTX_DAG_RUN_ID='manual__2025-01-08T02:46:29.637599+00:00'
[2025-01-08T02:46:32.144+0000] {logging_mixin.py:190} INFO - Task instance is in running state
[2025-01-08T02:46:32.146+0000] {logging_mixin.py:190} INFO -  Previous state of the Task instance: queued
[2025-01-08T02:46:32.147+0000] {logging_mixin.py:190} INFO - Current task name:create_prices_table state:running start_date:2025-01-08 02:46:31.828655+00:00
[2025-01-08T02:46:32.148+0000] {logging_mixin.py:190} INFO - Dag name:dag_with_postgres_operator_v02 and current dag run status:running
[2025-01-08T02:46:32.160+0000] {taskinstance.py:731} INFO - ::endgroup::
[2025-01-08T02:46:32.161+0000] {sql.py:278} INFO - Executing: 
            CREATE TABLE IF NOT EXISTS Pricees (
                Price SERIAL PRIMARY KEY,
                Year SERIAL NOT NULL,
                Company VARCHAR(255) NOT NULL
            );
        
[2025-01-08T02:46:32.184+0000] {base.py:84} INFO - Retrieving connection 'postgres_localhost'
[2025-01-08T02:46:32.202+0000] {base.py:84} INFO - Retrieving connection 'postgres_localhost'
[2025-01-08T02:46:32.216+0000] {sql.py:544} INFO - Running statement: 
            CREATE TABLE IF NOT EXISTS Pricees (
                Price SERIAL PRIMARY KEY,
                Year SERIAL NOT NULL,
                Company VARCHAR(255) NOT NULL
            );
        , parameters: None
[2025-01-08T02:46:32.245+0000] {taskinstance.py:340} INFO - ::group::Post task execution logs
[2025-01-08T02:46:32.246+0000] {taskinstance.py:352} INFO - Marking task as SUCCESS. dag_id=dag_with_postgres_operator_v02, task_id=create_prices_table, run_id=manual__2025-01-08T02:46:29.637599+00:00, execution_date=20250108T024629, start_date=20250108T024631, end_date=20250108T024632
[2025-01-08T02:46:32.289+0000] {logging_mixin.py:190} INFO - Task instance in success state
[2025-01-08T02:46:32.290+0000] {logging_mixin.py:190} INFO -  Previous state of the Task instance: running
[2025-01-08T02:46:32.290+0000] {logging_mixin.py:190} INFO - Dag name:dag_with_postgres_operator_v02 queued_at:2025-01-08 02:46:29.679679+00:00
[2025-01-08T02:46:32.292+0000] {logging_mixin.py:190} INFO - Task hostname:ec6dd3d48f26 operator:PostgresOperator
[2025-01-08T02:46:32.343+0000] {local_task_job_runner.py:266} INFO - Task exited with return code 0
[2025-01-08T02:46:32.386+0000] {local_task_job_runner.py:245} INFO - ::endgroup::
