[2025-01-08T02:40:53.405+0000] {local_task_job_runner.py:123} INFO - ::group::Pre task execution logs
[2025-01-08T02:40:53.419+0000] {taskinstance.py:2613} INFO - Dependencies all met for dep_context=non-requeueable deps ti=<TaskInstance: dag_with_postgres_operator_v02.create_noncurr_table manual__2025-01-08T02:40:39.845385+00:00 [queued]>
[2025-01-08T02:40:53.428+0000] {taskinstance.py:2613} INFO - Dependencies all met for dep_context=requeueable deps ti=<TaskInstance: dag_with_postgres_operator_v02.create_noncurr_table manual__2025-01-08T02:40:39.845385+00:00 [queued]>
[2025-01-08T02:40:53.429+0000] {taskinstance.py:2866} INFO - Starting attempt 1 of 6
[2025-01-08T02:40:53.441+0000] {taskinstance.py:2889} INFO - Executing <Task(PostgresOperator): create_noncurr_table> on 2025-01-08 02:40:39.845385+00:00
[2025-01-08T02:40:53.450+0000] {logging_mixin.py:190} WARNING - /home/***/.local/lib/python3.12/site-packages/***/task/task_runner/standard_task_runner.py:70 DeprecationWarning: This process (pid=28714) is multi-threaded, use of fork() may lead to deadlocks in the child.
[2025-01-08T02:40:53.450+0000] {standard_task_runner.py:104} INFO - Running: ['***', 'tasks', 'run', 'dag_with_postgres_operator_v02', 'create_noncurr_table', 'manual__2025-01-08T02:40:39.845385+00:00', '--job-id', '775', '--raw', '--subdir', 'DAGS_FOLDER/dag.py', '--cfg-path', '/tmp/tmpk5ini8ym']
[2025-01-08T02:40:53.451+0000] {standard_task_runner.py:72} INFO - Started process 28715 to run task
[2025-01-08T02:40:53.452+0000] {standard_task_runner.py:105} INFO - Job 775: Subtask create_noncurr_table
[2025-01-08T02:40:53.502+0000] {task_command.py:467} INFO - Running <TaskInstance: dag_with_postgres_operator_v02.create_noncurr_table manual__2025-01-08T02:40:39.845385+00:00 [running]> on host ec6dd3d48f26
[2025-01-08T02:40:53.601+0000] {taskinstance.py:3132} INFO - Exporting env vars: AIRFLOW_CTX_DAG_OWNER='coder2j' AIRFLOW_CTX_DAG_ID='dag_with_postgres_operator_v02' AIRFLOW_CTX_TASK_ID='create_noncurr_table' AIRFLOW_CTX_EXECUTION_DATE='2025-01-08T02:40:39.845385+00:00' AIRFLOW_CTX_TRY_NUMBER='1' AIRFLOW_CTX_DAG_RUN_ID='manual__2025-01-08T02:40:39.845385+00:00'
[2025-01-08T02:40:53.602+0000] {logging_mixin.py:190} INFO - Task instance is in running state
[2025-01-08T02:40:53.603+0000] {logging_mixin.py:190} INFO -  Previous state of the Task instance: queued
[2025-01-08T02:40:53.604+0000] {logging_mixin.py:190} INFO - Current task name:create_noncurr_table state:running start_date:2025-01-08 02:40:53.420205+00:00
[2025-01-08T02:40:53.604+0000] {logging_mixin.py:190} INFO - Dag name:dag_with_postgres_operator_v02 and current dag run status:running
[2025-01-08T02:40:53.604+0000] {taskinstance.py:731} INFO - ::endgroup::
[2025-01-08T02:40:53.605+0000] {sql.py:278} INFO - Executing: 
            CREATE TABLE IF NOT EXISTS NonCurr (
                PPE DECIMAL PRIMARY KEY,
                Intangibles DECIMAL NOT NULL,
                Investments DECIMAL NOT NULL,
                OtherNonCurrentAssets DECIMAL NOT NULL,
                Company VARCHAR(255) NOT NULL
            );
        
[2025-01-08T02:40:53.613+0000] {base.py:84} INFO - Retrieving connection 'postgres_localhost'
[2025-01-08T02:40:53.621+0000] {base.py:84} INFO - Retrieving connection 'postgres_localhost'
[2025-01-08T02:40:53.624+0000] {sql.py:544} INFO - Running statement: 
            CREATE TABLE IF NOT EXISTS NonCurr (
                PPE DECIMAL PRIMARY KEY,
                Intangibles DECIMAL NOT NULL,
                Investments DECIMAL NOT NULL,
                OtherNonCurrentAssets DECIMAL NOT NULL,
                Company VARCHAR(255) NOT NULL
            );
        , parameters: None
[2025-01-08T02:40:53.632+0000] {taskinstance.py:340} INFO - ::group::Post task execution logs
[2025-01-08T02:40:53.633+0000] {taskinstance.py:352} INFO - Marking task as SUCCESS. dag_id=dag_with_postgres_operator_v02, task_id=create_noncurr_table, run_id=manual__2025-01-08T02:40:39.845385+00:00, execution_date=20250108T024039, start_date=20250108T024053, end_date=20250108T024053
[2025-01-08T02:40:53.642+0000] {logging_mixin.py:190} INFO - Task instance in success state
[2025-01-08T02:40:53.643+0000] {logging_mixin.py:190} INFO -  Previous state of the Task instance: running
[2025-01-08T02:40:53.643+0000] {logging_mixin.py:190} INFO - Dag name:dag_with_postgres_operator_v02 queued_at:2025-01-08 02:40:39.939975+00:00
[2025-01-08T02:40:53.644+0000] {logging_mixin.py:190} INFO - Task hostname:ec6dd3d48f26 operator:PostgresOperator
[2025-01-08T02:40:53.667+0000] {local_task_job_runner.py:266} INFO - Task exited with return code 0
[2025-01-08T02:40:53.711+0000] {taskinstance.py:3895} INFO - 1 downstream tasks scheduled from follow-on schedule check
[2025-01-08T02:40:53.719+0000] {local_task_job_runner.py:245} INFO - ::endgroup::
