[2024-12-06T05:03:42.941+0000] {local_task_job_runner.py:123} INFO - ::group::Pre task execution logs
[2024-12-06T05:03:43.057+0000] {taskinstance.py:2613} INFO - Dependencies all met for dep_context=non-requeueable deps ti=<TaskInstance: dag_with_postgres_operator_v02.insert_into_prices_table manual__2024-12-06T04:56:43.927065+00:00 [queued]>
[2024-12-06T05:03:43.077+0000] {taskinstance.py:2613} INFO - Dependencies all met for dep_context=requeueable deps ti=<TaskInstance: dag_with_postgres_operator_v02.insert_into_prices_table manual__2024-12-06T04:56:43.927065+00:00 [queued]>
[2024-12-06T05:03:43.078+0000] {taskinstance.py:2866} INFO - Starting attempt 2 of 6
[2024-12-06T05:03:43.128+0000] {taskinstance.py:2889} INFO - Executing <Task(PostgresOperator): insert_into_prices_table> on 2024-12-06 04:56:43.927065+00:00
[2024-12-06T05:03:43.157+0000] {warnings.py:112} WARNING - /home/***/.local/lib/python3.12/site-packages/***/task/task_runner/standard_task_runner.py:70: DeprecationWarning: This process (pid=2570) is multi-threaded, use of fork() may lead to deadlocks in the child.
  pid = os.fork()

[2024-12-06T05:03:43.163+0000] {standard_task_runner.py:72} INFO - Started process 2614 to run task
[2024-12-06T05:03:43.175+0000] {standard_task_runner.py:104} INFO - Running: ['***', 'tasks', 'run', 'dag_with_postgres_operator_v02', 'insert_into_prices_table', 'manual__2024-12-06T04:56:43.927065+00:00', '--job-id', '591', '--raw', '--subdir', 'DAGS_FOLDER/dag.py', '--cfg-path', '/tmp/tmpbf8w7w90']
[2024-12-06T05:03:43.190+0000] {standard_task_runner.py:105} INFO - Job 591: Subtask insert_into_prices_table
[2024-12-06T05:03:43.399+0000] {task_command.py:467} INFO - Running <TaskInstance: dag_with_postgres_operator_v02.insert_into_prices_table manual__2024-12-06T04:56:43.927065+00:00 [running]> on host 9ed27289a118
[2024-12-06T05:03:43.859+0000] {taskinstance.py:3132} INFO - Exporting env vars: AIRFLOW_CTX_DAG_OWNER='coder2j' AIRFLOW_CTX_DAG_ID='dag_with_postgres_operator_v02' AIRFLOW_CTX_TASK_ID='insert_into_prices_table' AIRFLOW_CTX_EXECUTION_DATE='2024-12-06T04:56:43.927065+00:00' AIRFLOW_CTX_TRY_NUMBER='2' AIRFLOW_CTX_DAG_RUN_ID='manual__2024-12-06T04:56:43.927065+00:00'
[2024-12-06T05:03:43.869+0000] {logging_mixin.py:190} INFO - Task instance is in running state
[2024-12-06T05:03:43.870+0000] {logging_mixin.py:190} INFO -  Previous state of the Task instance: queued
[2024-12-06T05:03:43.871+0000] {logging_mixin.py:190} INFO - Current task name:insert_into_prices_table state:running start_date:2024-12-06 05:03:43.060502+00:00
[2024-12-06T05:03:43.872+0000] {logging_mixin.py:190} INFO - Dag name:dag_with_postgres_operator_v02 and current dag run status:running
[2024-12-06T05:03:43.873+0000] {taskinstance.py:731} INFO - ::endgroup::
[2024-12-06T05:03:43.873+0000] {sql.py:278} INFO - Executing: 
            INSERT INTO Pricees (Price, Year, Company)
            VALUES
                (41.167, 2014, 'Microsoft'),
                (38.765, 2015, 'Microsoft'),
                (49.549, 2016, 'Microsoft'),
                (66.172, 2017, 'Microsoft'),
                (94.660, 2018, 'Microsoft'),
                (124.150, 2019, 'Microsoft'),
                (186.04, 2020, 'Microsoft'),
                (268.531, 2021, 'Microsoft'),
                (263.749, 2022, 'Microsoft'),
                (311.033, 2023, 'Microsoft'),
                (417.528, 2024, 'Microsoft');

        
[2024-12-06T05:03:43.960+0000] {base.py:84} INFO - Retrieving connection 'postgres_localhost'
[2024-12-06T05:03:44.009+0000] {base.py:84} INFO - Retrieving connection 'postgres_localhost'
[2024-12-06T05:03:44.069+0000] {sql.py:544} INFO - Running statement: 
            INSERT INTO Pricees (Price, Year, Company)
            VALUES
                (41.167, 2014, 'Microsoft'),
                (38.765, 2015, 'Microsoft'),
                (49.549, 2016, 'Microsoft'),
                (66.172, 2017, 'Microsoft'),
                (94.660, 2018, 'Microsoft'),
                (124.150, 2019, 'Microsoft'),
                (186.04, 2020, 'Microsoft'),
                (268.531, 2021, 'Microsoft'),
                (263.749, 2022, 'Microsoft'),
                (311.033, 2023, 'Microsoft'),
                (417.528, 2024, 'Microsoft');

        , parameters: None
[2024-12-06T05:03:44.078+0000] {sql.py:553} INFO - Rows affected: 11
[2024-12-06T05:03:44.145+0000] {taskinstance.py:340} INFO - ::group::Post task execution logs
[2024-12-06T05:03:44.147+0000] {taskinstance.py:352} INFO - Marking task as SUCCESS. dag_id=dag_with_postgres_operator_v02, task_id=insert_into_prices_table, run_id=manual__2024-12-06T04:56:43.927065+00:00, execution_date=20241206T045643, start_date=20241206T050343, end_date=20241206T050344
[2024-12-06T05:03:44.239+0000] {logging_mixin.py:190} INFO - Task instance in success state
[2024-12-06T05:03:44.282+0000] {logging_mixin.py:190} INFO -  Previous state of the Task instance: running
[2024-12-06T05:03:44.314+0000] {logging_mixin.py:190} INFO - Dag name:dag_with_postgres_operator_v02 queued_at:2024-12-06 04:56:44.175593+00:00
[2024-12-06T05:03:44.317+0000] {logging_mixin.py:190} INFO - Task hostname:9ed27289a118 operator:PostgresOperator
[2024-12-06T05:03:44.399+0000] {local_task_job_runner.py:266} INFO - Task exited with return code 0
[2024-12-06T05:03:44.554+0000] {taskinstance.py:3895} INFO - 0 downstream tasks scheduled from follow-on schedule check
[2024-12-06T05:03:44.566+0000] {local_task_job_runner.py:245} INFO - ::endgroup::
