[2024-12-06T05:14:16.388+0000] {local_task_job_runner.py:123} INFO - ::group::Pre task execution logs
[2024-12-06T05:14:16.963+0000] {taskinstance.py:2613} INFO - Dependencies all met for dep_context=non-requeueable deps ti=<TaskInstance: dag_with_postgres_operator_v02.insert_into_noncurr_table manual__2024-12-06T05:02:30.153018+00:00 [queued]>
[2024-12-06T05:14:16.987+0000] {taskinstance.py:2613} INFO - Dependencies all met for dep_context=requeueable deps ti=<TaskInstance: dag_with_postgres_operator_v02.insert_into_noncurr_table manual__2024-12-06T05:02:30.153018+00:00 [queued]>
[2024-12-06T05:14:16.988+0000] {taskinstance.py:2866} INFO - Starting attempt 3 of 6
[2024-12-06T05:14:17.021+0000] {taskinstance.py:2889} INFO - Executing <Task(PostgresOperator): insert_into_noncurr_table> on 2024-12-06 05:02:30.153018+00:00
[2024-12-06T05:14:17.037+0000] {warnings.py:112} WARNING - /home/***/.local/lib/python3.12/site-packages/***/task/task_runner/standard_task_runner.py:70: DeprecationWarning: This process (pid=2872) is multi-threaded, use of fork() may lead to deadlocks in the child.
  pid = os.fork()

[2024-12-06T05:14:17.042+0000] {standard_task_runner.py:72} INFO - Started process 2884 to run task
[2024-12-06T05:14:17.044+0000] {standard_task_runner.py:104} INFO - Running: ['***', 'tasks', 'run', 'dag_with_postgres_operator_v02', 'insert_into_noncurr_table', 'manual__2024-12-06T05:02:30.153018+00:00', '--job-id', '628', '--raw', '--subdir', 'DAGS_FOLDER/dag.py', '--cfg-path', '/tmp/tmptf62sjlx']
[2024-12-06T05:14:17.048+0000] {standard_task_runner.py:105} INFO - Job 628: Subtask insert_into_noncurr_table
[2024-12-06T05:14:17.194+0000] {task_command.py:467} INFO - Running <TaskInstance: dag_with_postgres_operator_v02.insert_into_noncurr_table manual__2024-12-06T05:02:30.153018+00:00 [running]> on host 9ed27289a118
[2024-12-06T05:14:17.434+0000] {taskinstance.py:3132} INFO - Exporting env vars: AIRFLOW_CTX_DAG_OWNER='coder2j' AIRFLOW_CTX_DAG_ID='dag_with_postgres_operator_v02' AIRFLOW_CTX_TASK_ID='insert_into_noncurr_table' AIRFLOW_CTX_EXECUTION_DATE='2024-12-06T05:02:30.153018+00:00' AIRFLOW_CTX_TRY_NUMBER='3' AIRFLOW_CTX_DAG_RUN_ID='manual__2024-12-06T05:02:30.153018+00:00'
[2024-12-06T05:14:17.437+0000] {logging_mixin.py:190} INFO - Task instance is in running state
[2024-12-06T05:14:17.438+0000] {logging_mixin.py:190} INFO -  Previous state of the Task instance: queued
[2024-12-06T05:14:17.444+0000] {logging_mixin.py:190} INFO - Current task name:insert_into_noncurr_table state:running start_date:2024-12-06 05:14:16.964439+00:00
[2024-12-06T05:14:17.446+0000] {logging_mixin.py:190} INFO - Dag name:dag_with_postgres_operator_v02 and current dag run status:running
[2024-12-06T05:14:17.450+0000] {taskinstance.py:731} INFO - ::endgroup::
[2024-12-06T05:14:17.452+0000] {sql.py:278} INFO - Executing: 
            INSERT INTO NonCurr (PPE, Intangibles, Investments, OtherNonCurrentAssets, Company)
            VALUES
                (43.9, 41.7, 4.1, 10.3, 'Microsoft');
        
[2024-12-06T05:14:17.479+0000] {base.py:84} INFO - Retrieving connection 'postgres_localhost'
[2024-12-06T05:14:17.554+0000] {base.py:84} INFO - Retrieving connection 'postgres_localhost'
[2024-12-06T05:14:17.567+0000] {sql.py:544} INFO - Running statement: 
            INSERT INTO NonCurr (PPE, Intangibles, Investments, OtherNonCurrentAssets, Company)
            VALUES
                (43.9, 41.7, 4.1, 10.3, 'Microsoft');
        , parameters: None
[2024-12-06T05:14:17.573+0000] {taskinstance.py:3311} ERROR - Task failed with exception
Traceback (most recent call last):
  File "/home/airflow/.local/lib/python3.12/site-packages/airflow/models/taskinstance.py", line 767, in _execute_task
    result = _execute_callable(context=context, **execute_callable_kwargs)
             ^^^^^^^^^^^^^^^^^^^^^^^^^^^^^^^^^^^^^^^^^^^^^^^^^^^^^^^^^^^^^
  File "/home/airflow/.local/lib/python3.12/site-packages/airflow/models/taskinstance.py", line 733, in _execute_callable
    return ExecutionCallableRunner(
           ^^^^^^^^^^^^^^^^^^^^^^^^
  File "/home/airflow/.local/lib/python3.12/site-packages/airflow/utils/operator_helpers.py", line 252, in run
    return self.func(*args, **kwargs)
           ^^^^^^^^^^^^^^^^^^^^^^^^^^
  File "/home/airflow/.local/lib/python3.12/site-packages/airflow/models/baseoperator.py", line 417, in wrapper
    return func(self, *args, **kwargs)
           ^^^^^^^^^^^^^^^^^^^^^^^^^^^
  File "/home/airflow/.local/lib/python3.12/site-packages/airflow/providers/common/sql/operators/sql.py", line 284, in execute
    output = hook.run(
             ^^^^^^^^^
  File "/home/airflow/.local/lib/python3.12/site-packages/airflow/providers/common/sql/hooks/sql.py", line 489, in run
    self._run_command(cur, sql_statement, parameters)
  File "/home/airflow/.local/lib/python3.12/site-packages/airflow/providers/common/sql/hooks/sql.py", line 549, in _run_command
    cur.execute(sql_statement)
psycopg2.errors.UniqueViolation: duplicate key value violates unique constraint "noncurr_pkey"
DETAIL:  Key (ppe)=(43.9) already exists.

[2024-12-06T05:14:17.614+0000] {logging_mixin.py:190} INFO - Task instance in failure state
[2024-12-06T05:14:17.617+0000] {logging_mixin.py:190} INFO - Task start:2024-12-06 05:14:16.964439+00:00 end:2024-12-06 05:14:17.612583+00:00 duration:0.648144
[2024-12-06T05:14:17.619+0000] {logging_mixin.py:190} INFO - Task:<Task(PostgresOperator): insert_into_noncurr_table> dag:<DAG: dag_with_postgres_operator_v02> dagrun:<DagRun dag_with_postgres_operator_v02 @ 2024-12-06 05:02:30.153018+00:00: manual__2024-12-06T05:02:30.153018+00:00, state:running, queued_at: 2024-12-06 05:02:30.432509+00:00. externally triggered: True>
[2024-12-06T05:14:17.620+0000] {logging_mixin.py:190} INFO - Failure caused by duplicate key value violates unique constraint "noncurr_pkey"
DETAIL:  Key (ppe)=(43.9) already exists.
[2024-12-06T05:14:17.620+0000] {taskinstance.py:1225} INFO - Marking task as UP_FOR_RETRY. dag_id=dag_with_postgres_operator_v02, task_id=insert_into_noncurr_table, run_id=manual__2024-12-06T05:02:30.153018+00:00, execution_date=20241206T050230, start_date=20241206T051416, end_date=20241206T051417
[2024-12-06T05:14:17.652+0000] {taskinstance.py:340} INFO - ::group::Post task execution logs
[2024-12-06T05:14:17.654+0000] {standard_task_runner.py:124} ERROR - Failed to execute job 628 for task insert_into_noncurr_table (duplicate key value violates unique constraint "noncurr_pkey"
DETAIL:  Key (ppe)=(43.9) already exists.
; 2884)
Traceback (most recent call last):
  File "/home/airflow/.local/lib/python3.12/site-packages/airflow/task/task_runner/standard_task_runner.py", line 117, in _start_by_fork
    ret = args.func(args, dag=self.dag)
          ^^^^^^^^^^^^^^^^^^^^^^^^^^^^^
  File "/home/airflow/.local/lib/python3.12/site-packages/airflow/cli/cli_config.py", line 49, in command
    return func(*args, **kwargs)
           ^^^^^^^^^^^^^^^^^^^^^
  File "/home/airflow/.local/lib/python3.12/site-packages/airflow/utils/cli.py", line 116, in wrapper
    return f(*args, **kwargs)
           ^^^^^^^^^^^^^^^^^^
  File "/home/airflow/.local/lib/python3.12/site-packages/airflow/cli/commands/task_command.py", line 483, in task_run
    task_return_code = _run_task_by_selected_method(args, _dag, ti)
                       ^^^^^^^^^^^^^^^^^^^^^^^^^^^^^^^^^^^^^^^^^^^^
  File "/home/airflow/.local/lib/python3.12/site-packages/airflow/cli/commands/task_command.py", line 256, in _run_task_by_selected_method
    return _run_raw_task(args, ti)
           ^^^^^^^^^^^^^^^^^^^^^^^
  File "/home/airflow/.local/lib/python3.12/site-packages/airflow/cli/commands/task_command.py", line 341, in _run_raw_task
    return ti._run_raw_task(
           ^^^^^^^^^^^^^^^^^
  File "/home/airflow/.local/lib/python3.12/site-packages/airflow/utils/session.py", line 97, in wrapper
    return func(*args, session=session, **kwargs)
           ^^^^^^^^^^^^^^^^^^^^^^^^^^^^^^^^^^^^^^
  File "/home/airflow/.local/lib/python3.12/site-packages/airflow/models/taskinstance.py", line 3005, in _run_raw_task
    return _run_raw_task(
           ^^^^^^^^^^^^^^
  File "/home/airflow/.local/lib/python3.12/site-packages/airflow/models/taskinstance.py", line 273, in _run_raw_task
    TaskInstance._execute_task_with_callbacks(
  File "/home/airflow/.local/lib/python3.12/site-packages/airflow/models/taskinstance.py", line 3159, in _execute_task_with_callbacks
    result = self._execute_task(context, task_orig)
             ^^^^^^^^^^^^^^^^^^^^^^^^^^^^^^^^^^^^^^
  File "/home/airflow/.local/lib/python3.12/site-packages/airflow/models/taskinstance.py", line 3183, in _execute_task
    return _execute_task(self, context, task_orig)
           ^^^^^^^^^^^^^^^^^^^^^^^^^^^^^^^^^^^^^^^
  File "/home/airflow/.local/lib/python3.12/site-packages/airflow/models/taskinstance.py", line 767, in _execute_task
    result = _execute_callable(context=context, **execute_callable_kwargs)
             ^^^^^^^^^^^^^^^^^^^^^^^^^^^^^^^^^^^^^^^^^^^^^^^^^^^^^^^^^^^^^
  File "/home/airflow/.local/lib/python3.12/site-packages/airflow/models/taskinstance.py", line 733, in _execute_callable
    return ExecutionCallableRunner(
           ^^^^^^^^^^^^^^^^^^^^^^^^
  File "/home/airflow/.local/lib/python3.12/site-packages/airflow/utils/operator_helpers.py", line 252, in run
    return self.func(*args, **kwargs)
           ^^^^^^^^^^^^^^^^^^^^^^^^^^
  File "/home/airflow/.local/lib/python3.12/site-packages/airflow/models/baseoperator.py", line 417, in wrapper
    return func(self, *args, **kwargs)
           ^^^^^^^^^^^^^^^^^^^^^^^^^^^
  File "/home/airflow/.local/lib/python3.12/site-packages/airflow/providers/common/sql/operators/sql.py", line 284, in execute
    output = hook.run(
             ^^^^^^^^^
  File "/home/airflow/.local/lib/python3.12/site-packages/airflow/providers/common/sql/hooks/sql.py", line 489, in run
    self._run_command(cur, sql_statement, parameters)
  File "/home/airflow/.local/lib/python3.12/site-packages/airflow/providers/common/sql/hooks/sql.py", line 549, in _run_command
    cur.execute(sql_statement)
psycopg2.errors.UniqueViolation: duplicate key value violates unique constraint "noncurr_pkey"
DETAIL:  Key (ppe)=(43.9) already exists.

[2024-12-06T05:14:17.684+0000] {local_task_job_runner.py:266} INFO - Task exited with return code 1
[2024-12-06T05:14:17.723+0000] {taskinstance.py:3895} INFO - 0 downstream tasks scheduled from follow-on schedule check
[2024-12-06T05:14:17.727+0000] {local_task_job_runner.py:245} INFO - ::endgroup::
