[2024-12-06T05:03:47.617+0000] {local_task_job_runner.py:123} INFO - ::group::Pre task execution logs
[2024-12-06T05:03:47.888+0000] {taskinstance.py:2613} INFO - Dependencies all met for dep_context=non-requeueable deps ti=<TaskInstance: dag_with_postgres_operator_v02.create_stacked_table manual__2024-12-06T05:02:30.153018+00:00 [queued]>
[2024-12-06T05:03:47.908+0000] {taskinstance.py:2613} INFO - Dependencies all met for dep_context=requeueable deps ti=<TaskInstance: dag_with_postgres_operator_v02.create_stacked_table manual__2024-12-06T05:02:30.153018+00:00 [queued]>
[2024-12-06T05:03:47.910+0000] {taskinstance.py:2866} INFO - Starting attempt 1 of 6
[2024-12-06T05:03:47.944+0000] {taskinstance.py:2889} INFO - Executing <Task(PostgresOperator): create_stacked_table> on 2024-12-06 05:02:30.153018+00:00
[2024-12-06T05:03:47.964+0000] {warnings.py:112} WARNING - /home/***/.local/lib/python3.12/site-packages/***/task/task_runner/standard_task_runner.py:70: DeprecationWarning: This process (pid=2604) is multi-threaded, use of fork() may lead to deadlocks in the child.
  pid = os.fork()

[2024-12-06T05:03:47.967+0000] {standard_task_runner.py:72} INFO - Started process 2626 to run task
[2024-12-06T05:03:47.974+0000] {standard_task_runner.py:104} INFO - Running: ['***', 'tasks', 'run', 'dag_with_postgres_operator_v02', 'create_stacked_table', 'manual__2024-12-06T05:02:30.153018+00:00', '--job-id', '595', '--raw', '--subdir', 'DAGS_FOLDER/dag.py', '--cfg-path', '/tmp/tmp9odtvf29']
[2024-12-06T05:03:47.986+0000] {standard_task_runner.py:105} INFO - Job 595: Subtask create_stacked_table
[2024-12-06T05:03:48.101+0000] {task_command.py:467} INFO - Running <TaskInstance: dag_with_postgres_operator_v02.create_stacked_table manual__2024-12-06T05:02:30.153018+00:00 [running]> on host 9ed27289a118
[2024-12-06T05:03:48.265+0000] {taskinstance.py:3132} INFO - Exporting env vars: AIRFLOW_CTX_DAG_OWNER='coder2j' AIRFLOW_CTX_DAG_ID='dag_with_postgres_operator_v02' AIRFLOW_CTX_TASK_ID='create_stacked_table' AIRFLOW_CTX_EXECUTION_DATE='2024-12-06T05:02:30.153018+00:00' AIRFLOW_CTX_TRY_NUMBER='1' AIRFLOW_CTX_DAG_RUN_ID='manual__2024-12-06T05:02:30.153018+00:00'
[2024-12-06T05:03:48.268+0000] {logging_mixin.py:190} INFO - Task instance is in running state
[2024-12-06T05:03:48.269+0000] {logging_mixin.py:190} INFO -  Previous state of the Task instance: queued
[2024-12-06T05:03:48.269+0000] {logging_mixin.py:190} INFO - Current task name:create_stacked_table state:running start_date:2024-12-06 05:03:47.889748+00:00
[2024-12-06T05:03:48.270+0000] {logging_mixin.py:190} INFO - Dag name:dag_with_postgres_operator_v02 and current dag run status:running
[2024-12-06T05:03:48.271+0000] {taskinstance.py:731} INFO - ::endgroup::
[2024-12-06T05:03:48.272+0000] {sql.py:278} INFO - Executing: 
            CREATE TABLE IF NOT EXISTS Stacked (
                CostofRevenue BIGSERIAL PRIMARY KEY,
                Year VARCHAR(4) NOT NULL,
                OperatingExpense BIGSERIAL NOT NULL,
                ResearchandDevelopment BIGSERIAL NOT NULL,
                SGA BIGSERIAL NOT NULL,
                Company VARCHAR(255) NOT NULL
            );
        
[2024-12-06T05:03:48.286+0000] {base.py:84} INFO - Retrieving connection 'postgres_localhost'
[2024-12-06T05:03:48.302+0000] {base.py:84} INFO - Retrieving connection 'postgres_localhost'
[2024-12-06T05:03:48.309+0000] {sql.py:544} INFO - Running statement: 
            CREATE TABLE IF NOT EXISTS Stacked (
                CostofRevenue BIGSERIAL PRIMARY KEY,
                Year VARCHAR(4) NOT NULL,
                OperatingExpense BIGSERIAL NOT NULL,
                ResearchandDevelopment BIGSERIAL NOT NULL,
                SGA BIGSERIAL NOT NULL,
                Company VARCHAR(255) NOT NULL
            );
        , parameters: None
[2024-12-06T05:03:48.338+0000] {taskinstance.py:340} INFO - ::group::Post task execution logs
[2024-12-06T05:03:48.339+0000] {taskinstance.py:352} INFO - Marking task as SUCCESS. dag_id=dag_with_postgres_operator_v02, task_id=create_stacked_table, run_id=manual__2024-12-06T05:02:30.153018+00:00, execution_date=20241206T050230, start_date=20241206T050347, end_date=20241206T050348
[2024-12-06T05:03:48.354+0000] {logging_mixin.py:190} INFO - Task instance in success state
[2024-12-06T05:03:48.355+0000] {logging_mixin.py:190} INFO -  Previous state of the Task instance: running
[2024-12-06T05:03:48.356+0000] {logging_mixin.py:190} INFO - Dag name:dag_with_postgres_operator_v02 queued_at:2024-12-06 05:02:30.432509+00:00
[2024-12-06T05:03:48.357+0000] {logging_mixin.py:190} INFO - Task hostname:9ed27289a118 operator:PostgresOperator
[2024-12-06T05:03:48.394+0000] {local_task_job_runner.py:266} INFO - Task exited with return code 0
[2024-12-06T05:03:48.438+0000] {taskinstance.py:3895} INFO - 1 downstream tasks scheduled from follow-on schedule check
[2024-12-06T05:03:48.441+0000] {local_task_job_runner.py:245} INFO - ::endgroup::
