[2024-12-14T21:15:01.950+0000] {local_task_job_runner.py:123} INFO - ::group::Pre task execution logs
[2024-12-14T21:15:02.023+0000] {taskinstance.py:2613} INFO - Dependencies all met for dep_context=non-requeueable deps ti=<TaskInstance: dag_with_postgres_operator_v02.create_prices_table manual__2024-12-14T21:14:55.193725+00:00 [queued]>
[2024-12-14T21:15:02.050+0000] {taskinstance.py:2613} INFO - Dependencies all met for dep_context=requeueable deps ti=<TaskInstance: dag_with_postgres_operator_v02.create_prices_table manual__2024-12-14T21:14:55.193725+00:00 [queued]>
[2024-12-14T21:15:02.051+0000] {taskinstance.py:2866} INFO - Starting attempt 1 of 6
[2024-12-14T21:15:02.095+0000] {taskinstance.py:2889} INFO - Executing <Task(PostgresOperator): create_prices_table> on 2024-12-14 21:14:55.193725+00:00
[2024-12-14T21:15:02.229+0000] {standard_task_runner.py:104} INFO - Running: ['***', 'tasks', 'run', 'dag_with_postgres_operator_v02', 'create_prices_table', 'manual__2024-12-14T21:14:55.193725+00:00', '--job-id', '657', '--raw', '--subdir', 'DAGS_FOLDER/dag.py', '--cfg-path', '/tmp/tmpjus6493z']
[2024-12-14T21:15:02.222+0000] {logging_mixin.py:190} WARNING - /home/***/.local/lib/python3.12/site-packages/***/task/task_runner/standard_task_runner.py:70 DeprecationWarning: This process (pid=67829) is multi-threaded, use of fork() may lead to deadlocks in the child.
[2024-12-14T21:15:02.241+0000] {standard_task_runner.py:72} INFO - Started process 67846 to run task
[2024-12-14T21:15:02.235+0000] {standard_task_runner.py:105} INFO - Job 657: Subtask create_prices_table
[2024-12-14T21:15:03.264+0000] {task_command.py:467} INFO - Running <TaskInstance: dag_with_postgres_operator_v02.create_prices_table manual__2024-12-14T21:14:55.193725+00:00 [running]> on host d51333bf6d42
[2024-12-14T21:15:03.712+0000] {taskinstance.py:3132} INFO - Exporting env vars: AIRFLOW_CTX_DAG_OWNER='coder2j' AIRFLOW_CTX_DAG_ID='dag_with_postgres_operator_v02' AIRFLOW_CTX_TASK_ID='create_prices_table' AIRFLOW_CTX_EXECUTION_DATE='2024-12-14T21:14:55.193725+00:00' AIRFLOW_CTX_TRY_NUMBER='1' AIRFLOW_CTX_DAG_RUN_ID='manual__2024-12-14T21:14:55.193725+00:00'
[2024-12-14T21:15:03.744+0000] {logging_mixin.py:190} INFO - Task instance is in running state
[2024-12-14T21:15:03.745+0000] {logging_mixin.py:190} INFO -  Previous state of the Task instance: queued
[2024-12-14T21:15:03.746+0000] {logging_mixin.py:190} INFO - Current task name:create_prices_table state:running start_date:2024-12-14 21:15:02.027922+00:00
[2024-12-14T21:15:03.747+0000] {logging_mixin.py:190} INFO - Dag name:dag_with_postgres_operator_v02 and current dag run status:running
[2024-12-14T21:15:03.747+0000] {taskinstance.py:731} INFO - ::endgroup::
[2024-12-14T21:15:03.748+0000] {sql.py:278} INFO - Executing: 
            CREATE TABLE IF NOT EXISTS Pricees (
                Price SERIAL PRIMARY KEY,
                Year SERIAL NOT NULL,
                Company VARCHAR(255) NOT NULL
            );
        
[2024-12-14T21:15:03.815+0000] {base.py:84} INFO - Retrieving connection 'postgres_localhost'
[2024-12-14T21:15:03.903+0000] {base.py:84} INFO - Retrieving connection 'postgres_localhost'
[2024-12-14T21:15:03.912+0000] {sql.py:544} INFO - Running statement: 
            CREATE TABLE IF NOT EXISTS Pricees (
                Price SERIAL PRIMARY KEY,
                Year SERIAL NOT NULL,
                Company VARCHAR(255) NOT NULL
            );
        , parameters: None
[2024-12-14T21:15:03.945+0000] {taskinstance.py:340} INFO - ::group::Post task execution logs
[2024-12-14T21:15:03.946+0000] {taskinstance.py:352} INFO - Marking task as SUCCESS. dag_id=dag_with_postgres_operator_v02, task_id=create_prices_table, run_id=manual__2024-12-14T21:14:55.193725+00:00, execution_date=20241214T211455, start_date=20241214T211502, end_date=20241214T211503
[2024-12-14T21:15:03.973+0000] {logging_mixin.py:190} INFO - Task instance in success state
[2024-12-14T21:15:03.977+0000] {logging_mixin.py:190} INFO -  Previous state of the Task instance: running
[2024-12-14T21:15:03.982+0000] {logging_mixin.py:190} INFO - Dag name:dag_with_postgres_operator_v02 queued_at:2024-12-14 21:14:55.445339+00:00
[2024-12-14T21:15:03.983+0000] {logging_mixin.py:190} INFO - Task hostname:d51333bf6d42 operator:PostgresOperator
[2024-12-14T21:15:04.039+0000] {local_task_job_runner.py:266} INFO - Task exited with return code 0
[2024-12-14T21:15:04.054+0000] {local_task_job_runner.py:245} INFO - ::endgroup::
