[2024-12-06T05:03:51.458+0000] {local_task_job_runner.py:123} INFO - ::group::Pre task execution logs
[2024-12-06T05:03:51.656+0000] {taskinstance.py:2613} INFO - Dependencies all met for dep_context=non-requeueable deps ti=<TaskInstance: dag_with_postgres_operator_v02.create_ratio_table manual__2024-12-06T05:02:30.153018+00:00 [queued]>
[2024-12-06T05:03:51.669+0000] {taskinstance.py:2613} INFO - Dependencies all met for dep_context=requeueable deps ti=<TaskInstance: dag_with_postgres_operator_v02.create_ratio_table manual__2024-12-06T05:02:30.153018+00:00 [queued]>
[2024-12-06T05:03:51.670+0000] {taskinstance.py:2866} INFO - Starting attempt 1 of 6
[2024-12-06T05:03:51.689+0000] {taskinstance.py:2889} INFO - Executing <Task(PostgresOperator): create_ratio_table> on 2024-12-06 05:02:30.153018+00:00
[2024-12-06T05:03:51.700+0000] {warnings.py:112} WARNING - /home/***/.local/lib/python3.12/site-packages/***/task/task_runner/standard_task_runner.py:70: DeprecationWarning: This process (pid=2628) is multi-threaded, use of fork() may lead to deadlocks in the child.
  pid = os.fork()

[2024-12-06T05:03:51.703+0000] {standard_task_runner.py:72} INFO - Started process 2634 to run task
[2024-12-06T05:03:51.703+0000] {standard_task_runner.py:104} INFO - Running: ['***', 'tasks', 'run', 'dag_with_postgres_operator_v02', 'create_ratio_table', 'manual__2024-12-06T05:02:30.153018+00:00', '--job-id', '597', '--raw', '--subdir', 'DAGS_FOLDER/dag.py', '--cfg-path', '/tmp/tmppiv05qpx']
[2024-12-06T05:03:51.704+0000] {standard_task_runner.py:105} INFO - Job 597: Subtask create_ratio_table
[2024-12-06T05:03:51.775+0000] {task_command.py:467} INFO - Running <TaskInstance: dag_with_postgres_operator_v02.create_ratio_table manual__2024-12-06T05:02:30.153018+00:00 [running]> on host 9ed27289a118
[2024-12-06T05:03:51.881+0000] {taskinstance.py:3132} INFO - Exporting env vars: AIRFLOW_CTX_DAG_OWNER='coder2j' AIRFLOW_CTX_DAG_ID='dag_with_postgres_operator_v02' AIRFLOW_CTX_TASK_ID='create_ratio_table' AIRFLOW_CTX_EXECUTION_DATE='2024-12-06T05:02:30.153018+00:00' AIRFLOW_CTX_TRY_NUMBER='1' AIRFLOW_CTX_DAG_RUN_ID='manual__2024-12-06T05:02:30.153018+00:00'
[2024-12-06T05:03:51.883+0000] {logging_mixin.py:190} INFO - Task instance is in running state
[2024-12-06T05:03:51.884+0000] {logging_mixin.py:190} INFO -  Previous state of the Task instance: queued
[2024-12-06T05:03:51.884+0000] {logging_mixin.py:190} INFO - Current task name:create_ratio_table state:running start_date:2024-12-06 05:03:51.656854+00:00
[2024-12-06T05:03:51.885+0000] {logging_mixin.py:190} INFO - Dag name:dag_with_postgres_operator_v02 and current dag run status:running
[2024-12-06T05:03:51.885+0000] {taskinstance.py:731} INFO - ::endgroup::
[2024-12-06T05:03:51.886+0000] {sql.py:278} INFO - Executing: 
            CREATE TABLE IF NOT EXISTS Ratio (
                PayoutRatio DECIMAL PRIMARY KEY,
                ForwardPE DECIMAL NOT NULL,
                TrailingPE DECIMAL NOT NULL,
                ShortRatio DECIMAL NOT NULL,
                QuickRatio DECIMAL NOT NULL,
                CurrentRatio DECIMAL NOT NULL,
                PegRatio DECIMAL NOT NULL,
                Company VARCHAR(255) NOT NULL
            );
        
[2024-12-06T05:03:51.897+0000] {base.py:84} INFO - Retrieving connection 'postgres_localhost'
[2024-12-06T05:03:51.909+0000] {base.py:84} INFO - Retrieving connection 'postgres_localhost'
[2024-12-06T05:03:51.914+0000] {sql.py:544} INFO - Running statement: 
            CREATE TABLE IF NOT EXISTS Ratio (
                PayoutRatio DECIMAL PRIMARY KEY,
                ForwardPE DECIMAL NOT NULL,
                TrailingPE DECIMAL NOT NULL,
                ShortRatio DECIMAL NOT NULL,
                QuickRatio DECIMAL NOT NULL,
                CurrentRatio DECIMAL NOT NULL,
                PegRatio DECIMAL NOT NULL,
                Company VARCHAR(255) NOT NULL
            );
        , parameters: None
[2024-12-06T05:03:51.941+0000] {taskinstance.py:340} INFO - ::group::Post task execution logs
[2024-12-06T05:03:51.942+0000] {taskinstance.py:352} INFO - Marking task as SUCCESS. dag_id=dag_with_postgres_operator_v02, task_id=create_ratio_table, run_id=manual__2024-12-06T05:02:30.153018+00:00, execution_date=20241206T050230, start_date=20241206T050351, end_date=20241206T050351
[2024-12-06T05:03:51.955+0000] {logging_mixin.py:190} INFO - Task instance in success state
[2024-12-06T05:03:51.956+0000] {logging_mixin.py:190} INFO -  Previous state of the Task instance: running
[2024-12-06T05:03:51.957+0000] {logging_mixin.py:190} INFO - Dag name:dag_with_postgres_operator_v02 queued_at:2024-12-06 05:02:30.432509+00:00
[2024-12-06T05:03:51.957+0000] {logging_mixin.py:190} INFO - Task hostname:9ed27289a118 operator:PostgresOperator
[2024-12-06T05:03:51.999+0000] {local_task_job_runner.py:266} INFO - Task exited with return code 0
[2024-12-06T05:03:52.040+0000] {taskinstance.py:3895} INFO - 1 downstream tasks scheduled from follow-on schedule check
[2024-12-06T05:03:52.043+0000] {local_task_job_runner.py:245} INFO - ::endgroup::
