[2025-01-08T02:19:47.340+0000] {local_task_job_runner.py:123} INFO - ::group::Pre task execution logs
[2025-01-08T02:19:47.358+0000] {taskinstance.py:2613} INFO - Dependencies all met for dep_context=non-requeueable deps ti=<TaskInstance: dag_with_postgres_operator_v02.create_flow_table manual__2025-01-08T02:19:12.605178+00:00 [queued]>
[2025-01-08T02:19:47.368+0000] {taskinstance.py:2613} INFO - Dependencies all met for dep_context=requeueable deps ti=<TaskInstance: dag_with_postgres_operator_v02.create_flow_table manual__2025-01-08T02:19:12.605178+00:00 [queued]>
[2025-01-08T02:19:47.369+0000] {taskinstance.py:2866} INFO - Starting attempt 1 of 6
[2025-01-08T02:19:47.387+0000] {taskinstance.py:2889} INFO - Executing <Task(PostgresOperator): create_flow_table> on 2025-01-08 02:19:12.605178+00:00
[2025-01-08T02:19:47.399+0000] {standard_task_runner.py:104} INFO - Running: ['***', 'tasks', 'run', 'dag_with_postgres_operator_v02', 'create_flow_table', 'manual__2025-01-08T02:19:12.605178+00:00', '--job-id', '750', '--raw', '--subdir', 'DAGS_FOLDER/dag.py', '--cfg-path', '/tmp/tmpu036oirf']
[2025-01-08T02:19:47.399+0000] {logging_mixin.py:190} WARNING - /home/***/.local/lib/python3.12/site-packages/***/task/task_runner/standard_task_runner.py:70 DeprecationWarning: This process (pid=16489) is multi-threaded, use of fork() may lead to deadlocks in the child.
[2025-01-08T02:19:47.401+0000] {standard_task_runner.py:105} INFO - Job 750: Subtask create_flow_table
[2025-01-08T02:19:47.401+0000] {standard_task_runner.py:72} INFO - Started process 16490 to run task
[2025-01-08T02:19:47.449+0000] {task_command.py:467} INFO - Running <TaskInstance: dag_with_postgres_operator_v02.create_flow_table manual__2025-01-08T02:19:12.605178+00:00 [running]> on host ec6dd3d48f26
[2025-01-08T02:19:47.533+0000] {taskinstance.py:3132} INFO - Exporting env vars: AIRFLOW_CTX_DAG_OWNER='coder2j' AIRFLOW_CTX_DAG_ID='dag_with_postgres_operator_v02' AIRFLOW_CTX_TASK_ID='create_flow_table' AIRFLOW_CTX_EXECUTION_DATE='2025-01-08T02:19:12.605178+00:00' AIRFLOW_CTX_TRY_NUMBER='1' AIRFLOW_CTX_DAG_RUN_ID='manual__2025-01-08T02:19:12.605178+00:00'
[2025-01-08T02:19:47.535+0000] {logging_mixin.py:190} INFO - Task instance is in running state
[2025-01-08T02:19:47.536+0000] {logging_mixin.py:190} INFO -  Previous state of the Task instance: queued
[2025-01-08T02:19:47.536+0000] {logging_mixin.py:190} INFO - Current task name:create_flow_table state:running start_date:2025-01-08 02:19:47.359314+00:00
[2025-01-08T02:19:47.537+0000] {logging_mixin.py:190} INFO - Dag name:dag_with_postgres_operator_v02 and current dag run status:running
[2025-01-08T02:19:47.537+0000] {taskinstance.py:731} INFO - ::endgroup::
[2025-01-08T02:19:47.538+0000] {sql.py:278} INFO - Executing: 
            CREATE TABLE IF NOT EXISTS Flow (
                FreeCashFlow NUMERIC(15,1)  PRIMARY KEY,
                CapitalExpenditure NUMERIC(15,1) NOT NULL,
                Year VARCHAR(4) NOT NULL,
                Company VARCHAR(4) NOT NULL
            );
        
[2025-01-08T02:19:47.545+0000] {base.py:84} INFO - Retrieving connection 'postgres_localhost'
[2025-01-08T02:19:47.554+0000] {base.py:84} INFO - Retrieving connection 'postgres_localhost'
[2025-01-08T02:19:47.558+0000] {sql.py:544} INFO - Running statement: 
            CREATE TABLE IF NOT EXISTS Flow (
                FreeCashFlow NUMERIC(15,1)  PRIMARY KEY,
                CapitalExpenditure NUMERIC(15,1) NOT NULL,
                Year VARCHAR(4) NOT NULL,
                Company VARCHAR(4) NOT NULL
            );
        , parameters: None
[2025-01-08T02:19:47.567+0000] {taskinstance.py:340} INFO - ::group::Post task execution logs
[2025-01-08T02:19:47.568+0000] {taskinstance.py:352} INFO - Marking task as SUCCESS. dag_id=dag_with_postgres_operator_v02, task_id=create_flow_table, run_id=manual__2025-01-08T02:19:12.605178+00:00, execution_date=20250108T021912, start_date=20250108T021947, end_date=20250108T021947
[2025-01-08T02:19:47.577+0000] {logging_mixin.py:190} INFO - Task instance in success state
[2025-01-08T02:19:47.577+0000] {logging_mixin.py:190} INFO -  Previous state of the Task instance: running
[2025-01-08T02:19:47.578+0000] {logging_mixin.py:190} INFO - Dag name:dag_with_postgres_operator_v02 queued_at:2025-01-08 02:19:12.637288+00:00
[2025-01-08T02:19:47.578+0000] {logging_mixin.py:190} INFO - Task hostname:ec6dd3d48f26 operator:PostgresOperator
[2025-01-08T02:19:47.617+0000] {local_task_job_runner.py:266} INFO - Task exited with return code 0
[2025-01-08T02:19:47.644+0000] {taskinstance.py:3895} INFO - 0 downstream tasks scheduled from follow-on schedule check
[2025-01-08T02:19:47.647+0000] {local_task_job_runner.py:245} INFO - ::endgroup::
